[0.071s] DEBUG:colcon:Command line arguments: ['/usr/bin/colcon', 'build']
[0.071s] DEBUG:colcon:Parsed command line arguments: Namespace(log_base=None, log_level=None, verb_name='build', build_base='build', install_base='install', merge_install=False, symlink_install=False, test_result_base=None, continue_on_error=False, executor='parallel', parallel_workers=24, event_handlers=None, ignore_user_meta=False, metas=['./colcon.meta'], base_paths=['.'], packages_ignore=None, packages_ignore_regex=None, paths=None, packages_up_to=None, packages_up_to_regex=None, packages_above=None, packages_above_and_dependencies=None, packages_above_depth=None, packages_select_by_dep=None, packages_skip_by_dep=None, packages_skip_up_to=None, packages_select_build_failed=False, packages_skip_build_finished=False, packages_select_test_failures=False, packages_skip_test_passed=False, packages_select=None, packages_skip=None, packages_select_regex=None, packages_skip_regex=None, packages_start=None, packages_end=None, allow_overriding=[], cmake_args=None, cmake_target=None, cmake_target_skip_unavailable=False, cmake_clean_cache=False, cmake_clean_first=False, cmake_force_configure=False, ament_cmake_args=None, catkin_cmake_args=None, catkin_skip_building_tests=False, verb_parser=<colcon_defaults.argument_parser.defaults.DefaultArgumentsDecorator object at 0x7691f8447820>, verb_extension=<colcon_core.verb.build.BuildVerb object at 0x7691f8447310>, main=<bound method BuildVerb.main of <colcon_core.verb.build.BuildVerb object at 0x7691f8447310>>)
[0.207s] Level 1:colcon.colcon_core.package_discovery:discover_packages(colcon_meta) check parameters
[0.207s] Level 1:colcon.colcon_core.package_discovery:discover_packages(recursive) check parameters
[0.207s] Level 1:colcon.colcon_core.package_discovery:discover_packages(ignore) check parameters
[0.207s] Level 1:colcon.colcon_core.package_discovery:discover_packages(path) check parameters
[0.208s] Level 1:colcon.colcon_core.package_discovery:discover_packages(colcon_meta) discover
[0.208s] Level 1:colcon.colcon_core.package_discovery:discover_packages(recursive) discover
[0.208s] INFO:colcon.colcon_core.package_discovery:Crawling recursively for packages in '/home/saab/Desktop/microROS_AUV'
[0.208s] Level 1:colcon.colcon_core.package_identification:_identify(.) by extensions ['ignore', 'ignore_ament_install']
[0.208s] Level 1:colcon.colcon_core.package_identification:_identify(.) by extension 'ignore'
[0.208s] Level 1:colcon.colcon_core.package_identification:_identify(.) by extension 'ignore_ament_install'
[0.208s] Level 1:colcon.colcon_core.package_identification:_identify(.) by extensions ['colcon_pkg']
[0.208s] Level 1:colcon.colcon_core.package_identification:_identify(.) by extension 'colcon_pkg'
[0.208s] Level 1:colcon.colcon_core.package_identification:_identify(.) by extensions ['colcon_meta']
[0.208s] Level 1:colcon.colcon_core.package_identification:_identify(.) by extension 'colcon_meta'
[0.208s] Level 1:colcon.colcon_core.package_identification:_identify(.) by extensions ['ros']
[0.208s] Level 1:colcon.colcon_core.package_identification:_identify(.) by extension 'ros'
[0.219s] Level 1:colcon.colcon_core.package_identification:_identify(.) by extensions ['cmake', 'python']
[0.219s] Level 1:colcon.colcon_core.package_identification:_identify(.) by extension 'cmake'
[0.219s] Level 1:colcon.colcon_core.package_identification:_identify(.) by extension 'python'
[0.219s] Level 1:colcon.colcon_core.package_identification:_identify(.) by extensions ['python_setup_py']
[0.219s] Level 1:colcon.colcon_core.package_identification:_identify(.) by extension 'python_setup_py'
[0.219s] Level 1:colcon.colcon_core.package_identification:_identify(build) by extensions ['ignore', 'ignore_ament_install']
[0.219s] Level 1:colcon.colcon_core.package_identification:_identify(build) by extension 'ignore'
[0.219s] Level 1:colcon.colcon_core.package_identification:_identify(build) ignored
[0.219s] Level 1:colcon.colcon_core.package_identification:_identify(install) by extensions ['ignore', 'ignore_ament_install']
[0.219s] Level 1:colcon.colcon_core.package_identification:_identify(install) by extension 'ignore'
[0.219s] Level 1:colcon.colcon_core.package_identification:_identify(install) ignored
[0.219s] Level 1:colcon.colcon_core.package_identification:_identify(log) by extensions ['ignore', 'ignore_ament_install']
[0.219s] Level 1:colcon.colcon_core.package_identification:_identify(log) by extension 'ignore'
[0.219s] Level 1:colcon.colcon_core.package_identification:_identify(log) ignored
[0.220s] Level 1:colcon.colcon_core.package_identification:_identify(microROS_script) by extensions ['ignore', 'ignore_ament_install']
[0.220s] Level 1:colcon.colcon_core.package_identification:_identify(microROS_script) by extension 'ignore'
[0.220s] Level 1:colcon.colcon_core.package_identification:_identify(microROS_script) by extension 'ignore_ament_install'
[0.220s] Level 1:colcon.colcon_core.package_identification:_identify(microROS_script) by extensions ['colcon_pkg']
[0.220s] Level 1:colcon.colcon_core.package_identification:_identify(microROS_script) by extension 'colcon_pkg'
[0.220s] Level 1:colcon.colcon_core.package_identification:_identify(microROS_script) by extensions ['colcon_meta']
[0.220s] Level 1:colcon.colcon_core.package_identification:_identify(microROS_script) by extension 'colcon_meta'
[0.220s] Level 1:colcon.colcon_core.package_identification:_identify(microROS_script) by extensions ['ros']
[0.220s] Level 1:colcon.colcon_core.package_identification:_identify(microROS_script) by extension 'ros'
[0.220s] Level 1:colcon.colcon_core.package_identification:_identify(microROS_script) by extensions ['cmake', 'python']
[0.220s] Level 1:colcon.colcon_core.package_identification:_identify(microROS_script) by extension 'cmake'
[0.220s] Level 1:colcon.colcon_core.package_identification:_identify(microROS_script) by extension 'python'
[0.220s] Level 1:colcon.colcon_core.package_identification:_identify(microROS_script) by extensions ['python_setup_py']
[0.220s] Level 1:colcon.colcon_core.package_identification:_identify(microROS_script) by extension 'python_setup_py'
[0.220s] Level 1:colcon.colcon_core.package_identification:_identify(microROS_script/Thruster_controller_2) by extensions ['ignore', 'ignore_ament_install']
[0.220s] Level 1:colcon.colcon_core.package_identification:_identify(microROS_script/Thruster_controller_2) by extension 'ignore'
[0.220s] Level 1:colcon.colcon_core.package_identification:_identify(microROS_script/Thruster_controller_2) by extension 'ignore_ament_install'
[0.221s] Level 1:colcon.colcon_core.package_identification:_identify(microROS_script/Thruster_controller_2) by extensions ['colcon_pkg']
[0.221s] Level 1:colcon.colcon_core.package_identification:_identify(microROS_script/Thruster_controller_2) by extension 'colcon_pkg'
[0.221s] Level 1:colcon.colcon_core.package_identification:_identify(microROS_script/Thruster_controller_2) by extensions ['colcon_meta']
[0.221s] Level 1:colcon.colcon_core.package_identification:_identify(microROS_script/Thruster_controller_2) by extension 'colcon_meta'
[0.221s] Level 1:colcon.colcon_core.package_identification:_identify(microROS_script/Thruster_controller_2) by extensions ['ros']
[0.221s] Level 1:colcon.colcon_core.package_identification:_identify(microROS_script/Thruster_controller_2) by extension 'ros'
[0.221s] Level 1:colcon.colcon_core.package_identification:_identify(microROS_script/Thruster_controller_2) by extensions ['cmake', 'python']
[0.221s] Level 1:colcon.colcon_core.package_identification:_identify(microROS_script/Thruster_controller_2) by extension 'cmake'
[0.221s] Level 1:colcon.colcon_core.package_identification:_identify(microROS_script/Thruster_controller_2) by extension 'python'
[0.221s] Level 1:colcon.colcon_core.package_identification:_identify(microROS_script/Thruster_controller_2) by extensions ['python_setup_py']
[0.221s] Level 1:colcon.colcon_core.package_identification:_identify(microROS_script/Thruster_controller_2) by extension 'python_setup_py'
[0.221s] Level 1:colcon.colcon_core.package_identification:_identify(src) by extensions ['ignore', 'ignore_ament_install']
[0.221s] Level 1:colcon.colcon_core.package_identification:_identify(src) by extension 'ignore'
[0.221s] Level 1:colcon.colcon_core.package_identification:_identify(src) by extension 'ignore_ament_install'
[0.221s] Level 1:colcon.colcon_core.package_identification:_identify(src) by extensions ['colcon_pkg']
[0.221s] Level 1:colcon.colcon_core.package_identification:_identify(src) by extension 'colcon_pkg'
[0.221s] Level 1:colcon.colcon_core.package_identification:_identify(src) by extensions ['colcon_meta']
[0.221s] Level 1:colcon.colcon_core.package_identification:_identify(src) by extension 'colcon_meta'
[0.221s] Level 1:colcon.colcon_core.package_identification:_identify(src) by extensions ['ros']
[0.221s] Level 1:colcon.colcon_core.package_identification:_identify(src) by extension 'ros'
[0.221s] Level 1:colcon.colcon_core.package_identification:_identify(src) by extensions ['cmake', 'python']
[0.221s] Level 1:colcon.colcon_core.package_identification:_identify(src) by extension 'cmake'
[0.221s] Level 1:colcon.colcon_core.package_identification:_identify(src) by extension 'python'
[0.222s] Level 1:colcon.colcon_core.package_identification:_identify(src) by extensions ['python_setup_py']
[0.222s] Level 1:colcon.colcon_core.package_identification:_identify(src) by extension 'python_setup_py'
[0.222s] Level 1:colcon.colcon_core.package_identification:_identify(src/control_pkg) by extensions ['ignore', 'ignore_ament_install']
[0.222s] Level 1:colcon.colcon_core.package_identification:_identify(src/control_pkg) by extension 'ignore'
[0.222s] Level 1:colcon.colcon_core.package_identification:_identify(src/control_pkg) by extension 'ignore_ament_install'
[0.222s] Level 1:colcon.colcon_core.package_identification:_identify(src/control_pkg) by extensions ['colcon_pkg']
[0.222s] Level 1:colcon.colcon_core.package_identification:_identify(src/control_pkg) by extension 'colcon_pkg'
[0.222s] Level 1:colcon.colcon_core.package_identification:_identify(src/control_pkg) by extensions ['colcon_meta']
[0.222s] Level 1:colcon.colcon_core.package_identification:_identify(src/control_pkg) by extension 'colcon_meta'
[0.222s] Level 1:colcon.colcon_core.package_identification:_identify(src/control_pkg) by extensions ['ros']
[0.222s] Level 1:colcon.colcon_core.package_identification:_identify(src/control_pkg) by extension 'ros'
[0.224s] DEBUG:colcon.colcon_core.package_identification:Package 'src/control_pkg' with type 'ros.ament_python' and name 'control_pkg'
[0.224s] Level 1:colcon.colcon_core.package_identification:_identify(src/custom_interfaces) by extensions ['ignore', 'ignore_ament_install']
[0.224s] Level 1:colcon.colcon_core.package_identification:_identify(src/custom_interfaces) by extension 'ignore'
[0.224s] Level 1:colcon.colcon_core.package_identification:_identify(src/custom_interfaces) by extension 'ignore_ament_install'
[0.224s] Level 1:colcon.colcon_core.package_identification:_identify(src/custom_interfaces) by extensions ['colcon_pkg']
[0.224s] Level 1:colcon.colcon_core.package_identification:_identify(src/custom_interfaces) by extension 'colcon_pkg'
[0.224s] Level 1:colcon.colcon_core.package_identification:_identify(src/custom_interfaces) by extensions ['colcon_meta']
[0.224s] Level 1:colcon.colcon_core.package_identification:_identify(src/custom_interfaces) by extension 'colcon_meta'
[0.225s] Level 1:colcon.colcon_core.package_identification:_identify(src/custom_interfaces) by extensions ['ros']
[0.225s] Level 1:colcon.colcon_core.package_identification:_identify(src/custom_interfaces) by extension 'ros'
[0.225s] DEBUG:colcon.colcon_core.package_identification:Package 'src/custom_interfaces' with type 'ros.ament_cmake' and name 'custom_interfaces'
[0.225s] Level 1:colcon.colcon_core.package_identification:_identify(src/uros) by extensions ['ignore', 'ignore_ament_install']
[0.225s] Level 1:colcon.colcon_core.package_identification:_identify(src/uros) by extension 'ignore'
[0.226s] Level 1:colcon.colcon_core.package_identification:_identify(src/uros) by extension 'ignore_ament_install'
[0.226s] Level 1:colcon.colcon_core.package_identification:_identify(src/uros) by extensions ['colcon_pkg']
[0.226s] Level 1:colcon.colcon_core.package_identification:_identify(src/uros) by extension 'colcon_pkg'
[0.226s] Level 1:colcon.colcon_core.package_identification:_identify(src/uros) by extensions ['colcon_meta']
[0.226s] Level 1:colcon.colcon_core.package_identification:_identify(src/uros) by extension 'colcon_meta'
[0.226s] Level 1:colcon.colcon_core.package_identification:_identify(src/uros) by extensions ['ros']
[0.226s] Level 1:colcon.colcon_core.package_identification:_identify(src/uros) by extension 'ros'
[0.226s] Level 1:colcon.colcon_core.package_identification:_identify(src/uros) by extensions ['cmake', 'python']
[0.226s] Level 1:colcon.colcon_core.package_identification:_identify(src/uros) by extension 'cmake'
[0.226s] Level 1:colcon.colcon_core.package_identification:_identify(src/uros) by extension 'python'
[0.226s] Level 1:colcon.colcon_core.package_identification:_identify(src/uros) by extensions ['python_setup_py']
[0.226s] Level 1:colcon.colcon_core.package_identification:_identify(src/uros) by extension 'python_setup_py'
[0.226s] Level 1:colcon.colcon_core.package_identification:_identify(src/uros/micro-ROS-Agent) by extensions ['ignore', 'ignore_ament_install']
[0.226s] Level 1:colcon.colcon_core.package_identification:_identify(src/uros/micro-ROS-Agent) by extension 'ignore'
[0.226s] Level 1:colcon.colcon_core.package_identification:_identify(src/uros/micro-ROS-Agent) by extension 'ignore_ament_install'
[0.226s] Level 1:colcon.colcon_core.package_identification:_identify(src/uros/micro-ROS-Agent) by extensions ['colcon_pkg']
[0.226s] Level 1:colcon.colcon_core.package_identification:_identify(src/uros/micro-ROS-Agent) by extension 'colcon_pkg'
[0.226s] Level 1:colcon.colcon_core.package_identification:_identify(src/uros/micro-ROS-Agent) by extensions ['colcon_meta']
[0.226s] Level 1:colcon.colcon_core.package_identification:_identify(src/uros/micro-ROS-Agent) by extension 'colcon_meta'
[0.226s] Level 1:colcon.colcon_core.package_identification:_identify(src/uros/micro-ROS-Agent) by extensions ['ros']
[0.226s] Level 1:colcon.colcon_core.package_identification:_identify(src/uros/micro-ROS-Agent) by extension 'ros'
[0.226s] Level 1:colcon.colcon_core.package_identification:_identify(src/uros/micro-ROS-Agent) by extensions ['cmake', 'python']
[0.227s] Level 1:colcon.colcon_core.package_identification:_identify(src/uros/micro-ROS-Agent) by extension 'cmake'
[0.227s] Level 1:colcon.colcon_core.package_identification:_identify(src/uros/micro-ROS-Agent) by extension 'python'
[0.227s] Level 1:colcon.colcon_core.package_identification:_identify(src/uros/micro-ROS-Agent) by extensions ['python_setup_py']
[0.227s] Level 1:colcon.colcon_core.package_identification:_identify(src/uros/micro-ROS-Agent) by extension 'python_setup_py'
[0.227s] Level 1:colcon.colcon_core.package_identification:_identify(src/uros/micro-ROS-Agent/micro_ros_agent) by extensions ['ignore', 'ignore_ament_install']
[0.227s] Level 1:colcon.colcon_core.package_identification:_identify(src/uros/micro-ROS-Agent/micro_ros_agent) by extension 'ignore'
[0.227s] Level 1:colcon.colcon_core.package_identification:_identify(src/uros/micro-ROS-Agent/micro_ros_agent) by extension 'ignore_ament_install'
[0.227s] Level 1:colcon.colcon_core.package_identification:_identify(src/uros/micro-ROS-Agent/micro_ros_agent) by extensions ['colcon_pkg']
[0.227s] Level 1:colcon.colcon_core.package_identification:_identify(src/uros/micro-ROS-Agent/micro_ros_agent) by extension 'colcon_pkg'
[0.227s] Level 1:colcon.colcon_core.package_identification:_identify(src/uros/micro-ROS-Agent/micro_ros_agent) by extensions ['colcon_meta']
[0.227s] Level 1:colcon.colcon_core.package_identification:_identify(src/uros/micro-ROS-Agent/micro_ros_agent) by extension 'colcon_meta'
[0.227s] Level 1:colcon.colcon_core.package_identification:_identify(src/uros/micro-ROS-Agent/micro_ros_agent) by extensions ['ros']
[0.227s] Level 1:colcon.colcon_core.package_identification:_identify(src/uros/micro-ROS-Agent/micro_ros_agent) by extension 'ros'
[0.228s] DEBUG:colcon.colcon_core.package_identification:Package 'src/uros/micro-ROS-Agent/micro_ros_agent' with type 'ros.ament_cmake' and name 'micro_ros_agent'
[0.228s] Level 1:colcon.colcon_core.package_identification:_identify(src/uros/micro-ROS-Agent/snap) by extensions ['ignore', 'ignore_ament_install']
[0.228s] Level 1:colcon.colcon_core.package_identification:_identify(src/uros/micro-ROS-Agent/snap) by extension 'ignore'
[0.228s] Level 1:colcon.colcon_core.package_identification:_identify(src/uros/micro-ROS-Agent/snap) by extension 'ignore_ament_install'
[0.228s] Level 1:colcon.colcon_core.package_identification:_identify(src/uros/micro-ROS-Agent/snap) by extensions ['colcon_pkg']
[0.229s] Level 1:colcon.colcon_core.package_identification:_identify(src/uros/micro-ROS-Agent/snap) by extension 'colcon_pkg'
[0.229s] Level 1:colcon.colcon_core.package_identification:_identify(src/uros/micro-ROS-Agent/snap) by extensions ['colcon_meta']
[0.229s] Level 1:colcon.colcon_core.package_identification:_identify(src/uros/micro-ROS-Agent/snap) by extension 'colcon_meta'
[0.229s] Level 1:colcon.colcon_core.package_identification:_identify(src/uros/micro-ROS-Agent/snap) by extensions ['ros']
[0.229s] Level 1:colcon.colcon_core.package_identification:_identify(src/uros/micro-ROS-Agent/snap) by extension 'ros'
[0.229s] Level 1:colcon.colcon_core.package_identification:_identify(src/uros/micro-ROS-Agent/snap) by extensions ['cmake', 'python']
[0.229s] Level 1:colcon.colcon_core.package_identification:_identify(src/uros/micro-ROS-Agent/snap) by extension 'cmake'
[0.229s] Level 1:colcon.colcon_core.package_identification:_identify(src/uros/micro-ROS-Agent/snap) by extension 'python'
[0.229s] Level 1:colcon.colcon_core.package_identification:_identify(src/uros/micro-ROS-Agent/snap) by extensions ['python_setup_py']
[0.229s] Level 1:colcon.colcon_core.package_identification:_identify(src/uros/micro-ROS-Agent/snap) by extension 'python_setup_py'
[0.229s] Level 1:colcon.colcon_core.package_identification:_identify(src/uros/micro-ROS-Agent/snap/hooks) by extensions ['ignore', 'ignore_ament_install']
[0.229s] Level 1:colcon.colcon_core.package_identification:_identify(src/uros/micro-ROS-Agent/snap/hooks) by extension 'ignore'
[0.229s] Level 1:colcon.colcon_core.package_identification:_identify(src/uros/micro-ROS-Agent/snap/hooks) by extension 'ignore_ament_install'
[0.229s] Level 1:colcon.colcon_core.package_identification:_identify(src/uros/micro-ROS-Agent/snap/hooks) by extensions ['colcon_pkg']
[0.229s] Level 1:colcon.colcon_core.package_identification:_identify(src/uros/micro-ROS-Agent/snap/hooks) by extension 'colcon_pkg'
[0.229s] Level 1:colcon.colcon_core.package_identification:_identify(src/uros/micro-ROS-Agent/snap/hooks) by extensions ['colcon_meta']
[0.229s] Level 1:colcon.colcon_core.package_identification:_identify(src/uros/micro-ROS-Agent/snap/hooks) by extension 'colcon_meta'
[0.229s] Level 1:colcon.colcon_core.package_identification:_identify(src/uros/micro-ROS-Agent/snap/hooks) by extensions ['ros']
[0.229s] Level 1:colcon.colcon_core.package_identification:_identify(src/uros/micro-ROS-Agent/snap/hooks) by extension 'ros'
[0.229s] Level 1:colcon.colcon_core.package_identification:_identify(src/uros/micro-ROS-Agent/snap/hooks) by extensions ['cmake', 'python']
[0.229s] Level 1:colcon.colcon_core.package_identification:_identify(src/uros/micro-ROS-Agent/snap/hooks) by extension 'cmake'
[0.229s] Level 1:colcon.colcon_core.package_identification:_identify(src/uros/micro-ROS-Agent/snap/hooks) by extension 'python'
[0.230s] Level 1:colcon.colcon_core.package_identification:_identify(src/uros/micro-ROS-Agent/snap/hooks) by extensions ['python_setup_py']
[0.230s] Level 1:colcon.colcon_core.package_identification:_identify(src/uros/micro-ROS-Agent/snap/hooks) by extension 'python_setup_py'
[0.230s] Level 1:colcon.colcon_core.package_identification:_identify(src/uros/micro-ROS-Agent/snap/local) by extensions ['ignore', 'ignore_ament_install']
[0.230s] Level 1:colcon.colcon_core.package_identification:_identify(src/uros/micro-ROS-Agent/snap/local) by extension 'ignore'
[0.230s] Level 1:colcon.colcon_core.package_identification:_identify(src/uros/micro-ROS-Agent/snap/local) by extension 'ignore_ament_install'
[0.230s] Level 1:colcon.colcon_core.package_identification:_identify(src/uros/micro-ROS-Agent/snap/local) by extensions ['colcon_pkg']
[0.230s] Level 1:colcon.colcon_core.package_identification:_identify(src/uros/micro-ROS-Agent/snap/local) by extension 'colcon_pkg'
[0.230s] Level 1:colcon.colcon_core.package_identification:_identify(src/uros/micro-ROS-Agent/snap/local) by extensions ['colcon_meta']
[0.230s] Level 1:colcon.colcon_core.package_identification:_identify(src/uros/micro-ROS-Agent/snap/local) by extension 'colcon_meta'
[0.230s] Level 1:colcon.colcon_core.package_identification:_identify(src/uros/micro-ROS-Agent/snap/local) by extensions ['ros']
[0.230s] Level 1:colcon.colcon_core.package_identification:_identify(src/uros/micro-ROS-Agent/snap/local) by extension 'ros'
[0.230s] Level 1:colcon.colcon_core.package_identification:_identify(src/uros/micro-ROS-Agent/snap/local) by extensions ['cmake', 'python']
[0.230s] Level 1:colcon.colcon_core.package_identification:_identify(src/uros/micro-ROS-Agent/snap/local) by extension 'cmake'
[0.230s] Level 1:colcon.colcon_core.package_identification:_identify(src/uros/micro-ROS-Agent/snap/local) by extension 'python'
[0.230s] Level 1:colcon.colcon_core.package_identification:_identify(src/uros/micro-ROS-Agent/snap/local) by extensions ['python_setup_py']
[0.230s] Level 1:colcon.colcon_core.package_identification:_identify(src/uros/micro-ROS-Agent/snap/local) by extension 'python_setup_py'
[0.231s] Level 1:colcon.colcon_core.package_identification:_identify(src/uros/micro_ros_msgs) by extensions ['ignore', 'ignore_ament_install']
[0.231s] Level 1:colcon.colcon_core.package_identification:_identify(src/uros/micro_ros_msgs) by extension 'ignore'
[0.231s] Level 1:colcon.colcon_core.package_identification:_identify(src/uros/micro_ros_msgs) by extension 'ignore_ament_install'
[0.231s] Level 1:colcon.colcon_core.package_identification:_identify(src/uros/micro_ros_msgs) by extensions ['colcon_pkg']
[0.231s] Level 1:colcon.colcon_core.package_identification:_identify(src/uros/micro_ros_msgs) by extension 'colcon_pkg'
[0.231s] Level 1:colcon.colcon_core.package_identification:_identify(src/uros/micro_ros_msgs) by extensions ['colcon_meta']
[0.231s] Level 1:colcon.colcon_core.package_identification:_identify(src/uros/micro_ros_msgs) by extension 'colcon_meta'
[0.231s] Level 1:colcon.colcon_core.package_identification:_identify(src/uros/micro_ros_msgs) by extensions ['ros']
[0.231s] Level 1:colcon.colcon_core.package_identification:_identify(src/uros/micro_ros_msgs) by extension 'ros'
[0.231s] DEBUG:colcon.colcon_core.package_identification:Package 'src/uros/micro_ros_msgs' with type 'ros.ament_cmake' and name 'micro_ros_msgs'
[0.231s] Level 1:colcon.colcon_core.package_discovery:discover_packages(recursive) using defaults
[0.231s] Level 1:colcon.colcon_core.package_discovery:discover_packages(ignore) discover
[0.231s] Level 1:colcon.colcon_core.package_discovery:discover_packages(ignore) using defaults
[0.232s] Level 1:colcon.colcon_core.package_discovery:discover_packages(path) discover
[0.232s] Level 1:colcon.colcon_core.package_discovery:discover_packages(path) using defaults
[0.244s] Level 1:colcon.colcon_core.package_discovery:discover_packages(prefix_path) check parameters
[0.244s] Level 1:colcon.colcon_core.package_discovery:discover_packages(prefix_path) discover
[0.246s] DEBUG:colcon.colcon_installed_package_information.package_discovery:Found 6 installed packages in /home/saab/Desktop/2024_UWR/install
[0.247s] DEBUG:colcon.colcon_installed_package_information.package_discovery:Found 288 installed packages in /opt/ros/humble
[0.248s] Level 1:colcon.colcon_core.package_discovery:discover_packages(prefix_path) using defaults
[0.272s] Level 5:colcon.colcon_core.verb:set package 'control_pkg' build argument 'cmake_args' from command line to 'None'
[0.272s] Level 5:colcon.colcon_core.verb:set package 'control_pkg' build argument 'cmake_target' from command line to 'None'
[0.272s] Level 5:colcon.colcon_core.verb:set package 'control_pkg' build argument 'cmake_target_skip_unavailable' from command line to 'False'
[0.272s] Level 5:colcon.colcon_core.verb:set package 'control_pkg' build argument 'cmake_clean_cache' from command line to 'False'
[0.272s] Level 5:colcon.colcon_core.verb:set package 'control_pkg' build argument 'cmake_clean_first' from command line to 'False'
[0.272s] Level 5:colcon.colcon_core.verb:set package 'control_pkg' build argument 'cmake_force_configure' from command line to 'False'
[0.272s] Level 5:colcon.colcon_core.verb:set package 'control_pkg' build argument 'ament_cmake_args' from command line to 'None'
[0.272s] Level 5:colcon.colcon_core.verb:set package 'control_pkg' build argument 'catkin_cmake_args' from command line to 'None'
[0.272s] Level 5:colcon.colcon_core.verb:set package 'control_pkg' build argument 'catkin_skip_building_tests' from command line to 'False'
[0.272s] DEBUG:colcon.colcon_core.verb:Building package 'control_pkg' with the following arguments: {'ament_cmake_args': None, 'build_base': '/home/saab/Desktop/microROS_AUV/build/control_pkg', 'catkin_cmake_args': None, 'catkin_skip_building_tests': False, 'cmake_args': None, 'cmake_clean_cache': False, 'cmake_clean_first': False, 'cmake_force_configure': False, 'cmake_target': None, 'cmake_target_skip_unavailable': False, 'install_base': '/home/saab/Desktop/microROS_AUV/install/control_pkg', 'merge_install': False, 'path': '/home/saab/Desktop/microROS_AUV/src/control_pkg', 'symlink_install': False, 'test_result_base': None}
[0.272s] Level 5:colcon.colcon_core.verb:set package 'custom_interfaces' build argument 'cmake_args' from command line to 'None'
[0.272s] Level 5:colcon.colcon_core.verb:set package 'custom_interfaces' build argument 'cmake_target' from command line to 'None'
[0.272s] Level 5:colcon.colcon_core.verb:set package 'custom_interfaces' build argument 'cmake_target_skip_unavailable' from command line to 'False'
[0.272s] Level 5:colcon.colcon_core.verb:set package 'custom_interfaces' build argument 'cmake_clean_cache' from command line to 'False'
[0.272s] Level 5:colcon.colcon_core.verb:set package 'custom_interfaces' build argument 'cmake_clean_first' from command line to 'False'
[0.272s] Level 5:colcon.colcon_core.verb:set package 'custom_interfaces' build argument 'cmake_force_configure' from command line to 'False'
[0.272s] Level 5:colcon.colcon_core.verb:set package 'custom_interfaces' build argument 'ament_cmake_args' from command line to 'None'
[0.272s] Level 5:colcon.colcon_core.verb:set package 'custom_interfaces' build argument 'catkin_cmake_args' from command line to 'None'
[0.272s] Level 5:colcon.colcon_core.verb:set package 'custom_interfaces' build argument 'catkin_skip_building_tests' from command line to 'False'
[0.273s] DEBUG:colcon.colcon_core.verb:Building package 'custom_interfaces' with the following arguments: {'ament_cmake_args': None, 'build_base': '/home/saab/Desktop/microROS_AUV/build/custom_interfaces', 'catkin_cmake_args': None, 'catkin_skip_building_tests': False, 'cmake_args': None, 'cmake_clean_cache': False, 'cmake_clean_first': False, 'cmake_force_configure': False, 'cmake_target': None, 'cmake_target_skip_unavailable': False, 'install_base': '/home/saab/Desktop/microROS_AUV/install/custom_interfaces', 'merge_install': False, 'path': '/home/saab/Desktop/microROS_AUV/src/custom_interfaces', 'symlink_install': False, 'test_result_base': None}
[0.273s] Level 5:colcon.colcon_core.verb:set package 'micro_ros_msgs' build argument 'cmake_args' from command line to 'None'
[0.273s] Level 5:colcon.colcon_core.verb:set package 'micro_ros_msgs' build argument 'cmake_target' from command line to 'None'
[0.273s] Level 5:colcon.colcon_core.verb:set package 'micro_ros_msgs' build argument 'cmake_target_skip_unavailable' from command line to 'False'
[0.273s] Level 5:colcon.colcon_core.verb:set package 'micro_ros_msgs' build argument 'cmake_clean_cache' from command line to 'False'
[0.273s] Level 5:colcon.colcon_core.verb:set package 'micro_ros_msgs' build argument 'cmake_clean_first' from command line to 'False'
[0.273s] Level 5:colcon.colcon_core.verb:set package 'micro_ros_msgs' build argument 'cmake_force_configure' from command line to 'False'
[0.273s] Level 5:colcon.colcon_core.verb:set package 'micro_ros_msgs' build argument 'ament_cmake_args' from command line to 'None'
[0.273s] Level 5:colcon.colcon_core.verb:set package 'micro_ros_msgs' build argument 'catkin_cmake_args' from command line to 'None'
[0.273s] Level 5:colcon.colcon_core.verb:set package 'micro_ros_msgs' build argument 'catkin_skip_building_tests' from command line to 'False'
[0.273s] DEBUG:colcon.colcon_core.verb:Building package 'micro_ros_msgs' with the following arguments: {'ament_cmake_args': None, 'build_base': '/home/saab/Desktop/microROS_AUV/build/micro_ros_msgs', 'catkin_cmake_args': None, 'catkin_skip_building_tests': False, 'cmake_args': None, 'cmake_clean_cache': False, 'cmake_clean_first': False, 'cmake_force_configure': False, 'cmake_target': None, 'cmake_target_skip_unavailable': False, 'install_base': '/home/saab/Desktop/microROS_AUV/install/micro_ros_msgs', 'merge_install': False, 'path': '/home/saab/Desktop/microROS_AUV/src/uros/micro_ros_msgs', 'symlink_install': False, 'test_result_base': None}
[0.273s] Level 5:colcon.colcon_core.verb:set package 'micro_ros_agent' build argument 'cmake_args' from command line to 'None'
[0.273s] Level 5:colcon.colcon_core.verb:set package 'micro_ros_agent' build argument 'cmake_target' from command line to 'None'
[0.273s] Level 5:colcon.colcon_core.verb:set package 'micro_ros_agent' build argument 'cmake_target_skip_unavailable' from command line to 'False'
[0.273s] Level 5:colcon.colcon_core.verb:set package 'micro_ros_agent' build argument 'cmake_clean_cache' from command line to 'False'
[0.273s] Level 5:colcon.colcon_core.verb:set package 'micro_ros_agent' build argument 'cmake_clean_first' from command line to 'False'
[0.273s] Level 5:colcon.colcon_core.verb:set package 'micro_ros_agent' build argument 'cmake_force_configure' from command line to 'False'
[0.273s] Level 5:colcon.colcon_core.verb:set package 'micro_ros_agent' build argument 'ament_cmake_args' from command line to 'None'
[0.273s] Level 5:colcon.colcon_core.verb:set package 'micro_ros_agent' build argument 'catkin_cmake_args' from command line to 'None'
[0.273s] Level 5:colcon.colcon_core.verb:set package 'micro_ros_agent' build argument 'catkin_skip_building_tests' from command line to 'False'
[0.273s] DEBUG:colcon.colcon_core.verb:Building package 'micro_ros_agent' with the following arguments: {'ament_cmake_args': None, 'build_base': '/home/saab/Desktop/microROS_AUV/build/micro_ros_agent', 'catkin_cmake_args': None, 'catkin_skip_building_tests': False, 'cmake_args': None, 'cmake_clean_cache': False, 'cmake_clean_first': False, 'cmake_force_configure': False, 'cmake_target': None, 'cmake_target_skip_unavailable': False, 'install_base': '/home/saab/Desktop/microROS_AUV/install/micro_ros_agent', 'merge_install': False, 'path': '/home/saab/Desktop/microROS_AUV/src/uros/micro-ROS-Agent/micro_ros_agent', 'symlink_install': False, 'test_result_base': None}
[0.273s] INFO:colcon.colcon_core.executor:Executing jobs using 'parallel' executor
[0.274s] DEBUG:colcon.colcon_parallel_executor.executor.parallel:run_until_complete
[0.274s] INFO:colcon.colcon_ros.task.ament_cmake.build:Building ROS package in '/home/saab/Desktop/microROS_AUV/src/uros/micro_ros_msgs' with build type 'ament_cmake'
[0.274s] INFO:colcon.colcon_cmake.task.cmake.build:Building CMake package in '/home/saab/Desktop/microROS_AUV/src/uros/micro_ros_msgs'
[0.276s] INFO:colcon.colcon_core.plugin_system:Skipping extension 'colcon_core.shell.bat': Not used on non-Windows systems
[0.276s] INFO:colcon.colcon_core.shell:Skip shell extension 'powershell' for command environment: Not usable outside of PowerShell
[0.276s] DEBUG:colcon.colcon_core.shell:Skip shell extension 'dsv' for command environment
[0.279s] INFO:colcon.colcon_ros.task.ament_python.build:Building ROS package in '/home/saab/Desktop/microROS_AUV/src/control_pkg' with build type 'ament_python'
[0.279s] Level 1:colcon.colcon_core.shell:create_environment_hook('control_pkg', 'ament_prefix_path')
[0.279s] INFO:colcon.colcon_core.shell:Creating environment hook '/home/saab/Desktop/microROS_AUV/install/control_pkg/share/control_pkg/hook/ament_prefix_path.ps1'
[0.281s] INFO:colcon.colcon_core.shell:Creating environment descriptor '/home/saab/Desktop/microROS_AUV/install/control_pkg/share/control_pkg/hook/ament_prefix_path.dsv'
[0.281s] INFO:colcon.colcon_core.shell:Creating environment hook '/home/saab/Desktop/microROS_AUV/install/control_pkg/share/control_pkg/hook/ament_prefix_path.sh'
[0.281s] INFO:colcon.colcon_core.shell:Skip shell extension 'powershell' for command environment: Not usable outside of PowerShell
[0.281s] DEBUG:colcon.colcon_core.shell:Skip shell extension 'dsv' for command environment
[0.284s] INFO:colcon.colcon_ros.task.ament_cmake.build:Building ROS package in '/home/saab/Desktop/microROS_AUV/src/custom_interfaces' with build type 'ament_cmake'
[0.284s] INFO:colcon.colcon_cmake.task.cmake.build:Building CMake package in '/home/saab/Desktop/microROS_AUV/src/custom_interfaces'
[0.284s] INFO:colcon.colcon_core.shell:Skip shell extension 'powershell' for command environment: Not usable outside of PowerShell
[0.284s] DEBUG:colcon.colcon_core.shell:Skip shell extension 'dsv' for command environment
[0.292s] DEBUG:colcon.colcon_core.event_handler.log_command:Invoking command in '/home/saab/Desktop/microROS_AUV/build/micro_ros_msgs': CMAKE_PREFIX_PATH=${CMAKE_PREFIX_PATH}:/home/saab/Desktop/2024_UWR/install/sonar_subs:/opt/ros/humble /usr/bin/cmake /home/saab/Desktop/microROS_AUV/src/uros/micro_ros_msgs -DCMAKE_INSTALL_PREFIX=/home/saab/Desktop/microROS_AUV/install/micro_ros_msgs
[0.494s] INFO:colcon.colcon_core.task.python.build:Building Python package in '/home/saab/Desktop/microROS_AUV/src/control_pkg'
[0.494s] INFO:colcon.colcon_core.shell:Skip shell extension 'powershell' for command environment: Not usable outside of PowerShell
[0.494s] DEBUG:colcon.colcon_core.shell:Skip shell extension 'dsv' for command environment
[0.502s] DEBUG:colcon.colcon_core.event_handler.log_command:Invoking command in '/home/saab/Desktop/microROS_AUV/build/custom_interfaces': CMAKE_PREFIX_PATH=${CMAKE_PREFIX_PATH}:/home/saab/Desktop/2024_UWR/install/sonar_subs:/opt/ros/humble /usr/bin/cmake /home/saab/Desktop/microROS_AUV/src/custom_interfaces -DCMAKE_INSTALL_PREFIX=/home/saab/Desktop/microROS_AUV/install/custom_interfaces
[0.766s] DEBUG:colcon.colcon_core.event_handler.log_command:Invoking command in '/home/saab/Desktop/microROS_AUV/build/control_pkg': PYTHONPATH=/home/saab/Desktop/microROS_AUV/build/control_pkg/prefix_override:/usr/lib/python3/dist-packages/colcon_core/task/python/colcon_distutils_commands:/home/saab/Desktop/microROS_AUV/install/control_pkg/lib/python3.10/site-packages:${PYTHONPATH} /usr/bin/python3 -W ignore:setup.py install is deprecated -W ignore:easy_install command is deprecated setup.py develop --uninstall --editable --build-directory /home/saab/Desktop/microROS_AUV/build/control_pkg/build
[1.177s] DEBUG:colcon.colcon_core.event_handler.log_command:Invoked command in '/home/saab/Desktop/microROS_AUV/build/micro_ros_msgs' returned '0': CMAKE_PREFIX_PATH=${CMAKE_PREFIX_PATH}:/home/saab/Desktop/2024_UWR/install/sonar_subs:/opt/ros/humble /usr/bin/cmake /home/saab/Desktop/microROS_AUV/src/uros/micro_ros_msgs -DCMAKE_INSTALL_PREFIX=/home/saab/Desktop/microROS_AUV/install/micro_ros_msgs
[1.178s] DEBUG:colcon.colcon_core.event_handler.log_command:Invoking command in '/home/saab/Desktop/microROS_AUV/build/micro_ros_msgs': CMAKE_PREFIX_PATH=${CMAKE_PREFIX_PATH}:/home/saab/Desktop/2024_UWR/install/sonar_subs:/opt/ros/humble /usr/bin/cmake --build /home/saab/Desktop/microROS_AUV/build/micro_ros_msgs -- -j24 -l24
[1.179s] DEBUG:colcon.colcon_core.event_handler.log_command:Invoked command in '/home/saab/Desktop/microROS_AUV/build/control_pkg' returned '0': PYTHONPATH=/home/saab/Desktop/microROS_AUV/build/control_pkg/prefix_override:/usr/lib/python3/dist-packages/colcon_core/task/python/colcon_distutils_commands:/home/saab/Desktop/microROS_AUV/install/control_pkg/lib/python3.10/site-packages:${PYTHONPATH} /usr/bin/python3 -W ignore:setup.py install is deprecated -W ignore:easy_install command is deprecated setup.py develop --uninstall --editable --build-directory /home/saab/Desktop/microROS_AUV/build/control_pkg/build
[1.180s] DEBUG:colcon.colcon_core.event_handler.log_command:Invoking command in '/home/saab/Desktop/microROS_AUV/src/control_pkg': PYTHONPATH=/home/saab/Desktop/microROS_AUV/build/control_pkg/prefix_override:/usr/lib/python3/dist-packages/colcon_core/task/python/colcon_distutils_commands:/home/saab/Desktop/microROS_AUV/install/control_pkg/lib/python3.10/site-packages:${PYTHONPATH} /usr/bin/python3 -W ignore:setup.py install is deprecated -W ignore:easy_install command is deprecated setup.py egg_info --egg-base ../../build/control_pkg build --build-base /home/saab/Desktop/microROS_AUV/build/control_pkg/build install --record /home/saab/Desktop/microROS_AUV/build/control_pkg/install.log --single-version-externally-managed install_data --force
[1.321s] DEBUG:colcon.colcon_core.event_handler.log_command:Invoked command in '/home/saab/Desktop/microROS_AUV/build/custom_interfaces' returned '0': CMAKE_PREFIX_PATH=${CMAKE_PREFIX_PATH}:/home/saab/Desktop/2024_UWR/install/sonar_subs:/opt/ros/humble /usr/bin/cmake /home/saab/Desktop/microROS_AUV/src/custom_interfaces -DCMAKE_INSTALL_PREFIX=/home/saab/Desktop/microROS_AUV/install/custom_interfaces
[1.322s] DEBUG:colcon.colcon_core.event_handler.log_command:Invoking command in '/home/saab/Desktop/microROS_AUV/build/custom_interfaces': CMAKE_PREFIX_PATH=${CMAKE_PREFIX_PATH}:/home/saab/Desktop/2024_UWR/install/sonar_subs:/opt/ros/humble /usr/bin/cmake --build /home/saab/Desktop/microROS_AUV/build/custom_interfaces -- -j24 -l24
[1.416s] DEBUG:colcon.colcon_core.event_handler.log_command:Invoked command in '/home/saab/Desktop/microROS_AUV/src/control_pkg' returned '0': PYTHONPATH=/home/saab/Desktop/microROS_AUV/build/control_pkg/prefix_override:/usr/lib/python3/dist-packages/colcon_core/task/python/colcon_distutils_commands:/home/saab/Desktop/microROS_AUV/install/control_pkg/lib/python3.10/site-packages:${PYTHONPATH} /usr/bin/python3 -W ignore:setup.py install is deprecated -W ignore:easy_install command is deprecated setup.py egg_info --egg-base ../../build/control_pkg build --build-base /home/saab/Desktop/microROS_AUV/build/control_pkg/build install --record /home/saab/Desktop/microROS_AUV/build/control_pkg/install.log --single-version-externally-managed install_data --force
[1.417s] Level 1:colcon.colcon_core.environment:checking '/home/saab/Desktop/microROS_AUV/install/control_pkg' for CMake module files
[1.417s] Level 1:colcon.colcon_core.environment:checking '/home/saab/Desktop/microROS_AUV/install/control_pkg' for CMake config files
[1.418s] Level 1:colcon.colcon_core.environment:checking '/home/saab/Desktop/microROS_AUV/install/control_pkg/lib'
[1.419s] Level 1:colcon.colcon_core.environment:checking '/home/saab/Desktop/microROS_AUV/install/control_pkg/bin'
[1.419s] Level 1:colcon.colcon_core.environment:checking '/home/saab/Desktop/microROS_AUV/install/control_pkg/lib/pkgconfig/control_pkg.pc'
[1.419s] Level 1:colcon.colcon_core.environment:checking '/home/saab/Desktop/microROS_AUV/install/control_pkg/lib/python3.10/site-packages'
[1.419s] Level 1:colcon.colcon_core.shell:create_environment_hook('control_pkg', 'pythonpath')
[1.419s] INFO:colcon.colcon_core.shell:Creating environment hook '/home/saab/Desktop/microROS_AUV/install/control_pkg/share/control_pkg/hook/pythonpath.ps1'
[1.419s] INFO:colcon.colcon_core.shell:Creating environment descriptor '/home/saab/Desktop/microROS_AUV/install/control_pkg/share/control_pkg/hook/pythonpath.dsv'
[1.420s] INFO:colcon.colcon_core.shell:Creating environment hook '/home/saab/Desktop/microROS_AUV/install/control_pkg/share/control_pkg/hook/pythonpath.sh'
[1.420s] Level 1:colcon.colcon_core.environment:checking '/home/saab/Desktop/microROS_AUV/install/control_pkg/bin'
[1.420s] Level 1:colcon.colcon_core.environment:create_environment_scripts_only(control_pkg)
[1.420s] INFO:colcon.colcon_core.shell:Creating package script '/home/saab/Desktop/microROS_AUV/install/control_pkg/share/control_pkg/package.ps1'
[1.421s] INFO:colcon.colcon_core.shell:Creating package descriptor '/home/saab/Desktop/microROS_AUV/install/control_pkg/share/control_pkg/package.dsv'
[1.421s] INFO:colcon.colcon_core.shell:Creating package script '/home/saab/Desktop/microROS_AUV/install/control_pkg/share/control_pkg/package.sh'
[1.421s] INFO:colcon.colcon_core.shell:Creating package script '/home/saab/Desktop/microROS_AUV/install/control_pkg/share/control_pkg/package.bash'
[1.422s] INFO:colcon.colcon_core.shell:Creating package script '/home/saab/Desktop/microROS_AUV/install/control_pkg/share/control_pkg/package.zsh'
[1.423s] Level 1:colcon.colcon_core.environment:create_file_with_runtime_dependencies(/home/saab/Desktop/microROS_AUV/install/control_pkg/share/colcon-core/packages/control_pkg)
[1.458s] DEBUG:colcon.colcon_core.event_handler.log_command:Invoked command in '/home/saab/Desktop/microROS_AUV/build/micro_ros_msgs' returned '0': CMAKE_PREFIX_PATH=${CMAKE_PREFIX_PATH}:/home/saab/Desktop/2024_UWR/install/sonar_subs:/opt/ros/humble /usr/bin/cmake --build /home/saab/Desktop/microROS_AUV/build/micro_ros_msgs -- -j24 -l24
[1.466s] DEBUG:colcon.colcon_core.event_handler.log_command:Invoking command in '/home/saab/Desktop/microROS_AUV/build/micro_ros_msgs': CMAKE_PREFIX_PATH=${CMAKE_PREFIX_PATH}:/home/saab/Desktop/2024_UWR/install/sonar_subs:/opt/ros/humble /usr/bin/cmake --install /home/saab/Desktop/microROS_AUV/build/micro_ros_msgs
[1.524s] Level 1:colcon.colcon_core.environment:create_environment_scripts_only(micro_ros_msgs)
[1.524s] Level 1:colcon.colcon_core.environment:checking '/home/saab/Desktop/microROS_AUV/install/micro_ros_msgs' for CMake module files
[1.525s] DEBUG:colcon.colcon_core.event_handler.log_command:Invoked command in '/home/saab/Desktop/microROS_AUV/build/micro_ros_msgs' returned '0': CMAKE_PREFIX_PATH=${CMAKE_PREFIX_PATH}:/home/saab/Desktop/2024_UWR/install/sonar_subs:/opt/ros/humble /usr/bin/cmake --install /home/saab/Desktop/microROS_AUV/build/micro_ros_msgs
[1.525s] Level 1:colcon.colcon_core.environment:checking '/home/saab/Desktop/microROS_AUV/install/micro_ros_msgs' for CMake config files
[1.526s] Level 1:colcon.colcon_core.shell:create_environment_hook('micro_ros_msgs', 'cmake_prefix_path')
[1.526s] INFO:colcon.colcon_core.shell:Creating environment hook '/home/saab/Desktop/microROS_AUV/install/micro_ros_msgs/share/micro_ros_msgs/hook/cmake_prefix_path.ps1'
[1.526s] INFO:colcon.colcon_core.shell:Creating environment descriptor '/home/saab/Desktop/microROS_AUV/install/micro_ros_msgs/share/micro_ros_msgs/hook/cmake_prefix_path.dsv'
[1.527s] INFO:colcon.colcon_core.shell:Creating environment hook '/home/saab/Desktop/microROS_AUV/install/micro_ros_msgs/share/micro_ros_msgs/hook/cmake_prefix_path.sh'
[1.527s] Level 1:colcon.colcon_core.environment:checking '/home/saab/Desktop/microROS_AUV/install/micro_ros_msgs/lib'
[1.527s] Level 1:colcon.colcon_core.shell:create_environment_hook('micro_ros_msgs', 'ld_library_path_lib')
[1.527s] INFO:colcon.colcon_core.shell:Creating environment hook '/home/saab/Desktop/microROS_AUV/install/micro_ros_msgs/share/micro_ros_msgs/hook/ld_library_path_lib.ps1'
[1.527s] INFO:colcon.colcon_core.shell:Creating environment descriptor '/home/saab/Desktop/microROS_AUV/install/micro_ros_msgs/share/micro_ros_msgs/hook/ld_library_path_lib.dsv'
[1.528s] INFO:colcon.colcon_core.shell:Creating environment hook '/home/saab/Desktop/microROS_AUV/install/micro_ros_msgs/share/micro_ros_msgs/hook/ld_library_path_lib.sh'
[1.528s] Level 1:colcon.colcon_core.environment:checking '/home/saab/Desktop/microROS_AUV/install/micro_ros_msgs/bin'
[1.528s] Level 1:colcon.colcon_core.environment:checking '/home/saab/Desktop/microROS_AUV/install/micro_ros_msgs/lib/pkgconfig/micro_ros_msgs.pc'
[1.528s] Level 1:colcon.colcon_core.environment:checking '/home/saab/Desktop/microROS_AUV/install/micro_ros_msgs/lib/python3.10/site-packages'
[1.528s] Level 1:colcon.colcon_core.environment:checking '/home/saab/Desktop/microROS_AUV/install/micro_ros_msgs/bin'
[1.528s] INFO:colcon.colcon_core.shell:Creating package script '/home/saab/Desktop/microROS_AUV/install/micro_ros_msgs/share/micro_ros_msgs/package.ps1'
[1.529s] INFO:colcon.colcon_core.shell:Creating package descriptor '/home/saab/Desktop/microROS_AUV/install/micro_ros_msgs/share/micro_ros_msgs/package.dsv'
[1.529s] INFO:colcon.colcon_core.shell:Creating package script '/home/saab/Desktop/microROS_AUV/install/micro_ros_msgs/share/micro_ros_msgs/package.sh'
[1.529s] INFO:colcon.colcon_core.shell:Creating package script '/home/saab/Desktop/microROS_AUV/install/micro_ros_msgs/share/micro_ros_msgs/package.bash'
[1.529s] INFO:colcon.colcon_core.shell:Creating package script '/home/saab/Desktop/microROS_AUV/install/micro_ros_msgs/share/micro_ros_msgs/package.zsh'
[1.530s] Level 1:colcon.colcon_core.environment:create_file_with_runtime_dependencies(/home/saab/Desktop/microROS_AUV/install/micro_ros_msgs/share/colcon-core/packages/micro_ros_msgs)
[1.530s] Level 1:colcon.colcon_core.environment:create_environment_scripts_only(micro_ros_msgs)
[1.530s] Level 1:colcon.colcon_core.environment:checking '/home/saab/Desktop/microROS_AUV/install/micro_ros_msgs' for CMake module files
[1.531s] Level 1:colcon.colcon_core.environment:checking '/home/saab/Desktop/microROS_AUV/install/micro_ros_msgs' for CMake config files
[1.531s] Level 1:colcon.colcon_core.shell:create_environment_hook('micro_ros_msgs', 'cmake_prefix_path')
[1.531s] INFO:colcon.colcon_core.shell:Creating environment hook '/home/saab/Desktop/microROS_AUV/install/micro_ros_msgs/share/micro_ros_msgs/hook/cmake_prefix_path.ps1'
[1.531s] INFO:colcon.colcon_core.shell:Creating environment descriptor '/home/saab/Desktop/microROS_AUV/install/micro_ros_msgs/share/micro_ros_msgs/hook/cmake_prefix_path.dsv'
[1.532s] INFO:colcon.colcon_core.shell:Creating environment hook '/home/saab/Desktop/microROS_AUV/install/micro_ros_msgs/share/micro_ros_msgs/hook/cmake_prefix_path.sh'
[1.532s] Level 1:colcon.colcon_core.environment:checking '/home/saab/Desktop/microROS_AUV/install/micro_ros_msgs/lib'
[1.532s] Level 1:colcon.colcon_core.shell:create_environment_hook('micro_ros_msgs', 'ld_library_path_lib')
[1.532s] INFO:colcon.colcon_core.shell:Creating environment hook '/home/saab/Desktop/microROS_AUV/install/micro_ros_msgs/share/micro_ros_msgs/hook/ld_library_path_lib.ps1'
[1.532s] INFO:colcon.colcon_core.shell:Creating environment descriptor '/home/saab/Desktop/microROS_AUV/install/micro_ros_msgs/share/micro_ros_msgs/hook/ld_library_path_lib.dsv'
[1.532s] INFO:colcon.colcon_core.shell:Creating environment hook '/home/saab/Desktop/microROS_AUV/install/micro_ros_msgs/share/micro_ros_msgs/hook/ld_library_path_lib.sh'
[1.533s] Level 1:colcon.colcon_core.environment:checking '/home/saab/Desktop/microROS_AUV/install/micro_ros_msgs/bin'
[1.533s] Level 1:colcon.colcon_core.environment:checking '/home/saab/Desktop/microROS_AUV/install/micro_ros_msgs/lib/pkgconfig/micro_ros_msgs.pc'
[1.533s] Level 1:colcon.colcon_core.environment:checking '/home/saab/Desktop/microROS_AUV/install/micro_ros_msgs/lib/python3.10/site-packages'
[1.533s] Level 1:colcon.colcon_core.environment:checking '/home/saab/Desktop/microROS_AUV/install/micro_ros_msgs/bin'
[1.533s] INFO:colcon.colcon_core.shell:Creating package script '/home/saab/Desktop/microROS_AUV/install/micro_ros_msgs/share/micro_ros_msgs/package.ps1'
[1.534s] INFO:colcon.colcon_core.shell:Creating package descriptor '/home/saab/Desktop/microROS_AUV/install/micro_ros_msgs/share/micro_ros_msgs/package.dsv'
[1.534s] INFO:colcon.colcon_core.shell:Creating package script '/home/saab/Desktop/microROS_AUV/install/micro_ros_msgs/share/micro_ros_msgs/package.sh'
[1.534s] INFO:colcon.colcon_core.shell:Creating package script '/home/saab/Desktop/microROS_AUV/install/micro_ros_msgs/share/micro_ros_msgs/package.bash'
[1.534s] INFO:colcon.colcon_core.shell:Creating package script '/home/saab/Desktop/microROS_AUV/install/micro_ros_msgs/share/micro_ros_msgs/package.zsh'
[1.535s] Level 1:colcon.colcon_core.environment:create_file_with_runtime_dependencies(/home/saab/Desktop/microROS_AUV/install/micro_ros_msgs/share/colcon-core/packages/micro_ros_msgs)
[1.535s] INFO:colcon.colcon_ros.task.ament_cmake.build:Building ROS package in '/home/saab/Desktop/microROS_AUV/src/uros/micro-ROS-Agent/micro_ros_agent' with build type 'ament_cmake'
[1.535s] INFO:colcon.colcon_cmake.task.cmake.build:Building CMake package in '/home/saab/Desktop/microROS_AUV/src/uros/micro-ROS-Agent/micro_ros_agent'
[1.535s] INFO:colcon.colcon_core.shell:Skip shell extension 'powershell' for command environment: Not usable outside of PowerShell
[1.535s] DEBUG:colcon.colcon_core.shell:Skip shell extension 'dsv' for command environment
[1.547s] DEBUG:colcon.colcon_core.event_handler.log_command:Invoking command in '/home/saab/Desktop/microROS_AUV/build/micro_ros_agent': AMENT_PREFIX_PATH=/home/saab/Desktop/microROS_AUV/install/micro_ros_msgs:${AMENT_PREFIX_PATH} CMAKE_PREFIX_PATH=/home/saab/Desktop/microROS_AUV/install/micro_ros_msgs:/home/saab/Desktop/2024_UWR/install/xsens_mti_ros2_driver:/home/saab/Desktop/2024_UWR/install/kalman_filter:/home/saab/Desktop/2024_UWR/install/sonar_msgs:/home/saab/Desktop/2024_UWR/install/ntrip:/home/saab/Desktop/2024_UWR/install/adnav-driver:/home/saab/Desktop/2024_UWR/install/sonar_subs:/opt/ros/humble LD_LIBRARY_PATH=/home/saab/Desktop/microROS_AUV/install/micro_ros_msgs/lib:${LD_LIBRARY_PATH} PYTHONPATH=/home/saab/Desktop/microROS_AUV/install/micro_ros_msgs/local/lib/python3.10/dist-packages:${PYTHONPATH} /usr/bin/cmake /home/saab/Desktop/microROS_AUV/src/uros/micro-ROS-Agent/micro_ros_agent -DCMAKE_INSTALL_PREFIX=/home/saab/Desktop/microROS_AUV/install/micro_ros_agent
[1.593s] DEBUG:colcon.colcon_core.event_handler.log_command:Invoked command in '/home/saab/Desktop/microROS_AUV/build/custom_interfaces' returned '0': CMAKE_PREFIX_PATH=${CMAKE_PREFIX_PATH}:/home/saab/Desktop/2024_UWR/install/sonar_subs:/opt/ros/humble /usr/bin/cmake --build /home/saab/Desktop/microROS_AUV/build/custom_interfaces -- -j24 -l24
[1.594s] DEBUG:colcon.colcon_core.event_handler.log_command:Invoking command in '/home/saab/Desktop/microROS_AUV/build/custom_interfaces': CMAKE_PREFIX_PATH=${CMAKE_PREFIX_PATH}:/home/saab/Desktop/2024_UWR/install/sonar_subs:/opt/ros/humble /usr/bin/cmake --install /home/saab/Desktop/microROS_AUV/build/custom_interfaces
[1.683s] Level 1:colcon.colcon_core.environment:create_environment_scripts_only(custom_interfaces)
[1.683s] Level 1:colcon.colcon_core.environment:checking '/home/saab/Desktop/microROS_AUV/install/custom_interfaces' for CMake module files
[1.684s] DEBUG:colcon.colcon_core.event_handler.log_command:Invoked command in '/home/saab/Desktop/microROS_AUV/build/custom_interfaces' returned '0': CMAKE_PREFIX_PATH=${CMAKE_PREFIX_PATH}:/home/saab/Desktop/2024_UWR/install/sonar_subs:/opt/ros/humble /usr/bin/cmake --install /home/saab/Desktop/microROS_AUV/build/custom_interfaces
[1.684s] Level 1:colcon.colcon_core.environment:checking '/home/saab/Desktop/microROS_AUV/install/custom_interfaces' for CMake config files
[1.685s] Level 1:colcon.colcon_core.shell:create_environment_hook('custom_interfaces', 'cmake_prefix_path')
[1.686s] INFO:colcon.colcon_core.shell:Creating environment hook '/home/saab/Desktop/microROS_AUV/install/custom_interfaces/share/custom_interfaces/hook/cmake_prefix_path.ps1'
[1.686s] INFO:colcon.colcon_core.shell:Creating environment descriptor '/home/saab/Desktop/microROS_AUV/install/custom_interfaces/share/custom_interfaces/hook/cmake_prefix_path.dsv'
[1.686s] INFO:colcon.colcon_core.shell:Creating environment hook '/home/saab/Desktop/microROS_AUV/install/custom_interfaces/share/custom_interfaces/hook/cmake_prefix_path.sh'
[1.687s] Level 1:colcon.colcon_core.environment:checking '/home/saab/Desktop/microROS_AUV/install/custom_interfaces/lib'
[1.687s] Level 1:colcon.colcon_core.shell:create_environment_hook('custom_interfaces', 'ld_library_path_lib')
[1.687s] INFO:colcon.colcon_core.shell:Creating environment hook '/home/saab/Desktop/microROS_AUV/install/custom_interfaces/share/custom_interfaces/hook/ld_library_path_lib.ps1'
[1.688s] INFO:colcon.colcon_core.shell:Creating environment descriptor '/home/saab/Desktop/microROS_AUV/install/custom_interfaces/share/custom_interfaces/hook/ld_library_path_lib.dsv'
[1.688s] INFO:colcon.colcon_core.shell:Creating environment hook '/home/saab/Desktop/microROS_AUV/install/custom_interfaces/share/custom_interfaces/hook/ld_library_path_lib.sh'
[1.688s] Level 1:colcon.colcon_core.environment:checking '/home/saab/Desktop/microROS_AUV/install/custom_interfaces/bin'
[1.688s] Level 1:colcon.colcon_core.environment:checking '/home/saab/Desktop/microROS_AUV/install/custom_interfaces/lib/pkgconfig/custom_interfaces.pc'
[1.689s] Level 1:colcon.colcon_core.environment:checking '/home/saab/Desktop/microROS_AUV/install/custom_interfaces/lib/python3.10/site-packages'
[1.689s] Level 1:colcon.colcon_core.environment:checking '/home/saab/Desktop/microROS_AUV/install/custom_interfaces/bin'
[1.689s] INFO:colcon.colcon_core.shell:Creating package script '/home/saab/Desktop/microROS_AUV/install/custom_interfaces/share/custom_interfaces/package.ps1'
[1.690s] INFO:colcon.colcon_core.shell:Creating package descriptor '/home/saab/Desktop/microROS_AUV/install/custom_interfaces/share/custom_interfaces/package.dsv'
[1.690s] INFO:colcon.colcon_core.shell:Creating package script '/home/saab/Desktop/microROS_AUV/install/custom_interfaces/share/custom_interfaces/package.sh'
[1.690s] INFO:colcon.colcon_core.shell:Creating package script '/home/saab/Desktop/microROS_AUV/install/custom_interfaces/share/custom_interfaces/package.bash'
[1.691s] INFO:colcon.colcon_core.shell:Creating package script '/home/saab/Desktop/microROS_AUV/install/custom_interfaces/share/custom_interfaces/package.zsh'
[1.691s] Level 1:colcon.colcon_core.environment:create_file_with_runtime_dependencies(/home/saab/Desktop/microROS_AUV/install/custom_interfaces/share/colcon-core/packages/custom_interfaces)
[1.692s] Level 1:colcon.colcon_core.environment:create_environment_scripts_only(custom_interfaces)
[1.692s] Level 1:colcon.colcon_core.environment:checking '/home/saab/Desktop/microROS_AUV/install/custom_interfaces' for CMake module files
[1.693s] Level 1:colcon.colcon_core.environment:checking '/home/saab/Desktop/microROS_AUV/install/custom_interfaces' for CMake config files
[1.694s] Level 1:colcon.colcon_core.shell:create_environment_hook('custom_interfaces', 'cmake_prefix_path')
[1.694s] INFO:colcon.colcon_core.shell:Creating environment hook '/home/saab/Desktop/microROS_AUV/install/custom_interfaces/share/custom_interfaces/hook/cmake_prefix_path.ps1'
[1.695s] INFO:colcon.colcon_core.shell:Creating environment descriptor '/home/saab/Desktop/microROS_AUV/install/custom_interfaces/share/custom_interfaces/hook/cmake_prefix_path.dsv'
[1.695s] INFO:colcon.colcon_core.shell:Creating environment hook '/home/saab/Desktop/microROS_AUV/install/custom_interfaces/share/custom_interfaces/hook/cmake_prefix_path.sh'
[1.696s] Level 1:colcon.colcon_core.environment:checking '/home/saab/Desktop/microROS_AUV/install/custom_interfaces/lib'
[1.696s] Level 1:colcon.colcon_core.shell:create_environment_hook('custom_interfaces', 'ld_library_path_lib')
[1.696s] INFO:colcon.colcon_core.shell:Creating environment hook '/home/saab/Desktop/microROS_AUV/install/custom_interfaces/share/custom_interfaces/hook/ld_library_path_lib.ps1'
[1.696s] INFO:colcon.colcon_core.shell:Creating environment descriptor '/home/saab/Desktop/microROS_AUV/install/custom_interfaces/share/custom_interfaces/hook/ld_library_path_lib.dsv'
[1.697s] INFO:colcon.colcon_core.shell:Creating environment hook '/home/saab/Desktop/microROS_AUV/install/custom_interfaces/share/custom_interfaces/hook/ld_library_path_lib.sh'
[1.697s] Level 1:colcon.colcon_core.environment:checking '/home/saab/Desktop/microROS_AUV/install/custom_interfaces/bin'
[1.697s] Level 1:colcon.colcon_core.environment:checking '/home/saab/Desktop/microROS_AUV/install/custom_interfaces/lib/pkgconfig/custom_interfaces.pc'
[1.697s] Level 1:colcon.colcon_core.environment:checking '/home/saab/Desktop/microROS_AUV/install/custom_interfaces/lib/python3.10/site-packages'
[1.697s] Level 1:colcon.colcon_core.environment:checking '/home/saab/Desktop/microROS_AUV/install/custom_interfaces/bin'
[1.698s] INFO:colcon.colcon_core.shell:Creating package script '/home/saab/Desktop/microROS_AUV/install/custom_interfaces/share/custom_interfaces/package.ps1'
[1.698s] INFO:colcon.colcon_core.shell:Creating package descriptor '/home/saab/Desktop/microROS_AUV/install/custom_interfaces/share/custom_interfaces/package.dsv'
[1.699s] INFO:colcon.colcon_core.shell:Creating package script '/home/saab/Desktop/microROS_AUV/install/custom_interfaces/share/custom_interfaces/package.sh'
[1.699s] INFO:colcon.colcon_core.shell:Creating package script '/home/saab/Desktop/microROS_AUV/install/custom_interfaces/share/custom_interfaces/package.bash'
[1.700s] INFO:colcon.colcon_core.shell:Creating package script '/home/saab/Desktop/microROS_AUV/install/custom_interfaces/share/custom_interfaces/package.zsh'
[1.700s] Level 1:colcon.colcon_core.environment:create_file_with_runtime_dependencies(/home/saab/Desktop/microROS_AUV/install/custom_interfaces/share/colcon-core/packages/custom_interfaces)
[1.920s] DEBUG:colcon.colcon_core.event_handler.log_command:Invoked command in '/home/saab/Desktop/microROS_AUV/build/micro_ros_agent' returned '0': AMENT_PREFIX_PATH=/home/saab/Desktop/microROS_AUV/install/micro_ros_msgs:${AMENT_PREFIX_PATH} CMAKE_PREFIX_PATH=/home/saab/Desktop/microROS_AUV/install/micro_ros_msgs:/home/saab/Desktop/2024_UWR/install/xsens_mti_ros2_driver:/home/saab/Desktop/2024_UWR/install/kalman_filter:/home/saab/Desktop/2024_UWR/install/sonar_msgs:/home/saab/Desktop/2024_UWR/install/ntrip:/home/saab/Desktop/2024_UWR/install/adnav-driver:/home/saab/Desktop/2024_UWR/install/sonar_subs:/opt/ros/humble LD_LIBRARY_PATH=/home/saab/Desktop/microROS_AUV/install/micro_ros_msgs/lib:${LD_LIBRARY_PATH} PYTHONPATH=/home/saab/Desktop/microROS_AUV/install/micro_ros_msgs/local/lib/python3.10/dist-packages:${PYTHONPATH} /usr/bin/cmake /home/saab/Desktop/microROS_AUV/src/uros/micro-ROS-Agent/micro_ros_agent -DCMAKE_INSTALL_PREFIX=/home/saab/Desktop/microROS_AUV/install/micro_ros_agent
[1.921s] DEBUG:colcon.colcon_core.event_handler.log_command:Invoking command in '/home/saab/Desktop/microROS_AUV/build/micro_ros_agent': AMENT_PREFIX_PATH=/home/saab/Desktop/microROS_AUV/install/micro_ros_msgs:${AMENT_PREFIX_PATH} CMAKE_PREFIX_PATH=/home/saab/Desktop/microROS_AUV/install/micro_ros_msgs:/home/saab/Desktop/2024_UWR/install/xsens_mti_ros2_driver:/home/saab/Desktop/2024_UWR/install/kalman_filter:/home/saab/Desktop/2024_UWR/install/sonar_msgs:/home/saab/Desktop/2024_UWR/install/ntrip:/home/saab/Desktop/2024_UWR/install/adnav-driver:/home/saab/Desktop/2024_UWR/install/sonar_subs:/opt/ros/humble LD_LIBRARY_PATH=/home/saab/Desktop/microROS_AUV/install/micro_ros_msgs/lib:${LD_LIBRARY_PATH} PYTHONPATH=/home/saab/Desktop/microROS_AUV/install/micro_ros_msgs/local/lib/python3.10/dist-packages:${PYTHONPATH} /usr/bin/cmake --build /home/saab/Desktop/microROS_AUV/build/micro_ros_agent -- -j24 -l24
[4.389s] DEBUG:colcon.colcon_core.event_handler.log_command:Invoked command in '/home/saab/Desktop/microROS_AUV/build/micro_ros_agent' returned '0': AMENT_PREFIX_PATH=/home/saab/Desktop/microROS_AUV/install/micro_ros_msgs:${AMENT_PREFIX_PATH} CMAKE_PREFIX_PATH=/home/saab/Desktop/microROS_AUV/install/micro_ros_msgs:/home/saab/Desktop/2024_UWR/install/xsens_mti_ros2_driver:/home/saab/Desktop/2024_UWR/install/kalman_filter:/home/saab/Desktop/2024_UWR/install/sonar_msgs:/home/saab/Desktop/2024_UWR/install/ntrip:/home/saab/Desktop/2024_UWR/install/adnav-driver:/home/saab/Desktop/2024_UWR/install/sonar_subs:/opt/ros/humble LD_LIBRARY_PATH=/home/saab/Desktop/microROS_AUV/install/micro_ros_msgs/lib:${LD_LIBRARY_PATH} PYTHONPATH=/home/saab/Desktop/microROS_AUV/install/micro_ros_msgs/local/lib/python3.10/dist-packages:${PYTHONPATH} /usr/bin/cmake --build /home/saab/Desktop/microROS_AUV/build/micro_ros_agent -- -j24 -l24
[4.391s] DEBUG:colcon.colcon_core.event_handler.log_command:Invoking command in '/home/saab/Desktop/microROS_AUV/build/micro_ros_agent': AMENT_PREFIX_PATH=/home/saab/Desktop/microROS_AUV/install/micro_ros_msgs:${AMENT_PREFIX_PATH} CMAKE_PREFIX_PATH=/home/saab/Desktop/microROS_AUV/install/micro_ros_msgs:/home/saab/Desktop/2024_UWR/install/xsens_mti_ros2_driver:/home/saab/Desktop/2024_UWR/install/kalman_filter:/home/saab/Desktop/2024_UWR/install/sonar_msgs:/home/saab/Desktop/2024_UWR/install/ntrip:/home/saab/Desktop/2024_UWR/install/adnav-driver:/home/saab/Desktop/2024_UWR/install/sonar_subs:/opt/ros/humble LD_LIBRARY_PATH=/home/saab/Desktop/microROS_AUV/install/micro_ros_msgs/lib:${LD_LIBRARY_PATH} PYTHONPATH=/home/saab/Desktop/microROS_AUV/install/micro_ros_msgs/local/lib/python3.10/dist-packages:${PYTHONPATH} /usr/bin/cmake --install /home/saab/Desktop/microROS_AUV/build/micro_ros_agent
[4.400s] Level 1:colcon.colcon_core.environment:create_environment_scripts_only(micro_ros_agent)
[4.400s] Level 1:colcon.colcon_core.environment:checking '/home/saab/Desktop/microROS_AUV/install/micro_ros_agent' for CMake module files
[4.401s] DEBUG:colcon.colcon_core.event_handler.log_command:Invoked command in '/home/saab/Desktop/microROS_AUV/build/micro_ros_agent' returned '0': AMENT_PREFIX_PATH=/home/saab/Desktop/microROS_AUV/install/micro_ros_msgs:${AMENT_PREFIX_PATH} CMAKE_PREFIX_PATH=/home/saab/Desktop/microROS_AUV/install/micro_ros_msgs:/home/saab/Desktop/2024_UWR/install/xsens_mti_ros2_driver:/home/saab/Desktop/2024_UWR/install/kalman_filter:/home/saab/Desktop/2024_UWR/install/sonar_msgs:/home/saab/Desktop/2024_UWR/install/ntrip:/home/saab/Desktop/2024_UWR/install/adnav-driver:/home/saab/Desktop/2024_UWR/install/sonar_subs:/opt/ros/humble LD_LIBRARY_PATH=/home/saab/Desktop/microROS_AUV/install/micro_ros_msgs/lib:${LD_LIBRARY_PATH} PYTHONPATH=/home/saab/Desktop/microROS_AUV/install/micro_ros_msgs/local/lib/python3.10/dist-packages:${PYTHONPATH} /usr/bin/cmake --install /home/saab/Desktop/microROS_AUV/build/micro_ros_agent
[4.401s] Level 1:colcon.colcon_core.environment:checking '/home/saab/Desktop/microROS_AUV/install/micro_ros_agent' for CMake config files
[4.407s] Level 1:colcon.colcon_core.shell:create_environment_hook('micro_ros_agent', 'cmake_prefix_path')
[4.407s] INFO:colcon.colcon_core.shell:Creating environment hook '/home/saab/Desktop/microROS_AUV/install/micro_ros_agent/share/micro_ros_agent/hook/cmake_prefix_path.ps1'
[4.407s] INFO:colcon.colcon_core.shell:Creating environment descriptor '/home/saab/Desktop/microROS_AUV/install/micro_ros_agent/share/micro_ros_agent/hook/cmake_prefix_path.dsv'
[4.408s] INFO:colcon.colcon_core.shell:Creating environment hook '/home/saab/Desktop/microROS_AUV/install/micro_ros_agent/share/micro_ros_agent/hook/cmake_prefix_path.sh'
[4.408s] Level 1:colcon.colcon_core.environment:checking '/home/saab/Desktop/microROS_AUV/install/micro_ros_agent/lib'
[4.408s] Level 1:colcon.colcon_core.shell:create_environment_hook('micro_ros_agent', 'ld_library_path_lib')
[4.408s] INFO:colcon.colcon_core.shell:Creating environment hook '/home/saab/Desktop/microROS_AUV/install/micro_ros_agent/share/micro_ros_agent/hook/ld_library_path_lib.ps1'
[4.408s] INFO:colcon.colcon_core.shell:Creating environment descriptor '/home/saab/Desktop/microROS_AUV/install/micro_ros_agent/share/micro_ros_agent/hook/ld_library_path_lib.dsv'
[4.409s] INFO:colcon.colcon_core.shell:Creating environment hook '/home/saab/Desktop/microROS_AUV/install/micro_ros_agent/share/micro_ros_agent/hook/ld_library_path_lib.sh'
[4.409s] Level 1:colcon.colcon_core.environment:checking '/home/saab/Desktop/microROS_AUV/install/micro_ros_agent/bin'
[4.409s] Level 1:colcon.colcon_core.environment:checking '/home/saab/Desktop/microROS_AUV/install/micro_ros_agent/lib/pkgconfig/micro_ros_agent.pc'
[4.409s] Level 1:colcon.colcon_core.environment:checking '/home/saab/Desktop/microROS_AUV/install/micro_ros_agent/lib/python3.10/site-packages'
[4.409s] Level 1:colcon.colcon_core.environment:checking '/home/saab/Desktop/microROS_AUV/install/micro_ros_agent/bin'
[4.409s] INFO:colcon.colcon_core.shell:Creating package script '/home/saab/Desktop/microROS_AUV/install/micro_ros_agent/share/micro_ros_agent/package.ps1'
[4.410s] INFO:colcon.colcon_core.shell:Creating package descriptor '/home/saab/Desktop/microROS_AUV/install/micro_ros_agent/share/micro_ros_agent/package.dsv'
[4.410s] INFO:colcon.colcon_core.shell:Creating package script '/home/saab/Desktop/microROS_AUV/install/micro_ros_agent/share/micro_ros_agent/package.sh'
[4.410s] INFO:colcon.colcon_core.shell:Creating package script '/home/saab/Desktop/microROS_AUV/install/micro_ros_agent/share/micro_ros_agent/package.bash'
[4.410s] INFO:colcon.colcon_core.shell:Creating package script '/home/saab/Desktop/microROS_AUV/install/micro_ros_agent/share/micro_ros_agent/package.zsh'
[4.411s] Level 1:colcon.colcon_core.environment:create_file_with_runtime_dependencies(/home/saab/Desktop/microROS_AUV/install/micro_ros_agent/share/colcon-core/packages/micro_ros_agent)
[4.411s] Level 1:colcon.colcon_core.environment:create_environment_scripts_only(micro_ros_agent)
[4.412s] Level 1:colcon.colcon_core.environment:checking '/home/saab/Desktop/microROS_AUV/install/micro_ros_agent' for CMake module files
[4.412s] Level 1:colcon.colcon_core.environment:checking '/home/saab/Desktop/microROS_AUV/install/micro_ros_agent' for CMake config files
[4.413s] Level 1:colcon.colcon_core.shell:create_environment_hook('micro_ros_agent', 'cmake_prefix_path')
[4.413s] INFO:colcon.colcon_core.shell:Creating environment hook '/home/saab/Desktop/microROS_AUV/install/micro_ros_agent/share/micro_ros_agent/hook/cmake_prefix_path.ps1'
[4.413s] INFO:colcon.colcon_core.shell:Creating environment descriptor '/home/saab/Desktop/microROS_AUV/install/micro_ros_agent/share/micro_ros_agent/hook/cmake_prefix_path.dsv'
[4.414s] INFO:colcon.colcon_core.shell:Creating environment hook '/home/saab/Desktop/microROS_AUV/install/micro_ros_agent/share/micro_ros_agent/hook/cmake_prefix_path.sh'
[4.414s] Level 1:colcon.colcon_core.environment:checking '/home/saab/Desktop/microROS_AUV/install/micro_ros_agent/lib'
[4.414s] Level 1:colcon.colcon_core.shell:create_environment_hook('micro_ros_agent', 'ld_library_path_lib')
[4.415s] INFO:colcon.colcon_core.shell:Creating environment hook '/home/saab/Desktop/microROS_AUV/install/micro_ros_agent/share/micro_ros_agent/hook/ld_library_path_lib.ps1'
[4.415s] INFO:colcon.colcon_core.shell:Creating environment descriptor '/home/saab/Desktop/microROS_AUV/install/micro_ros_agent/share/micro_ros_agent/hook/ld_library_path_lib.dsv'
[4.415s] INFO:colcon.colcon_core.shell:Creating environment hook '/home/saab/Desktop/microROS_AUV/install/micro_ros_agent/share/micro_ros_agent/hook/ld_library_path_lib.sh'
[4.416s] Level 1:colcon.colcon_core.environment:checking '/home/saab/Desktop/microROS_AUV/install/micro_ros_agent/bin'
[4.416s] Level 1:colcon.colcon_core.environment:checking '/home/saab/Desktop/microROS_AUV/install/micro_ros_agent/lib/pkgconfig/micro_ros_agent.pc'
[4.416s] Level 1:colcon.colcon_core.environment:checking '/home/saab/Desktop/microROS_AUV/install/micro_ros_agent/lib/python3.10/site-packages'
[4.416s] Level 1:colcon.colcon_core.environment:checking '/home/saab/Desktop/microROS_AUV/install/micro_ros_agent/bin'
[4.417s] INFO:colcon.colcon_core.shell:Creating package script '/home/saab/Desktop/microROS_AUV/install/micro_ros_agent/share/micro_ros_agent/package.ps1'
[4.417s] INFO:colcon.colcon_core.shell:Creating package descriptor '/home/saab/Desktop/microROS_AUV/install/micro_ros_agent/share/micro_ros_agent/package.dsv'
[4.418s] INFO:colcon.colcon_core.shell:Creating package script '/home/saab/Desktop/microROS_AUV/install/micro_ros_agent/share/micro_ros_agent/package.sh'
[4.418s] INFO:colcon.colcon_core.shell:Creating package script '/home/saab/Desktop/microROS_AUV/install/micro_ros_agent/share/micro_ros_agent/package.bash'
[4.418s] INFO:colcon.colcon_core.shell:Creating package script '/home/saab/Desktop/microROS_AUV/install/micro_ros_agent/share/micro_ros_agent/package.zsh'
[4.419s] Level 1:colcon.colcon_core.environment:create_file_with_runtime_dependencies(/home/saab/Desktop/microROS_AUV/install/micro_ros_agent/share/colcon-core/packages/micro_ros_agent)
[4.419s] DEBUG:colcon.colcon_parallel_executor.executor.parallel:closing loop
[4.419s] DEBUG:colcon.colcon_parallel_executor.executor.parallel:loop closed
[4.419s] DEBUG:colcon.colcon_parallel_executor.executor.parallel:run_until_complete finished with '0'
[4.419s] DEBUG:colcon.colcon_core.event_reactor:joining thread
[4.428s] INFO:colcon.colcon_core.plugin_system:Skipping extension 'colcon_notification.desktop_notification.terminal_notifier': Not used on non-Darwin systems
[4.428s] INFO:colcon.colcon_core.plugin_system:Skipping extension 'colcon_notification.desktop_notification.win32': Not used on non-Windows systems
[4.428s] INFO:colcon.colcon_notification.desktop_notification:Sending desktop notification using 'notify2'
[4.449s] DEBUG:colcon.colcon_core.event_reactor:joined thread
[4.449s] INFO:colcon.colcon_core.shell:Creating prefix script '/home/saab/Desktop/microROS_AUV/install/local_setup.ps1'
[4.450s] INFO:colcon.colcon_core.shell:Creating prefix util module '/home/saab/Desktop/microROS_AUV/install/_local_setup_util_ps1.py'
[4.452s] INFO:colcon.colcon_core.shell:Creating prefix chain script '/home/saab/Desktop/microROS_AUV/install/setup.ps1'
[4.454s] INFO:colcon.colcon_core.shell:Creating prefix script '/home/saab/Desktop/microROS_AUV/install/local_setup.sh'
[4.454s] INFO:colcon.colcon_core.shell:Creating prefix util module '/home/saab/Desktop/microROS_AUV/install/_local_setup_util_sh.py'
[4.455s] INFO:colcon.colcon_core.shell:Creating prefix chain script '/home/saab/Desktop/microROS_AUV/install/setup.sh'
[4.457s] INFO:colcon.colcon_core.shell:Creating prefix script '/home/saab/Desktop/microROS_AUV/install/local_setup.bash'
[4.457s] INFO:colcon.colcon_core.shell:Creating prefix chain script '/home/saab/Desktop/microROS_AUV/install/setup.bash'
[4.459s] INFO:colcon.colcon_core.shell:Creating prefix script '/home/saab/Desktop/microROS_AUV/install/local_setup.zsh'
[4.459s] INFO:colcon.colcon_core.shell:Creating prefix chain script '/home/saab/Desktop/microROS_AUV/install/setup.zsh'
