[0.066s] Invoking command in '/home/uwr/microROS_AUV/build/statistics_msgs': CMAKE_PREFIX_PATH=/home/uwr/microROS_AUV/install/builtin_interfaces:/home/uwr/microROS_AUV/install/action_msgs:/home/uwr/microROS_AUV/install/unique_identifier_msgs:/home/uwr/microROS_AUV/install/std_srvs:/home/uwr/microROS_AUV/install/statistics_msgs:/home/uwr/microROS_AUV/install/rosidl_typesupport_microxrcedds_test_msg:/home/uwr/microROS_AUV/install/rosidl_typesupport_microxrcedds_cpp_tests:/home/uwr/microROS_AUV/install/rmw_microxrcedds:/home/uwr/microROS_AUV/install/rosidl_typesupport_microxrcedds_cpp:/home/uwr/microROS_AUV/install/rosidl_typesupport_microxrcedds_c_tests:/home/uwr/microROS_AUV/install/rosidl_typesupport_microxrcedds_c:/home/uwr/microROS_AUV/install/rosgraph_msgs:/home/uwr/microROS_AUV/install/microxrcedds_client:/home/uwr/microROS_AUV/install/microcdr:/home/uwr/microROS_AUV/install/micro_ros_utilities:/home/uwr/microROS_AUV/install/micro_ros_msgs:/home/uwr/microROS_AUV/install/complex_msgs:/home/uwr/microROS_AUV/install/micro_ros_setup:/home/uwr/microROS_AUV/install/custom_interfaces:/home/uwr/Desktop/2024_UWR/install/kalman_filter:/home/uwr/Desktop/2024_UWR/install/sonar_msgs:/home/uwr/Desktop/2024_UWR/install/ros2-driver:/home/uwr/Desktop/2024_UWR/install/oculus_interfaces:/home/uwr/Desktop/2024_UWR/install/ntrip:/home/uwr/Desktop/2024_UWR/install/adnav-driver:/home/uwr/fls_ws/install/oculus_interfaces:/home/uwr/microROS_AUV/install/control_pkg:/home/uwr/Desktop/2024_UWR/install/sonar_subs:/opt/ros/humble LD_LIBRARY_PATH=/home/uwr/microROS_AUV/install/builtin_interfaces/lib:/home/uwr/microROS_AUV/install/action_msgs/lib:/home/uwr/microROS_AUV/install/unique_identifier_msgs/lib:/home/uwr/microROS_AUV/install/std_srvs/lib:/home/uwr/microROS_AUV/install/statistics_msgs/lib:/home/uwr/microROS_AUV/install/rmw_microxrcedds/lib:/home/uwr/microROS_AUV/install/rosidl_typesupport_microxrcedds_cpp/lib:/home/uwr/microROS_AUV/install/rosidl_typesupport_microxrcedds_c/lib:/home/uwr/microROS_AUV/install/rosgraph_msgs/lib:/home/uwr/microROS_AUV/install/microxrcedds_client/lib:/home/uwr/microROS_AUV/install/microcdr/lib:/home/uwr/microROS_AUV/install/micro_ros_utilities/lib:/home/uwr/microROS_AUV/install/micro_ros_msgs/lib:/home/uwr/microROS_AUV/install/complex_msgs/lib:/home/uwr/microROS_AUV/install/custom_interfaces/lib:/home/uwr/oculus_driver/install/lib:/home/uwr/Desktop/2024_UWR/install/sonar_msgs/lib:/home/uwr/Desktop/2024_UWR/install/oculus_interfaces/lib:/home/uwr/fls_ws/install/oculus_interfaces/lib:/opt/ros/humble/opt/rviz_ogre_vendor/lib:/opt/ros/humble/lib/x86_64-linux-gnu:/opt/ros/humble/lib /usr/bin/cmake --build /home/uwr/microROS_AUV/build/statistics_msgs -- -j8 -l8
[0.221s] [35m[1mConsolidate compiler generated dependencies of target statistics_msgs__rosidl_generator_c[0m
[0.269s] [  1%] Built target statistics_msgs__cpp
[0.338s] [ 10%] Built target statistics_msgs__rosidl_generator_c
[0.339s] [35m[1mConsolidate compiler generated dependencies of target statistics_msgs__rosidl_typesupport_fastrtps_cpp[0m
[0.339s] [35m[1mConsolidate compiler generated dependencies of target statistics_msgs__rosidl_typesupport_cpp[0m
[0.339s] [ 10%] Built target ament_cmake_python_copy_statistics_msgs
[0.339s] [35m[1mConsolidate compiler generated dependencies of target statistics_msgs__rosidl_typesupport_introspection_cpp[0m
[0.347s] [35m[1mConsolidate compiler generated dependencies of target statistics_msgs__rosidl_typesupport_microxrcedds_cpp[0m
[0.361s] [35m[1mConsolidate compiler generated dependencies of target statistics_msgs__rosidl_typesupport_fastrtps_c[0m
[0.361s] [35m[1mConsolidate compiler generated dependencies of target statistics_msgs__rosidl_typesupport_introspection_c[0m
[0.362s] [35m[1mConsolidate compiler generated dependencies of target statistics_msgs__rosidl_typesupport_c[0m
[0.390s] [35m[1mConsolidate compiler generated dependencies of target statistics_msgs__rosidl_typesupport_microxrcedds_c[0m
[0.408s] [ 18%] Built target statistics_msgs__rosidl_typesupport_fastrtps_cpp
[0.408s] [ 27%] Built target statistics_msgs__rosidl_typesupport_introspection_cpp
[0.415s] [ 35%] Built target statistics_msgs__rosidl_typesupport_microxrcedds_cpp
[0.415s] [ 44%] Built target statistics_msgs__rosidl_typesupport_fastrtps_c
[0.421s] [ 52%] Built target statistics_msgs__rosidl_typesupport_introspection_c
[0.424s] [ 61%] Built target statistics_msgs__rosidl_typesupport_c
[0.431s] [ 69%] Built target statistics_msgs__rosidl_typesupport_cpp
[0.439s] [ 77%] Built target statistics_msgs__rosidl_typesupport_microxrcedds_c
[0.578s] [ 77%] Built target statistics_msgs
[0.627s] [ 79%] Built target statistics_msgs__py
[0.650s] [35m[1mConsolidate compiler generated dependencies of target statistics_msgs__rosidl_generator_py[0m
[0.703s] [ 86%] Built target statistics_msgs__rosidl_generator_py
[0.760s] [35m[1mConsolidate compiler generated dependencies of target statistics_msgs__rosidl_typesupport_microxrcedds_c__pyext[0m
[0.769s] [35m[1mConsolidate compiler generated dependencies of target statistics_msgs__rosidl_typesupport_c__pyext[0m
[0.772s] [35m[1mConsolidate compiler generated dependencies of target statistics_msgs__rosidl_typesupport_introspection_c__pyext[0m
[0.776s] [35m[1mConsolidate compiler generated dependencies of target statistics_msgs__rosidl_typesupport_fastrtps_c__pyext[0m
[0.790s] [ 89%] Built target statistics_msgs__rosidl_typesupport_c__pyext
[0.815s] [ 93%] Built target statistics_msgs__rosidl_typesupport_microxrcedds_c__pyext
[0.855s] [ 96%] Built target statistics_msgs__rosidl_typesupport_introspection_c__pyext
[0.856s] [100%] Built target statistics_msgs__rosidl_typesupport_fastrtps_c__pyext
[1.349s] running egg_info
[1.351s] writing statistics_msgs.egg-info/PKG-INFO
[1.352s] writing dependency_links to statistics_msgs.egg-info/dependency_links.txt
[1.352s] writing top-level names to statistics_msgs.egg-info/top_level.txt
[1.359s] reading manifest file 'statistics_msgs.egg-info/SOURCES.txt'
[1.362s] writing manifest file 'statistics_msgs.egg-info/SOURCES.txt'
[1.440s] [100%] Built target ament_cmake_python_build_statistics_msgs_egg
[1.470s] Invoked command in '/home/uwr/microROS_AUV/build/statistics_msgs' returned '0': CMAKE_PREFIX_PATH=/home/uwr/microROS_AUV/install/builtin_interfaces:/home/uwr/microROS_AUV/install/action_msgs:/home/uwr/microROS_AUV/install/unique_identifier_msgs:/home/uwr/microROS_AUV/install/std_srvs:/home/uwr/microROS_AUV/install/statistics_msgs:/home/uwr/microROS_AUV/install/rosidl_typesupport_microxrcedds_test_msg:/home/uwr/microROS_AUV/install/rosidl_typesupport_microxrcedds_cpp_tests:/home/uwr/microROS_AUV/install/rmw_microxrcedds:/home/uwr/microROS_AUV/install/rosidl_typesupport_microxrcedds_cpp:/home/uwr/microROS_AUV/install/rosidl_typesupport_microxrcedds_c_tests:/home/uwr/microROS_AUV/install/rosidl_typesupport_microxrcedds_c:/home/uwr/microROS_AUV/install/rosgraph_msgs:/home/uwr/microROS_AUV/install/microxrcedds_client:/home/uwr/microROS_AUV/install/microcdr:/home/uwr/microROS_AUV/install/micro_ros_utilities:/home/uwr/microROS_AUV/install/micro_ros_msgs:/home/uwr/microROS_AUV/install/complex_msgs:/home/uwr/microROS_AUV/install/micro_ros_setup:/home/uwr/microROS_AUV/install/custom_interfaces:/home/uwr/Desktop/2024_UWR/install/kalman_filter:/home/uwr/Desktop/2024_UWR/install/sonar_msgs:/home/uwr/Desktop/2024_UWR/install/ros2-driver:/home/uwr/Desktop/2024_UWR/install/oculus_interfaces:/home/uwr/Desktop/2024_UWR/install/ntrip:/home/uwr/Desktop/2024_UWR/install/adnav-driver:/home/uwr/fls_ws/install/oculus_interfaces:/home/uwr/microROS_AUV/install/control_pkg:/home/uwr/Desktop/2024_UWR/install/sonar_subs:/opt/ros/humble LD_LIBRARY_PATH=/home/uwr/microROS_AUV/install/builtin_interfaces/lib:/home/uwr/microROS_AUV/install/action_msgs/lib:/home/uwr/microROS_AUV/install/unique_identifier_msgs/lib:/home/uwr/microROS_AUV/install/std_srvs/lib:/home/uwr/microROS_AUV/install/statistics_msgs/lib:/home/uwr/microROS_AUV/install/rmw_microxrcedds/lib:/home/uwr/microROS_AUV/install/rosidl_typesupport_microxrcedds_cpp/lib:/home/uwr/microROS_AUV/install/rosidl_typesupport_microxrcedds_c/lib:/home/uwr/microROS_AUV/install/rosgraph_msgs/lib:/home/uwr/microROS_AUV/install/microxrcedds_client/lib:/home/uwr/microROS_AUV/install/microcdr/lib:/home/uwr/microROS_AUV/install/micro_ros_utilities/lib:/home/uwr/microROS_AUV/install/micro_ros_msgs/lib:/home/uwr/microROS_AUV/install/complex_msgs/lib:/home/uwr/microROS_AUV/install/custom_interfaces/lib:/home/uwr/oculus_driver/install/lib:/home/uwr/Desktop/2024_UWR/install/sonar_msgs/lib:/home/uwr/Desktop/2024_UWR/install/oculus_interfaces/lib:/home/uwr/fls_ws/install/oculus_interfaces/lib:/opt/ros/humble/opt/rviz_ogre_vendor/lib:/opt/ros/humble/lib/x86_64-linux-gnu:/opt/ros/humble/lib /usr/bin/cmake --build /home/uwr/microROS_AUV/build/statistics_msgs -- -j8 -l8
[1.930s] Invoking command in '/home/uwr/microROS_AUV/build/statistics_msgs': CMAKE_PREFIX_PATH=/home/uwr/microROS_AUV/install/builtin_interfaces:/home/uwr/microROS_AUV/install/action_msgs:/home/uwr/microROS_AUV/install/unique_identifier_msgs:/home/uwr/microROS_AUV/install/std_srvs:/home/uwr/microROS_AUV/install/statistics_msgs:/home/uwr/microROS_AUV/install/rosidl_typesupport_microxrcedds_test_msg:/home/uwr/microROS_AUV/install/rosidl_typesupport_microxrcedds_cpp_tests:/home/uwr/microROS_AUV/install/rmw_microxrcedds:/home/uwr/microROS_AUV/install/rosidl_typesupport_microxrcedds_cpp:/home/uwr/microROS_AUV/install/rosidl_typesupport_microxrcedds_c_tests:/home/uwr/microROS_AUV/install/rosidl_typesupport_microxrcedds_c:/home/uwr/microROS_AUV/install/rosgraph_msgs:/home/uwr/microROS_AUV/install/microxrcedds_client:/home/uwr/microROS_AUV/install/microcdr:/home/uwr/microROS_AUV/install/micro_ros_utilities:/home/uwr/microROS_AUV/install/micro_ros_msgs:/home/uwr/microROS_AUV/install/complex_msgs:/home/uwr/microROS_AUV/install/micro_ros_setup:/home/uwr/microROS_AUV/install/custom_interfaces:/home/uwr/Desktop/2024_UWR/install/kalman_filter:/home/uwr/Desktop/2024_UWR/install/sonar_msgs:/home/uwr/Desktop/2024_UWR/install/ros2-driver:/home/uwr/Desktop/2024_UWR/install/oculus_interfaces:/home/uwr/Desktop/2024_UWR/install/ntrip:/home/uwr/Desktop/2024_UWR/install/adnav-driver:/home/uwr/fls_ws/install/oculus_interfaces:/home/uwr/microROS_AUV/install/control_pkg:/home/uwr/Desktop/2024_UWR/install/sonar_subs:/opt/ros/humble LD_LIBRARY_PATH=/home/uwr/microROS_AUV/install/builtin_interfaces/lib:/home/uwr/microROS_AUV/install/action_msgs/lib:/home/uwr/microROS_AUV/install/unique_identifier_msgs/lib:/home/uwr/microROS_AUV/install/std_srvs/lib:/home/uwr/microROS_AUV/install/statistics_msgs/lib:/home/uwr/microROS_AUV/install/rmw_microxrcedds/lib:/home/uwr/microROS_AUV/install/rosidl_typesupport_microxrcedds_cpp/lib:/home/uwr/microROS_AUV/install/rosidl_typesupport_microxrcedds_c/lib:/home/uwr/microROS_AUV/install/rosgraph_msgs/lib:/home/uwr/microROS_AUV/install/microxrcedds_client/lib:/home/uwr/microROS_AUV/install/microcdr/lib:/home/uwr/microROS_AUV/install/micro_ros_utilities/lib:/home/uwr/microROS_AUV/install/micro_ros_msgs/lib:/home/uwr/microROS_AUV/install/complex_msgs/lib:/home/uwr/microROS_AUV/install/custom_interfaces/lib:/home/uwr/oculus_driver/install/lib:/home/uwr/Desktop/2024_UWR/install/sonar_msgs/lib:/home/uwr/Desktop/2024_UWR/install/oculus_interfaces/lib:/home/uwr/fls_ws/install/oculus_interfaces/lib:/opt/ros/humble/opt/rviz_ogre_vendor/lib:/opt/ros/humble/lib/x86_64-linux-gnu:/opt/ros/humble/lib /usr/bin/cmake --install /home/uwr/microROS_AUV/build/statistics_msgs
[1.974s] -- Install configuration: ""
[1.974s] -- Up-to-date: /home/uwr/microROS_AUV/install/statistics_msgs/share/ament_index/resource_index/rosidl_interfaces/statistics_msgs
[1.975s] -- Up-to-date: /home/uwr/microROS_AUV/install/statistics_msgs/include/statistics_msgs/statistics_msgs
[1.975s] -- Up-to-date: /home/uwr/microROS_AUV/install/statistics_msgs/include/statistics_msgs/statistics_msgs/msg
[1.976s] -- Up-to-date: /home/uwr/microROS_AUV/install/statistics_msgs/include/statistics_msgs/statistics_msgs/msg/statistic_data_point.h
[1.976s] -- Up-to-date: /home/uwr/microROS_AUV/install/statistics_msgs/include/statistics_msgs/statistics_msgs/msg/rosidl_generator_c__visibility_control.h
[1.976s] -- Up-to-date: /home/uwr/microROS_AUV/install/statistics_msgs/include/statistics_msgs/statistics_msgs/msg/detail
[1.977s] -- Up-to-date: /home/uwr/microROS_AUV/install/statistics_msgs/include/statistics_msgs/statistics_msgs/msg/detail/metrics_message__type_support.h
[1.979s] -- Up-to-date: /home/uwr/microROS_AUV/install/statistics_msgs/include/statistics_msgs/statistics_msgs/msg/detail/statistic_data_type__functions.c
[1.979s] -- Up-to-date: /home/uwr/microROS_AUV/install/statistics_msgs/include/statistics_msgs/statistics_msgs/msg/detail/statistic_data_type__functions.h
[1.981s] -- Up-to-date: /home/uwr/microROS_AUV/install/statistics_msgs/include/statistics_msgs/statistics_msgs/msg/detail/metrics_message__functions.h
[1.981s] -- Up-to-date: /home/uwr/microROS_AUV/install/statistics_msgs/include/statistics_msgs/statistics_msgs/msg/detail/metrics_message__functions.c
[1.982s] -- Up-to-date: /home/uwr/microROS_AUV/install/statistics_msgs/include/statistics_msgs/statistics_msgs/msg/detail/metrics_message__struct.h
[1.982s] -- Up-to-date: /home/uwr/microROS_AUV/install/statistics_msgs/include/statistics_msgs/statistics_msgs/msg/detail/statistic_data_point__struct.h
[1.982s] -- Up-to-date: /home/uwr/microROS_AUV/install/statistics_msgs/include/statistics_msgs/statistics_msgs/msg/detail/statistic_data_point__functions.h
[1.982s] -- Up-to-date: /home/uwr/microROS_AUV/install/statistics_msgs/include/statistics_msgs/statistics_msgs/msg/detail/statistic_data_point__functions.c
[1.983s] -- Up-to-date: /home/uwr/microROS_AUV/install/statistics_msgs/include/statistics_msgs/statistics_msgs/msg/detail/statistic_data_type__struct.h
[1.983s] -- Up-to-date: /home/uwr/microROS_AUV/install/statistics_msgs/include/statistics_msgs/statistics_msgs/msg/detail/statistic_data_type__type_support.h
[1.983s] -- Up-to-date: /home/uwr/microROS_AUV/install/statistics_msgs/include/statistics_msgs/statistics_msgs/msg/detail/statistic_data_point__type_support.h
[1.983s] -- Up-to-date: /home/uwr/microROS_AUV/install/statistics_msgs/include/statistics_msgs/statistics_msgs/msg/metrics_message.h
[1.983s] -- Up-to-date: /home/uwr/microROS_AUV/install/statistics_msgs/include/statistics_msgs/statistics_msgs/msg/statistic_data_type.h
[1.984s] -- Up-to-date: /home/uwr/microROS_AUV/install/statistics_msgs/share/statistics_msgs/environment/library_path.sh
[1.984s] -- Up-to-date: /home/uwr/microROS_AUV/install/statistics_msgs/share/statistics_msgs/environment/library_path.dsv
[1.985s] -- Up-to-date: /home/uwr/microROS_AUV/install/statistics_msgs/lib/libstatistics_msgs__rosidl_generator_c.so
[1.989s] -- Up-to-date: /home/uwr/microROS_AUV/install/statistics_msgs/include/statistics_msgs/statistics_msgs
[1.992s] -- Up-to-date: /home/uwr/microROS_AUV/install/statistics_msgs/include/statistics_msgs/statistics_msgs/msg
[1.992s] -- Up-to-date: /home/uwr/microROS_AUV/install/statistics_msgs/include/statistics_msgs/statistics_msgs/msg/detail
[1.992s] -- Up-to-date: /home/uwr/microROS_AUV/install/statistics_msgs/include/statistics_msgs/statistics_msgs/msg/detail/statistic_data_point__rosidl_typesupport_fastrtps_c.h
[1.993s] -- Up-to-date: /home/uwr/microROS_AUV/install/statistics_msgs/include/statistics_msgs/statistics_msgs/msg/detail/statistic_data_type__rosidl_typesupport_fastrtps_c.h
[1.993s] -- Up-to-date: /home/uwr/microROS_AUV/install/statistics_msgs/include/statistics_msgs/statistics_msgs/msg/detail/metrics_message__rosidl_typesupport_fastrtps_c.h
[1.993s] -- Up-to-date: /home/uwr/microROS_AUV/install/statistics_msgs/include/statistics_msgs/statistics_msgs/msg/rosidl_typesupport_fastrtps_c__visibility_control.h
[1.993s] -- Up-to-date: /home/uwr/microROS_AUV/install/statistics_msgs/lib/libstatistics_msgs__rosidl_typesupport_fastrtps_c.so
[1.994s] -- Up-to-date: /home/uwr/microROS_AUV/install/statistics_msgs/include/statistics_msgs/statistics_msgs
[1.994s] -- Up-to-date: /home/uwr/microROS_AUV/install/statistics_msgs/include/statistics_msgs/statistics_msgs/msg
[1.994s] -- Up-to-date: /home/uwr/microROS_AUV/install/statistics_msgs/include/statistics_msgs/statistics_msgs/msg/metrics_message.hpp
[1.994s] -- Up-to-date: /home/uwr/microROS_AUV/install/statistics_msgs/include/statistics_msgs/statistics_msgs/msg/detail
[1.994s] -- Up-to-date: /home/uwr/microROS_AUV/install/statistics_msgs/include/statistics_msgs/statistics_msgs/msg/detail/metrics_message__builder.hpp
[1.995s] -- Up-to-date: /home/uwr/microROS_AUV/install/statistics_msgs/include/statistics_msgs/statistics_msgs/msg/detail/statistic_data_type__builder.hpp
[1.995s] -- Up-to-date: /home/uwr/microROS_AUV/install/statistics_msgs/include/statistics_msgs/statistics_msgs/msg/detail/statistic_data_type__struct.hpp
[1.996s] -- Up-to-date: /home/uwr/microROS_AUV/install/statistics_msgs/include/statistics_msgs/statistics_msgs/msg/detail/statistic_data_point__struct.hpp
[1.996s] -- Up-to-date: /home/uwr/microROS_AUV/install/statistics_msgs/include/statistics_msgs/statistics_msgs/msg/detail/metrics_message__struct.hpp
[1.996s] -- Up-to-date: /home/uwr/microROS_AUV/install/statistics_msgs/include/statistics_msgs/statistics_msgs/msg/detail/metrics_message__traits.hpp
[1.997s] -- Up-to-date: /home/uwr/microROS_AUV/install/statistics_msgs/include/statistics_msgs/statistics_msgs/msg/detail/statistic_data_point__builder.hpp
[1.997s] -- Up-to-date: /home/uwr/microROS_AUV/install/statistics_msgs/include/statistics_msgs/statistics_msgs/msg/detail/statistic_data_point__traits.hpp
[1.998s] -- Up-to-date: /home/uwr/microROS_AUV/install/statistics_msgs/include/statistics_msgs/statistics_msgs/msg/detail/statistic_data_type__traits.hpp
[1.998s] -- Up-to-date: /home/uwr/microROS_AUV/install/statistics_msgs/include/statistics_msgs/statistics_msgs/msg/statistic_data_type.hpp
[1.998s] -- Up-to-date: /home/uwr/microROS_AUV/install/statistics_msgs/include/statistics_msgs/statistics_msgs/msg/statistic_data_point.hpp
[1.998s] -- Up-to-date: /home/uwr/microROS_AUV/install/statistics_msgs/include/statistics_msgs/statistics_msgs
[1.999s] -- Up-to-date: /home/uwr/microROS_AUV/install/statistics_msgs/include/statistics_msgs/statistics_msgs/msg
[1.999s] -- Up-to-date: /home/uwr/microROS_AUV/install/statistics_msgs/include/statistics_msgs/statistics_msgs/msg/detail
[1.999s] -- Up-to-date: /home/uwr/microROS_AUV/install/statistics_msgs/include/statistics_msgs/statistics_msgs/msg/detail/metrics_message__rosidl_typesupport_fastrtps_cpp.hpp
[1.999s] -- Up-to-date: /home/uwr/microROS_AUV/install/statistics_msgs/include/statistics_msgs/statistics_msgs/msg/detail/statistic_data_type__rosidl_typesupport_fastrtps_cpp.hpp
[1.999s] -- Up-to-date: /home/uwr/microROS_AUV/install/statistics_msgs/include/statistics_msgs/statistics_msgs/msg/detail/statistic_data_point__rosidl_typesupport_fastrtps_cpp.hpp
[1.999s] -- Up-to-date: /home/uwr/microROS_AUV/install/statistics_msgs/include/statistics_msgs/statistics_msgs/msg/detail/dds_fastrtps
[2.000s] -- Up-to-date: /home/uwr/microROS_AUV/install/statistics_msgs/include/statistics_msgs/statistics_msgs/msg/rosidl_typesupport_fastrtps_cpp__visibility_control.h
[2.000s] -- Up-to-date: /home/uwr/microROS_AUV/install/statistics_msgs/lib/libstatistics_msgs__rosidl_typesupport_fastrtps_cpp.so
[2.000s] -- Up-to-date: /home/uwr/microROS_AUV/install/statistics_msgs/include/statistics_msgs
[2.000s] -- Up-to-date: /home/uwr/microROS_AUV/install/statistics_msgs/include/statistics_msgs/msg
[2.001s] -- Up-to-date: /home/uwr/microROS_AUV/install/statistics_msgs/include/statistics_msgs/msg/rosidl_typesupport_microxrcedds_c__visibility_control.h
[2.001s] -- Up-to-date: /home/uwr/microROS_AUV/install/statistics_msgs/include/statistics_msgs/msg/detail
[2.001s] -- Up-to-date: /home/uwr/microROS_AUV/install/statistics_msgs/include/statistics_msgs/msg/detail/statistic_data_point__rosidl_typesupport_microxrcedds_c.h
[2.001s] -- Up-to-date: /home/uwr/microROS_AUV/install/statistics_msgs/include/statistics_msgs/msg/detail/metrics_message__rosidl_typesupport_microxrcedds_c.h
[2.001s] -- Up-to-date: /home/uwr/microROS_AUV/install/statistics_msgs/include/statistics_msgs/msg/detail/statistic_data_type__rosidl_typesupport_microxrcedds_c.h
[2.002s] -- Up-to-date: /home/uwr/microROS_AUV/install/statistics_msgs/include/statistics_msgs/msg/detail/microxrcedds
[2.002s] -- Up-to-date: /home/uwr/microROS_AUV/install/statistics_msgs/lib/libstatistics_msgs__rosidl_typesupport_microxrcedds_c.so
[2.002s] -- Up-to-date: /home/uwr/microROS_AUV/install/statistics_msgs/include/statistics_msgs/statistics_msgs
[2.002s] -- Up-to-date: /home/uwr/microROS_AUV/install/statistics_msgs/include/statistics_msgs/statistics_msgs/msg
[2.003s] -- Up-to-date: /home/uwr/microROS_AUV/install/statistics_msgs/include/statistics_msgs/statistics_msgs/msg/rosidl_typesupport_introspection_c__visibility_control.h
[2.003s] -- Up-to-date: /home/uwr/microROS_AUV/install/statistics_msgs/include/statistics_msgs/statistics_msgs/msg/detail
[2.003s] -- Up-to-date: /home/uwr/microROS_AUV/install/statistics_msgs/include/statistics_msgs/statistics_msgs/msg/detail/statistic_data_point__rosidl_typesupport_introspection_c.h
[2.004s] -- Up-to-date: /home/uwr/microROS_AUV/install/statistics_msgs/include/statistics_msgs/statistics_msgs/msg/detail/metrics_message__type_support.c
[2.004s] -- Up-to-date: /home/uwr/microROS_AUV/install/statistics_msgs/include/statistics_msgs/statistics_msgs/msg/detail/statistic_data_point__type_support.c
[2.004s] -- Up-to-date: /home/uwr/microROS_AUV/install/statistics_msgs/include/statistics_msgs/statistics_msgs/msg/detail/statistic_data_type__rosidl_typesupport_introspection_c.h
[2.004s] -- Up-to-date: /home/uwr/microROS_AUV/install/statistics_msgs/include/statistics_msgs/statistics_msgs/msg/detail/metrics_message__rosidl_typesupport_introspection_c.h
[2.004s] -- Up-to-date: /home/uwr/microROS_AUV/install/statistics_msgs/include/statistics_msgs/statistics_msgs/msg/detail/statistic_data_type__type_support.c
[2.005s] -- Up-to-date: /home/uwr/microROS_AUV/install/statistics_msgs/lib/libstatistics_msgs__rosidl_typesupport_introspection_c.so
[2.005s] -- Up-to-date: /home/uwr/microROS_AUV/install/statistics_msgs/lib/libstatistics_msgs__rosidl_typesupport_c.so
[2.005s] -- Up-to-date: /home/uwr/microROS_AUV/install/statistics_msgs/include/statistics_msgs
[2.005s] -- Up-to-date: /home/uwr/microROS_AUV/install/statistics_msgs/include/statistics_msgs/msg
[2.005s] -- Up-to-date: /home/uwr/microROS_AUV/install/statistics_msgs/include/statistics_msgs/msg/rosidl_typesupport_microxrcedds_cpp__visibility_control.h
[2.006s] -- Up-to-date: /home/uwr/microROS_AUV/install/statistics_msgs/include/statistics_msgs/msg/detail
[2.006s] -- Up-to-date: /home/uwr/microROS_AUV/install/statistics_msgs/include/statistics_msgs/msg/detail/statistic_data_point__rosidl_typesupport_microxrcedds_cpp.hpp
[2.006s] -- Up-to-date: /home/uwr/microROS_AUV/install/statistics_msgs/include/statistics_msgs/msg/detail/metrics_message__rosidl_typesupport_microxrcedds_cpp.hpp
[2.006s] -- Up-to-date: /home/uwr/microROS_AUV/install/statistics_msgs/include/statistics_msgs/msg/detail/statistic_data_type__rosidl_typesupport_microxrcedds_cpp.hpp
[2.007s] -- Up-to-date: /home/uwr/microROS_AUV/install/statistics_msgs/include/statistics_msgs/msg/detail/microxrcedds
[2.007s] -- Up-to-date: /home/uwr/microROS_AUV/install/statistics_msgs/include/statistics_msgs/msg/detail/microxrcedds/metrics_message__type_support_cpp.cpp
[2.007s] -- Up-to-date: /home/uwr/microROS_AUV/install/statistics_msgs/include/statistics_msgs/msg/detail/microxrcedds/statistic_data_type__type_support_cpp.cpp
[2.007s] -- Up-to-date: /home/uwr/microROS_AUV/install/statistics_msgs/include/statistics_msgs/msg/detail/microxrcedds/statistic_data_point__type_support_cpp.cpp
[2.008s] -- Up-to-date: /home/uwr/microROS_AUV/install/statistics_msgs/lib/libstatistics_msgs__rosidl_typesupport_microxrcedds_cpp.so
[2.008s] -- Up-to-date: /home/uwr/microROS_AUV/install/statistics_msgs/include/statistics_msgs/statistics_msgs
[2.008s] -- Up-to-date: /home/uwr/microROS_AUV/install/statistics_msgs/include/statistics_msgs/statistics_msgs/msg
[2.008s] -- Up-to-date: /home/uwr/microROS_AUV/install/statistics_msgs/include/statistics_msgs/statistics_msgs/msg/detail
[2.009s] -- Up-to-date: /home/uwr/microROS_AUV/install/statistics_msgs/include/statistics_msgs/statistics_msgs/msg/detail/statistic_data_point__type_support.cpp
[2.009s] -- Up-to-date: /home/uwr/microROS_AUV/install/statistics_msgs/include/statistics_msgs/statistics_msgs/msg/detail/metrics_message__rosidl_typesupport_introspection_cpp.hpp
[2.009s] -- Up-to-date: /home/uwr/microROS_AUV/install/statistics_msgs/include/statistics_msgs/statistics_msgs/msg/detail/statistic_data_type__type_support.cpp
[2.009s] -- Up-to-date: /home/uwr/microROS_AUV/install/statistics_msgs/include/statistics_msgs/statistics_msgs/msg/detail/statistic_data_point__rosidl_typesupport_introspection_cpp.hpp
[2.010s] -- Up-to-date: /home/uwr/microROS_AUV/install/statistics_msgs/include/statistics_msgs/statistics_msgs/msg/detail/statistic_data_type__rosidl_typesupport_introspection_cpp.hpp
[2.010s] -- Up-to-date: /home/uwr/microROS_AUV/install/statistics_msgs/include/statistics_msgs/statistics_msgs/msg/detail/metrics_message__type_support.cpp
[2.010s] -- Up-to-date: /home/uwr/microROS_AUV/install/statistics_msgs/lib/libstatistics_msgs__rosidl_typesupport_introspection_cpp.so
[2.011s] -- Up-to-date: /home/uwr/microROS_AUV/install/statistics_msgs/lib/libstatistics_msgs__rosidl_typesupport_cpp.so
[2.014s] -- Up-to-date: /home/uwr/microROS_AUV/install/statistics_msgs/share/statistics_msgs/environment/pythonpath.sh
[2.014s] -- Up-to-date: /home/uwr/microROS_AUV/install/statistics_msgs/share/statistics_msgs/environment/pythonpath.dsv
[2.014s] -- Up-to-date: /home/uwr/microROS_AUV/install/statistics_msgs/local/lib/python3.10/dist-packages/statistics_msgs-1.2.2-py3.10.egg-info
[2.014s] -- Installing: /home/uwr/microROS_AUV/install/statistics_msgs/local/lib/python3.10/dist-packages/statistics_msgs-1.2.2-py3.10.egg-info/top_level.txt
[2.014s] -- Installing: /home/uwr/microROS_AUV/install/statistics_msgs/local/lib/python3.10/dist-packages/statistics_msgs-1.2.2-py3.10.egg-info/dependency_links.txt
[2.015s] -- Installing: /home/uwr/microROS_AUV/install/statistics_msgs/local/lib/python3.10/dist-packages/statistics_msgs-1.2.2-py3.10.egg-info/PKG-INFO
[2.016s] -- Installing: /home/uwr/microROS_AUV/install/statistics_msgs/local/lib/python3.10/dist-packages/statistics_msgs-1.2.2-py3.10.egg-info/SOURCES.txt
[2.016s] -- Up-to-date: /home/uwr/microROS_AUV/install/statistics_msgs/local/lib/python3.10/dist-packages/statistics_msgs
[2.017s] -- Up-to-date: /home/uwr/microROS_AUV/install/statistics_msgs/local/lib/python3.10/dist-packages/statistics_msgs/statistics_msgs_s__rosidl_typesupport_microxrcedds_c.cpython-310-x86_64-linux-gnu.so
[2.017s] -- Up-to-date: /home/uwr/microROS_AUV/install/statistics_msgs/local/lib/python3.10/dist-packages/statistics_msgs/_statistics_msgs_s.ep.rosidl_typesupport_introspection_c.c
[2.017s] -- Up-to-date: /home/uwr/microROS_AUV/install/statistics_msgs/local/lib/python3.10/dist-packages/statistics_msgs/_statistics_msgs_s.ep.rosidl_typesupport_c.c
[2.017s] -- Up-to-date: /home/uwr/microROS_AUV/install/statistics_msgs/local/lib/python3.10/dist-packages/statistics_msgs/msg
[2.018s] -- Up-to-date: /home/uwr/microROS_AUV/install/statistics_msgs/local/lib/python3.10/dist-packages/statistics_msgs/msg/_metrics_message_s.c
[2.018s] -- Up-to-date: /home/uwr/microROS_AUV/install/statistics_msgs/local/lib/python3.10/dist-packages/statistics_msgs/msg/_statistic_data_type.py
[2.018s] -- Up-to-date: /home/uwr/microROS_AUV/install/statistics_msgs/local/lib/python3.10/dist-packages/statistics_msgs/msg/_statistic_data_point_s.c
[2.018s] -- Up-to-date: /home/uwr/microROS_AUV/install/statistics_msgs/local/lib/python3.10/dist-packages/statistics_msgs/msg/_metrics_message.py
[2.018s] -- Up-to-date: /home/uwr/microROS_AUV/install/statistics_msgs/local/lib/python3.10/dist-packages/statistics_msgs/msg/_statistic_data_type_s.c
[2.019s] -- Up-to-date: /home/uwr/microROS_AUV/install/statistics_msgs/local/lib/python3.10/dist-packages/statistics_msgs/msg/__init__.py
[2.019s] -- Up-to-date: /home/uwr/microROS_AUV/install/statistics_msgs/local/lib/python3.10/dist-packages/statistics_msgs/msg/_statistic_data_point.py
[2.019s] -- Up-to-date: /home/uwr/microROS_AUV/install/statistics_msgs/local/lib/python3.10/dist-packages/statistics_msgs/_statistics_msgs_s.ep.rosidl_typesupport_microxrcedds_c.c
[2.019s] -- Up-to-date: /home/uwr/microROS_AUV/install/statistics_msgs/local/lib/python3.10/dist-packages/statistics_msgs/statistics_msgs_s__rosidl_typesupport_fastrtps_c.cpython-310-x86_64-linux-gnu.so
[2.019s] -- Up-to-date: /home/uwr/microROS_AUV/install/statistics_msgs/local/lib/python3.10/dist-packages/statistics_msgs/_statistics_msgs_s.ep.rosidl_typesupport_fastrtps_c.c
[2.020s] -- Up-to-date: /home/uwr/microROS_AUV/install/statistics_msgs/local/lib/python3.10/dist-packages/statistics_msgs/__init__.py
[2.020s] -- Up-to-date: /home/uwr/microROS_AUV/install/statistics_msgs/local/lib/python3.10/dist-packages/statistics_msgs/libstatistics_msgs__rosidl_generator_py.so
[2.020s] -- Up-to-date: /home/uwr/microROS_AUV/install/statistics_msgs/local/lib/python3.10/dist-packages/statistics_msgs/statistics_msgs_s__rosidl_typesupport_c.cpython-310-x86_64-linux-gnu.so
[2.020s] -- Up-to-date: /home/uwr/microROS_AUV/install/statistics_msgs/local/lib/python3.10/dist-packages/statistics_msgs/statistics_msgs_s__rosidl_typesupport_introspection_c.cpython-310-x86_64-linux-gnu.so
[2.154s] Listing '/home/uwr/microROS_AUV/install/statistics_msgs/local/lib/python3.10/dist-packages/statistics_msgs'...
[2.154s] Listing '/home/uwr/microROS_AUV/install/statistics_msgs/local/lib/python3.10/dist-packages/statistics_msgs/msg'...
[2.179s] -- Up-to-date: /home/uwr/microROS_AUV/install/statistics_msgs/local/lib/python3.10/dist-packages/statistics_msgs/statistics_msgs_s__rosidl_typesupport_microxrcedds_c.cpython-310-x86_64-linux-gnu.so
[2.180s] -- Up-to-date: /home/uwr/microROS_AUV/install/statistics_msgs/local/lib/python3.10/dist-packages/statistics_msgs/statistics_msgs_s__rosidl_typesupport_fastrtps_c.cpython-310-x86_64-linux-gnu.so
[2.185s] -- Up-to-date: /home/uwr/microROS_AUV/install/statistics_msgs/local/lib/python3.10/dist-packages/statistics_msgs/statistics_msgs_s__rosidl_typesupport_introspection_c.cpython-310-x86_64-linux-gnu.so
[2.187s] -- Up-to-date: /home/uwr/microROS_AUV/install/statistics_msgs/local/lib/python3.10/dist-packages/statistics_msgs/statistics_msgs_s__rosidl_typesupport_c.cpython-310-x86_64-linux-gnu.so
[2.196s] -- Up-to-date: /home/uwr/microROS_AUV/install/statistics_msgs/lib/libstatistics_msgs__rosidl_generator_py.so
[2.202s] -- Up-to-date: /home/uwr/microROS_AUV/install/statistics_msgs/share/statistics_msgs/msg/MetricsMessage.idl
[2.202s] -- Up-to-date: /home/uwr/microROS_AUV/install/statistics_msgs/share/statistics_msgs/msg/StatisticDataPoint.idl
[2.204s] -- Up-to-date: /home/uwr/microROS_AUV/install/statistics_msgs/share/statistics_msgs/msg/StatisticDataType.idl
[2.204s] -- Up-to-date: /home/uwr/microROS_AUV/install/statistics_msgs/share/statistics_msgs/msg/MetricsMessage.msg
[2.206s] -- Up-to-date: /home/uwr/microROS_AUV/install/statistics_msgs/share/statistics_msgs/msg/StatisticDataPoint.msg
[2.206s] -- Up-to-date: /home/uwr/microROS_AUV/install/statistics_msgs/share/statistics_msgs/msg/StatisticDataType.msg
[2.208s] -- Up-to-date: /home/uwr/microROS_AUV/install/statistics_msgs/share/ament_index/resource_index/package_run_dependencies/statistics_msgs
[2.209s] -- Up-to-date: /home/uwr/microROS_AUV/install/statistics_msgs/share/ament_index/resource_index/parent_prefix_path/statistics_msgs
[2.209s] -- Up-to-date: /home/uwr/microROS_AUV/install/statistics_msgs/share/statistics_msgs/environment/ament_prefix_path.sh
[2.213s] -- Up-to-date: /home/uwr/microROS_AUV/install/statistics_msgs/share/statistics_msgs/environment/ament_prefix_path.dsv
[2.214s] -- Up-to-date: /home/uwr/microROS_AUV/install/statistics_msgs/share/statistics_msgs/environment/path.sh
[2.215s] -- Up-to-date: /home/uwr/microROS_AUV/install/statistics_msgs/share/statistics_msgs/environment/path.dsv
[2.216s] -- Up-to-date: /home/uwr/microROS_AUV/install/statistics_msgs/share/statistics_msgs/local_setup.bash
[2.216s] -- Up-to-date: /home/uwr/microROS_AUV/install/statistics_msgs/share/statistics_msgs/local_setup.sh
[2.217s] -- Up-to-date: /home/uwr/microROS_AUV/install/statistics_msgs/share/statistics_msgs/local_setup.zsh
[2.217s] -- Up-to-date: /home/uwr/microROS_AUV/install/statistics_msgs/share/statistics_msgs/local_setup.dsv
[2.217s] -- Installing: /home/uwr/microROS_AUV/install/statistics_msgs/share/statistics_msgs/package.dsv
[2.219s] -- Up-to-date: /home/uwr/microROS_AUV/install/statistics_msgs/share/ament_index/resource_index/packages/statistics_msgs
[2.220s] -- Up-to-date: /home/uwr/microROS_AUV/install/statistics_msgs/share/statistics_msgs/cmake/export_statistics_msgs__rosidl_generator_cExport.cmake
[2.220s] -- Up-to-date: /home/uwr/microROS_AUV/install/statistics_msgs/share/statistics_msgs/cmake/export_statistics_msgs__rosidl_generator_cExport-noconfig.cmake
[2.222s] -- Up-to-date: /home/uwr/microROS_AUV/install/statistics_msgs/share/statistics_msgs/cmake/export_statistics_msgs__rosidl_typesupport_fastrtps_cExport.cmake
[2.222s] -- Up-to-date: /home/uwr/microROS_AUV/install/statistics_msgs/share/statistics_msgs/cmake/export_statistics_msgs__rosidl_typesupport_fastrtps_cExport-noconfig.cmake
[2.225s] -- Up-to-date: /home/uwr/microROS_AUV/install/statistics_msgs/share/statistics_msgs/cmake/export_statistics_msgs__rosidl_generator_cppExport.cmake
[2.225s] -- Up-to-date: /home/uwr/microROS_AUV/install/statistics_msgs/share/statistics_msgs/cmake/export_statistics_msgs__rosidl_typesupport_fastrtps_cppExport.cmake
[2.226s] -- Up-to-date: /home/uwr/microROS_AUV/install/statistics_msgs/share/statistics_msgs/cmake/export_statistics_msgs__rosidl_typesupport_fastrtps_cppExport-noconfig.cmake
[2.226s] -- Up-to-date: /home/uwr/microROS_AUV/install/statistics_msgs/share/statistics_msgs/cmake/statistics_msgs__rosidl_typesupport_introspection_cExport.cmake
[2.227s] -- Up-to-date: /home/uwr/microROS_AUV/install/statistics_msgs/share/statistics_msgs/cmake/statistics_msgs__rosidl_typesupport_introspection_cExport-noconfig.cmake
[2.227s] -- Up-to-date: /home/uwr/microROS_AUV/install/statistics_msgs/share/statistics_msgs/cmake/statistics_msgs__rosidl_typesupport_cExport.cmake
[2.227s] -- Up-to-date: /home/uwr/microROS_AUV/install/statistics_msgs/share/statistics_msgs/cmake/statistics_msgs__rosidl_typesupport_cExport-noconfig.cmake
[2.227s] -- Up-to-date: /home/uwr/microROS_AUV/install/statistics_msgs/share/statistics_msgs/cmake/statistics_msgs__rosidl_typesupport_introspection_cppExport.cmake
[2.229s] -- Up-to-date: /home/uwr/microROS_AUV/install/statistics_msgs/share/statistics_msgs/cmake/statistics_msgs__rosidl_typesupport_introspection_cppExport-noconfig.cmake
[2.232s] -- Up-to-date: /home/uwr/microROS_AUV/install/statistics_msgs/share/statistics_msgs/cmake/statistics_msgs__rosidl_typesupport_cppExport.cmake
[2.232s] -- Up-to-date: /home/uwr/microROS_AUV/install/statistics_msgs/share/statistics_msgs/cmake/statistics_msgs__rosidl_typesupport_cppExport-noconfig.cmake
[2.233s] -- Up-to-date: /home/uwr/microROS_AUV/install/statistics_msgs/share/statistics_msgs/cmake/export_statistics_msgs__rosidl_generator_pyExport.cmake
[2.233s] -- Up-to-date: /home/uwr/microROS_AUV/install/statistics_msgs/share/statistics_msgs/cmake/export_statistics_msgs__rosidl_generator_pyExport-noconfig.cmake
[2.233s] -- Up-to-date: /home/uwr/microROS_AUV/install/statistics_msgs/share/statistics_msgs/cmake/rosidl_cmake-extras.cmake
[2.236s] -- Up-to-date: /home/uwr/microROS_AUV/install/statistics_msgs/share/statistics_msgs/cmake/ament_cmake_export_dependencies-extras.cmake
[2.236s] -- Up-to-date: /home/uwr/microROS_AUV/install/statistics_msgs/share/statistics_msgs/cmake/ament_cmake_export_include_directories-extras.cmake
[2.236s] -- Up-to-date: /home/uwr/microROS_AUV/install/statistics_msgs/share/statistics_msgs/cmake/ament_cmake_export_libraries-extras.cmake
[2.236s] -- Up-to-date: /home/uwr/microROS_AUV/install/statistics_msgs/share/statistics_msgs/cmake/ament_cmake_export_targets-extras.cmake
[2.237s] -- Up-to-date: /home/uwr/microROS_AUV/install/statistics_msgs/share/statistics_msgs/cmake/rosidl_cmake_export_typesupport_targets-extras.cmake
[2.237s] -- Up-to-date: /home/uwr/microROS_AUV/install/statistics_msgs/share/statistics_msgs/cmake/rosidl_cmake_export_typesupport_libraries-extras.cmake
[2.237s] -- Up-to-date: /home/uwr/microROS_AUV/install/statistics_msgs/share/statistics_msgs/cmake/statistics_msgsConfig.cmake
[2.237s] -- Up-to-date: /home/uwr/microROS_AUV/install/statistics_msgs/share/statistics_msgs/cmake/statistics_msgsConfig-version.cmake
[2.237s] -- Up-to-date: /home/uwr/microROS_AUV/install/statistics_msgs/share/statistics_msgs/package.xml
