[0.017s] Invoking command in '/home/saab/Desktop/microROS_AUV/build/micro_ros_msgs': CMAKE_PREFIX_PATH=${CMAKE_PREFIX_PATH}:/home/saab/Desktop/2024_UWR/install/sonar_subs:/opt/ros/humble /usr/bin/cmake /home/saab/Desktop/microROS_AUV/src/uros/micro_ros_msgs -DCMAKE_INSTALL_PREFIX=/home/saab/Desktop/microROS_AUV/install/micro_ros_msgs
[0.223s] -- Found ament_cmake: 1.3.12 (/opt/ros/humble/share/ament_cmake/cmake)
[0.223s] -- Found rosidl_default_generators: 1.2.0 (/opt/ros/humble/share/rosidl_default_generators/cmake)
[0.223s] -- Using all available rosidl_typesupport_c: rosidl_typesupport_fastrtps_c;rosidl_typesupport_introspection_c
[0.223s] -- Found rosidl_adapter: 3.1.7 (/opt/ros/humble/share/rosidl_adapter/cmake)
[0.223s] -- Using all available rosidl_typesupport_cpp: rosidl_typesupport_fastrtps_cpp;rosidl_typesupport_introspection_cpp
[0.223s] -- Found ament_lint_auto: 0.12.14 (/opt/ros/humble/share/ament_lint_auto/cmake)
[0.395s] -- Found ament_cmake_ros: 0.10.0 (/opt/ros/humble/share/ament_cmake_ros/cmake)
[0.552s] -- Using all available rosidl_typesupport_c: rosidl_typesupport_fastrtps_c;rosidl_typesupport_introspection_c
[0.756s] -- Using all available rosidl_typesupport_cpp: rosidl_typesupport_fastrtps_cpp;rosidl_typesupport_introspection_cpp
[0.774s] -- Found python_cmake_module: 0.10.0 (/opt/ros/humble/share/python_cmake_module/cmake)
[0.799s] -- Using PYTHON_EXECUTABLE: /usr/bin/python3
[0.799s] -- Using PYTHON_INCLUDE_DIRS: /usr/include/python3.10
[0.799s] -- Using PYTHON_LIBRARIES: /usr/lib/x86_64-linux-gnu/libpython3.10.so
[0.815s] -- Added test 'copyright' to check source files copyright and LICENSE
[0.826s] -- Added test 'lint_cmake' to check CMake code style
[0.830s] -- Added test 'xmllint' to check XML markup files
[0.837s] -- Configuring done
[0.888s] -- Generating done
[0.896s] -- Build files have been written to: /home/saab/Desktop/microROS_AUV/build/micro_ros_msgs
[0.902s] Invoked command in '/home/saab/Desktop/microROS_AUV/build/micro_ros_msgs' returned '0': CMAKE_PREFIX_PATH=${CMAKE_PREFIX_PATH}:/home/saab/Desktop/2024_UWR/install/sonar_subs:/opt/ros/humble /usr/bin/cmake /home/saab/Desktop/microROS_AUV/src/uros/micro_ros_msgs -DCMAKE_INSTALL_PREFIX=/home/saab/Desktop/microROS_AUV/install/micro_ros_msgs
[0.904s] Invoking command in '/home/saab/Desktop/microROS_AUV/build/micro_ros_msgs': CMAKE_PREFIX_PATH=${CMAKE_PREFIX_PATH}:/home/saab/Desktop/2024_UWR/install/sonar_subs:/opt/ros/humble /usr/bin/cmake --build /home/saab/Desktop/microROS_AUV/build/micro_ros_msgs -- -j24 -l24
[0.940s] [35m[1mConsolidate compiler generated dependencies of target micro_ros_msgs__rosidl_generator_c[0m
[0.947s] [  2%] Built target micro_ros_msgs__cpp
[0.950s] [ 12%] Built target micro_ros_msgs__rosidl_generator_c
[0.954s] [35m[1mConsolidate compiler generated dependencies of target micro_ros_msgs__rosidl_typesupport_introspection_cpp[0m
[0.954s] [35m[1mConsolidate compiler generated dependencies of target micro_ros_msgs__rosidl_typesupport_fastrtps_cpp[0m
[0.955s] [35m[1mConsolidate compiler generated dependencies of target micro_ros_msgs__rosidl_typesupport_cpp[0m
[0.956s] [ 12%] Built target ament_cmake_python_copy_micro_ros_msgs
[0.957s] [35m[1mConsolidate compiler generated dependencies of target micro_ros_msgs__rosidl_typesupport_introspection_c[0m
[0.958s] [35m[1mConsolidate compiler generated dependencies of target micro_ros_msgs__rosidl_typesupport_fastrtps_c[0m
[0.958s] [35m[1mConsolidate compiler generated dependencies of target micro_ros_msgs__rosidl_typesupport_c[0m
[0.963s] [ 23%] Built target micro_ros_msgs__rosidl_typesupport_introspection_cpp
[0.964s] [ 34%] Built target micro_ros_msgs__rosidl_typesupport_fastrtps_cpp
[0.964s] [ 44%] Built target micro_ros_msgs__rosidl_typesupport_cpp
[0.965s] [ 55%] Built target micro_ros_msgs__rosidl_typesupport_introspection_c
[0.966s] [ 65%] Built target micro_ros_msgs__rosidl_typesupport_c
[0.967s] [ 76%] Built target micro_ros_msgs__rosidl_typesupport_fastrtps_c
[0.980s] [ 76%] Built target micro_ros_msgs
[0.994s] [ 78%] Built target micro_ros_msgs__py
[1.002s] [35m[1mConsolidate compiler generated dependencies of target micro_ros_msgs__rosidl_generator_py[0m
[1.011s] [ 87%] Built target micro_ros_msgs__rosidl_generator_py
[1.018s] [35m[1mConsolidate compiler generated dependencies of target micro_ros_msgs__rosidl_typesupport_c__pyext[0m
[1.018s] [35m[1mConsolidate compiler generated dependencies of target micro_ros_msgs__rosidl_typesupport_fastrtps_c__pyext[0m
[1.019s] [35m[1mConsolidate compiler generated dependencies of target micro_ros_msgs__rosidl_typesupport_introspection_c__pyext[0m
[1.027s] [ 91%] Built target micro_ros_msgs__rosidl_typesupport_fastrtps_c__pyext
[1.027s] [ 95%] Built target micro_ros_msgs__rosidl_typesupport_c__pyext
[1.029s] [100%] Built target micro_ros_msgs__rosidl_typesupport_introspection_c__pyext
[1.150s] running egg_info
[1.151s] writing micro_ros_msgs.egg-info/PKG-INFO
[1.151s] writing dependency_links to micro_ros_msgs.egg-info/dependency_links.txt
[1.151s] writing top-level names to micro_ros_msgs.egg-info/top_level.txt
[1.155s] reading manifest file 'micro_ros_msgs.egg-info/SOURCES.txt'
[1.156s] writing manifest file 'micro_ros_msgs.egg-info/SOURCES.txt'
[1.174s] [100%] Built target ament_cmake_python_build_micro_ros_msgs_egg
[1.183s] Invoked command in '/home/saab/Desktop/microROS_AUV/build/micro_ros_msgs' returned '0': CMAKE_PREFIX_PATH=${CMAKE_PREFIX_PATH}:/home/saab/Desktop/2024_UWR/install/sonar_subs:/opt/ros/humble /usr/bin/cmake --build /home/saab/Desktop/microROS_AUV/build/micro_ros_msgs -- -j24 -l24
[1.192s] Invoking command in '/home/saab/Desktop/microROS_AUV/build/micro_ros_msgs': CMAKE_PREFIX_PATH=${CMAKE_PREFIX_PATH}:/home/saab/Desktop/2024_UWR/install/sonar_subs:/opt/ros/humble /usr/bin/cmake --install /home/saab/Desktop/microROS_AUV/build/micro_ros_msgs
[1.198s] -- Install configuration: ""
[1.199s] -- Up-to-date: /home/saab/Desktop/microROS_AUV/install/micro_ros_msgs/share/ament_index/resource_index/rosidl_interfaces/micro_ros_msgs
[1.199s] -- Up-to-date: /home/saab/Desktop/microROS_AUV/install/micro_ros_msgs/include/micro_ros_msgs/micro_ros_msgs
[1.200s] -- Up-to-date: /home/saab/Desktop/microROS_AUV/install/micro_ros_msgs/include/micro_ros_msgs/micro_ros_msgs/msg
[1.200s] -- Up-to-date: /home/saab/Desktop/microROS_AUV/install/micro_ros_msgs/include/micro_ros_msgs/micro_ros_msgs/msg/node.h
[1.200s] -- Up-to-date: /home/saab/Desktop/microROS_AUV/install/micro_ros_msgs/include/micro_ros_msgs/micro_ros_msgs/msg/detail
[1.200s] -- Up-to-date: /home/saab/Desktop/microROS_AUV/install/micro_ros_msgs/include/micro_ros_msgs/micro_ros_msgs/msg/detail/node__struct.h
[1.200s] -- Up-to-date: /home/saab/Desktop/microROS_AUV/install/micro_ros_msgs/include/micro_ros_msgs/micro_ros_msgs/msg/detail/node__type_support.h
[1.200s] -- Up-to-date: /home/saab/Desktop/microROS_AUV/install/micro_ros_msgs/include/micro_ros_msgs/micro_ros_msgs/msg/detail/graph__functions.h
[1.200s] -- Up-to-date: /home/saab/Desktop/microROS_AUV/install/micro_ros_msgs/include/micro_ros_msgs/micro_ros_msgs/msg/detail/entity__functions.c
[1.200s] -- Up-to-date: /home/saab/Desktop/microROS_AUV/install/micro_ros_msgs/include/micro_ros_msgs/micro_ros_msgs/msg/detail/entity__struct.h
[1.201s] -- Up-to-date: /home/saab/Desktop/microROS_AUV/install/micro_ros_msgs/include/micro_ros_msgs/micro_ros_msgs/msg/detail/entity__type_support.h
[1.201s] -- Up-to-date: /home/saab/Desktop/microROS_AUV/install/micro_ros_msgs/include/micro_ros_msgs/micro_ros_msgs/msg/detail/node__functions.h
[1.201s] -- Up-to-date: /home/saab/Desktop/microROS_AUV/install/micro_ros_msgs/include/micro_ros_msgs/micro_ros_msgs/msg/detail/node__functions.c
[1.201s] -- Up-to-date: /home/saab/Desktop/microROS_AUV/install/micro_ros_msgs/include/micro_ros_msgs/micro_ros_msgs/msg/detail/graph__functions.c
[1.201s] -- Up-to-date: /home/saab/Desktop/microROS_AUV/install/micro_ros_msgs/include/micro_ros_msgs/micro_ros_msgs/msg/detail/entity__functions.h
[1.201s] -- Up-to-date: /home/saab/Desktop/microROS_AUV/install/micro_ros_msgs/include/micro_ros_msgs/micro_ros_msgs/msg/detail/graph__struct.h
[1.201s] -- Up-to-date: /home/saab/Desktop/microROS_AUV/install/micro_ros_msgs/include/micro_ros_msgs/micro_ros_msgs/msg/detail/graph__type_support.h
[1.201s] -- Up-to-date: /home/saab/Desktop/microROS_AUV/install/micro_ros_msgs/include/micro_ros_msgs/micro_ros_msgs/msg/entity.h
[1.201s] -- Up-to-date: /home/saab/Desktop/microROS_AUV/install/micro_ros_msgs/include/micro_ros_msgs/micro_ros_msgs/msg/rosidl_generator_c__visibility_control.h
[1.201s] -- Up-to-date: /home/saab/Desktop/microROS_AUV/install/micro_ros_msgs/include/micro_ros_msgs/micro_ros_msgs/msg/graph.h
[1.201s] -- Up-to-date: /home/saab/Desktop/microROS_AUV/install/micro_ros_msgs/share/micro_ros_msgs/environment/library_path.sh
[1.201s] -- Installing: /home/saab/Desktop/microROS_AUV/install/micro_ros_msgs/share/micro_ros_msgs/environment/library_path.dsv
[1.202s] -- Up-to-date: /home/saab/Desktop/microROS_AUV/install/micro_ros_msgs/lib/libmicro_ros_msgs__rosidl_generator_c.so
[1.202s] -- Up-to-date: /home/saab/Desktop/microROS_AUV/install/micro_ros_msgs/include/micro_ros_msgs/micro_ros_msgs
[1.202s] -- Up-to-date: /home/saab/Desktop/microROS_AUV/install/micro_ros_msgs/include/micro_ros_msgs/micro_ros_msgs/msg
[1.202s] -- Up-to-date: /home/saab/Desktop/microROS_AUV/install/micro_ros_msgs/include/micro_ros_msgs/micro_ros_msgs/msg/detail
[1.202s] -- Up-to-date: /home/saab/Desktop/microROS_AUV/install/micro_ros_msgs/include/micro_ros_msgs/micro_ros_msgs/msg/detail/node__rosidl_typesupport_fastrtps_c.h
[1.202s] -- Up-to-date: /home/saab/Desktop/microROS_AUV/install/micro_ros_msgs/include/micro_ros_msgs/micro_ros_msgs/msg/detail/graph__rosidl_typesupport_fastrtps_c.h
[1.202s] -- Up-to-date: /home/saab/Desktop/microROS_AUV/install/micro_ros_msgs/include/micro_ros_msgs/micro_ros_msgs/msg/detail/entity__rosidl_typesupport_fastrtps_c.h
[1.202s] -- Up-to-date: /home/saab/Desktop/microROS_AUV/install/micro_ros_msgs/include/micro_ros_msgs/micro_ros_msgs/msg/rosidl_typesupport_fastrtps_c__visibility_control.h
[1.203s] -- Up-to-date: /home/saab/Desktop/microROS_AUV/install/micro_ros_msgs/lib/libmicro_ros_msgs__rosidl_typesupport_fastrtps_c.so
[1.203s] -- Up-to-date: /home/saab/Desktop/microROS_AUV/install/micro_ros_msgs/include/micro_ros_msgs/micro_ros_msgs
[1.203s] -- Up-to-date: /home/saab/Desktop/microROS_AUV/install/micro_ros_msgs/include/micro_ros_msgs/micro_ros_msgs/msg
[1.203s] -- Up-to-date: /home/saab/Desktop/microROS_AUV/install/micro_ros_msgs/include/micro_ros_msgs/micro_ros_msgs/msg/detail
[1.203s] -- Up-to-date: /home/saab/Desktop/microROS_AUV/install/micro_ros_msgs/include/micro_ros_msgs/micro_ros_msgs/msg/detail/graph__type_support.c
[1.203s] -- Up-to-date: /home/saab/Desktop/microROS_AUV/install/micro_ros_msgs/include/micro_ros_msgs/micro_ros_msgs/msg/detail/node__type_support.c
[1.203s] -- Up-to-date: /home/saab/Desktop/microROS_AUV/install/micro_ros_msgs/include/micro_ros_msgs/micro_ros_msgs/msg/detail/graph__rosidl_typesupport_introspection_c.h
[1.203s] -- Up-to-date: /home/saab/Desktop/microROS_AUV/install/micro_ros_msgs/include/micro_ros_msgs/micro_ros_msgs/msg/detail/entity__rosidl_typesupport_introspection_c.h
[1.203s] -- Up-to-date: /home/saab/Desktop/microROS_AUV/install/micro_ros_msgs/include/micro_ros_msgs/micro_ros_msgs/msg/detail/entity__type_support.c
[1.203s] -- Up-to-date: /home/saab/Desktop/microROS_AUV/install/micro_ros_msgs/include/micro_ros_msgs/micro_ros_msgs/msg/detail/node__rosidl_typesupport_introspection_c.h
[1.203s] -- Up-to-date: /home/saab/Desktop/microROS_AUV/install/micro_ros_msgs/include/micro_ros_msgs/micro_ros_msgs/msg/rosidl_typesupport_introspection_c__visibility_control.h
[1.203s] -- Up-to-date: /home/saab/Desktop/microROS_AUV/install/micro_ros_msgs/lib/libmicro_ros_msgs__rosidl_typesupport_introspection_c.so
[1.204s] -- Up-to-date: /home/saab/Desktop/microROS_AUV/install/micro_ros_msgs/lib/libmicro_ros_msgs__rosidl_typesupport_c.so
[1.204s] -- Up-to-date: /home/saab/Desktop/microROS_AUV/install/micro_ros_msgs/include/micro_ros_msgs/micro_ros_msgs
[1.204s] -- Up-to-date: /home/saab/Desktop/microROS_AUV/install/micro_ros_msgs/include/micro_ros_msgs/micro_ros_msgs/msg
[1.204s] -- Up-to-date: /home/saab/Desktop/microROS_AUV/install/micro_ros_msgs/include/micro_ros_msgs/micro_ros_msgs/msg/entity.hpp
[1.204s] -- Up-to-date: /home/saab/Desktop/microROS_AUV/install/micro_ros_msgs/include/micro_ros_msgs/micro_ros_msgs/msg/graph.hpp
[1.204s] -- Up-to-date: /home/saab/Desktop/microROS_AUV/install/micro_ros_msgs/include/micro_ros_msgs/micro_ros_msgs/msg/node.hpp
[1.204s] -- Up-to-date: /home/saab/Desktop/microROS_AUV/install/micro_ros_msgs/include/micro_ros_msgs/micro_ros_msgs/msg/detail
[1.204s] -- Up-to-date: /home/saab/Desktop/microROS_AUV/install/micro_ros_msgs/include/micro_ros_msgs/micro_ros_msgs/msg/detail/graph__traits.hpp
[1.204s] -- Up-to-date: /home/saab/Desktop/microROS_AUV/install/micro_ros_msgs/include/micro_ros_msgs/micro_ros_msgs/msg/detail/node__traits.hpp
[1.204s] -- Up-to-date: /home/saab/Desktop/microROS_AUV/install/micro_ros_msgs/include/micro_ros_msgs/micro_ros_msgs/msg/detail/graph__type_support.hpp
[1.204s] -- Up-to-date: /home/saab/Desktop/microROS_AUV/install/micro_ros_msgs/include/micro_ros_msgs/micro_ros_msgs/msg/detail/entity__builder.hpp
[1.204s] -- Up-to-date: /home/saab/Desktop/microROS_AUV/install/micro_ros_msgs/include/micro_ros_msgs/micro_ros_msgs/msg/detail/graph__builder.hpp
[1.204s] -- Up-to-date: /home/saab/Desktop/microROS_AUV/install/micro_ros_msgs/include/micro_ros_msgs/micro_ros_msgs/msg/detail/node__builder.hpp
[1.204s] -- Up-to-date: /home/saab/Desktop/microROS_AUV/install/micro_ros_msgs/include/micro_ros_msgs/micro_ros_msgs/msg/detail/entity__traits.hpp
[1.204s] -- Up-to-date: /home/saab/Desktop/microROS_AUV/install/micro_ros_msgs/include/micro_ros_msgs/micro_ros_msgs/msg/detail/graph__struct.hpp
[1.204s] -- Up-to-date: /home/saab/Desktop/microROS_AUV/install/micro_ros_msgs/include/micro_ros_msgs/micro_ros_msgs/msg/detail/node__struct.hpp
[1.204s] -- Up-to-date: /home/saab/Desktop/microROS_AUV/install/micro_ros_msgs/include/micro_ros_msgs/micro_ros_msgs/msg/detail/entity__struct.hpp
[1.204s] -- Up-to-date: /home/saab/Desktop/microROS_AUV/install/micro_ros_msgs/include/micro_ros_msgs/micro_ros_msgs/msg/detail/entity__type_support.hpp
[1.205s] -- Up-to-date: /home/saab/Desktop/microROS_AUV/install/micro_ros_msgs/include/micro_ros_msgs/micro_ros_msgs/msg/detail/node__type_support.hpp
[1.205s] -- Up-to-date: /home/saab/Desktop/microROS_AUV/install/micro_ros_msgs/include/micro_ros_msgs/micro_ros_msgs/msg/rosidl_generator_cpp__visibility_control.hpp
[1.205s] -- Up-to-date: /home/saab/Desktop/microROS_AUV/install/micro_ros_msgs/include/micro_ros_msgs/micro_ros_msgs
[1.205s] -- Up-to-date: /home/saab/Desktop/microROS_AUV/install/micro_ros_msgs/include/micro_ros_msgs/micro_ros_msgs/msg
[1.205s] -- Up-to-date: /home/saab/Desktop/microROS_AUV/install/micro_ros_msgs/include/micro_ros_msgs/micro_ros_msgs/msg/rosidl_typesupport_fastrtps_cpp__visibility_control.h
[1.205s] -- Up-to-date: /home/saab/Desktop/microROS_AUV/install/micro_ros_msgs/include/micro_ros_msgs/micro_ros_msgs/msg/detail
[1.205s] -- Up-to-date: /home/saab/Desktop/microROS_AUV/install/micro_ros_msgs/include/micro_ros_msgs/micro_ros_msgs/msg/detail/dds_fastrtps
[1.205s] -- Up-to-date: /home/saab/Desktop/microROS_AUV/install/micro_ros_msgs/include/micro_ros_msgs/micro_ros_msgs/msg/detail/node__rosidl_typesupport_fastrtps_cpp.hpp
[1.205s] -- Up-to-date: /home/saab/Desktop/microROS_AUV/install/micro_ros_msgs/include/micro_ros_msgs/micro_ros_msgs/msg/detail/graph__rosidl_typesupport_fastrtps_cpp.hpp
[1.205s] -- Up-to-date: /home/saab/Desktop/microROS_AUV/install/micro_ros_msgs/include/micro_ros_msgs/micro_ros_msgs/msg/detail/entity__rosidl_typesupport_fastrtps_cpp.hpp
[1.205s] -- Up-to-date: /home/saab/Desktop/microROS_AUV/install/micro_ros_msgs/lib/libmicro_ros_msgs__rosidl_typesupport_fastrtps_cpp.so
[1.205s] -- Up-to-date: /home/saab/Desktop/microROS_AUV/install/micro_ros_msgs/include/micro_ros_msgs/micro_ros_msgs
[1.206s] -- Up-to-date: /home/saab/Desktop/microROS_AUV/install/micro_ros_msgs/include/micro_ros_msgs/micro_ros_msgs/msg
[1.206s] -- Up-to-date: /home/saab/Desktop/microROS_AUV/install/micro_ros_msgs/include/micro_ros_msgs/micro_ros_msgs/msg/detail
[1.206s] -- Up-to-date: /home/saab/Desktop/microROS_AUV/install/micro_ros_msgs/include/micro_ros_msgs/micro_ros_msgs/msg/detail/entity__type_support.cpp
[1.206s] -- Up-to-date: /home/saab/Desktop/microROS_AUV/install/micro_ros_msgs/include/micro_ros_msgs/micro_ros_msgs/msg/detail/graph__rosidl_typesupport_introspection_cpp.hpp
[1.206s] -- Up-to-date: /home/saab/Desktop/microROS_AUV/install/micro_ros_msgs/include/micro_ros_msgs/micro_ros_msgs/msg/detail/node__type_support.cpp
[1.206s] -- Up-to-date: /home/saab/Desktop/microROS_AUV/install/micro_ros_msgs/include/micro_ros_msgs/micro_ros_msgs/msg/detail/node__rosidl_typesupport_introspection_cpp.hpp
[1.206s] -- Up-to-date: /home/saab/Desktop/microROS_AUV/install/micro_ros_msgs/include/micro_ros_msgs/micro_ros_msgs/msg/detail/entity__rosidl_typesupport_introspection_cpp.hpp
[1.206s] -- Up-to-date: /home/saab/Desktop/microROS_AUV/install/micro_ros_msgs/include/micro_ros_msgs/micro_ros_msgs/msg/detail/graph__type_support.cpp
[1.207s] -- Up-to-date: /home/saab/Desktop/microROS_AUV/install/micro_ros_msgs/lib/libmicro_ros_msgs__rosidl_typesupport_introspection_cpp.so
[1.207s] -- Up-to-date: /home/saab/Desktop/microROS_AUV/install/micro_ros_msgs/lib/libmicro_ros_msgs__rosidl_typesupport_cpp.so
[1.207s] -- Up-to-date: /home/saab/Desktop/microROS_AUV/install/micro_ros_msgs/share/micro_ros_msgs/environment/pythonpath.sh
[1.207s] -- Installing: /home/saab/Desktop/microROS_AUV/install/micro_ros_msgs/share/micro_ros_msgs/environment/pythonpath.dsv
[1.208s] -- Up-to-date: /home/saab/Desktop/microROS_AUV/install/micro_ros_msgs/local/lib/python3.10/dist-packages/micro_ros_msgs-3.0.1-py3.10.egg-info
[1.209s] -- Installing: /home/saab/Desktop/microROS_AUV/install/micro_ros_msgs/local/lib/python3.10/dist-packages/micro_ros_msgs-3.0.1-py3.10.egg-info/dependency_links.txt
[1.209s] -- Installing: /home/saab/Desktop/microROS_AUV/install/micro_ros_msgs/local/lib/python3.10/dist-packages/micro_ros_msgs-3.0.1-py3.10.egg-info/top_level.txt
[1.209s] -- Installing: /home/saab/Desktop/microROS_AUV/install/micro_ros_msgs/local/lib/python3.10/dist-packages/micro_ros_msgs-3.0.1-py3.10.egg-info/SOURCES.txt
[1.209s] -- Installing: /home/saab/Desktop/microROS_AUV/install/micro_ros_msgs/local/lib/python3.10/dist-packages/micro_ros_msgs-3.0.1-py3.10.egg-info/PKG-INFO
[1.209s] -- Up-to-date: /home/saab/Desktop/microROS_AUV/install/micro_ros_msgs/local/lib/python3.10/dist-packages/micro_ros_msgs
[1.209s] -- Up-to-date: /home/saab/Desktop/microROS_AUV/install/micro_ros_msgs/local/lib/python3.10/dist-packages/micro_ros_msgs/micro_ros_msgs_s__rosidl_typesupport_introspection_c.cpython-310-x86_64-linux-gnu.so
[1.209s] -- Up-to-date: /home/saab/Desktop/microROS_AUV/install/micro_ros_msgs/local/lib/python3.10/dist-packages/micro_ros_msgs/micro_ros_msgs_s__rosidl_typesupport_c.cpython-310-x86_64-linux-gnu.so
[1.209s] -- Up-to-date: /home/saab/Desktop/microROS_AUV/install/micro_ros_msgs/local/lib/python3.10/dist-packages/micro_ros_msgs/_micro_ros_msgs_s.ep.rosidl_typesupport_introspection_c.c
[1.210s] -- Up-to-date: /home/saab/Desktop/microROS_AUV/install/micro_ros_msgs/local/lib/python3.10/dist-packages/micro_ros_msgs/libmicro_ros_msgs__rosidl_generator_py.so
[1.210s] -- Up-to-date: /home/saab/Desktop/microROS_AUV/install/micro_ros_msgs/local/lib/python3.10/dist-packages/micro_ros_msgs/msg
[1.210s] -- Up-to-date: /home/saab/Desktop/microROS_AUV/install/micro_ros_msgs/local/lib/python3.10/dist-packages/micro_ros_msgs/msg/_entity_s.c
[1.210s] -- Up-to-date: /home/saab/Desktop/microROS_AUV/install/micro_ros_msgs/local/lib/python3.10/dist-packages/micro_ros_msgs/msg/_node.py
[1.210s] -- Up-to-date: /home/saab/Desktop/microROS_AUV/install/micro_ros_msgs/local/lib/python3.10/dist-packages/micro_ros_msgs/msg/_entity.py
[1.210s] -- Up-to-date: /home/saab/Desktop/microROS_AUV/install/micro_ros_msgs/local/lib/python3.10/dist-packages/micro_ros_msgs/msg/_graph_s.c
[1.210s] -- Up-to-date: /home/saab/Desktop/microROS_AUV/install/micro_ros_msgs/local/lib/python3.10/dist-packages/micro_ros_msgs/msg/_graph.py
[1.210s] -- Up-to-date: /home/saab/Desktop/microROS_AUV/install/micro_ros_msgs/local/lib/python3.10/dist-packages/micro_ros_msgs/msg/__init__.py
[1.210s] -- Up-to-date: /home/saab/Desktop/microROS_AUV/install/micro_ros_msgs/local/lib/python3.10/dist-packages/micro_ros_msgs/msg/_node_s.c
[1.210s] -- Up-to-date: /home/saab/Desktop/microROS_AUV/install/micro_ros_msgs/local/lib/python3.10/dist-packages/micro_ros_msgs/micro_ros_msgs_s__rosidl_typesupport_fastrtps_c.cpython-310-x86_64-linux-gnu.so
[1.210s] -- Up-to-date: /home/saab/Desktop/microROS_AUV/install/micro_ros_msgs/local/lib/python3.10/dist-packages/micro_ros_msgs/_micro_ros_msgs_s.ep.rosidl_typesupport_c.c
[1.210s] -- Installing: /home/saab/Desktop/microROS_AUV/install/micro_ros_msgs/local/lib/python3.10/dist-packages/micro_ros_msgs/__init__.py
[1.210s] -- Up-to-date: /home/saab/Desktop/microROS_AUV/install/micro_ros_msgs/local/lib/python3.10/dist-packages/micro_ros_msgs/_micro_ros_msgs_s.ep.rosidl_typesupport_fastrtps_c.c
[1.238s] Listing '/home/saab/Desktop/microROS_AUV/install/micro_ros_msgs/local/lib/python3.10/dist-packages/micro_ros_msgs'...
[1.238s] Compiling '/home/saab/Desktop/microROS_AUV/install/micro_ros_msgs/local/lib/python3.10/dist-packages/micro_ros_msgs/__init__.py'...
[1.238s] Listing '/home/saab/Desktop/microROS_AUV/install/micro_ros_msgs/local/lib/python3.10/dist-packages/micro_ros_msgs/msg'...
[1.241s] -- Up-to-date: /home/saab/Desktop/microROS_AUV/install/micro_ros_msgs/local/lib/python3.10/dist-packages/micro_ros_msgs/micro_ros_msgs_s__rosidl_typesupport_fastrtps_c.cpython-310-x86_64-linux-gnu.so
[1.242s] -- Up-to-date: /home/saab/Desktop/microROS_AUV/install/micro_ros_msgs/local/lib/python3.10/dist-packages/micro_ros_msgs/micro_ros_msgs_s__rosidl_typesupport_introspection_c.cpython-310-x86_64-linux-gnu.so
[1.242s] -- Up-to-date: /home/saab/Desktop/microROS_AUV/install/micro_ros_msgs/local/lib/python3.10/dist-packages/micro_ros_msgs/micro_ros_msgs_s__rosidl_typesupport_c.cpython-310-x86_64-linux-gnu.so
[1.243s] -- Up-to-date: /home/saab/Desktop/microROS_AUV/install/micro_ros_msgs/lib/libmicro_ros_msgs__rosidl_generator_py.so
[1.243s] -- Up-to-date: /home/saab/Desktop/microROS_AUV/install/micro_ros_msgs/share/micro_ros_msgs/msg/Graph.idl
[1.243s] -- Up-to-date: /home/saab/Desktop/microROS_AUV/install/micro_ros_msgs/share/micro_ros_msgs/msg/Node.idl
[1.243s] -- Up-to-date: /home/saab/Desktop/microROS_AUV/install/micro_ros_msgs/share/micro_ros_msgs/msg/Entity.idl
[1.243s] -- Up-to-date: /home/saab/Desktop/microROS_AUV/install/micro_ros_msgs/share/micro_ros_msgs/msg/Graph.msg
[1.243s] -- Up-to-date: /home/saab/Desktop/microROS_AUV/install/micro_ros_msgs/share/micro_ros_msgs/msg/Node.msg
[1.243s] -- Up-to-date: /home/saab/Desktop/microROS_AUV/install/micro_ros_msgs/share/micro_ros_msgs/msg/Entity.msg
[1.244s] -- Up-to-date: /home/saab/Desktop/microROS_AUV/install/micro_ros_msgs/share/ament_index/resource_index/package_run_dependencies/micro_ros_msgs
[1.244s] -- Installing: /home/saab/Desktop/microROS_AUV/install/micro_ros_msgs/share/ament_index/resource_index/parent_prefix_path/micro_ros_msgs
[1.244s] -- Up-to-date: /home/saab/Desktop/microROS_AUV/install/micro_ros_msgs/share/micro_ros_msgs/environment/ament_prefix_path.sh
[1.244s] -- Installing: /home/saab/Desktop/microROS_AUV/install/micro_ros_msgs/share/micro_ros_msgs/environment/ament_prefix_path.dsv
[1.244s] -- Up-to-date: /home/saab/Desktop/microROS_AUV/install/micro_ros_msgs/share/micro_ros_msgs/environment/path.sh
[1.244s] -- Installing: /home/saab/Desktop/microROS_AUV/install/micro_ros_msgs/share/micro_ros_msgs/environment/path.dsv
[1.244s] -- Up-to-date: /home/saab/Desktop/microROS_AUV/install/micro_ros_msgs/share/micro_ros_msgs/local_setup.bash
[1.244s] -- Up-to-date: /home/saab/Desktop/microROS_AUV/install/micro_ros_msgs/share/micro_ros_msgs/local_setup.sh
[1.244s] -- Up-to-date: /home/saab/Desktop/microROS_AUV/install/micro_ros_msgs/share/micro_ros_msgs/local_setup.zsh
[1.244s] -- Installing: /home/saab/Desktop/microROS_AUV/install/micro_ros_msgs/share/micro_ros_msgs/local_setup.dsv
[1.244s] -- Installing: /home/saab/Desktop/microROS_AUV/install/micro_ros_msgs/share/micro_ros_msgs/package.dsv
[1.244s] -- Up-to-date: /home/saab/Desktop/microROS_AUV/install/micro_ros_msgs/share/ament_index/resource_index/packages/micro_ros_msgs
[1.245s] -- Up-to-date: /home/saab/Desktop/microROS_AUV/install/micro_ros_msgs/share/micro_ros_msgs/cmake/export_micro_ros_msgs__rosidl_generator_cExport.cmake
[1.245s] -- Up-to-date: /home/saab/Desktop/microROS_AUV/install/micro_ros_msgs/share/micro_ros_msgs/cmake/export_micro_ros_msgs__rosidl_generator_cExport-noconfig.cmake
[1.245s] -- Up-to-date: /home/saab/Desktop/microROS_AUV/install/micro_ros_msgs/share/micro_ros_msgs/cmake/export_micro_ros_msgs__rosidl_typesupport_fastrtps_cExport.cmake
[1.245s] -- Up-to-date: /home/saab/Desktop/microROS_AUV/install/micro_ros_msgs/share/micro_ros_msgs/cmake/export_micro_ros_msgs__rosidl_typesupport_fastrtps_cExport-noconfig.cmake
[1.246s] -- Up-to-date: /home/saab/Desktop/microROS_AUV/install/micro_ros_msgs/share/micro_ros_msgs/cmake/micro_ros_msgs__rosidl_typesupport_introspection_cExport.cmake
[1.246s] -- Up-to-date: /home/saab/Desktop/microROS_AUV/install/micro_ros_msgs/share/micro_ros_msgs/cmake/micro_ros_msgs__rosidl_typesupport_introspection_cExport-noconfig.cmake
[1.246s] -- Up-to-date: /home/saab/Desktop/microROS_AUV/install/micro_ros_msgs/share/micro_ros_msgs/cmake/micro_ros_msgs__rosidl_typesupport_cExport.cmake
[1.246s] -- Up-to-date: /home/saab/Desktop/microROS_AUV/install/micro_ros_msgs/share/micro_ros_msgs/cmake/micro_ros_msgs__rosidl_typesupport_cExport-noconfig.cmake
[1.246s] -- Up-to-date: /home/saab/Desktop/microROS_AUV/install/micro_ros_msgs/share/micro_ros_msgs/cmake/export_micro_ros_msgs__rosidl_generator_cppExport.cmake
[1.247s] -- Up-to-date: /home/saab/Desktop/microROS_AUV/install/micro_ros_msgs/share/micro_ros_msgs/cmake/export_micro_ros_msgs__rosidl_typesupport_fastrtps_cppExport.cmake
[1.247s] -- Up-to-date: /home/saab/Desktop/microROS_AUV/install/micro_ros_msgs/share/micro_ros_msgs/cmake/export_micro_ros_msgs__rosidl_typesupport_fastrtps_cppExport-noconfig.cmake
[1.247s] -- Up-to-date: /home/saab/Desktop/microROS_AUV/install/micro_ros_msgs/share/micro_ros_msgs/cmake/micro_ros_msgs__rosidl_typesupport_introspection_cppExport.cmake
[1.247s] -- Up-to-date: /home/saab/Desktop/microROS_AUV/install/micro_ros_msgs/share/micro_ros_msgs/cmake/micro_ros_msgs__rosidl_typesupport_introspection_cppExport-noconfig.cmake
[1.247s] -- Up-to-date: /home/saab/Desktop/microROS_AUV/install/micro_ros_msgs/share/micro_ros_msgs/cmake/micro_ros_msgs__rosidl_typesupport_cppExport.cmake
[1.247s] -- Up-to-date: /home/saab/Desktop/microROS_AUV/install/micro_ros_msgs/share/micro_ros_msgs/cmake/micro_ros_msgs__rosidl_typesupport_cppExport-noconfig.cmake
[1.248s] -- Up-to-date: /home/saab/Desktop/microROS_AUV/install/micro_ros_msgs/share/micro_ros_msgs/cmake/export_micro_ros_msgs__rosidl_generator_pyExport.cmake
[1.248s] -- Up-to-date: /home/saab/Desktop/microROS_AUV/install/micro_ros_msgs/share/micro_ros_msgs/cmake/export_micro_ros_msgs__rosidl_generator_pyExport-noconfig.cmake
[1.248s] -- Up-to-date: /home/saab/Desktop/microROS_AUV/install/micro_ros_msgs/share/micro_ros_msgs/cmake/rosidl_cmake-extras.cmake
[1.248s] -- Up-to-date: /home/saab/Desktop/microROS_AUV/install/micro_ros_msgs/share/micro_ros_msgs/cmake/ament_cmake_export_include_directories-extras.cmake
[1.248s] -- Up-to-date: /home/saab/Desktop/microROS_AUV/install/micro_ros_msgs/share/micro_ros_msgs/cmake/ament_cmake_export_libraries-extras.cmake
[1.248s] -- Up-to-date: /home/saab/Desktop/microROS_AUV/install/micro_ros_msgs/share/micro_ros_msgs/cmake/ament_cmake_export_targets-extras.cmake
[1.248s] -- Up-to-date: /home/saab/Desktop/microROS_AUV/install/micro_ros_msgs/share/micro_ros_msgs/cmake/rosidl_cmake_export_typesupport_targets-extras.cmake
[1.248s] -- Up-to-date: /home/saab/Desktop/microROS_AUV/install/micro_ros_msgs/share/micro_ros_msgs/cmake/ament_cmake_export_dependencies-extras.cmake
[1.248s] -- Up-to-date: /home/saab/Desktop/microROS_AUV/install/micro_ros_msgs/share/micro_ros_msgs/cmake/rosidl_cmake_export_typesupport_libraries-extras.cmake
[1.248s] -- Up-to-date: /home/saab/Desktop/microROS_AUV/install/micro_ros_msgs/share/micro_ros_msgs/cmake/micro_ros_msgsConfig.cmake
[1.248s] -- Up-to-date: /home/saab/Desktop/microROS_AUV/install/micro_ros_msgs/share/micro_ros_msgs/cmake/micro_ros_msgsConfig-version.cmake
[1.248s] -- Up-to-date: /home/saab/Desktop/microROS_AUV/install/micro_ros_msgs/share/micro_ros_msgs/package.xml
[1.250s] Invoked command in '/home/saab/Desktop/microROS_AUV/build/micro_ros_msgs' returned '0': CMAKE_PREFIX_PATH=${CMAKE_PREFIX_PATH}:/home/saab/Desktop/2024_UWR/install/sonar_subs:/opt/ros/humble /usr/bin/cmake --install /home/saab/Desktop/microROS_AUV/build/micro_ros_msgs
