[0.404s] Invoking command in '/home/uwr/microROS_AUV/build/custom_interfaces': CMAKE_PREFIX_PATH=${CMAKE_PREFIX_PATH}:/home/uwr/Desktop/2024_UWR/install/sonar_subs:/opt/ros/humble /usr/bin/cmake /home/uwr/microROS_AUV/src/custom_interfaces -DCMAKE_INSTALL_PREFIX=/home/uwr/microROS_AUV/install/custom_interfaces
[0.535s] -- The C compiler identification is GNU 11.4.0
[0.648s] -- The CXX compiler identification is GNU 11.4.0
[0.661s] -- Detecting C compiler ABI info
[0.767s] -- Detecting C compiler ABI info - done
[0.791s] -- Check for working C compiler: /usr/bin/cc - skipped
[0.793s] -- Detecting C compile features
[0.795s] -- Detecting C compile features - done
[0.801s] -- Detecting CXX compiler ABI info
[0.926s] -- Detecting CXX compiler ABI info - done
[0.951s] -- Check for working CXX compiler: /usr/bin/c++ - skipped
[0.951s] -- Detecting CXX compile features
[0.953s] -- Detecting CXX compile features - done
[0.958s] -- Found ament_cmake: 1.3.10 (/opt/ros/humble/share/ament_cmake/cmake)
[1.228s] -- Found Python3: /usr/bin/python3 (found version "3.10.12") found components: Interpreter 
[1.403s] -- Found rosidl_default_generators: 1.2.0 (/opt/ros/humble/share/rosidl_default_generators/cmake)
[1.412s] -- Using all available rosidl_typesupport_c: rosidl_typesupport_fastrtps_c;rosidl_typesupport_introspection_c
[1.427s] -- Found rosidl_adapter: 3.1.5 (/opt/ros/humble/share/rosidl_adapter/cmake)
[1.509s] -- Using all available rosidl_typesupport_cpp: rosidl_typesupport_fastrtps_cpp;rosidl_typesupport_introspection_cpp
[1.587s] -- Found ament_lint_auto: 0.12.11 (/opt/ros/humble/share/ament_lint_auto/cmake)
[2.020s] -- Found ament_cmake_ros: 0.10.0 (/opt/ros/humble/share/ament_cmake_ros/cmake)
[2.272s] -- Using all available rosidl_typesupport_c: rosidl_typesupport_fastrtps_c;rosidl_typesupport_introspection_c
[2.586s] -- Using all available rosidl_typesupport_cpp: rosidl_typesupport_fastrtps_cpp;rosidl_typesupport_introspection_cpp
[2.619s] -- Found PythonInterp: /usr/bin/python3 (found suitable version "3.10.12", minimum required is "3.6") 
[2.621s] -- Found python_cmake_module: 0.10.0 (/opt/ros/humble/share/python_cmake_module/cmake)
[2.657s] -- Found PythonLibs: /usr/lib/x86_64-linux-gnu/libpython3.10.so (found suitable version "3.10.12", minimum required is "3.5") 
[2.658s] -- Using PYTHON_EXECUTABLE: /usr/bin/python3
[2.658s] -- Using PYTHON_INCLUDE_DIRS: /usr/include/python3.10
[2.658s] -- Using PYTHON_LIBRARIES: /usr/lib/x86_64-linux-gnu/libpython3.10.so
[2.686s] -- Found PythonExtra: .so  
[2.737s] -- Added test 'lint_cmake' to check CMake code style
[2.738s] -- Added test 'xmllint' to check XML markup files
[2.745s] -- Configuring done
[2.780s] -- Generating done
[2.783s] -- Build files have been written to: /home/uwr/microROS_AUV/build/custom_interfaces
[2.791s] Invoked command in '/home/uwr/microROS_AUV/build/custom_interfaces' returned '0': CMAKE_PREFIX_PATH=${CMAKE_PREFIX_PATH}:/home/uwr/Desktop/2024_UWR/install/sonar_subs:/opt/ros/humble /usr/bin/cmake /home/uwr/microROS_AUV/src/custom_interfaces -DCMAKE_INSTALL_PREFIX=/home/uwr/microROS_AUV/install/custom_interfaces
[2.794s] Invoking command in '/home/uwr/microROS_AUV/build/custom_interfaces': CMAKE_PREFIX_PATH=${CMAKE_PREFIX_PATH}:/home/uwr/Desktop/2024_UWR/install/sonar_subs:/opt/ros/humble /usr/bin/cmake --build /home/uwr/microROS_AUV/build/custom_interfaces -- -j8 -l8
[2.842s] [  2%] [34m[1mGenerating C code for ROS interfaces[0m
[2.856s] [  5%] [34m[1mGenerating C++ code for ROS interfaces[0m
[2.869s] [  5%] Built target ament_cmake_python_copy_custom_interfaces
[3.318s] running egg_info
[3.320s] creating custom_interfaces.egg-info
[3.321s] writing custom_interfaces.egg-info/PKG-INFO
[3.321s] writing dependency_links to custom_interfaces.egg-info/dependency_links.txt
[3.322s] writing top-level names to custom_interfaces.egg-info/top_level.txt
[3.322s] writing manifest file 'custom_interfaces.egg-info/SOURCES.txt'
[3.325s] reading manifest file 'custom_interfaces.egg-info/SOURCES.txt'
[3.326s] writing manifest file 'custom_interfaces.egg-info/SOURCES.txt'
[3.376s] [  5%] Built target ament_cmake_python_build_custom_interfaces_egg
[3.405s] [  5%] Built target custom_interfaces__cpp
[3.420s] [  7%] [34m[1mGenerating C++ type support dispatch for ROS interfaces[0m
[3.421s] [ 10%] [34m[1mGenerating C++ type support for eProsima Fast-RTPS[0m
[3.425s] [ 12%] [34m[1mGenerating C++ introspection for ROS interfaces[0m
[3.452s] [ 15%] [32mBuilding C object CMakeFiles/custom_interfaces__rosidl_generator_c.dir/rosidl_generator_c/custom_interfaces/msg/detail/thrusters_states__functions.c.o[0m
[3.459s] [ 17%] [32mBuilding C object CMakeFiles/custom_interfaces__rosidl_generator_c.dir/rosidl_generator_c/custom_interfaces/srv/detail/variable_activate__functions.c.o[0m
[3.593s] [ 20%] [32m[1mLinking C shared library libcustom_interfaces__rosidl_generator_c.so[0m
[3.650s] [ 20%] Built target custom_interfaces__rosidl_generator_c
[3.667s] [ 23%] [34m[1mGenerating C type support for eProsima Fast-RTPS[0m
[3.673s] [ 28%] [34m[1mGenerating C type support dispatch for ROS interfaces[0m
[3.673s] [ 28%] [34m[1mGenerating C introspection for ROS interfaces[0m
[3.917s] [ 30%] [32mBuilding CXX object CMakeFiles/custom_interfaces__rosidl_typesupport_cpp.dir/rosidl_typesupport_cpp/custom_interfaces/msg/thrusters_states__type_support.cpp.o[0m
[3.917s] [ 33%] [32mBuilding CXX object CMakeFiles/custom_interfaces__rosidl_typesupport_cpp.dir/rosidl_typesupport_cpp/custom_interfaces/srv/variable_activate__type_support.cpp.o[0m
[4.083s] [ 38%] [32mBuilding CXX object CMakeFiles/custom_interfaces__rosidl_typesupport_fastrtps_cpp.dir/rosidl_typesupport_fastrtps_cpp/custom_interfaces/msg/detail/dds_fastrtps/thrusters_states__type_support.cpp.o[0m
[4.083s] [ 38%] [32mBuilding CXX object CMakeFiles/custom_interfaces__rosidl_typesupport_fastrtps_cpp.dir/rosidl_typesupport_fastrtps_cpp/custom_interfaces/srv/detail/dds_fastrtps/variable_activate__type_support.cpp.o[0m
[4.233s] [ 41%] [32mBuilding CXX object CMakeFiles/custom_interfaces__rosidl_typesupport_introspection_cpp.dir/rosidl_typesupport_introspection_cpp/custom_interfaces/msg/detail/thrusters_states__type_support.cpp.o[0m
[4.491s] [ 43%] [32mBuilding CXX object CMakeFiles/custom_interfaces__rosidl_typesupport_c.dir/rosidl_typesupport_c/custom_interfaces/msg/thrusters_states__type_support.cpp.o[0m
[4.570s] [ 46%] [32mBuilding CXX object CMakeFiles/custom_interfaces__rosidl_typesupport_c.dir/rosidl_typesupport_c/custom_interfaces/srv/variable_activate__type_support.cpp.o[0m
[4.651s] [ 48%] [32m[1mLinking CXX shared library libcustom_interfaces__rosidl_typesupport_c.so[0m
[4.662s] [ 51%] [32mBuilding CXX object CMakeFiles/custom_interfaces__rosidl_typesupport_introspection_cpp.dir/rosidl_typesupport_introspection_cpp/custom_interfaces/srv/detail/variable_activate__type_support.cpp.o[0m
[4.666s] [ 53%] [32mBuilding C object CMakeFiles/custom_interfaces__rosidl_typesupport_introspection_c.dir/rosidl_typesupport_introspection_c/custom_interfaces/msg/detail/thrusters_states__type_support.c.o[0m
[4.673s] [ 56%] [32m[1mLinking CXX shared library libcustom_interfaces__rosidl_typesupport_cpp.so[0m
[4.682s] [ 58%] [32mBuilding CXX object CMakeFiles/custom_interfaces__rosidl_typesupport_fastrtps_c.dir/rosidl_typesupport_fastrtps_c/custom_interfaces/msg/detail/thrusters_states__type_support_c.cpp.o[0m
[4.766s] [ 61%] Built target custom_interfaces__rosidl_typesupport_c
[4.766s] [ 61%] [32mBuilding C object CMakeFiles/custom_interfaces__rosidl_typesupport_introspection_c.dir/rosidl_typesupport_introspection_c/custom_interfaces/srv/detail/variable_activate__type_support.c.o[0m
[4.782s] [ 64%] [32mBuilding CXX object CMakeFiles/custom_interfaces__rosidl_typesupport_fastrtps_c.dir/rosidl_typesupport_fastrtps_c/custom_interfaces/srv/detail/variable_activate__type_support_c.cpp.o[0m
[4.783s] [ 64%] Built target custom_interfaces__rosidl_typesupport_cpp
[4.855s] [ 66%] [32m[1mLinking C shared library libcustom_interfaces__rosidl_typesupport_introspection_c.so[0m
[4.932s] [ 66%] Built target custom_interfaces__rosidl_typesupport_introspection_c
[5.246s] [ 69%] [32m[1mLinking CXX shared library libcustom_interfaces__rosidl_typesupport_fastrtps_cpp.so[0m
[5.379s] [ 69%] Built target custom_interfaces__rosidl_typesupport_fastrtps_cpp
[5.531s] [ 71%] [32m[1mLinking CXX shared library libcustom_interfaces__rosidl_typesupport_introspection_cpp.so[0m
[5.584s] [ 74%] [32m[1mLinking CXX shared library libcustom_interfaces__rosidl_typesupport_fastrtps_c.so[0m
[5.641s] [ 74%] Built target custom_interfaces__rosidl_typesupport_introspection_cpp
[5.684s] [ 74%] Built target custom_interfaces__rosidl_typesupport_fastrtps_c
[5.706s] [ 74%] Built target custom_interfaces
[5.729s] [ 76%] [34m[1mGenerating Python code for ROS interfaces[0m
[6.341s] [ 76%] Built target custom_interfaces__py
[6.368s] [ 82%] [32mBuilding C object CMakeFiles/custom_interfaces__rosidl_generator_py.dir/rosidl_generator_py/custom_interfaces/msg/_thrusters_states_s.c.o[0m
[6.368s] [ 82%] [32mBuilding C object CMakeFiles/custom_interfaces__rosidl_generator_py.dir/rosidl_generator_py/custom_interfaces/srv/_variable_activate_s.c.o[0m
[6.543s] [ 84%] [32m[1mLinking C shared library rosidl_generator_py/custom_interfaces/libcustom_interfaces__rosidl_generator_py.so[0m
[6.589s] [ 84%] Built target custom_interfaces__rosidl_generator_py
[6.618s] [ 92%] [32mBuilding C object CMakeFiles/custom_interfaces__rosidl_typesupport_fastrtps_c__pyext.dir/rosidl_generator_py/custom_interfaces/_custom_interfaces_s.ep.rosidl_typesupport_fastrtps_c.c.o[0m
[6.618s] [ 92%] [32mBuilding C object CMakeFiles/custom_interfaces__rosidl_typesupport_c__pyext.dir/rosidl_generator_py/custom_interfaces/_custom_interfaces_s.ep.rosidl_typesupport_c.c.o[0m
[6.618s] [ 92%] [32mBuilding C object CMakeFiles/custom_interfaces__rosidl_typesupport_introspection_c__pyext.dir/rosidl_generator_py/custom_interfaces/_custom_interfaces_s.ep.rosidl_typesupport_introspection_c.c.o[0m
[6.780s] [100%] [32m[1mLinking C shared library rosidl_generator_py/custom_interfaces/custom_interfaces_s__rosidl_typesupport_introspection_c.cpython-310-x86_64-linux-gnu.so[0m
[6.780s] [100%] [32m[1mLinking C shared library rosidl_generator_py/custom_interfaces/custom_interfaces_s__rosidl_typesupport_fastrtps_c.cpython-310-x86_64-linux-gnu.so[0m
[6.780s] [100%] [32m[1mLinking C shared library rosidl_generator_py/custom_interfaces/custom_interfaces_s__rosidl_typesupport_c.cpython-310-x86_64-linux-gnu.so[0m
[6.829s] [100%] Built target custom_interfaces__rosidl_typesupport_introspection_c__pyext
[6.829s] [100%] Built target custom_interfaces__rosidl_typesupport_c__pyext
[6.830s] [100%] Built target custom_interfaces__rosidl_typesupport_fastrtps_c__pyext
[6.843s] Invoked command in '/home/uwr/microROS_AUV/build/custom_interfaces' returned '0': CMAKE_PREFIX_PATH=${CMAKE_PREFIX_PATH}:/home/uwr/Desktop/2024_UWR/install/sonar_subs:/opt/ros/humble /usr/bin/cmake --build /home/uwr/microROS_AUV/build/custom_interfaces -- -j8 -l8
[6.942s] Invoking command in '/home/uwr/microROS_AUV/build/custom_interfaces': CMAKE_PREFIX_PATH=${CMAKE_PREFIX_PATH}:/home/uwr/Desktop/2024_UWR/install/sonar_subs:/opt/ros/humble /usr/bin/cmake --install /home/uwr/microROS_AUV/build/custom_interfaces
[6.952s] -- Install configuration: ""
[6.952s] -- Installing: /home/uwr/microROS_AUV/install/custom_interfaces/share/ament_index/resource_index/rosidl_interfaces/custom_interfaces
[6.952s] -- Installing: /home/uwr/microROS_AUV/install/custom_interfaces/include/custom_interfaces/custom_interfaces
[6.953s] -- Installing: /home/uwr/microROS_AUV/install/custom_interfaces/include/custom_interfaces/custom_interfaces/msg
[6.953s] -- Installing: /home/uwr/microROS_AUV/install/custom_interfaces/include/custom_interfaces/custom_interfaces/msg/rosidl_generator_c__visibility_control.h
[6.954s] -- Installing: /home/uwr/microROS_AUV/install/custom_interfaces/include/custom_interfaces/custom_interfaces/msg/detail
[6.954s] -- Installing: /home/uwr/microROS_AUV/install/custom_interfaces/include/custom_interfaces/custom_interfaces/msg/detail/thrusters_states__functions.h
[6.954s] -- Installing: /home/uwr/microROS_AUV/install/custom_interfaces/include/custom_interfaces/custom_interfaces/msg/detail/thrusters_states__functions.c
[6.954s] -- Installing: /home/uwr/microROS_AUV/install/custom_interfaces/include/custom_interfaces/custom_interfaces/msg/detail/thrusters_states__struct.h
[6.955s] -- Installing: /home/uwr/microROS_AUV/install/custom_interfaces/include/custom_interfaces/custom_interfaces/msg/detail/thrusters_states__type_support.h
[6.955s] -- Installing: /home/uwr/microROS_AUV/install/custom_interfaces/include/custom_interfaces/custom_interfaces/msg/thrusters_states.h
[6.955s] -- Installing: /home/uwr/microROS_AUV/install/custom_interfaces/include/custom_interfaces/custom_interfaces/srv
[6.956s] -- Installing: /home/uwr/microROS_AUV/install/custom_interfaces/include/custom_interfaces/custom_interfaces/srv/variable_activate.h
[6.956s] -- Installing: /home/uwr/microROS_AUV/install/custom_interfaces/include/custom_interfaces/custom_interfaces/srv/detail
[6.956s] -- Installing: /home/uwr/microROS_AUV/install/custom_interfaces/include/custom_interfaces/custom_interfaces/srv/detail/variable_activate__struct.h
[6.956s] -- Installing: /home/uwr/microROS_AUV/install/custom_interfaces/include/custom_interfaces/custom_interfaces/srv/detail/variable_activate__type_support.h
[6.956s] -- Installing: /home/uwr/microROS_AUV/install/custom_interfaces/include/custom_interfaces/custom_interfaces/srv/detail/variable_activate__functions.h
[6.957s] -- Installing: /home/uwr/microROS_AUV/install/custom_interfaces/include/custom_interfaces/custom_interfaces/srv/detail/variable_activate__functions.c
[6.957s] -- Installing: /home/uwr/microROS_AUV/install/custom_interfaces/share/custom_interfaces/environment/library_path.sh
[6.957s] -- Installing: /home/uwr/microROS_AUV/install/custom_interfaces/share/custom_interfaces/environment/library_path.dsv
[6.957s] -- Installing: /home/uwr/microROS_AUV/install/custom_interfaces/lib/libcustom_interfaces__rosidl_generator_c.so
[6.958s] -- Set runtime path of "/home/uwr/microROS_AUV/install/custom_interfaces/lib/libcustom_interfaces__rosidl_generator_c.so" to ""
[6.958s] -- Up-to-date: /home/uwr/microROS_AUV/install/custom_interfaces/include/custom_interfaces/custom_interfaces
[6.958s] -- Up-to-date: /home/uwr/microROS_AUV/install/custom_interfaces/include/custom_interfaces/custom_interfaces/msg
[6.959s] -- Up-to-date: /home/uwr/microROS_AUV/install/custom_interfaces/include/custom_interfaces/custom_interfaces/msg/detail
[6.959s] -- Installing: /home/uwr/microROS_AUV/install/custom_interfaces/include/custom_interfaces/custom_interfaces/msg/detail/thrusters_states__rosidl_typesupport_fastrtps_c.h
[6.959s] -- Installing: /home/uwr/microROS_AUV/install/custom_interfaces/include/custom_interfaces/custom_interfaces/msg/rosidl_typesupport_fastrtps_c__visibility_control.h
[6.959s] -- Up-to-date: /home/uwr/microROS_AUV/install/custom_interfaces/include/custom_interfaces/custom_interfaces/srv
[6.959s] -- Up-to-date: /home/uwr/microROS_AUV/install/custom_interfaces/include/custom_interfaces/custom_interfaces/srv/detail
[6.960s] -- Installing: /home/uwr/microROS_AUV/install/custom_interfaces/include/custom_interfaces/custom_interfaces/srv/detail/variable_activate__rosidl_typesupport_fastrtps_c.h
[6.960s] -- Installing: /home/uwr/microROS_AUV/install/custom_interfaces/lib/libcustom_interfaces__rosidl_typesupport_fastrtps_c.so
[6.960s] -- Set runtime path of "/home/uwr/microROS_AUV/install/custom_interfaces/lib/libcustom_interfaces__rosidl_typesupport_fastrtps_c.so" to ""
[6.960s] -- Up-to-date: /home/uwr/microROS_AUV/install/custom_interfaces/include/custom_interfaces/custom_interfaces
[6.960s] -- Up-to-date: /home/uwr/microROS_AUV/install/custom_interfaces/include/custom_interfaces/custom_interfaces/msg
[6.961s] -- Installing: /home/uwr/microROS_AUV/install/custom_interfaces/include/custom_interfaces/custom_interfaces/msg/rosidl_typesupport_introspection_c__visibility_control.h
[6.961s] -- Up-to-date: /home/uwr/microROS_AUV/install/custom_interfaces/include/custom_interfaces/custom_interfaces/msg/detail
[6.961s] -- Installing: /home/uwr/microROS_AUV/install/custom_interfaces/include/custom_interfaces/custom_interfaces/msg/detail/thrusters_states__type_support.c
[6.961s] -- Installing: /home/uwr/microROS_AUV/install/custom_interfaces/include/custom_interfaces/custom_interfaces/msg/detail/thrusters_states__rosidl_typesupport_introspection_c.h
[6.961s] -- Up-to-date: /home/uwr/microROS_AUV/install/custom_interfaces/include/custom_interfaces/custom_interfaces/srv
[6.962s] -- Up-to-date: /home/uwr/microROS_AUV/install/custom_interfaces/include/custom_interfaces/custom_interfaces/srv/detail
[6.962s] -- Installing: /home/uwr/microROS_AUV/install/custom_interfaces/include/custom_interfaces/custom_interfaces/srv/detail/variable_activate__type_support.c
[6.962s] -- Installing: /home/uwr/microROS_AUV/install/custom_interfaces/include/custom_interfaces/custom_interfaces/srv/detail/variable_activate__rosidl_typesupport_introspection_c.h
[6.962s] -- Installing: /home/uwr/microROS_AUV/install/custom_interfaces/lib/libcustom_interfaces__rosidl_typesupport_introspection_c.so
[6.962s] -- Set runtime path of "/home/uwr/microROS_AUV/install/custom_interfaces/lib/libcustom_interfaces__rosidl_typesupport_introspection_c.so" to ""
[6.963s] -- Installing: /home/uwr/microROS_AUV/install/custom_interfaces/lib/libcustom_interfaces__rosidl_typesupport_c.so
[6.963s] -- Set runtime path of "/home/uwr/microROS_AUV/install/custom_interfaces/lib/libcustom_interfaces__rosidl_typesupport_c.so" to ""
[6.963s] -- Up-to-date: /home/uwr/microROS_AUV/install/custom_interfaces/include/custom_interfaces/custom_interfaces
[6.963s] -- Up-to-date: /home/uwr/microROS_AUV/install/custom_interfaces/include/custom_interfaces/custom_interfaces/msg
[6.963s] -- Up-to-date: /home/uwr/microROS_AUV/install/custom_interfaces/include/custom_interfaces/custom_interfaces/msg/detail
[6.964s] -- Installing: /home/uwr/microROS_AUV/install/custom_interfaces/include/custom_interfaces/custom_interfaces/msg/detail/thrusters_states__builder.hpp
[6.964s] -- Installing: /home/uwr/microROS_AUV/install/custom_interfaces/include/custom_interfaces/custom_interfaces/msg/detail/thrusters_states__traits.hpp
[6.964s] -- Installing: /home/uwr/microROS_AUV/install/custom_interfaces/include/custom_interfaces/custom_interfaces/msg/detail/thrusters_states__struct.hpp
[6.964s] -- Installing: /home/uwr/microROS_AUV/install/custom_interfaces/include/custom_interfaces/custom_interfaces/msg/thrusters_states.hpp
[6.964s] -- Up-to-date: /home/uwr/microROS_AUV/install/custom_interfaces/include/custom_interfaces/custom_interfaces/srv
[6.965s] -- Up-to-date: /home/uwr/microROS_AUV/install/custom_interfaces/include/custom_interfaces/custom_interfaces/srv/detail
[6.965s] -- Installing: /home/uwr/microROS_AUV/install/custom_interfaces/include/custom_interfaces/custom_interfaces/srv/detail/variable_activate__builder.hpp
[6.965s] -- Installing: /home/uwr/microROS_AUV/install/custom_interfaces/include/custom_interfaces/custom_interfaces/srv/detail/variable_activate__struct.hpp
[6.965s] -- Installing: /home/uwr/microROS_AUV/install/custom_interfaces/include/custom_interfaces/custom_interfaces/srv/detail/variable_activate__traits.hpp
[6.965s] -- Installing: /home/uwr/microROS_AUV/install/custom_interfaces/include/custom_interfaces/custom_interfaces/srv/variable_activate.hpp
[6.966s] -- Up-to-date: /home/uwr/microROS_AUV/install/custom_interfaces/include/custom_interfaces/custom_interfaces
[6.966s] -- Up-to-date: /home/uwr/microROS_AUV/install/custom_interfaces/include/custom_interfaces/custom_interfaces/msg
[6.966s] -- Up-to-date: /home/uwr/microROS_AUV/install/custom_interfaces/include/custom_interfaces/custom_interfaces/msg/detail
[6.966s] -- Installing: /home/uwr/microROS_AUV/install/custom_interfaces/include/custom_interfaces/custom_interfaces/msg/detail/thrusters_states__rosidl_typesupport_fastrtps_cpp.hpp
[6.966s] -- Installing: /home/uwr/microROS_AUV/install/custom_interfaces/include/custom_interfaces/custom_interfaces/msg/detail/dds_fastrtps
[6.967s] -- Installing: /home/uwr/microROS_AUV/install/custom_interfaces/include/custom_interfaces/custom_interfaces/msg/rosidl_typesupport_fastrtps_cpp__visibility_control.h
[6.967s] -- Up-to-date: /home/uwr/microROS_AUV/install/custom_interfaces/include/custom_interfaces/custom_interfaces/srv
[6.967s] -- Up-to-date: /home/uwr/microROS_AUV/install/custom_interfaces/include/custom_interfaces/custom_interfaces/srv/detail
[6.967s] -- Installing: /home/uwr/microROS_AUV/install/custom_interfaces/include/custom_interfaces/custom_interfaces/srv/detail/variable_activate__rosidl_typesupport_fastrtps_cpp.hpp
[6.967s] -- Installing: /home/uwr/microROS_AUV/install/custom_interfaces/include/custom_interfaces/custom_interfaces/srv/detail/dds_fastrtps
[6.968s] -- Installing: /home/uwr/microROS_AUV/install/custom_interfaces/lib/libcustom_interfaces__rosidl_typesupport_fastrtps_cpp.so
[6.968s] -- Set runtime path of "/home/uwr/microROS_AUV/install/custom_interfaces/lib/libcustom_interfaces__rosidl_typesupport_fastrtps_cpp.so" to ""
[6.968s] -- Up-to-date: /home/uwr/microROS_AUV/install/custom_interfaces/include/custom_interfaces/custom_interfaces
[6.968s] -- Up-to-date: /home/uwr/microROS_AUV/install/custom_interfaces/include/custom_interfaces/custom_interfaces/msg
[6.968s] -- Up-to-date: /home/uwr/microROS_AUV/install/custom_interfaces/include/custom_interfaces/custom_interfaces/msg/detail
[6.969s] -- Installing: /home/uwr/microROS_AUV/install/custom_interfaces/include/custom_interfaces/custom_interfaces/msg/detail/thrusters_states__type_support.cpp
[6.969s] -- Installing: /home/uwr/microROS_AUV/install/custom_interfaces/include/custom_interfaces/custom_interfaces/msg/detail/thrusters_states__rosidl_typesupport_introspection_cpp.hpp
[6.969s] -- Up-to-date: /home/uwr/microROS_AUV/install/custom_interfaces/include/custom_interfaces/custom_interfaces/srv
[6.969s] -- Up-to-date: /home/uwr/microROS_AUV/install/custom_interfaces/include/custom_interfaces/custom_interfaces/srv/detail
[6.969s] -- Installing: /home/uwr/microROS_AUV/install/custom_interfaces/include/custom_interfaces/custom_interfaces/srv/detail/variable_activate__rosidl_typesupport_introspection_cpp.hpp
[6.970s] -- Installing: /home/uwr/microROS_AUV/install/custom_interfaces/include/custom_interfaces/custom_interfaces/srv/detail/variable_activate__type_support.cpp
[6.970s] -- Installing: /home/uwr/microROS_AUV/install/custom_interfaces/lib/libcustom_interfaces__rosidl_typesupport_introspection_cpp.so
[6.970s] -- Set runtime path of "/home/uwr/microROS_AUV/install/custom_interfaces/lib/libcustom_interfaces__rosidl_typesupport_introspection_cpp.so" to ""
[6.970s] -- Installing: /home/uwr/microROS_AUV/install/custom_interfaces/lib/libcustom_interfaces__rosidl_typesupport_cpp.so
[6.970s] -- Set runtime path of "/home/uwr/microROS_AUV/install/custom_interfaces/lib/libcustom_interfaces__rosidl_typesupport_cpp.so" to ""
[6.971s] -- Installing: /home/uwr/microROS_AUV/install/custom_interfaces/share/custom_interfaces/environment/pythonpath.sh
[6.971s] -- Installing: /home/uwr/microROS_AUV/install/custom_interfaces/share/custom_interfaces/environment/pythonpath.dsv
[6.971s] -- Installing: /home/uwr/microROS_AUV/install/custom_interfaces/local/lib/python3.10/dist-packages/custom_interfaces-0.0.0-py3.10.egg-info
[6.971s] -- Installing: /home/uwr/microROS_AUV/install/custom_interfaces/local/lib/python3.10/dist-packages/custom_interfaces-0.0.0-py3.10.egg-info/top_level.txt
[6.971s] -- Installing: /home/uwr/microROS_AUV/install/custom_interfaces/local/lib/python3.10/dist-packages/custom_interfaces-0.0.0-py3.10.egg-info/dependency_links.txt
[6.972s] -- Installing: /home/uwr/microROS_AUV/install/custom_interfaces/local/lib/python3.10/dist-packages/custom_interfaces-0.0.0-py3.10.egg-info/PKG-INFO
[6.972s] -- Installing: /home/uwr/microROS_AUV/install/custom_interfaces/local/lib/python3.10/dist-packages/custom_interfaces-0.0.0-py3.10.egg-info/SOURCES.txt
[6.972s] -- Installing: /home/uwr/microROS_AUV/install/custom_interfaces/local/lib/python3.10/dist-packages/custom_interfaces
[6.972s] -- Installing: /home/uwr/microROS_AUV/install/custom_interfaces/local/lib/python3.10/dist-packages/custom_interfaces/libcustom_interfaces__rosidl_generator_py.so
[6.973s] -- Installing: /home/uwr/microROS_AUV/install/custom_interfaces/local/lib/python3.10/dist-packages/custom_interfaces/_custom_interfaces_s.ep.rosidl_typesupport_fastrtps_c.c
[6.973s] -- Installing: /home/uwr/microROS_AUV/install/custom_interfaces/local/lib/python3.10/dist-packages/custom_interfaces/custom_interfaces_s__rosidl_typesupport_introspection_c.cpython-310-x86_64-linux-gnu.so
[6.973s] -- Installing: /home/uwr/microROS_AUV/install/custom_interfaces/local/lib/python3.10/dist-packages/custom_interfaces/_custom_interfaces_s.ep.rosidl_typesupport_c.c
[6.973s] -- Installing: /home/uwr/microROS_AUV/install/custom_interfaces/local/lib/python3.10/dist-packages/custom_interfaces/msg
[6.974s] -- Installing: /home/uwr/microROS_AUV/install/custom_interfaces/local/lib/python3.10/dist-packages/custom_interfaces/msg/_thrusters_states.py
[6.974s] -- Installing: /home/uwr/microROS_AUV/install/custom_interfaces/local/lib/python3.10/dist-packages/custom_interfaces/msg/_thrusters_states_s.c
[6.974s] -- Installing: /home/uwr/microROS_AUV/install/custom_interfaces/local/lib/python3.10/dist-packages/custom_interfaces/msg/__init__.py
[6.974s] -- Installing: /home/uwr/microROS_AUV/install/custom_interfaces/local/lib/python3.10/dist-packages/custom_interfaces/__init__.py
[6.974s] -- Installing: /home/uwr/microROS_AUV/install/custom_interfaces/local/lib/python3.10/dist-packages/custom_interfaces/custom_interfaces_s__rosidl_typesupport_c.cpython-310-x86_64-linux-gnu.so
[6.975s] -- Installing: /home/uwr/microROS_AUV/install/custom_interfaces/local/lib/python3.10/dist-packages/custom_interfaces/custom_interfaces_s__rosidl_typesupport_fastrtps_c.cpython-310-x86_64-linux-gnu.so
[6.975s] -- Installing: /home/uwr/microROS_AUV/install/custom_interfaces/local/lib/python3.10/dist-packages/custom_interfaces/_custom_interfaces_s.ep.rosidl_typesupport_introspection_c.c
[6.975s] -- Installing: /home/uwr/microROS_AUV/install/custom_interfaces/local/lib/python3.10/dist-packages/custom_interfaces/srv
[6.975s] -- Installing: /home/uwr/microROS_AUV/install/custom_interfaces/local/lib/python3.10/dist-packages/custom_interfaces/srv/_variable_activate_s.c
[6.975s] -- Installing: /home/uwr/microROS_AUV/install/custom_interfaces/local/lib/python3.10/dist-packages/custom_interfaces/srv/__init__.py
[6.976s] -- Installing: /home/uwr/microROS_AUV/install/custom_interfaces/local/lib/python3.10/dist-packages/custom_interfaces/srv/_variable_activate.py
[7.034s] Listing '/home/uwr/microROS_AUV/install/custom_interfaces/local/lib/python3.10/dist-packages/custom_interfaces'...
[7.034s] Compiling '/home/uwr/microROS_AUV/install/custom_interfaces/local/lib/python3.10/dist-packages/custom_interfaces/__init__.py'...
[7.034s] Listing '/home/uwr/microROS_AUV/install/custom_interfaces/local/lib/python3.10/dist-packages/custom_interfaces/msg'...
[7.034s] Compiling '/home/uwr/microROS_AUV/install/custom_interfaces/local/lib/python3.10/dist-packages/custom_interfaces/msg/__init__.py'...
[7.035s] Compiling '/home/uwr/microROS_AUV/install/custom_interfaces/local/lib/python3.10/dist-packages/custom_interfaces/msg/_thrusters_states.py'...
[7.035s] Listing '/home/uwr/microROS_AUV/install/custom_interfaces/local/lib/python3.10/dist-packages/custom_interfaces/srv'...
[7.035s] Compiling '/home/uwr/microROS_AUV/install/custom_interfaces/local/lib/python3.10/dist-packages/custom_interfaces/srv/__init__.py'...
[7.035s] Compiling '/home/uwr/microROS_AUV/install/custom_interfaces/local/lib/python3.10/dist-packages/custom_interfaces/srv/_variable_activate.py'...
[7.040s] -- Installing: /home/uwr/microROS_AUV/install/custom_interfaces/local/lib/python3.10/dist-packages/custom_interfaces/custom_interfaces_s__rosidl_typesupport_fastrtps_c.cpython-310-x86_64-linux-gnu.so
[7.041s] -- Set runtime path of "/home/uwr/microROS_AUV/install/custom_interfaces/local/lib/python3.10/dist-packages/custom_interfaces/custom_interfaces_s__rosidl_typesupport_fastrtps_c.cpython-310-x86_64-linux-gnu.so" to ""
[7.041s] -- Installing: /home/uwr/microROS_AUV/install/custom_interfaces/local/lib/python3.10/dist-packages/custom_interfaces/custom_interfaces_s__rosidl_typesupport_introspection_c.cpython-310-x86_64-linux-gnu.so
[7.042s] -- Set runtime path of "/home/uwr/microROS_AUV/install/custom_interfaces/local/lib/python3.10/dist-packages/custom_interfaces/custom_interfaces_s__rosidl_typesupport_introspection_c.cpython-310-x86_64-linux-gnu.so" to ""
[7.042s] -- Installing: /home/uwr/microROS_AUV/install/custom_interfaces/local/lib/python3.10/dist-packages/custom_interfaces/custom_interfaces_s__rosidl_typesupport_c.cpython-310-x86_64-linux-gnu.so
[7.043s] -- Set runtime path of "/home/uwr/microROS_AUV/install/custom_interfaces/local/lib/python3.10/dist-packages/custom_interfaces/custom_interfaces_s__rosidl_typesupport_c.cpython-310-x86_64-linux-gnu.so" to ""
[7.043s] -- Installing: /home/uwr/microROS_AUV/install/custom_interfaces/lib/libcustom_interfaces__rosidl_generator_py.so
[7.044s] -- Set runtime path of "/home/uwr/microROS_AUV/install/custom_interfaces/lib/libcustom_interfaces__rosidl_generator_py.so" to ""
[7.044s] -- Installing: /home/uwr/microROS_AUV/install/custom_interfaces/share/custom_interfaces/msg/ThrustersStates.idl
[7.044s] -- Installing: /home/uwr/microROS_AUV/install/custom_interfaces/share/custom_interfaces/srv/VariableActivate.idl
[7.044s] -- Installing: /home/uwr/microROS_AUV/install/custom_interfaces/share/custom_interfaces/msg/ThrustersStates.msg
[7.045s] -- Installing: /home/uwr/microROS_AUV/install/custom_interfaces/share/custom_interfaces/srv/VariableActivate.srv
[7.045s] -- Installing: /home/uwr/microROS_AUV/install/custom_interfaces/share/custom_interfaces/srv/VariableActivate_Request.msg
[7.045s] -- Installing: /home/uwr/microROS_AUV/install/custom_interfaces/share/custom_interfaces/srv/VariableActivate_Response.msg
[7.046s] -- Installing: /home/uwr/microROS_AUV/install/custom_interfaces/share/ament_index/resource_index/package_run_dependencies/custom_interfaces
[7.046s] -- Installing: /home/uwr/microROS_AUV/install/custom_interfaces/share/ament_index/resource_index/parent_prefix_path/custom_interfaces
[7.046s] -- Installing: /home/uwr/microROS_AUV/install/custom_interfaces/share/custom_interfaces/environment/ament_prefix_path.sh
[7.047s] -- Installing: /home/uwr/microROS_AUV/install/custom_interfaces/share/custom_interfaces/environment/ament_prefix_path.dsv
[7.047s] -- Installing: /home/uwr/microROS_AUV/install/custom_interfaces/share/custom_interfaces/environment/path.sh
[7.047s] -- Installing: /home/uwr/microROS_AUV/install/custom_interfaces/share/custom_interfaces/environment/path.dsv
[7.048s] -- Installing: /home/uwr/microROS_AUV/install/custom_interfaces/share/custom_interfaces/local_setup.bash
[7.048s] -- Installing: /home/uwr/microROS_AUV/install/custom_interfaces/share/custom_interfaces/local_setup.sh
[7.048s] -- Installing: /home/uwr/microROS_AUV/install/custom_interfaces/share/custom_interfaces/local_setup.zsh
[7.048s] -- Installing: /home/uwr/microROS_AUV/install/custom_interfaces/share/custom_interfaces/local_setup.dsv
[7.049s] -- Installing: /home/uwr/microROS_AUV/install/custom_interfaces/share/custom_interfaces/package.dsv
[7.049s] -- Installing: /home/uwr/microROS_AUV/install/custom_interfaces/share/ament_index/resource_index/packages/custom_interfaces
[7.050s] -- Installing: /home/uwr/microROS_AUV/install/custom_interfaces/share/custom_interfaces/cmake/export_custom_interfaces__rosidl_generator_cExport.cmake
[7.050s] -- Installing: /home/uwr/microROS_AUV/install/custom_interfaces/share/custom_interfaces/cmake/export_custom_interfaces__rosidl_generator_cExport-noconfig.cmake
[7.050s] -- Installing: /home/uwr/microROS_AUV/install/custom_interfaces/share/custom_interfaces/cmake/export_custom_interfaces__rosidl_typesupport_fastrtps_cExport.cmake
[7.051s] -- Installing: /home/uwr/microROS_AUV/install/custom_interfaces/share/custom_interfaces/cmake/export_custom_interfaces__rosidl_typesupport_fastrtps_cExport-noconfig.cmake
[7.051s] -- Installing: /home/uwr/microROS_AUV/install/custom_interfaces/share/custom_interfaces/cmake/custom_interfaces__rosidl_typesupport_introspection_cExport.cmake
[7.051s] -- Installing: /home/uwr/microROS_AUV/install/custom_interfaces/share/custom_interfaces/cmake/custom_interfaces__rosidl_typesupport_introspection_cExport-noconfig.cmake
[7.052s] -- Installing: /home/uwr/microROS_AUV/install/custom_interfaces/share/custom_interfaces/cmake/custom_interfaces__rosidl_typesupport_cExport.cmake
[7.052s] -- Installing: /home/uwr/microROS_AUV/install/custom_interfaces/share/custom_interfaces/cmake/custom_interfaces__rosidl_typesupport_cExport-noconfig.cmake
[7.052s] -- Installing: /home/uwr/microROS_AUV/install/custom_interfaces/share/custom_interfaces/cmake/export_custom_interfaces__rosidl_generator_cppExport.cmake
[7.053s] -- Installing: /home/uwr/microROS_AUV/install/custom_interfaces/share/custom_interfaces/cmake/export_custom_interfaces__rosidl_typesupport_fastrtps_cppExport.cmake
[7.053s] -- Installing: /home/uwr/microROS_AUV/install/custom_interfaces/share/custom_interfaces/cmake/export_custom_interfaces__rosidl_typesupport_fastrtps_cppExport-noconfig.cmake
[7.053s] -- Installing: /home/uwr/microROS_AUV/install/custom_interfaces/share/custom_interfaces/cmake/custom_interfaces__rosidl_typesupport_introspection_cppExport.cmake
[7.054s] -- Installing: /home/uwr/microROS_AUV/install/custom_interfaces/share/custom_interfaces/cmake/custom_interfaces__rosidl_typesupport_introspection_cppExport-noconfig.cmake
[7.054s] -- Installing: /home/uwr/microROS_AUV/install/custom_interfaces/share/custom_interfaces/cmake/custom_interfaces__rosidl_typesupport_cppExport.cmake
[7.054s] -- Installing: /home/uwr/microROS_AUV/install/custom_interfaces/share/custom_interfaces/cmake/custom_interfaces__rosidl_typesupport_cppExport-noconfig.cmake
[7.055s] -- Installing: /home/uwr/microROS_AUV/install/custom_interfaces/share/custom_interfaces/cmake/export_custom_interfaces__rosidl_generator_pyExport.cmake
[7.055s] -- Installing: /home/uwr/microROS_AUV/install/custom_interfaces/share/custom_interfaces/cmake/export_custom_interfaces__rosidl_generator_pyExport-noconfig.cmake
[7.055s] -- Installing: /home/uwr/microROS_AUV/install/custom_interfaces/share/custom_interfaces/cmake/rosidl_cmake-extras.cmake
[7.056s] -- Installing: /home/uwr/microROS_AUV/install/custom_interfaces/share/custom_interfaces/cmake/ament_cmake_export_include_directories-extras.cmake
[7.056s] -- Installing: /home/uwr/microROS_AUV/install/custom_interfaces/share/custom_interfaces/cmake/ament_cmake_export_libraries-extras.cmake
[7.056s] -- Installing: /home/uwr/microROS_AUV/install/custom_interfaces/share/custom_interfaces/cmake/ament_cmake_export_targets-extras.cmake
[7.057s] -- Installing: /home/uwr/microROS_AUV/install/custom_interfaces/share/custom_interfaces/cmake/rosidl_cmake_export_typesupport_targets-extras.cmake
[7.057s] -- Installing: /home/uwr/microROS_AUV/install/custom_interfaces/share/custom_interfaces/cmake/ament_cmake_export_dependencies-extras.cmake
[7.057s] -- Installing: /home/uwr/microROS_AUV/install/custom_interfaces/share/custom_interfaces/cmake/rosidl_cmake_export_typesupport_libraries-extras.cmake
[7.058s] -- Installing: /home/uwr/microROS_AUV/install/custom_interfaces/share/custom_interfaces/cmake/custom_interfacesConfig.cmake
[7.058s] -- Installing: /home/uwr/microROS_AUV/install/custom_interfaces/share/custom_interfaces/cmake/custom_interfacesConfig-version.cmake
[7.058s] -- Installing: /home/uwr/microROS_AUV/install/custom_interfaces/share/custom_interfaces/package.xml
[7.063s] Invoked command in '/home/uwr/microROS_AUV/build/custom_interfaces' returned '0': CMAKE_PREFIX_PATH=${CMAKE_PREFIX_PATH}:/home/uwr/Desktop/2024_UWR/install/sonar_subs:/opt/ros/humble /usr/bin/cmake --install /home/uwr/microROS_AUV/build/custom_interfaces
