[0.032s] Invoking command in '/home/uwr/microROS_AUV/build/composition_interfaces': AMENT_PREFIX_PATH=/home/uwr/microROS_AUV/install/rcl_interfaces:${AMENT_PREFIX_PATH} CMAKE_PREFIX_PATH=/home/uwr/microROS_AUV/install/rcl_interfaces:/home/uwr/microROS_AUV/install/builtin_interfaces:/home/uwr/microROS_AUV/install/action_msgs:/home/uwr/microROS_AUV/install/unique_identifier_msgs:/home/uwr/microROS_AUV/install/std_srvs:/home/uwr/microROS_AUV/install/rosidl_typesupport_microxrcedds_test_msg:/home/uwr/microROS_AUV/install/rosidl_typesupport_microxrcedds_cpp_tests:/home/uwr/microROS_AUV/install/rmw_microxrcedds:/home/uwr/microROS_AUV/install/rosidl_typesupport_microxrcedds_cpp:/home/uwr/microROS_AUV/install/rosidl_typesupport_microxrcedds_c_tests:/home/uwr/microROS_AUV/install/rosidl_typesupport_microxrcedds_c:/home/uwr/microROS_AUV/install/rosgraph_msgs:/home/uwr/microROS_AUV/install/microxrcedds_client:/home/uwr/microROS_AUV/install/microcdr:/home/uwr/microROS_AUV/install/micro_ros_utilities:/home/uwr/microROS_AUV/install/micro_ros_msgs:/home/uwr/microROS_AUV/install/lifecycle_msgs:/home/uwr/microROS_AUV/install/complex_msgs:/home/uwr/microROS_AUV/install/micro_ros_setup:/home/uwr/microROS_AUV/install/custom_interfaces:/home/uwr/Desktop/2024_UWR/install/kalman_filter:/home/uwr/Desktop/2024_UWR/install/sonar_msgs:/home/uwr/Desktop/2024_UWR/install/ros2-driver:/home/uwr/Desktop/2024_UWR/install/oculus_interfaces:/home/uwr/Desktop/2024_UWR/install/ntrip:/home/uwr/Desktop/2024_UWR/install/adnav-driver:/home/uwr/fls_ws/install/oculus_interfaces:/home/uwr/microROS_AUV/install/statistics_msgs:/home/uwr/microROS_AUV/install/control_pkg:/home/uwr/Desktop/2024_UWR/install/sonar_subs:/opt/ros/humble LD_LIBRARY_PATH=/home/uwr/microROS_AUV/install/rcl_interfaces/lib:/home/uwr/microROS_AUV/install/builtin_interfaces/lib:/home/uwr/microROS_AUV/install/action_msgs/lib:/home/uwr/microROS_AUV/install/unique_identifier_msgs/lib:/home/uwr/microROS_AUV/install/std_srvs/lib:/home/uwr/microROS_AUV/install/statistics_msgs/lib:/home/uwr/microROS_AUV/install/rmw_microxrcedds/lib:/home/uwr/microROS_AUV/install/rosidl_typesupport_microxrcedds_cpp/lib:/home/uwr/microROS_AUV/install/rosidl_typesupport_microxrcedds_c/lib:/home/uwr/microROS_AUV/install/rosgraph_msgs/lib:/home/uwr/microROS_AUV/install/microxrcedds_client/lib:/home/uwr/microROS_AUV/install/microcdr/lib:/home/uwr/microROS_AUV/install/micro_ros_utilities/lib:/home/uwr/microROS_AUV/install/micro_ros_msgs/lib:/home/uwr/microROS_AUV/install/lifecycle_msgs/lib:/home/uwr/microROS_AUV/install/complex_msgs/lib:/home/uwr/microROS_AUV/install/custom_interfaces/lib:/home/uwr/oculus_driver/install/lib:/home/uwr/Desktop/2024_UWR/install/sonar_msgs/lib:/home/uwr/Desktop/2024_UWR/install/oculus_interfaces/lib:/home/uwr/fls_ws/install/oculus_interfaces/lib:/opt/ros/humble/opt/rviz_ogre_vendor/lib:/opt/ros/humble/lib/x86_64-linux-gnu:/opt/ros/humble/lib PYTHONPATH=/home/uwr/microROS_AUV/install/rcl_interfaces/local/lib/python3.10/dist-packages:${PYTHONPATH} /usr/bin/cmake /home/uwr/microROS_AUV/src/ros2/rcl_interfaces/composition_interfaces -DBUILD_TESTING=OFF -DBUILD_SHARED_LIBS=ON -DCMAKE_INSTALL_PREFIX=/home/uwr/microROS_AUV/install/composition_interfaces
[0.147s] -- The C compiler identification is GNU 11.4.0
[0.256s] -- The CXX compiler identification is GNU 11.4.0
[0.271s] -- Detecting C compiler ABI info
[0.402s] -- Detecting C compiler ABI info - done
[0.419s] -- Check for working C compiler: /usr/bin/cc - skipped
[0.420s] -- Detecting C compile features
[0.421s] -- Detecting C compile features - done
[0.427s] -- Detecting CXX compiler ABI info
[0.578s] -- Detecting CXX compiler ABI info - done
[0.595s] -- Check for working CXX compiler: /usr/bin/c++ - skipped
[0.596s] -- Detecting CXX compile features
[0.597s] -- Detecting CXX compile features - done
[0.604s] -- Found ament_cmake: 1.3.10 (/opt/ros/humble/share/ament_cmake/cmake)
[0.969s] -- Found Python3: /usr/bin/python3 (found version "3.10.12") found components: Interpreter 
[1.239s] -- Found rosidl_default_generators: 1.2.0 (/opt/ros/humble/share/rosidl_default_generators/cmake)
[1.258s] -- Using all available rosidl_typesupport_c: rosidl_typesupport_microxrcedds_c;rosidl_typesupport_fastrtps_c;rosidl_typesupport_introspection_c
[1.286s] -- Found rosidl_adapter: 3.1.5 (/opt/ros/humble/share/rosidl_adapter/cmake)
[1.442s] -- Using all available rosidl_typesupport_cpp: rosidl_typesupport_microxrcedds_cpp;rosidl_typesupport_fastrtps_cpp;rosidl_typesupport_introspection_cpp
[1.547s] -- Found rcl_interfaces: 1.2.2 (/home/uwr/microROS_AUV/install/rcl_interfaces/share/rcl_interfaces/cmake)
[2.507s] -- Found ament_cmake_ros: 0.10.0 (/opt/ros/humble/share/ament_cmake_ros/cmake)
[3.363s] -- Using all available rosidl_typesupport_c: rosidl_typesupport_microxrcedds_c;rosidl_typesupport_fastrtps_c;rosidl_typesupport_introspection_c
[4.269s] -- Using all available rosidl_typesupport_cpp: rosidl_typesupport_microxrcedds_cpp;rosidl_typesupport_fastrtps_cpp;rosidl_typesupport_introspection_cpp
[4.349s] -- Found PythonInterp: /usr/bin/python3 (found suitable version "3.10.12", minimum required is "3.6") 
[4.359s] -- Found python_cmake_module: 0.10.0 (/opt/ros/humble/share/python_cmake_module/cmake)
[4.449s] -- Found PythonLibs: /usr/lib/x86_64-linux-gnu/libpython3.10.so (found suitable version "3.10.12", minimum required is "3.5") 
[4.449s] -- Using PYTHON_EXECUTABLE: /usr/bin/python3
[4.450s] -- Using PYTHON_INCLUDE_DIRS: /usr/include/python3.10
[4.450s] -- Using PYTHON_LIBRARIES: /usr/lib/x86_64-linux-gnu/libpython3.10.so
[4.524s] -- Found PythonExtra: .so  
[4.708s] -- Configuring done
[4.834s] -- Generating done
[4.839s] -- Build files have been written to: /home/uwr/microROS_AUV/build/composition_interfaces
[4.851s] Invoked command in '/home/uwr/microROS_AUV/build/composition_interfaces' returned '0': AMENT_PREFIX_PATH=/home/uwr/microROS_AUV/install/rcl_interfaces:${AMENT_PREFIX_PATH} CMAKE_PREFIX_PATH=/home/uwr/microROS_AUV/install/rcl_interfaces:/home/uwr/microROS_AUV/install/builtin_interfaces:/home/uwr/microROS_AUV/install/action_msgs:/home/uwr/microROS_AUV/install/unique_identifier_msgs:/home/uwr/microROS_AUV/install/std_srvs:/home/uwr/microROS_AUV/install/rosidl_typesupport_microxrcedds_test_msg:/home/uwr/microROS_AUV/install/rosidl_typesupport_microxrcedds_cpp_tests:/home/uwr/microROS_AUV/install/rmw_microxrcedds:/home/uwr/microROS_AUV/install/rosidl_typesupport_microxrcedds_cpp:/home/uwr/microROS_AUV/install/rosidl_typesupport_microxrcedds_c_tests:/home/uwr/microROS_AUV/install/rosidl_typesupport_microxrcedds_c:/home/uwr/microROS_AUV/install/rosgraph_msgs:/home/uwr/microROS_AUV/install/microxrcedds_client:/home/uwr/microROS_AUV/install/microcdr:/home/uwr/microROS_AUV/install/micro_ros_utilities:/home/uwr/microROS_AUV/install/micro_ros_msgs:/home/uwr/microROS_AUV/install/lifecycle_msgs:/home/uwr/microROS_AUV/install/complex_msgs:/home/uwr/microROS_AUV/install/micro_ros_setup:/home/uwr/microROS_AUV/install/custom_interfaces:/home/uwr/Desktop/2024_UWR/install/kalman_filter:/home/uwr/Desktop/2024_UWR/install/sonar_msgs:/home/uwr/Desktop/2024_UWR/install/ros2-driver:/home/uwr/Desktop/2024_UWR/install/oculus_interfaces:/home/uwr/Desktop/2024_UWR/install/ntrip:/home/uwr/Desktop/2024_UWR/install/adnav-driver:/home/uwr/fls_ws/install/oculus_interfaces:/home/uwr/microROS_AUV/install/statistics_msgs:/home/uwr/microROS_AUV/install/control_pkg:/home/uwr/Desktop/2024_UWR/install/sonar_subs:/opt/ros/humble LD_LIBRARY_PATH=/home/uwr/microROS_AUV/install/rcl_interfaces/lib:/home/uwr/microROS_AUV/install/builtin_interfaces/lib:/home/uwr/microROS_AUV/install/action_msgs/lib:/home/uwr/microROS_AUV/install/unique_identifier_msgs/lib:/home/uwr/microROS_AUV/install/std_srvs/lib:/home/uwr/microROS_AUV/install/statistics_msgs/lib:/home/uwr/microROS_AUV/install/rmw_microxrcedds/lib:/home/uwr/microROS_AUV/install/rosidl_typesupport_microxrcedds_cpp/lib:/home/uwr/microROS_AUV/install/rosidl_typesupport_microxrcedds_c/lib:/home/uwr/microROS_AUV/install/rosgraph_msgs/lib:/home/uwr/microROS_AUV/install/microxrcedds_client/lib:/home/uwr/microROS_AUV/install/microcdr/lib:/home/uwr/microROS_AUV/install/micro_ros_utilities/lib:/home/uwr/microROS_AUV/install/micro_ros_msgs/lib:/home/uwr/microROS_AUV/install/lifecycle_msgs/lib:/home/uwr/microROS_AUV/install/complex_msgs/lib:/home/uwr/microROS_AUV/install/custom_interfaces/lib:/home/uwr/oculus_driver/install/lib:/home/uwr/Desktop/2024_UWR/install/sonar_msgs/lib:/home/uwr/Desktop/2024_UWR/install/oculus_interfaces/lib:/home/uwr/fls_ws/install/oculus_interfaces/lib:/opt/ros/humble/opt/rviz_ogre_vendor/lib:/opt/ros/humble/lib/x86_64-linux-gnu:/opt/ros/humble/lib PYTHONPATH=/home/uwr/microROS_AUV/install/rcl_interfaces/local/lib/python3.10/dist-packages:${PYTHONPATH} /usr/bin/cmake /home/uwr/microROS_AUV/src/ros2/rcl_interfaces/composition_interfaces -DBUILD_TESTING=OFF -DBUILD_SHARED_LIBS=ON -DCMAKE_INSTALL_PREFIX=/home/uwr/microROS_AUV/install/composition_interfaces
[4.855s] Invoking command in '/home/uwr/microROS_AUV/build/composition_interfaces': AMENT_PREFIX_PATH=/home/uwr/microROS_AUV/install/rcl_interfaces:${AMENT_PREFIX_PATH} CMAKE_PREFIX_PATH=/home/uwr/microROS_AUV/install/rcl_interfaces:/home/uwr/microROS_AUV/install/builtin_interfaces:/home/uwr/microROS_AUV/install/action_msgs:/home/uwr/microROS_AUV/install/unique_identifier_msgs:/home/uwr/microROS_AUV/install/std_srvs:/home/uwr/microROS_AUV/install/rosidl_typesupport_microxrcedds_test_msg:/home/uwr/microROS_AUV/install/rosidl_typesupport_microxrcedds_cpp_tests:/home/uwr/microROS_AUV/install/rmw_microxrcedds:/home/uwr/microROS_AUV/install/rosidl_typesupport_microxrcedds_cpp:/home/uwr/microROS_AUV/install/rosidl_typesupport_microxrcedds_c_tests:/home/uwr/microROS_AUV/install/rosidl_typesupport_microxrcedds_c:/home/uwr/microROS_AUV/install/rosgraph_msgs:/home/uwr/microROS_AUV/install/microxrcedds_client:/home/uwr/microROS_AUV/install/microcdr:/home/uwr/microROS_AUV/install/micro_ros_utilities:/home/uwr/microROS_AUV/install/micro_ros_msgs:/home/uwr/microROS_AUV/install/lifecycle_msgs:/home/uwr/microROS_AUV/install/complex_msgs:/home/uwr/microROS_AUV/install/micro_ros_setup:/home/uwr/microROS_AUV/install/custom_interfaces:/home/uwr/Desktop/2024_UWR/install/kalman_filter:/home/uwr/Desktop/2024_UWR/install/sonar_msgs:/home/uwr/Desktop/2024_UWR/install/ros2-driver:/home/uwr/Desktop/2024_UWR/install/oculus_interfaces:/home/uwr/Desktop/2024_UWR/install/ntrip:/home/uwr/Desktop/2024_UWR/install/adnav-driver:/home/uwr/fls_ws/install/oculus_interfaces:/home/uwr/microROS_AUV/install/statistics_msgs:/home/uwr/microROS_AUV/install/control_pkg:/home/uwr/Desktop/2024_UWR/install/sonar_subs:/opt/ros/humble LD_LIBRARY_PATH=/home/uwr/microROS_AUV/install/rcl_interfaces/lib:/home/uwr/microROS_AUV/install/builtin_interfaces/lib:/home/uwr/microROS_AUV/install/action_msgs/lib:/home/uwr/microROS_AUV/install/unique_identifier_msgs/lib:/home/uwr/microROS_AUV/install/std_srvs/lib:/home/uwr/microROS_AUV/install/statistics_msgs/lib:/home/uwr/microROS_AUV/install/rmw_microxrcedds/lib:/home/uwr/microROS_AUV/install/rosidl_typesupport_microxrcedds_cpp/lib:/home/uwr/microROS_AUV/install/rosidl_typesupport_microxrcedds_c/lib:/home/uwr/microROS_AUV/install/rosgraph_msgs/lib:/home/uwr/microROS_AUV/install/microxrcedds_client/lib:/home/uwr/microROS_AUV/install/microcdr/lib:/home/uwr/microROS_AUV/install/micro_ros_utilities/lib:/home/uwr/microROS_AUV/install/micro_ros_msgs/lib:/home/uwr/microROS_AUV/install/lifecycle_msgs/lib:/home/uwr/microROS_AUV/install/complex_msgs/lib:/home/uwr/microROS_AUV/install/custom_interfaces/lib:/home/uwr/oculus_driver/install/lib:/home/uwr/Desktop/2024_UWR/install/sonar_msgs/lib:/home/uwr/Desktop/2024_UWR/install/oculus_interfaces/lib:/home/uwr/fls_ws/install/oculus_interfaces/lib:/opt/ros/humble/opt/rviz_ogre_vendor/lib:/opt/ros/humble/lib/x86_64-linux-gnu:/opt/ros/humble/lib PYTHONPATH=/home/uwr/microROS_AUV/install/rcl_interfaces/local/lib/python3.10/dist-packages:${PYTHONPATH} /usr/bin/cmake --build /home/uwr/microROS_AUV/build/composition_interfaces -- -j8 -l8
[4.974s] [  1%] [34m[1mGenerating C code for ROS interfaces[0m
[5.005s] [  3%] [34m[1mGenerating C++ code for ROS interfaces[0m
[5.029s] [  3%] Built target ament_cmake_python_copy_composition_interfaces
[5.939s] running egg_info
[5.942s] creating composition_interfaces.egg-info
[5.946s] writing composition_interfaces.egg-info/PKG-INFO
[5.947s] writing dependency_links to composition_interfaces.egg-info/dependency_links.txt
[5.947s] writing top-level names to composition_interfaces.egg-info/top_level.txt
[5.947s] writing manifest file 'composition_interfaces.egg-info/SOURCES.txt'
[5.950s] reading manifest file 'composition_interfaces.egg-info/SOURCES.txt'
[5.952s] writing manifest file 'composition_interfaces.egg-info/SOURCES.txt'
[6.023s] [  3%] Built target ament_cmake_python_build_composition_interfaces_egg
[6.806s] [  3%] Built target composition_interfaces__cpp
[6.852s] [  5%] [34m[1mGenerating C++ type support dispatch for ROS interfaces[0m
[6.852s] [  6%] [34m[1mGenerating C++ type support for eProsima Micro XRCE-DDS[0m
[6.855s] [  8%] [34m[1mGenerating C++ type support for eProsima Fast-RTPS[0m
[6.884s] [ 10%] [34m[1mGenerating C++ introspection for ROS interfaces[0m
[6.886s] [ 11%] [32mBuilding C object CMakeFiles/composition_interfaces__rosidl_generator_c.dir/rosidl_generator_c/composition_interfaces/srv/detail/load_node__functions.c.o[0m
[6.904s] [ 13%] [32mBuilding C object CMakeFiles/composition_interfaces__rosidl_generator_c.dir/rosidl_generator_c/composition_interfaces/srv/detail/unload_node__functions.c.o[0m
[6.913s] [ 15%] [32mBuilding C object CMakeFiles/composition_interfaces__rosidl_generator_c.dir/rosidl_generator_c/composition_interfaces/srv/detail/list_nodes__functions.c.o[0m
[7.245s] [ 16%] [32m[1mLinking C shared library libcomposition_interfaces__rosidl_generator_c.so[0m
[7.441s] [ 16%] Built target composition_interfaces__rosidl_generator_c
[7.507s] [ 18%] [34m[1mGenerating C type support for eProsima Micro XRCE-DDS[0m
[7.510s] [ 20%] [34m[1mGenerating C type support dispatch for ROS interfaces[0m
[7.511s] [ 23%] [34m[1mGenerating C introspection for ROS interfaces[0m
[7.513s] [ 22%] [34m[1mGenerating C type support for eProsima Fast-RTPS[0m
[8.798s] [ 25%] [32mBuilding CXX object CMakeFiles/composition_interfaces__rosidl_typesupport_cpp.dir/rosidl_typesupport_cpp/composition_interfaces/srv/load_node__type_support.cpp.o[0m
[9.525s] [ 27%] [32mBuilding CXX object CMakeFiles/composition_interfaces__rosidl_typesupport_microxrcedds_cpp.dir/rosidl_typesupport_microxrcedds_cpp/composition_interfaces/srv/detail/microxrcedds/load_node__type_support_cpp.cpp.o[0m
[10.093s] [ 28%] [32mBuilding CXX object CMakeFiles/composition_interfaces__rosidl_typesupport_introspection_cpp.dir/rosidl_typesupport_introspection_cpp/composition_interfaces/srv/detail/load_node__type_support.cpp.o[0m
[10.405s] [ 30%] [32mBuilding CXX object CMakeFiles/composition_interfaces__rosidl_typesupport_fastrtps_cpp.dir/rosidl_typesupport_fastrtps_cpp/composition_interfaces/srv/detail/dds_fastrtps/load_node__type_support.cpp.o[0m
[10.560s] [ 32%] [32mBuilding CXX object CMakeFiles/composition_interfaces__rosidl_typesupport_c.dir/rosidl_typesupport_c/composition_interfaces/srv/load_node__type_support.cpp.o[0m
[10.767s] [ 33%] [32mBuilding CXX object CMakeFiles/composition_interfaces__rosidl_typesupport_c.dir/rosidl_typesupport_c/composition_interfaces/srv/list_nodes__type_support.cpp.o[0m
[10.775s] [ 35%] [32mBuilding CXX object CMakeFiles/composition_interfaces__rosidl_typesupport_cpp.dir/rosidl_typesupport_cpp/composition_interfaces/srv/list_nodes__type_support.cpp.o[0m
[11.000s] [ 37%] [32mBuilding CXX object CMakeFiles/composition_interfaces__rosidl_typesupport_c.dir/rosidl_typesupport_c/composition_interfaces/srv/unload_node__type_support.cpp.o[0m
[11.165s] [ 38%] [32mBuilding CXX object CMakeFiles/composition_interfaces__rosidl_typesupport_microxrcedds_cpp.dir/rosidl_typesupport_microxrcedds_cpp/composition_interfaces/srv/detail/microxrcedds/list_nodes__type_support_cpp.cpp.o[0m
[11.226s] [ 40%] [32m[1mLinking CXX shared library libcomposition_interfaces__rosidl_typesupport_c.so[0m
[11.609s] [ 40%] Built target composition_interfaces__rosidl_typesupport_c
[11.682s] [ 42%] [32mBuilding CXX object CMakeFiles/composition_interfaces__rosidl_typesupport_cpp.dir/rosidl_typesupport_cpp/composition_interfaces/srv/unload_node__type_support.cpp.o[0m
[12.050s] [ 44%] [32mBuilding CXX object CMakeFiles/composition_interfaces__rosidl_typesupport_microxrcedds_cpp.dir/rosidl_typesupport_microxrcedds_cpp/composition_interfaces/srv/detail/microxrcedds/unload_node__type_support_cpp.cpp.o[0m
[12.585s] [ 45%] [32mBuilding CXX object CMakeFiles/composition_interfaces__rosidl_typesupport_fastrtps_c.dir/rosidl_typesupport_fastrtps_c/composition_interfaces/srv/detail/load_node__type_support_c.cpp.o[0m
[12.803s] [ 47%] [32mBuilding C object CMakeFiles/composition_interfaces__rosidl_typesupport_introspection_c.dir/rosidl_typesupport_introspection_c/composition_interfaces/srv/detail/load_node__type_support.c.o[0m
[13.087s] [ 49%] [32mBuilding C object CMakeFiles/composition_interfaces__rosidl_typesupport_microxrcedds_c.dir/rosidl_typesupport_microxrcedds_c/composition_interfaces/srv/detail/microxrcedds/load_node__type_support_c.c.o[0m
[13.175s] [ 50%] [32mBuilding C object CMakeFiles/composition_interfaces__rosidl_typesupport_introspection_c.dir/rosidl_typesupport_introspection_c/composition_interfaces/srv/detail/list_nodes__type_support.c.o[0m
[13.262s] [ 52%] [32m[1mLinking CXX shared library libcomposition_interfaces__rosidl_typesupport_cpp.so[0m
[13.394s] [ 54%] [32mBuilding C object CMakeFiles/composition_interfaces__rosidl_typesupport_microxrcedds_c.dir/rosidl_typesupport_microxrcedds_c/composition_interfaces/srv/detail/microxrcedds/list_nodes__type_support_c.c.o[0m
[13.479s] [ 54%] Built target composition_interfaces__rosidl_typesupport_cpp
[13.521s] [ 55%] [32mBuilding CXX object CMakeFiles/composition_interfaces__rosidl_typesupport_fastrtps_cpp.dir/rosidl_typesupport_fastrtps_cpp/composition_interfaces/srv/detail/dds_fastrtps/list_nodes__type_support.cpp.o[0m
[13.566s] [ 57%] [32mBuilding C object CMakeFiles/composition_interfaces__rosidl_typesupport_introspection_c.dir/rosidl_typesupport_introspection_c/composition_interfaces/srv/detail/unload_node__type_support.c.o[0m
[13.599s] [ 59%] [32mBuilding C object CMakeFiles/composition_interfaces__rosidl_typesupport_microxrcedds_c.dir/rosidl_typesupport_microxrcedds_c/composition_interfaces/srv/detail/microxrcedds/unload_node__type_support_c.c.o[0m
[13.674s] [ 61%] [32mBuilding CXX object CMakeFiles/composition_interfaces__rosidl_typesupport_introspection_cpp.dir/rosidl_typesupport_introspection_cpp/composition_interfaces/srv/detail/list_nodes__type_support.cpp.o[0m
[13.802s] [ 62%] [32m[1mLinking C shared library libcomposition_interfaces__rosidl_typesupport_introspection_c.so[0m
[13.971s] [ 64%] [32m[1mLinking C shared library libcomposition_interfaces__rosidl_typesupport_microxrcedds_c.so[0m
[14.040s] [ 64%] Built target composition_interfaces__rosidl_typesupport_introspection_c
[14.094s] [ 66%] [32mBuilding CXX object CMakeFiles/composition_interfaces__rosidl_typesupport_fastrtps_c.dir/rosidl_typesupport_fastrtps_c/composition_interfaces/srv/detail/list_nodes__type_support_c.cpp.o[0m
[14.258s] [ 66%] Built target composition_interfaces__rosidl_typesupport_microxrcedds_c
[14.318s] [ 67%] [32mBuilding CXX object CMakeFiles/composition_interfaces__rosidl_typesupport_fastrtps_c.dir/rosidl_typesupport_fastrtps_c/composition_interfaces/srv/detail/unload_node__type_support_c.cpp.o[0m
[14.742s] [ 69%] [32m[1mLinking CXX shared library libcomposition_interfaces__rosidl_typesupport_microxrcedds_cpp.so[0m
[15.096s] [ 69%] Built target composition_interfaces__rosidl_typesupport_microxrcedds_cpp
[15.974s] [ 71%] [32mBuilding CXX object CMakeFiles/composition_interfaces__rosidl_typesupport_fastrtps_cpp.dir/rosidl_typesupport_fastrtps_cpp/composition_interfaces/srv/detail/dds_fastrtps/unload_node__type_support.cpp.o[0m
[16.370s] [ 72%] [32m[1mLinking CXX shared library libcomposition_interfaces__rosidl_typesupport_fastrtps_c.so[0m
[16.775s] [ 72%] Built target composition_interfaces__rosidl_typesupport_fastrtps_c
[17.643s] [ 74%] [32m[1mLinking CXX shared library libcomposition_interfaces__rosidl_typesupport_fastrtps_cpp.so[0m
[17.664s] [ 76%] [32mBuilding CXX object CMakeFiles/composition_interfaces__rosidl_typesupport_introspection_cpp.dir/rosidl_typesupport_introspection_cpp/composition_interfaces/srv/detail/unload_node__type_support.cpp.o[0m
[17.915s] [ 76%] Built target composition_interfaces__rosidl_typesupport_fastrtps_cpp
[19.206s] [ 77%] [32m[1mLinking CXX shared library libcomposition_interfaces__rosidl_typesupport_introspection_cpp.so[0m
[19.556s] [ 77%] Built target composition_interfaces__rosidl_typesupport_introspection_cpp
[19.633s] [ 77%] Built target composition_interfaces
[19.766s] [ 79%] [34m[1mGenerating Python code for ROS interfaces[0m
[23.027s] [ 79%] Built target composition_interfaces__py
[23.068s] [ 81%] [32mBuilding C object CMakeFiles/composition_interfaces__rosidl_generator_py.dir/rosidl_generator_py/composition_interfaces/srv/_load_node_s.c.o[0m
[23.347s] [ 83%] [32mBuilding C object CMakeFiles/composition_interfaces__rosidl_generator_py.dir/rosidl_generator_py/composition_interfaces/srv/_unload_node_s.c.o[0m
[23.563s] [ 84%] [32mBuilding C object CMakeFiles/composition_interfaces__rosidl_generator_py.dir/rosidl_generator_py/composition_interfaces/srv/_list_nodes_s.c.o[0m
[23.840s] [ 86%] [32m[1mLinking C shared library rosidl_generator_py/composition_interfaces/libcomposition_interfaces__rosidl_generator_py.so[0m
[23.949s] [ 86%] Built target composition_interfaces__rosidl_generator_py
[23.993s] [ 88%] [32mBuilding C object CMakeFiles/composition_interfaces__rosidl_typesupport_microxrcedds_c__pyext.dir/rosidl_generator_py/composition_interfaces/_composition_interfaces_s.ep.rosidl_typesupport_microxrcedds_c.c.o[0m
[24.282s] [ 89%] [32m[1mLinking C shared library rosidl_generator_py/composition_interfaces/composition_interfaces_s__rosidl_typesupport_microxrcedds_c.cpython-310-x86_64-linux-gnu.so[0m
[24.375s] [ 89%] Built target composition_interfaces__rosidl_typesupport_microxrcedds_c__pyext
[24.422s] [ 91%] [32mBuilding C object CMakeFiles/composition_interfaces__rosidl_typesupport_c__pyext.dir/rosidl_generator_py/composition_interfaces/_composition_interfaces_s.ep.rosidl_typesupport_c.c.o[0m
[24.734s] [ 93%] [32m[1mLinking C shared library rosidl_generator_py/composition_interfaces/composition_interfaces_s__rosidl_typesupport_c.cpython-310-x86_64-linux-gnu.so[0m
[24.841s] [ 93%] Built target composition_interfaces__rosidl_typesupport_c__pyext
[24.882s] [ 94%] [32mBuilding C object CMakeFiles/composition_interfaces__rosidl_typesupport_introspection_c__pyext.dir/rosidl_generator_py/composition_interfaces/_composition_interfaces_s.ep.rosidl_typesupport_introspection_c.c.o[0m
[25.141s] [ 96%] [32m[1mLinking C shared library rosidl_generator_py/composition_interfaces/composition_interfaces_s__rosidl_typesupport_introspection_c.cpython-310-x86_64-linux-gnu.so[0m
[25.245s] [ 96%] Built target composition_interfaces__rosidl_typesupport_introspection_c__pyext
[25.306s] [ 98%] [32mBuilding C object CMakeFiles/composition_interfaces__rosidl_typesupport_fastrtps_c__pyext.dir/rosidl_generator_py/composition_interfaces/_composition_interfaces_s.ep.rosidl_typesupport_fastrtps_c.c.o[0m
[25.540s] [100%] [32m[1mLinking C shared library rosidl_generator_py/composition_interfaces/composition_interfaces_s__rosidl_typesupport_fastrtps_c.cpython-310-x86_64-linux-gnu.so[0m
[25.640s] [100%] Built target composition_interfaces__rosidl_typesupport_fastrtps_c__pyext
[25.673s] Invoked command in '/home/uwr/microROS_AUV/build/composition_interfaces' returned '0': AMENT_PREFIX_PATH=/home/uwr/microROS_AUV/install/rcl_interfaces:${AMENT_PREFIX_PATH} CMAKE_PREFIX_PATH=/home/uwr/microROS_AUV/install/rcl_interfaces:/home/uwr/microROS_AUV/install/builtin_interfaces:/home/uwr/microROS_AUV/install/action_msgs:/home/uwr/microROS_AUV/install/unique_identifier_msgs:/home/uwr/microROS_AUV/install/std_srvs:/home/uwr/microROS_AUV/install/rosidl_typesupport_microxrcedds_test_msg:/home/uwr/microROS_AUV/install/rosidl_typesupport_microxrcedds_cpp_tests:/home/uwr/microROS_AUV/install/rmw_microxrcedds:/home/uwr/microROS_AUV/install/rosidl_typesupport_microxrcedds_cpp:/home/uwr/microROS_AUV/install/rosidl_typesupport_microxrcedds_c_tests:/home/uwr/microROS_AUV/install/rosidl_typesupport_microxrcedds_c:/home/uwr/microROS_AUV/install/rosgraph_msgs:/home/uwr/microROS_AUV/install/microxrcedds_client:/home/uwr/microROS_AUV/install/microcdr:/home/uwr/microROS_AUV/install/micro_ros_utilities:/home/uwr/microROS_AUV/install/micro_ros_msgs:/home/uwr/microROS_AUV/install/lifecycle_msgs:/home/uwr/microROS_AUV/install/complex_msgs:/home/uwr/microROS_AUV/install/micro_ros_setup:/home/uwr/microROS_AUV/install/custom_interfaces:/home/uwr/Desktop/2024_UWR/install/kalman_filter:/home/uwr/Desktop/2024_UWR/install/sonar_msgs:/home/uwr/Desktop/2024_UWR/install/ros2-driver:/home/uwr/Desktop/2024_UWR/install/oculus_interfaces:/home/uwr/Desktop/2024_UWR/install/ntrip:/home/uwr/Desktop/2024_UWR/install/adnav-driver:/home/uwr/fls_ws/install/oculus_interfaces:/home/uwr/microROS_AUV/install/statistics_msgs:/home/uwr/microROS_AUV/install/control_pkg:/home/uwr/Desktop/2024_UWR/install/sonar_subs:/opt/ros/humble LD_LIBRARY_PATH=/home/uwr/microROS_AUV/install/rcl_interfaces/lib:/home/uwr/microROS_AUV/install/builtin_interfaces/lib:/home/uwr/microROS_AUV/install/action_msgs/lib:/home/uwr/microROS_AUV/install/unique_identifier_msgs/lib:/home/uwr/microROS_AUV/install/std_srvs/lib:/home/uwr/microROS_AUV/install/statistics_msgs/lib:/home/uwr/microROS_AUV/install/rmw_microxrcedds/lib:/home/uwr/microROS_AUV/install/rosidl_typesupport_microxrcedds_cpp/lib:/home/uwr/microROS_AUV/install/rosidl_typesupport_microxrcedds_c/lib:/home/uwr/microROS_AUV/install/rosgraph_msgs/lib:/home/uwr/microROS_AUV/install/microxrcedds_client/lib:/home/uwr/microROS_AUV/install/microcdr/lib:/home/uwr/microROS_AUV/install/micro_ros_utilities/lib:/home/uwr/microROS_AUV/install/micro_ros_msgs/lib:/home/uwr/microROS_AUV/install/lifecycle_msgs/lib:/home/uwr/microROS_AUV/install/complex_msgs/lib:/home/uwr/microROS_AUV/install/custom_interfaces/lib:/home/uwr/oculus_driver/install/lib:/home/uwr/Desktop/2024_UWR/install/sonar_msgs/lib:/home/uwr/Desktop/2024_UWR/install/oculus_interfaces/lib:/home/uwr/fls_ws/install/oculus_interfaces/lib:/opt/ros/humble/opt/rviz_ogre_vendor/lib:/opt/ros/humble/lib/x86_64-linux-gnu:/opt/ros/humble/lib PYTHONPATH=/home/uwr/microROS_AUV/install/rcl_interfaces/local/lib/python3.10/dist-packages:${PYTHONPATH} /usr/bin/cmake --build /home/uwr/microROS_AUV/build/composition_interfaces -- -j8 -l8
[26.050s] Invoking command in '/home/uwr/microROS_AUV/build/composition_interfaces': AMENT_PREFIX_PATH=/home/uwr/microROS_AUV/install/rcl_interfaces:${AMENT_PREFIX_PATH} CMAKE_PREFIX_PATH=/home/uwr/microROS_AUV/install/rcl_interfaces:/home/uwr/microROS_AUV/install/builtin_interfaces:/home/uwr/microROS_AUV/install/action_msgs:/home/uwr/microROS_AUV/install/unique_identifier_msgs:/home/uwr/microROS_AUV/install/std_srvs:/home/uwr/microROS_AUV/install/rosidl_typesupport_microxrcedds_test_msg:/home/uwr/microROS_AUV/install/rosidl_typesupport_microxrcedds_cpp_tests:/home/uwr/microROS_AUV/install/rmw_microxrcedds:/home/uwr/microROS_AUV/install/rosidl_typesupport_microxrcedds_cpp:/home/uwr/microROS_AUV/install/rosidl_typesupport_microxrcedds_c_tests:/home/uwr/microROS_AUV/install/rosidl_typesupport_microxrcedds_c:/home/uwr/microROS_AUV/install/rosgraph_msgs:/home/uwr/microROS_AUV/install/microxrcedds_client:/home/uwr/microROS_AUV/install/microcdr:/home/uwr/microROS_AUV/install/micro_ros_utilities:/home/uwr/microROS_AUV/install/micro_ros_msgs:/home/uwr/microROS_AUV/install/lifecycle_msgs:/home/uwr/microROS_AUV/install/complex_msgs:/home/uwr/microROS_AUV/install/micro_ros_setup:/home/uwr/microROS_AUV/install/custom_interfaces:/home/uwr/Desktop/2024_UWR/install/kalman_filter:/home/uwr/Desktop/2024_UWR/install/sonar_msgs:/home/uwr/Desktop/2024_UWR/install/ros2-driver:/home/uwr/Desktop/2024_UWR/install/oculus_interfaces:/home/uwr/Desktop/2024_UWR/install/ntrip:/home/uwr/Desktop/2024_UWR/install/adnav-driver:/home/uwr/fls_ws/install/oculus_interfaces:/home/uwr/microROS_AUV/install/statistics_msgs:/home/uwr/microROS_AUV/install/control_pkg:/home/uwr/Desktop/2024_UWR/install/sonar_subs:/opt/ros/humble LD_LIBRARY_PATH=/home/uwr/microROS_AUV/install/rcl_interfaces/lib:/home/uwr/microROS_AUV/install/builtin_interfaces/lib:/home/uwr/microROS_AUV/install/action_msgs/lib:/home/uwr/microROS_AUV/install/unique_identifier_msgs/lib:/home/uwr/microROS_AUV/install/std_srvs/lib:/home/uwr/microROS_AUV/install/statistics_msgs/lib:/home/uwr/microROS_AUV/install/rmw_microxrcedds/lib:/home/uwr/microROS_AUV/install/rosidl_typesupport_microxrcedds_cpp/lib:/home/uwr/microROS_AUV/install/rosidl_typesupport_microxrcedds_c/lib:/home/uwr/microROS_AUV/install/rosgraph_msgs/lib:/home/uwr/microROS_AUV/install/microxrcedds_client/lib:/home/uwr/microROS_AUV/install/microcdr/lib:/home/uwr/microROS_AUV/install/micro_ros_utilities/lib:/home/uwr/microROS_AUV/install/micro_ros_msgs/lib:/home/uwr/microROS_AUV/install/lifecycle_msgs/lib:/home/uwr/microROS_AUV/install/complex_msgs/lib:/home/uwr/microROS_AUV/install/custom_interfaces/lib:/home/uwr/oculus_driver/install/lib:/home/uwr/Desktop/2024_UWR/install/sonar_msgs/lib:/home/uwr/Desktop/2024_UWR/install/oculus_interfaces/lib:/home/uwr/fls_ws/install/oculus_interfaces/lib:/opt/ros/humble/opt/rviz_ogre_vendor/lib:/opt/ros/humble/lib/x86_64-linux-gnu:/opt/ros/humble/lib PYTHONPATH=/home/uwr/microROS_AUV/install/rcl_interfaces/local/lib/python3.10/dist-packages:${PYTHONPATH} /usr/bin/cmake --install /home/uwr/microROS_AUV/build/composition_interfaces
[26.070s] -- Install configuration: ""
[26.071s] -- Installing: /home/uwr/microROS_AUV/install/composition_interfaces/share/ament_index/resource_index/rosidl_interfaces/composition_interfaces
[26.071s] -- Installing: /home/uwr/microROS_AUV/install/composition_interfaces/include/composition_interfaces/composition_interfaces
[26.072s] -- Installing: /home/uwr/microROS_AUV/install/composition_interfaces/include/composition_interfaces/composition_interfaces/msg
[26.072s] -- Installing: /home/uwr/microROS_AUV/install/composition_interfaces/include/composition_interfaces/composition_interfaces/msg/rosidl_generator_c__visibility_control.h
[26.072s] -- Installing: /home/uwr/microROS_AUV/install/composition_interfaces/include/composition_interfaces/composition_interfaces/srv
[26.072s] -- Installing: /home/uwr/microROS_AUV/install/composition_interfaces/include/composition_interfaces/composition_interfaces/srv/load_node.h
[26.073s] -- Installing: /home/uwr/microROS_AUV/install/composition_interfaces/include/composition_interfaces/composition_interfaces/srv/unload_node.h
[26.073s] -- Installing: /home/uwr/microROS_AUV/install/composition_interfaces/include/composition_interfaces/composition_interfaces/srv/detail
[26.073s] -- Installing: /home/uwr/microROS_AUV/install/composition_interfaces/include/composition_interfaces/composition_interfaces/srv/detail/list_nodes__functions.h
[26.073s] -- Installing: /home/uwr/microROS_AUV/install/composition_interfaces/include/composition_interfaces/composition_interfaces/srv/detail/list_nodes__type_support.h
[26.074s] -- Installing: /home/uwr/microROS_AUV/install/composition_interfaces/include/composition_interfaces/composition_interfaces/srv/detail/load_node__struct.h
[26.074s] -- Installing: /home/uwr/microROS_AUV/install/composition_interfaces/include/composition_interfaces/composition_interfaces/srv/detail/unload_node__functions.c
[26.074s] -- Installing: /home/uwr/microROS_AUV/install/composition_interfaces/include/composition_interfaces/composition_interfaces/srv/detail/unload_node__struct.h
[26.075s] -- Installing: /home/uwr/microROS_AUV/install/composition_interfaces/include/composition_interfaces/composition_interfaces/srv/detail/unload_node__type_support.h
[26.075s] -- Installing: /home/uwr/microROS_AUV/install/composition_interfaces/include/composition_interfaces/composition_interfaces/srv/detail/unload_node__functions.h
[26.075s] -- Installing: /home/uwr/microROS_AUV/install/composition_interfaces/include/composition_interfaces/composition_interfaces/srv/detail/list_nodes__struct.h
[26.075s] -- Installing: /home/uwr/microROS_AUV/install/composition_interfaces/include/composition_interfaces/composition_interfaces/srv/detail/load_node__functions.c
[26.075s] -- Installing: /home/uwr/microROS_AUV/install/composition_interfaces/include/composition_interfaces/composition_interfaces/srv/detail/list_nodes__functions.c
[26.076s] -- Installing: /home/uwr/microROS_AUV/install/composition_interfaces/include/composition_interfaces/composition_interfaces/srv/detail/load_node__type_support.h
[26.076s] -- Installing: /home/uwr/microROS_AUV/install/composition_interfaces/include/composition_interfaces/composition_interfaces/srv/detail/load_node__functions.h
[26.076s] -- Installing: /home/uwr/microROS_AUV/install/composition_interfaces/include/composition_interfaces/composition_interfaces/srv/list_nodes.h
[26.076s] -- Installing: /home/uwr/microROS_AUV/install/composition_interfaces/share/composition_interfaces/environment/library_path.sh
[26.077s] -- Installing: /home/uwr/microROS_AUV/install/composition_interfaces/share/composition_interfaces/environment/library_path.dsv
[26.077s] -- Installing: /home/uwr/microROS_AUV/install/composition_interfaces/lib/libcomposition_interfaces__rosidl_generator_c.so
[26.078s] -- Set runtime path of "/home/uwr/microROS_AUV/install/composition_interfaces/lib/libcomposition_interfaces__rosidl_generator_c.so" to ""
[26.078s] -- Up-to-date: /home/uwr/microROS_AUV/install/composition_interfaces/include/composition_interfaces
[26.078s] -- Installing: /home/uwr/microROS_AUV/install/composition_interfaces/include/composition_interfaces/msg
[26.079s] -- Installing: /home/uwr/microROS_AUV/install/composition_interfaces/include/composition_interfaces/msg/rosidl_typesupport_microxrcedds_c__visibility_control.h
[26.079s] -- Installing: /home/uwr/microROS_AUV/install/composition_interfaces/include/composition_interfaces/srv
[26.079s] -- Installing: /home/uwr/microROS_AUV/install/composition_interfaces/include/composition_interfaces/srv/detail
[26.079s] -- Installing: /home/uwr/microROS_AUV/install/composition_interfaces/include/composition_interfaces/srv/detail/unload_node__rosidl_typesupport_microxrcedds_c.h
[26.080s] -- Installing: /home/uwr/microROS_AUV/install/composition_interfaces/include/composition_interfaces/srv/detail/load_node__rosidl_typesupport_microxrcedds_c.h
[26.080s] -- Installing: /home/uwr/microROS_AUV/install/composition_interfaces/include/composition_interfaces/srv/detail/list_nodes__rosidl_typesupport_microxrcedds_c.h
[26.080s] -- Installing: /home/uwr/microROS_AUV/install/composition_interfaces/include/composition_interfaces/srv/detail/microxrcedds
[26.080s] -- Installing: /home/uwr/microROS_AUV/install/composition_interfaces/lib/libcomposition_interfaces__rosidl_typesupport_microxrcedds_c.so
[26.081s] -- Set runtime path of "/home/uwr/microROS_AUV/install/composition_interfaces/lib/libcomposition_interfaces__rosidl_typesupport_microxrcedds_c.so" to ""
[26.081s] -- Up-to-date: /home/uwr/microROS_AUV/install/composition_interfaces/include/composition_interfaces/composition_interfaces
[26.081s] -- Up-to-date: /home/uwr/microROS_AUV/install/composition_interfaces/include/composition_interfaces/composition_interfaces/msg
[26.081s] -- Installing: /home/uwr/microROS_AUV/install/composition_interfaces/include/composition_interfaces/composition_interfaces/msg/rosidl_typesupport_fastrtps_c__visibility_control.h
[26.082s] -- Up-to-date: /home/uwr/microROS_AUV/install/composition_interfaces/include/composition_interfaces/composition_interfaces/srv
[26.082s] -- Up-to-date: /home/uwr/microROS_AUV/install/composition_interfaces/include/composition_interfaces/composition_interfaces/srv/detail
[26.082s] -- Installing: /home/uwr/microROS_AUV/install/composition_interfaces/include/composition_interfaces/composition_interfaces/srv/detail/unload_node__rosidl_typesupport_fastrtps_c.h
[26.082s] -- Installing: /home/uwr/microROS_AUV/install/composition_interfaces/include/composition_interfaces/composition_interfaces/srv/detail/load_node__rosidl_typesupport_fastrtps_c.h
[26.083s] -- Installing: /home/uwr/microROS_AUV/install/composition_interfaces/include/composition_interfaces/composition_interfaces/srv/detail/list_nodes__rosidl_typesupport_fastrtps_c.h
[26.084s] -- Installing: /home/uwr/microROS_AUV/install/composition_interfaces/lib/libcomposition_interfaces__rosidl_typesupport_fastrtps_c.so
[26.084s] -- Set runtime path of "/home/uwr/microROS_AUV/install/composition_interfaces/lib/libcomposition_interfaces__rosidl_typesupport_fastrtps_c.so" to ""
[26.084s] -- Up-to-date: /home/uwr/microROS_AUV/install/composition_interfaces/include/composition_interfaces/composition_interfaces
[26.084s] -- Up-to-date: /home/uwr/microROS_AUV/install/composition_interfaces/include/composition_interfaces/composition_interfaces/msg
[26.084s] -- Installing: /home/uwr/microROS_AUV/install/composition_interfaces/include/composition_interfaces/composition_interfaces/msg/rosidl_typesupport_introspection_c__visibility_control.h
[26.084s] -- Up-to-date: /home/uwr/microROS_AUV/install/composition_interfaces/include/composition_interfaces/composition_interfaces/srv
[26.084s] -- Up-to-date: /home/uwr/microROS_AUV/install/composition_interfaces/include/composition_interfaces/composition_interfaces/srv/detail
[26.085s] -- Installing: /home/uwr/microROS_AUV/install/composition_interfaces/include/composition_interfaces/composition_interfaces/srv/detail/load_node__rosidl_typesupport_introspection_c.h
[26.085s] -- Installing: /home/uwr/microROS_AUV/install/composition_interfaces/include/composition_interfaces/composition_interfaces/srv/detail/unload_node__rosidl_typesupport_introspection_c.h
[26.085s] -- Installing: /home/uwr/microROS_AUV/install/composition_interfaces/include/composition_interfaces/composition_interfaces/srv/detail/load_node__type_support.c
[26.085s] -- Installing: /home/uwr/microROS_AUV/install/composition_interfaces/include/composition_interfaces/composition_interfaces/srv/detail/list_nodes__rosidl_typesupport_introspection_c.h
[26.085s] -- Installing: /home/uwr/microROS_AUV/install/composition_interfaces/include/composition_interfaces/composition_interfaces/srv/detail/unload_node__type_support.c
[26.085s] -- Installing: /home/uwr/microROS_AUV/install/composition_interfaces/include/composition_interfaces/composition_interfaces/srv/detail/list_nodes__type_support.c
[26.086s] -- Installing: /home/uwr/microROS_AUV/install/composition_interfaces/lib/libcomposition_interfaces__rosidl_typesupport_introspection_c.so
[26.086s] -- Set runtime path of "/home/uwr/microROS_AUV/install/composition_interfaces/lib/libcomposition_interfaces__rosidl_typesupport_introspection_c.so" to ""
[26.086s] -- Installing: /home/uwr/microROS_AUV/install/composition_interfaces/lib/libcomposition_interfaces__rosidl_typesupport_c.so
[26.087s] -- Set runtime path of "/home/uwr/microROS_AUV/install/composition_interfaces/lib/libcomposition_interfaces__rosidl_typesupport_c.so" to ""
[26.088s] -- Up-to-date: /home/uwr/microROS_AUV/install/composition_interfaces/include/composition_interfaces/composition_interfaces
[26.088s] -- Up-to-date: /home/uwr/microROS_AUV/install/composition_interfaces/include/composition_interfaces/composition_interfaces/srv
[26.088s] -- Up-to-date: /home/uwr/microROS_AUV/install/composition_interfaces/include/composition_interfaces/composition_interfaces/srv/detail
[26.088s] -- Installing: /home/uwr/microROS_AUV/install/composition_interfaces/include/composition_interfaces/composition_interfaces/srv/detail/list_nodes__traits.hpp
[26.088s] -- Installing: /home/uwr/microROS_AUV/install/composition_interfaces/include/composition_interfaces/composition_interfaces/srv/detail/list_nodes__struct.hpp
[26.089s] -- Installing: /home/uwr/microROS_AUV/install/composition_interfaces/include/composition_interfaces/composition_interfaces/srv/detail/unload_node__traits.hpp
[26.089s] -- Installing: /home/uwr/microROS_AUV/install/composition_interfaces/include/composition_interfaces/composition_interfaces/srv/detail/load_node__builder.hpp
[26.089s] -- Installing: /home/uwr/microROS_AUV/install/composition_interfaces/include/composition_interfaces/composition_interfaces/srv/detail/unload_node__builder.hpp
[26.089s] -- Installing: /home/uwr/microROS_AUV/install/composition_interfaces/include/composition_interfaces/composition_interfaces/srv/detail/list_nodes__builder.hpp
[26.090s] -- Installing: /home/uwr/microROS_AUV/install/composition_interfaces/include/composition_interfaces/composition_interfaces/srv/detail/unload_node__struct.hpp
[26.090s] -- Installing: /home/uwr/microROS_AUV/install/composition_interfaces/include/composition_interfaces/composition_interfaces/srv/detail/load_node__traits.hpp
[26.090s] -- Installing: /home/uwr/microROS_AUV/install/composition_interfaces/include/composition_interfaces/composition_interfaces/srv/detail/load_node__struct.hpp
[26.090s] -- Installing: /home/uwr/microROS_AUV/install/composition_interfaces/include/composition_interfaces/composition_interfaces/srv/load_node.hpp
[26.091s] -- Installing: /home/uwr/microROS_AUV/install/composition_interfaces/include/composition_interfaces/composition_interfaces/srv/list_nodes.hpp
[26.091s] -- Installing: /home/uwr/microROS_AUV/install/composition_interfaces/include/composition_interfaces/composition_interfaces/srv/unload_node.hpp
[26.091s] -- Up-to-date: /home/uwr/microROS_AUV/install/composition_interfaces/include/composition_interfaces
[26.091s] -- Up-to-date: /home/uwr/microROS_AUV/install/composition_interfaces/include/composition_interfaces/msg
[26.092s] -- Installing: /home/uwr/microROS_AUV/install/composition_interfaces/include/composition_interfaces/msg/rosidl_typesupport_microxrcedds_cpp__visibility_control.h
[26.092s] -- Up-to-date: /home/uwr/microROS_AUV/install/composition_interfaces/include/composition_interfaces/srv
[26.092s] -- Up-to-date: /home/uwr/microROS_AUV/install/composition_interfaces/include/composition_interfaces/srv/detail
[26.092s] -- Installing: /home/uwr/microROS_AUV/install/composition_interfaces/include/composition_interfaces/srv/detail/load_node__rosidl_typesupport_microxrcedds_cpp.hpp
[26.093s] -- Installing: /home/uwr/microROS_AUV/install/composition_interfaces/include/composition_interfaces/srv/detail/unload_node__rosidl_typesupport_microxrcedds_cpp.hpp
[26.093s] -- Installing: /home/uwr/microROS_AUV/install/composition_interfaces/include/composition_interfaces/srv/detail/list_nodes__rosidl_typesupport_microxrcedds_cpp.hpp
[26.093s] -- Up-to-date: /home/uwr/microROS_AUV/install/composition_interfaces/include/composition_interfaces/srv/detail/microxrcedds
[26.094s] -- Installing: /home/uwr/microROS_AUV/install/composition_interfaces/include/composition_interfaces/srv/detail/microxrcedds/unload_node__type_support_cpp.cpp
[26.094s] -- Installing: /home/uwr/microROS_AUV/install/composition_interfaces/include/composition_interfaces/srv/detail/microxrcedds/load_node__type_support_cpp.cpp
[26.094s] -- Installing: /home/uwr/microROS_AUV/install/composition_interfaces/include/composition_interfaces/srv/detail/microxrcedds/list_nodes__type_support_cpp.cpp
[26.094s] -- Installing: /home/uwr/microROS_AUV/install/composition_interfaces/lib/libcomposition_interfaces__rosidl_typesupport_microxrcedds_cpp.so
[26.094s] -- Set runtime path of "/home/uwr/microROS_AUV/install/composition_interfaces/lib/libcomposition_interfaces__rosidl_typesupport_microxrcedds_cpp.so" to ""
[26.095s] -- Up-to-date: /home/uwr/microROS_AUV/install/composition_interfaces/include/composition_interfaces/composition_interfaces
[26.095s] -- Up-to-date: /home/uwr/microROS_AUV/install/composition_interfaces/include/composition_interfaces/composition_interfaces/msg
[26.095s] -- Installing: /home/uwr/microROS_AUV/install/composition_interfaces/include/composition_interfaces/composition_interfaces/msg/rosidl_typesupport_fastrtps_cpp__visibility_control.h
[26.096s] -- Up-to-date: /home/uwr/microROS_AUV/install/composition_interfaces/include/composition_interfaces/composition_interfaces/srv
[26.096s] -- Up-to-date: /home/uwr/microROS_AUV/install/composition_interfaces/include/composition_interfaces/composition_interfaces/srv/detail
[26.096s] -- Installing: /home/uwr/microROS_AUV/install/composition_interfaces/include/composition_interfaces/composition_interfaces/srv/detail/load_node__rosidl_typesupport_fastrtps_cpp.hpp
[26.096s] -- Installing: /home/uwr/microROS_AUV/install/composition_interfaces/include/composition_interfaces/composition_interfaces/srv/detail/list_nodes__rosidl_typesupport_fastrtps_cpp.hpp
[26.097s] -- Installing: /home/uwr/microROS_AUV/install/composition_interfaces/include/composition_interfaces/composition_interfaces/srv/detail/dds_fastrtps
[26.097s] -- Installing: /home/uwr/microROS_AUV/install/composition_interfaces/include/composition_interfaces/composition_interfaces/srv/detail/unload_node__rosidl_typesupport_fastrtps_cpp.hpp
[26.097s] -- Installing: /home/uwr/microROS_AUV/install/composition_interfaces/lib/libcomposition_interfaces__rosidl_typesupport_fastrtps_cpp.so
[26.097s] -- Set runtime path of "/home/uwr/microROS_AUV/install/composition_interfaces/lib/libcomposition_interfaces__rosidl_typesupport_fastrtps_cpp.so" to ""
[26.098s] -- Up-to-date: /home/uwr/microROS_AUV/install/composition_interfaces/include/composition_interfaces/composition_interfaces
[26.098s] -- Up-to-date: /home/uwr/microROS_AUV/install/composition_interfaces/include/composition_interfaces/composition_interfaces/srv
[26.098s] -- Up-to-date: /home/uwr/microROS_AUV/install/composition_interfaces/include/composition_interfaces/composition_interfaces/srv/detail
[26.098s] -- Installing: /home/uwr/microROS_AUV/install/composition_interfaces/include/composition_interfaces/composition_interfaces/srv/detail/load_node__rosidl_typesupport_introspection_cpp.hpp
[26.099s] -- Installing: /home/uwr/microROS_AUV/install/composition_interfaces/include/composition_interfaces/composition_interfaces/srv/detail/list_nodes__rosidl_typesupport_introspection_cpp.hpp
[26.099s] -- Installing: /home/uwr/microROS_AUV/install/composition_interfaces/include/composition_interfaces/composition_interfaces/srv/detail/load_node__type_support.cpp
[26.099s] -- Installing: /home/uwr/microROS_AUV/install/composition_interfaces/include/composition_interfaces/composition_interfaces/srv/detail/unload_node__type_support.cpp
[26.099s] -- Installing: /home/uwr/microROS_AUV/install/composition_interfaces/include/composition_interfaces/composition_interfaces/srv/detail/unload_node__rosidl_typesupport_introspection_cpp.hpp
[26.100s] -- Installing: /home/uwr/microROS_AUV/install/composition_interfaces/include/composition_interfaces/composition_interfaces/srv/detail/list_nodes__type_support.cpp
[26.100s] -- Installing: /home/uwr/microROS_AUV/install/composition_interfaces/lib/libcomposition_interfaces__rosidl_typesupport_introspection_cpp.so
[26.101s] -- Set runtime path of "/home/uwr/microROS_AUV/install/composition_interfaces/lib/libcomposition_interfaces__rosidl_typesupport_introspection_cpp.so" to ""
[26.101s] -- Installing: /home/uwr/microROS_AUV/install/composition_interfaces/lib/libcomposition_interfaces__rosidl_typesupport_cpp.so
[26.103s] -- Set runtime path of "/home/uwr/microROS_AUV/install/composition_interfaces/lib/libcomposition_interfaces__rosidl_typesupport_cpp.so" to ""
[26.103s] -- Installing: /home/uwr/microROS_AUV/install/composition_interfaces/share/composition_interfaces/environment/pythonpath.sh
[26.103s] -- Installing: /home/uwr/microROS_AUV/install/composition_interfaces/share/composition_interfaces/environment/pythonpath.dsv
[26.103s] -- Installing: /home/uwr/microROS_AUV/install/composition_interfaces/local/lib/python3.10/dist-packages/composition_interfaces-1.2.2-py3.10.egg-info
[26.104s] -- Installing: /home/uwr/microROS_AUV/install/composition_interfaces/local/lib/python3.10/dist-packages/composition_interfaces-1.2.2-py3.10.egg-info/top_level.txt
[26.104s] -- Installing: /home/uwr/microROS_AUV/install/composition_interfaces/local/lib/python3.10/dist-packages/composition_interfaces-1.2.2-py3.10.egg-info/dependency_links.txt
[26.104s] -- Installing: /home/uwr/microROS_AUV/install/composition_interfaces/local/lib/python3.10/dist-packages/composition_interfaces-1.2.2-py3.10.egg-info/PKG-INFO
[26.104s] -- Installing: /home/uwr/microROS_AUV/install/composition_interfaces/local/lib/python3.10/dist-packages/composition_interfaces-1.2.2-py3.10.egg-info/SOURCES.txt
[26.105s] -- Installing: /home/uwr/microROS_AUV/install/composition_interfaces/local/lib/python3.10/dist-packages/composition_interfaces
[26.105s] -- Installing: /home/uwr/microROS_AUV/install/composition_interfaces/local/lib/python3.10/dist-packages/composition_interfaces/libcomposition_interfaces__rosidl_generator_py.so
[26.105s] -- Installing: /home/uwr/microROS_AUV/install/composition_interfaces/local/lib/python3.10/dist-packages/composition_interfaces/_composition_interfaces_s.ep.rosidl_typesupport_microxrcedds_c.c
[26.105s] -- Installing: /home/uwr/microROS_AUV/install/composition_interfaces/local/lib/python3.10/dist-packages/composition_interfaces/composition_interfaces_s__rosidl_typesupport_fastrtps_c.cpython-310-x86_64-linux-gnu.so
[26.106s] -- Installing: /home/uwr/microROS_AUV/install/composition_interfaces/local/lib/python3.10/dist-packages/composition_interfaces/composition_interfaces_s__rosidl_typesupport_introspection_c.cpython-310-x86_64-linux-gnu.so
[26.106s] -- Installing: /home/uwr/microROS_AUV/install/composition_interfaces/local/lib/python3.10/dist-packages/composition_interfaces/_composition_interfaces_s.ep.rosidl_typesupport_fastrtps_c.c
[26.106s] -- Installing: /home/uwr/microROS_AUV/install/composition_interfaces/local/lib/python3.10/dist-packages/composition_interfaces/_composition_interfaces_s.ep.rosidl_typesupport_c.c
[26.106s] -- Installing: /home/uwr/microROS_AUV/install/composition_interfaces/local/lib/python3.10/dist-packages/composition_interfaces/composition_interfaces_s__rosidl_typesupport_microxrcedds_c.cpython-310-x86_64-linux-gnu.so
[26.107s] -- Installing: /home/uwr/microROS_AUV/install/composition_interfaces/local/lib/python3.10/dist-packages/composition_interfaces/_composition_interfaces_s.ep.rosidl_typesupport_introspection_c.c
[26.107s] -- Installing: /home/uwr/microROS_AUV/install/composition_interfaces/local/lib/python3.10/dist-packages/composition_interfaces/composition_interfaces_s__rosidl_typesupport_c.cpython-310-x86_64-linux-gnu.so
[26.107s] -- Installing: /home/uwr/microROS_AUV/install/composition_interfaces/local/lib/python3.10/dist-packages/composition_interfaces/__init__.py
[26.107s] -- Installing: /home/uwr/microROS_AUV/install/composition_interfaces/local/lib/python3.10/dist-packages/composition_interfaces/srv
[26.108s] -- Installing: /home/uwr/microROS_AUV/install/composition_interfaces/local/lib/python3.10/dist-packages/composition_interfaces/srv/_unload_node_s.c
[26.108s] -- Installing: /home/uwr/microROS_AUV/install/composition_interfaces/local/lib/python3.10/dist-packages/composition_interfaces/srv/_unload_node.py
[26.108s] -- Installing: /home/uwr/microROS_AUV/install/composition_interfaces/local/lib/python3.10/dist-packages/composition_interfaces/srv/_list_nodes_s.c
[26.108s] -- Installing: /home/uwr/microROS_AUV/install/composition_interfaces/local/lib/python3.10/dist-packages/composition_interfaces/srv/_list_nodes.py
[26.109s] -- Installing: /home/uwr/microROS_AUV/install/composition_interfaces/local/lib/python3.10/dist-packages/composition_interfaces/srv/_load_node_s.c
[26.109s] -- Installing: /home/uwr/microROS_AUV/install/composition_interfaces/local/lib/python3.10/dist-packages/composition_interfaces/srv/__init__.py
[26.109s] -- Installing: /home/uwr/microROS_AUV/install/composition_interfaces/local/lib/python3.10/dist-packages/composition_interfaces/srv/_load_node.py
[26.253s] Listing '/home/uwr/microROS_AUV/install/composition_interfaces/local/lib/python3.10/dist-packages/composition_interfaces'...
[26.253s] Compiling '/home/uwr/microROS_AUV/install/composition_interfaces/local/lib/python3.10/dist-packages/composition_interfaces/__init__.py'...
[26.253s] Listing '/home/uwr/microROS_AUV/install/composition_interfaces/local/lib/python3.10/dist-packages/composition_interfaces/srv'...
[26.253s] Compiling '/home/uwr/microROS_AUV/install/composition_interfaces/local/lib/python3.10/dist-packages/composition_interfaces/srv/__init__.py'...
[26.254s] Compiling '/home/uwr/microROS_AUV/install/composition_interfaces/local/lib/python3.10/dist-packages/composition_interfaces/srv/_list_nodes.py'...
[26.254s] Compiling '/home/uwr/microROS_AUV/install/composition_interfaces/local/lib/python3.10/dist-packages/composition_interfaces/srv/_load_node.py'...
[26.254s] Compiling '/home/uwr/microROS_AUV/install/composition_interfaces/local/lib/python3.10/dist-packages/composition_interfaces/srv/_unload_node.py'...
[26.263s] -- Installing: /home/uwr/microROS_AUV/install/composition_interfaces/local/lib/python3.10/dist-packages/composition_interfaces/composition_interfaces_s__rosidl_typesupport_microxrcedds_c.cpython-310-x86_64-linux-gnu.so
[26.264s] -- Set runtime path of "/home/uwr/microROS_AUV/install/composition_interfaces/local/lib/python3.10/dist-packages/composition_interfaces/composition_interfaces_s__rosidl_typesupport_microxrcedds_c.cpython-310-x86_64-linux-gnu.so" to ""
[26.265s] -- Installing: /home/uwr/microROS_AUV/install/composition_interfaces/local/lib/python3.10/dist-packages/composition_interfaces/composition_interfaces_s__rosidl_typesupport_fastrtps_c.cpython-310-x86_64-linux-gnu.so
[26.265s] -- Set runtime path of "/home/uwr/microROS_AUV/install/composition_interfaces/local/lib/python3.10/dist-packages/composition_interfaces/composition_interfaces_s__rosidl_typesupport_fastrtps_c.cpython-310-x86_64-linux-gnu.so" to ""
[26.266s] -- Installing: /home/uwr/microROS_AUV/install/composition_interfaces/local/lib/python3.10/dist-packages/composition_interfaces/composition_interfaces_s__rosidl_typesupport_introspection_c.cpython-310-x86_64-linux-gnu.so
[26.267s] -- Set runtime path of "/home/uwr/microROS_AUV/install/composition_interfaces/local/lib/python3.10/dist-packages/composition_interfaces/composition_interfaces_s__rosidl_typesupport_introspection_c.cpython-310-x86_64-linux-gnu.so" to ""
[26.267s] -- Installing: /home/uwr/microROS_AUV/install/composition_interfaces/local/lib/python3.10/dist-packages/composition_interfaces/composition_interfaces_s__rosidl_typesupport_c.cpython-310-x86_64-linux-gnu.so
[26.268s] -- Set runtime path of "/home/uwr/microROS_AUV/install/composition_interfaces/local/lib/python3.10/dist-packages/composition_interfaces/composition_interfaces_s__rosidl_typesupport_c.cpython-310-x86_64-linux-gnu.so" to ""
[26.268s] -- Installing: /home/uwr/microROS_AUV/install/composition_interfaces/lib/libcomposition_interfaces__rosidl_generator_py.so
[26.269s] -- Set runtime path of "/home/uwr/microROS_AUV/install/composition_interfaces/lib/libcomposition_interfaces__rosidl_generator_py.so" to ""
[26.269s] -- Installing: /home/uwr/microROS_AUV/install/composition_interfaces/share/composition_interfaces/srv/LoadNode.idl
[26.269s] -- Installing: /home/uwr/microROS_AUV/install/composition_interfaces/share/composition_interfaces/srv/ListNodes.idl
[26.270s] -- Installing: /home/uwr/microROS_AUV/install/composition_interfaces/share/composition_interfaces/srv/UnloadNode.idl
[26.270s] -- Installing: /home/uwr/microROS_AUV/install/composition_interfaces/share/composition_interfaces/srv/LoadNode.srv
[26.270s] -- Installing: /home/uwr/microROS_AUV/install/composition_interfaces/share/composition_interfaces/srv/LoadNode_Request.msg
[26.271s] -- Installing: /home/uwr/microROS_AUV/install/composition_interfaces/share/composition_interfaces/srv/LoadNode_Response.msg
[26.271s] -- Installing: /home/uwr/microROS_AUV/install/composition_interfaces/share/composition_interfaces/srv/ListNodes.srv
[26.271s] -- Installing: /home/uwr/microROS_AUV/install/composition_interfaces/share/composition_interfaces/srv/ListNodes_Request.msg
[26.272s] -- Installing: /home/uwr/microROS_AUV/install/composition_interfaces/share/composition_interfaces/srv/ListNodes_Response.msg
[26.272s] -- Installing: /home/uwr/microROS_AUV/install/composition_interfaces/share/composition_interfaces/srv/UnloadNode.srv
[26.272s] -- Installing: /home/uwr/microROS_AUV/install/composition_interfaces/share/composition_interfaces/srv/UnloadNode_Request.msg
[26.273s] -- Installing: /home/uwr/microROS_AUV/install/composition_interfaces/share/composition_interfaces/srv/UnloadNode_Response.msg
[26.273s] -- Installing: /home/uwr/microROS_AUV/install/composition_interfaces/share/ament_index/resource_index/package_run_dependencies/composition_interfaces
[26.273s] -- Installing: /home/uwr/microROS_AUV/install/composition_interfaces/share/ament_index/resource_index/parent_prefix_path/composition_interfaces
[26.274s] -- Installing: /home/uwr/microROS_AUV/install/composition_interfaces/share/composition_interfaces/environment/ament_prefix_path.sh
[26.274s] -- Installing: /home/uwr/microROS_AUV/install/composition_interfaces/share/composition_interfaces/environment/ament_prefix_path.dsv
[26.274s] -- Installing: /home/uwr/microROS_AUV/install/composition_interfaces/share/composition_interfaces/environment/path.sh
[26.275s] -- Installing: /home/uwr/microROS_AUV/install/composition_interfaces/share/composition_interfaces/environment/path.dsv
[26.275s] -- Installing: /home/uwr/microROS_AUV/install/composition_interfaces/share/composition_interfaces/local_setup.bash
[26.275s] -- Installing: /home/uwr/microROS_AUV/install/composition_interfaces/share/composition_interfaces/local_setup.sh
[26.276s] -- Installing: /home/uwr/microROS_AUV/install/composition_interfaces/share/composition_interfaces/local_setup.zsh
[26.276s] -- Installing: /home/uwr/microROS_AUV/install/composition_interfaces/share/composition_interfaces/local_setup.dsv
[26.277s] -- Installing: /home/uwr/microROS_AUV/install/composition_interfaces/share/composition_interfaces/package.dsv
[26.277s] -- Installing: /home/uwr/microROS_AUV/install/composition_interfaces/share/ament_index/resource_index/packages/composition_interfaces
[26.277s] -- Installing: /home/uwr/microROS_AUV/install/composition_interfaces/share/composition_interfaces/cmake/export_composition_interfaces__rosidl_generator_cExport.cmake
[26.278s] -- Installing: /home/uwr/microROS_AUV/install/composition_interfaces/share/composition_interfaces/cmake/export_composition_interfaces__rosidl_generator_cExport-noconfig.cmake
[26.278s] -- Installing: /home/uwr/microROS_AUV/install/composition_interfaces/share/composition_interfaces/cmake/export_composition_interfaces__rosidl_typesupport_fastrtps_cExport.cmake
[26.279s] -- Installing: /home/uwr/microROS_AUV/install/composition_interfaces/share/composition_interfaces/cmake/export_composition_interfaces__rosidl_typesupport_fastrtps_cExport-noconfig.cmake
[26.279s] -- Installing: /home/uwr/microROS_AUV/install/composition_interfaces/share/composition_interfaces/cmake/composition_interfaces__rosidl_typesupport_introspection_cExport.cmake
[26.279s] -- Installing: /home/uwr/microROS_AUV/install/composition_interfaces/share/composition_interfaces/cmake/composition_interfaces__rosidl_typesupport_introspection_cExport-noconfig.cmake
[26.280s] -- Installing: /home/uwr/microROS_AUV/install/composition_interfaces/share/composition_interfaces/cmake/composition_interfaces__rosidl_typesupport_cExport.cmake
[26.280s] -- Installing: /home/uwr/microROS_AUV/install/composition_interfaces/share/composition_interfaces/cmake/composition_interfaces__rosidl_typesupport_cExport-noconfig.cmake
[26.280s] -- Installing: /home/uwr/microROS_AUV/install/composition_interfaces/share/composition_interfaces/cmake/export_composition_interfaces__rosidl_generator_cppExport.cmake
[26.281s] -- Installing: /home/uwr/microROS_AUV/install/composition_interfaces/share/composition_interfaces/cmake/export_composition_interfaces__rosidl_typesupport_fastrtps_cppExport.cmake
[26.281s] -- Installing: /home/uwr/microROS_AUV/install/composition_interfaces/share/composition_interfaces/cmake/export_composition_interfaces__rosidl_typesupport_fastrtps_cppExport-noconfig.cmake
[26.282s] -- Installing: /home/uwr/microROS_AUV/install/composition_interfaces/share/composition_interfaces/cmake/composition_interfaces__rosidl_typesupport_introspection_cppExport.cmake
[26.282s] -- Installing: /home/uwr/microROS_AUV/install/composition_interfaces/share/composition_interfaces/cmake/composition_interfaces__rosidl_typesupport_introspection_cppExport-noconfig.cmake
[26.282s] -- Installing: /home/uwr/microROS_AUV/install/composition_interfaces/share/composition_interfaces/cmake/composition_interfaces__rosidl_typesupport_cppExport.cmake
[26.283s] -- Installing: /home/uwr/microROS_AUV/install/composition_interfaces/share/composition_interfaces/cmake/composition_interfaces__rosidl_typesupport_cppExport-noconfig.cmake
[26.283s] -- Installing: /home/uwr/microROS_AUV/install/composition_interfaces/share/composition_interfaces/cmake/export_composition_interfaces__rosidl_generator_pyExport.cmake
[26.283s] -- Installing: /home/uwr/microROS_AUV/install/composition_interfaces/share/composition_interfaces/cmake/export_composition_interfaces__rosidl_generator_pyExport-noconfig.cmake
[26.284s] -- Installing: /home/uwr/microROS_AUV/install/composition_interfaces/share/composition_interfaces/cmake/rosidl_cmake-extras.cmake
[26.284s] -- Installing: /home/uwr/microROS_AUV/install/composition_interfaces/share/composition_interfaces/cmake/ament_cmake_export_dependencies-extras.cmake
[26.285s] -- Installing: /home/uwr/microROS_AUV/install/composition_interfaces/share/composition_interfaces/cmake/ament_cmake_export_include_directories-extras.cmake
[26.285s] -- Installing: /home/uwr/microROS_AUV/install/composition_interfaces/share/composition_interfaces/cmake/ament_cmake_export_libraries-extras.cmake
[26.285s] -- Installing: /home/uwr/microROS_AUV/install/composition_interfaces/share/composition_interfaces/cmake/ament_cmake_export_targets-extras.cmake
[26.286s] -- Installing: /home/uwr/microROS_AUV/install/composition_interfaces/share/composition_interfaces/cmake/rosidl_cmake_export_typesupport_targets-extras.cmake
[26.286s] -- Installing: /home/uwr/microROS_AUV/install/composition_interfaces/share/composition_interfaces/cmake/rosidl_cmake_export_typesupport_libraries-extras.cmake
[26.286s] -- Installing: /home/uwr/microROS_AUV/install/composition_interfaces/share/composition_interfaces/cmake/composition_interfacesConfig.cmake
[26.286s] -- Installing: /home/uwr/microROS_AUV/install/composition_interfaces/share/composition_interfaces/cmake/composition_interfacesConfig-version.cmake
[26.287s] -- Installing: /home/uwr/microROS_AUV/install/composition_interfaces/share/composition_interfaces/package.xml
[26.293s] Invoked command in '/home/uwr/microROS_AUV/build/composition_interfaces' returned '0': AMENT_PREFIX_PATH=/home/uwr/microROS_AUV/install/rcl_interfaces:${AMENT_PREFIX_PATH} CMAKE_PREFIX_PATH=/home/uwr/microROS_AUV/install/rcl_interfaces:/home/uwr/microROS_AUV/install/builtin_interfaces:/home/uwr/microROS_AUV/install/action_msgs:/home/uwr/microROS_AUV/install/unique_identifier_msgs:/home/uwr/microROS_AUV/install/std_srvs:/home/uwr/microROS_AUV/install/rosidl_typesupport_microxrcedds_test_msg:/home/uwr/microROS_AUV/install/rosidl_typesupport_microxrcedds_cpp_tests:/home/uwr/microROS_AUV/install/rmw_microxrcedds:/home/uwr/microROS_AUV/install/rosidl_typesupport_microxrcedds_cpp:/home/uwr/microROS_AUV/install/rosidl_typesupport_microxrcedds_c_tests:/home/uwr/microROS_AUV/install/rosidl_typesupport_microxrcedds_c:/home/uwr/microROS_AUV/install/rosgraph_msgs:/home/uwr/microROS_AUV/install/microxrcedds_client:/home/uwr/microROS_AUV/install/microcdr:/home/uwr/microROS_AUV/install/micro_ros_utilities:/home/uwr/microROS_AUV/install/micro_ros_msgs:/home/uwr/microROS_AUV/install/lifecycle_msgs:/home/uwr/microROS_AUV/install/complex_msgs:/home/uwr/microROS_AUV/install/micro_ros_setup:/home/uwr/microROS_AUV/install/custom_interfaces:/home/uwr/Desktop/2024_UWR/install/kalman_filter:/home/uwr/Desktop/2024_UWR/install/sonar_msgs:/home/uwr/Desktop/2024_UWR/install/ros2-driver:/home/uwr/Desktop/2024_UWR/install/oculus_interfaces:/home/uwr/Desktop/2024_UWR/install/ntrip:/home/uwr/Desktop/2024_UWR/install/adnav-driver:/home/uwr/fls_ws/install/oculus_interfaces:/home/uwr/microROS_AUV/install/statistics_msgs:/home/uwr/microROS_AUV/install/control_pkg:/home/uwr/Desktop/2024_UWR/install/sonar_subs:/opt/ros/humble LD_LIBRARY_PATH=/home/uwr/microROS_AUV/install/rcl_interfaces/lib:/home/uwr/microROS_AUV/install/builtin_interfaces/lib:/home/uwr/microROS_AUV/install/action_msgs/lib:/home/uwr/microROS_AUV/install/unique_identifier_msgs/lib:/home/uwr/microROS_AUV/install/std_srvs/lib:/home/uwr/microROS_AUV/install/statistics_msgs/lib:/home/uwr/microROS_AUV/install/rmw_microxrcedds/lib:/home/uwr/microROS_AUV/install/rosidl_typesupport_microxrcedds_cpp/lib:/home/uwr/microROS_AUV/install/rosidl_typesupport_microxrcedds_c/lib:/home/uwr/microROS_AUV/install/rosgraph_msgs/lib:/home/uwr/microROS_AUV/install/microxrcedds_client/lib:/home/uwr/microROS_AUV/install/microcdr/lib:/home/uwr/microROS_AUV/install/micro_ros_utilities/lib:/home/uwr/microROS_AUV/install/micro_ros_msgs/lib:/home/uwr/microROS_AUV/install/lifecycle_msgs/lib:/home/uwr/microROS_AUV/install/complex_msgs/lib:/home/uwr/microROS_AUV/install/custom_interfaces/lib:/home/uwr/oculus_driver/install/lib:/home/uwr/Desktop/2024_UWR/install/sonar_msgs/lib:/home/uwr/Desktop/2024_UWR/install/oculus_interfaces/lib:/home/uwr/fls_ws/install/oculus_interfaces/lib:/opt/ros/humble/opt/rviz_ogre_vendor/lib:/opt/ros/humble/lib/x86_64-linux-gnu:/opt/ros/humble/lib PYTHONPATH=/home/uwr/microROS_AUV/install/rcl_interfaces/local/lib/python3.10/dist-packages:${PYTHONPATH} /usr/bin/cmake --install /home/uwr/microROS_AUV/build/composition_interfaces
