[0.025s] Invoking command in '/home/uwr/microROS_AUV/build/rosidl_typesupport_microxrcedds_cpp': AMENT_PREFIX_PATH=/home/uwr/microROS_AUV/install/rosidl_typesupport_microxrcedds_c:${AMENT_PREFIX_PATH} CMAKE_PREFIX_PATH=/home/uwr/microROS_AUV/install/rosidl_typesupport_microxrcedds_c:/home/uwr/microROS_AUV/install/microcdr:/home/uwr/microROS_AUV/install/micro_ros_setup:/home/uwr/microROS_AUV/install/custom_interfaces:/home/uwr/Desktop/2024_UWR/install/kalman_filter:/home/uwr/Desktop/2024_UWR/install/sonar_msgs:/home/uwr/Desktop/2024_UWR/install/ros2-driver:/home/uwr/Desktop/2024_UWR/install/oculus_interfaces:/home/uwr/Desktop/2024_UWR/install/ntrip:/home/uwr/Desktop/2024_UWR/install/adnav-driver:/home/uwr/fls_ws/install/oculus_interfaces:/home/uwr/microROS_AUV/install/control_pkg:/home/uwr/Desktop/2024_UWR/install/sonar_subs:/opt/ros/humble LD_LIBRARY_PATH=/home/uwr/microROS_AUV/install/rosidl_typesupport_microxrcedds_c/lib:/home/uwr/microROS_AUV/install/microcdr/lib:${LD_LIBRARY_PATH} PYTHONPATH=/home/uwr/microROS_AUV/install/rosidl_typesupport_microxrcedds_c/local/lib/python3.10/dist-packages:${PYTHONPATH} /usr/bin/cmake --build /home/uwr/microROS_AUV/build/rosidl_typesupport_microxrcedds_cpp -- -j8 -l8
[0.104s] [100%] Built target rosidl_typesupport_microxrcedds_cpp
[0.116s] [100%] Built target ament_cmake_python_copy_rosidl_typesupport_microxrcedds_cpp
[0.478s] running egg_info
[0.480s] writing rosidl_typesupport_microxrcedds_cpp.egg-info/PKG-INFO
[0.481s] writing dependency_links to rosidl_typesupport_microxrcedds_cpp.egg-info/dependency_links.txt
[0.481s] writing top-level names to rosidl_typesupport_microxrcedds_cpp.egg-info/top_level.txt
[0.484s] reading manifest file 'rosidl_typesupport_microxrcedds_cpp.egg-info/SOURCES.txt'
[0.489s] writing manifest file 'rosidl_typesupport_microxrcedds_cpp.egg-info/SOURCES.txt'
[0.524s] [100%] Built target ament_cmake_python_build_rosidl_typesupport_microxrcedds_cpp_egg
[0.538s] Invoked command in '/home/uwr/microROS_AUV/build/rosidl_typesupport_microxrcedds_cpp' returned '0': AMENT_PREFIX_PATH=/home/uwr/microROS_AUV/install/rosidl_typesupport_microxrcedds_c:${AMENT_PREFIX_PATH} CMAKE_PREFIX_PATH=/home/uwr/microROS_AUV/install/rosidl_typesupport_microxrcedds_c:/home/uwr/microROS_AUV/install/microcdr:/home/uwr/microROS_AUV/install/micro_ros_setup:/home/uwr/microROS_AUV/install/custom_interfaces:/home/uwr/Desktop/2024_UWR/install/kalman_filter:/home/uwr/Desktop/2024_UWR/install/sonar_msgs:/home/uwr/Desktop/2024_UWR/install/ros2-driver:/home/uwr/Desktop/2024_UWR/install/oculus_interfaces:/home/uwr/Desktop/2024_UWR/install/ntrip:/home/uwr/Desktop/2024_UWR/install/adnav-driver:/home/uwr/fls_ws/install/oculus_interfaces:/home/uwr/microROS_AUV/install/control_pkg:/home/uwr/Desktop/2024_UWR/install/sonar_subs:/opt/ros/humble LD_LIBRARY_PATH=/home/uwr/microROS_AUV/install/rosidl_typesupport_microxrcedds_c/lib:/home/uwr/microROS_AUV/install/microcdr/lib:${LD_LIBRARY_PATH} PYTHONPATH=/home/uwr/microROS_AUV/install/rosidl_typesupport_microxrcedds_c/local/lib/python3.10/dist-packages:${PYTHONPATH} /usr/bin/cmake --build /home/uwr/microROS_AUV/build/rosidl_typesupport_microxrcedds_cpp -- -j8 -l8
[0.572s] Invoking command in '/home/uwr/microROS_AUV/build/rosidl_typesupport_microxrcedds_cpp': AMENT_PREFIX_PATH=/home/uwr/microROS_AUV/install/rosidl_typesupport_microxrcedds_c:${AMENT_PREFIX_PATH} CMAKE_PREFIX_PATH=/home/uwr/microROS_AUV/install/rosidl_typesupport_microxrcedds_c:/home/uwr/microROS_AUV/install/microcdr:/home/uwr/microROS_AUV/install/micro_ros_setup:/home/uwr/microROS_AUV/install/custom_interfaces:/home/uwr/Desktop/2024_UWR/install/kalman_filter:/home/uwr/Desktop/2024_UWR/install/sonar_msgs:/home/uwr/Desktop/2024_UWR/install/ros2-driver:/home/uwr/Desktop/2024_UWR/install/oculus_interfaces:/home/uwr/Desktop/2024_UWR/install/ntrip:/home/uwr/Desktop/2024_UWR/install/adnav-driver:/home/uwr/fls_ws/install/oculus_interfaces:/home/uwr/microROS_AUV/install/control_pkg:/home/uwr/Desktop/2024_UWR/install/sonar_subs:/opt/ros/humble LD_LIBRARY_PATH=/home/uwr/microROS_AUV/install/rosidl_typesupport_microxrcedds_c/lib:/home/uwr/microROS_AUV/install/microcdr/lib:${LD_LIBRARY_PATH} PYTHONPATH=/home/uwr/microROS_AUV/install/rosidl_typesupport_microxrcedds_c/local/lib/python3.10/dist-packages:${PYTHONPATH} /usr/bin/cmake --install /home/uwr/microROS_AUV/build/rosidl_typesupport_microxrcedds_cpp
[0.582s] -- Install configuration: ""
[0.583s] -- Up-to-date: /home/uwr/microROS_AUV/install/rosidl_typesupport_microxrcedds_cpp/share/rosidl_typesupport_microxrcedds_cpp/environment/pythonpath.sh
[0.583s] -- Up-to-date: /home/uwr/microROS_AUV/install/rosidl_typesupport_microxrcedds_cpp/share/rosidl_typesupport_microxrcedds_cpp/environment/pythonpath.dsv
[0.583s] -- Up-to-date: /home/uwr/microROS_AUV/install/rosidl_typesupport_microxrcedds_cpp/local/lib/python3.10/dist-packages/rosidl_typesupport_microxrcedds_cpp-3.0.1-py3.10.egg-info
[0.583s] -- Installing: /home/uwr/microROS_AUV/install/rosidl_typesupport_microxrcedds_cpp/local/lib/python3.10/dist-packages/rosidl_typesupport_microxrcedds_cpp-3.0.1-py3.10.egg-info/top_level.txt
[0.583s] -- Installing: /home/uwr/microROS_AUV/install/rosidl_typesupport_microxrcedds_cpp/local/lib/python3.10/dist-packages/rosidl_typesupport_microxrcedds_cpp-3.0.1-py3.10.egg-info/dependency_links.txt
[0.584s] -- Installing: /home/uwr/microROS_AUV/install/rosidl_typesupport_microxrcedds_cpp/local/lib/python3.10/dist-packages/rosidl_typesupport_microxrcedds_cpp-3.0.1-py3.10.egg-info/PKG-INFO
[0.584s] -- Installing: /home/uwr/microROS_AUV/install/rosidl_typesupport_microxrcedds_cpp/local/lib/python3.10/dist-packages/rosidl_typesupport_microxrcedds_cpp-3.0.1-py3.10.egg-info/SOURCES.txt
[0.584s] -- Up-to-date: /home/uwr/microROS_AUV/install/rosidl_typesupport_microxrcedds_cpp/local/lib/python3.10/dist-packages/rosidl_typesupport_microxrcedds_cpp
[0.584s] -- Up-to-date: /home/uwr/microROS_AUV/install/rosidl_typesupport_microxrcedds_cpp/local/lib/python3.10/dist-packages/rosidl_typesupport_microxrcedds_cpp/__init__.py
[0.630s] Listing '/home/uwr/microROS_AUV/install/rosidl_typesupport_microxrcedds_cpp/local/lib/python3.10/dist-packages/rosidl_typesupport_microxrcedds_cpp'...
[0.636s] -- Up-to-date: /home/uwr/microROS_AUV/install/rosidl_typesupport_microxrcedds_cpp/share/rosidl_typesupport_microxrcedds_cpp/environment/library_path.sh
[0.636s] -- Up-to-date: /home/uwr/microROS_AUV/install/rosidl_typesupport_microxrcedds_cpp/share/rosidl_typesupport_microxrcedds_cpp/environment/library_path.dsv
[0.636s] -- Up-to-date: /home/uwr/microROS_AUV/install/rosidl_typesupport_microxrcedds_cpp/share/ament_index/resource_index/rosidl_typesupport_cpp/rosidl_typesupport_microxrcedds_cpp
[0.637s] -- Up-to-date: /home/uwr/microROS_AUV/install/rosidl_typesupport_microxrcedds_cpp/share/ament_index/resource_index/package_run_dependencies/rosidl_typesupport_microxrcedds_cpp
[0.637s] -- Up-to-date: /home/uwr/microROS_AUV/install/rosidl_typesupport_microxrcedds_cpp/share/ament_index/resource_index/parent_prefix_path/rosidl_typesupport_microxrcedds_cpp
[0.637s] -- Up-to-date: /home/uwr/microROS_AUV/install/rosidl_typesupport_microxrcedds_cpp/share/rosidl_typesupport_microxrcedds_cpp/environment/ament_prefix_path.sh
[0.637s] -- Up-to-date: /home/uwr/microROS_AUV/install/rosidl_typesupport_microxrcedds_cpp/share/rosidl_typesupport_microxrcedds_cpp/environment/ament_prefix_path.dsv
[0.637s] -- Up-to-date: /home/uwr/microROS_AUV/install/rosidl_typesupport_microxrcedds_cpp/share/rosidl_typesupport_microxrcedds_cpp/environment/path.sh
[0.638s] -- Up-to-date: /home/uwr/microROS_AUV/install/rosidl_typesupport_microxrcedds_cpp/share/rosidl_typesupport_microxrcedds_cpp/environment/path.dsv
[0.638s] -- Up-to-date: /home/uwr/microROS_AUV/install/rosidl_typesupport_microxrcedds_cpp/share/rosidl_typesupport_microxrcedds_cpp/local_setup.bash
[0.638s] -- Up-to-date: /home/uwr/microROS_AUV/install/rosidl_typesupport_microxrcedds_cpp/share/rosidl_typesupport_microxrcedds_cpp/local_setup.sh
[0.638s] -- Up-to-date: /home/uwr/microROS_AUV/install/rosidl_typesupport_microxrcedds_cpp/share/rosidl_typesupport_microxrcedds_cpp/local_setup.zsh
[0.638s] -- Up-to-date: /home/uwr/microROS_AUV/install/rosidl_typesupport_microxrcedds_cpp/share/rosidl_typesupport_microxrcedds_cpp/local_setup.dsv
[0.638s] -- Installing: /home/uwr/microROS_AUV/install/rosidl_typesupport_microxrcedds_cpp/share/rosidl_typesupport_microxrcedds_cpp/package.dsv
[0.638s] -- Up-to-date: /home/uwr/microROS_AUV/install/rosidl_typesupport_microxrcedds_cpp/share/ament_index/resource_index/packages/rosidl_typesupport_microxrcedds_cpp
[0.639s] -- Up-to-date: /home/uwr/microROS_AUV/install/rosidl_typesupport_microxrcedds_cpp/share/rosidl_typesupport_microxrcedds_cpp/cmake/rosidl_typesupport_microxrcedds_cppExport.cmake
[0.639s] -- Up-to-date: /home/uwr/microROS_AUV/install/rosidl_typesupport_microxrcedds_cpp/share/rosidl_typesupport_microxrcedds_cpp/cmake/rosidl_typesupport_microxrcedds_cppExport-noconfig.cmake
[0.639s] -- Up-to-date: /home/uwr/microROS_AUV/install/rosidl_typesupport_microxrcedds_cpp/share/rosidl_typesupport_microxrcedds_cpp/cmake/rosidl_typesupport_microxrcedds_cpp-extras.cmake
[0.639s] -- Up-to-date: /home/uwr/microROS_AUV/install/rosidl_typesupport_microxrcedds_cpp/share/rosidl_typesupport_microxrcedds_cpp/cmake/ament_cmake_export_dependencies-extras.cmake
[0.639s] -- Up-to-date: /home/uwr/microROS_AUV/install/rosidl_typesupport_microxrcedds_cpp/share/rosidl_typesupport_microxrcedds_cpp/cmake/ament_cmake_export_include_directories-extras.cmake
[0.640s] -- Up-to-date: /home/uwr/microROS_AUV/install/rosidl_typesupport_microxrcedds_cpp/share/rosidl_typesupport_microxrcedds_cpp/cmake/ament_cmake_export_libraries-extras.cmake
[0.640s] -- Up-to-date: /home/uwr/microROS_AUV/install/rosidl_typesupport_microxrcedds_cpp/share/rosidl_typesupport_microxrcedds_cpp/cmake/ament_cmake_export_targets-extras.cmake
[0.640s] -- Up-to-date: /home/uwr/microROS_AUV/install/rosidl_typesupport_microxrcedds_cpp/share/rosidl_typesupport_microxrcedds_cpp/cmake/rosidl_typesupport_microxrcedds_cppConfig.cmake
[0.640s] -- Up-to-date: /home/uwr/microROS_AUV/install/rosidl_typesupport_microxrcedds_cpp/share/rosidl_typesupport_microxrcedds_cpp/cmake/rosidl_typesupport_microxrcedds_cppConfig-version.cmake
[0.640s] -- Up-to-date: /home/uwr/microROS_AUV/install/rosidl_typesupport_microxrcedds_cpp/share/rosidl_typesupport_microxrcedds_cpp/package.xml
[0.640s] -- Up-to-date: /home/uwr/microROS_AUV/install/rosidl_typesupport_microxrcedds_cpp/lib/rosidl_typesupport_microxrcedds_cpp/rosidl_typesupport_microxrcedds_cpp
[0.641s] -- Up-to-date: /home/uwr/microROS_AUV/install/rosidl_typesupport_microxrcedds_cpp/share/rosidl_typesupport_microxrcedds_cpp/cmake
[0.641s] -- Up-to-date: /home/uwr/microROS_AUV/install/rosidl_typesupport_microxrcedds_cpp/share/rosidl_typesupport_microxrcedds_cpp/cmake/rosidl_typesupport_microxrcedds_cpp_generate_interfaces.cmake
[0.641s] -- Up-to-date: /home/uwr/microROS_AUV/install/rosidl_typesupport_microxrcedds_cpp/share/rosidl_typesupport_microxrcedds_cpp/resource
[0.641s] -- Up-to-date: /home/uwr/microROS_AUV/install/rosidl_typesupport_microxrcedds_cpp/share/rosidl_typesupport_microxrcedds_cpp/resource/srv__type_support_cpp.cpp.em
[0.641s] -- Up-to-date: /home/uwr/microROS_AUV/install/rosidl_typesupport_microxrcedds_cpp/share/rosidl_typesupport_microxrcedds_cpp/resource/msg__rosidl_typesupport_microxrcedds_cpp.hpp.em
[0.641s] -- Up-to-date: /home/uwr/microROS_AUV/install/rosidl_typesupport_microxrcedds_cpp/share/rosidl_typesupport_microxrcedds_cpp/resource/idl__type_support_cpp.cpp.em
[0.641s] -- Up-to-date: /home/uwr/microROS_AUV/install/rosidl_typesupport_microxrcedds_cpp/share/rosidl_typesupport_microxrcedds_cpp/resource/idl__rosidl_typesupport_microxrcedds_cpp.hpp.em
[0.641s] -- Up-to-date: /home/uwr/microROS_AUV/install/rosidl_typesupport_microxrcedds_cpp/share/rosidl_typesupport_microxrcedds_cpp/resource/srv__rosidl_typesupport_microxrcedds_cpp.hpp.em
[0.642s] -- Up-to-date: /home/uwr/microROS_AUV/install/rosidl_typesupport_microxrcedds_cpp/share/rosidl_typesupport_microxrcedds_cpp/resource/msg__type_support_cpp.cpp.em
[0.642s] -- Up-to-date: /home/uwr/microROS_AUV/install/rosidl_typesupport_microxrcedds_cpp/share/rosidl_typesupport_microxrcedds_cpp/resource/rosidl_typesupport_microxrcedds_cpp__visibility_control.h.in
[0.642s] -- Up-to-date: /home/uwr/microROS_AUV/install/rosidl_typesupport_microxrcedds_cpp/include
[0.642s] -- Up-to-date: /home/uwr/microROS_AUV/install/rosidl_typesupport_microxrcedds_cpp/include/rosidl_typesupport_microxrcedds_cpp
[0.642s] -- Up-to-date: /home/uwr/microROS_AUV/install/rosidl_typesupport_microxrcedds_cpp/include/rosidl_typesupport_microxrcedds_cpp/identifier.h
[0.642s] -- Up-to-date: /home/uwr/microROS_AUV/install/rosidl_typesupport_microxrcedds_cpp/include/rosidl_typesupport_microxrcedds_cpp/visibility_control.h
[0.642s] -- Up-to-date: /home/uwr/microROS_AUV/install/rosidl_typesupport_microxrcedds_cpp/include/rosidl_typesupport_microxrcedds_cpp/identifier.hpp
[0.642s] -- Up-to-date: /home/uwr/microROS_AUV/install/rosidl_typesupport_microxrcedds_cpp/include/rosidl_typesupport_microxrcedds_cpp/service_type_support_decl.hpp
[0.642s] -- Up-to-date: /home/uwr/microROS_AUV/install/rosidl_typesupport_microxrcedds_cpp/include/rosidl_typesupport_microxrcedds_cpp/message_type_support_decl.hpp
[0.642s] -- Up-to-date: /home/uwr/microROS_AUV/install/rosidl_typesupport_microxrcedds_cpp/lib/librosidl_typesupport_microxrcedds_cpp.so
[0.645s] Invoked command in '/home/uwr/microROS_AUV/build/rosidl_typesupport_microxrcedds_cpp' returned '0': AMENT_PREFIX_PATH=/home/uwr/microROS_AUV/install/rosidl_typesupport_microxrcedds_c:${AMENT_PREFIX_PATH} CMAKE_PREFIX_PATH=/home/uwr/microROS_AUV/install/rosidl_typesupport_microxrcedds_c:/home/uwr/microROS_AUV/install/microcdr:/home/uwr/microROS_AUV/install/micro_ros_setup:/home/uwr/microROS_AUV/install/custom_interfaces:/home/uwr/Desktop/2024_UWR/install/kalman_filter:/home/uwr/Desktop/2024_UWR/install/sonar_msgs:/home/uwr/Desktop/2024_UWR/install/ros2-driver:/home/uwr/Desktop/2024_UWR/install/oculus_interfaces:/home/uwr/Desktop/2024_UWR/install/ntrip:/home/uwr/Desktop/2024_UWR/install/adnav-driver:/home/uwr/fls_ws/install/oculus_interfaces:/home/uwr/microROS_AUV/install/control_pkg:/home/uwr/Desktop/2024_UWR/install/sonar_subs:/opt/ros/humble LD_LIBRARY_PATH=/home/uwr/microROS_AUV/install/rosidl_typesupport_microxrcedds_c/lib:/home/uwr/microROS_AUV/install/microcdr/lib:${LD_LIBRARY_PATH} PYTHONPATH=/home/uwr/microROS_AUV/install/rosidl_typesupport_microxrcedds_c/local/lib/python3.10/dist-packages:${PYTHONPATH} /usr/bin/cmake --install /home/uwr/microROS_AUV/build/rosidl_typesupport_microxrcedds_cpp
