[0.070s] Invoking command in '/home/uwr/microROS_AUV/build/lifecycle_msgs': CMAKE_PREFIX_PATH=${CMAKE_PREFIX_PATH}:/home/uwr/microROS_AUV/install/statistics_msgs:/home/uwr/microROS_AUV/install/control_pkg:/home/uwr/Desktop/2024_UWR/install/sonar_subs:/opt/ros/humble /usr/bin/cmake --build /home/uwr/microROS_AUV/build/lifecycle_msgs -- -j8 -l8
[0.332s] [  0%] Built target lifecycle_msgs__cpp
[0.355s] [ 10%] Built target lifecycle_msgs__rosidl_generator_c
[0.532s] [ 10%] Built target ament_cmake_python_copy_lifecycle_msgs
[0.671s] [ 19%] Built target lifecycle_msgs__rosidl_typesupport_cpp
[0.688s] [ 29%] Built target lifecycle_msgs__rosidl_typesupport_microxrcedds_cpp
[0.716s] [ 38%] Built target lifecycle_msgs__rosidl_typesupport_fastrtps_cpp
[0.768s] [ 47%] Built target lifecycle_msgs__rosidl_typesupport_microxrcedds_c
[0.775s] [ 56%] Built target lifecycle_msgs__rosidl_typesupport_introspection_cpp
[0.836s] [ 65%] Built target lifecycle_msgs__rosidl_typesupport_introspection_c
[0.867s] [ 74%] Built target lifecycle_msgs__rosidl_typesupport_c
[0.905s] [ 83%] Built target lifecycle_msgs__rosidl_typesupport_fastrtps_c
[1.043s] [ 83%] Built target lifecycle_msgs
[1.201s] [ 84%] Built target lifecycle_msgs__py
[1.425s] [ 92%] Built target lifecycle_msgs__rosidl_generator_py
[1.541s] [ 96%] Built target lifecycle_msgs__rosidl_typesupport_introspection_c__pyext
[1.541s] [ 96%] Built target lifecycle_msgs__rosidl_typesupport_microxrcedds_c__pyext
[1.571s] [ 98%] Built target lifecycle_msgs__rosidl_typesupport_c__pyext
[1.573s] [100%] Built target lifecycle_msgs__rosidl_typesupport_fastrtps_c__pyext
[2.025s] running egg_info
[2.029s] writing lifecycle_msgs.egg-info/PKG-INFO
[2.029s] writing dependency_links to lifecycle_msgs.egg-info/dependency_links.txt
[2.030s] writing top-level names to lifecycle_msgs.egg-info/top_level.txt
[2.037s] reading manifest file 'lifecycle_msgs.egg-info/SOURCES.txt'
[2.040s] writing manifest file 'lifecycle_msgs.egg-info/SOURCES.txt'
[2.130s] [100%] Built target ament_cmake_python_build_lifecycle_msgs_egg
[2.167s] Invoked command in '/home/uwr/microROS_AUV/build/lifecycle_msgs' returned '0': CMAKE_PREFIX_PATH=${CMAKE_PREFIX_PATH}:/home/uwr/microROS_AUV/install/statistics_msgs:/home/uwr/microROS_AUV/install/control_pkg:/home/uwr/Desktop/2024_UWR/install/sonar_subs:/opt/ros/humble /usr/bin/cmake --build /home/uwr/microROS_AUV/build/lifecycle_msgs -- -j8 -l8
[2.982s] Invoking command in '/home/uwr/microROS_AUV/build/lifecycle_msgs': CMAKE_PREFIX_PATH=${CMAKE_PREFIX_PATH}:/home/uwr/microROS_AUV/install/statistics_msgs:/home/uwr/microROS_AUV/install/control_pkg:/home/uwr/Desktop/2024_UWR/install/sonar_subs:/opt/ros/humble /usr/bin/cmake --install /home/uwr/microROS_AUV/build/lifecycle_msgs
[3.003s] -- Install configuration: ""
[3.004s] -- Up-to-date: /home/uwr/microROS_AUV/install/lifecycle_msgs/share/ament_index/resource_index/rosidl_interfaces/lifecycle_msgs
[3.009s] -- Up-to-date: /home/uwr/microROS_AUV/install/lifecycle_msgs/include/lifecycle_msgs/lifecycle_msgs
[3.009s] -- Up-to-date: /home/uwr/microROS_AUV/install/lifecycle_msgs/include/lifecycle_msgs/lifecycle_msgs/msg
[3.010s] -- Up-to-date: /home/uwr/microROS_AUV/install/lifecycle_msgs/include/lifecycle_msgs/lifecycle_msgs/msg/rosidl_generator_c__visibility_control.h
[3.010s] -- Up-to-date: /home/uwr/microROS_AUV/install/lifecycle_msgs/include/lifecycle_msgs/lifecycle_msgs/msg/transition_description.h
[3.010s] -- Up-to-date: /home/uwr/microROS_AUV/install/lifecycle_msgs/include/lifecycle_msgs/lifecycle_msgs/msg/transition.h
[3.011s] -- Up-to-date: /home/uwr/microROS_AUV/install/lifecycle_msgs/include/lifecycle_msgs/lifecycle_msgs/msg/detail
[3.011s] -- Up-to-date: /home/uwr/microROS_AUV/install/lifecycle_msgs/include/lifecycle_msgs/lifecycle_msgs/msg/detail/state__functions.h
[3.012s] -- Up-to-date: /home/uwr/microROS_AUV/install/lifecycle_msgs/include/lifecycle_msgs/lifecycle_msgs/msg/detail/transition_description__type_support.h
[3.012s] -- Up-to-date: /home/uwr/microROS_AUV/install/lifecycle_msgs/include/lifecycle_msgs/lifecycle_msgs/msg/detail/transition_event__functions.h
[3.013s] -- Up-to-date: /home/uwr/microROS_AUV/install/lifecycle_msgs/include/lifecycle_msgs/lifecycle_msgs/msg/detail/transition_event__struct.h
[3.013s] -- Up-to-date: /home/uwr/microROS_AUV/install/lifecycle_msgs/include/lifecycle_msgs/lifecycle_msgs/msg/detail/state__type_support.h
[3.013s] -- Up-to-date: /home/uwr/microROS_AUV/install/lifecycle_msgs/include/lifecycle_msgs/lifecycle_msgs/msg/detail/state__struct.h
[3.013s] -- Up-to-date: /home/uwr/microROS_AUV/install/lifecycle_msgs/include/lifecycle_msgs/lifecycle_msgs/msg/detail/transition__functions.c
[3.013s] -- Up-to-date: /home/uwr/microROS_AUV/install/lifecycle_msgs/include/lifecycle_msgs/lifecycle_msgs/msg/detail/transition__functions.h
[3.014s] -- Up-to-date: /home/uwr/microROS_AUV/install/lifecycle_msgs/include/lifecycle_msgs/lifecycle_msgs/msg/detail/transition_event__functions.c
[3.014s] -- Up-to-date: /home/uwr/microROS_AUV/install/lifecycle_msgs/include/lifecycle_msgs/lifecycle_msgs/msg/detail/transition_description__functions.h
[3.014s] -- Up-to-date: /home/uwr/microROS_AUV/install/lifecycle_msgs/include/lifecycle_msgs/lifecycle_msgs/msg/detail/transition_event__type_support.h
[3.014s] -- Up-to-date: /home/uwr/microROS_AUV/install/lifecycle_msgs/include/lifecycle_msgs/lifecycle_msgs/msg/detail/transition__struct.h
[3.014s] -- Up-to-date: /home/uwr/microROS_AUV/install/lifecycle_msgs/include/lifecycle_msgs/lifecycle_msgs/msg/detail/transition_description__struct.h
[3.015s] -- Up-to-date: /home/uwr/microROS_AUV/install/lifecycle_msgs/include/lifecycle_msgs/lifecycle_msgs/msg/detail/transition_description__functions.c
[3.015s] -- Up-to-date: /home/uwr/microROS_AUV/install/lifecycle_msgs/include/lifecycle_msgs/lifecycle_msgs/msg/detail/transition__type_support.h
[3.015s] -- Up-to-date: /home/uwr/microROS_AUV/install/lifecycle_msgs/include/lifecycle_msgs/lifecycle_msgs/msg/detail/state__functions.c
[3.015s] -- Up-to-date: /home/uwr/microROS_AUV/install/lifecycle_msgs/include/lifecycle_msgs/lifecycle_msgs/msg/state.h
[3.017s] -- Up-to-date: /home/uwr/microROS_AUV/install/lifecycle_msgs/include/lifecycle_msgs/lifecycle_msgs/msg/transition_event.h
[3.017s] -- Up-to-date: /home/uwr/microROS_AUV/install/lifecycle_msgs/include/lifecycle_msgs/lifecycle_msgs/srv
[3.018s] -- Up-to-date: /home/uwr/microROS_AUV/install/lifecycle_msgs/include/lifecycle_msgs/lifecycle_msgs/srv/get_available_transitions.h
[3.019s] -- Up-to-date: /home/uwr/microROS_AUV/install/lifecycle_msgs/include/lifecycle_msgs/lifecycle_msgs/srv/get_state.h
[3.019s] -- Up-to-date: /home/uwr/microROS_AUV/install/lifecycle_msgs/include/lifecycle_msgs/lifecycle_msgs/srv/detail
[3.021s] -- Up-to-date: /home/uwr/microROS_AUV/install/lifecycle_msgs/include/lifecycle_msgs/lifecycle_msgs/srv/detail/change_state__functions.h
[3.021s] -- Up-to-date: /home/uwr/microROS_AUV/install/lifecycle_msgs/include/lifecycle_msgs/lifecycle_msgs/srv/detail/get_available_transitions__functions.h
[3.021s] -- Up-to-date: /home/uwr/microROS_AUV/install/lifecycle_msgs/include/lifecycle_msgs/lifecycle_msgs/srv/detail/get_available_transitions__functions.c
[3.021s] -- Up-to-date: /home/uwr/microROS_AUV/install/lifecycle_msgs/include/lifecycle_msgs/lifecycle_msgs/srv/detail/get_available_states__type_support.h
[3.021s] -- Up-to-date: /home/uwr/microROS_AUV/install/lifecycle_msgs/include/lifecycle_msgs/lifecycle_msgs/srv/detail/get_available_transitions__struct.h
[3.022s] -- Up-to-date: /home/uwr/microROS_AUV/install/lifecycle_msgs/include/lifecycle_msgs/lifecycle_msgs/srv/detail/change_state__struct.h
[3.022s] -- Up-to-date: /home/uwr/microROS_AUV/install/lifecycle_msgs/include/lifecycle_msgs/lifecycle_msgs/srv/detail/get_available_states__struct.h
[3.022s] -- Up-to-date: /home/uwr/microROS_AUV/install/lifecycle_msgs/include/lifecycle_msgs/lifecycle_msgs/srv/detail/change_state__type_support.h
[3.022s] -- Up-to-date: /home/uwr/microROS_AUV/install/lifecycle_msgs/include/lifecycle_msgs/lifecycle_msgs/srv/detail/get_available_transitions__type_support.h
[3.023s] -- Up-to-date: /home/uwr/microROS_AUV/install/lifecycle_msgs/include/lifecycle_msgs/lifecycle_msgs/srv/detail/change_state__functions.c
[3.026s] -- Up-to-date: /home/uwr/microROS_AUV/install/lifecycle_msgs/include/lifecycle_msgs/lifecycle_msgs/srv/detail/get_state__functions.c
[3.027s] -- Up-to-date: /home/uwr/microROS_AUV/install/lifecycle_msgs/include/lifecycle_msgs/lifecycle_msgs/srv/detail/get_state__struct.h
[3.027s] -- Up-to-date: /home/uwr/microROS_AUV/install/lifecycle_msgs/include/lifecycle_msgs/lifecycle_msgs/srv/detail/get_state__type_support.h
[3.027s] -- Up-to-date: /home/uwr/microROS_AUV/install/lifecycle_msgs/include/lifecycle_msgs/lifecycle_msgs/srv/detail/get_available_states__functions.c
[3.027s] -- Up-to-date: /home/uwr/microROS_AUV/install/lifecycle_msgs/include/lifecycle_msgs/lifecycle_msgs/srv/detail/get_state__functions.h
[3.027s] -- Up-to-date: /home/uwr/microROS_AUV/install/lifecycle_msgs/include/lifecycle_msgs/lifecycle_msgs/srv/detail/get_available_states__functions.h
[3.028s] -- Up-to-date: /home/uwr/microROS_AUV/install/lifecycle_msgs/include/lifecycle_msgs/lifecycle_msgs/srv/change_state.h
[3.028s] -- Up-to-date: /home/uwr/microROS_AUV/install/lifecycle_msgs/include/lifecycle_msgs/lifecycle_msgs/srv/get_available_states.h
[3.028s] -- Up-to-date: /home/uwr/microROS_AUV/install/lifecycle_msgs/share/lifecycle_msgs/environment/library_path.sh
[3.028s] -- Up-to-date: /home/uwr/microROS_AUV/install/lifecycle_msgs/share/lifecycle_msgs/environment/library_path.dsv
[3.032s] -- Up-to-date: /home/uwr/microROS_AUV/install/lifecycle_msgs/lib/liblifecycle_msgs__rosidl_generator_c.so
[3.033s] -- Up-to-date: /home/uwr/microROS_AUV/install/lifecycle_msgs/include/lifecycle_msgs
[3.033s] -- Up-to-date: /home/uwr/microROS_AUV/install/lifecycle_msgs/include/lifecycle_msgs/msg
[3.033s] -- Up-to-date: /home/uwr/microROS_AUV/install/lifecycle_msgs/include/lifecycle_msgs/msg/rosidl_typesupport_microxrcedds_c__visibility_control.h
[3.034s] -- Up-to-date: /home/uwr/microROS_AUV/install/lifecycle_msgs/include/lifecycle_msgs/msg/detail
[3.034s] -- Up-to-date: /home/uwr/microROS_AUV/install/lifecycle_msgs/include/lifecycle_msgs/msg/detail/transition_description__rosidl_typesupport_microxrcedds_c.h
[3.034s] -- Up-to-date: /home/uwr/microROS_AUV/install/lifecycle_msgs/include/lifecycle_msgs/msg/detail/transition__rosidl_typesupport_microxrcedds_c.h
[3.034s] -- Up-to-date: /home/uwr/microROS_AUV/install/lifecycle_msgs/include/lifecycle_msgs/msg/detail/transition_event__rosidl_typesupport_microxrcedds_c.h
[3.034s] -- Up-to-date: /home/uwr/microROS_AUV/install/lifecycle_msgs/include/lifecycle_msgs/msg/detail/state__rosidl_typesupport_microxrcedds_c.h
[3.035s] -- Up-to-date: /home/uwr/microROS_AUV/install/lifecycle_msgs/include/lifecycle_msgs/msg/detail/microxrcedds
[3.035s] -- Up-to-date: /home/uwr/microROS_AUV/install/lifecycle_msgs/include/lifecycle_msgs/srv
[3.035s] -- Up-to-date: /home/uwr/microROS_AUV/install/lifecycle_msgs/include/lifecycle_msgs/srv/detail
[3.035s] -- Up-to-date: /home/uwr/microROS_AUV/install/lifecycle_msgs/include/lifecycle_msgs/srv/detail/get_available_states__rosidl_typesupport_microxrcedds_c.h
[3.035s] -- Up-to-date: /home/uwr/microROS_AUV/install/lifecycle_msgs/include/lifecycle_msgs/srv/detail/get_available_transitions__rosidl_typesupport_microxrcedds_c.h
[3.036s] -- Up-to-date: /home/uwr/microROS_AUV/install/lifecycle_msgs/include/lifecycle_msgs/srv/detail/get_state__rosidl_typesupport_microxrcedds_c.h
[3.036s] -- Up-to-date: /home/uwr/microROS_AUV/install/lifecycle_msgs/include/lifecycle_msgs/srv/detail/change_state__rosidl_typesupport_microxrcedds_c.h
[3.036s] -- Up-to-date: /home/uwr/microROS_AUV/install/lifecycle_msgs/include/lifecycle_msgs/srv/detail/microxrcedds
[3.036s] -- Up-to-date: /home/uwr/microROS_AUV/install/lifecycle_msgs/lib/liblifecycle_msgs__rosidl_typesupport_microxrcedds_c.so
[3.036s] -- Up-to-date: /home/uwr/microROS_AUV/install/lifecycle_msgs/include/lifecycle_msgs/lifecycle_msgs
[3.038s] -- Up-to-date: /home/uwr/microROS_AUV/install/lifecycle_msgs/include/lifecycle_msgs/lifecycle_msgs/msg
[3.039s] -- Up-to-date: /home/uwr/microROS_AUV/install/lifecycle_msgs/include/lifecycle_msgs/lifecycle_msgs/msg/detail
[3.039s] -- Up-to-date: /home/uwr/microROS_AUV/install/lifecycle_msgs/include/lifecycle_msgs/lifecycle_msgs/msg/detail/state__rosidl_typesupport_fastrtps_c.h
[3.039s] -- Up-to-date: /home/uwr/microROS_AUV/install/lifecycle_msgs/include/lifecycle_msgs/lifecycle_msgs/msg/detail/transition_description__rosidl_typesupport_fastrtps_c.h
[3.039s] -- Up-to-date: /home/uwr/microROS_AUV/install/lifecycle_msgs/include/lifecycle_msgs/lifecycle_msgs/msg/detail/transition_event__rosidl_typesupport_fastrtps_c.h
[3.040s] -- Up-to-date: /home/uwr/microROS_AUV/install/lifecycle_msgs/include/lifecycle_msgs/lifecycle_msgs/msg/detail/transition__rosidl_typesupport_fastrtps_c.h
[3.040s] -- Up-to-date: /home/uwr/microROS_AUV/install/lifecycle_msgs/include/lifecycle_msgs/lifecycle_msgs/msg/rosidl_typesupport_fastrtps_c__visibility_control.h
[3.040s] -- Up-to-date: /home/uwr/microROS_AUV/install/lifecycle_msgs/include/lifecycle_msgs/lifecycle_msgs/srv
[3.040s] -- Up-to-date: /home/uwr/microROS_AUV/install/lifecycle_msgs/include/lifecycle_msgs/lifecycle_msgs/srv/detail
[3.040s] -- Up-to-date: /home/uwr/microROS_AUV/install/lifecycle_msgs/include/lifecycle_msgs/lifecycle_msgs/srv/detail/get_available_transitions__rosidl_typesupport_fastrtps_c.h
[3.040s] -- Up-to-date: /home/uwr/microROS_AUV/install/lifecycle_msgs/include/lifecycle_msgs/lifecycle_msgs/srv/detail/get_state__rosidl_typesupport_fastrtps_c.h
[3.040s] -- Up-to-date: /home/uwr/microROS_AUV/install/lifecycle_msgs/include/lifecycle_msgs/lifecycle_msgs/srv/detail/change_state__rosidl_typesupport_fastrtps_c.h
[3.041s] -- Up-to-date: /home/uwr/microROS_AUV/install/lifecycle_msgs/include/lifecycle_msgs/lifecycle_msgs/srv/detail/get_available_states__rosidl_typesupport_fastrtps_c.h
[3.041s] -- Up-to-date: /home/uwr/microROS_AUV/install/lifecycle_msgs/lib/liblifecycle_msgs__rosidl_typesupport_fastrtps_c.so
[3.042s] -- Up-to-date: /home/uwr/microROS_AUV/install/lifecycle_msgs/include/lifecycle_msgs/lifecycle_msgs
[3.042s] -- Up-to-date: /home/uwr/microROS_AUV/install/lifecycle_msgs/include/lifecycle_msgs/lifecycle_msgs/msg
[3.042s] -- Up-to-date: /home/uwr/microROS_AUV/install/lifecycle_msgs/include/lifecycle_msgs/lifecycle_msgs/msg/rosidl_typesupport_introspection_c__visibility_control.h
[3.042s] -- Up-to-date: /home/uwr/microROS_AUV/install/lifecycle_msgs/include/lifecycle_msgs/lifecycle_msgs/msg/detail
[3.043s] -- Up-to-date: /home/uwr/microROS_AUV/install/lifecycle_msgs/include/lifecycle_msgs/lifecycle_msgs/msg/detail/state__type_support.c
[3.043s] -- Up-to-date: /home/uwr/microROS_AUV/install/lifecycle_msgs/include/lifecycle_msgs/lifecycle_msgs/msg/detail/transition__rosidl_typesupport_introspection_c.h
[3.043s] -- Up-to-date: /home/uwr/microROS_AUV/install/lifecycle_msgs/include/lifecycle_msgs/lifecycle_msgs/msg/detail/transition_description__rosidl_typesupport_introspection_c.h
[3.043s] -- Up-to-date: /home/uwr/microROS_AUV/install/lifecycle_msgs/include/lifecycle_msgs/lifecycle_msgs/msg/detail/transition_description__type_support.c
[3.043s] -- Up-to-date: /home/uwr/microROS_AUV/install/lifecycle_msgs/include/lifecycle_msgs/lifecycle_msgs/msg/detail/state__rosidl_typesupport_introspection_c.h
[3.043s] -- Up-to-date: /home/uwr/microROS_AUV/install/lifecycle_msgs/include/lifecycle_msgs/lifecycle_msgs/msg/detail/transition_event__rosidl_typesupport_introspection_c.h
[3.043s] -- Up-to-date: /home/uwr/microROS_AUV/install/lifecycle_msgs/include/lifecycle_msgs/lifecycle_msgs/msg/detail/transition__type_support.c
[3.044s] -- Up-to-date: /home/uwr/microROS_AUV/install/lifecycle_msgs/include/lifecycle_msgs/lifecycle_msgs/msg/detail/transition_event__type_support.c
[3.044s] -- Up-to-date: /home/uwr/microROS_AUV/install/lifecycle_msgs/include/lifecycle_msgs/lifecycle_msgs/srv
[3.044s] -- Up-to-date: /home/uwr/microROS_AUV/install/lifecycle_msgs/include/lifecycle_msgs/lifecycle_msgs/srv/detail
[3.044s] -- Up-to-date: /home/uwr/microROS_AUV/install/lifecycle_msgs/include/lifecycle_msgs/lifecycle_msgs/srv/detail/change_state__type_support.c
[3.044s] -- Up-to-date: /home/uwr/microROS_AUV/install/lifecycle_msgs/include/lifecycle_msgs/lifecycle_msgs/srv/detail/get_state__rosidl_typesupport_introspection_c.h
[3.044s] -- Up-to-date: /home/uwr/microROS_AUV/install/lifecycle_msgs/include/lifecycle_msgs/lifecycle_msgs/srv/detail/get_available_transitions__type_support.c
[3.045s] -- Up-to-date: /home/uwr/microROS_AUV/install/lifecycle_msgs/include/lifecycle_msgs/lifecycle_msgs/srv/detail/get_available_states__rosidl_typesupport_introspection_c.h
[3.045s] -- Up-to-date: /home/uwr/microROS_AUV/install/lifecycle_msgs/include/lifecycle_msgs/lifecycle_msgs/srv/detail/get_available_states__type_support.c
[3.045s] -- Up-to-date: /home/uwr/microROS_AUV/install/lifecycle_msgs/include/lifecycle_msgs/lifecycle_msgs/srv/detail/get_state__type_support.c
[3.046s] -- Up-to-date: /home/uwr/microROS_AUV/install/lifecycle_msgs/include/lifecycle_msgs/lifecycle_msgs/srv/detail/get_available_transitions__rosidl_typesupport_introspection_c.h
[3.046s] -- Up-to-date: /home/uwr/microROS_AUV/install/lifecycle_msgs/include/lifecycle_msgs/lifecycle_msgs/srv/detail/change_state__rosidl_typesupport_introspection_c.h
[3.047s] -- Up-to-date: /home/uwr/microROS_AUV/install/lifecycle_msgs/lib/liblifecycle_msgs__rosidl_typesupport_introspection_c.so
[3.047s] -- Up-to-date: /home/uwr/microROS_AUV/install/lifecycle_msgs/lib/liblifecycle_msgs__rosidl_typesupport_c.so
[3.047s] -- Up-to-date: /home/uwr/microROS_AUV/install/lifecycle_msgs/include/lifecycle_msgs/lifecycle_msgs
[3.047s] -- Up-to-date: /home/uwr/microROS_AUV/install/lifecycle_msgs/include/lifecycle_msgs/lifecycle_msgs/msg
[3.048s] -- Up-to-date: /home/uwr/microROS_AUV/install/lifecycle_msgs/include/lifecycle_msgs/lifecycle_msgs/msg/state.hpp
[3.048s] -- Up-to-date: /home/uwr/microROS_AUV/install/lifecycle_msgs/include/lifecycle_msgs/lifecycle_msgs/msg/detail
[3.048s] -- Up-to-date: /home/uwr/microROS_AUV/install/lifecycle_msgs/include/lifecycle_msgs/lifecycle_msgs/msg/detail/state__struct.hpp
[3.048s] -- Up-to-date: /home/uwr/microROS_AUV/install/lifecycle_msgs/include/lifecycle_msgs/lifecycle_msgs/msg/detail/state__builder.hpp
[3.048s] -- Up-to-date: /home/uwr/microROS_AUV/install/lifecycle_msgs/include/lifecycle_msgs/lifecycle_msgs/msg/detail/transition_description__traits.hpp
[3.048s] -- Up-to-date: /home/uwr/microROS_AUV/install/lifecycle_msgs/include/lifecycle_msgs/lifecycle_msgs/msg/detail/transition__traits.hpp
[3.049s] -- Up-to-date: /home/uwr/microROS_AUV/install/lifecycle_msgs/include/lifecycle_msgs/lifecycle_msgs/msg/detail/transition_event__traits.hpp
[3.049s] -- Up-to-date: /home/uwr/microROS_AUV/install/lifecycle_msgs/include/lifecycle_msgs/lifecycle_msgs/msg/detail/transition__builder.hpp
[3.049s] -- Up-to-date: /home/uwr/microROS_AUV/install/lifecycle_msgs/include/lifecycle_msgs/lifecycle_msgs/msg/detail/state__traits.hpp
[3.051s] -- Up-to-date: /home/uwr/microROS_AUV/install/lifecycle_msgs/include/lifecycle_msgs/lifecycle_msgs/msg/detail/transition_event__builder.hpp
[3.052s] -- Up-to-date: /home/uwr/microROS_AUV/install/lifecycle_msgs/include/lifecycle_msgs/lifecycle_msgs/msg/detail/transition_description__builder.hpp
[3.052s] -- Up-to-date: /home/uwr/microROS_AUV/install/lifecycle_msgs/include/lifecycle_msgs/lifecycle_msgs/msg/detail/transition_description__struct.hpp
[3.052s] -- Up-to-date: /home/uwr/microROS_AUV/install/lifecycle_msgs/include/lifecycle_msgs/lifecycle_msgs/msg/detail/transition__struct.hpp
[3.052s] -- Up-to-date: /home/uwr/microROS_AUV/install/lifecycle_msgs/include/lifecycle_msgs/lifecycle_msgs/msg/detail/transition_event__struct.hpp
[3.052s] -- Up-to-date: /home/uwr/microROS_AUV/install/lifecycle_msgs/include/lifecycle_msgs/lifecycle_msgs/msg/transition_description.hpp
[3.053s] -- Up-to-date: /home/uwr/microROS_AUV/install/lifecycle_msgs/include/lifecycle_msgs/lifecycle_msgs/msg/transition_event.hpp
[3.053s] -- Up-to-date: /home/uwr/microROS_AUV/install/lifecycle_msgs/include/lifecycle_msgs/lifecycle_msgs/msg/transition.hpp
[3.053s] -- Up-to-date: /home/uwr/microROS_AUV/install/lifecycle_msgs/include/lifecycle_msgs/lifecycle_msgs/srv
[3.053s] -- Up-to-date: /home/uwr/microROS_AUV/install/lifecycle_msgs/include/lifecycle_msgs/lifecycle_msgs/srv/get_state.hpp
[3.053s] -- Up-to-date: /home/uwr/microROS_AUV/install/lifecycle_msgs/include/lifecycle_msgs/lifecycle_msgs/srv/detail
[3.054s] -- Up-to-date: /home/uwr/microROS_AUV/install/lifecycle_msgs/include/lifecycle_msgs/lifecycle_msgs/srv/detail/get_available_transitions__builder.hpp
[3.054s] -- Up-to-date: /home/uwr/microROS_AUV/install/lifecycle_msgs/include/lifecycle_msgs/lifecycle_msgs/srv/detail/get_state__struct.hpp
[3.054s] -- Up-to-date: /home/uwr/microROS_AUV/install/lifecycle_msgs/include/lifecycle_msgs/lifecycle_msgs/srv/detail/get_state__builder.hpp
[3.054s] -- Up-to-date: /home/uwr/microROS_AUV/install/lifecycle_msgs/include/lifecycle_msgs/lifecycle_msgs/srv/detail/get_available_states__struct.hpp
[3.055s] -- Up-to-date: /home/uwr/microROS_AUV/install/lifecycle_msgs/include/lifecycle_msgs/lifecycle_msgs/srv/detail/change_state__traits.hpp
[3.055s] -- Up-to-date: /home/uwr/microROS_AUV/install/lifecycle_msgs/include/lifecycle_msgs/lifecycle_msgs/srv/detail/change_state__builder.hpp
[3.055s] -- Up-to-date: /home/uwr/microROS_AUV/install/lifecycle_msgs/include/lifecycle_msgs/lifecycle_msgs/srv/detail/get_available_transitions__struct.hpp
[3.055s] -- Up-to-date: /home/uwr/microROS_AUV/install/lifecycle_msgs/include/lifecycle_msgs/lifecycle_msgs/srv/detail/get_state__traits.hpp
[3.055s] -- Up-to-date: /home/uwr/microROS_AUV/install/lifecycle_msgs/include/lifecycle_msgs/lifecycle_msgs/srv/detail/get_available_states__traits.hpp
[3.056s] -- Up-to-date: /home/uwr/microROS_AUV/install/lifecycle_msgs/include/lifecycle_msgs/lifecycle_msgs/srv/detail/get_available_transitions__traits.hpp
[3.056s] -- Up-to-date: /home/uwr/microROS_AUV/install/lifecycle_msgs/include/lifecycle_msgs/lifecycle_msgs/srv/detail/get_available_states__builder.hpp
[3.056s] -- Up-to-date: /home/uwr/microROS_AUV/install/lifecycle_msgs/include/lifecycle_msgs/lifecycle_msgs/srv/detail/change_state__struct.hpp
[3.056s] -- Up-to-date: /home/uwr/microROS_AUV/install/lifecycle_msgs/include/lifecycle_msgs/lifecycle_msgs/srv/get_available_states.hpp
[3.056s] -- Up-to-date: /home/uwr/microROS_AUV/install/lifecycle_msgs/include/lifecycle_msgs/lifecycle_msgs/srv/get_available_transitions.hpp
[3.056s] -- Up-to-date: /home/uwr/microROS_AUV/install/lifecycle_msgs/include/lifecycle_msgs/lifecycle_msgs/srv/change_state.hpp
[3.057s] -- Up-to-date: /home/uwr/microROS_AUV/install/lifecycle_msgs/include/lifecycle_msgs
[3.057s] -- Up-to-date: /home/uwr/microROS_AUV/install/lifecycle_msgs/include/lifecycle_msgs/msg
[3.057s] -- Up-to-date: /home/uwr/microROS_AUV/install/lifecycle_msgs/include/lifecycle_msgs/msg/rosidl_typesupport_microxrcedds_cpp__visibility_control.h
[3.057s] -- Up-to-date: /home/uwr/microROS_AUV/install/lifecycle_msgs/include/lifecycle_msgs/msg/detail
[3.057s] -- Up-to-date: /home/uwr/microROS_AUV/install/lifecycle_msgs/include/lifecycle_msgs/msg/detail/transition_description__rosidl_typesupport_microxrcedds_cpp.hpp
[3.057s] -- Up-to-date: /home/uwr/microROS_AUV/install/lifecycle_msgs/include/lifecycle_msgs/msg/detail/transition__rosidl_typesupport_microxrcedds_cpp.hpp
[3.058s] -- Up-to-date: /home/uwr/microROS_AUV/install/lifecycle_msgs/include/lifecycle_msgs/msg/detail/transition_event__rosidl_typesupport_microxrcedds_cpp.hpp
[3.058s] -- Up-to-date: /home/uwr/microROS_AUV/install/lifecycle_msgs/include/lifecycle_msgs/msg/detail/state__rosidl_typesupport_microxrcedds_cpp.hpp
[3.058s] -- Up-to-date: /home/uwr/microROS_AUV/install/lifecycle_msgs/include/lifecycle_msgs/msg/detail/microxrcedds
[3.058s] -- Up-to-date: /home/uwr/microROS_AUV/install/lifecycle_msgs/include/lifecycle_msgs/msg/detail/microxrcedds/state__type_support_cpp.cpp
[3.066s] -- Up-to-date: /home/uwr/microROS_AUV/install/lifecycle_msgs/include/lifecycle_msgs/msg/detail/microxrcedds/transition_event__type_support_cpp.cpp
[3.066s] -- Up-to-date: /home/uwr/microROS_AUV/install/lifecycle_msgs/include/lifecycle_msgs/msg/detail/microxrcedds/transition__type_support_cpp.cpp
[3.066s] -- Up-to-date: /home/uwr/microROS_AUV/install/lifecycle_msgs/include/lifecycle_msgs/msg/detail/microxrcedds/transition_description__type_support_cpp.cpp
[3.067s] -- Up-to-date: /home/uwr/microROS_AUV/install/lifecycle_msgs/include/lifecycle_msgs/srv
[3.067s] -- Up-to-date: /home/uwr/microROS_AUV/install/lifecycle_msgs/include/lifecycle_msgs/srv/detail
[3.067s] -- Up-to-date: /home/uwr/microROS_AUV/install/lifecycle_msgs/include/lifecycle_msgs/srv/detail/get_available_transitions__rosidl_typesupport_microxrcedds_cpp.hpp
[3.067s] -- Up-to-date: /home/uwr/microROS_AUV/install/lifecycle_msgs/include/lifecycle_msgs/srv/detail/get_state__rosidl_typesupport_microxrcedds_cpp.hpp
[3.067s] -- Up-to-date: /home/uwr/microROS_AUV/install/lifecycle_msgs/include/lifecycle_msgs/srv/detail/get_available_states__rosidl_typesupport_microxrcedds_cpp.hpp
[3.068s] -- Up-to-date: /home/uwr/microROS_AUV/install/lifecycle_msgs/include/lifecycle_msgs/srv/detail/change_state__rosidl_typesupport_microxrcedds_cpp.hpp
[3.068s] -- Up-to-date: /home/uwr/microROS_AUV/install/lifecycle_msgs/include/lifecycle_msgs/srv/detail/microxrcedds
[3.068s] -- Up-to-date: /home/uwr/microROS_AUV/install/lifecycle_msgs/include/lifecycle_msgs/srv/detail/microxrcedds/get_state__type_support_cpp.cpp
[3.068s] -- Up-to-date: /home/uwr/microROS_AUV/install/lifecycle_msgs/include/lifecycle_msgs/srv/detail/microxrcedds/get_available_states__type_support_cpp.cpp
[3.068s] -- Up-to-date: /home/uwr/microROS_AUV/install/lifecycle_msgs/include/lifecycle_msgs/srv/detail/microxrcedds/get_available_transitions__type_support_cpp.cpp
[3.068s] -- Up-to-date: /home/uwr/microROS_AUV/install/lifecycle_msgs/include/lifecycle_msgs/srv/detail/microxrcedds/change_state__type_support_cpp.cpp
[3.069s] -- Up-to-date: /home/uwr/microROS_AUV/install/lifecycle_msgs/lib/liblifecycle_msgs__rosidl_typesupport_microxrcedds_cpp.so
[3.069s] -- Up-to-date: /home/uwr/microROS_AUV/install/lifecycle_msgs/include/lifecycle_msgs/lifecycle_msgs
[3.069s] -- Up-to-date: /home/uwr/microROS_AUV/install/lifecycle_msgs/include/lifecycle_msgs/lifecycle_msgs/msg
[3.072s] -- Up-to-date: /home/uwr/microROS_AUV/install/lifecycle_msgs/include/lifecycle_msgs/lifecycle_msgs/msg/detail
[3.072s] -- Up-to-date: /home/uwr/microROS_AUV/install/lifecycle_msgs/include/lifecycle_msgs/lifecycle_msgs/msg/detail/transition_description__rosidl_typesupport_fastrtps_cpp.hpp
[3.073s] -- Up-to-date: /home/uwr/microROS_AUV/install/lifecycle_msgs/include/lifecycle_msgs/lifecycle_msgs/msg/detail/state__rosidl_typesupport_fastrtps_cpp.hpp
[3.073s] -- Up-to-date: /home/uwr/microROS_AUV/install/lifecycle_msgs/include/lifecycle_msgs/lifecycle_msgs/msg/detail/transition_event__rosidl_typesupport_fastrtps_cpp.hpp
[3.075s] -- Up-to-date: /home/uwr/microROS_AUV/install/lifecycle_msgs/include/lifecycle_msgs/lifecycle_msgs/msg/detail/transition__rosidl_typesupport_fastrtps_cpp.hpp
[3.075s] -- Up-to-date: /home/uwr/microROS_AUV/install/lifecycle_msgs/include/lifecycle_msgs/lifecycle_msgs/msg/detail/dds_fastrtps
[3.075s] -- Up-to-date: /home/uwr/microROS_AUV/install/lifecycle_msgs/include/lifecycle_msgs/lifecycle_msgs/msg/rosidl_typesupport_fastrtps_cpp__visibility_control.h
[3.075s] -- Up-to-date: /home/uwr/microROS_AUV/install/lifecycle_msgs/include/lifecycle_msgs/lifecycle_msgs/srv
[3.075s] -- Up-to-date: /home/uwr/microROS_AUV/install/lifecycle_msgs/include/lifecycle_msgs/lifecycle_msgs/srv/detail
[3.076s] -- Up-to-date: /home/uwr/microROS_AUV/install/lifecycle_msgs/include/lifecycle_msgs/lifecycle_msgs/srv/detail/get_available_transitions__rosidl_typesupport_fastrtps_cpp.hpp
[3.076s] -- Up-to-date: /home/uwr/microROS_AUV/install/lifecycle_msgs/include/lifecycle_msgs/lifecycle_msgs/srv/detail/change_state__rosidl_typesupport_fastrtps_cpp.hpp
[3.076s] -- Up-to-date: /home/uwr/microROS_AUV/install/lifecycle_msgs/include/lifecycle_msgs/lifecycle_msgs/srv/detail/get_state__rosidl_typesupport_fastrtps_cpp.hpp
[3.076s] -- Up-to-date: /home/uwr/microROS_AUV/install/lifecycle_msgs/include/lifecycle_msgs/lifecycle_msgs/srv/detail/get_available_states__rosidl_typesupport_fastrtps_cpp.hpp
[3.076s] -- Up-to-date: /home/uwr/microROS_AUV/install/lifecycle_msgs/include/lifecycle_msgs/lifecycle_msgs/srv/detail/dds_fastrtps
[3.076s] -- Up-to-date: /home/uwr/microROS_AUV/install/lifecycle_msgs/lib/liblifecycle_msgs__rosidl_typesupport_fastrtps_cpp.so
[3.077s] -- Up-to-date: /home/uwr/microROS_AUV/install/lifecycle_msgs/include/lifecycle_msgs/lifecycle_msgs
[3.077s] -- Up-to-date: /home/uwr/microROS_AUV/install/lifecycle_msgs/include/lifecycle_msgs/lifecycle_msgs/msg
[3.077s] -- Up-to-date: /home/uwr/microROS_AUV/install/lifecycle_msgs/include/lifecycle_msgs/lifecycle_msgs/msg/detail
[3.077s] -- Up-to-date: /home/uwr/microROS_AUV/install/lifecycle_msgs/include/lifecycle_msgs/lifecycle_msgs/msg/detail/transition__type_support.cpp
[3.077s] -- Up-to-date: /home/uwr/microROS_AUV/install/lifecycle_msgs/include/lifecycle_msgs/lifecycle_msgs/msg/detail/transition_event__type_support.cpp
[3.078s] -- Up-to-date: /home/uwr/microROS_AUV/install/lifecycle_msgs/include/lifecycle_msgs/lifecycle_msgs/msg/detail/state__type_support.cpp
[3.078s] -- Up-to-date: /home/uwr/microROS_AUV/install/lifecycle_msgs/include/lifecycle_msgs/lifecycle_msgs/msg/detail/transition__rosidl_typesupport_introspection_cpp.hpp
[3.081s] -- Up-to-date: /home/uwr/microROS_AUV/install/lifecycle_msgs/include/lifecycle_msgs/lifecycle_msgs/msg/detail/state__rosidl_typesupport_introspection_cpp.hpp
[3.082s] -- Up-to-date: /home/uwr/microROS_AUV/install/lifecycle_msgs/include/lifecycle_msgs/lifecycle_msgs/msg/detail/transition_description__type_support.cpp
[3.082s] -- Up-to-date: /home/uwr/microROS_AUV/install/lifecycle_msgs/include/lifecycle_msgs/lifecycle_msgs/msg/detail/transition_event__rosidl_typesupport_introspection_cpp.hpp
[3.082s] -- Up-to-date: /home/uwr/microROS_AUV/install/lifecycle_msgs/include/lifecycle_msgs/lifecycle_msgs/msg/detail/transition_description__rosidl_typesupport_introspection_cpp.hpp
[3.082s] -- Up-to-date: /home/uwr/microROS_AUV/install/lifecycle_msgs/include/lifecycle_msgs/lifecycle_msgs/srv
[3.082s] -- Up-to-date: /home/uwr/microROS_AUV/install/lifecycle_msgs/include/lifecycle_msgs/lifecycle_msgs/srv/detail
[3.083s] -- Up-to-date: /home/uwr/microROS_AUV/install/lifecycle_msgs/include/lifecycle_msgs/lifecycle_msgs/srv/detail/change_state__type_support.cpp
[3.083s] -- Up-to-date: /home/uwr/microROS_AUV/install/lifecycle_msgs/include/lifecycle_msgs/lifecycle_msgs/srv/detail/get_state__type_support.cpp
[3.083s] -- Up-to-date: /home/uwr/microROS_AUV/install/lifecycle_msgs/include/lifecycle_msgs/lifecycle_msgs/srv/detail/change_state__rosidl_typesupport_introspection_cpp.hpp
[3.083s] -- Up-to-date: /home/uwr/microROS_AUV/install/lifecycle_msgs/include/lifecycle_msgs/lifecycle_msgs/srv/detail/get_available_states__rosidl_typesupport_introspection_cpp.hpp
[3.083s] -- Up-to-date: /home/uwr/microROS_AUV/install/lifecycle_msgs/include/lifecycle_msgs/lifecycle_msgs/srv/detail/get_state__rosidl_typesupport_introspection_cpp.hpp
[3.084s] -- Up-to-date: /home/uwr/microROS_AUV/install/lifecycle_msgs/include/lifecycle_msgs/lifecycle_msgs/srv/detail/get_available_transitions__type_support.cpp
[3.084s] -- Up-to-date: /home/uwr/microROS_AUV/install/lifecycle_msgs/include/lifecycle_msgs/lifecycle_msgs/srv/detail/get_available_states__type_support.cpp
[3.084s] -- Up-to-date: /home/uwr/microROS_AUV/install/lifecycle_msgs/include/lifecycle_msgs/lifecycle_msgs/srv/detail/get_available_transitions__rosidl_typesupport_introspection_cpp.hpp
[3.084s] -- Up-to-date: /home/uwr/microROS_AUV/install/lifecycle_msgs/lib/liblifecycle_msgs__rosidl_typesupport_introspection_cpp.so
[3.084s] -- Up-to-date: /home/uwr/microROS_AUV/install/lifecycle_msgs/lib/liblifecycle_msgs__rosidl_typesupport_cpp.so
[3.084s] -- Up-to-date: /home/uwr/microROS_AUV/install/lifecycle_msgs/share/lifecycle_msgs/environment/pythonpath.sh
[3.085s] -- Up-to-date: /home/uwr/microROS_AUV/install/lifecycle_msgs/share/lifecycle_msgs/environment/pythonpath.dsv
[3.085s] -- Up-to-date: /home/uwr/microROS_AUV/install/lifecycle_msgs/local/lib/python3.10/dist-packages/lifecycle_msgs-1.2.2-py3.10.egg-info
[3.085s] -- Installing: /home/uwr/microROS_AUV/install/lifecycle_msgs/local/lib/python3.10/dist-packages/lifecycle_msgs-1.2.2-py3.10.egg-info/top_level.txt
[3.085s] -- Installing: /home/uwr/microROS_AUV/install/lifecycle_msgs/local/lib/python3.10/dist-packages/lifecycle_msgs-1.2.2-py3.10.egg-info/dependency_links.txt
[3.085s] -- Installing: /home/uwr/microROS_AUV/install/lifecycle_msgs/local/lib/python3.10/dist-packages/lifecycle_msgs-1.2.2-py3.10.egg-info/PKG-INFO
[3.086s] -- Installing: /home/uwr/microROS_AUV/install/lifecycle_msgs/local/lib/python3.10/dist-packages/lifecycle_msgs-1.2.2-py3.10.egg-info/SOURCES.txt
[3.086s] -- Up-to-date: /home/uwr/microROS_AUV/install/lifecycle_msgs/local/lib/python3.10/dist-packages/lifecycle_msgs
[3.086s] -- Up-to-date: /home/uwr/microROS_AUV/install/lifecycle_msgs/local/lib/python3.10/dist-packages/lifecycle_msgs/lifecycle_msgs_s__rosidl_typesupport_microxrcedds_c.cpython-310-x86_64-linux-gnu.so
[3.086s] -- Up-to-date: /home/uwr/microROS_AUV/install/lifecycle_msgs/local/lib/python3.10/dist-packages/lifecycle_msgs/lifecycle_msgs_s__rosidl_typesupport_fastrtps_c.cpython-310-x86_64-linux-gnu.so
[3.086s] -- Up-to-date: /home/uwr/microROS_AUV/install/lifecycle_msgs/local/lib/python3.10/dist-packages/lifecycle_msgs/_lifecycle_msgs_s.ep.rosidl_typesupport_microxrcedds_c.c
[3.089s] -- Up-to-date: /home/uwr/microROS_AUV/install/lifecycle_msgs/local/lib/python3.10/dist-packages/lifecycle_msgs/liblifecycle_msgs__rosidl_generator_py.so
[3.089s] -- Up-to-date: /home/uwr/microROS_AUV/install/lifecycle_msgs/local/lib/python3.10/dist-packages/lifecycle_msgs/_lifecycle_msgs_s.ep.rosidl_typesupport_introspection_c.c
[3.089s] -- Up-to-date: /home/uwr/microROS_AUV/install/lifecycle_msgs/local/lib/python3.10/dist-packages/lifecycle_msgs/lifecycle_msgs_s__rosidl_typesupport_introspection_c.cpython-310-x86_64-linux-gnu.so
[3.090s] -- Up-to-date: /home/uwr/microROS_AUV/install/lifecycle_msgs/local/lib/python3.10/dist-packages/lifecycle_msgs/_lifecycle_msgs_s.ep.rosidl_typesupport_c.c
[3.090s] -- Up-to-date: /home/uwr/microROS_AUV/install/lifecycle_msgs/local/lib/python3.10/dist-packages/lifecycle_msgs/lifecycle_msgs_s__rosidl_typesupport_c.cpython-310-x86_64-linux-gnu.so
[3.090s] -- Up-to-date: /home/uwr/microROS_AUV/install/lifecycle_msgs/local/lib/python3.10/dist-packages/lifecycle_msgs/_lifecycle_msgs_s.ep.rosidl_typesupport_fastrtps_c.c
[3.090s] -- Up-to-date: /home/uwr/microROS_AUV/install/lifecycle_msgs/local/lib/python3.10/dist-packages/lifecycle_msgs/msg
[3.090s] -- Up-to-date: /home/uwr/microROS_AUV/install/lifecycle_msgs/local/lib/python3.10/dist-packages/lifecycle_msgs/msg/_transition.py
[3.094s] -- Up-to-date: /home/uwr/microROS_AUV/install/lifecycle_msgs/local/lib/python3.10/dist-packages/lifecycle_msgs/msg/_transition_description.py
[3.094s] -- Up-to-date: /home/uwr/microROS_AUV/install/lifecycle_msgs/local/lib/python3.10/dist-packages/lifecycle_msgs/msg/_transition_s.c
[3.095s] -- Up-to-date: /home/uwr/microROS_AUV/install/lifecycle_msgs/local/lib/python3.10/dist-packages/lifecycle_msgs/msg/_state_s.c
[3.095s] -- Up-to-date: /home/uwr/microROS_AUV/install/lifecycle_msgs/local/lib/python3.10/dist-packages/lifecycle_msgs/msg/_state.py
[3.095s] -- Up-to-date: /home/uwr/microROS_AUV/install/lifecycle_msgs/local/lib/python3.10/dist-packages/lifecycle_msgs/msg/_transition_event.py
[3.100s] -- Up-to-date: /home/uwr/microROS_AUV/install/lifecycle_msgs/local/lib/python3.10/dist-packages/lifecycle_msgs/msg/__init__.py
[3.101s] -- Up-to-date: /home/uwr/microROS_AUV/install/lifecycle_msgs/local/lib/python3.10/dist-packages/lifecycle_msgs/msg/_transition_event_s.c
[3.101s] -- Up-to-date: /home/uwr/microROS_AUV/install/lifecycle_msgs/local/lib/python3.10/dist-packages/lifecycle_msgs/msg/_transition_description_s.c
[3.101s] -- Up-to-date: /home/uwr/microROS_AUV/install/lifecycle_msgs/local/lib/python3.10/dist-packages/lifecycle_msgs/__init__.py
[3.101s] -- Up-to-date: /home/uwr/microROS_AUV/install/lifecycle_msgs/local/lib/python3.10/dist-packages/lifecycle_msgs/srv
[3.102s] -- Up-to-date: /home/uwr/microROS_AUV/install/lifecycle_msgs/local/lib/python3.10/dist-packages/lifecycle_msgs/srv/_get_available_states.py
[3.102s] -- Up-to-date: /home/uwr/microROS_AUV/install/lifecycle_msgs/local/lib/python3.10/dist-packages/lifecycle_msgs/srv/_change_state_s.c
[3.102s] -- Up-to-date: /home/uwr/microROS_AUV/install/lifecycle_msgs/local/lib/python3.10/dist-packages/lifecycle_msgs/srv/_get_state.py
[3.102s] -- Up-to-date: /home/uwr/microROS_AUV/install/lifecycle_msgs/local/lib/python3.10/dist-packages/lifecycle_msgs/srv/_change_state.py
[3.102s] -- Up-to-date: /home/uwr/microROS_AUV/install/lifecycle_msgs/local/lib/python3.10/dist-packages/lifecycle_msgs/srv/_get_available_transitions.py
[3.103s] -- Up-to-date: /home/uwr/microROS_AUV/install/lifecycle_msgs/local/lib/python3.10/dist-packages/lifecycle_msgs/srv/_get_available_transitions_s.c
[3.103s] -- Up-to-date: /home/uwr/microROS_AUV/install/lifecycle_msgs/local/lib/python3.10/dist-packages/lifecycle_msgs/srv/__init__.py
[3.103s] -- Up-to-date: /home/uwr/microROS_AUV/install/lifecycle_msgs/local/lib/python3.10/dist-packages/lifecycle_msgs/srv/_get_state_s.c
[3.103s] -- Up-to-date: /home/uwr/microROS_AUV/install/lifecycle_msgs/local/lib/python3.10/dist-packages/lifecycle_msgs/srv/_get_available_states_s.c
[3.187s] Listing '/home/uwr/microROS_AUV/install/lifecycle_msgs/local/lib/python3.10/dist-packages/lifecycle_msgs'...
[3.187s] Listing '/home/uwr/microROS_AUV/install/lifecycle_msgs/local/lib/python3.10/dist-packages/lifecycle_msgs/msg'...
[3.187s] Listing '/home/uwr/microROS_AUV/install/lifecycle_msgs/local/lib/python3.10/dist-packages/lifecycle_msgs/srv'...
[3.251s] -- Up-to-date: /home/uwr/microROS_AUV/install/lifecycle_msgs/local/lib/python3.10/dist-packages/lifecycle_msgs/lifecycle_msgs_s__rosidl_typesupport_microxrcedds_c.cpython-310-x86_64-linux-gnu.so
[3.253s] -- Up-to-date: /home/uwr/microROS_AUV/install/lifecycle_msgs/local/lib/python3.10/dist-packages/lifecycle_msgs/lifecycle_msgs_s__rosidl_typesupport_fastrtps_c.cpython-310-x86_64-linux-gnu.so
[3.253s] -- Up-to-date: /home/uwr/microROS_AUV/install/lifecycle_msgs/local/lib/python3.10/dist-packages/lifecycle_msgs/lifecycle_msgs_s__rosidl_typesupport_introspection_c.cpython-310-x86_64-linux-gnu.so
[3.253s] -- Up-to-date: /home/uwr/microROS_AUV/install/lifecycle_msgs/local/lib/python3.10/dist-packages/lifecycle_msgs/lifecycle_msgs_s__rosidl_typesupport_c.cpython-310-x86_64-linux-gnu.so
[3.259s] -- Up-to-date: /home/uwr/microROS_AUV/install/lifecycle_msgs/lib/liblifecycle_msgs__rosidl_generator_py.so
[3.260s] -- Up-to-date: /home/uwr/microROS_AUV/install/lifecycle_msgs/share/lifecycle_msgs/msg/State.idl
[3.260s] -- Up-to-date: /home/uwr/microROS_AUV/install/lifecycle_msgs/share/lifecycle_msgs/msg/Transition.idl
[3.261s] -- Up-to-date: /home/uwr/microROS_AUV/install/lifecycle_msgs/share/lifecycle_msgs/msg/TransitionDescription.idl
[3.261s] -- Up-to-date: /home/uwr/microROS_AUV/install/lifecycle_msgs/share/lifecycle_msgs/msg/TransitionEvent.idl
[3.261s] -- Up-to-date: /home/uwr/microROS_AUV/install/lifecycle_msgs/share/lifecycle_msgs/srv/ChangeState.idl
[3.261s] -- Up-to-date: /home/uwr/microROS_AUV/install/lifecycle_msgs/share/lifecycle_msgs/srv/GetAvailableStates.idl
[3.261s] -- Up-to-date: /home/uwr/microROS_AUV/install/lifecycle_msgs/share/lifecycle_msgs/srv/GetAvailableTransitions.idl
[3.266s] -- Up-to-date: /home/uwr/microROS_AUV/install/lifecycle_msgs/share/lifecycle_msgs/srv/GetState.idl
[3.266s] -- Up-to-date: /home/uwr/microROS_AUV/install/lifecycle_msgs/share/lifecycle_msgs/msg/State.msg
[3.266s] -- Up-to-date: /home/uwr/microROS_AUV/install/lifecycle_msgs/share/lifecycle_msgs/msg/Transition.msg
[3.266s] -- Up-to-date: /home/uwr/microROS_AUV/install/lifecycle_msgs/share/lifecycle_msgs/msg/TransitionDescription.msg
[3.266s] -- Up-to-date: /home/uwr/microROS_AUV/install/lifecycle_msgs/share/lifecycle_msgs/msg/TransitionEvent.msg
[3.267s] -- Up-to-date: /home/uwr/microROS_AUV/install/lifecycle_msgs/share/lifecycle_msgs/srv/ChangeState.srv
[3.267s] -- Up-to-date: /home/uwr/microROS_AUV/install/lifecycle_msgs/share/lifecycle_msgs/srv/ChangeState_Request.msg
[3.267s] -- Up-to-date: /home/uwr/microROS_AUV/install/lifecycle_msgs/share/lifecycle_msgs/srv/ChangeState_Response.msg
[3.267s] -- Up-to-date: /home/uwr/microROS_AUV/install/lifecycle_msgs/share/lifecycle_msgs/srv/GetAvailableStates.srv
[3.267s] -- Up-to-date: /home/uwr/microROS_AUV/install/lifecycle_msgs/share/lifecycle_msgs/srv/GetAvailableStates_Request.msg
[3.268s] -- Up-to-date: /home/uwr/microROS_AUV/install/lifecycle_msgs/share/lifecycle_msgs/srv/GetAvailableStates_Response.msg
[3.268s] -- Up-to-date: /home/uwr/microROS_AUV/install/lifecycle_msgs/share/lifecycle_msgs/srv/GetAvailableTransitions.srv
[3.268s] -- Up-to-date: /home/uwr/microROS_AUV/install/lifecycle_msgs/share/lifecycle_msgs/srv/GetAvailableTransitions_Request.msg
[3.268s] -- Up-to-date: /home/uwr/microROS_AUV/install/lifecycle_msgs/share/lifecycle_msgs/srv/GetAvailableTransitions_Response.msg
[3.268s] -- Up-to-date: /home/uwr/microROS_AUV/install/lifecycle_msgs/share/lifecycle_msgs/srv/GetState.srv
[3.269s] -- Up-to-date: /home/uwr/microROS_AUV/install/lifecycle_msgs/share/lifecycle_msgs/srv/GetState_Request.msg
[3.269s] -- Up-to-date: /home/uwr/microROS_AUV/install/lifecycle_msgs/share/lifecycle_msgs/srv/GetState_Response.msg
[3.269s] -- Up-to-date: /home/uwr/microROS_AUV/install/lifecycle_msgs/share/ament_index/resource_index/package_run_dependencies/lifecycle_msgs
[3.286s] -- Up-to-date: /home/uwr/microROS_AUV/install/lifecycle_msgs/share/ament_index/resource_index/parent_prefix_path/lifecycle_msgs
[3.286s] -- Up-to-date: /home/uwr/microROS_AUV/install/lifecycle_msgs/share/lifecycle_msgs/environment/ament_prefix_path.sh
[3.286s] -- Up-to-date: /home/uwr/microROS_AUV/install/lifecycle_msgs/share/lifecycle_msgs/environment/ament_prefix_path.dsv
[3.286s] -- Up-to-date: /home/uwr/microROS_AUV/install/lifecycle_msgs/share/lifecycle_msgs/environment/path.sh
[3.289s] -- Up-to-date: /home/uwr/microROS_AUV/install/lifecycle_msgs/share/lifecycle_msgs/environment/path.dsv
[3.292s] -- Up-to-date: /home/uwr/microROS_AUV/install/lifecycle_msgs/share/lifecycle_msgs/local_setup.bash
[3.299s] -- Up-to-date: /home/uwr/microROS_AUV/install/lifecycle_msgs/share/lifecycle_msgs/local_setup.sh
[3.299s] -- Up-to-date: /home/uwr/microROS_AUV/install/lifecycle_msgs/share/lifecycle_msgs/local_setup.zsh
[3.299s] -- Up-to-date: /home/uwr/microROS_AUV/install/lifecycle_msgs/share/lifecycle_msgs/local_setup.dsv
[3.299s] -- Installing: /home/uwr/microROS_AUV/install/lifecycle_msgs/share/lifecycle_msgs/package.dsv
[3.300s] -- Up-to-date: /home/uwr/microROS_AUV/install/lifecycle_msgs/share/ament_index/resource_index/packages/lifecycle_msgs
[3.309s] -- Up-to-date: /home/uwr/microROS_AUV/install/lifecycle_msgs/share/lifecycle_msgs/cmake/export_lifecycle_msgs__rosidl_generator_cExport.cmake
[3.309s] -- Up-to-date: /home/uwr/microROS_AUV/install/lifecycle_msgs/share/lifecycle_msgs/cmake/export_lifecycle_msgs__rosidl_generator_cExport-noconfig.cmake
[3.309s] -- Up-to-date: /home/uwr/microROS_AUV/install/lifecycle_msgs/share/lifecycle_msgs/cmake/export_lifecycle_msgs__rosidl_typesupport_fastrtps_cExport.cmake
[3.309s] -- Up-to-date: /home/uwr/microROS_AUV/install/lifecycle_msgs/share/lifecycle_msgs/cmake/export_lifecycle_msgs__rosidl_typesupport_fastrtps_cExport-noconfig.cmake
[3.309s] -- Up-to-date: /home/uwr/microROS_AUV/install/lifecycle_msgs/share/lifecycle_msgs/cmake/lifecycle_msgs__rosidl_typesupport_introspection_cExport.cmake
[3.309s] -- Up-to-date: /home/uwr/microROS_AUV/install/lifecycle_msgs/share/lifecycle_msgs/cmake/lifecycle_msgs__rosidl_typesupport_introspection_cExport-noconfig.cmake
[3.310s] -- Up-to-date: /home/uwr/microROS_AUV/install/lifecycle_msgs/share/lifecycle_msgs/cmake/lifecycle_msgs__rosidl_typesupport_cExport.cmake
[3.310s] -- Up-to-date: /home/uwr/microROS_AUV/install/lifecycle_msgs/share/lifecycle_msgs/cmake/lifecycle_msgs__rosidl_typesupport_cExport-noconfig.cmake
[3.311s] -- Up-to-date: /home/uwr/microROS_AUV/install/lifecycle_msgs/share/lifecycle_msgs/cmake/export_lifecycle_msgs__rosidl_generator_cppExport.cmake
[3.312s] -- Up-to-date: /home/uwr/microROS_AUV/install/lifecycle_msgs/share/lifecycle_msgs/cmake/export_lifecycle_msgs__rosidl_typesupport_fastrtps_cppExport.cmake
[3.312s] -- Up-to-date: /home/uwr/microROS_AUV/install/lifecycle_msgs/share/lifecycle_msgs/cmake/export_lifecycle_msgs__rosidl_typesupport_fastrtps_cppExport-noconfig.cmake
[3.323s] -- Up-to-date: /home/uwr/microROS_AUV/install/lifecycle_msgs/share/lifecycle_msgs/cmake/lifecycle_msgs__rosidl_typesupport_introspection_cppExport.cmake
[3.323s] -- Up-to-date: /home/uwr/microROS_AUV/install/lifecycle_msgs/share/lifecycle_msgs/cmake/lifecycle_msgs__rosidl_typesupport_introspection_cppExport-noconfig.cmake
[3.323s] -- Up-to-date: /home/uwr/microROS_AUV/install/lifecycle_msgs/share/lifecycle_msgs/cmake/lifecycle_msgs__rosidl_typesupport_cppExport.cmake
[3.324s] -- Up-to-date: /home/uwr/microROS_AUV/install/lifecycle_msgs/share/lifecycle_msgs/cmake/lifecycle_msgs__rosidl_typesupport_cppExport-noconfig.cmake
[3.324s] -- Up-to-date: /home/uwr/microROS_AUV/install/lifecycle_msgs/share/lifecycle_msgs/cmake/export_lifecycle_msgs__rosidl_generator_pyExport.cmake
[3.324s] -- Up-to-date: /home/uwr/microROS_AUV/install/lifecycle_msgs/share/lifecycle_msgs/cmake/export_lifecycle_msgs__rosidl_generator_pyExport-noconfig.cmake
[3.324s] -- Up-to-date: /home/uwr/microROS_AUV/install/lifecycle_msgs/share/lifecycle_msgs/cmake/rosidl_cmake-extras.cmake
[3.324s] -- Up-to-date: /home/uwr/microROS_AUV/install/lifecycle_msgs/share/lifecycle_msgs/cmake/ament_cmake_export_include_directories-extras.cmake
[3.325s] -- Up-to-date: /home/uwr/microROS_AUV/install/lifecycle_msgs/share/lifecycle_msgs/cmake/ament_cmake_export_libraries-extras.cmake
[3.325s] -- Up-to-date: /home/uwr/microROS_AUV/install/lifecycle_msgs/share/lifecycle_msgs/cmake/ament_cmake_export_targets-extras.cmake
[3.325s] -- Up-to-date: /home/uwr/microROS_AUV/install/lifecycle_msgs/share/lifecycle_msgs/cmake/rosidl_cmake_export_typesupport_targets-extras.cmake
[3.325s] -- Up-to-date: /home/uwr/microROS_AUV/install/lifecycle_msgs/share/lifecycle_msgs/cmake/ament_cmake_export_dependencies-extras.cmake
[3.325s] -- Up-to-date: /home/uwr/microROS_AUV/install/lifecycle_msgs/share/lifecycle_msgs/cmake/rosidl_cmake_export_typesupport_libraries-extras.cmake
[3.325s] -- Up-to-date: /home/uwr/microROS_AUV/install/lifecycle_msgs/share/lifecycle_msgs/cmake/lifecycle_msgsConfig.cmake
[3.326s] -- Up-to-date: /home/uwr/microROS_AUV/install/lifecycle_msgs/share/lifecycle_msgs/cmake/lifecycle_msgsConfig-version.cmake
[3.326s] -- Up-to-date: /home/uwr/microROS_AUV/install/lifecycle_msgs/share/lifecycle_msgs/package.xml
[3.385s] Invoked command in '/home/uwr/microROS_AUV/build/lifecycle_msgs' returned '0': CMAKE_PREFIX_PATH=${CMAKE_PREFIX_PATH}:/home/uwr/microROS_AUV/install/statistics_msgs:/home/uwr/microROS_AUV/install/control_pkg:/home/uwr/Desktop/2024_UWR/install/sonar_subs:/opt/ros/humble /usr/bin/cmake --install /home/uwr/microROS_AUV/build/lifecycle_msgs
