[35m[1mConsolidate compiler generated dependencies of target rcl_interfaces__rosidl_generator_c[0m
[  0%] Built target rcl_interfaces__cpp
[  9%] Built target rcl_interfaces__rosidl_generator_c
[35m[1mConsolidate compiler generated dependencies of target rcl_interfaces__rosidl_typesupport_microxrcedds_cpp[0m
[  9%] Built target ament_cmake_python_copy_rcl_interfaces
[35m[1mConsolidate compiler generated dependencies of target rcl_interfaces__rosidl_typesupport_cpp[0m
[35m[1mConsolidate compiler generated dependencies of target rcl_interfaces__rosidl_typesupport_introspection_cpp[0m
[35m[1mConsolidate compiler generated dependencies of target rcl_interfaces__rosidl_typesupport_fastrtps_cpp[0m
[35m[1mConsolidate compiler generated dependencies of target rcl_interfaces__rosidl_typesupport_fastrtps_c[0m
[35m[1mConsolidate compiler generated dependencies of target rcl_interfaces__rosidl_typesupport_introspection_c[0m
[ 19%] Built target rcl_interfaces__rosidl_typesupport_microxrcedds_cpp
[35m[1mConsolidate compiler generated dependencies of target rcl_interfaces__rosidl_typesupport_microxrcedds_c[0m
[ 28%] Built target rcl_interfaces__rosidl_typesupport_introspection_cpp
[ 37%] Built target rcl_interfaces__rosidl_typesupport_cpp
[35m[1mConsolidate compiler generated dependencies of target rcl_interfaces__rosidl_typesupport_c[0m
[ 47%] Built target rcl_interfaces__rosidl_typesupport_fastrtps_c
[ 56%] Built target rcl_interfaces__rosidl_typesupport_fastrtps_cpp
[ 76%] Built target rcl_interfaces__rosidl_typesupport_introspection_c
[ 76%] Built target rcl_interfaces__rosidl_typesupport_microxrcedds_c
[ 86%] Built target rcl_interfaces__rosidl_typesupport_c
[ 86%] Built target rcl_interfaces
[ 87%] Built target rcl_interfaces__py
[35m[1mConsolidate compiler generated dependencies of target rcl_interfaces__rosidl_generator_py[0m
[ 96%] Built target rcl_interfaces__rosidl_generator_py
[35m[1mConsolidate compiler generated dependencies of target rcl_interfaces__rosidl_typesupport_microxrcedds_c__pyext[0m
[35m[1mConsolidate compiler generated dependencies of target rcl_interfaces__rosidl_typesupport_fastrtps_c__pyext[0m
[35m[1mConsolidate compiler generated dependencies of target rcl_interfaces__rosidl_typesupport_c__pyext[0m
[35m[1mConsolidate compiler generated dependencies of target rcl_interfaces__rosidl_typesupport_introspection_c__pyext[0m
[ 97%] Built target rcl_interfaces__rosidl_typesupport_fastrtps_c__pyext
[ 98%] Built target rcl_interfaces__rosidl_typesupport_microxrcedds_c__pyext
[ 99%] Built target rcl_interfaces__rosidl_typesupport_introspection_c__pyext
[100%] Built target rcl_interfaces__rosidl_typesupport_c__pyext
running egg_info
writing rcl_interfaces.egg-info/PKG-INFO
writing dependency_links to rcl_interfaces.egg-info/dependency_links.txt
writing top-level names to rcl_interfaces.egg-info/top_level.txt
reading manifest file 'rcl_interfaces.egg-info/SOURCES.txt'
writing manifest file 'rcl_interfaces.egg-info/SOURCES.txt'
[100%] Built target ament_cmake_python_build_rcl_interfaces_egg
-- Install configuration: ""
-- Installing: /home/uwr/microROS_AUV/install/rcl_interfaces/share/ament_index/resource_index/rosidl_interfaces/rcl_interfaces
-- Installing: /home/uwr/microROS_AUV/install/rcl_interfaces/include/rcl_interfaces/rcl_interfaces
-- Installing: /home/uwr/microROS_AUV/install/rcl_interfaces/include/rcl_interfaces/rcl_interfaces/msg
-- Installing: /home/uwr/microROS_AUV/install/rcl_interfaces/include/rcl_interfaces/rcl_interfaces/msg/parameter_descriptor.h
-- Installing: /home/uwr/microROS_AUV/install/rcl_interfaces/include/rcl_interfaces/rcl_interfaces/msg/log.h
-- Installing: /home/uwr/microROS_AUV/install/rcl_interfaces/include/rcl_interfaces/rcl_interfaces/msg/rosidl_generator_c__visibility_control.h
-- Installing: /home/uwr/microROS_AUV/install/rcl_interfaces/include/rcl_interfaces/rcl_interfaces/msg/integer_range.h
-- Installing: /home/uwr/microROS_AUV/install/rcl_interfaces/include/rcl_interfaces/rcl_interfaces/msg/set_parameters_result.h
-- Installing: /home/uwr/microROS_AUV/install/rcl_interfaces/include/rcl_interfaces/rcl_interfaces/msg/list_parameters_result.h
-- Installing: /home/uwr/microROS_AUV/install/rcl_interfaces/include/rcl_interfaces/rcl_interfaces/msg/parameter_event_descriptors.h
-- Installing: /home/uwr/microROS_AUV/install/rcl_interfaces/include/rcl_interfaces/rcl_interfaces/msg/detail
-- Installing: /home/uwr/microROS_AUV/install/rcl_interfaces/include/rcl_interfaces/rcl_interfaces/msg/detail/set_parameters_result__functions.c
-- Installing: /home/uwr/microROS_AUV/install/rcl_interfaces/include/rcl_interfaces/rcl_interfaces/msg/detail/parameter_type__struct.h
-- Installing: /home/uwr/microROS_AUV/install/rcl_interfaces/include/rcl_interfaces/rcl_interfaces/msg/detail/list_parameters_result__type_support.h
-- Installing: /home/uwr/microROS_AUV/install/rcl_interfaces/include/rcl_interfaces/rcl_interfaces/msg/detail/parameter_event__functions.h
-- Installing: /home/uwr/microROS_AUV/install/rcl_interfaces/include/rcl_interfaces/rcl_interfaces/msg/detail/parameter_value__functions.c
-- Installing: /home/uwr/microROS_AUV/install/rcl_interfaces/include/rcl_interfaces/rcl_interfaces/msg/detail/list_parameters_result__functions.h
-- Installing: /home/uwr/microROS_AUV/install/rcl_interfaces/include/rcl_interfaces/rcl_interfaces/msg/detail/list_parameters_result__functions.c
-- Installing: /home/uwr/microROS_AUV/install/rcl_interfaces/include/rcl_interfaces/rcl_interfaces/msg/detail/parameter_event_descriptors__functions.h
-- Installing: /home/uwr/microROS_AUV/install/rcl_interfaces/include/rcl_interfaces/rcl_interfaces/msg/detail/floating_point_range__struct.h
-- Installing: /home/uwr/microROS_AUV/install/rcl_interfaces/include/rcl_interfaces/rcl_interfaces/msg/detail/set_parameters_result__type_support.h
-- Installing: /home/uwr/microROS_AUV/install/rcl_interfaces/include/rcl_interfaces/rcl_interfaces/msg/detail/log__functions.h
-- Installing: /home/uwr/microROS_AUV/install/rcl_interfaces/include/rcl_interfaces/rcl_interfaces/msg/detail/list_parameters_result__struct.h
-- Installing: /home/uwr/microROS_AUV/install/rcl_interfaces/include/rcl_interfaces/rcl_interfaces/msg/detail/floating_point_range__functions.c
-- Installing: /home/uwr/microROS_AUV/install/rcl_interfaces/include/rcl_interfaces/rcl_interfaces/msg/detail/parameter_descriptor__struct.h
-- Installing: /home/uwr/microROS_AUV/install/rcl_interfaces/include/rcl_interfaces/rcl_interfaces/msg/detail/integer_range__type_support.h
-- Installing: /home/uwr/microROS_AUV/install/rcl_interfaces/include/rcl_interfaces/rcl_interfaces/msg/detail/parameter_event_descriptors__struct.h
-- Installing: /home/uwr/microROS_AUV/install/rcl_interfaces/include/rcl_interfaces/rcl_interfaces/msg/detail/parameter_event_descriptors__functions.c
-- Installing: /home/uwr/microROS_AUV/install/rcl_interfaces/include/rcl_interfaces/rcl_interfaces/msg/detail/log__struct.h
-- Installing: /home/uwr/microROS_AUV/install/rcl_interfaces/include/rcl_interfaces/rcl_interfaces/msg/detail/parameter_event_descriptors__type_support.h
-- Installing: /home/uwr/microROS_AUV/install/rcl_interfaces/include/rcl_interfaces/rcl_interfaces/msg/detail/floating_point_range__type_support.h
-- Installing: /home/uwr/microROS_AUV/install/rcl_interfaces/include/rcl_interfaces/rcl_interfaces/msg/detail/parameter__type_support.h
-- Installing: /home/uwr/microROS_AUV/install/rcl_interfaces/include/rcl_interfaces/rcl_interfaces/msg/detail/log__functions.c
-- Installing: /home/uwr/microROS_AUV/install/rcl_interfaces/include/rcl_interfaces/rcl_interfaces/msg/detail/floating_point_range__functions.h
-- Installing: /home/uwr/microROS_AUV/install/rcl_interfaces/include/rcl_interfaces/rcl_interfaces/msg/detail/integer_range__functions.h
-- Installing: /home/uwr/microROS_AUV/install/rcl_interfaces/include/rcl_interfaces/rcl_interfaces/msg/detail/set_parameters_result__struct.h
-- Installing: /home/uwr/microROS_AUV/install/rcl_interfaces/include/rcl_interfaces/rcl_interfaces/msg/detail/integer_range__functions.c
-- Installing: /home/uwr/microROS_AUV/install/rcl_interfaces/include/rcl_interfaces/rcl_interfaces/msg/detail/parameter_event__type_support.h
-- Installing: /home/uwr/microROS_AUV/install/rcl_interfaces/include/rcl_interfaces/rcl_interfaces/msg/detail/parameter_value__struct.h
-- Installing: /home/uwr/microROS_AUV/install/rcl_interfaces/include/rcl_interfaces/rcl_interfaces/msg/detail/parameter_type__functions.h
-- Installing: /home/uwr/microROS_AUV/install/rcl_interfaces/include/rcl_interfaces/rcl_interfaces/msg/detail/parameter_type__type_support.h
-- Installing: /home/uwr/microROS_AUV/install/rcl_interfaces/include/rcl_interfaces/rcl_interfaces/msg/detail/parameter_descriptor__functions.h
-- Installing: /home/uwr/microROS_AUV/install/rcl_interfaces/include/rcl_interfaces/rcl_interfaces/msg/detail/parameter_descriptor__functions.c
-- Installing: /home/uwr/microROS_AUV/install/rcl_interfaces/include/rcl_interfaces/rcl_interfaces/msg/detail/parameter_event__struct.h
-- Installing: /home/uwr/microROS_AUV/install/rcl_interfaces/include/rcl_interfaces/rcl_interfaces/msg/detail/parameter_value__type_support.h
-- Installing: /home/uwr/microROS_AUV/install/rcl_interfaces/include/rcl_interfaces/rcl_interfaces/msg/detail/parameter_value__functions.h
-- Installing: /home/uwr/microROS_AUV/install/rcl_interfaces/include/rcl_interfaces/rcl_interfaces/msg/detail/parameter_type__functions.c
-- Installing: /home/uwr/microROS_AUV/install/rcl_interfaces/include/rcl_interfaces/rcl_interfaces/msg/detail/set_parameters_result__functions.h
-- Installing: /home/uwr/microROS_AUV/install/rcl_interfaces/include/rcl_interfaces/rcl_interfaces/msg/detail/integer_range__struct.h
-- Installing: /home/uwr/microROS_AUV/install/rcl_interfaces/include/rcl_interfaces/rcl_interfaces/msg/detail/log__type_support.h
-- Installing: /home/uwr/microROS_AUV/install/rcl_interfaces/include/rcl_interfaces/rcl_interfaces/msg/detail/parameter_descriptor__type_support.h
-- Installing: /home/uwr/microROS_AUV/install/rcl_interfaces/include/rcl_interfaces/rcl_interfaces/msg/detail/parameter__functions.c
-- Installing: /home/uwr/microROS_AUV/install/rcl_interfaces/include/rcl_interfaces/rcl_interfaces/msg/detail/parameter_event__functions.c
-- Installing: /home/uwr/microROS_AUV/install/rcl_interfaces/include/rcl_interfaces/rcl_interfaces/msg/detail/parameter__functions.h
-- Installing: /home/uwr/microROS_AUV/install/rcl_interfaces/include/rcl_interfaces/rcl_interfaces/msg/detail/parameter__struct.h
-- Installing: /home/uwr/microROS_AUV/install/rcl_interfaces/include/rcl_interfaces/rcl_interfaces/msg/parameter_value.h
-- Installing: /home/uwr/microROS_AUV/install/rcl_interfaces/include/rcl_interfaces/rcl_interfaces/msg/floating_point_range.h
-- Installing: /home/uwr/microROS_AUV/install/rcl_interfaces/include/rcl_interfaces/rcl_interfaces/msg/parameter_type.h
-- Installing: /home/uwr/microROS_AUV/install/rcl_interfaces/include/rcl_interfaces/rcl_interfaces/msg/parameter_event.h
-- Installing: /home/uwr/microROS_AUV/install/rcl_interfaces/include/rcl_interfaces/rcl_interfaces/msg/parameter.h
-- Installing: /home/uwr/microROS_AUV/install/rcl_interfaces/include/rcl_interfaces/rcl_interfaces/srv
-- Installing: /home/uwr/microROS_AUV/install/rcl_interfaces/include/rcl_interfaces/rcl_interfaces/srv/list_parameters.h
-- Installing: /home/uwr/microROS_AUV/install/rcl_interfaces/include/rcl_interfaces/rcl_interfaces/srv/describe_parameters.h
-- Installing: /home/uwr/microROS_AUV/install/rcl_interfaces/include/rcl_interfaces/rcl_interfaces/srv/detail
-- Installing: /home/uwr/microROS_AUV/install/rcl_interfaces/include/rcl_interfaces/rcl_interfaces/srv/detail/list_parameters__functions.h
-- Installing: /home/uwr/microROS_AUV/install/rcl_interfaces/include/rcl_interfaces/rcl_interfaces/srv/detail/set_parameters__functions.c
-- Installing: /home/uwr/microROS_AUV/install/rcl_interfaces/include/rcl_interfaces/rcl_interfaces/srv/detail/set_parameters_atomically__struct.h
-- Installing: /home/uwr/microROS_AUV/install/rcl_interfaces/include/rcl_interfaces/rcl_interfaces/srv/detail/list_parameters__struct.h
-- Installing: /home/uwr/microROS_AUV/install/rcl_interfaces/include/rcl_interfaces/rcl_interfaces/srv/detail/describe_parameters__functions.c
-- Installing: /home/uwr/microROS_AUV/install/rcl_interfaces/include/rcl_interfaces/rcl_interfaces/srv/detail/set_parameters_atomically__functions.c
-- Installing: /home/uwr/microROS_AUV/install/rcl_interfaces/include/rcl_interfaces/rcl_interfaces/srv/detail/set_parameters_atomically__functions.h
-- Installing: /home/uwr/microROS_AUV/install/rcl_interfaces/include/rcl_interfaces/rcl_interfaces/srv/detail/set_parameters__struct.h
-- Installing: /home/uwr/microROS_AUV/install/rcl_interfaces/include/rcl_interfaces/rcl_interfaces/srv/detail/set_parameters__type_support.h
-- Installing: /home/uwr/microROS_AUV/install/rcl_interfaces/include/rcl_interfaces/rcl_interfaces/srv/detail/get_parameters__struct.h
-- Installing: /home/uwr/microROS_AUV/install/rcl_interfaces/include/rcl_interfaces/rcl_interfaces/srv/detail/get_parameter_types__functions.h
-- Installing: /home/uwr/microROS_AUV/install/rcl_interfaces/include/rcl_interfaces/rcl_interfaces/srv/detail/set_parameters__functions.h
-- Installing: /home/uwr/microROS_AUV/install/rcl_interfaces/include/rcl_interfaces/rcl_interfaces/srv/detail/get_parameters__functions.c
-- Installing: /home/uwr/microROS_AUV/install/rcl_interfaces/include/rcl_interfaces/rcl_interfaces/srv/detail/describe_parameters__functions.h
-- Installing: /home/uwr/microROS_AUV/install/rcl_interfaces/include/rcl_interfaces/rcl_interfaces/srv/detail/list_parameters__functions.c
-- Installing: /home/uwr/microROS_AUV/install/rcl_interfaces/include/rcl_interfaces/rcl_interfaces/srv/detail/list_parameters__type_support.h
-- Installing: /home/uwr/microROS_AUV/install/rcl_interfaces/include/rcl_interfaces/rcl_interfaces/srv/detail/get_parameters__functions.h
-- Installing: /home/uwr/microROS_AUV/install/rcl_interfaces/include/rcl_interfaces/rcl_interfaces/srv/detail/describe_parameters__type_support.h
-- Installing: /home/uwr/microROS_AUV/install/rcl_interfaces/include/rcl_interfaces/rcl_interfaces/srv/detail/get_parameter_types__struct.h
-- Installing: /home/uwr/microROS_AUV/install/rcl_interfaces/include/rcl_interfaces/rcl_interfaces/srv/detail/get_parameters__type_support.h
-- Installing: /home/uwr/microROS_AUV/install/rcl_interfaces/include/rcl_interfaces/rcl_interfaces/srv/detail/get_parameter_types__functions.c
-- Installing: /home/uwr/microROS_AUV/install/rcl_interfaces/include/rcl_interfaces/rcl_interfaces/srv/detail/set_parameters_atomically__type_support.h
-- Installing: /home/uwr/microROS_AUV/install/rcl_interfaces/include/rcl_interfaces/rcl_interfaces/srv/detail/describe_parameters__struct.h
-- Installing: /home/uwr/microROS_AUV/install/rcl_interfaces/include/rcl_interfaces/rcl_interfaces/srv/detail/get_parameter_types__type_support.h
-- Installing: /home/uwr/microROS_AUV/install/rcl_interfaces/include/rcl_interfaces/rcl_interfaces/srv/get_parameter_types.h
-- Installing: /home/uwr/microROS_AUV/install/rcl_interfaces/include/rcl_interfaces/rcl_interfaces/srv/get_parameters.h
-- Installing: /home/uwr/microROS_AUV/install/rcl_interfaces/include/rcl_interfaces/rcl_interfaces/srv/set_parameters.h
-- Installing: /home/uwr/microROS_AUV/install/rcl_interfaces/include/rcl_interfaces/rcl_interfaces/srv/set_parameters_atomically.h
-- Installing: /home/uwr/microROS_AUV/install/rcl_interfaces/share/rcl_interfaces/environment/library_path.sh
-- Installing: /home/uwr/microROS_AUV/install/rcl_interfaces/share/rcl_interfaces/environment/library_path.dsv
-- Installing: /home/uwr/microROS_AUV/install/rcl_interfaces/lib/librcl_interfaces__rosidl_generator_c.so
-- Set runtime path of "/home/uwr/microROS_AUV/install/rcl_interfaces/lib/librcl_interfaces__rosidl_generator_c.so" to ""
-- Up-to-date: /home/uwr/microROS_AUV/install/rcl_interfaces/include/rcl_interfaces
-- Installing: /home/uwr/microROS_AUV/install/rcl_interfaces/include/rcl_interfaces/msg
-- Installing: /home/uwr/microROS_AUV/install/rcl_interfaces/include/rcl_interfaces/msg/rosidl_typesupport_microxrcedds_c__visibility_control.h
-- Installing: /home/uwr/microROS_AUV/install/rcl_interfaces/include/rcl_interfaces/msg/detail
-- Installing: /home/uwr/microROS_AUV/install/rcl_interfaces/include/rcl_interfaces/msg/detail/parameter_event__rosidl_typesupport_microxrcedds_c.h
-- Installing: /home/uwr/microROS_AUV/install/rcl_interfaces/include/rcl_interfaces/msg/detail/parameter_descriptor__rosidl_typesupport_microxrcedds_c.h
-- Installing: /home/uwr/microROS_AUV/install/rcl_interfaces/include/rcl_interfaces/msg/detail/parameter_value__rosidl_typesupport_microxrcedds_c.h
-- Installing: /home/uwr/microROS_AUV/install/rcl_interfaces/include/rcl_interfaces/msg/detail/set_parameters_result__rosidl_typesupport_microxrcedds_c.h
-- Installing: /home/uwr/microROS_AUV/install/rcl_interfaces/include/rcl_interfaces/msg/detail/parameter_event_descriptors__rosidl_typesupport_microxrcedds_c.h
-- Installing: /home/uwr/microROS_AUV/install/rcl_interfaces/include/rcl_interfaces/msg/detail/parameter_type__rosidl_typesupport_microxrcedds_c.h
-- Installing: /home/uwr/microROS_AUV/install/rcl_interfaces/include/rcl_interfaces/msg/detail/integer_range__rosidl_typesupport_microxrcedds_c.h
-- Installing: /home/uwr/microROS_AUV/install/rcl_interfaces/include/rcl_interfaces/msg/detail/list_parameters_result__rosidl_typesupport_microxrcedds_c.h
-- Installing: /home/uwr/microROS_AUV/install/rcl_interfaces/include/rcl_interfaces/msg/detail/log__rosidl_typesupport_microxrcedds_c.h
-- Installing: /home/uwr/microROS_AUV/install/rcl_interfaces/include/rcl_interfaces/msg/detail/parameter__rosidl_typesupport_microxrcedds_c.h
-- Installing: /home/uwr/microROS_AUV/install/rcl_interfaces/include/rcl_interfaces/msg/detail/floating_point_range__rosidl_typesupport_microxrcedds_c.h
-- Installing: /home/uwr/microROS_AUV/install/rcl_interfaces/include/rcl_interfaces/msg/detail/microxrcedds
-- Installing: /home/uwr/microROS_AUV/install/rcl_interfaces/include/rcl_interfaces/srv
-- Installing: /home/uwr/microROS_AUV/install/rcl_interfaces/include/rcl_interfaces/srv/detail
-- Installing: /home/uwr/microROS_AUV/install/rcl_interfaces/include/rcl_interfaces/srv/detail/set_parameters__rosidl_typesupport_microxrcedds_c.h
-- Installing: /home/uwr/microROS_AUV/install/rcl_interfaces/include/rcl_interfaces/srv/detail/list_parameters__rosidl_typesupport_microxrcedds_c.h
-- Installing: /home/uwr/microROS_AUV/install/rcl_interfaces/include/rcl_interfaces/srv/detail/set_parameters_atomically__rosidl_typesupport_microxrcedds_c.h
-- Installing: /home/uwr/microROS_AUV/install/rcl_interfaces/include/rcl_interfaces/srv/detail/describe_parameters__rosidl_typesupport_microxrcedds_c.h
-- Installing: /home/uwr/microROS_AUV/install/rcl_interfaces/include/rcl_interfaces/srv/detail/get_parameter_types__rosidl_typesupport_microxrcedds_c.h
-- Installing: /home/uwr/microROS_AUV/install/rcl_interfaces/include/rcl_interfaces/srv/detail/get_parameters__rosidl_typesupport_microxrcedds_c.h
-- Installing: /home/uwr/microROS_AUV/install/rcl_interfaces/include/rcl_interfaces/srv/detail/microxrcedds
-- Installing: /home/uwr/microROS_AUV/install/rcl_interfaces/lib/librcl_interfaces__rosidl_typesupport_microxrcedds_c.so
-- Set runtime path of "/home/uwr/microROS_AUV/install/rcl_interfaces/lib/librcl_interfaces__rosidl_typesupport_microxrcedds_c.so" to ""
-- Up-to-date: /home/uwr/microROS_AUV/install/rcl_interfaces/include/rcl_interfaces/rcl_interfaces
-- Up-to-date: /home/uwr/microROS_AUV/install/rcl_interfaces/include/rcl_interfaces/rcl_interfaces/msg
-- Up-to-date: /home/uwr/microROS_AUV/install/rcl_interfaces/include/rcl_interfaces/rcl_interfaces/msg/detail
-- Installing: /home/uwr/microROS_AUV/install/rcl_interfaces/include/rcl_interfaces/rcl_interfaces/msg/detail/parameter_event__rosidl_typesupport_fastrtps_c.h
-- Installing: /home/uwr/microROS_AUV/install/rcl_interfaces/include/rcl_interfaces/rcl_interfaces/msg/detail/parameter_descriptor__rosidl_typesupport_fastrtps_c.h
-- Installing: /home/uwr/microROS_AUV/install/rcl_interfaces/include/rcl_interfaces/rcl_interfaces/msg/detail/log__rosidl_typesupport_fastrtps_c.h
-- Installing: /home/uwr/microROS_AUV/install/rcl_interfaces/include/rcl_interfaces/rcl_interfaces/msg/detail/floating_point_range__rosidl_typesupport_fastrtps_c.h
-- Installing: /home/uwr/microROS_AUV/install/rcl_interfaces/include/rcl_interfaces/rcl_interfaces/msg/detail/set_parameters_result__rosidl_typesupport_fastrtps_c.h
-- Installing: /home/uwr/microROS_AUV/install/rcl_interfaces/include/rcl_interfaces/rcl_interfaces/msg/detail/list_parameters_result__rosidl_typesupport_fastrtps_c.h
-- Installing: /home/uwr/microROS_AUV/install/rcl_interfaces/include/rcl_interfaces/rcl_interfaces/msg/detail/parameter__rosidl_typesupport_fastrtps_c.h
-- Installing: /home/uwr/microROS_AUV/install/rcl_interfaces/include/rcl_interfaces/rcl_interfaces/msg/detail/integer_range__rosidl_typesupport_fastrtps_c.h
-- Installing: /home/uwr/microROS_AUV/install/rcl_interfaces/include/rcl_interfaces/rcl_interfaces/msg/detail/parameter_type__rosidl_typesupport_fastrtps_c.h
-- Installing: /home/uwr/microROS_AUV/install/rcl_interfaces/include/rcl_interfaces/rcl_interfaces/msg/detail/parameter_value__rosidl_typesupport_fastrtps_c.h
-- Installing: /home/uwr/microROS_AUV/install/rcl_interfaces/include/rcl_interfaces/rcl_interfaces/msg/detail/parameter_event_descriptors__rosidl_typesupport_fastrtps_c.h
-- Installing: /home/uwr/microROS_AUV/install/rcl_interfaces/include/rcl_interfaces/rcl_interfaces/msg/rosidl_typesupport_fastrtps_c__visibility_control.h
-- Up-to-date: /home/uwr/microROS_AUV/install/rcl_interfaces/include/rcl_interfaces/rcl_interfaces/srv
-- Up-to-date: /home/uwr/microROS_AUV/install/rcl_interfaces/include/rcl_interfaces/rcl_interfaces/srv/detail
-- Installing: /home/uwr/microROS_AUV/install/rcl_interfaces/include/rcl_interfaces/rcl_interfaces/srv/detail/set_parameters__rosidl_typesupport_fastrtps_c.h
-- Installing: /home/uwr/microROS_AUV/install/rcl_interfaces/include/rcl_interfaces/rcl_interfaces/srv/detail/get_parameters__rosidl_typesupport_fastrtps_c.h
-- Installing: /home/uwr/microROS_AUV/install/rcl_interfaces/include/rcl_interfaces/rcl_interfaces/srv/detail/set_parameters_atomically__rosidl_typesupport_fastrtps_c.h
-- Installing: /home/uwr/microROS_AUV/install/rcl_interfaces/include/rcl_interfaces/rcl_interfaces/srv/detail/list_parameters__rosidl_typesupport_fastrtps_c.h
-- Installing: /home/uwr/microROS_AUV/install/rcl_interfaces/include/rcl_interfaces/rcl_interfaces/srv/detail/get_parameter_types__rosidl_typesupport_fastrtps_c.h
-- Installing: /home/uwr/microROS_AUV/install/rcl_interfaces/include/rcl_interfaces/rcl_interfaces/srv/detail/describe_parameters__rosidl_typesupport_fastrtps_c.h
-- Installing: /home/uwr/microROS_AUV/install/rcl_interfaces/lib/librcl_interfaces__rosidl_typesupport_fastrtps_c.so
-- Set runtime path of "/home/uwr/microROS_AUV/install/rcl_interfaces/lib/librcl_interfaces__rosidl_typesupport_fastrtps_c.so" to ""
-- Up-to-date: /home/uwr/microROS_AUV/install/rcl_interfaces/include/rcl_interfaces/rcl_interfaces
-- Up-to-date: /home/uwr/microROS_AUV/install/rcl_interfaces/include/rcl_interfaces/rcl_interfaces/msg
-- Installing: /home/uwr/microROS_AUV/install/rcl_interfaces/include/rcl_interfaces/rcl_interfaces/msg/rosidl_typesupport_introspection_c__visibility_control.h
-- Up-to-date: /home/uwr/microROS_AUV/install/rcl_interfaces/include/rcl_interfaces/rcl_interfaces/msg/detail
-- Installing: /home/uwr/microROS_AUV/install/rcl_interfaces/include/rcl_interfaces/rcl_interfaces/msg/detail/list_parameters_result__rosidl_typesupport_introspection_c.h
-- Installing: /home/uwr/microROS_AUV/install/rcl_interfaces/include/rcl_interfaces/rcl_interfaces/msg/detail/parameter__rosidl_typesupport_introspection_c.h
-- Installing: /home/uwr/microROS_AUV/install/rcl_interfaces/include/rcl_interfaces/rcl_interfaces/msg/detail/floating_point_range__rosidl_typesupport_introspection_c.h
-- Installing: /home/uwr/microROS_AUV/install/rcl_interfaces/include/rcl_interfaces/rcl_interfaces/msg/detail/list_parameters_result__type_support.c
-- Installing: /home/uwr/microROS_AUV/install/rcl_interfaces/include/rcl_interfaces/rcl_interfaces/msg/detail/parameter_event_descriptors__type_support.c
-- Installing: /home/uwr/microROS_AUV/install/rcl_interfaces/include/rcl_interfaces/rcl_interfaces/msg/detail/parameter__type_support.c
-- Installing: /home/uwr/microROS_AUV/install/rcl_interfaces/include/rcl_interfaces/rcl_interfaces/msg/detail/floating_point_range__type_support.c
-- Installing: /home/uwr/microROS_AUV/install/rcl_interfaces/include/rcl_interfaces/rcl_interfaces/msg/detail/log__type_support.c
-- Installing: /home/uwr/microROS_AUV/install/rcl_interfaces/include/rcl_interfaces/rcl_interfaces/msg/detail/parameter_descriptor__rosidl_typesupport_introspection_c.h
-- Installing: /home/uwr/microROS_AUV/install/rcl_interfaces/include/rcl_interfaces/rcl_interfaces/msg/detail/parameter_value__rosidl_typesupport_introspection_c.h
-- Installing: /home/uwr/microROS_AUV/install/rcl_interfaces/include/rcl_interfaces/rcl_interfaces/msg/detail/parameter_type__type_support.c
-- Installing: /home/uwr/microROS_AUV/install/rcl_interfaces/include/rcl_interfaces/rcl_interfaces/msg/detail/parameter_type__rosidl_typesupport_introspection_c.h
-- Installing: /home/uwr/microROS_AUV/install/rcl_interfaces/include/rcl_interfaces/rcl_interfaces/msg/detail/integer_range__type_support.c
-- Installing: /home/uwr/microROS_AUV/install/rcl_interfaces/include/rcl_interfaces/rcl_interfaces/msg/detail/parameter_event__type_support.c
-- Installing: /home/uwr/microROS_AUV/install/rcl_interfaces/include/rcl_interfaces/rcl_interfaces/msg/detail/set_parameters_result__rosidl_typesupport_introspection_c.h
-- Installing: /home/uwr/microROS_AUV/install/rcl_interfaces/include/rcl_interfaces/rcl_interfaces/msg/detail/parameter_event__rosidl_typesupport_introspection_c.h
-- Installing: /home/uwr/microROS_AUV/install/rcl_interfaces/include/rcl_interfaces/rcl_interfaces/msg/detail/integer_range__rosidl_typesupport_introspection_c.h
-- Installing: /home/uwr/microROS_AUV/install/rcl_interfaces/include/rcl_interfaces/rcl_interfaces/msg/detail/set_parameters_result__type_support.c
-- Installing: /home/uwr/microROS_AUV/install/rcl_interfaces/include/rcl_interfaces/rcl_interfaces/msg/detail/log__rosidl_typesupport_introspection_c.h
-- Installing: /home/uwr/microROS_AUV/install/rcl_interfaces/include/rcl_interfaces/rcl_interfaces/msg/detail/parameter_event_descriptors__rosidl_typesupport_introspection_c.h
-- Installing: /home/uwr/microROS_AUV/install/rcl_interfaces/include/rcl_interfaces/rcl_interfaces/msg/detail/parameter_value__type_support.c
-- Installing: /home/uwr/microROS_AUV/install/rcl_interfaces/include/rcl_interfaces/rcl_interfaces/msg/detail/parameter_descriptor__type_support.c
-- Up-to-date: /home/uwr/microROS_AUV/install/rcl_interfaces/include/rcl_interfaces/rcl_interfaces/srv
-- Up-to-date: /home/uwr/microROS_AUV/install/rcl_interfaces/include/rcl_interfaces/rcl_interfaces/srv/detail
-- Installing: /home/uwr/microROS_AUV/install/rcl_interfaces/include/rcl_interfaces/rcl_interfaces/srv/detail/set_parameters_atomically__rosidl_typesupport_introspection_c.h
-- Installing: /home/uwr/microROS_AUV/install/rcl_interfaces/include/rcl_interfaces/rcl_interfaces/srv/detail/describe_parameters__rosidl_typesupport_introspection_c.h
-- Installing: /home/uwr/microROS_AUV/install/rcl_interfaces/include/rcl_interfaces/rcl_interfaces/srv/detail/list_parameters__rosidl_typesupport_introspection_c.h
-- Installing: /home/uwr/microROS_AUV/install/rcl_interfaces/include/rcl_interfaces/rcl_interfaces/srv/detail/get_parameters__rosidl_typesupport_introspection_c.h
-- Installing: /home/uwr/microROS_AUV/install/rcl_interfaces/include/rcl_interfaces/rcl_interfaces/srv/detail/get_parameters__type_support.c
-- Installing: /home/uwr/microROS_AUV/install/rcl_interfaces/include/rcl_interfaces/rcl_interfaces/srv/detail/set_parameters_atomically__type_support.c
-- Installing: /home/uwr/microROS_AUV/install/rcl_interfaces/include/rcl_interfaces/rcl_interfaces/srv/detail/get_parameter_types__type_support.c
-- Installing: /home/uwr/microROS_AUV/install/rcl_interfaces/include/rcl_interfaces/rcl_interfaces/srv/detail/set_parameters__rosidl_typesupport_introspection_c.h
-- Installing: /home/uwr/microROS_AUV/install/rcl_interfaces/include/rcl_interfaces/rcl_interfaces/srv/detail/describe_parameters__type_support.c
-- Installing: /home/uwr/microROS_AUV/install/rcl_interfaces/include/rcl_interfaces/rcl_interfaces/srv/detail/get_parameter_types__rosidl_typesupport_introspection_c.h
-- Installing: /home/uwr/microROS_AUV/install/rcl_interfaces/include/rcl_interfaces/rcl_interfaces/srv/detail/list_parameters__type_support.c
-- Installing: /home/uwr/microROS_AUV/install/rcl_interfaces/include/rcl_interfaces/rcl_interfaces/srv/detail/set_parameters__type_support.c
-- Installing: /home/uwr/microROS_AUV/install/rcl_interfaces/lib/librcl_interfaces__rosidl_typesupport_introspection_c.so
-- Set runtime path of "/home/uwr/microROS_AUV/install/rcl_interfaces/lib/librcl_interfaces__rosidl_typesupport_introspection_c.so" to ""
-- Installing: /home/uwr/microROS_AUV/install/rcl_interfaces/lib/librcl_interfaces__rosidl_typesupport_c.so
-- Set runtime path of "/home/uwr/microROS_AUV/install/rcl_interfaces/lib/librcl_interfaces__rosidl_typesupport_c.so" to ""
-- Up-to-date: /home/uwr/microROS_AUV/install/rcl_interfaces/include/rcl_interfaces/rcl_interfaces
-- Up-to-date: /home/uwr/microROS_AUV/install/rcl_interfaces/include/rcl_interfaces/rcl_interfaces/msg
-- Installing: /home/uwr/microROS_AUV/install/rcl_interfaces/include/rcl_interfaces/rcl_interfaces/msg/parameter_event_descriptors.hpp
-- Installing: /home/uwr/microROS_AUV/install/rcl_interfaces/include/rcl_interfaces/rcl_interfaces/msg/parameter.hpp
-- Installing: /home/uwr/microROS_AUV/install/rcl_interfaces/include/rcl_interfaces/rcl_interfaces/msg/parameter_type.hpp
-- Installing: /home/uwr/microROS_AUV/install/rcl_interfaces/include/rcl_interfaces/rcl_interfaces/msg/integer_range.hpp
-- Up-to-date: /home/uwr/microROS_AUV/install/rcl_interfaces/include/rcl_interfaces/rcl_interfaces/msg/detail
-- Installing: /home/uwr/microROS_AUV/install/rcl_interfaces/include/rcl_interfaces/rcl_interfaces/msg/detail/log__builder.hpp
-- Installing: /home/uwr/microROS_AUV/install/rcl_interfaces/include/rcl_interfaces/rcl_interfaces/msg/detail/set_parameters_result__builder.hpp
-- Installing: /home/uwr/microROS_AUV/install/rcl_interfaces/include/rcl_interfaces/rcl_interfaces/msg/detail/parameter__struct.hpp
-- Installing: /home/uwr/microROS_AUV/install/rcl_interfaces/include/rcl_interfaces/rcl_interfaces/msg/detail/parameter_descriptor__struct.hpp
-- Installing: /home/uwr/microROS_AUV/install/rcl_interfaces/include/rcl_interfaces/rcl_interfaces/msg/detail/list_parameters_result__builder.hpp
-- Installing: /home/uwr/microROS_AUV/install/rcl_interfaces/include/rcl_interfaces/rcl_interfaces/msg/detail/parameter_event_descriptors__builder.hpp
-- Installing: /home/uwr/microROS_AUV/install/rcl_interfaces/include/rcl_interfaces/rcl_interfaces/msg/detail/floating_point_range__builder.hpp
-- Installing: /home/uwr/microROS_AUV/install/rcl_interfaces/include/rcl_interfaces/rcl_interfaces/msg/detail/log__struct.hpp
-- Installing: /home/uwr/microROS_AUV/install/rcl_interfaces/include/rcl_interfaces/rcl_interfaces/msg/detail/parameter_descriptor__traits.hpp
-- Installing: /home/uwr/microROS_AUV/install/rcl_interfaces/include/rcl_interfaces/rcl_interfaces/msg/detail/floating_point_range__struct.hpp
-- Installing: /home/uwr/microROS_AUV/install/rcl_interfaces/include/rcl_interfaces/rcl_interfaces/msg/detail/log__traits.hpp
-- Installing: /home/uwr/microROS_AUV/install/rcl_interfaces/include/rcl_interfaces/rcl_interfaces/msg/detail/parameter_event__traits.hpp
-- Installing: /home/uwr/microROS_AUV/install/rcl_interfaces/include/rcl_interfaces/rcl_interfaces/msg/detail/set_parameters_result__traits.hpp
-- Installing: /home/uwr/microROS_AUV/install/rcl_interfaces/include/rcl_interfaces/rcl_interfaces/msg/detail/integer_range__traits.hpp
-- Installing: /home/uwr/microROS_AUV/install/rcl_interfaces/include/rcl_interfaces/rcl_interfaces/msg/detail/parameter_type__builder.hpp
-- Installing: /home/uwr/microROS_AUV/install/rcl_interfaces/include/rcl_interfaces/rcl_interfaces/msg/detail/parameter_descriptor__builder.hpp
-- Installing: /home/uwr/microROS_AUV/install/rcl_interfaces/include/rcl_interfaces/rcl_interfaces/msg/detail/parameter__traits.hpp
-- Installing: /home/uwr/microROS_AUV/install/rcl_interfaces/include/rcl_interfaces/rcl_interfaces/msg/detail/parameter_type__traits.hpp
-- Installing: /home/uwr/microROS_AUV/install/rcl_interfaces/include/rcl_interfaces/rcl_interfaces/msg/detail/list_parameters_result__struct.hpp
-- Installing: /home/uwr/microROS_AUV/install/rcl_interfaces/include/rcl_interfaces/rcl_interfaces/msg/detail/parameter_type__struct.hpp
-- Installing: /home/uwr/microROS_AUV/install/rcl_interfaces/include/rcl_interfaces/rcl_interfaces/msg/detail/list_parameters_result__traits.hpp
-- Installing: /home/uwr/microROS_AUV/install/rcl_interfaces/include/rcl_interfaces/rcl_interfaces/msg/detail/parameter__builder.hpp
-- Installing: /home/uwr/microROS_AUV/install/rcl_interfaces/include/rcl_interfaces/rcl_interfaces/msg/detail/integer_range__builder.hpp
-- Installing: /home/uwr/microROS_AUV/install/rcl_interfaces/include/rcl_interfaces/rcl_interfaces/msg/detail/parameter_event__struct.hpp
-- Installing: /home/uwr/microROS_AUV/install/rcl_interfaces/include/rcl_interfaces/rcl_interfaces/msg/detail/set_parameters_result__struct.hpp
-- Installing: /home/uwr/microROS_AUV/install/rcl_interfaces/include/rcl_interfaces/rcl_interfaces/msg/detail/parameter_value__traits.hpp
-- Installing: /home/uwr/microROS_AUV/install/rcl_interfaces/include/rcl_interfaces/rcl_interfaces/msg/detail/parameter_event_descriptors__traits.hpp
-- Installing: /home/uwr/microROS_AUV/install/rcl_interfaces/include/rcl_interfaces/rcl_interfaces/msg/detail/integer_range__struct.hpp
-- Installing: /home/uwr/microROS_AUV/install/rcl_interfaces/include/rcl_interfaces/rcl_interfaces/msg/detail/parameter_value__struct.hpp
-- Installing: /home/uwr/microROS_AUV/install/rcl_interfaces/include/rcl_interfaces/rcl_interfaces/msg/detail/parameter_event__builder.hpp
-- Installing: /home/uwr/microROS_AUV/install/rcl_interfaces/include/rcl_interfaces/rcl_interfaces/msg/detail/parameter_value__builder.hpp
-- Installing: /home/uwr/microROS_AUV/install/rcl_interfaces/include/rcl_interfaces/rcl_interfaces/msg/detail/parameter_event_descriptors__struct.hpp
-- Installing: /home/uwr/microROS_AUV/install/rcl_interfaces/include/rcl_interfaces/rcl_interfaces/msg/detail/floating_point_range__traits.hpp
-- Installing: /home/uwr/microROS_AUV/install/rcl_interfaces/include/rcl_interfaces/rcl_interfaces/msg/parameter_event.hpp
-- Installing: /home/uwr/microROS_AUV/install/rcl_interfaces/include/rcl_interfaces/rcl_interfaces/msg/log.hpp
-- Installing: /home/uwr/microROS_AUV/install/rcl_interfaces/include/rcl_interfaces/rcl_interfaces/msg/parameter_value.hpp
-- Installing: /home/uwr/microROS_AUV/install/rcl_interfaces/include/rcl_interfaces/rcl_interfaces/msg/set_parameters_result.hpp
-- Installing: /home/uwr/microROS_AUV/install/rcl_interfaces/include/rcl_interfaces/rcl_interfaces/msg/parameter_descriptor.hpp
-- Installing: /home/uwr/microROS_AUV/install/rcl_interfaces/include/rcl_interfaces/rcl_interfaces/msg/list_parameters_result.hpp
-- Installing: /home/uwr/microROS_AUV/install/rcl_interfaces/include/rcl_interfaces/rcl_interfaces/msg/floating_point_range.hpp
-- Up-to-date: /home/uwr/microROS_AUV/install/rcl_interfaces/include/rcl_interfaces/rcl_interfaces/srv
-- Installing: /home/uwr/microROS_AUV/install/rcl_interfaces/include/rcl_interfaces/rcl_interfaces/srv/get_parameters.hpp
-- Installing: /home/uwr/microROS_AUV/install/rcl_interfaces/include/rcl_interfaces/rcl_interfaces/srv/get_parameter_types.hpp
-- Installing: /home/uwr/microROS_AUV/install/rcl_interfaces/include/rcl_interfaces/rcl_interfaces/srv/describe_parameters.hpp
-- Up-to-date: /home/uwr/microROS_AUV/install/rcl_interfaces/include/rcl_interfaces/rcl_interfaces/srv/detail
-- Installing: /home/uwr/microROS_AUV/install/rcl_interfaces/include/rcl_interfaces/rcl_interfaces/srv/detail/list_parameters__traits.hpp
-- Installing: /home/uwr/microROS_AUV/install/rcl_interfaces/include/rcl_interfaces/rcl_interfaces/srv/detail/set_parameters_atomically__builder.hpp
-- Installing: /home/uwr/microROS_AUV/install/rcl_interfaces/include/rcl_interfaces/rcl_interfaces/srv/detail/list_parameters__builder.hpp
-- Installing: /home/uwr/microROS_AUV/install/rcl_interfaces/include/rcl_interfaces/rcl_interfaces/srv/detail/get_parameters__builder.hpp
-- Installing: /home/uwr/microROS_AUV/install/rcl_interfaces/include/rcl_interfaces/rcl_interfaces/srv/detail/set_parameters_atomically__traits.hpp
-- Installing: /home/uwr/microROS_AUV/install/rcl_interfaces/include/rcl_interfaces/rcl_interfaces/srv/detail/describe_parameters__builder.hpp
-- Installing: /home/uwr/microROS_AUV/install/rcl_interfaces/include/rcl_interfaces/rcl_interfaces/srv/detail/get_parameter_types__builder.hpp
-- Installing: /home/uwr/microROS_AUV/install/rcl_interfaces/include/rcl_interfaces/rcl_interfaces/srv/detail/get_parameter_types__struct.hpp
-- Installing: /home/uwr/microROS_AUV/install/rcl_interfaces/include/rcl_interfaces/rcl_interfaces/srv/detail/set_parameters__traits.hpp
-- Installing: /home/uwr/microROS_AUV/install/rcl_interfaces/include/rcl_interfaces/rcl_interfaces/srv/detail/get_parameter_types__traits.hpp
-- Installing: /home/uwr/microROS_AUV/install/rcl_interfaces/include/rcl_interfaces/rcl_interfaces/srv/detail/describe_parameters__traits.hpp
-- Installing: /home/uwr/microROS_AUV/install/rcl_interfaces/include/rcl_interfaces/rcl_interfaces/srv/detail/get_parameters__struct.hpp
-- Installing: /home/uwr/microROS_AUV/install/rcl_interfaces/include/rcl_interfaces/rcl_interfaces/srv/detail/get_parameters__traits.hpp
-- Installing: /home/uwr/microROS_AUV/install/rcl_interfaces/include/rcl_interfaces/rcl_interfaces/srv/detail/set_parameters__struct.hpp
-- Installing: /home/uwr/microROS_AUV/install/rcl_interfaces/include/rcl_interfaces/rcl_interfaces/srv/detail/list_parameters__struct.hpp
-- Installing: /home/uwr/microROS_AUV/install/rcl_interfaces/include/rcl_interfaces/rcl_interfaces/srv/detail/describe_parameters__struct.hpp
-- Installing: /home/uwr/microROS_AUV/install/rcl_interfaces/include/rcl_interfaces/rcl_interfaces/srv/detail/set_parameters_atomically__struct.hpp
-- Installing: /home/uwr/microROS_AUV/install/rcl_interfaces/include/rcl_interfaces/rcl_interfaces/srv/detail/set_parameters__builder.hpp
-- Installing: /home/uwr/microROS_AUV/install/rcl_interfaces/include/rcl_interfaces/rcl_interfaces/srv/set_parameters.hpp
-- Installing: /home/uwr/microROS_AUV/install/rcl_interfaces/include/rcl_interfaces/rcl_interfaces/srv/list_parameters.hpp
-- Installing: /home/uwr/microROS_AUV/install/rcl_interfaces/include/rcl_interfaces/rcl_interfaces/srv/set_parameters_atomically.hpp
-- Up-to-date: /home/uwr/microROS_AUV/install/rcl_interfaces/include/rcl_interfaces
-- Up-to-date: /home/uwr/microROS_AUV/install/rcl_interfaces/include/rcl_interfaces/msg
-- Installing: /home/uwr/microROS_AUV/install/rcl_interfaces/include/rcl_interfaces/msg/rosidl_typesupport_microxrcedds_cpp__visibility_control.h
-- Up-to-date: /home/uwr/microROS_AUV/install/rcl_interfaces/include/rcl_interfaces/msg/detail
-- Installing: /home/uwr/microROS_AUV/install/rcl_interfaces/include/rcl_interfaces/msg/detail/parameter_descriptor__rosidl_typesupport_microxrcedds_cpp.hpp
-- Installing: /home/uwr/microROS_AUV/install/rcl_interfaces/include/rcl_interfaces/msg/detail/list_parameters_result__rosidl_typesupport_microxrcedds_cpp.hpp
-- Installing: /home/uwr/microROS_AUV/install/rcl_interfaces/include/rcl_interfaces/msg/detail/parameter_event__rosidl_typesupport_microxrcedds_cpp.hpp
-- Installing: /home/uwr/microROS_AUV/install/rcl_interfaces/include/rcl_interfaces/msg/detail/floating_point_range__rosidl_typesupport_microxrcedds_cpp.hpp
-- Installing: /home/uwr/microROS_AUV/install/rcl_interfaces/include/rcl_interfaces/msg/detail/set_parameters_result__rosidl_typesupport_microxrcedds_cpp.hpp
-- Installing: /home/uwr/microROS_AUV/install/rcl_interfaces/include/rcl_interfaces/msg/detail/parameter_value__rosidl_typesupport_microxrcedds_cpp.hpp
-- Installing: /home/uwr/microROS_AUV/install/rcl_interfaces/include/rcl_interfaces/msg/detail/parameter_event_descriptors__rosidl_typesupport_microxrcedds_cpp.hpp
-- Installing: /home/uwr/microROS_AUV/install/rcl_interfaces/include/rcl_interfaces/msg/detail/integer_range__rosidl_typesupport_microxrcedds_cpp.hpp
-- Installing: /home/uwr/microROS_AUV/install/rcl_interfaces/include/rcl_interfaces/msg/detail/parameter_type__rosidl_typesupport_microxrcedds_cpp.hpp
-- Installing: /home/uwr/microROS_AUV/install/rcl_interfaces/include/rcl_interfaces/msg/detail/log__rosidl_typesupport_microxrcedds_cpp.hpp
-- Installing: /home/uwr/microROS_AUV/install/rcl_interfaces/include/rcl_interfaces/msg/detail/parameter__rosidl_typesupport_microxrcedds_cpp.hpp
-- Up-to-date: /home/uwr/microROS_AUV/install/rcl_interfaces/include/rcl_interfaces/msg/detail/microxrcedds
-- Installing: /home/uwr/microROS_AUV/install/rcl_interfaces/include/rcl_interfaces/msg/detail/microxrcedds/parameter_descriptor__type_support_cpp.cpp
-- Installing: /home/uwr/microROS_AUV/install/rcl_interfaces/include/rcl_interfaces/msg/detail/microxrcedds/floating_point_range__type_support_cpp.cpp
-- Installing: /home/uwr/microROS_AUV/install/rcl_interfaces/include/rcl_interfaces/msg/detail/microxrcedds/parameter_type__type_support_cpp.cpp
-- Installing: /home/uwr/microROS_AUV/install/rcl_interfaces/include/rcl_interfaces/msg/detail/microxrcedds/set_parameters_result__type_support_cpp.cpp
-- Installing: /home/uwr/microROS_AUV/install/rcl_interfaces/include/rcl_interfaces/msg/detail/microxrcedds/list_parameters_result__type_support_cpp.cpp
-- Installing: /home/uwr/microROS_AUV/install/rcl_interfaces/include/rcl_interfaces/msg/detail/microxrcedds/parameter_event__type_support_cpp.cpp
-- Installing: /home/uwr/microROS_AUV/install/rcl_interfaces/include/rcl_interfaces/msg/detail/microxrcedds/integer_range__type_support_cpp.cpp
-- Installing: /home/uwr/microROS_AUV/install/rcl_interfaces/include/rcl_interfaces/msg/detail/microxrcedds/parameter_event_descriptors__type_support_cpp.cpp
-- Installing: /home/uwr/microROS_AUV/install/rcl_interfaces/include/rcl_interfaces/msg/detail/microxrcedds/parameter_value__type_support_cpp.cpp
-- Installing: /home/uwr/microROS_AUV/install/rcl_interfaces/include/rcl_interfaces/msg/detail/microxrcedds/parameter__type_support_cpp.cpp
-- Installing: /home/uwr/microROS_AUV/install/rcl_interfaces/include/rcl_interfaces/msg/detail/microxrcedds/log__type_support_cpp.cpp
-- Up-to-date: /home/uwr/microROS_AUV/install/rcl_interfaces/include/rcl_interfaces/srv
-- Up-to-date: /home/uwr/microROS_AUV/install/rcl_interfaces/include/rcl_interfaces/srv/detail
-- Installing: /home/uwr/microROS_AUV/install/rcl_interfaces/include/rcl_interfaces/srv/detail/describe_parameters__rosidl_typesupport_microxrcedds_cpp.hpp
-- Installing: /home/uwr/microROS_AUV/install/rcl_interfaces/include/rcl_interfaces/srv/detail/set_parameters__rosidl_typesupport_microxrcedds_cpp.hpp
-- Installing: /home/uwr/microROS_AUV/install/rcl_interfaces/include/rcl_interfaces/srv/detail/get_parameter_types__rosidl_typesupport_microxrcedds_cpp.hpp
-- Installing: /home/uwr/microROS_AUV/install/rcl_interfaces/include/rcl_interfaces/srv/detail/set_parameters_atomically__rosidl_typesupport_microxrcedds_cpp.hpp
-- Installing: /home/uwr/microROS_AUV/install/rcl_interfaces/include/rcl_interfaces/srv/detail/list_parameters__rosidl_typesupport_microxrcedds_cpp.hpp
-- Installing: /home/uwr/microROS_AUV/install/rcl_interfaces/include/rcl_interfaces/srv/detail/get_parameters__rosidl_typesupport_microxrcedds_cpp.hpp
-- Up-to-date: /home/uwr/microROS_AUV/install/rcl_interfaces/include/rcl_interfaces/srv/detail/microxrcedds
-- Installing: /home/uwr/microROS_AUV/install/rcl_interfaces/include/rcl_interfaces/srv/detail/microxrcedds/describe_parameters__type_support_cpp.cpp
-- Installing: /home/uwr/microROS_AUV/install/rcl_interfaces/include/rcl_interfaces/srv/detail/microxrcedds/set_parameters_atomically__type_support_cpp.cpp
-- Installing: /home/uwr/microROS_AUV/install/rcl_interfaces/include/rcl_interfaces/srv/detail/microxrcedds/get_parameters__type_support_cpp.cpp
-- Installing: /home/uwr/microROS_AUV/install/rcl_interfaces/include/rcl_interfaces/srv/detail/microxrcedds/get_parameter_types__type_support_cpp.cpp
-- Installing: /home/uwr/microROS_AUV/install/rcl_interfaces/include/rcl_interfaces/srv/detail/microxrcedds/list_parameters__type_support_cpp.cpp
-- Installing: /home/uwr/microROS_AUV/install/rcl_interfaces/include/rcl_interfaces/srv/detail/microxrcedds/set_parameters__type_support_cpp.cpp
-- Installing: /home/uwr/microROS_AUV/install/rcl_interfaces/lib/librcl_interfaces__rosidl_typesupport_microxrcedds_cpp.so
-- Set runtime path of "/home/uwr/microROS_AUV/install/rcl_interfaces/lib/librcl_interfaces__rosidl_typesupport_microxrcedds_cpp.so" to ""
-- Up-to-date: /home/uwr/microROS_AUV/install/rcl_interfaces/include/rcl_interfaces/rcl_interfaces
-- Up-to-date: /home/uwr/microROS_AUV/install/rcl_interfaces/include/rcl_interfaces/rcl_interfaces/msg
-- Up-to-date: /home/uwr/microROS_AUV/install/rcl_interfaces/include/rcl_interfaces/rcl_interfaces/msg/detail
-- Installing: /home/uwr/microROS_AUV/install/rcl_interfaces/include/rcl_interfaces/rcl_interfaces/msg/detail/parameter_event__rosidl_typesupport_fastrtps_cpp.hpp
-- Installing: /home/uwr/microROS_AUV/install/rcl_interfaces/include/rcl_interfaces/rcl_interfaces/msg/detail/log__rosidl_typesupport_fastrtps_cpp.hpp
-- Installing: /home/uwr/microROS_AUV/install/rcl_interfaces/include/rcl_interfaces/rcl_interfaces/msg/detail/parameter_descriptor__rosidl_typesupport_fastrtps_cpp.hpp
-- Installing: /home/uwr/microROS_AUV/install/rcl_interfaces/include/rcl_interfaces/rcl_interfaces/msg/detail/floating_point_range__rosidl_typesupport_fastrtps_cpp.hpp
-- Installing: /home/uwr/microROS_AUV/install/rcl_interfaces/include/rcl_interfaces/rcl_interfaces/msg/detail/parameter_event_descriptors__rosidl_typesupport_fastrtps_cpp.hpp
-- Installing: /home/uwr/microROS_AUV/install/rcl_interfaces/include/rcl_interfaces/rcl_interfaces/msg/detail/parameter_value__rosidl_typesupport_fastrtps_cpp.hpp
-- Installing: /home/uwr/microROS_AUV/install/rcl_interfaces/include/rcl_interfaces/rcl_interfaces/msg/detail/list_parameters_result__rosidl_typesupport_fastrtps_cpp.hpp
-- Installing: /home/uwr/microROS_AUV/install/rcl_interfaces/include/rcl_interfaces/rcl_interfaces/msg/detail/parameter_type__rosidl_typesupport_fastrtps_cpp.hpp
-- Installing: /home/uwr/microROS_AUV/install/rcl_interfaces/include/rcl_interfaces/rcl_interfaces/msg/detail/integer_range__rosidl_typesupport_fastrtps_cpp.hpp
-- Installing: /home/uwr/microROS_AUV/install/rcl_interfaces/include/rcl_interfaces/rcl_interfaces/msg/detail/set_parameters_result__rosidl_typesupport_fastrtps_cpp.hpp
-- Installing: /home/uwr/microROS_AUV/install/rcl_interfaces/include/rcl_interfaces/rcl_interfaces/msg/detail/dds_fastrtps
-- Installing: /home/uwr/microROS_AUV/install/rcl_interfaces/include/rcl_interfaces/rcl_interfaces/msg/detail/parameter__rosidl_typesupport_fastrtps_cpp.hpp
-- Installing: /home/uwr/microROS_AUV/install/rcl_interfaces/include/rcl_interfaces/rcl_interfaces/msg/rosidl_typesupport_fastrtps_cpp__visibility_control.h
-- Up-to-date: /home/uwr/microROS_AUV/install/rcl_interfaces/include/rcl_interfaces/rcl_interfaces/srv
-- Up-to-date: /home/uwr/microROS_AUV/install/rcl_interfaces/include/rcl_interfaces/rcl_interfaces/srv/detail
-- Installing: /home/uwr/microROS_AUV/install/rcl_interfaces/include/rcl_interfaces/rcl_interfaces/srv/detail/set_parameters__rosidl_typesupport_fastrtps_cpp.hpp
-- Installing: /home/uwr/microROS_AUV/install/rcl_interfaces/include/rcl_interfaces/rcl_interfaces/srv/detail/list_parameters__rosidl_typesupport_fastrtps_cpp.hpp
-- Installing: /home/uwr/microROS_AUV/install/rcl_interfaces/include/rcl_interfaces/rcl_interfaces/srv/detail/get_parameters__rosidl_typesupport_fastrtps_cpp.hpp
-- Installing: /home/uwr/microROS_AUV/install/rcl_interfaces/include/rcl_interfaces/rcl_interfaces/srv/detail/get_parameter_types__rosidl_typesupport_fastrtps_cpp.hpp
-- Installing: /home/uwr/microROS_AUV/install/rcl_interfaces/include/rcl_interfaces/rcl_interfaces/srv/detail/set_parameters_atomically__rosidl_typesupport_fastrtps_cpp.hpp
-- Installing: /home/uwr/microROS_AUV/install/rcl_interfaces/include/rcl_interfaces/rcl_interfaces/srv/detail/describe_parameters__rosidl_typesupport_fastrtps_cpp.hpp
-- Installing: /home/uwr/microROS_AUV/install/rcl_interfaces/include/rcl_interfaces/rcl_interfaces/srv/detail/dds_fastrtps
-- Installing: /home/uwr/microROS_AUV/install/rcl_interfaces/lib/librcl_interfaces__rosidl_typesupport_fastrtps_cpp.so
-- Set runtime path of "/home/uwr/microROS_AUV/install/rcl_interfaces/lib/librcl_interfaces__rosidl_typesupport_fastrtps_cpp.so" to ""
-- Up-to-date: /home/uwr/microROS_AUV/install/rcl_interfaces/include/rcl_interfaces/rcl_interfaces
-- Up-to-date: /home/uwr/microROS_AUV/install/rcl_interfaces/include/rcl_interfaces/rcl_interfaces/msg
-- Up-to-date: /home/uwr/microROS_AUV/install/rcl_interfaces/include/rcl_interfaces/rcl_interfaces/msg/detail
-- Installing: /home/uwr/microROS_AUV/install/rcl_interfaces/include/rcl_interfaces/rcl_interfaces/msg/detail/parameter_type__rosidl_typesupport_introspection_cpp.hpp
-- Installing: /home/uwr/microROS_AUV/install/rcl_interfaces/include/rcl_interfaces/rcl_interfaces/msg/detail/parameter_value__type_support.cpp
-- Installing: /home/uwr/microROS_AUV/install/rcl_interfaces/include/rcl_interfaces/rcl_interfaces/msg/detail/set_parameters_result__rosidl_typesupport_introspection_cpp.hpp
-- Installing: /home/uwr/microROS_AUV/install/rcl_interfaces/include/rcl_interfaces/rcl_interfaces/msg/detail/floating_point_range__type_support.cpp
-- Installing: /home/uwr/microROS_AUV/install/rcl_interfaces/include/rcl_interfaces/rcl_interfaces/msg/detail/list_parameters_result__type_support.cpp
-- Installing: /home/uwr/microROS_AUV/install/rcl_interfaces/include/rcl_interfaces/rcl_interfaces/msg/detail/parameter_descriptor__rosidl_typesupport_introspection_cpp.hpp
-- Installing: /home/uwr/microROS_AUV/install/rcl_interfaces/include/rcl_interfaces/rcl_interfaces/msg/detail/parameter_event__rosidl_typesupport_introspection_cpp.hpp
-- Installing: /home/uwr/microROS_AUV/install/rcl_interfaces/include/rcl_interfaces/rcl_interfaces/msg/detail/parameter_value__rosidl_typesupport_introspection_cpp.hpp
-- Installing: /home/uwr/microROS_AUV/install/rcl_interfaces/include/rcl_interfaces/rcl_interfaces/msg/detail/parameter_descriptor__type_support.cpp
-- Installing: /home/uwr/microROS_AUV/install/rcl_interfaces/include/rcl_interfaces/rcl_interfaces/msg/detail/set_parameters_result__type_support.cpp
-- Installing: /home/uwr/microROS_AUV/install/rcl_interfaces/include/rcl_interfaces/rcl_interfaces/msg/detail/parameter__type_support.cpp
-- Installing: /home/uwr/microROS_AUV/install/rcl_interfaces/include/rcl_interfaces/rcl_interfaces/msg/detail/parameter_event__type_support.cpp
-- Installing: /home/uwr/microROS_AUV/install/rcl_interfaces/include/rcl_interfaces/rcl_interfaces/msg/detail/list_parameters_result__rosidl_typesupport_introspection_cpp.hpp
-- Installing: /home/uwr/microROS_AUV/install/rcl_interfaces/include/rcl_interfaces/rcl_interfaces/msg/detail/integer_range__rosidl_typesupport_introspection_cpp.hpp
-- Installing: /home/uwr/microROS_AUV/install/rcl_interfaces/include/rcl_interfaces/rcl_interfaces/msg/detail/log__type_support.cpp
-- Installing: /home/uwr/microROS_AUV/install/rcl_interfaces/include/rcl_interfaces/rcl_interfaces/msg/detail/parameter_event_descriptors__type_support.cpp
-- Installing: /home/uwr/microROS_AUV/install/rcl_interfaces/include/rcl_interfaces/rcl_interfaces/msg/detail/parameter_event_descriptors__rosidl_typesupport_introspection_cpp.hpp
-- Installing: /home/uwr/microROS_AUV/install/rcl_interfaces/include/rcl_interfaces/rcl_interfaces/msg/detail/floating_point_range__rosidl_typesupport_introspection_cpp.hpp
-- Installing: /home/uwr/microROS_AUV/install/rcl_interfaces/include/rcl_interfaces/rcl_interfaces/msg/detail/parameter_type__type_support.cpp
-- Installing: /home/uwr/microROS_AUV/install/rcl_interfaces/include/rcl_interfaces/rcl_interfaces/msg/detail/integer_range__type_support.cpp
-- Installing: /home/uwr/microROS_AUV/install/rcl_interfaces/include/rcl_interfaces/rcl_interfaces/msg/detail/log__rosidl_typesupport_introspection_cpp.hpp
-- Installing: /home/uwr/microROS_AUV/install/rcl_interfaces/include/rcl_interfaces/rcl_interfaces/msg/detail/parameter__rosidl_typesupport_introspection_cpp.hpp
-- Up-to-date: /home/uwr/microROS_AUV/install/rcl_interfaces/include/rcl_interfaces/rcl_interfaces/srv
-- Up-to-date: /home/uwr/microROS_AUV/install/rcl_interfaces/include/rcl_interfaces/rcl_interfaces/srv/detail
-- Installing: /home/uwr/microROS_AUV/install/rcl_interfaces/include/rcl_interfaces/rcl_interfaces/srv/detail/describe_parameters__type_support.cpp
-- Installing: /home/uwr/microROS_AUV/install/rcl_interfaces/include/rcl_interfaces/rcl_interfaces/srv/detail/get_parameters__type_support.cpp
-- Installing: /home/uwr/microROS_AUV/install/rcl_interfaces/include/rcl_interfaces/rcl_interfaces/srv/detail/get_parameter_types__rosidl_typesupport_introspection_cpp.hpp
-- Installing: /home/uwr/microROS_AUV/install/rcl_interfaces/include/rcl_interfaces/rcl_interfaces/srv/detail/get_parameters__rosidl_typesupport_introspection_cpp.hpp
-- Installing: /home/uwr/microROS_AUV/install/rcl_interfaces/include/rcl_interfaces/rcl_interfaces/srv/detail/get_parameter_types__type_support.cpp
-- Installing: /home/uwr/microROS_AUV/install/rcl_interfaces/include/rcl_interfaces/rcl_interfaces/srv/detail/set_parameters_atomically__rosidl_typesupport_introspection_cpp.hpp
-- Installing: /home/uwr/microROS_AUV/install/rcl_interfaces/include/rcl_interfaces/rcl_interfaces/srv/detail/set_parameters__type_support.cpp
-- Installing: /home/uwr/microROS_AUV/install/rcl_interfaces/include/rcl_interfaces/rcl_interfaces/srv/detail/set_parameters__rosidl_typesupport_introspection_cpp.hpp
-- Installing: /home/uwr/microROS_AUV/install/rcl_interfaces/include/rcl_interfaces/rcl_interfaces/srv/detail/list_parameters__type_support.cpp
-- Installing: /home/uwr/microROS_AUV/install/rcl_interfaces/include/rcl_interfaces/rcl_interfaces/srv/detail/list_parameters__rosidl_typesupport_introspection_cpp.hpp
-- Installing: /home/uwr/microROS_AUV/install/rcl_interfaces/include/rcl_interfaces/rcl_interfaces/srv/detail/describe_parameters__rosidl_typesupport_introspection_cpp.hpp
-- Installing: /home/uwr/microROS_AUV/install/rcl_interfaces/include/rcl_interfaces/rcl_interfaces/srv/detail/set_parameters_atomically__type_support.cpp
-- Installing: /home/uwr/microROS_AUV/install/rcl_interfaces/lib/librcl_interfaces__rosidl_typesupport_introspection_cpp.so
-- Set runtime path of "/home/uwr/microROS_AUV/install/rcl_interfaces/lib/librcl_interfaces__rosidl_typesupport_introspection_cpp.so" to ""
-- Installing: /home/uwr/microROS_AUV/install/rcl_interfaces/lib/librcl_interfaces__rosidl_typesupport_cpp.so
-- Set runtime path of "/home/uwr/microROS_AUV/install/rcl_interfaces/lib/librcl_interfaces__rosidl_typesupport_cpp.so" to ""
-- Installing: /home/uwr/microROS_AUV/install/rcl_interfaces/share/rcl_interfaces/environment/pythonpath.sh
-- Installing: /home/uwr/microROS_AUV/install/rcl_interfaces/share/rcl_interfaces/environment/pythonpath.dsv
-- Installing: /home/uwr/microROS_AUV/install/rcl_interfaces/local/lib/python3.10/dist-packages/rcl_interfaces-1.2.2-py3.10.egg-info
-- Installing: /home/uwr/microROS_AUV/install/rcl_interfaces/local/lib/python3.10/dist-packages/rcl_interfaces-1.2.2-py3.10.egg-info/top_level.txt
-- Installing: /home/uwr/microROS_AUV/install/rcl_interfaces/local/lib/python3.10/dist-packages/rcl_interfaces-1.2.2-py3.10.egg-info/dependency_links.txt
-- Installing: /home/uwr/microROS_AUV/install/rcl_interfaces/local/lib/python3.10/dist-packages/rcl_interfaces-1.2.2-py3.10.egg-info/PKG-INFO
-- Installing: /home/uwr/microROS_AUV/install/rcl_interfaces/local/lib/python3.10/dist-packages/rcl_interfaces-1.2.2-py3.10.egg-info/SOURCES.txt
-- Installing: /home/uwr/microROS_AUV/install/rcl_interfaces/local/lib/python3.10/dist-packages/rcl_interfaces
-- Installing: /home/uwr/microROS_AUV/install/rcl_interfaces/local/lib/python3.10/dist-packages/rcl_interfaces/_rcl_interfaces_s.ep.rosidl_typesupport_fastrtps_c.c
-- Installing: /home/uwr/microROS_AUV/install/rcl_interfaces/local/lib/python3.10/dist-packages/rcl_interfaces/_rcl_interfaces_s.ep.rosidl_typesupport_microxrcedds_c.c
-- Installing: /home/uwr/microROS_AUV/install/rcl_interfaces/local/lib/python3.10/dist-packages/rcl_interfaces/rcl_interfaces_s__rosidl_typesupport_microxrcedds_c.cpython-310-x86_64-linux-gnu.so
-- Installing: /home/uwr/microROS_AUV/install/rcl_interfaces/local/lib/python3.10/dist-packages/rcl_interfaces/librcl_interfaces__rosidl_generator_py.so
-- Installing: /home/uwr/microROS_AUV/install/rcl_interfaces/local/lib/python3.10/dist-packages/rcl_interfaces/_rcl_interfaces_s.ep.rosidl_typesupport_c.c
-- Installing: /home/uwr/microROS_AUV/install/rcl_interfaces/local/lib/python3.10/dist-packages/rcl_interfaces/msg
-- Installing: /home/uwr/microROS_AUV/install/rcl_interfaces/local/lib/python3.10/dist-packages/rcl_interfaces/msg/_parameter_type_s.c
-- Installing: /home/uwr/microROS_AUV/install/rcl_interfaces/local/lib/python3.10/dist-packages/rcl_interfaces/msg/_set_parameters_result.py
-- Installing: /home/uwr/microROS_AUV/install/rcl_interfaces/local/lib/python3.10/dist-packages/rcl_interfaces/msg/_parameter_value.py
-- Installing: /home/uwr/microROS_AUV/install/rcl_interfaces/local/lib/python3.10/dist-packages/rcl_interfaces/msg/_parameter_descriptor.py
-- Installing: /home/uwr/microROS_AUV/install/rcl_interfaces/local/lib/python3.10/dist-packages/rcl_interfaces/msg/_list_parameters_result.py
-- Installing: /home/uwr/microROS_AUV/install/rcl_interfaces/local/lib/python3.10/dist-packages/rcl_interfaces/msg/_log.py
-- Installing: /home/uwr/microROS_AUV/install/rcl_interfaces/local/lib/python3.10/dist-packages/rcl_interfaces/msg/_parameter_type.py
-- Installing: /home/uwr/microROS_AUV/install/rcl_interfaces/local/lib/python3.10/dist-packages/rcl_interfaces/msg/_parameter.py
-- Installing: /home/uwr/microROS_AUV/install/rcl_interfaces/local/lib/python3.10/dist-packages/rcl_interfaces/msg/_parameter_event_descriptors.py
-- Installing: /home/uwr/microROS_AUV/install/rcl_interfaces/local/lib/python3.10/dist-packages/rcl_interfaces/msg/_parameter_descriptor_s.c
-- Installing: /home/uwr/microROS_AUV/install/rcl_interfaces/local/lib/python3.10/dist-packages/rcl_interfaces/msg/_parameter_value_s.c
-- Installing: /home/uwr/microROS_AUV/install/rcl_interfaces/local/lib/python3.10/dist-packages/rcl_interfaces/msg/_parameter_event_descriptors_s.c
-- Installing: /home/uwr/microROS_AUV/install/rcl_interfaces/local/lib/python3.10/dist-packages/rcl_interfaces/msg/_parameter_event_s.c
-- Installing: /home/uwr/microROS_AUV/install/rcl_interfaces/local/lib/python3.10/dist-packages/rcl_interfaces/msg/_set_parameters_result_s.c
-- Installing: /home/uwr/microROS_AUV/install/rcl_interfaces/local/lib/python3.10/dist-packages/rcl_interfaces/msg/_list_parameters_result_s.c
-- Installing: /home/uwr/microROS_AUV/install/rcl_interfaces/local/lib/python3.10/dist-packages/rcl_interfaces/msg/_integer_range_s.c
-- Installing: /home/uwr/microROS_AUV/install/rcl_interfaces/local/lib/python3.10/dist-packages/rcl_interfaces/msg/__init__.py
-- Installing: /home/uwr/microROS_AUV/install/rcl_interfaces/local/lib/python3.10/dist-packages/rcl_interfaces/msg/_floating_point_range_s.c
-- Installing: /home/uwr/microROS_AUV/install/rcl_interfaces/local/lib/python3.10/dist-packages/rcl_interfaces/msg/_integer_range.py
-- Installing: /home/uwr/microROS_AUV/install/rcl_interfaces/local/lib/python3.10/dist-packages/rcl_interfaces/msg/_parameter_event.py
-- Installing: /home/uwr/microROS_AUV/install/rcl_interfaces/local/lib/python3.10/dist-packages/rcl_interfaces/msg/_floating_point_range.py
-- Installing: /home/uwr/microROS_AUV/install/rcl_interfaces/local/lib/python3.10/dist-packages/rcl_interfaces/msg/_parameter_s.c
-- Installing: /home/uwr/microROS_AUV/install/rcl_interfaces/local/lib/python3.10/dist-packages/rcl_interfaces/msg/_log_s.c
-- Installing: /home/uwr/microROS_AUV/install/rcl_interfaces/local/lib/python3.10/dist-packages/rcl_interfaces/rcl_interfaces_s__rosidl_typesupport_c.cpython-310-x86_64-linux-gnu.so
-- Installing: /home/uwr/microROS_AUV/install/rcl_interfaces/local/lib/python3.10/dist-packages/rcl_interfaces/__init__.py
-- Installing: /home/uwr/microROS_AUV/install/rcl_interfaces/local/lib/python3.10/dist-packages/rcl_interfaces/rcl_interfaces_s__rosidl_typesupport_introspection_c.cpython-310-x86_64-linux-gnu.so
-- Installing: /home/uwr/microROS_AUV/install/rcl_interfaces/local/lib/python3.10/dist-packages/rcl_interfaces/_rcl_interfaces_s.ep.rosidl_typesupport_introspection_c.c
-- Installing: /home/uwr/microROS_AUV/install/rcl_interfaces/local/lib/python3.10/dist-packages/rcl_interfaces/rcl_interfaces_s__rosidl_typesupport_fastrtps_c.cpython-310-x86_64-linux-gnu.so
-- Installing: /home/uwr/microROS_AUV/install/rcl_interfaces/local/lib/python3.10/dist-packages/rcl_interfaces/srv
-- Installing: /home/uwr/microROS_AUV/install/rcl_interfaces/local/lib/python3.10/dist-packages/rcl_interfaces/srv/_describe_parameters_s.c
-- Installing: /home/uwr/microROS_AUV/install/rcl_interfaces/local/lib/python3.10/dist-packages/rcl_interfaces/srv/_set_parameters_s.c
-- Installing: /home/uwr/microROS_AUV/install/rcl_interfaces/local/lib/python3.10/dist-packages/rcl_interfaces/srv/_get_parameter_types.py
-- Installing: /home/uwr/microROS_AUV/install/rcl_interfaces/local/lib/python3.10/dist-packages/rcl_interfaces/srv/_set_parameters_atomically_s.c
-- Installing: /home/uwr/microROS_AUV/install/rcl_interfaces/local/lib/python3.10/dist-packages/rcl_interfaces/srv/_set_parameters_atomically.py
-- Installing: /home/uwr/microROS_AUV/install/rcl_interfaces/local/lib/python3.10/dist-packages/rcl_interfaces/srv/_get_parameter_types_s.c
-- Installing: /home/uwr/microROS_AUV/install/rcl_interfaces/local/lib/python3.10/dist-packages/rcl_interfaces/srv/_list_parameters_s.c
-- Installing: /home/uwr/microROS_AUV/install/rcl_interfaces/local/lib/python3.10/dist-packages/rcl_interfaces/srv/_set_parameters.py
-- Installing: /home/uwr/microROS_AUV/install/rcl_interfaces/local/lib/python3.10/dist-packages/rcl_interfaces/srv/__init__.py
-- Installing: /home/uwr/microROS_AUV/install/rcl_interfaces/local/lib/python3.10/dist-packages/rcl_interfaces/srv/_describe_parameters.py
-- Installing: /home/uwr/microROS_AUV/install/rcl_interfaces/local/lib/python3.10/dist-packages/rcl_interfaces/srv/_get_parameters.py
-- Installing: /home/uwr/microROS_AUV/install/rcl_interfaces/local/lib/python3.10/dist-packages/rcl_interfaces/srv/_list_parameters.py
-- Installing: /home/uwr/microROS_AUV/install/rcl_interfaces/local/lib/python3.10/dist-packages/rcl_interfaces/srv/_get_parameters_s.c
Listing '/home/uwr/microROS_AUV/install/rcl_interfaces/local/lib/python3.10/dist-packages/rcl_interfaces'...
Compiling '/home/uwr/microROS_AUV/install/rcl_interfaces/local/lib/python3.10/dist-packages/rcl_interfaces/__init__.py'...
Listing '/home/uwr/microROS_AUV/install/rcl_interfaces/local/lib/python3.10/dist-packages/rcl_interfaces/msg'...
Compiling '/home/uwr/microROS_AUV/install/rcl_interfaces/local/lib/python3.10/dist-packages/rcl_interfaces/msg/__init__.py'...
Compiling '/home/uwr/microROS_AUV/install/rcl_interfaces/local/lib/python3.10/dist-packages/rcl_interfaces/msg/_floating_point_range.py'...
Compiling '/home/uwr/microROS_AUV/install/rcl_interfaces/local/lib/python3.10/dist-packages/rcl_interfaces/msg/_integer_range.py'...
Compiling '/home/uwr/microROS_AUV/install/rcl_interfaces/local/lib/python3.10/dist-packages/rcl_interfaces/msg/_list_parameters_result.py'...
Compiling '/home/uwr/microROS_AUV/install/rcl_interfaces/local/lib/python3.10/dist-packages/rcl_interfaces/msg/_log.py'...
Compiling '/home/uwr/microROS_AUV/install/rcl_interfaces/local/lib/python3.10/dist-packages/rcl_interfaces/msg/_parameter.py'...
Compiling '/home/uwr/microROS_AUV/install/rcl_interfaces/local/lib/python3.10/dist-packages/rcl_interfaces/msg/_parameter_descriptor.py'...
Compiling '/home/uwr/microROS_AUV/install/rcl_interfaces/local/lib/python3.10/dist-packages/rcl_interfaces/msg/_parameter_event.py'...
Compiling '/home/uwr/microROS_AUV/install/rcl_interfaces/local/lib/python3.10/dist-packages/rcl_interfaces/msg/_parameter_event_descriptors.py'...
Compiling '/home/uwr/microROS_AUV/install/rcl_interfaces/local/lib/python3.10/dist-packages/rcl_interfaces/msg/_parameter_type.py'...
Compiling '/home/uwr/microROS_AUV/install/rcl_interfaces/local/lib/python3.10/dist-packages/rcl_interfaces/msg/_parameter_value.py'...
Compiling '/home/uwr/microROS_AUV/install/rcl_interfaces/local/lib/python3.10/dist-packages/rcl_interfaces/msg/_set_parameters_result.py'...
Listing '/home/uwr/microROS_AUV/install/rcl_interfaces/local/lib/python3.10/dist-packages/rcl_interfaces/srv'...
Compiling '/home/uwr/microROS_AUV/install/rcl_interfaces/local/lib/python3.10/dist-packages/rcl_interfaces/srv/__init__.py'...
Compiling '/home/uwr/microROS_AUV/install/rcl_interfaces/local/lib/python3.10/dist-packages/rcl_interfaces/srv/_describe_parameters.py'...
Compiling '/home/uwr/microROS_AUV/install/rcl_interfaces/local/lib/python3.10/dist-packages/rcl_interfaces/srv/_get_parameter_types.py'...
Compiling '/home/uwr/microROS_AUV/install/rcl_interfaces/local/lib/python3.10/dist-packages/rcl_interfaces/srv/_get_parameters.py'...
Compiling '/home/uwr/microROS_AUV/install/rcl_interfaces/local/lib/python3.10/dist-packages/rcl_interfaces/srv/_list_parameters.py'...
Compiling '/home/uwr/microROS_AUV/install/rcl_interfaces/local/lib/python3.10/dist-packages/rcl_interfaces/srv/_set_parameters.py'...
Compiling '/home/uwr/microROS_AUV/install/rcl_interfaces/local/lib/python3.10/dist-packages/rcl_interfaces/srv/_set_parameters_atomically.py'...
-- Installing: /home/uwr/microROS_AUV/install/rcl_interfaces/local/lib/python3.10/dist-packages/rcl_interfaces/rcl_interfaces_s__rosidl_typesupport_microxrcedds_c.cpython-310-x86_64-linux-gnu.so
-- Set runtime path of "/home/uwr/microROS_AUV/install/rcl_interfaces/local/lib/python3.10/dist-packages/rcl_interfaces/rcl_interfaces_s__rosidl_typesupport_microxrcedds_c.cpython-310-x86_64-linux-gnu.so" to ""
-- Installing: /home/uwr/microROS_AUV/install/rcl_interfaces/local/lib/python3.10/dist-packages/rcl_interfaces/rcl_interfaces_s__rosidl_typesupport_fastrtps_c.cpython-310-x86_64-linux-gnu.so
-- Set runtime path of "/home/uwr/microROS_AUV/install/rcl_interfaces/local/lib/python3.10/dist-packages/rcl_interfaces/rcl_interfaces_s__rosidl_typesupport_fastrtps_c.cpython-310-x86_64-linux-gnu.so" to ""
-- Installing: /home/uwr/microROS_AUV/install/rcl_interfaces/local/lib/python3.10/dist-packages/rcl_interfaces/rcl_interfaces_s__rosidl_typesupport_introspection_c.cpython-310-x86_64-linux-gnu.so
-- Set runtime path of "/home/uwr/microROS_AUV/install/rcl_interfaces/local/lib/python3.10/dist-packages/rcl_interfaces/rcl_interfaces_s__rosidl_typesupport_introspection_c.cpython-310-x86_64-linux-gnu.so" to ""
-- Installing: /home/uwr/microROS_AUV/install/rcl_interfaces/local/lib/python3.10/dist-packages/rcl_interfaces/rcl_interfaces_s__rosidl_typesupport_c.cpython-310-x86_64-linux-gnu.so
-- Set runtime path of "/home/uwr/microROS_AUV/install/rcl_interfaces/local/lib/python3.10/dist-packages/rcl_interfaces/rcl_interfaces_s__rosidl_typesupport_c.cpython-310-x86_64-linux-gnu.so" to ""
-- Installing: /home/uwr/microROS_AUV/install/rcl_interfaces/lib/librcl_interfaces__rosidl_generator_py.so
-- Set runtime path of "/home/uwr/microROS_AUV/install/rcl_interfaces/lib/librcl_interfaces__rosidl_generator_py.so" to ""
-- Installing: /home/uwr/microROS_AUV/install/rcl_interfaces/share/rcl_interfaces/msg/FloatingPointRange.idl
-- Installing: /home/uwr/microROS_AUV/install/rcl_interfaces/share/rcl_interfaces/msg/IntegerRange.idl
-- Installing: /home/uwr/microROS_AUV/install/rcl_interfaces/share/rcl_interfaces/msg/ListParametersResult.idl
-- Installing: /home/uwr/microROS_AUV/install/rcl_interfaces/share/rcl_interfaces/msg/Log.idl
-- Installing: /home/uwr/microROS_AUV/install/rcl_interfaces/share/rcl_interfaces/msg/ParameterDescriptor.idl
-- Installing: /home/uwr/microROS_AUV/install/rcl_interfaces/share/rcl_interfaces/msg/ParameterEventDescriptors.idl
-- Installing: /home/uwr/microROS_AUV/install/rcl_interfaces/share/rcl_interfaces/msg/ParameterEvent.idl
-- Installing: /home/uwr/microROS_AUV/install/rcl_interfaces/share/rcl_interfaces/msg/Parameter.idl
-- Installing: /home/uwr/microROS_AUV/install/rcl_interfaces/share/rcl_interfaces/msg/ParameterType.idl
-- Installing: /home/uwr/microROS_AUV/install/rcl_interfaces/share/rcl_interfaces/msg/ParameterValue.idl
-- Installing: /home/uwr/microROS_AUV/install/rcl_interfaces/share/rcl_interfaces/msg/SetParametersResult.idl
-- Installing: /home/uwr/microROS_AUV/install/rcl_interfaces/share/rcl_interfaces/srv/DescribeParameters.idl
-- Installing: /home/uwr/microROS_AUV/install/rcl_interfaces/share/rcl_interfaces/srv/GetParameters.idl
-- Installing: /home/uwr/microROS_AUV/install/rcl_interfaces/share/rcl_interfaces/srv/GetParameterTypes.idl
-- Installing: /home/uwr/microROS_AUV/install/rcl_interfaces/share/rcl_interfaces/srv/ListParameters.idl
-- Installing: /home/uwr/microROS_AUV/install/rcl_interfaces/share/rcl_interfaces/srv/SetParametersAtomically.idl
-- Installing: /home/uwr/microROS_AUV/install/rcl_interfaces/share/rcl_interfaces/srv/SetParameters.idl
-- Installing: /home/uwr/microROS_AUV/install/rcl_interfaces/share/rcl_interfaces/msg/FloatingPointRange.msg
-- Installing: /home/uwr/microROS_AUV/install/rcl_interfaces/share/rcl_interfaces/msg/IntegerRange.msg
-- Installing: /home/uwr/microROS_AUV/install/rcl_interfaces/share/rcl_interfaces/msg/ListParametersResult.msg
-- Installing: /home/uwr/microROS_AUV/install/rcl_interfaces/share/rcl_interfaces/msg/Log.msg
-- Installing: /home/uwr/microROS_AUV/install/rcl_interfaces/share/rcl_interfaces/msg/ParameterDescriptor.msg
-- Installing: /home/uwr/microROS_AUV/install/rcl_interfaces/share/rcl_interfaces/msg/ParameterEventDescriptors.msg
-- Installing: /home/uwr/microROS_AUV/install/rcl_interfaces/share/rcl_interfaces/msg/ParameterEvent.msg
-- Installing: /home/uwr/microROS_AUV/install/rcl_interfaces/share/rcl_interfaces/msg/Parameter.msg
-- Installing: /home/uwr/microROS_AUV/install/rcl_interfaces/share/rcl_interfaces/msg/ParameterType.msg
-- Installing: /home/uwr/microROS_AUV/install/rcl_interfaces/share/rcl_interfaces/msg/ParameterValue.msg
-- Installing: /home/uwr/microROS_AUV/install/rcl_interfaces/share/rcl_interfaces/msg/SetParametersResult.msg
-- Installing: /home/uwr/microROS_AUV/install/rcl_interfaces/share/rcl_interfaces/srv/DescribeParameters.srv
-- Installing: /home/uwr/microROS_AUV/install/rcl_interfaces/share/rcl_interfaces/srv/DescribeParameters_Request.msg
-- Installing: /home/uwr/microROS_AUV/install/rcl_interfaces/share/rcl_interfaces/srv/DescribeParameters_Response.msg
-- Installing: /home/uwr/microROS_AUV/install/rcl_interfaces/share/rcl_interfaces/srv/GetParameters.srv
-- Installing: /home/uwr/microROS_AUV/install/rcl_interfaces/share/rcl_interfaces/srv/GetParameters_Request.msg
-- Installing: /home/uwr/microROS_AUV/install/rcl_interfaces/share/rcl_interfaces/srv/GetParameters_Response.msg
-- Installing: /home/uwr/microROS_AUV/install/rcl_interfaces/share/rcl_interfaces/srv/GetParameterTypes.srv
-- Installing: /home/uwr/microROS_AUV/install/rcl_interfaces/share/rcl_interfaces/srv/GetParameterTypes_Request.msg
-- Installing: /home/uwr/microROS_AUV/install/rcl_interfaces/share/rcl_interfaces/srv/GetParameterTypes_Response.msg
-- Installing: /home/uwr/microROS_AUV/install/rcl_interfaces/share/rcl_interfaces/srv/ListParameters.srv
-- Installing: /home/uwr/microROS_AUV/install/rcl_interfaces/share/rcl_interfaces/srv/ListParameters_Request.msg
-- Installing: /home/uwr/microROS_AUV/install/rcl_interfaces/share/rcl_interfaces/srv/ListParameters_Response.msg
-- Installing: /home/uwr/microROS_AUV/install/rcl_interfaces/share/rcl_interfaces/srv/SetParametersAtomically.srv
-- Installing: /home/uwr/microROS_AUV/install/rcl_interfaces/share/rcl_interfaces/srv/SetParametersAtomically_Request.msg
-- Installing: /home/uwr/microROS_AUV/install/rcl_interfaces/share/rcl_interfaces/srv/SetParametersAtomically_Response.msg
-- Installing: /home/uwr/microROS_AUV/install/rcl_interfaces/share/rcl_interfaces/srv/SetParameters.srv
-- Installing: /home/uwr/microROS_AUV/install/rcl_interfaces/share/rcl_interfaces/srv/SetParameters_Request.msg
-- Installing: /home/uwr/microROS_AUV/install/rcl_interfaces/share/rcl_interfaces/srv/SetParameters_Response.msg
-- Installing: /home/uwr/microROS_AUV/install/rcl_interfaces/share/rcl_interfaces/mapping_rules.yaml
-- Installing: /home/uwr/microROS_AUV/install/rcl_interfaces/share/ament_index/resource_index/package_run_dependencies/rcl_interfaces
-- Installing: /home/uwr/microROS_AUV/install/rcl_interfaces/share/ament_index/resource_index/parent_prefix_path/rcl_interfaces
-- Installing: /home/uwr/microROS_AUV/install/rcl_interfaces/share/rcl_interfaces/environment/ament_prefix_path.sh
-- Installing: /home/uwr/microROS_AUV/install/rcl_interfaces/share/rcl_interfaces/environment/ament_prefix_path.dsv
-- Installing: /home/uwr/microROS_AUV/install/rcl_interfaces/share/rcl_interfaces/environment/path.sh
-- Installing: /home/uwr/microROS_AUV/install/rcl_interfaces/share/rcl_interfaces/environment/path.dsv
-- Installing: /home/uwr/microROS_AUV/install/rcl_interfaces/share/rcl_interfaces/local_setup.bash
-- Installing: /home/uwr/microROS_AUV/install/rcl_interfaces/share/rcl_interfaces/local_setup.sh
-- Installing: /home/uwr/microROS_AUV/install/rcl_interfaces/share/rcl_interfaces/local_setup.zsh
-- Installing: /home/uwr/microROS_AUV/install/rcl_interfaces/share/rcl_interfaces/local_setup.dsv
-- Installing: /home/uwr/microROS_AUV/install/rcl_interfaces/share/rcl_interfaces/package.dsv
-- Installing: /home/uwr/microROS_AUV/install/rcl_interfaces/share/ament_index/resource_index/packages/rcl_interfaces
-- Installing: /home/uwr/microROS_AUV/install/rcl_interfaces/share/rcl_interfaces/cmake/export_rcl_interfaces__rosidl_generator_cExport.cmake
-- Installing: /home/uwr/microROS_AUV/install/rcl_interfaces/share/rcl_interfaces/cmake/export_rcl_interfaces__rosidl_generator_cExport-noconfig.cmake
-- Installing: /home/uwr/microROS_AUV/install/rcl_interfaces/share/rcl_interfaces/cmake/export_rcl_interfaces__rosidl_typesupport_fastrtps_cExport.cmake
-- Installing: /home/uwr/microROS_AUV/install/rcl_interfaces/share/rcl_interfaces/cmake/export_rcl_interfaces__rosidl_typesupport_fastrtps_cExport-noconfig.cmake
-- Installing: /home/uwr/microROS_AUV/install/rcl_interfaces/share/rcl_interfaces/cmake/rcl_interfaces__rosidl_typesupport_introspection_cExport.cmake
-- Installing: /home/uwr/microROS_AUV/install/rcl_interfaces/share/rcl_interfaces/cmake/rcl_interfaces__rosidl_typesupport_introspection_cExport-noconfig.cmake
-- Installing: /home/uwr/microROS_AUV/install/rcl_interfaces/share/rcl_interfaces/cmake/rcl_interfaces__rosidl_typesupport_cExport.cmake
-- Installing: /home/uwr/microROS_AUV/install/rcl_interfaces/share/rcl_interfaces/cmake/rcl_interfaces__rosidl_typesupport_cExport-noconfig.cmake
-- Installing: /home/uwr/microROS_AUV/install/rcl_interfaces/share/rcl_interfaces/cmake/export_rcl_interfaces__rosidl_generator_cppExport.cmake
-- Installing: /home/uwr/microROS_AUV/install/rcl_interfaces/share/rcl_interfaces/cmake/export_rcl_interfaces__rosidl_typesupport_fastrtps_cppExport.cmake
-- Installing: /home/uwr/microROS_AUV/install/rcl_interfaces/share/rcl_interfaces/cmake/export_rcl_interfaces__rosidl_typesupport_fastrtps_cppExport-noconfig.cmake
-- Installing: /home/uwr/microROS_AUV/install/rcl_interfaces/share/rcl_interfaces/cmake/rcl_interfaces__rosidl_typesupport_introspection_cppExport.cmake
-- Installing: /home/uwr/microROS_AUV/install/rcl_interfaces/share/rcl_interfaces/cmake/rcl_interfaces__rosidl_typesupport_introspection_cppExport-noconfig.cmake
-- Installing: /home/uwr/microROS_AUV/install/rcl_interfaces/share/rcl_interfaces/cmake/rcl_interfaces__rosidl_typesupport_cppExport.cmake
-- Installing: /home/uwr/microROS_AUV/install/rcl_interfaces/share/rcl_interfaces/cmake/rcl_interfaces__rosidl_typesupport_cppExport-noconfig.cmake
-- Installing: /home/uwr/microROS_AUV/install/rcl_interfaces/share/rcl_interfaces/cmake/export_rcl_interfaces__rosidl_generator_pyExport.cmake
-- Installing: /home/uwr/microROS_AUV/install/rcl_interfaces/share/rcl_interfaces/cmake/export_rcl_interfaces__rosidl_generator_pyExport-noconfig.cmake
-- Installing: /home/uwr/microROS_AUV/install/rcl_interfaces/share/rcl_interfaces/cmake/rosidl_cmake-extras.cmake
-- Installing: /home/uwr/microROS_AUV/install/rcl_interfaces/share/rcl_interfaces/cmake/ament_cmake_export_dependencies-extras.cmake
-- Installing: /home/uwr/microROS_AUV/install/rcl_interfaces/share/rcl_interfaces/cmake/ament_cmake_export_include_directories-extras.cmake
-- Installing: /home/uwr/microROS_AUV/install/rcl_interfaces/share/rcl_interfaces/cmake/ament_cmake_export_libraries-extras.cmake
-- Installing: /home/uwr/microROS_AUV/install/rcl_interfaces/share/rcl_interfaces/cmake/ament_cmake_export_targets-extras.cmake
-- Installing: /home/uwr/microROS_AUV/install/rcl_interfaces/share/rcl_interfaces/cmake/rosidl_cmake_export_typesupport_targets-extras.cmake
-- Installing: /home/uwr/microROS_AUV/install/rcl_interfaces/share/rcl_interfaces/cmake/rosidl_cmake_export_typesupport_libraries-extras.cmake
-- Installing: /home/uwr/microROS_AUV/install/rcl_interfaces/share/rcl_interfaces/cmake/rcl_interfacesConfig.cmake
-- Installing: /home/uwr/microROS_AUV/install/rcl_interfaces/share/rcl_interfaces/cmake/rcl_interfacesConfig-version.cmake
-- Installing: /home/uwr/microROS_AUV/install/rcl_interfaces/share/rcl_interfaces/package.xml
