[0.161s] Invoking command in '/home/uwr/microROS_AUV/build/rcl_interfaces': CMAKE_PREFIX_PATH=/home/uwr/microROS_AUV/install/builtin_interfaces:/home/uwr/microROS_AUV/install/action_msgs:/home/uwr/microROS_AUV/install/unique_identifier_msgs:/home/uwr/microROS_AUV/install/std_srvs:/home/uwr/microROS_AUV/install/statistics_msgs:/home/uwr/microROS_AUV/install/rosidl_typesupport_microxrcedds_test_msg:/home/uwr/microROS_AUV/install/rosidl_typesupport_microxrcedds_cpp_tests:/home/uwr/microROS_AUV/install/rmw_microxrcedds:/home/uwr/microROS_AUV/install/rosidl_typesupport_microxrcedds_cpp:/home/uwr/microROS_AUV/install/rosidl_typesupport_microxrcedds_c_tests:/home/uwr/microROS_AUV/install/rosidl_typesupport_microxrcedds_c:/home/uwr/microROS_AUV/install/rosgraph_msgs:/home/uwr/microROS_AUV/install/microxrcedds_client:/home/uwr/microROS_AUV/install/microcdr:/home/uwr/microROS_AUV/install/micro_ros_utilities:/home/uwr/microROS_AUV/install/micro_ros_msgs:/home/uwr/microROS_AUV/install/complex_msgs:/home/uwr/microROS_AUV/install/micro_ros_setup:/home/uwr/microROS_AUV/install/custom_interfaces:/home/uwr/Desktop/2024_UWR/install/kalman_filter:/home/uwr/Desktop/2024_UWR/install/sonar_msgs:/home/uwr/Desktop/2024_UWR/install/ros2-driver:/home/uwr/Desktop/2024_UWR/install/oculus_interfaces:/home/uwr/Desktop/2024_UWR/install/ntrip:/home/uwr/Desktop/2024_UWR/install/adnav-driver:/home/uwr/fls_ws/install/oculus_interfaces:/home/uwr/microROS_AUV/install/control_pkg:/home/uwr/Desktop/2024_UWR/install/sonar_subs:/opt/ros/humble LD_LIBRARY_PATH=/home/uwr/microROS_AUV/install/builtin_interfaces/lib:/home/uwr/microROS_AUV/install/action_msgs/lib:/home/uwr/microROS_AUV/install/unique_identifier_msgs/lib:/home/uwr/microROS_AUV/install/std_srvs/lib:/home/uwr/microROS_AUV/install/statistics_msgs/lib:/home/uwr/microROS_AUV/install/rmw_microxrcedds/lib:/home/uwr/microROS_AUV/install/rosidl_typesupport_microxrcedds_cpp/lib:/home/uwr/microROS_AUV/install/rosidl_typesupport_microxrcedds_c/lib:/home/uwr/microROS_AUV/install/rosgraph_msgs/lib:/home/uwr/microROS_AUV/install/microxrcedds_client/lib:/home/uwr/microROS_AUV/install/microcdr/lib:/home/uwr/microROS_AUV/install/micro_ros_utilities/lib:/home/uwr/microROS_AUV/install/micro_ros_msgs/lib:/home/uwr/microROS_AUV/install/complex_msgs/lib:/home/uwr/microROS_AUV/install/custom_interfaces/lib:/home/uwr/oculus_driver/install/lib:/home/uwr/Desktop/2024_UWR/install/sonar_msgs/lib:/home/uwr/Desktop/2024_UWR/install/oculus_interfaces/lib:/home/uwr/fls_ws/install/oculus_interfaces/lib:/opt/ros/humble/opt/rviz_ogre_vendor/lib:/opt/ros/humble/lib/x86_64-linux-gnu:/opt/ros/humble/lib /usr/bin/cmake --build /home/uwr/microROS_AUV/build/rcl_interfaces -- -j8 -l8
[0.413s] [35m[1mConsolidate compiler generated dependencies of target rcl_interfaces__rosidl_generator_c[0m
[0.436s] [  0%] Built target rcl_interfaces__cpp
[0.512s] [  9%] Built target rcl_interfaces__rosidl_generator_c
[0.524s] [35m[1mConsolidate compiler generated dependencies of target rcl_interfaces__rosidl_typesupport_microxrcedds_cpp[0m
[0.531s] [  9%] Built target ament_cmake_python_copy_rcl_interfaces
[0.563s] [35m[1mConsolidate compiler generated dependencies of target rcl_interfaces__rosidl_typesupport_cpp[0m
[0.568s] [35m[1mConsolidate compiler generated dependencies of target rcl_interfaces__rosidl_typesupport_introspection_cpp[0m
[0.600s] [35m[1mConsolidate compiler generated dependencies of target rcl_interfaces__rosidl_typesupport_fastrtps_cpp[0m
[0.643s] [35m[1mConsolidate compiler generated dependencies of target rcl_interfaces__rosidl_typesupport_fastrtps_c[0m
[0.722s] [35m[1mConsolidate compiler generated dependencies of target rcl_interfaces__rosidl_typesupport_introspection_c[0m
[0.735s] [ 19%] Built target rcl_interfaces__rosidl_typesupport_microxrcedds_cpp
[0.745s] [35m[1mConsolidate compiler generated dependencies of target rcl_interfaces__rosidl_typesupport_microxrcedds_c[0m
[0.773s] [ 28%] Built target rcl_interfaces__rosidl_typesupport_introspection_cpp
[0.793s] [ 37%] Built target rcl_interfaces__rosidl_typesupport_cpp
[0.800s] [35m[1mConsolidate compiler generated dependencies of target rcl_interfaces__rosidl_typesupport_c[0m
[0.900s] [ 47%] Built target rcl_interfaces__rosidl_typesupport_fastrtps_c
[0.939s] [ 56%] Built target rcl_interfaces__rosidl_typesupport_fastrtps_cpp
[0.983s] [ 76%] Built target rcl_interfaces__rosidl_typesupport_introspection_c
[0.992s] [ 76%] Built target rcl_interfaces__rosidl_typesupport_microxrcedds_c
[1.043s] [ 86%] Built target rcl_interfaces__rosidl_typesupport_c
[1.183s] [ 86%] Built target rcl_interfaces
[1.341s] [ 87%] Built target rcl_interfaces__py
[1.432s] [35m[1mConsolidate compiler generated dependencies of target rcl_interfaces__rosidl_generator_py[0m
[1.578s] [ 96%] Built target rcl_interfaces__rosidl_generator_py
[1.636s] [35m[1mConsolidate compiler generated dependencies of target rcl_interfaces__rosidl_typesupport_microxrcedds_c__pyext[0m
[1.653s] [35m[1mConsolidate compiler generated dependencies of target rcl_interfaces__rosidl_typesupport_fastrtps_c__pyext[0m
[1.760s] [35m[1mConsolidate compiler generated dependencies of target rcl_interfaces__rosidl_typesupport_c__pyext[0m
[1.767s] [35m[1mConsolidate compiler generated dependencies of target rcl_interfaces__rosidl_typesupport_introspection_c__pyext[0m
[1.770s] [ 97%] Built target rcl_interfaces__rosidl_typesupport_fastrtps_c__pyext
[1.816s] [ 98%] Built target rcl_interfaces__rosidl_typesupport_microxrcedds_c__pyext
[1.896s] [ 99%] Built target rcl_interfaces__rosidl_typesupport_introspection_c__pyext
[1.919s] [100%] Built target rcl_interfaces__rosidl_typesupport_c__pyext
[2.133s] running egg_info
[2.138s] writing rcl_interfaces.egg-info/PKG-INFO
[2.139s] writing dependency_links to rcl_interfaces.egg-info/dependency_links.txt
[2.144s] writing top-level names to rcl_interfaces.egg-info/top_level.txt
[2.148s] reading manifest file 'rcl_interfaces.egg-info/SOURCES.txt'
[2.151s] writing manifest file 'rcl_interfaces.egg-info/SOURCES.txt'
[2.256s] [100%] Built target ament_cmake_python_build_rcl_interfaces_egg
[2.333s] Invoked command in '/home/uwr/microROS_AUV/build/rcl_interfaces' returned '0': CMAKE_PREFIX_PATH=/home/uwr/microROS_AUV/install/builtin_interfaces:/home/uwr/microROS_AUV/install/action_msgs:/home/uwr/microROS_AUV/install/unique_identifier_msgs:/home/uwr/microROS_AUV/install/std_srvs:/home/uwr/microROS_AUV/install/statistics_msgs:/home/uwr/microROS_AUV/install/rosidl_typesupport_microxrcedds_test_msg:/home/uwr/microROS_AUV/install/rosidl_typesupport_microxrcedds_cpp_tests:/home/uwr/microROS_AUV/install/rmw_microxrcedds:/home/uwr/microROS_AUV/install/rosidl_typesupport_microxrcedds_cpp:/home/uwr/microROS_AUV/install/rosidl_typesupport_microxrcedds_c_tests:/home/uwr/microROS_AUV/install/rosidl_typesupport_microxrcedds_c:/home/uwr/microROS_AUV/install/rosgraph_msgs:/home/uwr/microROS_AUV/install/microxrcedds_client:/home/uwr/microROS_AUV/install/microcdr:/home/uwr/microROS_AUV/install/micro_ros_utilities:/home/uwr/microROS_AUV/install/micro_ros_msgs:/home/uwr/microROS_AUV/install/complex_msgs:/home/uwr/microROS_AUV/install/micro_ros_setup:/home/uwr/microROS_AUV/install/custom_interfaces:/home/uwr/Desktop/2024_UWR/install/kalman_filter:/home/uwr/Desktop/2024_UWR/install/sonar_msgs:/home/uwr/Desktop/2024_UWR/install/ros2-driver:/home/uwr/Desktop/2024_UWR/install/oculus_interfaces:/home/uwr/Desktop/2024_UWR/install/ntrip:/home/uwr/Desktop/2024_UWR/install/adnav-driver:/home/uwr/fls_ws/install/oculus_interfaces:/home/uwr/microROS_AUV/install/control_pkg:/home/uwr/Desktop/2024_UWR/install/sonar_subs:/opt/ros/humble LD_LIBRARY_PATH=/home/uwr/microROS_AUV/install/builtin_interfaces/lib:/home/uwr/microROS_AUV/install/action_msgs/lib:/home/uwr/microROS_AUV/install/unique_identifier_msgs/lib:/home/uwr/microROS_AUV/install/std_srvs/lib:/home/uwr/microROS_AUV/install/statistics_msgs/lib:/home/uwr/microROS_AUV/install/rmw_microxrcedds/lib:/home/uwr/microROS_AUV/install/rosidl_typesupport_microxrcedds_cpp/lib:/home/uwr/microROS_AUV/install/rosidl_typesupport_microxrcedds_c/lib:/home/uwr/microROS_AUV/install/rosgraph_msgs/lib:/home/uwr/microROS_AUV/install/microxrcedds_client/lib:/home/uwr/microROS_AUV/install/microcdr/lib:/home/uwr/microROS_AUV/install/micro_ros_utilities/lib:/home/uwr/microROS_AUV/install/micro_ros_msgs/lib:/home/uwr/microROS_AUV/install/complex_msgs/lib:/home/uwr/microROS_AUV/install/custom_interfaces/lib:/home/uwr/oculus_driver/install/lib:/home/uwr/Desktop/2024_UWR/install/sonar_msgs/lib:/home/uwr/Desktop/2024_UWR/install/oculus_interfaces/lib:/home/uwr/fls_ws/install/oculus_interfaces/lib:/opt/ros/humble/opt/rviz_ogre_vendor/lib:/opt/ros/humble/lib/x86_64-linux-gnu:/opt/ros/humble/lib /usr/bin/cmake --build /home/uwr/microROS_AUV/build/rcl_interfaces -- -j8 -l8
[4.328s] Invoking command in '/home/uwr/microROS_AUV/build/rcl_interfaces': CMAKE_PREFIX_PATH=/home/uwr/microROS_AUV/install/builtin_interfaces:/home/uwr/microROS_AUV/install/action_msgs:/home/uwr/microROS_AUV/install/unique_identifier_msgs:/home/uwr/microROS_AUV/install/std_srvs:/home/uwr/microROS_AUV/install/statistics_msgs:/home/uwr/microROS_AUV/install/rosidl_typesupport_microxrcedds_test_msg:/home/uwr/microROS_AUV/install/rosidl_typesupport_microxrcedds_cpp_tests:/home/uwr/microROS_AUV/install/rmw_microxrcedds:/home/uwr/microROS_AUV/install/rosidl_typesupport_microxrcedds_cpp:/home/uwr/microROS_AUV/install/rosidl_typesupport_microxrcedds_c_tests:/home/uwr/microROS_AUV/install/rosidl_typesupport_microxrcedds_c:/home/uwr/microROS_AUV/install/rosgraph_msgs:/home/uwr/microROS_AUV/install/microxrcedds_client:/home/uwr/microROS_AUV/install/microcdr:/home/uwr/microROS_AUV/install/micro_ros_utilities:/home/uwr/microROS_AUV/install/micro_ros_msgs:/home/uwr/microROS_AUV/install/complex_msgs:/home/uwr/microROS_AUV/install/micro_ros_setup:/home/uwr/microROS_AUV/install/custom_interfaces:/home/uwr/Desktop/2024_UWR/install/kalman_filter:/home/uwr/Desktop/2024_UWR/install/sonar_msgs:/home/uwr/Desktop/2024_UWR/install/ros2-driver:/home/uwr/Desktop/2024_UWR/install/oculus_interfaces:/home/uwr/Desktop/2024_UWR/install/ntrip:/home/uwr/Desktop/2024_UWR/install/adnav-driver:/home/uwr/fls_ws/install/oculus_interfaces:/home/uwr/microROS_AUV/install/control_pkg:/home/uwr/Desktop/2024_UWR/install/sonar_subs:/opt/ros/humble LD_LIBRARY_PATH=/home/uwr/microROS_AUV/install/builtin_interfaces/lib:/home/uwr/microROS_AUV/install/action_msgs/lib:/home/uwr/microROS_AUV/install/unique_identifier_msgs/lib:/home/uwr/microROS_AUV/install/std_srvs/lib:/home/uwr/microROS_AUV/install/statistics_msgs/lib:/home/uwr/microROS_AUV/install/rmw_microxrcedds/lib:/home/uwr/microROS_AUV/install/rosidl_typesupport_microxrcedds_cpp/lib:/home/uwr/microROS_AUV/install/rosidl_typesupport_microxrcedds_c/lib:/home/uwr/microROS_AUV/install/rosgraph_msgs/lib:/home/uwr/microROS_AUV/install/microxrcedds_client/lib:/home/uwr/microROS_AUV/install/microcdr/lib:/home/uwr/microROS_AUV/install/micro_ros_utilities/lib:/home/uwr/microROS_AUV/install/micro_ros_msgs/lib:/home/uwr/microROS_AUV/install/complex_msgs/lib:/home/uwr/microROS_AUV/install/custom_interfaces/lib:/home/uwr/oculus_driver/install/lib:/home/uwr/Desktop/2024_UWR/install/sonar_msgs/lib:/home/uwr/Desktop/2024_UWR/install/oculus_interfaces/lib:/home/uwr/fls_ws/install/oculus_interfaces/lib:/opt/ros/humble/opt/rviz_ogre_vendor/lib:/opt/ros/humble/lib/x86_64-linux-gnu:/opt/ros/humble/lib /usr/bin/cmake --install /home/uwr/microROS_AUV/build/rcl_interfaces
[4.355s] -- Install configuration: ""
[4.356s] -- Installing: /home/uwr/microROS_AUV/install/rcl_interfaces/share/ament_index/resource_index/rosidl_interfaces/rcl_interfaces
[4.358s] -- Installing: /home/uwr/microROS_AUV/install/rcl_interfaces/include/rcl_interfaces/rcl_interfaces
[4.358s] -- Installing: /home/uwr/microROS_AUV/install/rcl_interfaces/include/rcl_interfaces/rcl_interfaces/msg
[4.359s] -- Installing: /home/uwr/microROS_AUV/install/rcl_interfaces/include/rcl_interfaces/rcl_interfaces/msg/parameter_descriptor.h
[4.361s] -- Installing: /home/uwr/microROS_AUV/install/rcl_interfaces/include/rcl_interfaces/rcl_interfaces/msg/log.h
[4.362s] -- Installing: /home/uwr/microROS_AUV/install/rcl_interfaces/include/rcl_interfaces/rcl_interfaces/msg/rosidl_generator_c__visibility_control.h
[4.362s] -- Installing: /home/uwr/microROS_AUV/install/rcl_interfaces/include/rcl_interfaces/rcl_interfaces/msg/integer_range.h
[4.363s] -- Installing: /home/uwr/microROS_AUV/install/rcl_interfaces/include/rcl_interfaces/rcl_interfaces/msg/set_parameters_result.h
[4.363s] -- Installing: /home/uwr/microROS_AUV/install/rcl_interfaces/include/rcl_interfaces/rcl_interfaces/msg/list_parameters_result.h
[4.364s] -- Installing: /home/uwr/microROS_AUV/install/rcl_interfaces/include/rcl_interfaces/rcl_interfaces/msg/parameter_event_descriptors.h
[4.365s] -- Installing: /home/uwr/microROS_AUV/install/rcl_interfaces/include/rcl_interfaces/rcl_interfaces/msg/detail
[4.366s] -- Installing: /home/uwr/microROS_AUV/install/rcl_interfaces/include/rcl_interfaces/rcl_interfaces/msg/detail/set_parameters_result__functions.c
[4.366s] -- Installing: /home/uwr/microROS_AUV/install/rcl_interfaces/include/rcl_interfaces/rcl_interfaces/msg/detail/parameter_type__struct.h
[4.367s] -- Installing: /home/uwr/microROS_AUV/install/rcl_interfaces/include/rcl_interfaces/rcl_interfaces/msg/detail/list_parameters_result__type_support.h
[4.368s] -- Installing: /home/uwr/microROS_AUV/install/rcl_interfaces/include/rcl_interfaces/rcl_interfaces/msg/detail/parameter_event__functions.h
[4.369s] -- Installing: /home/uwr/microROS_AUV/install/rcl_interfaces/include/rcl_interfaces/rcl_interfaces/msg/detail/parameter_value__functions.c
[4.370s] -- Installing: /home/uwr/microROS_AUV/install/rcl_interfaces/include/rcl_interfaces/rcl_interfaces/msg/detail/list_parameters_result__functions.h
[4.370s] -- Installing: /home/uwr/microROS_AUV/install/rcl_interfaces/include/rcl_interfaces/rcl_interfaces/msg/detail/list_parameters_result__functions.c
[4.371s] -- Installing: /home/uwr/microROS_AUV/install/rcl_interfaces/include/rcl_interfaces/rcl_interfaces/msg/detail/parameter_event_descriptors__functions.h
[4.373s] -- Installing: /home/uwr/microROS_AUV/install/rcl_interfaces/include/rcl_interfaces/rcl_interfaces/msg/detail/floating_point_range__struct.h
[4.373s] -- Installing: /home/uwr/microROS_AUV/install/rcl_interfaces/include/rcl_interfaces/rcl_interfaces/msg/detail/set_parameters_result__type_support.h
[4.374s] -- Installing: /home/uwr/microROS_AUV/install/rcl_interfaces/include/rcl_interfaces/rcl_interfaces/msg/detail/log__functions.h
[4.375s] -- Installing: /home/uwr/microROS_AUV/install/rcl_interfaces/include/rcl_interfaces/rcl_interfaces/msg/detail/list_parameters_result__struct.h
[4.377s] -- Installing: /home/uwr/microROS_AUV/install/rcl_interfaces/include/rcl_interfaces/rcl_interfaces/msg/detail/floating_point_range__functions.c
[4.378s] -- Installing: /home/uwr/microROS_AUV/install/rcl_interfaces/include/rcl_interfaces/rcl_interfaces/msg/detail/parameter_descriptor__struct.h
[4.378s] -- Installing: /home/uwr/microROS_AUV/install/rcl_interfaces/include/rcl_interfaces/rcl_interfaces/msg/detail/integer_range__type_support.h
[4.379s] -- Installing: /home/uwr/microROS_AUV/install/rcl_interfaces/include/rcl_interfaces/rcl_interfaces/msg/detail/parameter_event_descriptors__struct.h
[4.380s] -- Installing: /home/uwr/microROS_AUV/install/rcl_interfaces/include/rcl_interfaces/rcl_interfaces/msg/detail/parameter_event_descriptors__functions.c
[4.381s] -- Installing: /home/uwr/microROS_AUV/install/rcl_interfaces/include/rcl_interfaces/rcl_interfaces/msg/detail/log__struct.h
[4.381s] -- Installing: /home/uwr/microROS_AUV/install/rcl_interfaces/include/rcl_interfaces/rcl_interfaces/msg/detail/parameter_event_descriptors__type_support.h
[4.382s] -- Installing: /home/uwr/microROS_AUV/install/rcl_interfaces/include/rcl_interfaces/rcl_interfaces/msg/detail/floating_point_range__type_support.h
[4.384s] -- Installing: /home/uwr/microROS_AUV/install/rcl_interfaces/include/rcl_interfaces/rcl_interfaces/msg/detail/parameter__type_support.h
[4.384s] -- Installing: /home/uwr/microROS_AUV/install/rcl_interfaces/include/rcl_interfaces/rcl_interfaces/msg/detail/log__functions.c
[4.385s] -- Installing: /home/uwr/microROS_AUV/install/rcl_interfaces/include/rcl_interfaces/rcl_interfaces/msg/detail/floating_point_range__functions.h
[4.385s] -- Installing: /home/uwr/microROS_AUV/install/rcl_interfaces/include/rcl_interfaces/rcl_interfaces/msg/detail/integer_range__functions.h
[4.397s] -- Installing: /home/uwr/microROS_AUV/install/rcl_interfaces/include/rcl_interfaces/rcl_interfaces/msg/detail/set_parameters_result__struct.h
[4.397s] -- Installing: /home/uwr/microROS_AUV/install/rcl_interfaces/include/rcl_interfaces/rcl_interfaces/msg/detail/integer_range__functions.c
[4.397s] -- Installing: /home/uwr/microROS_AUV/install/rcl_interfaces/include/rcl_interfaces/rcl_interfaces/msg/detail/parameter_event__type_support.h
[4.397s] -- Installing: /home/uwr/microROS_AUV/install/rcl_interfaces/include/rcl_interfaces/rcl_interfaces/msg/detail/parameter_value__struct.h
[4.399s] -- Installing: /home/uwr/microROS_AUV/install/rcl_interfaces/include/rcl_interfaces/rcl_interfaces/msg/detail/parameter_type__functions.h
[4.401s] -- Installing: /home/uwr/microROS_AUV/install/rcl_interfaces/include/rcl_interfaces/rcl_interfaces/msg/detail/parameter_type__type_support.h
[4.402s] -- Installing: /home/uwr/microROS_AUV/install/rcl_interfaces/include/rcl_interfaces/rcl_interfaces/msg/detail/parameter_descriptor__functions.h
[4.402s] -- Installing: /home/uwr/microROS_AUV/install/rcl_interfaces/include/rcl_interfaces/rcl_interfaces/msg/detail/parameter_descriptor__functions.c
[4.402s] -- Installing: /home/uwr/microROS_AUV/install/rcl_interfaces/include/rcl_interfaces/rcl_interfaces/msg/detail/parameter_event__struct.h
[4.402s] -- Installing: /home/uwr/microROS_AUV/install/rcl_interfaces/include/rcl_interfaces/rcl_interfaces/msg/detail/parameter_value__type_support.h
[4.402s] -- Installing: /home/uwr/microROS_AUV/install/rcl_interfaces/include/rcl_interfaces/rcl_interfaces/msg/detail/parameter_value__functions.h
[4.403s] -- Installing: /home/uwr/microROS_AUV/install/rcl_interfaces/include/rcl_interfaces/rcl_interfaces/msg/detail/parameter_type__functions.c
[4.403s] -- Installing: /home/uwr/microROS_AUV/install/rcl_interfaces/include/rcl_interfaces/rcl_interfaces/msg/detail/set_parameters_result__functions.h
[4.404s] -- Installing: /home/uwr/microROS_AUV/install/rcl_interfaces/include/rcl_interfaces/rcl_interfaces/msg/detail/integer_range__struct.h
[4.404s] -- Installing: /home/uwr/microROS_AUV/install/rcl_interfaces/include/rcl_interfaces/rcl_interfaces/msg/detail/log__type_support.h
[4.405s] -- Installing: /home/uwr/microROS_AUV/install/rcl_interfaces/include/rcl_interfaces/rcl_interfaces/msg/detail/parameter_descriptor__type_support.h
[4.406s] -- Installing: /home/uwr/microROS_AUV/install/rcl_interfaces/include/rcl_interfaces/rcl_interfaces/msg/detail/parameter__functions.c
[4.407s] -- Installing: /home/uwr/microROS_AUV/install/rcl_interfaces/include/rcl_interfaces/rcl_interfaces/msg/detail/parameter_event__functions.c
[4.408s] -- Installing: /home/uwr/microROS_AUV/install/rcl_interfaces/include/rcl_interfaces/rcl_interfaces/msg/detail/parameter__functions.h
[4.408s] -- Installing: /home/uwr/microROS_AUV/install/rcl_interfaces/include/rcl_interfaces/rcl_interfaces/msg/detail/parameter__struct.h
[4.410s] -- Installing: /home/uwr/microROS_AUV/install/rcl_interfaces/include/rcl_interfaces/rcl_interfaces/msg/parameter_value.h
[4.417s] -- Installing: /home/uwr/microROS_AUV/install/rcl_interfaces/include/rcl_interfaces/rcl_interfaces/msg/floating_point_range.h
[4.418s] -- Installing: /home/uwr/microROS_AUV/install/rcl_interfaces/include/rcl_interfaces/rcl_interfaces/msg/parameter_type.h
[4.418s] -- Installing: /home/uwr/microROS_AUV/install/rcl_interfaces/include/rcl_interfaces/rcl_interfaces/msg/parameter_event.h
[4.419s] -- Installing: /home/uwr/microROS_AUV/install/rcl_interfaces/include/rcl_interfaces/rcl_interfaces/msg/parameter.h
[4.419s] -- Installing: /home/uwr/microROS_AUV/install/rcl_interfaces/include/rcl_interfaces/rcl_interfaces/srv
[4.419s] -- Installing: /home/uwr/microROS_AUV/install/rcl_interfaces/include/rcl_interfaces/rcl_interfaces/srv/list_parameters.h
[4.419s] -- Installing: /home/uwr/microROS_AUV/install/rcl_interfaces/include/rcl_interfaces/rcl_interfaces/srv/describe_parameters.h
[4.420s] -- Installing: /home/uwr/microROS_AUV/install/rcl_interfaces/include/rcl_interfaces/rcl_interfaces/srv/detail
[4.420s] -- Installing: /home/uwr/microROS_AUV/install/rcl_interfaces/include/rcl_interfaces/rcl_interfaces/srv/detail/list_parameters__functions.h
[4.421s] -- Installing: /home/uwr/microROS_AUV/install/rcl_interfaces/include/rcl_interfaces/rcl_interfaces/srv/detail/set_parameters__functions.c
[4.421s] -- Installing: /home/uwr/microROS_AUV/install/rcl_interfaces/include/rcl_interfaces/rcl_interfaces/srv/detail/set_parameters_atomically__struct.h
[4.422s] -- Installing: /home/uwr/microROS_AUV/install/rcl_interfaces/include/rcl_interfaces/rcl_interfaces/srv/detail/list_parameters__struct.h
[4.423s] -- Installing: /home/uwr/microROS_AUV/install/rcl_interfaces/include/rcl_interfaces/rcl_interfaces/srv/detail/describe_parameters__functions.c
[4.423s] -- Installing: /home/uwr/microROS_AUV/install/rcl_interfaces/include/rcl_interfaces/rcl_interfaces/srv/detail/set_parameters_atomically__functions.c
[4.424s] -- Installing: /home/uwr/microROS_AUV/install/rcl_interfaces/include/rcl_interfaces/rcl_interfaces/srv/detail/set_parameters_atomically__functions.h
[4.432s] -- Installing: /home/uwr/microROS_AUV/install/rcl_interfaces/include/rcl_interfaces/rcl_interfaces/srv/detail/set_parameters__struct.h
[4.433s] -- Installing: /home/uwr/microROS_AUV/install/rcl_interfaces/include/rcl_interfaces/rcl_interfaces/srv/detail/set_parameters__type_support.h
[4.433s] -- Installing: /home/uwr/microROS_AUV/install/rcl_interfaces/include/rcl_interfaces/rcl_interfaces/srv/detail/get_parameters__struct.h
[4.433s] -- Installing: /home/uwr/microROS_AUV/install/rcl_interfaces/include/rcl_interfaces/rcl_interfaces/srv/detail/get_parameter_types__functions.h
[4.434s] -- Installing: /home/uwr/microROS_AUV/install/rcl_interfaces/include/rcl_interfaces/rcl_interfaces/srv/detail/set_parameters__functions.h
[4.434s] -- Installing: /home/uwr/microROS_AUV/install/rcl_interfaces/include/rcl_interfaces/rcl_interfaces/srv/detail/get_parameters__functions.c
[4.437s] -- Installing: /home/uwr/microROS_AUV/install/rcl_interfaces/include/rcl_interfaces/rcl_interfaces/srv/detail/describe_parameters__functions.h
[4.437s] -- Installing: /home/uwr/microROS_AUV/install/rcl_interfaces/include/rcl_interfaces/rcl_interfaces/srv/detail/list_parameters__functions.c
[4.438s] -- Installing: /home/uwr/microROS_AUV/install/rcl_interfaces/include/rcl_interfaces/rcl_interfaces/srv/detail/list_parameters__type_support.h
[4.438s] -- Installing: /home/uwr/microROS_AUV/install/rcl_interfaces/include/rcl_interfaces/rcl_interfaces/srv/detail/get_parameters__functions.h
[4.439s] -- Installing: /home/uwr/microROS_AUV/install/rcl_interfaces/include/rcl_interfaces/rcl_interfaces/srv/detail/describe_parameters__type_support.h
[4.440s] -- Installing: /home/uwr/microROS_AUV/install/rcl_interfaces/include/rcl_interfaces/rcl_interfaces/srv/detail/get_parameter_types__struct.h
[4.441s] -- Installing: /home/uwr/microROS_AUV/install/rcl_interfaces/include/rcl_interfaces/rcl_interfaces/srv/detail/get_parameters__type_support.h
[4.441s] -- Installing: /home/uwr/microROS_AUV/install/rcl_interfaces/include/rcl_interfaces/rcl_interfaces/srv/detail/get_parameter_types__functions.c
[4.442s] -- Installing: /home/uwr/microROS_AUV/install/rcl_interfaces/include/rcl_interfaces/rcl_interfaces/srv/detail/set_parameters_atomically__type_support.h
[4.443s] -- Installing: /home/uwr/microROS_AUV/install/rcl_interfaces/include/rcl_interfaces/rcl_interfaces/srv/detail/describe_parameters__struct.h
[4.443s] -- Installing: /home/uwr/microROS_AUV/install/rcl_interfaces/include/rcl_interfaces/rcl_interfaces/srv/detail/get_parameter_types__type_support.h
[4.444s] -- Installing: /home/uwr/microROS_AUV/install/rcl_interfaces/include/rcl_interfaces/rcl_interfaces/srv/get_parameter_types.h
[4.445s] -- Installing: /home/uwr/microROS_AUV/install/rcl_interfaces/include/rcl_interfaces/rcl_interfaces/srv/get_parameters.h
[4.446s] -- Installing: /home/uwr/microROS_AUV/install/rcl_interfaces/include/rcl_interfaces/rcl_interfaces/srv/set_parameters.h
[4.446s] -- Installing: /home/uwr/microROS_AUV/install/rcl_interfaces/include/rcl_interfaces/rcl_interfaces/srv/set_parameters_atomically.h
[4.447s] -- Installing: /home/uwr/microROS_AUV/install/rcl_interfaces/share/rcl_interfaces/environment/library_path.sh
[4.448s] -- Installing: /home/uwr/microROS_AUV/install/rcl_interfaces/share/rcl_interfaces/environment/library_path.dsv
[4.450s] -- Installing: /home/uwr/microROS_AUV/install/rcl_interfaces/lib/librcl_interfaces__rosidl_generator_c.so
[4.455s] -- Set runtime path of "/home/uwr/microROS_AUV/install/rcl_interfaces/lib/librcl_interfaces__rosidl_generator_c.so" to ""
[4.461s] -- Up-to-date: /home/uwr/microROS_AUV/install/rcl_interfaces/include/rcl_interfaces
[4.464s] -- Installing: /home/uwr/microROS_AUV/install/rcl_interfaces/include/rcl_interfaces/msg
[4.465s] -- Installing: /home/uwr/microROS_AUV/install/rcl_interfaces/include/rcl_interfaces/msg/rosidl_typesupport_microxrcedds_c__visibility_control.h
[4.465s] -- Installing: /home/uwr/microROS_AUV/install/rcl_interfaces/include/rcl_interfaces/msg/detail
[4.465s] -- Installing: /home/uwr/microROS_AUV/install/rcl_interfaces/include/rcl_interfaces/msg/detail/parameter_event__rosidl_typesupport_microxrcedds_c.h
[4.465s] -- Installing: /home/uwr/microROS_AUV/install/rcl_interfaces/include/rcl_interfaces/msg/detail/parameter_descriptor__rosidl_typesupport_microxrcedds_c.h
[4.466s] -- Installing: /home/uwr/microROS_AUV/install/rcl_interfaces/include/rcl_interfaces/msg/detail/parameter_value__rosidl_typesupport_microxrcedds_c.h
[4.466s] -- Installing: /home/uwr/microROS_AUV/install/rcl_interfaces/include/rcl_interfaces/msg/detail/set_parameters_result__rosidl_typesupport_microxrcedds_c.h
[4.466s] -- Installing: /home/uwr/microROS_AUV/install/rcl_interfaces/include/rcl_interfaces/msg/detail/parameter_event_descriptors__rosidl_typesupport_microxrcedds_c.h
[4.466s] -- Installing: /home/uwr/microROS_AUV/install/rcl_interfaces/include/rcl_interfaces/msg/detail/parameter_type__rosidl_typesupport_microxrcedds_c.h
[4.467s] -- Installing: /home/uwr/microROS_AUV/install/rcl_interfaces/include/rcl_interfaces/msg/detail/integer_range__rosidl_typesupport_microxrcedds_c.h
[4.473s] -- Installing: /home/uwr/microROS_AUV/install/rcl_interfaces/include/rcl_interfaces/msg/detail/list_parameters_result__rosidl_typesupport_microxrcedds_c.h
[4.474s] -- Installing: /home/uwr/microROS_AUV/install/rcl_interfaces/include/rcl_interfaces/msg/detail/log__rosidl_typesupport_microxrcedds_c.h
[4.474s] -- Installing: /home/uwr/microROS_AUV/install/rcl_interfaces/include/rcl_interfaces/msg/detail/parameter__rosidl_typesupport_microxrcedds_c.h
[4.474s] -- Installing: /home/uwr/microROS_AUV/install/rcl_interfaces/include/rcl_interfaces/msg/detail/floating_point_range__rosidl_typesupport_microxrcedds_c.h
[4.477s] -- Installing: /home/uwr/microROS_AUV/install/rcl_interfaces/include/rcl_interfaces/msg/detail/microxrcedds
[4.477s] -- Installing: /home/uwr/microROS_AUV/install/rcl_interfaces/include/rcl_interfaces/srv
[4.478s] -- Installing: /home/uwr/microROS_AUV/install/rcl_interfaces/include/rcl_interfaces/srv/detail
[4.484s] -- Installing: /home/uwr/microROS_AUV/install/rcl_interfaces/include/rcl_interfaces/srv/detail/set_parameters__rosidl_typesupport_microxrcedds_c.h
[4.484s] -- Installing: /home/uwr/microROS_AUV/install/rcl_interfaces/include/rcl_interfaces/srv/detail/list_parameters__rosidl_typesupport_microxrcedds_c.h
[4.486s] -- Installing: /home/uwr/microROS_AUV/install/rcl_interfaces/include/rcl_interfaces/srv/detail/set_parameters_atomically__rosidl_typesupport_microxrcedds_c.h
[4.499s] -- Installing: /home/uwr/microROS_AUV/install/rcl_interfaces/include/rcl_interfaces/srv/detail/describe_parameters__rosidl_typesupport_microxrcedds_c.h
[4.500s] -- Installing: /home/uwr/microROS_AUV/install/rcl_interfaces/include/rcl_interfaces/srv/detail/get_parameter_types__rosidl_typesupport_microxrcedds_c.h
[4.500s] -- Installing: /home/uwr/microROS_AUV/install/rcl_interfaces/include/rcl_interfaces/srv/detail/get_parameters__rosidl_typesupport_microxrcedds_c.h
[4.500s] -- Installing: /home/uwr/microROS_AUV/install/rcl_interfaces/include/rcl_interfaces/srv/detail/microxrcedds
[4.504s] -- Installing: /home/uwr/microROS_AUV/install/rcl_interfaces/lib/librcl_interfaces__rosidl_typesupport_microxrcedds_c.so
[4.506s] -- Set runtime path of "/home/uwr/microROS_AUV/install/rcl_interfaces/lib/librcl_interfaces__rosidl_typesupport_microxrcedds_c.so" to ""
[4.506s] -- Up-to-date: /home/uwr/microROS_AUV/install/rcl_interfaces/include/rcl_interfaces/rcl_interfaces
[4.506s] -- Up-to-date: /home/uwr/microROS_AUV/install/rcl_interfaces/include/rcl_interfaces/rcl_interfaces/msg
[4.506s] -- Up-to-date: /home/uwr/microROS_AUV/install/rcl_interfaces/include/rcl_interfaces/rcl_interfaces/msg/detail
[4.508s] -- Installing: /home/uwr/microROS_AUV/install/rcl_interfaces/include/rcl_interfaces/rcl_interfaces/msg/detail/parameter_event__rosidl_typesupport_fastrtps_c.h
[4.508s] -- Installing: /home/uwr/microROS_AUV/install/rcl_interfaces/include/rcl_interfaces/rcl_interfaces/msg/detail/parameter_descriptor__rosidl_typesupport_fastrtps_c.h
[4.510s] -- Installing: /home/uwr/microROS_AUV/install/rcl_interfaces/include/rcl_interfaces/rcl_interfaces/msg/detail/log__rosidl_typesupport_fastrtps_c.h
[4.510s] -- Installing: /home/uwr/microROS_AUV/install/rcl_interfaces/include/rcl_interfaces/rcl_interfaces/msg/detail/floating_point_range__rosidl_typesupport_fastrtps_c.h
[4.510s] -- Installing: /home/uwr/microROS_AUV/install/rcl_interfaces/include/rcl_interfaces/rcl_interfaces/msg/detail/set_parameters_result__rosidl_typesupport_fastrtps_c.h
[4.516s] -- Installing: /home/uwr/microROS_AUV/install/rcl_interfaces/include/rcl_interfaces/rcl_interfaces/msg/detail/list_parameters_result__rosidl_typesupport_fastrtps_c.h
[4.518s] -- Installing: /home/uwr/microROS_AUV/install/rcl_interfaces/include/rcl_interfaces/rcl_interfaces/msg/detail/parameter__rosidl_typesupport_fastrtps_c.h
[4.518s] -- Installing: /home/uwr/microROS_AUV/install/rcl_interfaces/include/rcl_interfaces/rcl_interfaces/msg/detail/integer_range__rosidl_typesupport_fastrtps_c.h
[4.519s] -- Installing: /home/uwr/microROS_AUV/install/rcl_interfaces/include/rcl_interfaces/rcl_interfaces/msg/detail/parameter_type__rosidl_typesupport_fastrtps_c.h
[4.521s] -- Installing: /home/uwr/microROS_AUV/install/rcl_interfaces/include/rcl_interfaces/rcl_interfaces/msg/detail/parameter_value__rosidl_typesupport_fastrtps_c.h
[4.521s] -- Installing: /home/uwr/microROS_AUV/install/rcl_interfaces/include/rcl_interfaces/rcl_interfaces/msg/detail/parameter_event_descriptors__rosidl_typesupport_fastrtps_c.h
[4.523s] -- Installing: /home/uwr/microROS_AUV/install/rcl_interfaces/include/rcl_interfaces/rcl_interfaces/msg/rosidl_typesupport_fastrtps_c__visibility_control.h
[4.524s] -- Up-to-date: /home/uwr/microROS_AUV/install/rcl_interfaces/include/rcl_interfaces/rcl_interfaces/srv
[4.524s] -- Up-to-date: /home/uwr/microROS_AUV/install/rcl_interfaces/include/rcl_interfaces/rcl_interfaces/srv/detail
[4.525s] -- Installing: /home/uwr/microROS_AUV/install/rcl_interfaces/include/rcl_interfaces/rcl_interfaces/srv/detail/set_parameters__rosidl_typesupport_fastrtps_c.h
[4.525s] -- Installing: /home/uwr/microROS_AUV/install/rcl_interfaces/include/rcl_interfaces/rcl_interfaces/srv/detail/get_parameters__rosidl_typesupport_fastrtps_c.h
[4.525s] -- Installing: /home/uwr/microROS_AUV/install/rcl_interfaces/include/rcl_interfaces/rcl_interfaces/srv/detail/set_parameters_atomically__rosidl_typesupport_fastrtps_c.h
[4.531s] -- Installing: /home/uwr/microROS_AUV/install/rcl_interfaces/include/rcl_interfaces/rcl_interfaces/srv/detail/list_parameters__rosidl_typesupport_fastrtps_c.h
[4.533s] -- Installing: /home/uwr/microROS_AUV/install/rcl_interfaces/include/rcl_interfaces/rcl_interfaces/srv/detail/get_parameter_types__rosidl_typesupport_fastrtps_c.h
[4.534s] -- Installing: /home/uwr/microROS_AUV/install/rcl_interfaces/include/rcl_interfaces/rcl_interfaces/srv/detail/describe_parameters__rosidl_typesupport_fastrtps_c.h
[4.536s] -- Installing: /home/uwr/microROS_AUV/install/rcl_interfaces/lib/librcl_interfaces__rosidl_typesupport_fastrtps_c.so
[4.537s] -- Set runtime path of "/home/uwr/microROS_AUV/install/rcl_interfaces/lib/librcl_interfaces__rosidl_typesupport_fastrtps_c.so" to ""
[4.537s] -- Up-to-date: /home/uwr/microROS_AUV/install/rcl_interfaces/include/rcl_interfaces/rcl_interfaces
[4.537s] -- Up-to-date: /home/uwr/microROS_AUV/install/rcl_interfaces/include/rcl_interfaces/rcl_interfaces/msg
[4.538s] -- Installing: /home/uwr/microROS_AUV/install/rcl_interfaces/include/rcl_interfaces/rcl_interfaces/msg/rosidl_typesupport_introspection_c__visibility_control.h
[4.538s] -- Up-to-date: /home/uwr/microROS_AUV/install/rcl_interfaces/include/rcl_interfaces/rcl_interfaces/msg/detail
[4.538s] -- Installing: /home/uwr/microROS_AUV/install/rcl_interfaces/include/rcl_interfaces/rcl_interfaces/msg/detail/list_parameters_result__rosidl_typesupport_introspection_c.h
[4.541s] -- Installing: /home/uwr/microROS_AUV/install/rcl_interfaces/include/rcl_interfaces/rcl_interfaces/msg/detail/parameter__rosidl_typesupport_introspection_c.h
[4.541s] -- Installing: /home/uwr/microROS_AUV/install/rcl_interfaces/include/rcl_interfaces/rcl_interfaces/msg/detail/floating_point_range__rosidl_typesupport_introspection_c.h
[4.541s] -- Installing: /home/uwr/microROS_AUV/install/rcl_interfaces/include/rcl_interfaces/rcl_interfaces/msg/detail/list_parameters_result__type_support.c
[4.541s] -- Installing: /home/uwr/microROS_AUV/install/rcl_interfaces/include/rcl_interfaces/rcl_interfaces/msg/detail/parameter_event_descriptors__type_support.c
[4.542s] -- Installing: /home/uwr/microROS_AUV/install/rcl_interfaces/include/rcl_interfaces/rcl_interfaces/msg/detail/parameter__type_support.c
[4.542s] -- Installing: /home/uwr/microROS_AUV/install/rcl_interfaces/include/rcl_interfaces/rcl_interfaces/msg/detail/floating_point_range__type_support.c
[4.542s] -- Installing: /home/uwr/microROS_AUV/install/rcl_interfaces/include/rcl_interfaces/rcl_interfaces/msg/detail/log__type_support.c
[4.544s] -- Installing: /home/uwr/microROS_AUV/install/rcl_interfaces/include/rcl_interfaces/rcl_interfaces/msg/detail/parameter_descriptor__rosidl_typesupport_introspection_c.h
[4.544s] -- Installing: /home/uwr/microROS_AUV/install/rcl_interfaces/include/rcl_interfaces/rcl_interfaces/msg/detail/parameter_value__rosidl_typesupport_introspection_c.h
[4.545s] -- Installing: /home/uwr/microROS_AUV/install/rcl_interfaces/include/rcl_interfaces/rcl_interfaces/msg/detail/parameter_type__type_support.c
[4.545s] -- Installing: /home/uwr/microROS_AUV/install/rcl_interfaces/include/rcl_interfaces/rcl_interfaces/msg/detail/parameter_type__rosidl_typesupport_introspection_c.h
[4.545s] -- Installing: /home/uwr/microROS_AUV/install/rcl_interfaces/include/rcl_interfaces/rcl_interfaces/msg/detail/integer_range__type_support.c
[4.545s] -- Installing: /home/uwr/microROS_AUV/install/rcl_interfaces/include/rcl_interfaces/rcl_interfaces/msg/detail/parameter_event__type_support.c
[4.545s] -- Installing: /home/uwr/microROS_AUV/install/rcl_interfaces/include/rcl_interfaces/rcl_interfaces/msg/detail/set_parameters_result__rosidl_typesupport_introspection_c.h
[4.545s] -- Installing: /home/uwr/microROS_AUV/install/rcl_interfaces/include/rcl_interfaces/rcl_interfaces/msg/detail/parameter_event__rosidl_typesupport_introspection_c.h
[4.546s] -- Installing: /home/uwr/microROS_AUV/install/rcl_interfaces/include/rcl_interfaces/rcl_interfaces/msg/detail/integer_range__rosidl_typesupport_introspection_c.h
[4.546s] -- Installing: /home/uwr/microROS_AUV/install/rcl_interfaces/include/rcl_interfaces/rcl_interfaces/msg/detail/set_parameters_result__type_support.c
[4.546s] -- Installing: /home/uwr/microROS_AUV/install/rcl_interfaces/include/rcl_interfaces/rcl_interfaces/msg/detail/log__rosidl_typesupport_introspection_c.h
[4.548s] -- Installing: /home/uwr/microROS_AUV/install/rcl_interfaces/include/rcl_interfaces/rcl_interfaces/msg/detail/parameter_event_descriptors__rosidl_typesupport_introspection_c.h
[4.550s] -- Installing: /home/uwr/microROS_AUV/install/rcl_interfaces/include/rcl_interfaces/rcl_interfaces/msg/detail/parameter_value__type_support.c
[4.550s] -- Installing: /home/uwr/microROS_AUV/install/rcl_interfaces/include/rcl_interfaces/rcl_interfaces/msg/detail/parameter_descriptor__type_support.c
[4.559s] -- Up-to-date: /home/uwr/microROS_AUV/install/rcl_interfaces/include/rcl_interfaces/rcl_interfaces/srv
[4.560s] -- Up-to-date: /home/uwr/microROS_AUV/install/rcl_interfaces/include/rcl_interfaces/rcl_interfaces/srv/detail
[4.560s] -- Installing: /home/uwr/microROS_AUV/install/rcl_interfaces/include/rcl_interfaces/rcl_interfaces/srv/detail/set_parameters_atomically__rosidl_typesupport_introspection_c.h
[4.560s] -- Installing: /home/uwr/microROS_AUV/install/rcl_interfaces/include/rcl_interfaces/rcl_interfaces/srv/detail/describe_parameters__rosidl_typesupport_introspection_c.h
[4.560s] -- Installing: /home/uwr/microROS_AUV/install/rcl_interfaces/include/rcl_interfaces/rcl_interfaces/srv/detail/list_parameters__rosidl_typesupport_introspection_c.h
[4.560s] -- Installing: /home/uwr/microROS_AUV/install/rcl_interfaces/include/rcl_interfaces/rcl_interfaces/srv/detail/get_parameters__rosidl_typesupport_introspection_c.h
[4.561s] -- Installing: /home/uwr/microROS_AUV/install/rcl_interfaces/include/rcl_interfaces/rcl_interfaces/srv/detail/get_parameters__type_support.c
[4.561s] -- Installing: /home/uwr/microROS_AUV/install/rcl_interfaces/include/rcl_interfaces/rcl_interfaces/srv/detail/set_parameters_atomically__type_support.c
[4.572s] -- Installing: /home/uwr/microROS_AUV/install/rcl_interfaces/include/rcl_interfaces/rcl_interfaces/srv/detail/get_parameter_types__type_support.c
[4.572s] -- Installing: /home/uwr/microROS_AUV/install/rcl_interfaces/include/rcl_interfaces/rcl_interfaces/srv/detail/set_parameters__rosidl_typesupport_introspection_c.h
[4.572s] -- Installing: /home/uwr/microROS_AUV/install/rcl_interfaces/include/rcl_interfaces/rcl_interfaces/srv/detail/describe_parameters__type_support.c
[4.572s] -- Installing: /home/uwr/microROS_AUV/install/rcl_interfaces/include/rcl_interfaces/rcl_interfaces/srv/detail/get_parameter_types__rosidl_typesupport_introspection_c.h
[4.573s] -- Installing: /home/uwr/microROS_AUV/install/rcl_interfaces/include/rcl_interfaces/rcl_interfaces/srv/detail/list_parameters__type_support.c
[4.573s] -- Installing: /home/uwr/microROS_AUV/install/rcl_interfaces/include/rcl_interfaces/rcl_interfaces/srv/detail/set_parameters__type_support.c
[4.573s] -- Installing: /home/uwr/microROS_AUV/install/rcl_interfaces/lib/librcl_interfaces__rosidl_typesupport_introspection_c.so
[4.574s] -- Set runtime path of "/home/uwr/microROS_AUV/install/rcl_interfaces/lib/librcl_interfaces__rosidl_typesupport_introspection_c.so" to ""
[4.575s] -- Installing: /home/uwr/microROS_AUV/install/rcl_interfaces/lib/librcl_interfaces__rosidl_typesupport_c.so
[4.576s] -- Set runtime path of "/home/uwr/microROS_AUV/install/rcl_interfaces/lib/librcl_interfaces__rosidl_typesupport_c.so" to ""
[4.576s] -- Up-to-date: /home/uwr/microROS_AUV/install/rcl_interfaces/include/rcl_interfaces/rcl_interfaces
[4.577s] -- Up-to-date: /home/uwr/microROS_AUV/install/rcl_interfaces/include/rcl_interfaces/rcl_interfaces/msg
[4.577s] -- Installing: /home/uwr/microROS_AUV/install/rcl_interfaces/include/rcl_interfaces/rcl_interfaces/msg/parameter_event_descriptors.hpp
[4.577s] -- Installing: /home/uwr/microROS_AUV/install/rcl_interfaces/include/rcl_interfaces/rcl_interfaces/msg/parameter.hpp
[4.579s] -- Installing: /home/uwr/microROS_AUV/install/rcl_interfaces/include/rcl_interfaces/rcl_interfaces/msg/parameter_type.hpp
[4.579s] -- Installing: /home/uwr/microROS_AUV/install/rcl_interfaces/include/rcl_interfaces/rcl_interfaces/msg/integer_range.hpp
[4.581s] -- Up-to-date: /home/uwr/microROS_AUV/install/rcl_interfaces/include/rcl_interfaces/rcl_interfaces/msg/detail
[4.581s] -- Installing: /home/uwr/microROS_AUV/install/rcl_interfaces/include/rcl_interfaces/rcl_interfaces/msg/detail/log__builder.hpp
[4.584s] -- Installing: /home/uwr/microROS_AUV/install/rcl_interfaces/include/rcl_interfaces/rcl_interfaces/msg/detail/set_parameters_result__builder.hpp
[4.585s] -- Installing: /home/uwr/microROS_AUV/install/rcl_interfaces/include/rcl_interfaces/rcl_interfaces/msg/detail/parameter__struct.hpp
[4.586s] -- Installing: /home/uwr/microROS_AUV/install/rcl_interfaces/include/rcl_interfaces/rcl_interfaces/msg/detail/parameter_descriptor__struct.hpp
[4.586s] -- Installing: /home/uwr/microROS_AUV/install/rcl_interfaces/include/rcl_interfaces/rcl_interfaces/msg/detail/list_parameters_result__builder.hpp
[4.587s] -- Installing: /home/uwr/microROS_AUV/install/rcl_interfaces/include/rcl_interfaces/rcl_interfaces/msg/detail/parameter_event_descriptors__builder.hpp
[4.588s] -- Installing: /home/uwr/microROS_AUV/install/rcl_interfaces/include/rcl_interfaces/rcl_interfaces/msg/detail/floating_point_range__builder.hpp
[4.593s] -- Installing: /home/uwr/microROS_AUV/install/rcl_interfaces/include/rcl_interfaces/rcl_interfaces/msg/detail/log__struct.hpp
[4.594s] -- Installing: /home/uwr/microROS_AUV/install/rcl_interfaces/include/rcl_interfaces/rcl_interfaces/msg/detail/parameter_descriptor__traits.hpp
[4.594s] -- Installing: /home/uwr/microROS_AUV/install/rcl_interfaces/include/rcl_interfaces/rcl_interfaces/msg/detail/floating_point_range__struct.hpp
[4.594s] -- Installing: /home/uwr/microROS_AUV/install/rcl_interfaces/include/rcl_interfaces/rcl_interfaces/msg/detail/log__traits.hpp
[4.594s] -- Installing: /home/uwr/microROS_AUV/install/rcl_interfaces/include/rcl_interfaces/rcl_interfaces/msg/detail/parameter_event__traits.hpp
[4.597s] -- Installing: /home/uwr/microROS_AUV/install/rcl_interfaces/include/rcl_interfaces/rcl_interfaces/msg/detail/set_parameters_result__traits.hpp
[4.597s] -- Installing: /home/uwr/microROS_AUV/install/rcl_interfaces/include/rcl_interfaces/rcl_interfaces/msg/detail/integer_range__traits.hpp
[4.598s] -- Installing: /home/uwr/microROS_AUV/install/rcl_interfaces/include/rcl_interfaces/rcl_interfaces/msg/detail/parameter_type__builder.hpp
[4.598s] -- Installing: /home/uwr/microROS_AUV/install/rcl_interfaces/include/rcl_interfaces/rcl_interfaces/msg/detail/parameter_descriptor__builder.hpp
[4.598s] -- Installing: /home/uwr/microROS_AUV/install/rcl_interfaces/include/rcl_interfaces/rcl_interfaces/msg/detail/parameter__traits.hpp
[4.599s] -- Installing: /home/uwr/microROS_AUV/install/rcl_interfaces/include/rcl_interfaces/rcl_interfaces/msg/detail/parameter_type__traits.hpp
[4.600s] -- Installing: /home/uwr/microROS_AUV/install/rcl_interfaces/include/rcl_interfaces/rcl_interfaces/msg/detail/list_parameters_result__struct.hpp
[4.601s] -- Installing: /home/uwr/microROS_AUV/install/rcl_interfaces/include/rcl_interfaces/rcl_interfaces/msg/detail/parameter_type__struct.hpp
[4.602s] -- Installing: /home/uwr/microROS_AUV/install/rcl_interfaces/include/rcl_interfaces/rcl_interfaces/msg/detail/list_parameters_result__traits.hpp
[4.602s] -- Installing: /home/uwr/microROS_AUV/install/rcl_interfaces/include/rcl_interfaces/rcl_interfaces/msg/detail/parameter__builder.hpp
[4.604s] -- Installing: /home/uwr/microROS_AUV/install/rcl_interfaces/include/rcl_interfaces/rcl_interfaces/msg/detail/integer_range__builder.hpp
[4.606s] -- Installing: /home/uwr/microROS_AUV/install/rcl_interfaces/include/rcl_interfaces/rcl_interfaces/msg/detail/parameter_event__struct.hpp
[4.606s] -- Installing: /home/uwr/microROS_AUV/install/rcl_interfaces/include/rcl_interfaces/rcl_interfaces/msg/detail/set_parameters_result__struct.hpp
[4.607s] -- Installing: /home/uwr/microROS_AUV/install/rcl_interfaces/include/rcl_interfaces/rcl_interfaces/msg/detail/parameter_value__traits.hpp
[4.609s] -- Installing: /home/uwr/microROS_AUV/install/rcl_interfaces/include/rcl_interfaces/rcl_interfaces/msg/detail/parameter_event_descriptors__traits.hpp
[4.609s] -- Installing: /home/uwr/microROS_AUV/install/rcl_interfaces/include/rcl_interfaces/rcl_interfaces/msg/detail/integer_range__struct.hpp
[4.610s] -- Installing: /home/uwr/microROS_AUV/install/rcl_interfaces/include/rcl_interfaces/rcl_interfaces/msg/detail/parameter_value__struct.hpp
[4.611s] -- Installing: /home/uwr/microROS_AUV/install/rcl_interfaces/include/rcl_interfaces/rcl_interfaces/msg/detail/parameter_event__builder.hpp
[4.614s] -- Installing: /home/uwr/microROS_AUV/install/rcl_interfaces/include/rcl_interfaces/rcl_interfaces/msg/detail/parameter_value__builder.hpp
[4.614s] -- Installing: /home/uwr/microROS_AUV/install/rcl_interfaces/include/rcl_interfaces/rcl_interfaces/msg/detail/parameter_event_descriptors__struct.hpp
[4.615s] -- Installing: /home/uwr/microROS_AUV/install/rcl_interfaces/include/rcl_interfaces/rcl_interfaces/msg/detail/floating_point_range__traits.hpp
[4.615s] -- Installing: /home/uwr/microROS_AUV/install/rcl_interfaces/include/rcl_interfaces/rcl_interfaces/msg/parameter_event.hpp
[4.616s] -- Installing: /home/uwr/microROS_AUV/install/rcl_interfaces/include/rcl_interfaces/rcl_interfaces/msg/log.hpp
[4.619s] -- Installing: /home/uwr/microROS_AUV/install/rcl_interfaces/include/rcl_interfaces/rcl_interfaces/msg/parameter_value.hpp
[4.620s] -- Installing: /home/uwr/microROS_AUV/install/rcl_interfaces/include/rcl_interfaces/rcl_interfaces/msg/set_parameters_result.hpp
[4.621s] -- Installing: /home/uwr/microROS_AUV/install/rcl_interfaces/include/rcl_interfaces/rcl_interfaces/msg/parameter_descriptor.hpp
[4.622s] -- Installing: /home/uwr/microROS_AUV/install/rcl_interfaces/include/rcl_interfaces/rcl_interfaces/msg/list_parameters_result.hpp
[4.622s] -- Installing: /home/uwr/microROS_AUV/install/rcl_interfaces/include/rcl_interfaces/rcl_interfaces/msg/floating_point_range.hpp
[4.623s] -- Up-to-date: /home/uwr/microROS_AUV/install/rcl_interfaces/include/rcl_interfaces/rcl_interfaces/srv
[4.624s] -- Installing: /home/uwr/microROS_AUV/install/rcl_interfaces/include/rcl_interfaces/rcl_interfaces/srv/get_parameters.hpp
[4.625s] -- Installing: /home/uwr/microROS_AUV/install/rcl_interfaces/include/rcl_interfaces/rcl_interfaces/srv/get_parameter_types.hpp
[4.625s] -- Installing: /home/uwr/microROS_AUV/install/rcl_interfaces/include/rcl_interfaces/rcl_interfaces/srv/describe_parameters.hpp
[4.626s] -- Up-to-date: /home/uwr/microROS_AUV/install/rcl_interfaces/include/rcl_interfaces/rcl_interfaces/srv/detail
[4.626s] -- Installing: /home/uwr/microROS_AUV/install/rcl_interfaces/include/rcl_interfaces/rcl_interfaces/srv/detail/list_parameters__traits.hpp
[4.627s] -- Installing: /home/uwr/microROS_AUV/install/rcl_interfaces/include/rcl_interfaces/rcl_interfaces/srv/detail/set_parameters_atomically__builder.hpp
[4.628s] -- Installing: /home/uwr/microROS_AUV/install/rcl_interfaces/include/rcl_interfaces/rcl_interfaces/srv/detail/list_parameters__builder.hpp
[4.629s] -- Installing: /home/uwr/microROS_AUV/install/rcl_interfaces/include/rcl_interfaces/rcl_interfaces/srv/detail/get_parameters__builder.hpp
[4.630s] -- Installing: /home/uwr/microROS_AUV/install/rcl_interfaces/include/rcl_interfaces/rcl_interfaces/srv/detail/set_parameters_atomically__traits.hpp
[4.631s] -- Installing: /home/uwr/microROS_AUV/install/rcl_interfaces/include/rcl_interfaces/rcl_interfaces/srv/detail/describe_parameters__builder.hpp
[4.632s] -- Installing: /home/uwr/microROS_AUV/install/rcl_interfaces/include/rcl_interfaces/rcl_interfaces/srv/detail/get_parameter_types__builder.hpp
[4.632s] -- Installing: /home/uwr/microROS_AUV/install/rcl_interfaces/include/rcl_interfaces/rcl_interfaces/srv/detail/get_parameter_types__struct.hpp
[4.633s] -- Installing: /home/uwr/microROS_AUV/install/rcl_interfaces/include/rcl_interfaces/rcl_interfaces/srv/detail/set_parameters__traits.hpp
[4.634s] -- Installing: /home/uwr/microROS_AUV/install/rcl_interfaces/include/rcl_interfaces/rcl_interfaces/srv/detail/get_parameter_types__traits.hpp
[4.635s] -- Installing: /home/uwr/microROS_AUV/install/rcl_interfaces/include/rcl_interfaces/rcl_interfaces/srv/detail/describe_parameters__traits.hpp
[4.636s] -- Installing: /home/uwr/microROS_AUV/install/rcl_interfaces/include/rcl_interfaces/rcl_interfaces/srv/detail/get_parameters__struct.hpp
[4.636s] -- Installing: /home/uwr/microROS_AUV/install/rcl_interfaces/include/rcl_interfaces/rcl_interfaces/srv/detail/get_parameters__traits.hpp
[4.637s] -- Installing: /home/uwr/microROS_AUV/install/rcl_interfaces/include/rcl_interfaces/rcl_interfaces/srv/detail/set_parameters__struct.hpp
[4.637s] -- Installing: /home/uwr/microROS_AUV/install/rcl_interfaces/include/rcl_interfaces/rcl_interfaces/srv/detail/list_parameters__struct.hpp
[4.638s] -- Installing: /home/uwr/microROS_AUV/install/rcl_interfaces/include/rcl_interfaces/rcl_interfaces/srv/detail/describe_parameters__struct.hpp
[4.639s] -- Installing: /home/uwr/microROS_AUV/install/rcl_interfaces/include/rcl_interfaces/rcl_interfaces/srv/detail/set_parameters_atomically__struct.hpp
[4.639s] -- Installing: /home/uwr/microROS_AUV/install/rcl_interfaces/include/rcl_interfaces/rcl_interfaces/srv/detail/set_parameters__builder.hpp
[4.640s] -- Installing: /home/uwr/microROS_AUV/install/rcl_interfaces/include/rcl_interfaces/rcl_interfaces/srv/set_parameters.hpp
[4.640s] -- Installing: /home/uwr/microROS_AUV/install/rcl_interfaces/include/rcl_interfaces/rcl_interfaces/srv/list_parameters.hpp
[4.641s] -- Installing: /home/uwr/microROS_AUV/install/rcl_interfaces/include/rcl_interfaces/rcl_interfaces/srv/set_parameters_atomically.hpp
[4.642s] -- Up-to-date: /home/uwr/microROS_AUV/install/rcl_interfaces/include/rcl_interfaces
[4.643s] -- Up-to-date: /home/uwr/microROS_AUV/install/rcl_interfaces/include/rcl_interfaces/msg
[4.643s] -- Installing: /home/uwr/microROS_AUV/install/rcl_interfaces/include/rcl_interfaces/msg/rosidl_typesupport_microxrcedds_cpp__visibility_control.h
[4.643s] -- Up-to-date: /home/uwr/microROS_AUV/install/rcl_interfaces/include/rcl_interfaces/msg/detail
[4.644s] -- Installing: /home/uwr/microROS_AUV/install/rcl_interfaces/include/rcl_interfaces/msg/detail/parameter_descriptor__rosidl_typesupport_microxrcedds_cpp.hpp
[4.644s] -- Installing: /home/uwr/microROS_AUV/install/rcl_interfaces/include/rcl_interfaces/msg/detail/list_parameters_result__rosidl_typesupport_microxrcedds_cpp.hpp
[4.644s] -- Installing: /home/uwr/microROS_AUV/install/rcl_interfaces/include/rcl_interfaces/msg/detail/parameter_event__rosidl_typesupport_microxrcedds_cpp.hpp
[4.645s] -- Installing: /home/uwr/microROS_AUV/install/rcl_interfaces/include/rcl_interfaces/msg/detail/floating_point_range__rosidl_typesupport_microxrcedds_cpp.hpp
[4.645s] -- Installing: /home/uwr/microROS_AUV/install/rcl_interfaces/include/rcl_interfaces/msg/detail/set_parameters_result__rosidl_typesupport_microxrcedds_cpp.hpp
[4.646s] -- Installing: /home/uwr/microROS_AUV/install/rcl_interfaces/include/rcl_interfaces/msg/detail/parameter_value__rosidl_typesupport_microxrcedds_cpp.hpp
[4.648s] -- Installing: /home/uwr/microROS_AUV/install/rcl_interfaces/include/rcl_interfaces/msg/detail/parameter_event_descriptors__rosidl_typesupport_microxrcedds_cpp.hpp
[4.650s] -- Installing: /home/uwr/microROS_AUV/install/rcl_interfaces/include/rcl_interfaces/msg/detail/integer_range__rosidl_typesupport_microxrcedds_cpp.hpp
[4.650s] -- Installing: /home/uwr/microROS_AUV/install/rcl_interfaces/include/rcl_interfaces/msg/detail/parameter_type__rosidl_typesupport_microxrcedds_cpp.hpp
[4.651s] -- Installing: /home/uwr/microROS_AUV/install/rcl_interfaces/include/rcl_interfaces/msg/detail/log__rosidl_typesupport_microxrcedds_cpp.hpp
[4.652s] -- Installing: /home/uwr/microROS_AUV/install/rcl_interfaces/include/rcl_interfaces/msg/detail/parameter__rosidl_typesupport_microxrcedds_cpp.hpp
[4.652s] -- Up-to-date: /home/uwr/microROS_AUV/install/rcl_interfaces/include/rcl_interfaces/msg/detail/microxrcedds
[4.653s] -- Installing: /home/uwr/microROS_AUV/install/rcl_interfaces/include/rcl_interfaces/msg/detail/microxrcedds/parameter_descriptor__type_support_cpp.cpp
[4.653s] -- Installing: /home/uwr/microROS_AUV/install/rcl_interfaces/include/rcl_interfaces/msg/detail/microxrcedds/floating_point_range__type_support_cpp.cpp
[4.653s] -- Installing: /home/uwr/microROS_AUV/install/rcl_interfaces/include/rcl_interfaces/msg/detail/microxrcedds/parameter_type__type_support_cpp.cpp
[4.654s] -- Installing: /home/uwr/microROS_AUV/install/rcl_interfaces/include/rcl_interfaces/msg/detail/microxrcedds/set_parameters_result__type_support_cpp.cpp
[4.654s] -- Installing: /home/uwr/microROS_AUV/install/rcl_interfaces/include/rcl_interfaces/msg/detail/microxrcedds/list_parameters_result__type_support_cpp.cpp
[4.654s] -- Installing: /home/uwr/microROS_AUV/install/rcl_interfaces/include/rcl_interfaces/msg/detail/microxrcedds/parameter_event__type_support_cpp.cpp
[4.655s] -- Installing: /home/uwr/microROS_AUV/install/rcl_interfaces/include/rcl_interfaces/msg/detail/microxrcedds/integer_range__type_support_cpp.cpp
[4.655s] -- Installing: /home/uwr/microROS_AUV/install/rcl_interfaces/include/rcl_interfaces/msg/detail/microxrcedds/parameter_event_descriptors__type_support_cpp.cpp
[4.655s] -- Installing: /home/uwr/microROS_AUV/install/rcl_interfaces/include/rcl_interfaces/msg/detail/microxrcedds/parameter_value__type_support_cpp.cpp
[4.655s] -- Installing: /home/uwr/microROS_AUV/install/rcl_interfaces/include/rcl_interfaces/msg/detail/microxrcedds/parameter__type_support_cpp.cpp
[4.656s] -- Installing: /home/uwr/microROS_AUV/install/rcl_interfaces/include/rcl_interfaces/msg/detail/microxrcedds/log__type_support_cpp.cpp
[4.657s] -- Up-to-date: /home/uwr/microROS_AUV/install/rcl_interfaces/include/rcl_interfaces/srv
[4.657s] -- Up-to-date: /home/uwr/microROS_AUV/install/rcl_interfaces/include/rcl_interfaces/srv/detail
[4.658s] -- Installing: /home/uwr/microROS_AUV/install/rcl_interfaces/include/rcl_interfaces/srv/detail/describe_parameters__rosidl_typesupport_microxrcedds_cpp.hpp
[4.658s] -- Installing: /home/uwr/microROS_AUV/install/rcl_interfaces/include/rcl_interfaces/srv/detail/set_parameters__rosidl_typesupport_microxrcedds_cpp.hpp
[4.658s] -- Installing: /home/uwr/microROS_AUV/install/rcl_interfaces/include/rcl_interfaces/srv/detail/get_parameter_types__rosidl_typesupport_microxrcedds_cpp.hpp
[4.659s] -- Installing: /home/uwr/microROS_AUV/install/rcl_interfaces/include/rcl_interfaces/srv/detail/set_parameters_atomically__rosidl_typesupport_microxrcedds_cpp.hpp
[4.659s] -- Installing: /home/uwr/microROS_AUV/install/rcl_interfaces/include/rcl_interfaces/srv/detail/list_parameters__rosidl_typesupport_microxrcedds_cpp.hpp
[4.659s] -- Installing: /home/uwr/microROS_AUV/install/rcl_interfaces/include/rcl_interfaces/srv/detail/get_parameters__rosidl_typesupport_microxrcedds_cpp.hpp
[4.662s] -- Up-to-date: /home/uwr/microROS_AUV/install/rcl_interfaces/include/rcl_interfaces/srv/detail/microxrcedds
[4.663s] -- Installing: /home/uwr/microROS_AUV/install/rcl_interfaces/include/rcl_interfaces/srv/detail/microxrcedds/describe_parameters__type_support_cpp.cpp
[4.663s] -- Installing: /home/uwr/microROS_AUV/install/rcl_interfaces/include/rcl_interfaces/srv/detail/microxrcedds/set_parameters_atomically__type_support_cpp.cpp
[4.663s] -- Installing: /home/uwr/microROS_AUV/install/rcl_interfaces/include/rcl_interfaces/srv/detail/microxrcedds/get_parameters__type_support_cpp.cpp
[4.663s] -- Installing: /home/uwr/microROS_AUV/install/rcl_interfaces/include/rcl_interfaces/srv/detail/microxrcedds/get_parameter_types__type_support_cpp.cpp
[4.664s] -- Installing: /home/uwr/microROS_AUV/install/rcl_interfaces/include/rcl_interfaces/srv/detail/microxrcedds/list_parameters__type_support_cpp.cpp
[4.664s] -- Installing: /home/uwr/microROS_AUV/install/rcl_interfaces/include/rcl_interfaces/srv/detail/microxrcedds/set_parameters__type_support_cpp.cpp
[4.664s] -- Installing: /home/uwr/microROS_AUV/install/rcl_interfaces/lib/librcl_interfaces__rosidl_typesupport_microxrcedds_cpp.so
[4.666s] -- Set runtime path of "/home/uwr/microROS_AUV/install/rcl_interfaces/lib/librcl_interfaces__rosidl_typesupport_microxrcedds_cpp.so" to ""
[4.667s] -- Up-to-date: /home/uwr/microROS_AUV/install/rcl_interfaces/include/rcl_interfaces/rcl_interfaces
[4.667s] -- Up-to-date: /home/uwr/microROS_AUV/install/rcl_interfaces/include/rcl_interfaces/rcl_interfaces/msg
[4.667s] -- Up-to-date: /home/uwr/microROS_AUV/install/rcl_interfaces/include/rcl_interfaces/rcl_interfaces/msg/detail
[4.668s] -- Installing: /home/uwr/microROS_AUV/install/rcl_interfaces/include/rcl_interfaces/rcl_interfaces/msg/detail/parameter_event__rosidl_typesupport_fastrtps_cpp.hpp
[4.668s] -- Installing: /home/uwr/microROS_AUV/install/rcl_interfaces/include/rcl_interfaces/rcl_interfaces/msg/detail/log__rosidl_typesupport_fastrtps_cpp.hpp
[4.668s] -- Installing: /home/uwr/microROS_AUV/install/rcl_interfaces/include/rcl_interfaces/rcl_interfaces/msg/detail/parameter_descriptor__rosidl_typesupport_fastrtps_cpp.hpp
[4.669s] -- Installing: /home/uwr/microROS_AUV/install/rcl_interfaces/include/rcl_interfaces/rcl_interfaces/msg/detail/floating_point_range__rosidl_typesupport_fastrtps_cpp.hpp
[4.669s] -- Installing: /home/uwr/microROS_AUV/install/rcl_interfaces/include/rcl_interfaces/rcl_interfaces/msg/detail/parameter_event_descriptors__rosidl_typesupport_fastrtps_cpp.hpp
[4.669s] -- Installing: /home/uwr/microROS_AUV/install/rcl_interfaces/include/rcl_interfaces/rcl_interfaces/msg/detail/parameter_value__rosidl_typesupport_fastrtps_cpp.hpp
[4.669s] -- Installing: /home/uwr/microROS_AUV/install/rcl_interfaces/include/rcl_interfaces/rcl_interfaces/msg/detail/list_parameters_result__rosidl_typesupport_fastrtps_cpp.hpp
[4.670s] -- Installing: /home/uwr/microROS_AUV/install/rcl_interfaces/include/rcl_interfaces/rcl_interfaces/msg/detail/parameter_type__rosidl_typesupport_fastrtps_cpp.hpp
[4.674s] -- Installing: /home/uwr/microROS_AUV/install/rcl_interfaces/include/rcl_interfaces/rcl_interfaces/msg/detail/integer_range__rosidl_typesupport_fastrtps_cpp.hpp
[4.674s] -- Installing: /home/uwr/microROS_AUV/install/rcl_interfaces/include/rcl_interfaces/rcl_interfaces/msg/detail/set_parameters_result__rosidl_typesupport_fastrtps_cpp.hpp
[4.674s] -- Installing: /home/uwr/microROS_AUV/install/rcl_interfaces/include/rcl_interfaces/rcl_interfaces/msg/detail/dds_fastrtps
[4.674s] -- Installing: /home/uwr/microROS_AUV/install/rcl_interfaces/include/rcl_interfaces/rcl_interfaces/msg/detail/parameter__rosidl_typesupport_fastrtps_cpp.hpp
[4.674s] -- Installing: /home/uwr/microROS_AUV/install/rcl_interfaces/include/rcl_interfaces/rcl_interfaces/msg/rosidl_typesupport_fastrtps_cpp__visibility_control.h
[4.675s] -- Up-to-date: /home/uwr/microROS_AUV/install/rcl_interfaces/include/rcl_interfaces/rcl_interfaces/srv
[4.675s] -- Up-to-date: /home/uwr/microROS_AUV/install/rcl_interfaces/include/rcl_interfaces/rcl_interfaces/srv/detail
[4.675s] -- Installing: /home/uwr/microROS_AUV/install/rcl_interfaces/include/rcl_interfaces/rcl_interfaces/srv/detail/set_parameters__rosidl_typesupport_fastrtps_cpp.hpp
[4.675s] -- Installing: /home/uwr/microROS_AUV/install/rcl_interfaces/include/rcl_interfaces/rcl_interfaces/srv/detail/list_parameters__rosidl_typesupport_fastrtps_cpp.hpp
[4.675s] -- Installing: /home/uwr/microROS_AUV/install/rcl_interfaces/include/rcl_interfaces/rcl_interfaces/srv/detail/get_parameters__rosidl_typesupport_fastrtps_cpp.hpp
[4.676s] -- Installing: /home/uwr/microROS_AUV/install/rcl_interfaces/include/rcl_interfaces/rcl_interfaces/srv/detail/get_parameter_types__rosidl_typesupport_fastrtps_cpp.hpp
[4.676s] -- Installing: /home/uwr/microROS_AUV/install/rcl_interfaces/include/rcl_interfaces/rcl_interfaces/srv/detail/set_parameters_atomically__rosidl_typesupport_fastrtps_cpp.hpp
[4.676s] -- Installing: /home/uwr/microROS_AUV/install/rcl_interfaces/include/rcl_interfaces/rcl_interfaces/srv/detail/describe_parameters__rosidl_typesupport_fastrtps_cpp.hpp
[4.677s] -- Installing: /home/uwr/microROS_AUV/install/rcl_interfaces/include/rcl_interfaces/rcl_interfaces/srv/detail/dds_fastrtps
[4.677s] -- Installing: /home/uwr/microROS_AUV/install/rcl_interfaces/lib/librcl_interfaces__rosidl_typesupport_fastrtps_cpp.so
[4.680s] -- Set runtime path of "/home/uwr/microROS_AUV/install/rcl_interfaces/lib/librcl_interfaces__rosidl_typesupport_fastrtps_cpp.so" to ""
[4.680s] -- Up-to-date: /home/uwr/microROS_AUV/install/rcl_interfaces/include/rcl_interfaces/rcl_interfaces
[4.681s] -- Up-to-date: /home/uwr/microROS_AUV/install/rcl_interfaces/include/rcl_interfaces/rcl_interfaces/msg
[4.681s] -- Up-to-date: /home/uwr/microROS_AUV/install/rcl_interfaces/include/rcl_interfaces/rcl_interfaces/msg/detail
[4.681s] -- Installing: /home/uwr/microROS_AUV/install/rcl_interfaces/include/rcl_interfaces/rcl_interfaces/msg/detail/parameter_type__rosidl_typesupport_introspection_cpp.hpp
[4.682s] -- Installing: /home/uwr/microROS_AUV/install/rcl_interfaces/include/rcl_interfaces/rcl_interfaces/msg/detail/parameter_value__type_support.cpp
[4.683s] -- Installing: /home/uwr/microROS_AUV/install/rcl_interfaces/include/rcl_interfaces/rcl_interfaces/msg/detail/set_parameters_result__rosidl_typesupport_introspection_cpp.hpp
[4.683s] -- Installing: /home/uwr/microROS_AUV/install/rcl_interfaces/include/rcl_interfaces/rcl_interfaces/msg/detail/floating_point_range__type_support.cpp
[4.684s] -- Installing: /home/uwr/microROS_AUV/install/rcl_interfaces/include/rcl_interfaces/rcl_interfaces/msg/detail/list_parameters_result__type_support.cpp
[4.684s] -- Installing: /home/uwr/microROS_AUV/install/rcl_interfaces/include/rcl_interfaces/rcl_interfaces/msg/detail/parameter_descriptor__rosidl_typesupport_introspection_cpp.hpp
[4.684s] -- Installing: /home/uwr/microROS_AUV/install/rcl_interfaces/include/rcl_interfaces/rcl_interfaces/msg/detail/parameter_event__rosidl_typesupport_introspection_cpp.hpp
[4.685s] -- Installing: /home/uwr/microROS_AUV/install/rcl_interfaces/include/rcl_interfaces/rcl_interfaces/msg/detail/parameter_value__rosidl_typesupport_introspection_cpp.hpp
[4.686s] -- Installing: /home/uwr/microROS_AUV/install/rcl_interfaces/include/rcl_interfaces/rcl_interfaces/msg/detail/parameter_descriptor__type_support.cpp
[4.687s] -- Installing: /home/uwr/microROS_AUV/install/rcl_interfaces/include/rcl_interfaces/rcl_interfaces/msg/detail/set_parameters_result__type_support.cpp
[4.694s] -- Installing: /home/uwr/microROS_AUV/install/rcl_interfaces/include/rcl_interfaces/rcl_interfaces/msg/detail/parameter__type_support.cpp
[4.696s] -- Installing: /home/uwr/microROS_AUV/install/rcl_interfaces/include/rcl_interfaces/rcl_interfaces/msg/detail/parameter_event__type_support.cpp
[4.696s] -- Installing: /home/uwr/microROS_AUV/install/rcl_interfaces/include/rcl_interfaces/rcl_interfaces/msg/detail/list_parameters_result__rosidl_typesupport_introspection_cpp.hpp
[4.698s] -- Installing: /home/uwr/microROS_AUV/install/rcl_interfaces/include/rcl_interfaces/rcl_interfaces/msg/detail/integer_range__rosidl_typesupport_introspection_cpp.hpp
[4.701s] -- Installing: /home/uwr/microROS_AUV/install/rcl_interfaces/include/rcl_interfaces/rcl_interfaces/msg/detail/log__type_support.cpp
[4.701s] -- Installing: /home/uwr/microROS_AUV/install/rcl_interfaces/include/rcl_interfaces/rcl_interfaces/msg/detail/parameter_event_descriptors__type_support.cpp
[4.701s] -- Installing: /home/uwr/microROS_AUV/install/rcl_interfaces/include/rcl_interfaces/rcl_interfaces/msg/detail/parameter_event_descriptors__rosidl_typesupport_introspection_cpp.hpp
[4.702s] -- Installing: /home/uwr/microROS_AUV/install/rcl_interfaces/include/rcl_interfaces/rcl_interfaces/msg/detail/floating_point_range__rosidl_typesupport_introspection_cpp.hpp
[4.702s] -- Installing: /home/uwr/microROS_AUV/install/rcl_interfaces/include/rcl_interfaces/rcl_interfaces/msg/detail/parameter_type__type_support.cpp
[4.702s] -- Installing: /home/uwr/microROS_AUV/install/rcl_interfaces/include/rcl_interfaces/rcl_interfaces/msg/detail/integer_range__type_support.cpp
[4.702s] -- Installing: /home/uwr/microROS_AUV/install/rcl_interfaces/include/rcl_interfaces/rcl_interfaces/msg/detail/log__rosidl_typesupport_introspection_cpp.hpp
[4.703s] -- Installing: /home/uwr/microROS_AUV/install/rcl_interfaces/include/rcl_interfaces/rcl_interfaces/msg/detail/parameter__rosidl_typesupport_introspection_cpp.hpp
[4.703s] -- Up-to-date: /home/uwr/microROS_AUV/install/rcl_interfaces/include/rcl_interfaces/rcl_interfaces/srv
[4.703s] -- Up-to-date: /home/uwr/microROS_AUV/install/rcl_interfaces/include/rcl_interfaces/rcl_interfaces/srv/detail
[4.703s] -- Installing: /home/uwr/microROS_AUV/install/rcl_interfaces/include/rcl_interfaces/rcl_interfaces/srv/detail/describe_parameters__type_support.cpp
[4.703s] -- Installing: /home/uwr/microROS_AUV/install/rcl_interfaces/include/rcl_interfaces/rcl_interfaces/srv/detail/get_parameters__type_support.cpp
[4.704s] -- Installing: /home/uwr/microROS_AUV/install/rcl_interfaces/include/rcl_interfaces/rcl_interfaces/srv/detail/get_parameter_types__rosidl_typesupport_introspection_cpp.hpp
[4.704s] -- Installing: /home/uwr/microROS_AUV/install/rcl_interfaces/include/rcl_interfaces/rcl_interfaces/srv/detail/get_parameters__rosidl_typesupport_introspection_cpp.hpp
[4.704s] -- Installing: /home/uwr/microROS_AUV/install/rcl_interfaces/include/rcl_interfaces/rcl_interfaces/srv/detail/get_parameter_types__type_support.cpp
[4.704s] -- Installing: /home/uwr/microROS_AUV/install/rcl_interfaces/include/rcl_interfaces/rcl_interfaces/srv/detail/set_parameters_atomically__rosidl_typesupport_introspection_cpp.hpp
[4.705s] -- Installing: /home/uwr/microROS_AUV/install/rcl_interfaces/include/rcl_interfaces/rcl_interfaces/srv/detail/set_parameters__type_support.cpp
[4.705s] -- Installing: /home/uwr/microROS_AUV/install/rcl_interfaces/include/rcl_interfaces/rcl_interfaces/srv/detail/set_parameters__rosidl_typesupport_introspection_cpp.hpp
[4.706s] -- Installing: /home/uwr/microROS_AUV/install/rcl_interfaces/include/rcl_interfaces/rcl_interfaces/srv/detail/list_parameters__type_support.cpp
[4.707s] -- Installing: /home/uwr/microROS_AUV/install/rcl_interfaces/include/rcl_interfaces/rcl_interfaces/srv/detail/list_parameters__rosidl_typesupport_introspection_cpp.hpp
[4.708s] -- Installing: /home/uwr/microROS_AUV/install/rcl_interfaces/include/rcl_interfaces/rcl_interfaces/srv/detail/describe_parameters__rosidl_typesupport_introspection_cpp.hpp
[4.708s] -- Installing: /home/uwr/microROS_AUV/install/rcl_interfaces/include/rcl_interfaces/rcl_interfaces/srv/detail/set_parameters_atomically__type_support.cpp
[4.708s] -- Installing: /home/uwr/microROS_AUV/install/rcl_interfaces/lib/librcl_interfaces__rosidl_typesupport_introspection_cpp.so
[4.712s] -- Set runtime path of "/home/uwr/microROS_AUV/install/rcl_interfaces/lib/librcl_interfaces__rosidl_typesupport_introspection_cpp.so" to ""
[4.712s] -- Installing: /home/uwr/microROS_AUV/install/rcl_interfaces/lib/librcl_interfaces__rosidl_typesupport_cpp.so
[4.713s] -- Set runtime path of "/home/uwr/microROS_AUV/install/rcl_interfaces/lib/librcl_interfaces__rosidl_typesupport_cpp.so" to ""
[4.713s] -- Installing: /home/uwr/microROS_AUV/install/rcl_interfaces/share/rcl_interfaces/environment/pythonpath.sh
[4.714s] -- Installing: /home/uwr/microROS_AUV/install/rcl_interfaces/share/rcl_interfaces/environment/pythonpath.dsv
[4.714s] -- Installing: /home/uwr/microROS_AUV/install/rcl_interfaces/local/lib/python3.10/dist-packages/rcl_interfaces-1.2.2-py3.10.egg-info
[4.715s] -- Installing: /home/uwr/microROS_AUV/install/rcl_interfaces/local/lib/python3.10/dist-packages/rcl_interfaces-1.2.2-py3.10.egg-info/top_level.txt
[4.715s] -- Installing: /home/uwr/microROS_AUV/install/rcl_interfaces/local/lib/python3.10/dist-packages/rcl_interfaces-1.2.2-py3.10.egg-info/dependency_links.txt
[4.715s] -- Installing: /home/uwr/microROS_AUV/install/rcl_interfaces/local/lib/python3.10/dist-packages/rcl_interfaces-1.2.2-py3.10.egg-info/PKG-INFO
[4.716s] -- Installing: /home/uwr/microROS_AUV/install/rcl_interfaces/local/lib/python3.10/dist-packages/rcl_interfaces-1.2.2-py3.10.egg-info/SOURCES.txt
[4.716s] -- Installing: /home/uwr/microROS_AUV/install/rcl_interfaces/local/lib/python3.10/dist-packages/rcl_interfaces
[4.716s] -- Installing: /home/uwr/microROS_AUV/install/rcl_interfaces/local/lib/python3.10/dist-packages/rcl_interfaces/_rcl_interfaces_s.ep.rosidl_typesupport_fastrtps_c.c
[4.717s] -- Installing: /home/uwr/microROS_AUV/install/rcl_interfaces/local/lib/python3.10/dist-packages/rcl_interfaces/_rcl_interfaces_s.ep.rosidl_typesupport_microxrcedds_c.c
[4.717s] -- Installing: /home/uwr/microROS_AUV/install/rcl_interfaces/local/lib/python3.10/dist-packages/rcl_interfaces/rcl_interfaces_s__rosidl_typesupport_microxrcedds_c.cpython-310-x86_64-linux-gnu.so
[4.717s] -- Installing: /home/uwr/microROS_AUV/install/rcl_interfaces/local/lib/python3.10/dist-packages/rcl_interfaces/librcl_interfaces__rosidl_generator_py.so
[4.718s] -- Installing: /home/uwr/microROS_AUV/install/rcl_interfaces/local/lib/python3.10/dist-packages/rcl_interfaces/_rcl_interfaces_s.ep.rosidl_typesupport_c.c
[4.718s] -- Installing: /home/uwr/microROS_AUV/install/rcl_interfaces/local/lib/python3.10/dist-packages/rcl_interfaces/msg
[4.719s] -- Installing: /home/uwr/microROS_AUV/install/rcl_interfaces/local/lib/python3.10/dist-packages/rcl_interfaces/msg/_parameter_type_s.c
[4.719s] -- Installing: /home/uwr/microROS_AUV/install/rcl_interfaces/local/lib/python3.10/dist-packages/rcl_interfaces/msg/_set_parameters_result.py
[4.719s] -- Installing: /home/uwr/microROS_AUV/install/rcl_interfaces/local/lib/python3.10/dist-packages/rcl_interfaces/msg/_parameter_value.py
[4.720s] -- Installing: /home/uwr/microROS_AUV/install/rcl_interfaces/local/lib/python3.10/dist-packages/rcl_interfaces/msg/_parameter_descriptor.py
[4.720s] -- Installing: /home/uwr/microROS_AUV/install/rcl_interfaces/local/lib/python3.10/dist-packages/rcl_interfaces/msg/_list_parameters_result.py
[4.720s] -- Installing: /home/uwr/microROS_AUV/install/rcl_interfaces/local/lib/python3.10/dist-packages/rcl_interfaces/msg/_log.py
[4.721s] -- Installing: /home/uwr/microROS_AUV/install/rcl_interfaces/local/lib/python3.10/dist-packages/rcl_interfaces/msg/_parameter_type.py
[4.721s] -- Installing: /home/uwr/microROS_AUV/install/rcl_interfaces/local/lib/python3.10/dist-packages/rcl_interfaces/msg/_parameter.py
[4.722s] -- Installing: /home/uwr/microROS_AUV/install/rcl_interfaces/local/lib/python3.10/dist-packages/rcl_interfaces/msg/_parameter_event_descriptors.py
[4.722s] -- Installing: /home/uwr/microROS_AUV/install/rcl_interfaces/local/lib/python3.10/dist-packages/rcl_interfaces/msg/_parameter_descriptor_s.c
[4.723s] -- Installing: /home/uwr/microROS_AUV/install/rcl_interfaces/local/lib/python3.10/dist-packages/rcl_interfaces/msg/_parameter_value_s.c
[4.723s] -- Installing: /home/uwr/microROS_AUV/install/rcl_interfaces/local/lib/python3.10/dist-packages/rcl_interfaces/msg/_parameter_event_descriptors_s.c
[4.723s] -- Installing: /home/uwr/microROS_AUV/install/rcl_interfaces/local/lib/python3.10/dist-packages/rcl_interfaces/msg/_parameter_event_s.c
[4.724s] -- Installing: /home/uwr/microROS_AUV/install/rcl_interfaces/local/lib/python3.10/dist-packages/rcl_interfaces/msg/_set_parameters_result_s.c
[4.724s] -- Installing: /home/uwr/microROS_AUV/install/rcl_interfaces/local/lib/python3.10/dist-packages/rcl_interfaces/msg/_list_parameters_result_s.c
[4.725s] -- Installing: /home/uwr/microROS_AUV/install/rcl_interfaces/local/lib/python3.10/dist-packages/rcl_interfaces/msg/_integer_range_s.c
[4.725s] -- Installing: /home/uwr/microROS_AUV/install/rcl_interfaces/local/lib/python3.10/dist-packages/rcl_interfaces/msg/__init__.py
[4.725s] -- Installing: /home/uwr/microROS_AUV/install/rcl_interfaces/local/lib/python3.10/dist-packages/rcl_interfaces/msg/_floating_point_range_s.c
[4.725s] -- Installing: /home/uwr/microROS_AUV/install/rcl_interfaces/local/lib/python3.10/dist-packages/rcl_interfaces/msg/_integer_range.py
[4.726s] -- Installing: /home/uwr/microROS_AUV/install/rcl_interfaces/local/lib/python3.10/dist-packages/rcl_interfaces/msg/_parameter_event.py
[4.726s] -- Installing: /home/uwr/microROS_AUV/install/rcl_interfaces/local/lib/python3.10/dist-packages/rcl_interfaces/msg/_floating_point_range.py
[4.726s] -- Installing: /home/uwr/microROS_AUV/install/rcl_interfaces/local/lib/python3.10/dist-packages/rcl_interfaces/msg/_parameter_s.c
[4.727s] -- Installing: /home/uwr/microROS_AUV/install/rcl_interfaces/local/lib/python3.10/dist-packages/rcl_interfaces/msg/_log_s.c
[4.727s] -- Installing: /home/uwr/microROS_AUV/install/rcl_interfaces/local/lib/python3.10/dist-packages/rcl_interfaces/rcl_interfaces_s__rosidl_typesupport_c.cpython-310-x86_64-linux-gnu.so
[4.727s] -- Installing: /home/uwr/microROS_AUV/install/rcl_interfaces/local/lib/python3.10/dist-packages/rcl_interfaces/__init__.py
[4.728s] -- Installing: /home/uwr/microROS_AUV/install/rcl_interfaces/local/lib/python3.10/dist-packages/rcl_interfaces/rcl_interfaces_s__rosidl_typesupport_introspection_c.cpython-310-x86_64-linux-gnu.so
[4.728s] -- Installing: /home/uwr/microROS_AUV/install/rcl_interfaces/local/lib/python3.10/dist-packages/rcl_interfaces/_rcl_interfaces_s.ep.rosidl_typesupport_introspection_c.c
[4.729s] -- Installing: /home/uwr/microROS_AUV/install/rcl_interfaces/local/lib/python3.10/dist-packages/rcl_interfaces/rcl_interfaces_s__rosidl_typesupport_fastrtps_c.cpython-310-x86_64-linux-gnu.so
[4.729s] -- Installing: /home/uwr/microROS_AUV/install/rcl_interfaces/local/lib/python3.10/dist-packages/rcl_interfaces/srv
[4.729s] -- Installing: /home/uwr/microROS_AUV/install/rcl_interfaces/local/lib/python3.10/dist-packages/rcl_interfaces/srv/_describe_parameters_s.c
[4.730s] -- Installing: /home/uwr/microROS_AUV/install/rcl_interfaces/local/lib/python3.10/dist-packages/rcl_interfaces/srv/_set_parameters_s.c
[4.730s] -- Installing: /home/uwr/microROS_AUV/install/rcl_interfaces/local/lib/python3.10/dist-packages/rcl_interfaces/srv/_get_parameter_types.py
[4.730s] -- Installing: /home/uwr/microROS_AUV/install/rcl_interfaces/local/lib/python3.10/dist-packages/rcl_interfaces/srv/_set_parameters_atomically_s.c
[4.730s] -- Installing: /home/uwr/microROS_AUV/install/rcl_interfaces/local/lib/python3.10/dist-packages/rcl_interfaces/srv/_set_parameters_atomically.py
[4.730s] -- Installing: /home/uwr/microROS_AUV/install/rcl_interfaces/local/lib/python3.10/dist-packages/rcl_interfaces/srv/_get_parameter_types_s.c
[4.731s] -- Installing: /home/uwr/microROS_AUV/install/rcl_interfaces/local/lib/python3.10/dist-packages/rcl_interfaces/srv/_list_parameters_s.c
[4.731s] -- Installing: /home/uwr/microROS_AUV/install/rcl_interfaces/local/lib/python3.10/dist-packages/rcl_interfaces/srv/_set_parameters.py
[4.731s] -- Installing: /home/uwr/microROS_AUV/install/rcl_interfaces/local/lib/python3.10/dist-packages/rcl_interfaces/srv/__init__.py
[4.732s] -- Installing: /home/uwr/microROS_AUV/install/rcl_interfaces/local/lib/python3.10/dist-packages/rcl_interfaces/srv/_describe_parameters.py
[4.732s] -- Installing: /home/uwr/microROS_AUV/install/rcl_interfaces/local/lib/python3.10/dist-packages/rcl_interfaces/srv/_get_parameters.py
[4.732s] -- Installing: /home/uwr/microROS_AUV/install/rcl_interfaces/local/lib/python3.10/dist-packages/rcl_interfaces/srv/_list_parameters.py
[4.732s] -- Installing: /home/uwr/microROS_AUV/install/rcl_interfaces/local/lib/python3.10/dist-packages/rcl_interfaces/srv/_get_parameters_s.c
[4.896s] Listing '/home/uwr/microROS_AUV/install/rcl_interfaces/local/lib/python3.10/dist-packages/rcl_interfaces'...
[4.896s] Compiling '/home/uwr/microROS_AUV/install/rcl_interfaces/local/lib/python3.10/dist-packages/rcl_interfaces/__init__.py'...
[4.896s] Listing '/home/uwr/microROS_AUV/install/rcl_interfaces/local/lib/python3.10/dist-packages/rcl_interfaces/msg'...
[4.897s] Compiling '/home/uwr/microROS_AUV/install/rcl_interfaces/local/lib/python3.10/dist-packages/rcl_interfaces/msg/__init__.py'...
[4.897s] Compiling '/home/uwr/microROS_AUV/install/rcl_interfaces/local/lib/python3.10/dist-packages/rcl_interfaces/msg/_floating_point_range.py'...
[4.897s] Compiling '/home/uwr/microROS_AUV/install/rcl_interfaces/local/lib/python3.10/dist-packages/rcl_interfaces/msg/_integer_range.py'...
[4.897s] Compiling '/home/uwr/microROS_AUV/install/rcl_interfaces/local/lib/python3.10/dist-packages/rcl_interfaces/msg/_list_parameters_result.py'...
[4.898s] Compiling '/home/uwr/microROS_AUV/install/rcl_interfaces/local/lib/python3.10/dist-packages/rcl_interfaces/msg/_log.py'...
[4.898s] Compiling '/home/uwr/microROS_AUV/install/rcl_interfaces/local/lib/python3.10/dist-packages/rcl_interfaces/msg/_parameter.py'...
[4.898s] Compiling '/home/uwr/microROS_AUV/install/rcl_interfaces/local/lib/python3.10/dist-packages/rcl_interfaces/msg/_parameter_descriptor.py'...
[4.898s] Compiling '/home/uwr/microROS_AUV/install/rcl_interfaces/local/lib/python3.10/dist-packages/rcl_interfaces/msg/_parameter_event.py'...
[4.899s] Compiling '/home/uwr/microROS_AUV/install/rcl_interfaces/local/lib/python3.10/dist-packages/rcl_interfaces/msg/_parameter_event_descriptors.py'...
[4.899s] Compiling '/home/uwr/microROS_AUV/install/rcl_interfaces/local/lib/python3.10/dist-packages/rcl_interfaces/msg/_parameter_type.py'...
[4.899s] Compiling '/home/uwr/microROS_AUV/install/rcl_interfaces/local/lib/python3.10/dist-packages/rcl_interfaces/msg/_parameter_value.py'...
[4.899s] Compiling '/home/uwr/microROS_AUV/install/rcl_interfaces/local/lib/python3.10/dist-packages/rcl_interfaces/msg/_set_parameters_result.py'...
[4.899s] Listing '/home/uwr/microROS_AUV/install/rcl_interfaces/local/lib/python3.10/dist-packages/rcl_interfaces/srv'...
[4.900s] Compiling '/home/uwr/microROS_AUV/install/rcl_interfaces/local/lib/python3.10/dist-packages/rcl_interfaces/srv/__init__.py'...
[4.900s] Compiling '/home/uwr/microROS_AUV/install/rcl_interfaces/local/lib/python3.10/dist-packages/rcl_interfaces/srv/_describe_parameters.py'...
[4.900s] Compiling '/home/uwr/microROS_AUV/install/rcl_interfaces/local/lib/python3.10/dist-packages/rcl_interfaces/srv/_get_parameter_types.py'...
[4.900s] Compiling '/home/uwr/microROS_AUV/install/rcl_interfaces/local/lib/python3.10/dist-packages/rcl_interfaces/srv/_get_parameters.py'...
[4.900s] Compiling '/home/uwr/microROS_AUV/install/rcl_interfaces/local/lib/python3.10/dist-packages/rcl_interfaces/srv/_list_parameters.py'...
[4.901s] Compiling '/home/uwr/microROS_AUV/install/rcl_interfaces/local/lib/python3.10/dist-packages/rcl_interfaces/srv/_set_parameters.py'...
[4.901s] Compiling '/home/uwr/microROS_AUV/install/rcl_interfaces/local/lib/python3.10/dist-packages/rcl_interfaces/srv/_set_parameters_atomically.py'...
[4.907s] -- Installing: /home/uwr/microROS_AUV/install/rcl_interfaces/local/lib/python3.10/dist-packages/rcl_interfaces/rcl_interfaces_s__rosidl_typesupport_microxrcedds_c.cpython-310-x86_64-linux-gnu.so
[4.908s] -- Set runtime path of "/home/uwr/microROS_AUV/install/rcl_interfaces/local/lib/python3.10/dist-packages/rcl_interfaces/rcl_interfaces_s__rosidl_typesupport_microxrcedds_c.cpython-310-x86_64-linux-gnu.so" to ""
[4.908s] -- Installing: /home/uwr/microROS_AUV/install/rcl_interfaces/local/lib/python3.10/dist-packages/rcl_interfaces/rcl_interfaces_s__rosidl_typesupport_fastrtps_c.cpython-310-x86_64-linux-gnu.so
[4.909s] -- Set runtime path of "/home/uwr/microROS_AUV/install/rcl_interfaces/local/lib/python3.10/dist-packages/rcl_interfaces/rcl_interfaces_s__rosidl_typesupport_fastrtps_c.cpython-310-x86_64-linux-gnu.so" to ""
[4.911s] -- Installing: /home/uwr/microROS_AUV/install/rcl_interfaces/local/lib/python3.10/dist-packages/rcl_interfaces/rcl_interfaces_s__rosidl_typesupport_introspection_c.cpython-310-x86_64-linux-gnu.so
[4.911s] -- Set runtime path of "/home/uwr/microROS_AUV/install/rcl_interfaces/local/lib/python3.10/dist-packages/rcl_interfaces/rcl_interfaces_s__rosidl_typesupport_introspection_c.cpython-310-x86_64-linux-gnu.so" to ""
[4.912s] -- Installing: /home/uwr/microROS_AUV/install/rcl_interfaces/local/lib/python3.10/dist-packages/rcl_interfaces/rcl_interfaces_s__rosidl_typesupport_c.cpython-310-x86_64-linux-gnu.so
[4.912s] -- Set runtime path of "/home/uwr/microROS_AUV/install/rcl_interfaces/local/lib/python3.10/dist-packages/rcl_interfaces/rcl_interfaces_s__rosidl_typesupport_c.cpython-310-x86_64-linux-gnu.so" to ""
[4.912s] -- Installing: /home/uwr/microROS_AUV/install/rcl_interfaces/lib/librcl_interfaces__rosidl_generator_py.so
[4.913s] -- Set runtime path of "/home/uwr/microROS_AUV/install/rcl_interfaces/lib/librcl_interfaces__rosidl_generator_py.so" to ""
[4.913s] -- Installing: /home/uwr/microROS_AUV/install/rcl_interfaces/share/rcl_interfaces/msg/FloatingPointRange.idl
[4.914s] -- Installing: /home/uwr/microROS_AUV/install/rcl_interfaces/share/rcl_interfaces/msg/IntegerRange.idl
[4.915s] -- Installing: /home/uwr/microROS_AUV/install/rcl_interfaces/share/rcl_interfaces/msg/ListParametersResult.idl
[4.915s] -- Installing: /home/uwr/microROS_AUV/install/rcl_interfaces/share/rcl_interfaces/msg/Log.idl
[4.916s] -- Installing: /home/uwr/microROS_AUV/install/rcl_interfaces/share/rcl_interfaces/msg/ParameterDescriptor.idl
[4.916s] -- Installing: /home/uwr/microROS_AUV/install/rcl_interfaces/share/rcl_interfaces/msg/ParameterEventDescriptors.idl
[4.916s] -- Installing: /home/uwr/microROS_AUV/install/rcl_interfaces/share/rcl_interfaces/msg/ParameterEvent.idl
[4.917s] -- Installing: /home/uwr/microROS_AUV/install/rcl_interfaces/share/rcl_interfaces/msg/Parameter.idl
[4.917s] -- Installing: /home/uwr/microROS_AUV/install/rcl_interfaces/share/rcl_interfaces/msg/ParameterType.idl
[4.918s] -- Installing: /home/uwr/microROS_AUV/install/rcl_interfaces/share/rcl_interfaces/msg/ParameterValue.idl
[4.918s] -- Installing: /home/uwr/microROS_AUV/install/rcl_interfaces/share/rcl_interfaces/msg/SetParametersResult.idl
[4.919s] -- Installing: /home/uwr/microROS_AUV/install/rcl_interfaces/share/rcl_interfaces/srv/DescribeParameters.idl
[4.920s] -- Installing: /home/uwr/microROS_AUV/install/rcl_interfaces/share/rcl_interfaces/srv/GetParameters.idl
[4.920s] -- Installing: /home/uwr/microROS_AUV/install/rcl_interfaces/share/rcl_interfaces/srv/GetParameterTypes.idl
[4.921s] -- Installing: /home/uwr/microROS_AUV/install/rcl_interfaces/share/rcl_interfaces/srv/ListParameters.idl
[4.921s] -- Installing: /home/uwr/microROS_AUV/install/rcl_interfaces/share/rcl_interfaces/srv/SetParametersAtomically.idl
[4.922s] -- Installing: /home/uwr/microROS_AUV/install/rcl_interfaces/share/rcl_interfaces/srv/SetParameters.idl
[4.922s] -- Installing: /home/uwr/microROS_AUV/install/rcl_interfaces/share/rcl_interfaces/msg/FloatingPointRange.msg
[4.923s] -- Installing: /home/uwr/microROS_AUV/install/rcl_interfaces/share/rcl_interfaces/msg/IntegerRange.msg
[4.923s] -- Installing: /home/uwr/microROS_AUV/install/rcl_interfaces/share/rcl_interfaces/msg/ListParametersResult.msg
[4.924s] -- Installing: /home/uwr/microROS_AUV/install/rcl_interfaces/share/rcl_interfaces/msg/Log.msg
[4.926s] -- Installing: /home/uwr/microROS_AUV/install/rcl_interfaces/share/rcl_interfaces/msg/ParameterDescriptor.msg
[4.926s] -- Installing: /home/uwr/microROS_AUV/install/rcl_interfaces/share/rcl_interfaces/msg/ParameterEventDescriptors.msg
[4.927s] -- Installing: /home/uwr/microROS_AUV/install/rcl_interfaces/share/rcl_interfaces/msg/ParameterEvent.msg
[4.927s] -- Installing: /home/uwr/microROS_AUV/install/rcl_interfaces/share/rcl_interfaces/msg/Parameter.msg
[4.928s] -- Installing: /home/uwr/microROS_AUV/install/rcl_interfaces/share/rcl_interfaces/msg/ParameterType.msg
[4.928s] -- Installing: /home/uwr/microROS_AUV/install/rcl_interfaces/share/rcl_interfaces/msg/ParameterValue.msg
[4.928s] -- Installing: /home/uwr/microROS_AUV/install/rcl_interfaces/share/rcl_interfaces/msg/SetParametersResult.msg
[4.929s] -- Installing: /home/uwr/microROS_AUV/install/rcl_interfaces/share/rcl_interfaces/srv/DescribeParameters.srv
[4.930s] -- Installing: /home/uwr/microROS_AUV/install/rcl_interfaces/share/rcl_interfaces/srv/DescribeParameters_Request.msg
[4.930s] -- Installing: /home/uwr/microROS_AUV/install/rcl_interfaces/share/rcl_interfaces/srv/DescribeParameters_Response.msg
[4.931s] -- Installing: /home/uwr/microROS_AUV/install/rcl_interfaces/share/rcl_interfaces/srv/GetParameters.srv
[4.931s] -- Installing: /home/uwr/microROS_AUV/install/rcl_interfaces/share/rcl_interfaces/srv/GetParameters_Request.msg
[4.932s] -- Installing: /home/uwr/microROS_AUV/install/rcl_interfaces/share/rcl_interfaces/srv/GetParameters_Response.msg
[4.932s] -- Installing: /home/uwr/microROS_AUV/install/rcl_interfaces/share/rcl_interfaces/srv/GetParameterTypes.srv
[4.932s] -- Installing: /home/uwr/microROS_AUV/install/rcl_interfaces/share/rcl_interfaces/srv/GetParameterTypes_Request.msg
[4.933s] -- Installing: /home/uwr/microROS_AUV/install/rcl_interfaces/share/rcl_interfaces/srv/GetParameterTypes_Response.msg
[4.934s] -- Installing: /home/uwr/microROS_AUV/install/rcl_interfaces/share/rcl_interfaces/srv/ListParameters.srv
[4.934s] -- Installing: /home/uwr/microROS_AUV/install/rcl_interfaces/share/rcl_interfaces/srv/ListParameters_Request.msg
[4.934s] -- Installing: /home/uwr/microROS_AUV/install/rcl_interfaces/share/rcl_interfaces/srv/ListParameters_Response.msg
[4.935s] -- Installing: /home/uwr/microROS_AUV/install/rcl_interfaces/share/rcl_interfaces/srv/SetParametersAtomically.srv
[4.935s] -- Installing: /home/uwr/microROS_AUV/install/rcl_interfaces/share/rcl_interfaces/srv/SetParametersAtomically_Request.msg
[4.936s] -- Installing: /home/uwr/microROS_AUV/install/rcl_interfaces/share/rcl_interfaces/srv/SetParametersAtomically_Response.msg
[4.936s] -- Installing: /home/uwr/microROS_AUV/install/rcl_interfaces/share/rcl_interfaces/srv/SetParameters.srv
[4.936s] -- Installing: /home/uwr/microROS_AUV/install/rcl_interfaces/share/rcl_interfaces/srv/SetParameters_Request.msg
[4.937s] -- Installing: /home/uwr/microROS_AUV/install/rcl_interfaces/share/rcl_interfaces/srv/SetParameters_Response.msg
[4.937s] -- Installing: /home/uwr/microROS_AUV/install/rcl_interfaces/share/rcl_interfaces/mapping_rules.yaml
[4.938s] -- Installing: /home/uwr/microROS_AUV/install/rcl_interfaces/share/ament_index/resource_index/package_run_dependencies/rcl_interfaces
[4.938s] -- Installing: /home/uwr/microROS_AUV/install/rcl_interfaces/share/ament_index/resource_index/parent_prefix_path/rcl_interfaces
[4.939s] -- Installing: /home/uwr/microROS_AUV/install/rcl_interfaces/share/rcl_interfaces/environment/ament_prefix_path.sh
[4.940s] -- Installing: /home/uwr/microROS_AUV/install/rcl_interfaces/share/rcl_interfaces/environment/ament_prefix_path.dsv
[4.940s] -- Installing: /home/uwr/microROS_AUV/install/rcl_interfaces/share/rcl_interfaces/environment/path.sh
[4.940s] -- Installing: /home/uwr/microROS_AUV/install/rcl_interfaces/share/rcl_interfaces/environment/path.dsv
[4.941s] -- Installing: /home/uwr/microROS_AUV/install/rcl_interfaces/share/rcl_interfaces/local_setup.bash
[4.941s] -- Installing: /home/uwr/microROS_AUV/install/rcl_interfaces/share/rcl_interfaces/local_setup.sh
[4.942s] -- Installing: /home/uwr/microROS_AUV/install/rcl_interfaces/share/rcl_interfaces/local_setup.zsh
[4.942s] -- Installing: /home/uwr/microROS_AUV/install/rcl_interfaces/share/rcl_interfaces/local_setup.dsv
[4.943s] -- Installing: /home/uwr/microROS_AUV/install/rcl_interfaces/share/rcl_interfaces/package.dsv
[4.943s] -- Installing: /home/uwr/microROS_AUV/install/rcl_interfaces/share/ament_index/resource_index/packages/rcl_interfaces
[4.944s] -- Installing: /home/uwr/microROS_AUV/install/rcl_interfaces/share/rcl_interfaces/cmake/export_rcl_interfaces__rosidl_generator_cExport.cmake
[4.944s] -- Installing: /home/uwr/microROS_AUV/install/rcl_interfaces/share/rcl_interfaces/cmake/export_rcl_interfaces__rosidl_generator_cExport-noconfig.cmake
[4.945s] -- Installing: /home/uwr/microROS_AUV/install/rcl_interfaces/share/rcl_interfaces/cmake/export_rcl_interfaces__rosidl_typesupport_fastrtps_cExport.cmake
[4.945s] -- Installing: /home/uwr/microROS_AUV/install/rcl_interfaces/share/rcl_interfaces/cmake/export_rcl_interfaces__rosidl_typesupport_fastrtps_cExport-noconfig.cmake
[4.946s] -- Installing: /home/uwr/microROS_AUV/install/rcl_interfaces/share/rcl_interfaces/cmake/rcl_interfaces__rosidl_typesupport_introspection_cExport.cmake
[4.946s] -- Installing: /home/uwr/microROS_AUV/install/rcl_interfaces/share/rcl_interfaces/cmake/rcl_interfaces__rosidl_typesupport_introspection_cExport-noconfig.cmake
[4.947s] -- Installing: /home/uwr/microROS_AUV/install/rcl_interfaces/share/rcl_interfaces/cmake/rcl_interfaces__rosidl_typesupport_cExport.cmake
[4.947s] -- Installing: /home/uwr/microROS_AUV/install/rcl_interfaces/share/rcl_interfaces/cmake/rcl_interfaces__rosidl_typesupport_cExport-noconfig.cmake
[4.948s] -- Installing: /home/uwr/microROS_AUV/install/rcl_interfaces/share/rcl_interfaces/cmake/export_rcl_interfaces__rosidl_generator_cppExport.cmake
[4.949s] -- Installing: /home/uwr/microROS_AUV/install/rcl_interfaces/share/rcl_interfaces/cmake/export_rcl_interfaces__rosidl_typesupport_fastrtps_cppExport.cmake
[4.949s] -- Installing: /home/uwr/microROS_AUV/install/rcl_interfaces/share/rcl_interfaces/cmake/export_rcl_interfaces__rosidl_typesupport_fastrtps_cppExport-noconfig.cmake
[4.950s] -- Installing: /home/uwr/microROS_AUV/install/rcl_interfaces/share/rcl_interfaces/cmake/rcl_interfaces__rosidl_typesupport_introspection_cppExport.cmake
[4.950s] -- Installing: /home/uwr/microROS_AUV/install/rcl_interfaces/share/rcl_interfaces/cmake/rcl_interfaces__rosidl_typesupport_introspection_cppExport-noconfig.cmake
[4.951s] -- Installing: /home/uwr/microROS_AUV/install/rcl_interfaces/share/rcl_interfaces/cmake/rcl_interfaces__rosidl_typesupport_cppExport.cmake
[4.951s] -- Installing: /home/uwr/microROS_AUV/install/rcl_interfaces/share/rcl_interfaces/cmake/rcl_interfaces__rosidl_typesupport_cppExport-noconfig.cmake
[4.952s] -- Installing: /home/uwr/microROS_AUV/install/rcl_interfaces/share/rcl_interfaces/cmake/export_rcl_interfaces__rosidl_generator_pyExport.cmake
[4.953s] -- Installing: /home/uwr/microROS_AUV/install/rcl_interfaces/share/rcl_interfaces/cmake/export_rcl_interfaces__rosidl_generator_pyExport-noconfig.cmake
[4.953s] -- Installing: /home/uwr/microROS_AUV/install/rcl_interfaces/share/rcl_interfaces/cmake/rosidl_cmake-extras.cmake
[4.954s] -- Installing: /home/uwr/microROS_AUV/install/rcl_interfaces/share/rcl_interfaces/cmake/ament_cmake_export_dependencies-extras.cmake
[4.954s] -- Installing: /home/uwr/microROS_AUV/install/rcl_interfaces/share/rcl_interfaces/cmake/ament_cmake_export_include_directories-extras.cmake
[4.955s] -- Installing: /home/uwr/microROS_AUV/install/rcl_interfaces/share/rcl_interfaces/cmake/ament_cmake_export_libraries-extras.cmake
[4.955s] -- Installing: /home/uwr/microROS_AUV/install/rcl_interfaces/share/rcl_interfaces/cmake/ament_cmake_export_targets-extras.cmake
[4.956s] -- Installing: /home/uwr/microROS_AUV/install/rcl_interfaces/share/rcl_interfaces/cmake/rosidl_cmake_export_typesupport_targets-extras.cmake
[4.956s] -- Installing: /home/uwr/microROS_AUV/install/rcl_interfaces/share/rcl_interfaces/cmake/rosidl_cmake_export_typesupport_libraries-extras.cmake
[4.957s] -- Installing: /home/uwr/microROS_AUV/install/rcl_interfaces/share/rcl_interfaces/cmake/rcl_interfacesConfig.cmake
[4.957s] -- Installing: /home/uwr/microROS_AUV/install/rcl_interfaces/share/rcl_interfaces/cmake/rcl_interfacesConfig-version.cmake
[4.958s] -- Installing: /home/uwr/microROS_AUV/install/rcl_interfaces/share/rcl_interfaces/package.xml
