[0.165s] Invoking command in '/home/abubakr/microROS_AUV/build/custom_interfaces': CMAKE_PREFIX_PATH=/opt/ros/humble /usr/bin/cmake /home/abubakr/microROS_AUV/src/custom_interfaces -DCMAKE_INSTALL_PREFIX=/home/abubakr/microROS_AUV/install/custom_interfaces
[0.266s] -- The C compiler identification is GNU 11.4.0
[0.698s] -- The CXX compiler identification is GNU 11.4.0
[0.944s] -- Detecting C compiler ABI info
[1.046s] -- Detecting C compiler ABI info - done
[1.049s] -- Check for working C compiler: /usr/bin/cc - skipped
[1.050s] -- Detecting C compile features
[1.051s] -- Detecting C compile features - done
[1.055s] -- Detecting CXX compiler ABI info
[1.157s] -- Detecting CXX compiler ABI info - done
[1.162s] -- Check for working CXX compiler: /usr/bin/c++ - skipped
[1.163s] -- Detecting CXX compile features
[1.163s] -- Detecting CXX compile features - done
[1.169s] -- Found ament_cmake: 1.3.12 (/opt/ros/humble/share/ament_cmake/cmake)
[1.273s] -- Found Python3: /usr/bin/python3 (found version "3.10.12") found components: Interpreter 
[1.366s] -- Found rosidl_default_generators: 1.2.0 (/opt/ros/humble/share/rosidl_default_generators/cmake)
[1.370s] -- Using all available rosidl_typesupport_c: rosidl_typesupport_fastrtps_c;rosidl_typesupport_introspection_c
[1.377s] -- Found rosidl_adapter: 3.1.7 (/opt/ros/humble/share/rosidl_adapter/cmake)
[1.509s] -- Using all available rosidl_typesupport_cpp: rosidl_typesupport_fastrtps_cpp;rosidl_typesupport_introspection_cpp
[1.547s] -- Found ament_lint_auto: 0.12.14 (/opt/ros/humble/share/ament_lint_auto/cmake)
[1.727s] -- Found ament_cmake_ros: 0.10.0 (/opt/ros/humble/share/ament_cmake_ros/cmake)
[1.852s] -- Using all available rosidl_typesupport_c: rosidl_typesupport_fastrtps_c;rosidl_typesupport_introspection_c
[2.004s] -- Using all available rosidl_typesupport_cpp: rosidl_typesupport_fastrtps_cpp;rosidl_typesupport_introspection_cpp
[2.087s] -- Found PythonInterp: /usr/bin/python3 (found suitable version "3.10.12", minimum required is "3.6") 
[2.092s] -- Found python_cmake_module: 0.10.0 (/opt/ros/humble/share/python_cmake_module/cmake)
[2.244s] -- Found PythonLibs: /usr/lib/x86_64-linux-gnu/libpython3.10.so (found suitable version "3.10.12", minimum required is "3.5") 
[2.244s] -- Using PYTHON_EXECUTABLE: /usr/bin/python3
[2.244s] -- Using PYTHON_INCLUDE_DIRS: /usr/include/python3.10
[2.244s] -- Using PYTHON_LIBRARIES: /usr/lib/x86_64-linux-gnu/libpython3.10.so
[2.258s] -- Found PythonExtra: .so  
[2.317s] -- Added test 'lint_cmake' to check CMake code style
[2.318s] -- Added test 'xmllint' to check XML markup files
[2.327s] -- Configuring done
[2.354s] -- Generating done
[2.360s] -- Build files have been written to: /home/abubakr/microROS_AUV/build/custom_interfaces
[2.371s] Invoked command in '/home/abubakr/microROS_AUV/build/custom_interfaces' returned '0': CMAKE_PREFIX_PATH=/opt/ros/humble /usr/bin/cmake /home/abubakr/microROS_AUV/src/custom_interfaces -DCMAKE_INSTALL_PREFIX=/home/abubakr/microROS_AUV/install/custom_interfaces
[2.372s] Invoking command in '/home/abubakr/microROS_AUV/build/custom_interfaces': CMAKE_PREFIX_PATH=/opt/ros/humble /usr/bin/cmake --build /home/abubakr/microROS_AUV/build/custom_interfaces -- -j16 -l16
[2.395s] [  2%] [34m[1mGenerating C code for ROS interfaces[0m
[2.401s] [  5%] [34m[1mGenerating C++ code for ROS interfaces[0m
[2.409s] [  5%] Built target ament_cmake_python_copy_custom_interfaces
[2.553s] running egg_info
[2.554s] creating custom_interfaces.egg-info
[2.554s] writing custom_interfaces.egg-info/PKG-INFO
[2.554s] writing dependency_links to custom_interfaces.egg-info/dependency_links.txt
[2.554s] writing top-level names to custom_interfaces.egg-info/top_level.txt
[2.554s] writing manifest file 'custom_interfaces.egg-info/SOURCES.txt'
[2.555s] reading manifest file 'custom_interfaces.egg-info/SOURCES.txt'
[2.555s] writing manifest file 'custom_interfaces.egg-info/SOURCES.txt'
[2.579s] [  5%] Built target ament_cmake_python_build_custom_interfaces_egg
[2.637s] [  5%] Built target custom_interfaces__cpp
[2.645s] [  7%] [34m[1mGenerating C++ introspection for ROS interfaces[0m
[2.645s] [ 10%] [34m[1mGenerating C++ type support for eProsima Fast-RTPS[0m
[2.645s] [ 12%] [34m[1mGenerating C++ type support dispatch for ROS interfaces[0m
[2.653s] [ 15%] [32mBuilding C object CMakeFiles/custom_interfaces__rosidl_generator_c.dir/rosidl_generator_c/custom_interfaces/srv/detail/variable_activate__functions.c.o[0m
[2.653s] [ 17%] [32mBuilding C object CMakeFiles/custom_interfaces__rosidl_generator_c.dir/rosidl_generator_c/custom_interfaces/msg/detail/thrusters_states__functions.c.o[0m
[2.740s] [ 20%] [32m[1mLinking C shared library libcustom_interfaces__rosidl_generator_c.so[0m
[2.820s] [ 20%] Built target custom_interfaces__rosidl_generator_c
[2.826s] [ 23%] [34m[1mGenerating C type support dispatch for ROS interfaces[0m
[2.828s] [ 25%] [34m[1mGenerating C introspection for ROS interfaces[0m
[2.829s] [ 28%] [34m[1mGenerating C type support for eProsima Fast-RTPS[0m
[2.834s] [ 33%] [32mBuilding CXX object CMakeFiles/custom_interfaces__rosidl_typesupport_cpp.dir/rosidl_typesupport_cpp/custom_interfaces/msg/thrusters_states__type_support.cpp.o[0m
[2.834s] [ 33%] [32mBuilding CXX object CMakeFiles/custom_interfaces__rosidl_typesupport_cpp.dir/rosidl_typesupport_cpp/custom_interfaces/srv/variable_activate__type_support.cpp.o[0m
[2.875s] [ 35%] [32mBuilding CXX object CMakeFiles/custom_interfaces__rosidl_typesupport_fastrtps_cpp.dir/rosidl_typesupport_fastrtps_cpp/custom_interfaces/srv/detail/dds_fastrtps/variable_activate__type_support.cpp.o[0m
[2.875s] [ 38%] [32mBuilding CXX object CMakeFiles/custom_interfaces__rosidl_typesupport_fastrtps_cpp.dir/rosidl_typesupport_fastrtps_cpp/custom_interfaces/msg/detail/dds_fastrtps/thrusters_states__type_support.cpp.o[0m
[2.886s] [ 41%] [32mBuilding CXX object CMakeFiles/custom_interfaces__rosidl_typesupport_introspection_cpp.dir/rosidl_typesupport_introspection_cpp/custom_interfaces/msg/detail/thrusters_states__type_support.cpp.o[0m
[2.888s] [ 43%] [32mBuilding CXX object CMakeFiles/custom_interfaces__rosidl_typesupport_introspection_cpp.dir/rosidl_typesupport_introspection_cpp/custom_interfaces/srv/detail/variable_activate__type_support.cpp.o[0m
[3.182s] [ 46%] [32mBuilding CXX object CMakeFiles/custom_interfaces__rosidl_typesupport_c.dir/rosidl_typesupport_c/custom_interfaces/msg/thrusters_states__type_support.cpp.o[0m
[3.186s] [ 48%] [32mBuilding C object CMakeFiles/custom_interfaces__rosidl_typesupport_introspection_c.dir/rosidl_typesupport_introspection_c/custom_interfaces/msg/detail/thrusters_states__type_support.c.o[0m
[3.194s] [ 51%] [32mBuilding CXX object CMakeFiles/custom_interfaces__rosidl_typesupport_c.dir/rosidl_typesupport_c/custom_interfaces/srv/variable_activate__type_support.cpp.o[0m
[3.201s] [ 53%] [32mBuilding C object CMakeFiles/custom_interfaces__rosidl_typesupport_introspection_c.dir/rosidl_typesupport_introspection_c/custom_interfaces/srv/detail/variable_activate__type_support.c.o[0m
[3.255s] [ 56%] [32mBuilding CXX object CMakeFiles/custom_interfaces__rosidl_typesupport_fastrtps_c.dir/rosidl_typesupport_fastrtps_c/custom_interfaces/msg/detail/thrusters_states__type_support_c.cpp.o[0m
[3.259s] [ 58%] [32mBuilding CXX object CMakeFiles/custom_interfaces__rosidl_typesupport_fastrtps_c.dir/rosidl_typesupport_fastrtps_c/custom_interfaces/srv/detail/variable_activate__type_support_c.cpp.o[0m
[3.280s] [ 61%] [32m[1mLinking CXX shared library libcustom_interfaces__rosidl_typesupport_c.so[0m
[3.286s] [ 64%] [32m[1mLinking C shared library libcustom_interfaces__rosidl_typesupport_introspection_c.so[0m
[3.325s] [ 66%] [32m[1mLinking CXX shared library libcustom_interfaces__rosidl_typesupport_cpp.so[0m
[3.448s] [ 66%] Built target custom_interfaces__rosidl_typesupport_introspection_c
[3.449s] [ 66%] Built target custom_interfaces__rosidl_typesupport_c
[3.495s] [ 69%] [32m[1mLinking CXX shared library libcustom_interfaces__rosidl_typesupport_fastrtps_cpp.so[0m
[3.501s] [ 69%] Built target custom_interfaces__rosidl_typesupport_cpp
[3.513s] [ 71%] [32m[1mLinking CXX shared library libcustom_interfaces__rosidl_typesupport_introspection_cpp.so[0m
[3.609s] [ 74%] [32m[1mLinking CXX shared library libcustom_interfaces__rosidl_typesupport_fastrtps_c.so[0m
[3.636s] [ 74%] Built target custom_interfaces__rosidl_typesupport_fastrtps_cpp
[3.653s] [ 74%] Built target custom_interfaces__rosidl_typesupport_introspection_cpp
[3.705s] [ 74%] Built target custom_interfaces__rosidl_typesupport_fastrtps_c
[3.716s] [ 74%] Built target custom_interfaces
[3.727s] [ 76%] [34m[1mGenerating Python code for ROS interfaces[0m
[3.978s] [ 76%] Built target custom_interfaces__py
[3.991s] [ 79%] [32mBuilding C object CMakeFiles/custom_interfaces__rosidl_generator_py.dir/rosidl_generator_py/custom_interfaces/msg/_thrusters_states_s.c.o[0m
[3.991s] [ 82%] [32mBuilding C object CMakeFiles/custom_interfaces__rosidl_generator_py.dir/rosidl_generator_py/custom_interfaces/srv/_variable_activate_s.c.o[0m
[4.121s] [ 84%] [32m[1mLinking C shared library rosidl_generator_py/custom_interfaces/libcustom_interfaces__rosidl_generator_py.so[0m
[4.238s] [ 84%] Built target custom_interfaces__rosidl_generator_py
[4.254s] [ 92%] [32mBuilding C object CMakeFiles/custom_interfaces__rosidl_typesupport_c__pyext.dir/rosidl_generator_py/custom_interfaces/_custom_interfaces_s.ep.rosidl_typesupport_c.c.o[0m
[4.254s] [ 92%] [32mBuilding C object CMakeFiles/custom_interfaces__rosidl_typesupport_introspection_c__pyext.dir/rosidl_generator_py/custom_interfaces/_custom_interfaces_s.ep.rosidl_typesupport_introspection_c.c.o[0m
[4.254s] [ 92%] [32mBuilding C object CMakeFiles/custom_interfaces__rosidl_typesupport_fastrtps_c__pyext.dir/rosidl_generator_py/custom_interfaces/_custom_interfaces_s.ep.rosidl_typesupport_fastrtps_c.c.o[0m
[4.311s] [ 94%] [32m[1mLinking C shared library rosidl_generator_py/custom_interfaces/custom_interfaces_s__rosidl_typesupport_fastrtps_c.cpython-310-x86_64-linux-gnu.so[0m
[4.312s] [ 97%] [32m[1mLinking C shared library rosidl_generator_py/custom_interfaces/custom_interfaces_s__rosidl_typesupport_c.cpython-310-x86_64-linux-gnu.so[0m
[4.312s] [100%] [32m[1mLinking C shared library rosidl_generator_py/custom_interfaces/custom_interfaces_s__rosidl_typesupport_introspection_c.cpython-310-x86_64-linux-gnu.so[0m
[4.378s] [100%] Built target custom_interfaces__rosidl_typesupport_fastrtps_c__pyext
[4.378s] [100%] Built target custom_interfaces__rosidl_typesupport_introspection_c__pyext
[4.379s] [100%] Built target custom_interfaces__rosidl_typesupport_c__pyext
[4.389s] Invoked command in '/home/abubakr/microROS_AUV/build/custom_interfaces' returned '0': CMAKE_PREFIX_PATH=/opt/ros/humble /usr/bin/cmake --build /home/abubakr/microROS_AUV/build/custom_interfaces -- -j16 -l16
[4.397s] Invoking command in '/home/abubakr/microROS_AUV/build/custom_interfaces': CMAKE_PREFIX_PATH=/opt/ros/humble /usr/bin/cmake --install /home/abubakr/microROS_AUV/build/custom_interfaces
[4.400s] -- Install configuration: ""
[4.401s] -- Installing: /home/abubakr/microROS_AUV/install/custom_interfaces/share/ament_index/resource_index/rosidl_interfaces/custom_interfaces
[4.401s] -- Installing: /home/abubakr/microROS_AUV/install/custom_interfaces/include/custom_interfaces/custom_interfaces
[4.402s] -- Installing: /home/abubakr/microROS_AUV/install/custom_interfaces/include/custom_interfaces/custom_interfaces/srv
[4.402s] -- Installing: /home/abubakr/microROS_AUV/install/custom_interfaces/include/custom_interfaces/custom_interfaces/srv/variable_activate.h
[4.402s] -- Installing: /home/abubakr/microROS_AUV/install/custom_interfaces/include/custom_interfaces/custom_interfaces/srv/detail
[4.402s] -- Installing: /home/abubakr/microROS_AUV/install/custom_interfaces/include/custom_interfaces/custom_interfaces/srv/detail/variable_activate__type_support.h
[4.402s] -- Installing: /home/abubakr/microROS_AUV/install/custom_interfaces/include/custom_interfaces/custom_interfaces/srv/detail/variable_activate__functions.h
[4.402s] -- Installing: /home/abubakr/microROS_AUV/install/custom_interfaces/include/custom_interfaces/custom_interfaces/srv/detail/variable_activate__struct.h
[4.402s] -- Installing: /home/abubakr/microROS_AUV/install/custom_interfaces/include/custom_interfaces/custom_interfaces/srv/detail/variable_activate__functions.c
[4.403s] -- Installing: /home/abubakr/microROS_AUV/install/custom_interfaces/include/custom_interfaces/custom_interfaces/msg
[4.403s] -- Installing: /home/abubakr/microROS_AUV/install/custom_interfaces/include/custom_interfaces/custom_interfaces/msg/rosidl_generator_c__visibility_control.h
[4.403s] -- Installing: /home/abubakr/microROS_AUV/install/custom_interfaces/include/custom_interfaces/custom_interfaces/msg/detail
[4.403s] -- Installing: /home/abubakr/microROS_AUV/install/custom_interfaces/include/custom_interfaces/custom_interfaces/msg/detail/thrusters_states__type_support.h
[4.403s] -- Installing: /home/abubakr/microROS_AUV/install/custom_interfaces/include/custom_interfaces/custom_interfaces/msg/detail/thrusters_states__struct.h
[4.403s] -- Installing: /home/abubakr/microROS_AUV/install/custom_interfaces/include/custom_interfaces/custom_interfaces/msg/detail/thrusters_states__functions.h
[4.403s] -- Installing: /home/abubakr/microROS_AUV/install/custom_interfaces/include/custom_interfaces/custom_interfaces/msg/detail/thrusters_states__functions.c
[4.403s] -- Installing: /home/abubakr/microROS_AUV/install/custom_interfaces/include/custom_interfaces/custom_interfaces/msg/thrusters_states.h
[4.403s] -- Installing: /home/abubakr/microROS_AUV/install/custom_interfaces/share/custom_interfaces/environment/library_path.sh
[4.404s] -- Installing: /home/abubakr/microROS_AUV/install/custom_interfaces/share/custom_interfaces/environment/library_path.dsv
[4.404s] -- Installing: /home/abubakr/microROS_AUV/install/custom_interfaces/lib/libcustom_interfaces__rosidl_generator_c.so
[4.404s] -- Set runtime path of "/home/abubakr/microROS_AUV/install/custom_interfaces/lib/libcustom_interfaces__rosidl_generator_c.so" to ""
[4.405s] -- Up-to-date: /home/abubakr/microROS_AUV/install/custom_interfaces/include/custom_interfaces/custom_interfaces
[4.405s] -- Up-to-date: /home/abubakr/microROS_AUV/install/custom_interfaces/include/custom_interfaces/custom_interfaces/srv
[4.405s] -- Up-to-date: /home/abubakr/microROS_AUV/install/custom_interfaces/include/custom_interfaces/custom_interfaces/srv/detail
[4.405s] -- Installing: /home/abubakr/microROS_AUV/install/custom_interfaces/include/custom_interfaces/custom_interfaces/srv/detail/variable_activate__rosidl_typesupport_fastrtps_c.h
[4.405s] -- Up-to-date: /home/abubakr/microROS_AUV/install/custom_interfaces/include/custom_interfaces/custom_interfaces/msg
[4.405s] -- Installing: /home/abubakr/microROS_AUV/install/custom_interfaces/include/custom_interfaces/custom_interfaces/msg/rosidl_typesupport_fastrtps_c__visibility_control.h
[4.405s] -- Up-to-date: /home/abubakr/microROS_AUV/install/custom_interfaces/include/custom_interfaces/custom_interfaces/msg/detail
[4.406s] -- Installing: /home/abubakr/microROS_AUV/install/custom_interfaces/include/custom_interfaces/custom_interfaces/msg/detail/thrusters_states__rosidl_typesupport_fastrtps_c.h
[4.406s] -- Installing: /home/abubakr/microROS_AUV/install/custom_interfaces/lib/libcustom_interfaces__rosidl_typesupport_fastrtps_c.so
[4.406s] -- Set runtime path of "/home/abubakr/microROS_AUV/install/custom_interfaces/lib/libcustom_interfaces__rosidl_typesupport_fastrtps_c.so" to ""
[4.406s] -- Up-to-date: /home/abubakr/microROS_AUV/install/custom_interfaces/include/custom_interfaces/custom_interfaces
[4.406s] -- Up-to-date: /home/abubakr/microROS_AUV/install/custom_interfaces/include/custom_interfaces/custom_interfaces/srv
[4.406s] -- Up-to-date: /home/abubakr/microROS_AUV/install/custom_interfaces/include/custom_interfaces/custom_interfaces/srv/detail
[4.406s] -- Installing: /home/abubakr/microROS_AUV/install/custom_interfaces/include/custom_interfaces/custom_interfaces/srv/detail/variable_activate__type_support.c
[4.406s] -- Installing: /home/abubakr/microROS_AUV/install/custom_interfaces/include/custom_interfaces/custom_interfaces/srv/detail/variable_activate__rosidl_typesupport_introspection_c.h
[4.407s] -- Up-to-date: /home/abubakr/microROS_AUV/install/custom_interfaces/include/custom_interfaces/custom_interfaces/msg
[4.407s] -- Up-to-date: /home/abubakr/microROS_AUV/install/custom_interfaces/include/custom_interfaces/custom_interfaces/msg/detail
[4.407s] -- Installing: /home/abubakr/microROS_AUV/install/custom_interfaces/include/custom_interfaces/custom_interfaces/msg/detail/thrusters_states__rosidl_typesupport_introspection_c.h
[4.407s] -- Installing: /home/abubakr/microROS_AUV/install/custom_interfaces/include/custom_interfaces/custom_interfaces/msg/detail/thrusters_states__type_support.c
[4.407s] -- Installing: /home/abubakr/microROS_AUV/install/custom_interfaces/include/custom_interfaces/custom_interfaces/msg/rosidl_typesupport_introspection_c__visibility_control.h
[4.407s] -- Installing: /home/abubakr/microROS_AUV/install/custom_interfaces/lib/libcustom_interfaces__rosidl_typesupport_introspection_c.so
[4.408s] -- Set runtime path of "/home/abubakr/microROS_AUV/install/custom_interfaces/lib/libcustom_interfaces__rosidl_typesupport_introspection_c.so" to ""
[4.408s] -- Installing: /home/abubakr/microROS_AUV/install/custom_interfaces/lib/libcustom_interfaces__rosidl_typesupport_c.so
[4.408s] -- Set runtime path of "/home/abubakr/microROS_AUV/install/custom_interfaces/lib/libcustom_interfaces__rosidl_typesupport_c.so" to ""
[4.408s] -- Up-to-date: /home/abubakr/microROS_AUV/install/custom_interfaces/include/custom_interfaces/custom_interfaces
[4.408s] -- Up-to-date: /home/abubakr/microROS_AUV/install/custom_interfaces/include/custom_interfaces/custom_interfaces/srv
[4.408s] -- Up-to-date: /home/abubakr/microROS_AUV/install/custom_interfaces/include/custom_interfaces/custom_interfaces/srv/detail
[4.408s] -- Installing: /home/abubakr/microROS_AUV/install/custom_interfaces/include/custom_interfaces/custom_interfaces/srv/detail/variable_activate__builder.hpp
[4.409s] -- Installing: /home/abubakr/microROS_AUV/install/custom_interfaces/include/custom_interfaces/custom_interfaces/srv/detail/variable_activate__type_support.hpp
[4.409s] -- Installing: /home/abubakr/microROS_AUV/install/custom_interfaces/include/custom_interfaces/custom_interfaces/srv/detail/variable_activate__traits.hpp
[4.409s] -- Installing: /home/abubakr/microROS_AUV/install/custom_interfaces/include/custom_interfaces/custom_interfaces/srv/detail/variable_activate__struct.hpp
[4.409s] -- Installing: /home/abubakr/microROS_AUV/install/custom_interfaces/include/custom_interfaces/custom_interfaces/srv/variable_activate.hpp
[4.409s] -- Up-to-date: /home/abubakr/microROS_AUV/install/custom_interfaces/include/custom_interfaces/custom_interfaces/msg
[4.409s] -- Installing: /home/abubakr/microROS_AUV/install/custom_interfaces/include/custom_interfaces/custom_interfaces/msg/thrusters_states.hpp
[4.409s] -- Up-to-date: /home/abubakr/microROS_AUV/install/custom_interfaces/include/custom_interfaces/custom_interfaces/msg/detail
[4.409s] -- Installing: /home/abubakr/microROS_AUV/install/custom_interfaces/include/custom_interfaces/custom_interfaces/msg/detail/thrusters_states__struct.hpp
[4.410s] -- Installing: /home/abubakr/microROS_AUV/install/custom_interfaces/include/custom_interfaces/custom_interfaces/msg/detail/thrusters_states__traits.hpp
[4.410s] -- Installing: /home/abubakr/microROS_AUV/install/custom_interfaces/include/custom_interfaces/custom_interfaces/msg/detail/thrusters_states__builder.hpp
[4.410s] -- Installing: /home/abubakr/microROS_AUV/install/custom_interfaces/include/custom_interfaces/custom_interfaces/msg/detail/thrusters_states__type_support.hpp
[4.410s] -- Installing: /home/abubakr/microROS_AUV/install/custom_interfaces/include/custom_interfaces/custom_interfaces/msg/rosidl_generator_cpp__visibility_control.hpp
[4.410s] -- Up-to-date: /home/abubakr/microROS_AUV/install/custom_interfaces/include/custom_interfaces/custom_interfaces
[4.410s] -- Up-to-date: /home/abubakr/microROS_AUV/install/custom_interfaces/include/custom_interfaces/custom_interfaces/srv
[4.410s] -- Up-to-date: /home/abubakr/microROS_AUV/install/custom_interfaces/include/custom_interfaces/custom_interfaces/srv/detail
[4.411s] -- Installing: /home/abubakr/microROS_AUV/install/custom_interfaces/include/custom_interfaces/custom_interfaces/srv/detail/dds_fastrtps
[4.411s] -- Installing: /home/abubakr/microROS_AUV/install/custom_interfaces/include/custom_interfaces/custom_interfaces/srv/detail/variable_activate__rosidl_typesupport_fastrtps_cpp.hpp
[4.411s] -- Up-to-date: /home/abubakr/microROS_AUV/install/custom_interfaces/include/custom_interfaces/custom_interfaces/msg
[4.411s] -- Up-to-date: /home/abubakr/microROS_AUV/install/custom_interfaces/include/custom_interfaces/custom_interfaces/msg/detail
[4.411s] -- Installing: /home/abubakr/microROS_AUV/install/custom_interfaces/include/custom_interfaces/custom_interfaces/msg/detail/thrusters_states__rosidl_typesupport_fastrtps_cpp.hpp
[4.411s] -- Installing: /home/abubakr/microROS_AUV/install/custom_interfaces/include/custom_interfaces/custom_interfaces/msg/detail/dds_fastrtps
[4.412s] -- Installing: /home/abubakr/microROS_AUV/install/custom_interfaces/include/custom_interfaces/custom_interfaces/msg/rosidl_typesupport_fastrtps_cpp__visibility_control.h
[4.412s] -- Installing: /home/abubakr/microROS_AUV/install/custom_interfaces/lib/libcustom_interfaces__rosidl_typesupport_fastrtps_cpp.so
[4.412s] -- Set runtime path of "/home/abubakr/microROS_AUV/install/custom_interfaces/lib/libcustom_interfaces__rosidl_typesupport_fastrtps_cpp.so" to ""
[4.412s] -- Up-to-date: /home/abubakr/microROS_AUV/install/custom_interfaces/include/custom_interfaces/custom_interfaces
[4.412s] -- Up-to-date: /home/abubakr/microROS_AUV/install/custom_interfaces/include/custom_interfaces/custom_interfaces/srv
[4.412s] -- Up-to-date: /home/abubakr/microROS_AUV/install/custom_interfaces/include/custom_interfaces/custom_interfaces/srv/detail
[4.412s] -- Installing: /home/abubakr/microROS_AUV/install/custom_interfaces/include/custom_interfaces/custom_interfaces/srv/detail/variable_activate__rosidl_typesupport_introspection_cpp.hpp
[4.413s] -- Installing: /home/abubakr/microROS_AUV/install/custom_interfaces/include/custom_interfaces/custom_interfaces/srv/detail/variable_activate__type_support.cpp
[4.413s] -- Up-to-date: /home/abubakr/microROS_AUV/install/custom_interfaces/include/custom_interfaces/custom_interfaces/msg
[4.413s] -- Up-to-date: /home/abubakr/microROS_AUV/install/custom_interfaces/include/custom_interfaces/custom_interfaces/msg/detail
[4.413s] -- Installing: /home/abubakr/microROS_AUV/install/custom_interfaces/include/custom_interfaces/custom_interfaces/msg/detail/thrusters_states__rosidl_typesupport_introspection_cpp.hpp
[4.413s] -- Installing: /home/abubakr/microROS_AUV/install/custom_interfaces/include/custom_interfaces/custom_interfaces/msg/detail/thrusters_states__type_support.cpp
[4.413s] -- Installing: /home/abubakr/microROS_AUV/install/custom_interfaces/lib/libcustom_interfaces__rosidl_typesupport_introspection_cpp.so
[4.413s] -- Set runtime path of "/home/abubakr/microROS_AUV/install/custom_interfaces/lib/libcustom_interfaces__rosidl_typesupport_introspection_cpp.so" to ""
[4.413s] -- Installing: /home/abubakr/microROS_AUV/install/custom_interfaces/lib/libcustom_interfaces__rosidl_typesupport_cpp.so
[4.413s] -- Set runtime path of "/home/abubakr/microROS_AUV/install/custom_interfaces/lib/libcustom_interfaces__rosidl_typesupport_cpp.so" to ""
[4.413s] -- Installing: /home/abubakr/microROS_AUV/install/custom_interfaces/share/custom_interfaces/environment/pythonpath.sh
[4.413s] -- Installing: /home/abubakr/microROS_AUV/install/custom_interfaces/share/custom_interfaces/environment/pythonpath.dsv
[4.413s] -- Installing: /home/abubakr/microROS_AUV/install/custom_interfaces/local/lib/python3.10/dist-packages/custom_interfaces-0.0.0-py3.10.egg-info
[4.413s] -- Installing: /home/abubakr/microROS_AUV/install/custom_interfaces/local/lib/python3.10/dist-packages/custom_interfaces-0.0.0-py3.10.egg-info/top_level.txt
[4.413s] -- Installing: /home/abubakr/microROS_AUV/install/custom_interfaces/local/lib/python3.10/dist-packages/custom_interfaces-0.0.0-py3.10.egg-info/PKG-INFO
[4.413s] -- Installing: /home/abubakr/microROS_AUV/install/custom_interfaces/local/lib/python3.10/dist-packages/custom_interfaces-0.0.0-py3.10.egg-info/SOURCES.txt
[4.413s] -- Installing: /home/abubakr/microROS_AUV/install/custom_interfaces/local/lib/python3.10/dist-packages/custom_interfaces-0.0.0-py3.10.egg-info/dependency_links.txt
[4.413s] -- Installing: /home/abubakr/microROS_AUV/install/custom_interfaces/local/lib/python3.10/dist-packages/custom_interfaces
[4.414s] -- Installing: /home/abubakr/microROS_AUV/install/custom_interfaces/local/lib/python3.10/dist-packages/custom_interfaces/custom_interfaces_s__rosidl_typesupport_fastrtps_c.cpython-310-x86_64-linux-gnu.so
[4.414s] -- Installing: /home/abubakr/microROS_AUV/install/custom_interfaces/local/lib/python3.10/dist-packages/custom_interfaces/srv
[4.414s] -- Installing: /home/abubakr/microROS_AUV/install/custom_interfaces/local/lib/python3.10/dist-packages/custom_interfaces/srv/__init__.py
[4.414s] -- Installing: /home/abubakr/microROS_AUV/install/custom_interfaces/local/lib/python3.10/dist-packages/custom_interfaces/srv/_variable_activate.py
[4.414s] -- Installing: /home/abubakr/microROS_AUV/install/custom_interfaces/local/lib/python3.10/dist-packages/custom_interfaces/srv/_variable_activate_s.c
[4.414s] -- Installing: /home/abubakr/microROS_AUV/install/custom_interfaces/local/lib/python3.10/dist-packages/custom_interfaces/msg
[4.414s] -- Installing: /home/abubakr/microROS_AUV/install/custom_interfaces/local/lib/python3.10/dist-packages/custom_interfaces/msg/_thrusters_states_s.c
[4.414s] -- Installing: /home/abubakr/microROS_AUV/install/custom_interfaces/local/lib/python3.10/dist-packages/custom_interfaces/msg/__init__.py
[4.414s] -- Installing: /home/abubakr/microROS_AUV/install/custom_interfaces/local/lib/python3.10/dist-packages/custom_interfaces/msg/_thrusters_states.py
[4.414s] -- Installing: /home/abubakr/microROS_AUV/install/custom_interfaces/local/lib/python3.10/dist-packages/custom_interfaces/custom_interfaces_s__rosidl_typesupport_introspection_c.cpython-310-x86_64-linux-gnu.so
[4.414s] -- Installing: /home/abubakr/microROS_AUV/install/custom_interfaces/local/lib/python3.10/dist-packages/custom_interfaces/_custom_interfaces_s.ep.rosidl_typesupport_fastrtps_c.c
[4.414s] -- Installing: /home/abubakr/microROS_AUV/install/custom_interfaces/local/lib/python3.10/dist-packages/custom_interfaces/libcustom_interfaces__rosidl_generator_py.so
[4.414s] -- Installing: /home/abubakr/microROS_AUV/install/custom_interfaces/local/lib/python3.10/dist-packages/custom_interfaces/__init__.py
[4.414s] -- Installing: /home/abubakr/microROS_AUV/install/custom_interfaces/local/lib/python3.10/dist-packages/custom_interfaces/_custom_interfaces_s.ep.rosidl_typesupport_introspection_c.c
[4.414s] -- Installing: /home/abubakr/microROS_AUV/install/custom_interfaces/local/lib/python3.10/dist-packages/custom_interfaces/_custom_interfaces_s.ep.rosidl_typesupport_c.c
[4.414s] -- Installing: /home/abubakr/microROS_AUV/install/custom_interfaces/local/lib/python3.10/dist-packages/custom_interfaces/custom_interfaces_s__rosidl_typesupport_c.cpython-310-x86_64-linux-gnu.so
[4.436s] Listing '/home/abubakr/microROS_AUV/install/custom_interfaces/local/lib/python3.10/dist-packages/custom_interfaces'...
[4.436s] Compiling '/home/abubakr/microROS_AUV/install/custom_interfaces/local/lib/python3.10/dist-packages/custom_interfaces/__init__.py'...
[4.437s] Listing '/home/abubakr/microROS_AUV/install/custom_interfaces/local/lib/python3.10/dist-packages/custom_interfaces/msg'...
[4.437s] Compiling '/home/abubakr/microROS_AUV/install/custom_interfaces/local/lib/python3.10/dist-packages/custom_interfaces/msg/__init__.py'...
[4.437s] Compiling '/home/abubakr/microROS_AUV/install/custom_interfaces/local/lib/python3.10/dist-packages/custom_interfaces/msg/_thrusters_states.py'...
[4.437s] Listing '/home/abubakr/microROS_AUV/install/custom_interfaces/local/lib/python3.10/dist-packages/custom_interfaces/srv'...
[4.438s] Compiling '/home/abubakr/microROS_AUV/install/custom_interfaces/local/lib/python3.10/dist-packages/custom_interfaces/srv/__init__.py'...
[4.438s] Compiling '/home/abubakr/microROS_AUV/install/custom_interfaces/local/lib/python3.10/dist-packages/custom_interfaces/srv/_variable_activate.py'...
[4.440s] -- Installing: /home/abubakr/microROS_AUV/install/custom_interfaces/local/lib/python3.10/dist-packages/custom_interfaces/custom_interfaces_s__rosidl_typesupport_fastrtps_c.cpython-310-x86_64-linux-gnu.so
[4.440s] -- Set runtime path of "/home/abubakr/microROS_AUV/install/custom_interfaces/local/lib/python3.10/dist-packages/custom_interfaces/custom_interfaces_s__rosidl_typesupport_fastrtps_c.cpython-310-x86_64-linux-gnu.so" to ""
[4.441s] -- Installing: /home/abubakr/microROS_AUV/install/custom_interfaces/local/lib/python3.10/dist-packages/custom_interfaces/custom_interfaces_s__rosidl_typesupport_introspection_c.cpython-310-x86_64-linux-gnu.so
[4.441s] -- Set runtime path of "/home/abubakr/microROS_AUV/install/custom_interfaces/local/lib/python3.10/dist-packages/custom_interfaces/custom_interfaces_s__rosidl_typesupport_introspection_c.cpython-310-x86_64-linux-gnu.so" to ""
[4.441s] -- Installing: /home/abubakr/microROS_AUV/install/custom_interfaces/local/lib/python3.10/dist-packages/custom_interfaces/custom_interfaces_s__rosidl_typesupport_c.cpython-310-x86_64-linux-gnu.so
[4.441s] -- Set runtime path of "/home/abubakr/microROS_AUV/install/custom_interfaces/local/lib/python3.10/dist-packages/custom_interfaces/custom_interfaces_s__rosidl_typesupport_c.cpython-310-x86_64-linux-gnu.so" to ""
[4.441s] -- Installing: /home/abubakr/microROS_AUV/install/custom_interfaces/lib/libcustom_interfaces__rosidl_generator_py.so
[4.441s] -- Set runtime path of "/home/abubakr/microROS_AUV/install/custom_interfaces/lib/libcustom_interfaces__rosidl_generator_py.so" to ""
[4.442s] -- Installing: /home/abubakr/microROS_AUV/install/custom_interfaces/share/custom_interfaces/msg/ThrustersStates.idl
[4.442s] -- Installing: /home/abubakr/microROS_AUV/install/custom_interfaces/share/custom_interfaces/srv/VariableActivate.idl
[4.442s] -- Installing: /home/abubakr/microROS_AUV/install/custom_interfaces/share/custom_interfaces/msg/ThrustersStates.msg
[4.442s] -- Installing: /home/abubakr/microROS_AUV/install/custom_interfaces/share/custom_interfaces/srv/VariableActivate.srv
[4.442s] -- Installing: /home/abubakr/microROS_AUV/install/custom_interfaces/share/custom_interfaces/srv/VariableActivate_Request.msg
[4.442s] -- Installing: /home/abubakr/microROS_AUV/install/custom_interfaces/share/custom_interfaces/srv/VariableActivate_Response.msg
[4.442s] -- Installing: /home/abubakr/microROS_AUV/install/custom_interfaces/share/ament_index/resource_index/package_run_dependencies/custom_interfaces
[4.443s] -- Installing: /home/abubakr/microROS_AUV/install/custom_interfaces/share/ament_index/resource_index/parent_prefix_path/custom_interfaces
[4.443s] -- Installing: /home/abubakr/microROS_AUV/install/custom_interfaces/share/custom_interfaces/environment/ament_prefix_path.sh
[4.444s] -- Installing: /home/abubakr/microROS_AUV/install/custom_interfaces/share/custom_interfaces/environment/ament_prefix_path.dsv
[4.444s] -- Installing: /home/abubakr/microROS_AUV/install/custom_interfaces/share/custom_interfaces/environment/path.sh
[4.444s] -- Installing: /home/abubakr/microROS_AUV/install/custom_interfaces/share/custom_interfaces/environment/path.dsv
[4.444s] -- Installing: /home/abubakr/microROS_AUV/install/custom_interfaces/share/custom_interfaces/local_setup.bash
[4.444s] -- Installing: /home/abubakr/microROS_AUV/install/custom_interfaces/share/custom_interfaces/local_setup.sh
[4.444s] -- Installing: /home/abubakr/microROS_AUV/install/custom_interfaces/share/custom_interfaces/local_setup.zsh
[4.445s] -- Installing: /home/abubakr/microROS_AUV/install/custom_interfaces/share/custom_interfaces/local_setup.dsv
[4.447s] -- Installing: /home/abubakr/microROS_AUV/install/custom_interfaces/share/custom_interfaces/package.dsv
[4.447s] -- Installing: /home/abubakr/microROS_AUV/install/custom_interfaces/share/ament_index/resource_index/packages/custom_interfaces
[4.447s] -- Installing: /home/abubakr/microROS_AUV/install/custom_interfaces/share/custom_interfaces/cmake/export_custom_interfaces__rosidl_generator_cExport.cmake
[4.448s] -- Installing: /home/abubakr/microROS_AUV/install/custom_interfaces/share/custom_interfaces/cmake/export_custom_interfaces__rosidl_generator_cExport-noconfig.cmake
[4.448s] -- Installing: /home/abubakr/microROS_AUV/install/custom_interfaces/share/custom_interfaces/cmake/export_custom_interfaces__rosidl_typesupport_fastrtps_cExport.cmake
[4.448s] -- Installing: /home/abubakr/microROS_AUV/install/custom_interfaces/share/custom_interfaces/cmake/export_custom_interfaces__rosidl_typesupport_fastrtps_cExport-noconfig.cmake
[4.448s] -- Installing: /home/abubakr/microROS_AUV/install/custom_interfaces/share/custom_interfaces/cmake/custom_interfaces__rosidl_typesupport_introspection_cExport.cmake
[4.448s] -- Installing: /home/abubakr/microROS_AUV/install/custom_interfaces/share/custom_interfaces/cmake/custom_interfaces__rosidl_typesupport_introspection_cExport-noconfig.cmake
[4.449s] -- Installing: /home/abubakr/microROS_AUV/install/custom_interfaces/share/custom_interfaces/cmake/custom_interfaces__rosidl_typesupport_cExport.cmake
[4.449s] -- Installing: /home/abubakr/microROS_AUV/install/custom_interfaces/share/custom_interfaces/cmake/custom_interfaces__rosidl_typesupport_cExport-noconfig.cmake
[4.449s] -- Installing: /home/abubakr/microROS_AUV/install/custom_interfaces/share/custom_interfaces/cmake/export_custom_interfaces__rosidl_generator_cppExport.cmake
[4.450s] -- Installing: /home/abubakr/microROS_AUV/install/custom_interfaces/share/custom_interfaces/cmake/export_custom_interfaces__rosidl_typesupport_fastrtps_cppExport.cmake
[4.450s] -- Installing: /home/abubakr/microROS_AUV/install/custom_interfaces/share/custom_interfaces/cmake/export_custom_interfaces__rosidl_typesupport_fastrtps_cppExport-noconfig.cmake
[4.450s] -- Installing: /home/abubakr/microROS_AUV/install/custom_interfaces/share/custom_interfaces/cmake/custom_interfaces__rosidl_typesupport_introspection_cppExport.cmake
[4.450s] -- Installing: /home/abubakr/microROS_AUV/install/custom_interfaces/share/custom_interfaces/cmake/custom_interfaces__rosidl_typesupport_introspection_cppExport-noconfig.cmake
[4.450s] -- Installing: /home/abubakr/microROS_AUV/install/custom_interfaces/share/custom_interfaces/cmake/custom_interfaces__rosidl_typesupport_cppExport.cmake
[4.450s] -- Installing: /home/abubakr/microROS_AUV/install/custom_interfaces/share/custom_interfaces/cmake/custom_interfaces__rosidl_typesupport_cppExport-noconfig.cmake
[4.451s] -- Installing: /home/abubakr/microROS_AUV/install/custom_interfaces/share/custom_interfaces/cmake/export_custom_interfaces__rosidl_generator_pyExport.cmake
[4.451s] -- Installing: /home/abubakr/microROS_AUV/install/custom_interfaces/share/custom_interfaces/cmake/export_custom_interfaces__rosidl_generator_pyExport-noconfig.cmake
[4.452s] -- Installing: /home/abubakr/microROS_AUV/install/custom_interfaces/share/custom_interfaces/cmake/rosidl_cmake-extras.cmake
[4.452s] -- Installing: /home/abubakr/microROS_AUV/install/custom_interfaces/share/custom_interfaces/cmake/ament_cmake_export_include_directories-extras.cmake
[4.452s] -- Installing: /home/abubakr/microROS_AUV/install/custom_interfaces/share/custom_interfaces/cmake/ament_cmake_export_libraries-extras.cmake
[4.452s] -- Installing: /home/abubakr/microROS_AUV/install/custom_interfaces/share/custom_interfaces/cmake/ament_cmake_export_targets-extras.cmake
[4.457s] -- Installing: /home/abubakr/microROS_AUV/install/custom_interfaces/share/custom_interfaces/cmake/rosidl_cmake_export_typesupport_targets-extras.cmake
[4.457s] -- Installing: /home/abubakr/microROS_AUV/install/custom_interfaces/share/custom_interfaces/cmake/ament_cmake_export_dependencies-extras.cmake
[4.458s] -- Installing: /home/abubakr/microROS_AUV/install/custom_interfaces/share/custom_interfaces/cmake/rosidl_cmake_export_typesupport_libraries-extras.cmake
[4.458s] -- Installing: /home/abubakr/microROS_AUV/install/custom_interfaces/share/custom_interfaces/cmake/custom_interfacesConfig.cmake
[4.458s] -- Installing: /home/abubakr/microROS_AUV/install/custom_interfaces/share/custom_interfaces/cmake/custom_interfacesConfig-version.cmake
[4.458s] -- Installing: /home/abubakr/microROS_AUV/install/custom_interfaces/share/custom_interfaces/package.xml
[4.472s] Invoked command in '/home/abubakr/microROS_AUV/build/custom_interfaces' returned '0': CMAKE_PREFIX_PATH=/opt/ros/humble /usr/bin/cmake --install /home/abubakr/microROS_AUV/build/custom_interfaces
