-- The C compiler identification is GNU 11.4.0
-- The CXX compiler identification is GNU 11.4.0
-- Detecting C compiler ABI info
-- Detecting C compiler ABI info - done
-- Check for working C compiler: /usr/bin/cc - skipped
-- Detecting C compile features
-- Detecting C compile features - done
-- Detecting CXX compiler ABI info
-- Detecting CXX compiler ABI info - done
-- Check for working CXX compiler: /usr/bin/c++ - skipped
-- Detecting CXX compile features
-- Detecting CXX compile features - done
-- Found ament_cmake_ros: 0.10.0 (/opt/ros/humble/share/ament_cmake_ros/cmake)
-- Found Python3: /usr/bin/python3 (found version "3.10.12") found components: Interpreter 
-- Found std_msgs: 4.9.0 (/home/uwr/microROS_AUV/install/std_msgs/share/std_msgs/cmake)
-- Found rosidl_generator_c: 3.1.5 (/opt/ros/humble/share/rosidl_generator_c/cmake)
-- Found rosidl_adapter: 3.1.5 (/opt/ros/humble/share/rosidl_adapter/cmake)
-- Found rosidl_generator_cpp: 3.1.5 (/opt/ros/humble/share/rosidl_generator_cpp/cmake)
-- Using all available rosidl_typesupport_c: rosidl_typesupport_microxrcedds_c;rosidl_typesupport_fastrtps_c;rosidl_typesupport_introspection_c
-- Using all available rosidl_typesupport_cpp: rosidl_typesupport_microxrcedds_cpp;rosidl_typesupport_fastrtps_cpp;rosidl_typesupport_introspection_cpp
-- Found lifecycle_msgs: 1.2.2 (/home/uwr/microROS_AUV/install/lifecycle_msgs/share/lifecycle_msgs/cmake)
-- Found rcl_lifecycle: 5.3.9 (/opt/ros/humble/share/rcl_lifecycle/cmake)
-- Found rmw_implementation_cmake: 6.1.2 (/opt/ros/humble/share/rmw_implementation_cmake/cmake)
-- Found rmw_fastrtps_cpp: 6.2.7 (/opt/ros/humble/share/rmw_fastrtps_cpp/cmake)
-- Found OpenSSL: /usr/lib/x86_64-linux-gnu/libcrypto.so (found version "3.0.2")  
-- Found FastRTPS: /opt/ros/humble/include  
-- Using RMW implementation 'rmw_fastrtps_cpp' as default
-- Looking for pthread.h
-- Looking for pthread.h - found
-- Performing Test CMAKE_HAVE_LIBC_PTHREAD
-- Performing Test CMAKE_HAVE_LIBC_PTHREAD - Success
-- Found Threads: TRUE  
-- Found rclc: 4.0.2 (/home/uwr/microROS_AUV/install/rclc/share/rclc/cmake)
-- Found rcl_lifecycle version 5.3.9, which belongs to Foxy or later
-- Configuring done
-- Generating done
-- Build files have been written to: /home/uwr/microROS_AUV/build/rclc_lifecycle
[ 50%] [32mBuilding C object CMakeFiles/rclc_lifecycle.dir/src/rclc_lifecycle/rclc_lifecycle.c.o[0m
[100%] [32m[1mLinking C shared library librclc_lifecycle.so[0m
[100%] Built target rclc_lifecycle
-- Install configuration: ""
-- Installing: /home/uwr/microROS_AUV/install/rclc_lifecycle/lib/librclc_lifecycle.so
-- Set runtime path of "/home/uwr/microROS_AUV/install/rclc_lifecycle/lib/librclc_lifecycle.so" to ""
-- Installing: /home/uwr/microROS_AUV/install/rclc_lifecycle/include
-- Installing: /home/uwr/microROS_AUV/install/rclc_lifecycle/include/rclc_lifecycle
-- Installing: /home/uwr/microROS_AUV/install/rclc_lifecycle/include/rclc_lifecycle/rclc_lifecycle.h
-- Installing: /home/uwr/microROS_AUV/install/rclc_lifecycle/include/rclc_lifecycle/visibility_control.h
-- Installing: /home/uwr/microROS_AUV/install/rclc_lifecycle/share/rclc_lifecycle/environment/library_path.sh
-- Installing: /home/uwr/microROS_AUV/install/rclc_lifecycle/share/rclc_lifecycle/environment/library_path.dsv
-- Installing: /home/uwr/microROS_AUV/install/rclc_lifecycle/share/ament_index/resource_index/package_run_dependencies/rclc_lifecycle
-- Installing: /home/uwr/microROS_AUV/install/rclc_lifecycle/share/ament_index/resource_index/parent_prefix_path/rclc_lifecycle
-- Installing: /home/uwr/microROS_AUV/install/rclc_lifecycle/share/rclc_lifecycle/environment/ament_prefix_path.sh
-- Installing: /home/uwr/microROS_AUV/install/rclc_lifecycle/share/rclc_lifecycle/environment/ament_prefix_path.dsv
-- Installing: /home/uwr/microROS_AUV/install/rclc_lifecycle/share/rclc_lifecycle/environment/path.sh
-- Installing: /home/uwr/microROS_AUV/install/rclc_lifecycle/share/rclc_lifecycle/environment/path.dsv
-- Installing: /home/uwr/microROS_AUV/install/rclc_lifecycle/share/rclc_lifecycle/local_setup.bash
-- Installing: /home/uwr/microROS_AUV/install/rclc_lifecycle/share/rclc_lifecycle/local_setup.sh
-- Installing: /home/uwr/microROS_AUV/install/rclc_lifecycle/share/rclc_lifecycle/local_setup.zsh
-- Installing: /home/uwr/microROS_AUV/install/rclc_lifecycle/share/rclc_lifecycle/local_setup.dsv
-- Installing: /home/uwr/microROS_AUV/install/rclc_lifecycle/share/rclc_lifecycle/package.dsv
-- Installing: /home/uwr/microROS_AUV/install/rclc_lifecycle/share/ament_index/resource_index/packages/rclc_lifecycle
-- Installing: /home/uwr/microROS_AUV/install/rclc_lifecycle/share/rclc_lifecycle/cmake/rclc_lifecycleExport.cmake
-- Installing: /home/uwr/microROS_AUV/install/rclc_lifecycle/share/rclc_lifecycle/cmake/rclc_lifecycleExport-noconfig.cmake
-- Installing: /home/uwr/microROS_AUV/install/rclc_lifecycle/share/rclc_lifecycle/cmake/ament_cmake_export_include_directories-extras.cmake
-- Installing: /home/uwr/microROS_AUV/install/rclc_lifecycle/share/rclc_lifecycle/cmake/ament_cmake_export_libraries-extras.cmake
-- Installing: /home/uwr/microROS_AUV/install/rclc_lifecycle/share/rclc_lifecycle/cmake/ament_cmake_export_targets-extras.cmake
-- Installing: /home/uwr/microROS_AUV/install/rclc_lifecycle/share/rclc_lifecycle/cmake/ament_cmake_export_dependencies-extras.cmake
-- Installing: /home/uwr/microROS_AUV/install/rclc_lifecycle/share/rclc_lifecycle/cmake/rclc_lifecycleConfig.cmake
-- Installing: /home/uwr/microROS_AUV/install/rclc_lifecycle/share/rclc_lifecycle/cmake/rclc_lifecycleConfig-version.cmake
-- Installing: /home/uwr/microROS_AUV/install/rclc_lifecycle/share/rclc_lifecycle/package.xml
