[0.061s] Invoking command in '/home/uwr/microROS_AUV/build/custom_interfaces': CMAKE_PREFIX_PATH=${CMAKE_PREFIX_PATH}:/home/uwr/microROS_AUV/install/control_pkg:/home/uwr/Desktop/2024_UWR/install/sonar_subs:/opt/ros/humble /usr/bin/cmake /home/uwr/microROS_AUV/src/custom_interfaces -DBUILD_TESTING=OFF -DBUILD_SHARED_LIBS=ON -DCMAKE_INSTALL_PREFIX=/home/uwr/microROS_AUV/install/custom_interfaces
[1.860s] -- Found ament_cmake: 1.3.10 (/opt/ros/humble/share/ament_cmake/cmake)
[1.860s] -- Found rosidl_default_generators: 1.2.0 (/opt/ros/humble/share/rosidl_default_generators/cmake)
[1.861s] -- Using all available rosidl_typesupport_c: rosidl_typesupport_microxrcedds_c;rosidl_typesupport_fastrtps_c;rosidl_typesupport_introspection_c
[1.861s] -- Found rosidl_adapter: 3.1.5 (/opt/ros/humble/share/rosidl_adapter/cmake)
[1.861s] -- Using all available rosidl_typesupport_cpp: rosidl_typesupport_microxrcedds_cpp;rosidl_typesupport_fastrtps_cpp;rosidl_typesupport_introspection_cpp
[1.861s] -- Found ament_cmake_ros: 0.10.0 (/opt/ros/humble/share/ament_cmake_ros/cmake)
[2.101s] -- Using all available rosidl_typesupport_c: rosidl_typesupport_microxrcedds_c;rosidl_typesupport_fastrtps_c;rosidl_typesupport_introspection_c
[2.903s] -- Using all available rosidl_typesupport_cpp: rosidl_typesupport_microxrcedds_cpp;rosidl_typesupport_fastrtps_cpp;rosidl_typesupport_introspection_cpp
[2.968s] -- Found python_cmake_module: 0.10.0 (/opt/ros/humble/share/python_cmake_module/cmake)
[3.030s] -- Using PYTHON_EXECUTABLE: /usr/bin/python3
[3.030s] -- Using PYTHON_INCLUDE_DIRS: /usr/include/python3.10
[3.030s] -- Using PYTHON_LIBRARIES: /usr/lib/x86_64-linux-gnu/libpython3.10.so
[3.094s] -- Configuring done
[3.183s] -- Generating done
[3.193s] -- Build files have been written to: /home/uwr/microROS_AUV/build/custom_interfaces
[3.212s] Invoked command in '/home/uwr/microROS_AUV/build/custom_interfaces' returned '0': CMAKE_PREFIX_PATH=${CMAKE_PREFIX_PATH}:/home/uwr/microROS_AUV/install/control_pkg:/home/uwr/Desktop/2024_UWR/install/sonar_subs:/opt/ros/humble /usr/bin/cmake /home/uwr/microROS_AUV/src/custom_interfaces -DBUILD_TESTING=OFF -DBUILD_SHARED_LIBS=ON -DCMAKE_INSTALL_PREFIX=/home/uwr/microROS_AUV/install/custom_interfaces
[3.215s] Invoking command in '/home/uwr/microROS_AUV/build/custom_interfaces': CMAKE_PREFIX_PATH=${CMAKE_PREFIX_PATH}:/home/uwr/microROS_AUV/install/control_pkg:/home/uwr/Desktop/2024_UWR/install/sonar_subs:/opt/ros/humble /usr/bin/cmake --build /home/uwr/microROS_AUV/build/custom_interfaces -- -j8 -l8
[3.337s] [35m[1mConsolidate compiler generated dependencies of target custom_interfaces__rosidl_generator_c[0m
[3.383s] [  8%] Built target custom_interfaces__rosidl_generator_c
[3.391s] [ 10%] Built target custom_interfaces__cpp
[3.424s] [35m[1mConsolidate compiler generated dependencies of target custom_interfaces__rosidl_typesupport_fastrtps_c[0m
[3.437s] [ 12%] [34m[1mGenerating C type support for eProsima Micro XRCE-DDS[0m
[3.439s] [ 12%] Built target ament_cmake_python_copy_custom_interfaces
[3.443s] [ 14%] [34m[1mGenerating C type support dispatch for ROS interfaces[0m
[3.449s] [ 16%] [34m[1mGenerating C++ type support for eProsima Micro XRCE-DDS[0m
[3.449s] [35m[1mConsolidate compiler generated dependencies of target custom_interfaces__rosidl_typesupport_introspection_c[0m
[3.452s] [35m[1mConsolidate compiler generated dependencies of target custom_interfaces__rosidl_typesupport_introspection_cpp[0m
[3.467s] [35m[1mConsolidate compiler generated dependencies of target custom_interfaces__rosidl_typesupport_fastrtps_cpp[0m
[3.471s] [ 18%] [34m[1mGenerating C++ type support dispatch for ROS interfaces[0m
[3.492s] [ 26%] Built target custom_interfaces__rosidl_typesupport_fastrtps_c
[3.501s] [ 34%] Built target custom_interfaces__rosidl_typesupport_introspection_c
[3.520s] [ 42%] Built target custom_interfaces__rosidl_typesupport_introspection_cpp
[3.570s] [ 51%] Built target custom_interfaces__rosidl_typesupport_fastrtps_cpp
[4.372s] running egg_info
[4.377s] writing custom_interfaces.egg-info/PKG-INFO
[4.377s] writing dependency_links to custom_interfaces.egg-info/dependency_links.txt
[4.377s] writing top-level names to custom_interfaces.egg-info/top_level.txt
[4.385s] reading manifest file 'custom_interfaces.egg-info/SOURCES.txt'
[4.386s] writing manifest file 'custom_interfaces.egg-info/SOURCES.txt'
[4.458s] [ 51%] Built target ament_cmake_python_build_custom_interfaces_egg
[4.525s] [35m[1mConsolidate compiler generated dependencies of target custom_interfaces__rosidl_typesupport_cpp[0m
[4.535s] [35m[1mConsolidate compiler generated dependencies of target custom_interfaces__rosidl_typesupport_c[0m
[4.557s] [ 53%] [32mBuilding CXX object CMakeFiles/custom_interfaces__rosidl_typesupport_cpp.dir/rosidl_typesupport_cpp/custom_interfaces/msg/thrusters_states__type_support.cpp.o[0m
[4.594s] [ 55%] [32mBuilding CXX object CMakeFiles/custom_interfaces__rosidl_typesupport_c.dir/rosidl_typesupport_c/custom_interfaces/msg/thrusters_states__type_support.cpp.o[0m
[4.599s] [ 57%] [32mBuilding CXX object CMakeFiles/custom_interfaces__rosidl_typesupport_c.dir/rosidl_typesupport_c/custom_interfaces/srv/variable_activate__type_support.cpp.o[0m
[4.599s] [ 59%] [32mBuilding CXX object CMakeFiles/custom_interfaces__rosidl_typesupport_cpp.dir/rosidl_typesupport_cpp/custom_interfaces/srv/variable_activate__type_support.cpp.o[0m
[4.711s] [ 61%] [32m[1mLinking CXX shared library libcustom_interfaces__rosidl_typesupport_c.so[0m
[4.787s] [ 63%] [32mBuilding C object CMakeFiles/custom_interfaces__rosidl_typesupport_microxrcedds_c.dir/rosidl_typesupport_microxrcedds_c/custom_interfaces/msg/detail/microxrcedds/thrusters_states__type_support_c.c.o[0m
[4.808s] [ 65%] [32mBuilding C object CMakeFiles/custom_interfaces__rosidl_typesupport_microxrcedds_c.dir/rosidl_typesupport_microxrcedds_c/custom_interfaces/srv/detail/microxrcedds/variable_activate__type_support_c.c.o[0m
[4.934s] [ 65%] Built target custom_interfaces__rosidl_typesupport_c
[4.979s] [ 67%] [32mBuilding CXX object CMakeFiles/custom_interfaces__rosidl_typesupport_microxrcedds_cpp.dir/rosidl_typesupport_microxrcedds_cpp/custom_interfaces/srv/detail/microxrcedds/variable_activate__type_support_cpp.cpp.o[0m
[4.997s] [ 69%] [32mBuilding CXX object CMakeFiles/custom_interfaces__rosidl_typesupport_microxrcedds_cpp.dir/rosidl_typesupport_microxrcedds_cpp/custom_interfaces/msg/detail/microxrcedds/thrusters_states__type_support_cpp.cpp.o[0m
[5.003s] [ 71%] [32m[1mLinking C shared library libcustom_interfaces__rosidl_typesupport_microxrcedds_c.so[0m
[5.172s] [ 71%] Built target custom_interfaces__rosidl_typesupport_microxrcedds_c
[5.938s] [ 73%] [32m[1mLinking CXX shared library libcustom_interfaces__rosidl_typesupport_cpp.so[0m
[6.235s] [ 73%] Built target custom_interfaces__rosidl_typesupport_cpp
[7.312s] [ 75%] [32m[1mLinking CXX shared library libcustom_interfaces__rosidl_typesupport_microxrcedds_cpp.so[0m
[7.725s] [ 75%] Built target custom_interfaces__rosidl_typesupport_microxrcedds_cpp
[7.841s] [ 75%] Built target custom_interfaces
[8.042s] [ 77%] [34m[1mGenerating Python code for ROS interfaces[0m
[17.134s] [ 77%] Built target custom_interfaces__py
[17.200s] [35m[1mConsolidate compiler generated dependencies of target custom_interfaces__rosidl_generator_py[0m
[17.314s] [ 79%] [32mBuilding C object CMakeFiles/custom_interfaces__rosidl_generator_py.dir/rosidl_generator_py/custom_interfaces/msg/_thrusters_states_s.c.o[0m
[17.327s] [ 81%] [32mBuilding C object CMakeFiles/custom_interfaces__rosidl_generator_py.dir/rosidl_generator_py/custom_interfaces/srv/_variable_activate_s.c.o[0m
[18.715s] [ 83%] [32m[1mLinking C shared library rosidl_generator_py/custom_interfaces/libcustom_interfaces__rosidl_generator_py.so[0m
[18.928s] [ 83%] Built target custom_interfaces__rosidl_generator_py
[19.008s] [35m[1mConsolidate compiler generated dependencies of target custom_interfaces__rosidl_typesupport_introspection_c__pyext[0m
[19.017s] [35m[1mConsolidate compiler generated dependencies of target custom_interfaces__rosidl_typesupport_c__pyext[0m
[19.028s] [35m[1mConsolidate compiler generated dependencies of target custom_interfaces__rosidl_typesupport_fastrtps_c__pyext[0m
[19.058s] [ 85%] [32mBuilding C object CMakeFiles/custom_interfaces__rosidl_typesupport_microxrcedds_c__pyext.dir/rosidl_generator_py/custom_interfaces/_custom_interfaces_s.ep.rosidl_typesupport_microxrcedds_c.c.o[0m
[19.122s] [ 87%] [32mBuilding C object CMakeFiles/custom_interfaces__rosidl_typesupport_c__pyext.dir/rosidl_generator_py/custom_interfaces/_custom_interfaces_s.ep.rosidl_typesupport_c.c.o[0m
[19.123s] [ 89%] [32mBuilding C object CMakeFiles/custom_interfaces__rosidl_typesupport_introspection_c__pyext.dir/rosidl_generator_py/custom_interfaces/_custom_interfaces_s.ep.rosidl_typesupport_introspection_c.c.o[0m
[19.158s] [ 91%] [32mBuilding C object CMakeFiles/custom_interfaces__rosidl_typesupport_fastrtps_c__pyext.dir/rosidl_generator_py/custom_interfaces/_custom_interfaces_s.ep.rosidl_typesupport_fastrtps_c.c.o[0m
[20.225s] [ 93%] [32m[1mLinking C shared library rosidl_generator_py/custom_interfaces/custom_interfaces_s__rosidl_typesupport_c.cpython-310-x86_64-linux-gnu.so[0m
[20.232s] [ 95%] [32m[1mLinking C shared library rosidl_generator_py/custom_interfaces/custom_interfaces_s__rosidl_typesupport_microxrcedds_c.cpython-310-x86_64-linux-gnu.so[0m
[20.244s] [ 97%] [32m[1mLinking C shared library rosidl_generator_py/custom_interfaces/custom_interfaces_s__rosidl_typesupport_introspection_c.cpython-310-x86_64-linux-gnu.so[0m
[20.292s] [100%] [32m[1mLinking C shared library rosidl_generator_py/custom_interfaces/custom_interfaces_s__rosidl_typesupport_fastrtps_c.cpython-310-x86_64-linux-gnu.so[0m
[20.455s] [100%] Built target custom_interfaces__rosidl_typesupport_c__pyext
[20.485s] [100%] Built target custom_interfaces__rosidl_typesupport_microxrcedds_c__pyext
[20.527s] [100%] Built target custom_interfaces__rosidl_typesupport_introspection_c__pyext
[20.538s] [100%] Built target custom_interfaces__rosidl_typesupport_fastrtps_c__pyext
[20.779s] Invoked command in '/home/uwr/microROS_AUV/build/custom_interfaces' returned '0': CMAKE_PREFIX_PATH=${CMAKE_PREFIX_PATH}:/home/uwr/microROS_AUV/install/control_pkg:/home/uwr/Desktop/2024_UWR/install/sonar_subs:/opt/ros/humble /usr/bin/cmake --build /home/uwr/microROS_AUV/build/custom_interfaces -- -j8 -l8
[21.545s] Invoking command in '/home/uwr/microROS_AUV/build/custom_interfaces': CMAKE_PREFIX_PATH=${CMAKE_PREFIX_PATH}:/home/uwr/microROS_AUV/install/control_pkg:/home/uwr/Desktop/2024_UWR/install/sonar_subs:/opt/ros/humble /usr/bin/cmake --install /home/uwr/microROS_AUV/build/custom_interfaces
[23.421s] -- Install configuration: ""
[23.421s] -- Up-to-date: /home/uwr/microROS_AUV/install/custom_interfaces/share/ament_index/resource_index/rosidl_interfaces/custom_interfaces
[23.421s] -- Up-to-date: /home/uwr/microROS_AUV/install/custom_interfaces/include/custom_interfaces/custom_interfaces
[23.421s] -- Up-to-date: /home/uwr/microROS_AUV/install/custom_interfaces/include/custom_interfaces/custom_interfaces/msg
[23.422s] -- Up-to-date: /home/uwr/microROS_AUV/install/custom_interfaces/include/custom_interfaces/custom_interfaces/msg/rosidl_generator_c__visibility_control.h
[23.422s] -- Up-to-date: /home/uwr/microROS_AUV/install/custom_interfaces/include/custom_interfaces/custom_interfaces/msg/detail
[23.422s] -- Up-to-date: /home/uwr/microROS_AUV/install/custom_interfaces/include/custom_interfaces/custom_interfaces/msg/detail/thrusters_states__functions.h
[23.422s] -- Up-to-date: /home/uwr/microROS_AUV/install/custom_interfaces/include/custom_interfaces/custom_interfaces/msg/detail/thrusters_states__functions.c
[23.422s] -- Up-to-date: /home/uwr/microROS_AUV/install/custom_interfaces/include/custom_interfaces/custom_interfaces/msg/detail/thrusters_states__struct.h
[23.423s] -- Up-to-date: /home/uwr/microROS_AUV/install/custom_interfaces/include/custom_interfaces/custom_interfaces/msg/detail/thrusters_states__type_support.h
[23.423s] -- Up-to-date: /home/uwr/microROS_AUV/install/custom_interfaces/include/custom_interfaces/custom_interfaces/msg/thrusters_states.h
[23.450s] -- Up-to-date: /home/uwr/microROS_AUV/install/custom_interfaces/include/custom_interfaces/custom_interfaces/srv
[23.450s] -- Up-to-date: /home/uwr/microROS_AUV/install/custom_interfaces/include/custom_interfaces/custom_interfaces/srv/variable_activate.h
[23.451s] -- Up-to-date: /home/uwr/microROS_AUV/install/custom_interfaces/include/custom_interfaces/custom_interfaces/srv/detail
[23.451s] -- Up-to-date: /home/uwr/microROS_AUV/install/custom_interfaces/include/custom_interfaces/custom_interfaces/srv/detail/variable_activate__struct.h
[23.451s] -- Up-to-date: /home/uwr/microROS_AUV/install/custom_interfaces/include/custom_interfaces/custom_interfaces/srv/detail/variable_activate__type_support.h
[23.451s] -- Up-to-date: /home/uwr/microROS_AUV/install/custom_interfaces/include/custom_interfaces/custom_interfaces/srv/detail/variable_activate__functions.h
[23.451s] -- Up-to-date: /home/uwr/microROS_AUV/install/custom_interfaces/include/custom_interfaces/custom_interfaces/srv/detail/variable_activate__functions.c
[23.452s] -- Up-to-date: /home/uwr/microROS_AUV/install/custom_interfaces/share/custom_interfaces/environment/library_path.sh
[23.452s] -- Installing: /home/uwr/microROS_AUV/install/custom_interfaces/share/custom_interfaces/environment/library_path.dsv
[23.452s] -- Up-to-date: /home/uwr/microROS_AUV/install/custom_interfaces/lib/libcustom_interfaces__rosidl_generator_c.so
[23.452s] -- Up-to-date: /home/uwr/microROS_AUV/install/custom_interfaces/include/custom_interfaces
[23.452s] -- Installing: /home/uwr/microROS_AUV/install/custom_interfaces/include/custom_interfaces/msg
[23.453s] -- Installing: /home/uwr/microROS_AUV/install/custom_interfaces/include/custom_interfaces/msg/rosidl_typesupport_microxrcedds_c__visibility_control.h
[23.453s] -- Installing: /home/uwr/microROS_AUV/install/custom_interfaces/include/custom_interfaces/msg/detail
[23.453s] -- Installing: /home/uwr/microROS_AUV/install/custom_interfaces/include/custom_interfaces/msg/detail/thrusters_states__rosidl_typesupport_microxrcedds_c.h
[23.453s] -- Installing: /home/uwr/microROS_AUV/install/custom_interfaces/include/custom_interfaces/msg/detail/microxrcedds
[23.453s] -- Installing: /home/uwr/microROS_AUV/install/custom_interfaces/include/custom_interfaces/srv
[23.454s] -- Installing: /home/uwr/microROS_AUV/install/custom_interfaces/include/custom_interfaces/srv/detail
[23.473s] -- Installing: /home/uwr/microROS_AUV/install/custom_interfaces/include/custom_interfaces/srv/detail/variable_activate__rosidl_typesupport_microxrcedds_c.h
[23.473s] -- Installing: /home/uwr/microROS_AUV/install/custom_interfaces/include/custom_interfaces/srv/detail/microxrcedds
[23.474s] -- Installing: /home/uwr/microROS_AUV/install/custom_interfaces/lib/libcustom_interfaces__rosidl_typesupport_microxrcedds_c.so
[23.474s] -- Set runtime path of "/home/uwr/microROS_AUV/install/custom_interfaces/lib/libcustom_interfaces__rosidl_typesupport_microxrcedds_c.so" to ""
[23.474s] -- Up-to-date: /home/uwr/microROS_AUV/install/custom_interfaces/include/custom_interfaces/custom_interfaces
[23.474s] -- Up-to-date: /home/uwr/microROS_AUV/install/custom_interfaces/include/custom_interfaces/custom_interfaces/msg
[23.474s] -- Up-to-date: /home/uwr/microROS_AUV/install/custom_interfaces/include/custom_interfaces/custom_interfaces/msg/detail
[23.475s] -- Up-to-date: /home/uwr/microROS_AUV/install/custom_interfaces/include/custom_interfaces/custom_interfaces/msg/detail/thrusters_states__rosidl_typesupport_fastrtps_c.h
[23.475s] -- Up-to-date: /home/uwr/microROS_AUV/install/custom_interfaces/include/custom_interfaces/custom_interfaces/msg/rosidl_typesupport_fastrtps_c__visibility_control.h
[23.475s] -- Up-to-date: /home/uwr/microROS_AUV/install/custom_interfaces/include/custom_interfaces/custom_interfaces/srv
[23.475s] -- Up-to-date: /home/uwr/microROS_AUV/install/custom_interfaces/include/custom_interfaces/custom_interfaces/srv/detail
[23.475s] -- Up-to-date: /home/uwr/microROS_AUV/install/custom_interfaces/include/custom_interfaces/custom_interfaces/srv/detail/variable_activate__rosidl_typesupport_fastrtps_c.h
[23.476s] -- Up-to-date: /home/uwr/microROS_AUV/install/custom_interfaces/lib/libcustom_interfaces__rosidl_typesupport_fastrtps_c.so
[23.476s] -- Up-to-date: /home/uwr/microROS_AUV/install/custom_interfaces/include/custom_interfaces/custom_interfaces
[23.476s] -- Up-to-date: /home/uwr/microROS_AUV/install/custom_interfaces/include/custom_interfaces/custom_interfaces/msg
[23.476s] -- Up-to-date: /home/uwr/microROS_AUV/install/custom_interfaces/include/custom_interfaces/custom_interfaces/msg/rosidl_typesupport_introspection_c__visibility_control.h
[23.477s] -- Up-to-date: /home/uwr/microROS_AUV/install/custom_interfaces/include/custom_interfaces/custom_interfaces/msg/detail
[23.477s] -- Up-to-date: /home/uwr/microROS_AUV/install/custom_interfaces/include/custom_interfaces/custom_interfaces/msg/detail/thrusters_states__type_support.c
[23.485s] -- Up-to-date: /home/uwr/microROS_AUV/install/custom_interfaces/include/custom_interfaces/custom_interfaces/msg/detail/thrusters_states__rosidl_typesupport_introspection_c.h
[23.486s] -- Up-to-date: /home/uwr/microROS_AUV/install/custom_interfaces/include/custom_interfaces/custom_interfaces/srv
[23.486s] -- Up-to-date: /home/uwr/microROS_AUV/install/custom_interfaces/include/custom_interfaces/custom_interfaces/srv/detail
[23.486s] -- Up-to-date: /home/uwr/microROS_AUV/install/custom_interfaces/include/custom_interfaces/custom_interfaces/srv/detail/variable_activate__type_support.c
[23.486s] -- Up-to-date: /home/uwr/microROS_AUV/install/custom_interfaces/include/custom_interfaces/custom_interfaces/srv/detail/variable_activate__rosidl_typesupport_introspection_c.h
[23.486s] -- Up-to-date: /home/uwr/microROS_AUV/install/custom_interfaces/lib/libcustom_interfaces__rosidl_typesupport_introspection_c.so
[23.487s] -- Installing: /home/uwr/microROS_AUV/install/custom_interfaces/lib/libcustom_interfaces__rosidl_typesupport_c.so
[23.487s] -- Set runtime path of "/home/uwr/microROS_AUV/install/custom_interfaces/lib/libcustom_interfaces__rosidl_typesupport_c.so" to ""
[23.487s] -- Up-to-date: /home/uwr/microROS_AUV/install/custom_interfaces/include/custom_interfaces/custom_interfaces
[23.487s] -- Up-to-date: /home/uwr/microROS_AUV/install/custom_interfaces/include/custom_interfaces/custom_interfaces/msg
[23.487s] -- Up-to-date: /home/uwr/microROS_AUV/install/custom_interfaces/include/custom_interfaces/custom_interfaces/msg/detail
[23.488s] -- Up-to-date: /home/uwr/microROS_AUV/install/custom_interfaces/include/custom_interfaces/custom_interfaces/msg/detail/thrusters_states__builder.hpp
[23.488s] -- Up-to-date: /home/uwr/microROS_AUV/install/custom_interfaces/include/custom_interfaces/custom_interfaces/msg/detail/thrusters_states__traits.hpp
[23.488s] -- Up-to-date: /home/uwr/microROS_AUV/install/custom_interfaces/include/custom_interfaces/custom_interfaces/msg/detail/thrusters_states__struct.hpp
[23.488s] -- Up-to-date: /home/uwr/microROS_AUV/install/custom_interfaces/include/custom_interfaces/custom_interfaces/msg/thrusters_states.hpp
[23.489s] -- Up-to-date: /home/uwr/microROS_AUV/install/custom_interfaces/include/custom_interfaces/custom_interfaces/srv
[23.497s] -- Up-to-date: /home/uwr/microROS_AUV/install/custom_interfaces/include/custom_interfaces/custom_interfaces/srv/detail
[23.497s] -- Up-to-date: /home/uwr/microROS_AUV/install/custom_interfaces/include/custom_interfaces/custom_interfaces/srv/detail/variable_activate__builder.hpp
[23.498s] -- Up-to-date: /home/uwr/microROS_AUV/install/custom_interfaces/include/custom_interfaces/custom_interfaces/srv/detail/variable_activate__struct.hpp
[23.498s] -- Up-to-date: /home/uwr/microROS_AUV/install/custom_interfaces/include/custom_interfaces/custom_interfaces/srv/detail/variable_activate__traits.hpp
[23.498s] -- Up-to-date: /home/uwr/microROS_AUV/install/custom_interfaces/include/custom_interfaces/custom_interfaces/srv/variable_activate.hpp
[23.498s] -- Up-to-date: /home/uwr/microROS_AUV/install/custom_interfaces/include/custom_interfaces
[23.498s] -- Up-to-date: /home/uwr/microROS_AUV/install/custom_interfaces/include/custom_interfaces/msg
[23.499s] -- Installing: /home/uwr/microROS_AUV/install/custom_interfaces/include/custom_interfaces/msg/rosidl_typesupport_microxrcedds_cpp__visibility_control.h
[23.499s] -- Up-to-date: /home/uwr/microROS_AUV/install/custom_interfaces/include/custom_interfaces/msg/detail
[23.499s] -- Installing: /home/uwr/microROS_AUV/install/custom_interfaces/include/custom_interfaces/msg/detail/thrusters_states__rosidl_typesupport_microxrcedds_cpp.hpp
[23.499s] -- Up-to-date: /home/uwr/microROS_AUV/install/custom_interfaces/include/custom_interfaces/msg/detail/microxrcedds
[23.499s] -- Installing: /home/uwr/microROS_AUV/install/custom_interfaces/include/custom_interfaces/msg/detail/microxrcedds/thrusters_states__type_support_cpp.cpp
[23.500s] -- Up-to-date: /home/uwr/microROS_AUV/install/custom_interfaces/include/custom_interfaces/srv
[23.500s] -- Up-to-date: /home/uwr/microROS_AUV/install/custom_interfaces/include/custom_interfaces/srv/detail
[23.500s] -- Installing: /home/uwr/microROS_AUV/install/custom_interfaces/include/custom_interfaces/srv/detail/variable_activate__rosidl_typesupport_microxrcedds_cpp.hpp
[23.500s] -- Up-to-date: /home/uwr/microROS_AUV/install/custom_interfaces/include/custom_interfaces/srv/detail/microxrcedds
[23.501s] -- Installing: /home/uwr/microROS_AUV/install/custom_interfaces/include/custom_interfaces/srv/detail/microxrcedds/variable_activate__type_support_cpp.cpp
[23.501s] -- Installing: /home/uwr/microROS_AUV/install/custom_interfaces/lib/libcustom_interfaces__rosidl_typesupport_microxrcedds_cpp.so
[23.508s] -- Set runtime path of "/home/uwr/microROS_AUV/install/custom_interfaces/lib/libcustom_interfaces__rosidl_typesupport_microxrcedds_cpp.so" to ""
[23.508s] -- Up-to-date: /home/uwr/microROS_AUV/install/custom_interfaces/include/custom_interfaces/custom_interfaces
[23.509s] -- Up-to-date: /home/uwr/microROS_AUV/install/custom_interfaces/include/custom_interfaces/custom_interfaces/msg
[23.509s] -- Up-to-date: /home/uwr/microROS_AUV/install/custom_interfaces/include/custom_interfaces/custom_interfaces/msg/detail
[23.509s] -- Up-to-date: /home/uwr/microROS_AUV/install/custom_interfaces/include/custom_interfaces/custom_interfaces/msg/detail/thrusters_states__rosidl_typesupport_fastrtps_cpp.hpp
[23.509s] -- Up-to-date: /home/uwr/microROS_AUV/install/custom_interfaces/include/custom_interfaces/custom_interfaces/msg/detail/dds_fastrtps
[23.509s] -- Up-to-date: /home/uwr/microROS_AUV/install/custom_interfaces/include/custom_interfaces/custom_interfaces/msg/rosidl_typesupport_fastrtps_cpp__visibility_control.h
[23.510s] -- Up-to-date: /home/uwr/microROS_AUV/install/custom_interfaces/include/custom_interfaces/custom_interfaces/srv
[23.510s] -- Up-to-date: /home/uwr/microROS_AUV/install/custom_interfaces/include/custom_interfaces/custom_interfaces/srv/detail
[23.510s] -- Up-to-date: /home/uwr/microROS_AUV/install/custom_interfaces/include/custom_interfaces/custom_interfaces/srv/detail/variable_activate__rosidl_typesupport_fastrtps_cpp.hpp
[23.510s] -- Up-to-date: /home/uwr/microROS_AUV/install/custom_interfaces/include/custom_interfaces/custom_interfaces/srv/detail/dds_fastrtps
[23.510s] -- Up-to-date: /home/uwr/microROS_AUV/install/custom_interfaces/lib/libcustom_interfaces__rosidl_typesupport_fastrtps_cpp.so
[23.511s] -- Up-to-date: /home/uwr/microROS_AUV/install/custom_interfaces/include/custom_interfaces/custom_interfaces
[23.519s] -- Up-to-date: /home/uwr/microROS_AUV/install/custom_interfaces/include/custom_interfaces/custom_interfaces/msg
[23.520s] -- Up-to-date: /home/uwr/microROS_AUV/install/custom_interfaces/include/custom_interfaces/custom_interfaces/msg/detail
[23.520s] -- Up-to-date: /home/uwr/microROS_AUV/install/custom_interfaces/include/custom_interfaces/custom_interfaces/msg/detail/thrusters_states__type_support.cpp
[23.520s] -- Up-to-date: /home/uwr/microROS_AUV/install/custom_interfaces/include/custom_interfaces/custom_interfaces/msg/detail/thrusters_states__rosidl_typesupport_introspection_cpp.hpp
[23.520s] -- Up-to-date: /home/uwr/microROS_AUV/install/custom_interfaces/include/custom_interfaces/custom_interfaces/srv
[23.520s] -- Up-to-date: /home/uwr/microROS_AUV/install/custom_interfaces/include/custom_interfaces/custom_interfaces/srv/detail
[23.521s] -- Up-to-date: /home/uwr/microROS_AUV/install/custom_interfaces/include/custom_interfaces/custom_interfaces/srv/detail/variable_activate__rosidl_typesupport_introspection_cpp.hpp
[23.521s] -- Up-to-date: /home/uwr/microROS_AUV/install/custom_interfaces/include/custom_interfaces/custom_interfaces/srv/detail/variable_activate__type_support.cpp
[23.521s] -- Up-to-date: /home/uwr/microROS_AUV/install/custom_interfaces/lib/libcustom_interfaces__rosidl_typesupport_introspection_cpp.so
[23.521s] -- Installing: /home/uwr/microROS_AUV/install/custom_interfaces/lib/libcustom_interfaces__rosidl_typesupport_cpp.so
[23.521s] -- Set runtime path of "/home/uwr/microROS_AUV/install/custom_interfaces/lib/libcustom_interfaces__rosidl_typesupport_cpp.so" to ""
[23.522s] -- Up-to-date: /home/uwr/microROS_AUV/install/custom_interfaces/share/custom_interfaces/environment/pythonpath.sh
[23.525s] -- Installing: /home/uwr/microROS_AUV/install/custom_interfaces/share/custom_interfaces/environment/pythonpath.dsv
[23.525s] -- Up-to-date: /home/uwr/microROS_AUV/install/custom_interfaces/local/lib/python3.10/dist-packages/custom_interfaces-0.0.0-py3.10.egg-info
[23.525s] -- Installing: /home/uwr/microROS_AUV/install/custom_interfaces/local/lib/python3.10/dist-packages/custom_interfaces-0.0.0-py3.10.egg-info/top_level.txt
[23.526s] -- Installing: /home/uwr/microROS_AUV/install/custom_interfaces/local/lib/python3.10/dist-packages/custom_interfaces-0.0.0-py3.10.egg-info/dependency_links.txt
[23.526s] -- Installing: /home/uwr/microROS_AUV/install/custom_interfaces/local/lib/python3.10/dist-packages/custom_interfaces-0.0.0-py3.10.egg-info/PKG-INFO
[23.526s] -- Installing: /home/uwr/microROS_AUV/install/custom_interfaces/local/lib/python3.10/dist-packages/custom_interfaces-0.0.0-py3.10.egg-info/SOURCES.txt
[23.526s] -- Up-to-date: /home/uwr/microROS_AUV/install/custom_interfaces/local/lib/python3.10/dist-packages/custom_interfaces
[23.526s] -- Installing: /home/uwr/microROS_AUV/install/custom_interfaces/local/lib/python3.10/dist-packages/custom_interfaces/custom_interfaces_s__rosidl_typesupport_microxrcedds_c.cpython-310-x86_64-linux-gnu.so
[23.527s] -- Installing: /home/uwr/microROS_AUV/install/custom_interfaces/local/lib/python3.10/dist-packages/custom_interfaces/libcustom_interfaces__rosidl_generator_py.so
[23.527s] -- Installing: /home/uwr/microROS_AUV/install/custom_interfaces/local/lib/python3.10/dist-packages/custom_interfaces/_custom_interfaces_s.ep.rosidl_typesupport_fastrtps_c.c
[23.527s] -- Installing: /home/uwr/microROS_AUV/install/custom_interfaces/local/lib/python3.10/dist-packages/custom_interfaces/custom_interfaces_s__rosidl_typesupport_introspection_c.cpython-310-x86_64-linux-gnu.so
[23.527s] -- Installing: /home/uwr/microROS_AUV/install/custom_interfaces/local/lib/python3.10/dist-packages/custom_interfaces/_custom_interfaces_s.ep.rosidl_typesupport_c.c
[23.527s] -- Up-to-date: /home/uwr/microROS_AUV/install/custom_interfaces/local/lib/python3.10/dist-packages/custom_interfaces/msg
[23.528s] -- Installing: /home/uwr/microROS_AUV/install/custom_interfaces/local/lib/python3.10/dist-packages/custom_interfaces/msg/_thrusters_states.py
[23.528s] -- Installing: /home/uwr/microROS_AUV/install/custom_interfaces/local/lib/python3.10/dist-packages/custom_interfaces/msg/_thrusters_states_s.c
[23.528s] -- Installing: /home/uwr/microROS_AUV/install/custom_interfaces/local/lib/python3.10/dist-packages/custom_interfaces/msg/__init__.py
[23.528s] -- Installing: /home/uwr/microROS_AUV/install/custom_interfaces/local/lib/python3.10/dist-packages/custom_interfaces/__init__.py
[23.529s] -- Installing: /home/uwr/microROS_AUV/install/custom_interfaces/local/lib/python3.10/dist-packages/custom_interfaces/custom_interfaces_s__rosidl_typesupport_c.cpython-310-x86_64-linux-gnu.so
[23.534s] -- Installing: /home/uwr/microROS_AUV/install/custom_interfaces/local/lib/python3.10/dist-packages/custom_interfaces/custom_interfaces_s__rosidl_typesupport_fastrtps_c.cpython-310-x86_64-linux-gnu.so
[23.534s] -- Installing: /home/uwr/microROS_AUV/install/custom_interfaces/local/lib/python3.10/dist-packages/custom_interfaces/_custom_interfaces_s.ep.rosidl_typesupport_introspection_c.c
[23.534s] -- Installing: /home/uwr/microROS_AUV/install/custom_interfaces/local/lib/python3.10/dist-packages/custom_interfaces/_custom_interfaces_s.ep.rosidl_typesupport_microxrcedds_c.c
[23.535s] -- Up-to-date: /home/uwr/microROS_AUV/install/custom_interfaces/local/lib/python3.10/dist-packages/custom_interfaces/srv
[23.535s] -- Installing: /home/uwr/microROS_AUV/install/custom_interfaces/local/lib/python3.10/dist-packages/custom_interfaces/srv/_variable_activate_s.c
[23.535s] -- Installing: /home/uwr/microROS_AUV/install/custom_interfaces/local/lib/python3.10/dist-packages/custom_interfaces/srv/__init__.py
[23.535s] -- Installing: /home/uwr/microROS_AUV/install/custom_interfaces/local/lib/python3.10/dist-packages/custom_interfaces/srv/_variable_activate.py
[23.740s] Listing '/home/uwr/microROS_AUV/install/custom_interfaces/local/lib/python3.10/dist-packages/custom_interfaces'...
[23.740s] Compiling '/home/uwr/microROS_AUV/install/custom_interfaces/local/lib/python3.10/dist-packages/custom_interfaces/__init__.py'...
[23.741s] Listing '/home/uwr/microROS_AUV/install/custom_interfaces/local/lib/python3.10/dist-packages/custom_interfaces/msg'...
[23.741s] Compiling '/home/uwr/microROS_AUV/install/custom_interfaces/local/lib/python3.10/dist-packages/custom_interfaces/msg/__init__.py'...
[23.741s] Compiling '/home/uwr/microROS_AUV/install/custom_interfaces/local/lib/python3.10/dist-packages/custom_interfaces/msg/_thrusters_states.py'...
[23.741s] Listing '/home/uwr/microROS_AUV/install/custom_interfaces/local/lib/python3.10/dist-packages/custom_interfaces/srv'...
[23.742s] Compiling '/home/uwr/microROS_AUV/install/custom_interfaces/local/lib/python3.10/dist-packages/custom_interfaces/srv/__init__.py'...
[23.744s] Compiling '/home/uwr/microROS_AUV/install/custom_interfaces/local/lib/python3.10/dist-packages/custom_interfaces/srv/_variable_activate.py'...
[23.802s] -- Installing: /home/uwr/microROS_AUV/install/custom_interfaces/local/lib/python3.10/dist-packages/custom_interfaces/custom_interfaces_s__rosidl_typesupport_microxrcedds_c.cpython-310-x86_64-linux-gnu.so
[23.802s] -- Set runtime path of "/home/uwr/microROS_AUV/install/custom_interfaces/local/lib/python3.10/dist-packages/custom_interfaces/custom_interfaces_s__rosidl_typesupport_microxrcedds_c.cpython-310-x86_64-linux-gnu.so" to ""
[23.803s] -- Installing: /home/uwr/microROS_AUV/install/custom_interfaces/local/lib/python3.10/dist-packages/custom_interfaces/custom_interfaces_s__rosidl_typesupport_fastrtps_c.cpython-310-x86_64-linux-gnu.so
[23.808s] -- Set runtime path of "/home/uwr/microROS_AUV/install/custom_interfaces/local/lib/python3.10/dist-packages/custom_interfaces/custom_interfaces_s__rosidl_typesupport_fastrtps_c.cpython-310-x86_64-linux-gnu.so" to ""
[23.808s] -- Installing: /home/uwr/microROS_AUV/install/custom_interfaces/local/lib/python3.10/dist-packages/custom_interfaces/custom_interfaces_s__rosidl_typesupport_introspection_c.cpython-310-x86_64-linux-gnu.so
[23.808s] -- Set runtime path of "/home/uwr/microROS_AUV/install/custom_interfaces/local/lib/python3.10/dist-packages/custom_interfaces/custom_interfaces_s__rosidl_typesupport_introspection_c.cpython-310-x86_64-linux-gnu.so" to ""
[23.810s] -- Installing: /home/uwr/microROS_AUV/install/custom_interfaces/local/lib/python3.10/dist-packages/custom_interfaces/custom_interfaces_s__rosidl_typesupport_c.cpython-310-x86_64-linux-gnu.so
[23.810s] -- Set runtime path of "/home/uwr/microROS_AUV/install/custom_interfaces/local/lib/python3.10/dist-packages/custom_interfaces/custom_interfaces_s__rosidl_typesupport_c.cpython-310-x86_64-linux-gnu.so" to ""
[23.814s] -- Installing: /home/uwr/microROS_AUV/install/custom_interfaces/lib/libcustom_interfaces__rosidl_generator_py.so
[23.815s] -- Set runtime path of "/home/uwr/microROS_AUV/install/custom_interfaces/lib/libcustom_interfaces__rosidl_generator_py.so" to ""
[23.816s] -- Up-to-date: /home/uwr/microROS_AUV/install/custom_interfaces/share/custom_interfaces/msg/ThrustersStates.idl
[23.816s] -- Up-to-date: /home/uwr/microROS_AUV/install/custom_interfaces/share/custom_interfaces/srv/VariableActivate.idl
[23.817s] -- Up-to-date: /home/uwr/microROS_AUV/install/custom_interfaces/share/custom_interfaces/msg/ThrustersStates.msg
[23.819s] -- Up-to-date: /home/uwr/microROS_AUV/install/custom_interfaces/share/custom_interfaces/srv/VariableActivate.srv
[23.819s] -- Up-to-date: /home/uwr/microROS_AUV/install/custom_interfaces/share/custom_interfaces/srv/VariableActivate_Request.msg
[23.819s] -- Up-to-date: /home/uwr/microROS_AUV/install/custom_interfaces/share/custom_interfaces/srv/VariableActivate_Response.msg
[23.819s] -- Up-to-date: /home/uwr/microROS_AUV/install/custom_interfaces/share/ament_index/resource_index/package_run_dependencies/custom_interfaces
[23.823s] -- Installing: /home/uwr/microROS_AUV/install/custom_interfaces/share/ament_index/resource_index/parent_prefix_path/custom_interfaces
[23.824s] -- Up-to-date: /home/uwr/microROS_AUV/install/custom_interfaces/share/custom_interfaces/environment/ament_prefix_path.sh
[23.824s] -- Installing: /home/uwr/microROS_AUV/install/custom_interfaces/share/custom_interfaces/environment/ament_prefix_path.dsv
[23.824s] -- Up-to-date: /home/uwr/microROS_AUV/install/custom_interfaces/share/custom_interfaces/environment/path.sh
[23.825s] -- Installing: /home/uwr/microROS_AUV/install/custom_interfaces/share/custom_interfaces/environment/path.dsv
[23.827s] -- Up-to-date: /home/uwr/microROS_AUV/install/custom_interfaces/share/custom_interfaces/local_setup.bash
[23.828s] -- Up-to-date: /home/uwr/microROS_AUV/install/custom_interfaces/share/custom_interfaces/local_setup.sh
[23.828s] -- Up-to-date: /home/uwr/microROS_AUV/install/custom_interfaces/share/custom_interfaces/local_setup.zsh
[23.831s] -- Installing: /home/uwr/microROS_AUV/install/custom_interfaces/share/custom_interfaces/local_setup.dsv
[23.832s] -- Installing: /home/uwr/microROS_AUV/install/custom_interfaces/share/custom_interfaces/package.dsv
[23.832s] -- Up-to-date: /home/uwr/microROS_AUV/install/custom_interfaces/share/ament_index/resource_index/packages/custom_interfaces
[23.834s] -- Up-to-date: /home/uwr/microROS_AUV/install/custom_interfaces/share/custom_interfaces/cmake/export_custom_interfaces__rosidl_generator_cExport.cmake
[23.835s] -- Up-to-date: /home/uwr/microROS_AUV/install/custom_interfaces/share/custom_interfaces/cmake/export_custom_interfaces__rosidl_generator_cExport-noconfig.cmake
[23.835s] -- Up-to-date: /home/uwr/microROS_AUV/install/custom_interfaces/share/custom_interfaces/cmake/export_custom_interfaces__rosidl_typesupport_fastrtps_cExport.cmake
[23.835s] -- Up-to-date: /home/uwr/microROS_AUV/install/custom_interfaces/share/custom_interfaces/cmake/export_custom_interfaces__rosidl_typesupport_fastrtps_cExport-noconfig.cmake
[23.836s] -- Up-to-date: /home/uwr/microROS_AUV/install/custom_interfaces/share/custom_interfaces/cmake/custom_interfaces__rosidl_typesupport_introspection_cExport.cmake
[23.836s] -- Up-to-date: /home/uwr/microROS_AUV/install/custom_interfaces/share/custom_interfaces/cmake/custom_interfaces__rosidl_typesupport_introspection_cExport-noconfig.cmake
[23.841s] -- Up-to-date: /home/uwr/microROS_AUV/install/custom_interfaces/share/custom_interfaces/cmake/custom_interfaces__rosidl_typesupport_cExport.cmake
[23.841s] -- Up-to-date: /home/uwr/microROS_AUV/install/custom_interfaces/share/custom_interfaces/cmake/custom_interfaces__rosidl_typesupport_cExport-noconfig.cmake
[23.841s] -- Up-to-date: /home/uwr/microROS_AUV/install/custom_interfaces/share/custom_interfaces/cmake/export_custom_interfaces__rosidl_generator_cppExport.cmake
[23.841s] -- Up-to-date: /home/uwr/microROS_AUV/install/custom_interfaces/share/custom_interfaces/cmake/export_custom_interfaces__rosidl_typesupport_fastrtps_cppExport.cmake
[23.842s] -- Up-to-date: /home/uwr/microROS_AUV/install/custom_interfaces/share/custom_interfaces/cmake/export_custom_interfaces__rosidl_typesupport_fastrtps_cppExport-noconfig.cmake
[23.842s] -- Up-to-date: /home/uwr/microROS_AUV/install/custom_interfaces/share/custom_interfaces/cmake/custom_interfaces__rosidl_typesupport_introspection_cppExport.cmake
[23.848s] -- Up-to-date: /home/uwr/microROS_AUV/install/custom_interfaces/share/custom_interfaces/cmake/custom_interfaces__rosidl_typesupport_introspection_cppExport-noconfig.cmake
[23.848s] -- Up-to-date: /home/uwr/microROS_AUV/install/custom_interfaces/share/custom_interfaces/cmake/custom_interfaces__rosidl_typesupport_cppExport.cmake
[23.851s] -- Up-to-date: /home/uwr/microROS_AUV/install/custom_interfaces/share/custom_interfaces/cmake/custom_interfaces__rosidl_typesupport_cppExport-noconfig.cmake
[23.851s] -- Up-to-date: /home/uwr/microROS_AUV/install/custom_interfaces/share/custom_interfaces/cmake/export_custom_interfaces__rosidl_generator_pyExport.cmake
[23.851s] -- Up-to-date: /home/uwr/microROS_AUV/install/custom_interfaces/share/custom_interfaces/cmake/export_custom_interfaces__rosidl_generator_pyExport-noconfig.cmake
[23.852s] -- Up-to-date: /home/uwr/microROS_AUV/install/custom_interfaces/share/custom_interfaces/cmake/rosidl_cmake-extras.cmake
[23.852s] -- Installing: /home/uwr/microROS_AUV/install/custom_interfaces/share/custom_interfaces/cmake/ament_cmake_export_include_directories-extras.cmake
[23.852s] -- Up-to-date: /home/uwr/microROS_AUV/install/custom_interfaces/share/custom_interfaces/cmake/ament_cmake_export_libraries-extras.cmake
[23.852s] -- Up-to-date: /home/uwr/microROS_AUV/install/custom_interfaces/share/custom_interfaces/cmake/ament_cmake_export_targets-extras.cmake
[23.852s] -- Up-to-date: /home/uwr/microROS_AUV/install/custom_interfaces/share/custom_interfaces/cmake/rosidl_cmake_export_typesupport_targets-extras.cmake
[23.853s] -- Up-to-date: /home/uwr/microROS_AUV/install/custom_interfaces/share/custom_interfaces/cmake/ament_cmake_export_dependencies-extras.cmake
[23.853s] -- Installing: /home/uwr/microROS_AUV/install/custom_interfaces/share/custom_interfaces/cmake/rosidl_cmake_export_typesupport_libraries-extras.cmake
[23.855s] -- Up-to-date: /home/uwr/microROS_AUV/install/custom_interfaces/share/custom_interfaces/cmake/custom_interfacesConfig.cmake
[23.857s] -- Up-to-date: /home/uwr/microROS_AUV/install/custom_interfaces/share/custom_interfaces/cmake/custom_interfacesConfig-version.cmake
[23.857s] -- Up-to-date: /home/uwr/microROS_AUV/install/custom_interfaces/share/custom_interfaces/package.xml
[23.870s] Invoked command in '/home/uwr/microROS_AUV/build/custom_interfaces' returned '0': CMAKE_PREFIX_PATH=${CMAKE_PREFIX_PATH}:/home/uwr/microROS_AUV/install/control_pkg:/home/uwr/Desktop/2024_UWR/install/sonar_subs:/opt/ros/humble /usr/bin/cmake --install /home/uwr/microROS_AUV/build/custom_interfaces
