[  8%] Built target custom_interfaces__rosidl_generator_c
[ 10%] Built target custom_interfaces__cpp
[ 10%] Built target ament_cmake_python_copy_custom_interfaces
[ 18%] Built target custom_interfaces__rosidl_typesupport_microxrcedds_c
[ 26%] Built target custom_interfaces__rosidl_typesupport_fastrtps_c
[ 34%] Built target custom_interfaces__rosidl_typesupport_c
[ 42%] Built target custom_interfaces__rosidl_typesupport_introspection_c
[ 51%] Built target custom_interfaces__rosidl_typesupport_fastrtps_cpp
[ 59%] Built target custom_interfaces__rosidl_typesupport_microxrcedds_cpp
[ 67%] Built target custom_interfaces__rosidl_typesupport_cpp
[ 75%] Built target custom_interfaces__rosidl_typesupport_introspection_cpp
[ 75%] Built target custom_interfaces
[ 77%] Built target custom_interfaces__py
[ 83%] Built target custom_interfaces__rosidl_generator_py
[ 87%] Built target custom_interfaces__rosidl_typesupport_introspection_c__pyext
[ 91%] Built target custom_interfaces__rosidl_typesupport_c__pyext
[ 95%] Built target custom_interfaces__rosidl_typesupport_microxrcedds_c__pyext
[100%] Built target custom_interfaces__rosidl_typesupport_fastrtps_c__pyext
running egg_info
writing custom_interfaces.egg-info/PKG-INFO
writing dependency_links to custom_interfaces.egg-info/dependency_links.txt
writing top-level names to custom_interfaces.egg-info/top_level.txt
reading manifest file 'custom_interfaces.egg-info/SOURCES.txt'
writing manifest file 'custom_interfaces.egg-info/SOURCES.txt'
[100%] Built target ament_cmake_python_build_custom_interfaces_egg
-- Install configuration: ""
-- Up-to-date: /home/uwr/microROS_AUV/install/custom_interfaces/share/ament_index/resource_index/rosidl_interfaces/custom_interfaces
-- Up-to-date: /home/uwr/microROS_AUV/install/custom_interfaces/include/custom_interfaces/custom_interfaces
-- Up-to-date: /home/uwr/microROS_AUV/install/custom_interfaces/include/custom_interfaces/custom_interfaces/msg
-- Up-to-date: /home/uwr/microROS_AUV/install/custom_interfaces/include/custom_interfaces/custom_interfaces/msg/rosidl_generator_c__visibility_control.h
-- Up-to-date: /home/uwr/microROS_AUV/install/custom_interfaces/include/custom_interfaces/custom_interfaces/msg/detail
-- Up-to-date: /home/uwr/microROS_AUV/install/custom_interfaces/include/custom_interfaces/custom_interfaces/msg/detail/thrusters_states__functions.h
-- Up-to-date: /home/uwr/microROS_AUV/install/custom_interfaces/include/custom_interfaces/custom_interfaces/msg/detail/thrusters_states__functions.c
-- Up-to-date: /home/uwr/microROS_AUV/install/custom_interfaces/include/custom_interfaces/custom_interfaces/msg/detail/thrusters_states__struct.h
-- Up-to-date: /home/uwr/microROS_AUV/install/custom_interfaces/include/custom_interfaces/custom_interfaces/msg/detail/thrusters_states__type_support.h
-- Up-to-date: /home/uwr/microROS_AUV/install/custom_interfaces/include/custom_interfaces/custom_interfaces/msg/thrusters_states.h
-- Up-to-date: /home/uwr/microROS_AUV/install/custom_interfaces/include/custom_interfaces/custom_interfaces/srv
-- Up-to-date: /home/uwr/microROS_AUV/install/custom_interfaces/include/custom_interfaces/custom_interfaces/srv/variable_activate.h
-- Up-to-date: /home/uwr/microROS_AUV/install/custom_interfaces/include/custom_interfaces/custom_interfaces/srv/detail
-- Up-to-date: /home/uwr/microROS_AUV/install/custom_interfaces/include/custom_interfaces/custom_interfaces/srv/detail/variable_activate__struct.h
-- Up-to-date: /home/uwr/microROS_AUV/install/custom_interfaces/include/custom_interfaces/custom_interfaces/srv/detail/variable_activate__type_support.h
-- Up-to-date: /home/uwr/microROS_AUV/install/custom_interfaces/include/custom_interfaces/custom_interfaces/srv/detail/variable_activate__functions.h
-- Up-to-date: /home/uwr/microROS_AUV/install/custom_interfaces/include/custom_interfaces/custom_interfaces/srv/detail/variable_activate__functions.c
-- Up-to-date: /home/uwr/microROS_AUV/install/custom_interfaces/share/custom_interfaces/environment/library_path.sh
-- Up-to-date: /home/uwr/microROS_AUV/install/custom_interfaces/share/custom_interfaces/environment/library_path.dsv
-- Up-to-date: /home/uwr/microROS_AUV/install/custom_interfaces/lib/libcustom_interfaces__rosidl_generator_c.so
-- Up-to-date: /home/uwr/microROS_AUV/install/custom_interfaces/include/custom_interfaces
-- Up-to-date: /home/uwr/microROS_AUV/install/custom_interfaces/include/custom_interfaces/msg
-- Up-to-date: /home/uwr/microROS_AUV/install/custom_interfaces/include/custom_interfaces/msg/rosidl_typesupport_microxrcedds_c__visibility_control.h
-- Up-to-date: /home/uwr/microROS_AUV/install/custom_interfaces/include/custom_interfaces/msg/detail
-- Up-to-date: /home/uwr/microROS_AUV/install/custom_interfaces/include/custom_interfaces/msg/detail/thrusters_states__rosidl_typesupport_microxrcedds_c.h
-- Up-to-date: /home/uwr/microROS_AUV/install/custom_interfaces/include/custom_interfaces/msg/detail/microxrcedds
-- Up-to-date: /home/uwr/microROS_AUV/install/custom_interfaces/include/custom_interfaces/srv
-- Up-to-date: /home/uwr/microROS_AUV/install/custom_interfaces/include/custom_interfaces/srv/detail
-- Up-to-date: /home/uwr/microROS_AUV/install/custom_interfaces/include/custom_interfaces/srv/detail/variable_activate__rosidl_typesupport_microxrcedds_c.h
-- Up-to-date: /home/uwr/microROS_AUV/install/custom_interfaces/include/custom_interfaces/srv/detail/microxrcedds
-- Up-to-date: /home/uwr/microROS_AUV/install/custom_interfaces/lib/libcustom_interfaces__rosidl_typesupport_microxrcedds_c.so
-- Up-to-date: /home/uwr/microROS_AUV/install/custom_interfaces/include/custom_interfaces/custom_interfaces
-- Up-to-date: /home/uwr/microROS_AUV/install/custom_interfaces/include/custom_interfaces/custom_interfaces/msg
-- Up-to-date: /home/uwr/microROS_AUV/install/custom_interfaces/include/custom_interfaces/custom_interfaces/msg/detail
-- Up-to-date: /home/uwr/microROS_AUV/install/custom_interfaces/include/custom_interfaces/custom_interfaces/msg/detail/thrusters_states__rosidl_typesupport_fastrtps_c.h
-- Up-to-date: /home/uwr/microROS_AUV/install/custom_interfaces/include/custom_interfaces/custom_interfaces/msg/rosidl_typesupport_fastrtps_c__visibility_control.h
-- Up-to-date: /home/uwr/microROS_AUV/install/custom_interfaces/include/custom_interfaces/custom_interfaces/srv
-- Up-to-date: /home/uwr/microROS_AUV/install/custom_interfaces/include/custom_interfaces/custom_interfaces/srv/detail
-- Up-to-date: /home/uwr/microROS_AUV/install/custom_interfaces/include/custom_interfaces/custom_interfaces/srv/detail/variable_activate__rosidl_typesupport_fastrtps_c.h
-- Up-to-date: /home/uwr/microROS_AUV/install/custom_interfaces/lib/libcustom_interfaces__rosidl_typesupport_fastrtps_c.so
-- Up-to-date: /home/uwr/microROS_AUV/install/custom_interfaces/include/custom_interfaces/custom_interfaces
-- Up-to-date: /home/uwr/microROS_AUV/install/custom_interfaces/include/custom_interfaces/custom_interfaces/msg
-- Up-to-date: /home/uwr/microROS_AUV/install/custom_interfaces/include/custom_interfaces/custom_interfaces/msg/rosidl_typesupport_introspection_c__visibility_control.h
-- Up-to-date: /home/uwr/microROS_AUV/install/custom_interfaces/include/custom_interfaces/custom_interfaces/msg/detail
-- Up-to-date: /home/uwr/microROS_AUV/install/custom_interfaces/include/custom_interfaces/custom_interfaces/msg/detail/thrusters_states__type_support.c
-- Up-to-date: /home/uwr/microROS_AUV/install/custom_interfaces/include/custom_interfaces/custom_interfaces/msg/detail/thrusters_states__rosidl_typesupport_introspection_c.h
-- Up-to-date: /home/uwr/microROS_AUV/install/custom_interfaces/include/custom_interfaces/custom_interfaces/srv
-- Up-to-date: /home/uwr/microROS_AUV/install/custom_interfaces/include/custom_interfaces/custom_interfaces/srv/detail
-- Up-to-date: /home/uwr/microROS_AUV/install/custom_interfaces/include/custom_interfaces/custom_interfaces/srv/detail/variable_activate__type_support.c
-- Up-to-date: /home/uwr/microROS_AUV/install/custom_interfaces/include/custom_interfaces/custom_interfaces/srv/detail/variable_activate__rosidl_typesupport_introspection_c.h
-- Up-to-date: /home/uwr/microROS_AUV/install/custom_interfaces/lib/libcustom_interfaces__rosidl_typesupport_introspection_c.so
-- Up-to-date: /home/uwr/microROS_AUV/install/custom_interfaces/lib/libcustom_interfaces__rosidl_typesupport_c.so
-- Up-to-date: /home/uwr/microROS_AUV/install/custom_interfaces/include/custom_interfaces/custom_interfaces
-- Up-to-date: /home/uwr/microROS_AUV/install/custom_interfaces/include/custom_interfaces/custom_interfaces/msg
-- Up-to-date: /home/uwr/microROS_AUV/install/custom_interfaces/include/custom_interfaces/custom_interfaces/msg/detail
-- Up-to-date: /home/uwr/microROS_AUV/install/custom_interfaces/include/custom_interfaces/custom_interfaces/msg/detail/thrusters_states__builder.hpp
-- Up-to-date: /home/uwr/microROS_AUV/install/custom_interfaces/include/custom_interfaces/custom_interfaces/msg/detail/thrusters_states__traits.hpp
-- Up-to-date: /home/uwr/microROS_AUV/install/custom_interfaces/include/custom_interfaces/custom_interfaces/msg/detail/thrusters_states__struct.hpp
-- Up-to-date: /home/uwr/microROS_AUV/install/custom_interfaces/include/custom_interfaces/custom_interfaces/msg/thrusters_states.hpp
-- Up-to-date: /home/uwr/microROS_AUV/install/custom_interfaces/include/custom_interfaces/custom_interfaces/srv
-- Up-to-date: /home/uwr/microROS_AUV/install/custom_interfaces/include/custom_interfaces/custom_interfaces/srv/detail
-- Up-to-date: /home/uwr/microROS_AUV/install/custom_interfaces/include/custom_interfaces/custom_interfaces/srv/detail/variable_activate__builder.hpp
-- Up-to-date: /home/uwr/microROS_AUV/install/custom_interfaces/include/custom_interfaces/custom_interfaces/srv/detail/variable_activate__struct.hpp
-- Up-to-date: /home/uwr/microROS_AUV/install/custom_interfaces/include/custom_interfaces/custom_interfaces/srv/detail/variable_activate__traits.hpp
-- Up-to-date: /home/uwr/microROS_AUV/install/custom_interfaces/include/custom_interfaces/custom_interfaces/srv/variable_activate.hpp
-- Up-to-date: /home/uwr/microROS_AUV/install/custom_interfaces/include/custom_interfaces
-- Up-to-date: /home/uwr/microROS_AUV/install/custom_interfaces/include/custom_interfaces/msg
-- Up-to-date: /home/uwr/microROS_AUV/install/custom_interfaces/include/custom_interfaces/msg/rosidl_typesupport_microxrcedds_cpp__visibility_control.h
-- Up-to-date: /home/uwr/microROS_AUV/install/custom_interfaces/include/custom_interfaces/msg/detail
-- Up-to-date: /home/uwr/microROS_AUV/install/custom_interfaces/include/custom_interfaces/msg/detail/thrusters_states__rosidl_typesupport_microxrcedds_cpp.hpp
-- Up-to-date: /home/uwr/microROS_AUV/install/custom_interfaces/include/custom_interfaces/msg/detail/microxrcedds
-- Up-to-date: /home/uwr/microROS_AUV/install/custom_interfaces/include/custom_interfaces/msg/detail/microxrcedds/thrusters_states__type_support_cpp.cpp
-- Up-to-date: /home/uwr/microROS_AUV/install/custom_interfaces/include/custom_interfaces/srv
-- Up-to-date: /home/uwr/microROS_AUV/install/custom_interfaces/include/custom_interfaces/srv/detail
-- Up-to-date: /home/uwr/microROS_AUV/install/custom_interfaces/include/custom_interfaces/srv/detail/variable_activate__rosidl_typesupport_microxrcedds_cpp.hpp
-- Up-to-date: /home/uwr/microROS_AUV/install/custom_interfaces/include/custom_interfaces/srv/detail/microxrcedds
-- Up-to-date: /home/uwr/microROS_AUV/install/custom_interfaces/include/custom_interfaces/srv/detail/microxrcedds/variable_activate__type_support_cpp.cpp
-- Up-to-date: /home/uwr/microROS_AUV/install/custom_interfaces/lib/libcustom_interfaces__rosidl_typesupport_microxrcedds_cpp.so
-- Up-to-date: /home/uwr/microROS_AUV/install/custom_interfaces/include/custom_interfaces/custom_interfaces
-- Up-to-date: /home/uwr/microROS_AUV/install/custom_interfaces/include/custom_interfaces/custom_interfaces/msg
-- Up-to-date: /home/uwr/microROS_AUV/install/custom_interfaces/include/custom_interfaces/custom_interfaces/msg/detail
-- Up-to-date: /home/uwr/microROS_AUV/install/custom_interfaces/include/custom_interfaces/custom_interfaces/msg/detail/thrusters_states__rosidl_typesupport_fastrtps_cpp.hpp
-- Up-to-date: /home/uwr/microROS_AUV/install/custom_interfaces/include/custom_interfaces/custom_interfaces/msg/detail/dds_fastrtps
-- Up-to-date: /home/uwr/microROS_AUV/install/custom_interfaces/include/custom_interfaces/custom_interfaces/msg/rosidl_typesupport_fastrtps_cpp__visibility_control.h
-- Up-to-date: /home/uwr/microROS_AUV/install/custom_interfaces/include/custom_interfaces/custom_interfaces/srv
-- Up-to-date: /home/uwr/microROS_AUV/install/custom_interfaces/include/custom_interfaces/custom_interfaces/srv/detail
-- Up-to-date: /home/uwr/microROS_AUV/install/custom_interfaces/include/custom_interfaces/custom_interfaces/srv/detail/variable_activate__rosidl_typesupport_fastrtps_cpp.hpp
-- Up-to-date: /home/uwr/microROS_AUV/install/custom_interfaces/include/custom_interfaces/custom_interfaces/srv/detail/dds_fastrtps
-- Up-to-date: /home/uwr/microROS_AUV/install/custom_interfaces/lib/libcustom_interfaces__rosidl_typesupport_fastrtps_cpp.so
-- Up-to-date: /home/uwr/microROS_AUV/install/custom_interfaces/include/custom_interfaces/custom_interfaces
-- Up-to-date: /home/uwr/microROS_AUV/install/custom_interfaces/include/custom_interfaces/custom_interfaces/msg
-- Up-to-date: /home/uwr/microROS_AUV/install/custom_interfaces/include/custom_interfaces/custom_interfaces/msg/detail
-- Up-to-date: /home/uwr/microROS_AUV/install/custom_interfaces/include/custom_interfaces/custom_interfaces/msg/detail/thrusters_states__type_support.cpp
-- Up-to-date: /home/uwr/microROS_AUV/install/custom_interfaces/include/custom_interfaces/custom_interfaces/msg/detail/thrusters_states__rosidl_typesupport_introspection_cpp.hpp
-- Up-to-date: /home/uwr/microROS_AUV/install/custom_interfaces/include/custom_interfaces/custom_interfaces/srv
-- Up-to-date: /home/uwr/microROS_AUV/install/custom_interfaces/include/custom_interfaces/custom_interfaces/srv/detail
-- Up-to-date: /home/uwr/microROS_AUV/install/custom_interfaces/include/custom_interfaces/custom_interfaces/srv/detail/variable_activate__rosidl_typesupport_introspection_cpp.hpp
-- Up-to-date: /home/uwr/microROS_AUV/install/custom_interfaces/include/custom_interfaces/custom_interfaces/srv/detail/variable_activate__type_support.cpp
-- Up-to-date: /home/uwr/microROS_AUV/install/custom_interfaces/lib/libcustom_interfaces__rosidl_typesupport_introspection_cpp.so
-- Up-to-date: /home/uwr/microROS_AUV/install/custom_interfaces/lib/libcustom_interfaces__rosidl_typesupport_cpp.so
-- Up-to-date: /home/uwr/microROS_AUV/install/custom_interfaces/share/custom_interfaces/environment/pythonpath.sh
-- Up-to-date: /home/uwr/microROS_AUV/install/custom_interfaces/share/custom_interfaces/environment/pythonpath.dsv
-- Up-to-date: /home/uwr/microROS_AUV/install/custom_interfaces/local/lib/python3.10/dist-packages/custom_interfaces-0.0.0-py3.10.egg-info
-- Installing: /home/uwr/microROS_AUV/install/custom_interfaces/local/lib/python3.10/dist-packages/custom_interfaces-0.0.0-py3.10.egg-info/top_level.txt
-- Installing: /home/uwr/microROS_AUV/install/custom_interfaces/local/lib/python3.10/dist-packages/custom_interfaces-0.0.0-py3.10.egg-info/dependency_links.txt
-- Installing: /home/uwr/microROS_AUV/install/custom_interfaces/local/lib/python3.10/dist-packages/custom_interfaces-0.0.0-py3.10.egg-info/PKG-INFO
-- Installing: /home/uwr/microROS_AUV/install/custom_interfaces/local/lib/python3.10/dist-packages/custom_interfaces-0.0.0-py3.10.egg-info/SOURCES.txt
-- Up-to-date: /home/uwr/microROS_AUV/install/custom_interfaces/local/lib/python3.10/dist-packages/custom_interfaces
-- Up-to-date: /home/uwr/microROS_AUV/install/custom_interfaces/local/lib/python3.10/dist-packages/custom_interfaces/custom_interfaces_s__rosidl_typesupport_microxrcedds_c.cpython-310-x86_64-linux-gnu.so
-- Up-to-date: /home/uwr/microROS_AUV/install/custom_interfaces/local/lib/python3.10/dist-packages/custom_interfaces/libcustom_interfaces__rosidl_generator_py.so
-- Up-to-date: /home/uwr/microROS_AUV/install/custom_interfaces/local/lib/python3.10/dist-packages/custom_interfaces/_custom_interfaces_s.ep.rosidl_typesupport_fastrtps_c.c
-- Up-to-date: /home/uwr/microROS_AUV/install/custom_interfaces/local/lib/python3.10/dist-packages/custom_interfaces/custom_interfaces_s__rosidl_typesupport_introspection_c.cpython-310-x86_64-linux-gnu.so
-- Up-to-date: /home/uwr/microROS_AUV/install/custom_interfaces/local/lib/python3.10/dist-packages/custom_interfaces/_custom_interfaces_s.ep.rosidl_typesupport_c.c
-- Up-to-date: /home/uwr/microROS_AUV/install/custom_interfaces/local/lib/python3.10/dist-packages/custom_interfaces/msg
-- Up-to-date: /home/uwr/microROS_AUV/install/custom_interfaces/local/lib/python3.10/dist-packages/custom_interfaces/msg/_thrusters_states.py
-- Up-to-date: /home/uwr/microROS_AUV/install/custom_interfaces/local/lib/python3.10/dist-packages/custom_interfaces/msg/_thrusters_states_s.c
-- Up-to-date: /home/uwr/microROS_AUV/install/custom_interfaces/local/lib/python3.10/dist-packages/custom_interfaces/msg/__init__.py
-- Up-to-date: /home/uwr/microROS_AUV/install/custom_interfaces/local/lib/python3.10/dist-packages/custom_interfaces/__init__.py
-- Up-to-date: /home/uwr/microROS_AUV/install/custom_interfaces/local/lib/python3.10/dist-packages/custom_interfaces/custom_interfaces_s__rosidl_typesupport_c.cpython-310-x86_64-linux-gnu.so
-- Up-to-date: /home/uwr/microROS_AUV/install/custom_interfaces/local/lib/python3.10/dist-packages/custom_interfaces/custom_interfaces_s__rosidl_typesupport_fastrtps_c.cpython-310-x86_64-linux-gnu.so
-- Up-to-date: /home/uwr/microROS_AUV/install/custom_interfaces/local/lib/python3.10/dist-packages/custom_interfaces/_custom_interfaces_s.ep.rosidl_typesupport_introspection_c.c
-- Up-to-date: /home/uwr/microROS_AUV/install/custom_interfaces/local/lib/python3.10/dist-packages/custom_interfaces/_custom_interfaces_s.ep.rosidl_typesupport_microxrcedds_c.c
-- Up-to-date: /home/uwr/microROS_AUV/install/custom_interfaces/local/lib/python3.10/dist-packages/custom_interfaces/srv
-- Up-to-date: /home/uwr/microROS_AUV/install/custom_interfaces/local/lib/python3.10/dist-packages/custom_interfaces/srv/_variable_activate_s.c
-- Up-to-date: /home/uwr/microROS_AUV/install/custom_interfaces/local/lib/python3.10/dist-packages/custom_interfaces/srv/__init__.py
-- Up-to-date: /home/uwr/microROS_AUV/install/custom_interfaces/local/lib/python3.10/dist-packages/custom_interfaces/srv/_variable_activate.py
Listing '/home/uwr/microROS_AUV/install/custom_interfaces/local/lib/python3.10/dist-packages/custom_interfaces'...
Listing '/home/uwr/microROS_AUV/install/custom_interfaces/local/lib/python3.10/dist-packages/custom_interfaces/msg'...
Listing '/home/uwr/microROS_AUV/install/custom_interfaces/local/lib/python3.10/dist-packages/custom_interfaces/srv'...
-- Up-to-date: /home/uwr/microROS_AUV/install/custom_interfaces/local/lib/python3.10/dist-packages/custom_interfaces/custom_interfaces_s__rosidl_typesupport_microxrcedds_c.cpython-310-x86_64-linux-gnu.so
-- Up-to-date: /home/uwr/microROS_AUV/install/custom_interfaces/local/lib/python3.10/dist-packages/custom_interfaces/custom_interfaces_s__rosidl_typesupport_fastrtps_c.cpython-310-x86_64-linux-gnu.so
-- Up-to-date: /home/uwr/microROS_AUV/install/custom_interfaces/local/lib/python3.10/dist-packages/custom_interfaces/custom_interfaces_s__rosidl_typesupport_introspection_c.cpython-310-x86_64-linux-gnu.so
-- Up-to-date: /home/uwr/microROS_AUV/install/custom_interfaces/local/lib/python3.10/dist-packages/custom_interfaces/custom_interfaces_s__rosidl_typesupport_c.cpython-310-x86_64-linux-gnu.so
-- Up-to-date: /home/uwr/microROS_AUV/install/custom_interfaces/lib/libcustom_interfaces__rosidl_generator_py.so
-- Up-to-date: /home/uwr/microROS_AUV/install/custom_interfaces/share/custom_interfaces/msg/ThrustersStates.idl
-- Up-to-date: /home/uwr/microROS_AUV/install/custom_interfaces/share/custom_interfaces/srv/VariableActivate.idl
-- Up-to-date: /home/uwr/microROS_AUV/install/custom_interfaces/share/custom_interfaces/msg/ThrustersStates.msg
-- Up-to-date: /home/uwr/microROS_AUV/install/custom_interfaces/share/custom_interfaces/srv/VariableActivate.srv
-- Up-to-date: /home/uwr/microROS_AUV/install/custom_interfaces/share/custom_interfaces/srv/VariableActivate_Request.msg
-- Up-to-date: /home/uwr/microROS_AUV/install/custom_interfaces/share/custom_interfaces/srv/VariableActivate_Response.msg
-- Up-to-date: /home/uwr/microROS_AUV/install/custom_interfaces/share/ament_index/resource_index/package_run_dependencies/custom_interfaces
-- Up-to-date: /home/uwr/microROS_AUV/install/custom_interfaces/share/ament_index/resource_index/parent_prefix_path/custom_interfaces
-- Up-to-date: /home/uwr/microROS_AUV/install/custom_interfaces/share/custom_interfaces/environment/ament_prefix_path.sh
-- Up-to-date: /home/uwr/microROS_AUV/install/custom_interfaces/share/custom_interfaces/environment/ament_prefix_path.dsv
-- Up-to-date: /home/uwr/microROS_AUV/install/custom_interfaces/share/custom_interfaces/environment/path.sh
-- Up-to-date: /home/uwr/microROS_AUV/install/custom_interfaces/share/custom_interfaces/environment/path.dsv
-- Up-to-date: /home/uwr/microROS_AUV/install/custom_interfaces/share/custom_interfaces/local_setup.bash
-- Up-to-date: /home/uwr/microROS_AUV/install/custom_interfaces/share/custom_interfaces/local_setup.sh
-- Up-to-date: /home/uwr/microROS_AUV/install/custom_interfaces/share/custom_interfaces/local_setup.zsh
-- Up-to-date: /home/uwr/microROS_AUV/install/custom_interfaces/share/custom_interfaces/local_setup.dsv
-- Installing: /home/uwr/microROS_AUV/install/custom_interfaces/share/custom_interfaces/package.dsv
-- Up-to-date: /home/uwr/microROS_AUV/install/custom_interfaces/share/ament_index/resource_index/packages/custom_interfaces
-- Up-to-date: /home/uwr/microROS_AUV/install/custom_interfaces/share/custom_interfaces/cmake/export_custom_interfaces__rosidl_generator_cExport.cmake
-- Up-to-date: /home/uwr/microROS_AUV/install/custom_interfaces/share/custom_interfaces/cmake/export_custom_interfaces__rosidl_generator_cExport-noconfig.cmake
-- Up-to-date: /home/uwr/microROS_AUV/install/custom_interfaces/share/custom_interfaces/cmake/export_custom_interfaces__rosidl_typesupport_fastrtps_cExport.cmake
-- Up-to-date: /home/uwr/microROS_AUV/install/custom_interfaces/share/custom_interfaces/cmake/export_custom_interfaces__rosidl_typesupport_fastrtps_cExport-noconfig.cmake
-- Up-to-date: /home/uwr/microROS_AUV/install/custom_interfaces/share/custom_interfaces/cmake/custom_interfaces__rosidl_typesupport_introspection_cExport.cmake
-- Up-to-date: /home/uwr/microROS_AUV/install/custom_interfaces/share/custom_interfaces/cmake/custom_interfaces__rosidl_typesupport_introspection_cExport-noconfig.cmake
-- Up-to-date: /home/uwr/microROS_AUV/install/custom_interfaces/share/custom_interfaces/cmake/custom_interfaces__rosidl_typesupport_cExport.cmake
-- Up-to-date: /home/uwr/microROS_AUV/install/custom_interfaces/share/custom_interfaces/cmake/custom_interfaces__rosidl_typesupport_cExport-noconfig.cmake
-- Up-to-date: /home/uwr/microROS_AUV/install/custom_interfaces/share/custom_interfaces/cmake/export_custom_interfaces__rosidl_generator_cppExport.cmake
-- Up-to-date: /home/uwr/microROS_AUV/install/custom_interfaces/share/custom_interfaces/cmake/export_custom_interfaces__rosidl_typesupport_fastrtps_cppExport.cmake
-- Up-to-date: /home/uwr/microROS_AUV/install/custom_interfaces/share/custom_interfaces/cmake/export_custom_interfaces__rosidl_typesupport_fastrtps_cppExport-noconfig.cmake
-- Up-to-date: /home/uwr/microROS_AUV/install/custom_interfaces/share/custom_interfaces/cmake/custom_interfaces__rosidl_typesupport_introspection_cppExport.cmake
-- Up-to-date: /home/uwr/microROS_AUV/install/custom_interfaces/share/custom_interfaces/cmake/custom_interfaces__rosidl_typesupport_introspection_cppExport-noconfig.cmake
-- Up-to-date: /home/uwr/microROS_AUV/install/custom_interfaces/share/custom_interfaces/cmake/custom_interfaces__rosidl_typesupport_cppExport.cmake
-- Up-to-date: /home/uwr/microROS_AUV/install/custom_interfaces/share/custom_interfaces/cmake/custom_interfaces__rosidl_typesupport_cppExport-noconfig.cmake
-- Up-to-date: /home/uwr/microROS_AUV/install/custom_interfaces/share/custom_interfaces/cmake/export_custom_interfaces__rosidl_generator_pyExport.cmake
-- Up-to-date: /home/uwr/microROS_AUV/install/custom_interfaces/share/custom_interfaces/cmake/export_custom_interfaces__rosidl_generator_pyExport-noconfig.cmake
-- Up-to-date: /home/uwr/microROS_AUV/install/custom_interfaces/share/custom_interfaces/cmake/rosidl_cmake-extras.cmake
-- Up-to-date: /home/uwr/microROS_AUV/install/custom_interfaces/share/custom_interfaces/cmake/ament_cmake_export_include_directories-extras.cmake
-- Up-to-date: /home/uwr/microROS_AUV/install/custom_interfaces/share/custom_interfaces/cmake/ament_cmake_export_libraries-extras.cmake
-- Up-to-date: /home/uwr/microROS_AUV/install/custom_interfaces/share/custom_interfaces/cmake/ament_cmake_export_targets-extras.cmake
-- Up-to-date: /home/uwr/microROS_AUV/install/custom_interfaces/share/custom_interfaces/cmake/rosidl_cmake_export_typesupport_targets-extras.cmake
-- Up-to-date: /home/uwr/microROS_AUV/install/custom_interfaces/share/custom_interfaces/cmake/ament_cmake_export_dependencies-extras.cmake
-- Up-to-date: /home/uwr/microROS_AUV/install/custom_interfaces/share/custom_interfaces/cmake/rosidl_cmake_export_typesupport_libraries-extras.cmake
-- Up-to-date: /home/uwr/microROS_AUV/install/custom_interfaces/share/custom_interfaces/cmake/custom_interfacesConfig.cmake
-- Up-to-date: /home/uwr/microROS_AUV/install/custom_interfaces/share/custom_interfaces/cmake/custom_interfacesConfig-version.cmake
-- Up-to-date: /home/uwr/microROS_AUV/install/custom_interfaces/share/custom_interfaces/package.xml
