[0.082s] Invoking command in '/home/uwr/microROS_AUV/build/custom_interfaces': CMAKE_PREFIX_PATH=${CMAKE_PREFIX_PATH}:/home/uwr/microROS_AUV/install/statistics_msgs:/home/uwr/microROS_AUV/install/control_pkg:/home/uwr/Desktop/2024_UWR/install/sonar_subs:/opt/ros/humble /usr/bin/cmake --build /home/uwr/microROS_AUV/build/custom_interfaces -- -j8 -l8
[0.401s] [  8%] Built target custom_interfaces__rosidl_generator_c
[0.537s] [ 10%] Built target custom_interfaces__cpp
[0.656s] [ 10%] Built target ament_cmake_python_copy_custom_interfaces
[0.656s] [ 18%] Built target custom_interfaces__rosidl_typesupport_microxrcedds_c
[0.701s] [ 26%] Built target custom_interfaces__rosidl_typesupport_fastrtps_c
[0.746s] [ 34%] Built target custom_interfaces__rosidl_typesupport_c
[0.761s] [ 42%] Built target custom_interfaces__rosidl_typesupport_introspection_c
[0.768s] [ 51%] Built target custom_interfaces__rosidl_typesupport_fastrtps_cpp
[0.811s] [ 59%] Built target custom_interfaces__rosidl_typesupport_microxrcedds_cpp
[0.841s] [ 67%] Built target custom_interfaces__rosidl_typesupport_cpp
[0.841s] [ 75%] Built target custom_interfaces__rosidl_typesupport_introspection_cpp
[0.970s] [ 75%] Built target custom_interfaces
[1.114s] [ 77%] Built target custom_interfaces__py
[1.282s] [ 83%] Built target custom_interfaces__rosidl_generator_py
[1.427s] [ 87%] Built target custom_interfaces__rosidl_typesupport_introspection_c__pyext
[1.455s] [ 91%] Built target custom_interfaces__rosidl_typesupport_c__pyext
[1.461s] [ 95%] Built target custom_interfaces__rosidl_typesupport_microxrcedds_c__pyext
[1.472s] [100%] Built target custom_interfaces__rosidl_typesupport_fastrtps_c__pyext
[1.889s] running egg_info
[1.896s] writing custom_interfaces.egg-info/PKG-INFO
[1.897s] writing dependency_links to custom_interfaces.egg-info/dependency_links.txt
[1.897s] writing top-level names to custom_interfaces.egg-info/top_level.txt
[1.905s] reading manifest file 'custom_interfaces.egg-info/SOURCES.txt'
[1.905s] writing manifest file 'custom_interfaces.egg-info/SOURCES.txt'
[1.992s] [100%] Built target ament_cmake_python_build_custom_interfaces_egg
[2.065s] Invoked command in '/home/uwr/microROS_AUV/build/custom_interfaces' returned '0': CMAKE_PREFIX_PATH=${CMAKE_PREFIX_PATH}:/home/uwr/microROS_AUV/install/statistics_msgs:/home/uwr/microROS_AUV/install/control_pkg:/home/uwr/Desktop/2024_UWR/install/sonar_subs:/opt/ros/humble /usr/bin/cmake --build /home/uwr/microROS_AUV/build/custom_interfaces -- -j8 -l8
[2.453s] Invoking command in '/home/uwr/microROS_AUV/build/custom_interfaces': CMAKE_PREFIX_PATH=${CMAKE_PREFIX_PATH}:/home/uwr/microROS_AUV/install/statistics_msgs:/home/uwr/microROS_AUV/install/control_pkg:/home/uwr/Desktop/2024_UWR/install/sonar_subs:/opt/ros/humble /usr/bin/cmake --install /home/uwr/microROS_AUV/build/custom_interfaces
[2.463s] -- Install configuration: ""
[2.464s] -- Up-to-date: /home/uwr/microROS_AUV/install/custom_interfaces/share/ament_index/resource_index/rosidl_interfaces/custom_interfaces
[2.465s] -- Up-to-date: /home/uwr/microROS_AUV/install/custom_interfaces/include/custom_interfaces/custom_interfaces
[2.465s] -- Up-to-date: /home/uwr/microROS_AUV/install/custom_interfaces/include/custom_interfaces/custom_interfaces/msg
[2.466s] -- Up-to-date: /home/uwr/microROS_AUV/install/custom_interfaces/include/custom_interfaces/custom_interfaces/msg/rosidl_generator_c__visibility_control.h
[2.468s] -- Up-to-date: /home/uwr/microROS_AUV/install/custom_interfaces/include/custom_interfaces/custom_interfaces/msg/detail
[2.468s] -- Up-to-date: /home/uwr/microROS_AUV/install/custom_interfaces/include/custom_interfaces/custom_interfaces/msg/detail/thrusters_states__functions.h
[2.469s] -- Up-to-date: /home/uwr/microROS_AUV/install/custom_interfaces/include/custom_interfaces/custom_interfaces/msg/detail/thrusters_states__functions.c
[2.470s] -- Up-to-date: /home/uwr/microROS_AUV/install/custom_interfaces/include/custom_interfaces/custom_interfaces/msg/detail/thrusters_states__struct.h
[2.470s] -- Up-to-date: /home/uwr/microROS_AUV/install/custom_interfaces/include/custom_interfaces/custom_interfaces/msg/detail/thrusters_states__type_support.h
[2.470s] -- Up-to-date: /home/uwr/microROS_AUV/install/custom_interfaces/include/custom_interfaces/custom_interfaces/msg/thrusters_states.h
[2.470s] -- Up-to-date: /home/uwr/microROS_AUV/install/custom_interfaces/include/custom_interfaces/custom_interfaces/srv
[2.471s] -- Up-to-date: /home/uwr/microROS_AUV/install/custom_interfaces/include/custom_interfaces/custom_interfaces/srv/variable_activate.h
[2.471s] -- Up-to-date: /home/uwr/microROS_AUV/install/custom_interfaces/include/custom_interfaces/custom_interfaces/srv/detail
[2.472s] -- Up-to-date: /home/uwr/microROS_AUV/install/custom_interfaces/include/custom_interfaces/custom_interfaces/srv/detail/variable_activate__struct.h
[2.472s] -- Up-to-date: /home/uwr/microROS_AUV/install/custom_interfaces/include/custom_interfaces/custom_interfaces/srv/detail/variable_activate__type_support.h
[2.472s] -- Up-to-date: /home/uwr/microROS_AUV/install/custom_interfaces/include/custom_interfaces/custom_interfaces/srv/detail/variable_activate__functions.h
[2.474s] -- Up-to-date: /home/uwr/microROS_AUV/install/custom_interfaces/include/custom_interfaces/custom_interfaces/srv/detail/variable_activate__functions.c
[2.475s] -- Up-to-date: /home/uwr/microROS_AUV/install/custom_interfaces/share/custom_interfaces/environment/library_path.sh
[2.475s] -- Up-to-date: /home/uwr/microROS_AUV/install/custom_interfaces/share/custom_interfaces/environment/library_path.dsv
[2.476s] -- Up-to-date: /home/uwr/microROS_AUV/install/custom_interfaces/lib/libcustom_interfaces__rosidl_generator_c.so
[2.477s] -- Up-to-date: /home/uwr/microROS_AUV/install/custom_interfaces/include/custom_interfaces
[2.477s] -- Up-to-date: /home/uwr/microROS_AUV/install/custom_interfaces/include/custom_interfaces/msg
[2.478s] -- Up-to-date: /home/uwr/microROS_AUV/install/custom_interfaces/include/custom_interfaces/msg/rosidl_typesupport_microxrcedds_c__visibility_control.h
[2.480s] -- Up-to-date: /home/uwr/microROS_AUV/install/custom_interfaces/include/custom_interfaces/msg/detail
[2.481s] -- Up-to-date: /home/uwr/microROS_AUV/install/custom_interfaces/include/custom_interfaces/msg/detail/thrusters_states__rosidl_typesupport_microxrcedds_c.h
[2.481s] -- Up-to-date: /home/uwr/microROS_AUV/install/custom_interfaces/include/custom_interfaces/msg/detail/microxrcedds
[2.481s] -- Up-to-date: /home/uwr/microROS_AUV/install/custom_interfaces/include/custom_interfaces/srv
[2.482s] -- Up-to-date: /home/uwr/microROS_AUV/install/custom_interfaces/include/custom_interfaces/srv/detail
[2.482s] -- Up-to-date: /home/uwr/microROS_AUV/install/custom_interfaces/include/custom_interfaces/srv/detail/variable_activate__rosidl_typesupport_microxrcedds_c.h
[2.482s] -- Up-to-date: /home/uwr/microROS_AUV/install/custom_interfaces/include/custom_interfaces/srv/detail/microxrcedds
[2.484s] -- Up-to-date: /home/uwr/microROS_AUV/install/custom_interfaces/lib/libcustom_interfaces__rosidl_typesupport_microxrcedds_c.so
[2.485s] -- Up-to-date: /home/uwr/microROS_AUV/install/custom_interfaces/include/custom_interfaces/custom_interfaces
[2.485s] -- Up-to-date: /home/uwr/microROS_AUV/install/custom_interfaces/include/custom_interfaces/custom_interfaces/msg
[2.487s] -- Up-to-date: /home/uwr/microROS_AUV/install/custom_interfaces/include/custom_interfaces/custom_interfaces/msg/detail
[2.488s] -- Up-to-date: /home/uwr/microROS_AUV/install/custom_interfaces/include/custom_interfaces/custom_interfaces/msg/detail/thrusters_states__rosidl_typesupport_fastrtps_c.h
[2.488s] -- Up-to-date: /home/uwr/microROS_AUV/install/custom_interfaces/include/custom_interfaces/custom_interfaces/msg/rosidl_typesupport_fastrtps_c__visibility_control.h
[2.488s] -- Up-to-date: /home/uwr/microROS_AUV/install/custom_interfaces/include/custom_interfaces/custom_interfaces/srv
[2.488s] -- Up-to-date: /home/uwr/microROS_AUV/install/custom_interfaces/include/custom_interfaces/custom_interfaces/srv/detail
[2.488s] -- Up-to-date: /home/uwr/microROS_AUV/install/custom_interfaces/include/custom_interfaces/custom_interfaces/srv/detail/variable_activate__rosidl_typesupport_fastrtps_c.h
[2.488s] -- Up-to-date: /home/uwr/microROS_AUV/install/custom_interfaces/lib/libcustom_interfaces__rosidl_typesupport_fastrtps_c.so
[2.489s] -- Up-to-date: /home/uwr/microROS_AUV/install/custom_interfaces/include/custom_interfaces/custom_interfaces
[2.489s] -- Up-to-date: /home/uwr/microROS_AUV/install/custom_interfaces/include/custom_interfaces/custom_interfaces/msg
[2.492s] -- Up-to-date: /home/uwr/microROS_AUV/install/custom_interfaces/include/custom_interfaces/custom_interfaces/msg/rosidl_typesupport_introspection_c__visibility_control.h
[2.492s] -- Up-to-date: /home/uwr/microROS_AUV/install/custom_interfaces/include/custom_interfaces/custom_interfaces/msg/detail
[2.492s] -- Up-to-date: /home/uwr/microROS_AUV/install/custom_interfaces/include/custom_interfaces/custom_interfaces/msg/detail/thrusters_states__type_support.c
[2.492s] -- Up-to-date: /home/uwr/microROS_AUV/install/custom_interfaces/include/custom_interfaces/custom_interfaces/msg/detail/thrusters_states__rosidl_typesupport_introspection_c.h
[2.492s] -- Up-to-date: /home/uwr/microROS_AUV/install/custom_interfaces/include/custom_interfaces/custom_interfaces/srv
[2.493s] -- Up-to-date: /home/uwr/microROS_AUV/install/custom_interfaces/include/custom_interfaces/custom_interfaces/srv/detail
[2.493s] -- Up-to-date: /home/uwr/microROS_AUV/install/custom_interfaces/include/custom_interfaces/custom_interfaces/srv/detail/variable_activate__type_support.c
[2.493s] -- Up-to-date: /home/uwr/microROS_AUV/install/custom_interfaces/include/custom_interfaces/custom_interfaces/srv/detail/variable_activate__rosidl_typesupport_introspection_c.h
[2.493s] -- Up-to-date: /home/uwr/microROS_AUV/install/custom_interfaces/lib/libcustom_interfaces__rosidl_typesupport_introspection_c.so
[2.495s] -- Up-to-date: /home/uwr/microROS_AUV/install/custom_interfaces/lib/libcustom_interfaces__rosidl_typesupport_c.so
[2.501s] -- Up-to-date: /home/uwr/microROS_AUV/install/custom_interfaces/include/custom_interfaces/custom_interfaces
[2.502s] -- Up-to-date: /home/uwr/microROS_AUV/install/custom_interfaces/include/custom_interfaces/custom_interfaces/msg
[2.502s] -- Up-to-date: /home/uwr/microROS_AUV/install/custom_interfaces/include/custom_interfaces/custom_interfaces/msg/detail
[2.502s] -- Up-to-date: /home/uwr/microROS_AUV/install/custom_interfaces/include/custom_interfaces/custom_interfaces/msg/detail/thrusters_states__builder.hpp
[2.502s] -- Up-to-date: /home/uwr/microROS_AUV/install/custom_interfaces/include/custom_interfaces/custom_interfaces/msg/detail/thrusters_states__traits.hpp
[2.502s] -- Up-to-date: /home/uwr/microROS_AUV/install/custom_interfaces/include/custom_interfaces/custom_interfaces/msg/detail/thrusters_states__struct.hpp
[2.502s] -- Up-to-date: /home/uwr/microROS_AUV/install/custom_interfaces/include/custom_interfaces/custom_interfaces/msg/thrusters_states.hpp
[2.503s] -- Up-to-date: /home/uwr/microROS_AUV/install/custom_interfaces/include/custom_interfaces/custom_interfaces/srv
[2.503s] -- Up-to-date: /home/uwr/microROS_AUV/install/custom_interfaces/include/custom_interfaces/custom_interfaces/srv/detail
[2.503s] -- Up-to-date: /home/uwr/microROS_AUV/install/custom_interfaces/include/custom_interfaces/custom_interfaces/srv/detail/variable_activate__builder.hpp
[2.503s] -- Up-to-date: /home/uwr/microROS_AUV/install/custom_interfaces/include/custom_interfaces/custom_interfaces/srv/detail/variable_activate__struct.hpp
[2.503s] -- Up-to-date: /home/uwr/microROS_AUV/install/custom_interfaces/include/custom_interfaces/custom_interfaces/srv/detail/variable_activate__traits.hpp
[2.504s] -- Up-to-date: /home/uwr/microROS_AUV/install/custom_interfaces/include/custom_interfaces/custom_interfaces/srv/variable_activate.hpp
[2.504s] -- Up-to-date: /home/uwr/microROS_AUV/install/custom_interfaces/include/custom_interfaces
[2.504s] -- Up-to-date: /home/uwr/microROS_AUV/install/custom_interfaces/include/custom_interfaces/msg
[2.507s] -- Up-to-date: /home/uwr/microROS_AUV/install/custom_interfaces/include/custom_interfaces/msg/rosidl_typesupport_microxrcedds_cpp__visibility_control.h
[2.507s] -- Up-to-date: /home/uwr/microROS_AUV/install/custom_interfaces/include/custom_interfaces/msg/detail
[2.508s] -- Up-to-date: /home/uwr/microROS_AUV/install/custom_interfaces/include/custom_interfaces/msg/detail/thrusters_states__rosidl_typesupport_microxrcedds_cpp.hpp
[2.509s] -- Up-to-date: /home/uwr/microROS_AUV/install/custom_interfaces/include/custom_interfaces/msg/detail/microxrcedds
[2.509s] -- Up-to-date: /home/uwr/microROS_AUV/install/custom_interfaces/include/custom_interfaces/msg/detail/microxrcedds/thrusters_states__type_support_cpp.cpp
[2.509s] -- Up-to-date: /home/uwr/microROS_AUV/install/custom_interfaces/include/custom_interfaces/srv
[2.510s] -- Up-to-date: /home/uwr/microROS_AUV/install/custom_interfaces/include/custom_interfaces/srv/detail
[2.510s] -- Up-to-date: /home/uwr/microROS_AUV/install/custom_interfaces/include/custom_interfaces/srv/detail/variable_activate__rosidl_typesupport_microxrcedds_cpp.hpp
[2.510s] -- Up-to-date: /home/uwr/microROS_AUV/install/custom_interfaces/include/custom_interfaces/srv/detail/microxrcedds
[2.510s] -- Up-to-date: /home/uwr/microROS_AUV/install/custom_interfaces/include/custom_interfaces/srv/detail/microxrcedds/variable_activate__type_support_cpp.cpp
[2.510s] -- Up-to-date: /home/uwr/microROS_AUV/install/custom_interfaces/lib/libcustom_interfaces__rosidl_typesupport_microxrcedds_cpp.so
[2.511s] -- Up-to-date: /home/uwr/microROS_AUV/install/custom_interfaces/include/custom_interfaces/custom_interfaces
[2.511s] -- Up-to-date: /home/uwr/microROS_AUV/install/custom_interfaces/include/custom_interfaces/custom_interfaces/msg
[2.511s] -- Up-to-date: /home/uwr/microROS_AUV/install/custom_interfaces/include/custom_interfaces/custom_interfaces/msg/detail
[2.511s] -- Up-to-date: /home/uwr/microROS_AUV/install/custom_interfaces/include/custom_interfaces/custom_interfaces/msg/detail/thrusters_states__rosidl_typesupport_fastrtps_cpp.hpp
[2.512s] -- Up-to-date: /home/uwr/microROS_AUV/install/custom_interfaces/include/custom_interfaces/custom_interfaces/msg/detail/dds_fastrtps
[2.512s] -- Up-to-date: /home/uwr/microROS_AUV/install/custom_interfaces/include/custom_interfaces/custom_interfaces/msg/rosidl_typesupport_fastrtps_cpp__visibility_control.h
[2.512s] -- Up-to-date: /home/uwr/microROS_AUV/install/custom_interfaces/include/custom_interfaces/custom_interfaces/srv
[2.513s] -- Up-to-date: /home/uwr/microROS_AUV/install/custom_interfaces/include/custom_interfaces/custom_interfaces/srv/detail
[2.513s] -- Up-to-date: /home/uwr/microROS_AUV/install/custom_interfaces/include/custom_interfaces/custom_interfaces/srv/detail/variable_activate__rosidl_typesupport_fastrtps_cpp.hpp
[2.513s] -- Up-to-date: /home/uwr/microROS_AUV/install/custom_interfaces/include/custom_interfaces/custom_interfaces/srv/detail/dds_fastrtps
[2.515s] -- Up-to-date: /home/uwr/microROS_AUV/install/custom_interfaces/lib/libcustom_interfaces__rosidl_typesupport_fastrtps_cpp.so
[2.517s] -- Up-to-date: /home/uwr/microROS_AUV/install/custom_interfaces/include/custom_interfaces/custom_interfaces
[2.517s] -- Up-to-date: /home/uwr/microROS_AUV/install/custom_interfaces/include/custom_interfaces/custom_interfaces/msg
[2.517s] -- Up-to-date: /home/uwr/microROS_AUV/install/custom_interfaces/include/custom_interfaces/custom_interfaces/msg/detail
[2.517s] -- Up-to-date: /home/uwr/microROS_AUV/install/custom_interfaces/include/custom_interfaces/custom_interfaces/msg/detail/thrusters_states__type_support.cpp
[2.517s] -- Up-to-date: /home/uwr/microROS_AUV/install/custom_interfaces/include/custom_interfaces/custom_interfaces/msg/detail/thrusters_states__rosidl_typesupport_introspection_cpp.hpp
[2.518s] -- Up-to-date: /home/uwr/microROS_AUV/install/custom_interfaces/include/custom_interfaces/custom_interfaces/srv
[2.519s] -- Up-to-date: /home/uwr/microROS_AUV/install/custom_interfaces/include/custom_interfaces/custom_interfaces/srv/detail
[2.519s] -- Up-to-date: /home/uwr/microROS_AUV/install/custom_interfaces/include/custom_interfaces/custom_interfaces/srv/detail/variable_activate__rosidl_typesupport_introspection_cpp.hpp
[2.519s] -- Up-to-date: /home/uwr/microROS_AUV/install/custom_interfaces/include/custom_interfaces/custom_interfaces/srv/detail/variable_activate__type_support.cpp
[2.519s] -- Up-to-date: /home/uwr/microROS_AUV/install/custom_interfaces/lib/libcustom_interfaces__rosidl_typesupport_introspection_cpp.so
[2.520s] -- Up-to-date: /home/uwr/microROS_AUV/install/custom_interfaces/lib/libcustom_interfaces__rosidl_typesupport_cpp.so
[2.520s] -- Up-to-date: /home/uwr/microROS_AUV/install/custom_interfaces/share/custom_interfaces/environment/pythonpath.sh
[2.521s] -- Up-to-date: /home/uwr/microROS_AUV/install/custom_interfaces/share/custom_interfaces/environment/pythonpath.dsv
[2.521s] -- Up-to-date: /home/uwr/microROS_AUV/install/custom_interfaces/local/lib/python3.10/dist-packages/custom_interfaces-0.0.0-py3.10.egg-info
[2.521s] -- Installing: /home/uwr/microROS_AUV/install/custom_interfaces/local/lib/python3.10/dist-packages/custom_interfaces-0.0.0-py3.10.egg-info/top_level.txt
[2.521s] -- Installing: /home/uwr/microROS_AUV/install/custom_interfaces/local/lib/python3.10/dist-packages/custom_interfaces-0.0.0-py3.10.egg-info/dependency_links.txt
[2.522s] -- Installing: /home/uwr/microROS_AUV/install/custom_interfaces/local/lib/python3.10/dist-packages/custom_interfaces-0.0.0-py3.10.egg-info/PKG-INFO
[2.522s] -- Installing: /home/uwr/microROS_AUV/install/custom_interfaces/local/lib/python3.10/dist-packages/custom_interfaces-0.0.0-py3.10.egg-info/SOURCES.txt
[2.522s] -- Up-to-date: /home/uwr/microROS_AUV/install/custom_interfaces/local/lib/python3.10/dist-packages/custom_interfaces
[2.523s] -- Up-to-date: /home/uwr/microROS_AUV/install/custom_interfaces/local/lib/python3.10/dist-packages/custom_interfaces/custom_interfaces_s__rosidl_typesupport_microxrcedds_c.cpython-310-x86_64-linux-gnu.so
[2.523s] -- Up-to-date: /home/uwr/microROS_AUV/install/custom_interfaces/local/lib/python3.10/dist-packages/custom_interfaces/libcustom_interfaces__rosidl_generator_py.so
[2.524s] -- Up-to-date: /home/uwr/microROS_AUV/install/custom_interfaces/local/lib/python3.10/dist-packages/custom_interfaces/_custom_interfaces_s.ep.rosidl_typesupport_fastrtps_c.c
[2.525s] -- Up-to-date: /home/uwr/microROS_AUV/install/custom_interfaces/local/lib/python3.10/dist-packages/custom_interfaces/custom_interfaces_s__rosidl_typesupport_introspection_c.cpython-310-x86_64-linux-gnu.so
[2.525s] -- Up-to-date: /home/uwr/microROS_AUV/install/custom_interfaces/local/lib/python3.10/dist-packages/custom_interfaces/_custom_interfaces_s.ep.rosidl_typesupport_c.c
[2.525s] -- Up-to-date: /home/uwr/microROS_AUV/install/custom_interfaces/local/lib/python3.10/dist-packages/custom_interfaces/msg
[2.526s] -- Up-to-date: /home/uwr/microROS_AUV/install/custom_interfaces/local/lib/python3.10/dist-packages/custom_interfaces/msg/_thrusters_states.py
[2.526s] -- Up-to-date: /home/uwr/microROS_AUV/install/custom_interfaces/local/lib/python3.10/dist-packages/custom_interfaces/msg/_thrusters_states_s.c
[2.526s] -- Up-to-date: /home/uwr/microROS_AUV/install/custom_interfaces/local/lib/python3.10/dist-packages/custom_interfaces/msg/__init__.py
[2.526s] -- Up-to-date: /home/uwr/microROS_AUV/install/custom_interfaces/local/lib/python3.10/dist-packages/custom_interfaces/__init__.py
[2.526s] -- Up-to-date: /home/uwr/microROS_AUV/install/custom_interfaces/local/lib/python3.10/dist-packages/custom_interfaces/custom_interfaces_s__rosidl_typesupport_c.cpython-310-x86_64-linux-gnu.so
[2.526s] -- Up-to-date: /home/uwr/microROS_AUV/install/custom_interfaces/local/lib/python3.10/dist-packages/custom_interfaces/custom_interfaces_s__rosidl_typesupport_fastrtps_c.cpython-310-x86_64-linux-gnu.so
[2.529s] -- Up-to-date: /home/uwr/microROS_AUV/install/custom_interfaces/local/lib/python3.10/dist-packages/custom_interfaces/_custom_interfaces_s.ep.rosidl_typesupport_introspection_c.c
[2.529s] -- Up-to-date: /home/uwr/microROS_AUV/install/custom_interfaces/local/lib/python3.10/dist-packages/custom_interfaces/_custom_interfaces_s.ep.rosidl_typesupport_microxrcedds_c.c
[2.529s] -- Up-to-date: /home/uwr/microROS_AUV/install/custom_interfaces/local/lib/python3.10/dist-packages/custom_interfaces/srv
[2.530s] -- Up-to-date: /home/uwr/microROS_AUV/install/custom_interfaces/local/lib/python3.10/dist-packages/custom_interfaces/srv/_variable_activate_s.c
[2.531s] -- Up-to-date: /home/uwr/microROS_AUV/install/custom_interfaces/local/lib/python3.10/dist-packages/custom_interfaces/srv/__init__.py
[2.531s] -- Up-to-date: /home/uwr/microROS_AUV/install/custom_interfaces/local/lib/python3.10/dist-packages/custom_interfaces/srv/_variable_activate.py
[2.633s] Listing '/home/uwr/microROS_AUV/install/custom_interfaces/local/lib/python3.10/dist-packages/custom_interfaces'...
[2.633s] Listing '/home/uwr/microROS_AUV/install/custom_interfaces/local/lib/python3.10/dist-packages/custom_interfaces/msg'...
[2.634s] Listing '/home/uwr/microROS_AUV/install/custom_interfaces/local/lib/python3.10/dist-packages/custom_interfaces/srv'...
[2.650s] -- Up-to-date: /home/uwr/microROS_AUV/install/custom_interfaces/local/lib/python3.10/dist-packages/custom_interfaces/custom_interfaces_s__rosidl_typesupport_microxrcedds_c.cpython-310-x86_64-linux-gnu.so
[2.662s] -- Up-to-date: /home/uwr/microROS_AUV/install/custom_interfaces/local/lib/python3.10/dist-packages/custom_interfaces/custom_interfaces_s__rosidl_typesupport_fastrtps_c.cpython-310-x86_64-linux-gnu.so
[2.662s] -- Up-to-date: /home/uwr/microROS_AUV/install/custom_interfaces/local/lib/python3.10/dist-packages/custom_interfaces/custom_interfaces_s__rosidl_typesupport_introspection_c.cpython-310-x86_64-linux-gnu.so
[2.673s] -- Up-to-date: /home/uwr/microROS_AUV/install/custom_interfaces/local/lib/python3.10/dist-packages/custom_interfaces/custom_interfaces_s__rosidl_typesupport_c.cpython-310-x86_64-linux-gnu.so
[2.674s] -- Up-to-date: /home/uwr/microROS_AUV/install/custom_interfaces/lib/libcustom_interfaces__rosidl_generator_py.so
[2.681s] -- Up-to-date: /home/uwr/microROS_AUV/install/custom_interfaces/share/custom_interfaces/msg/ThrustersStates.idl
[2.681s] -- Up-to-date: /home/uwr/microROS_AUV/install/custom_interfaces/share/custom_interfaces/srv/VariableActivate.idl
[2.681s] -- Up-to-date: /home/uwr/microROS_AUV/install/custom_interfaces/share/custom_interfaces/msg/ThrustersStates.msg
[2.682s] -- Up-to-date: /home/uwr/microROS_AUV/install/custom_interfaces/share/custom_interfaces/srv/VariableActivate.srv
[2.682s] -- Up-to-date: /home/uwr/microROS_AUV/install/custom_interfaces/share/custom_interfaces/srv/VariableActivate_Request.msg
[2.682s] -- Up-to-date: /home/uwr/microROS_AUV/install/custom_interfaces/share/custom_interfaces/srv/VariableActivate_Response.msg
[2.682s] -- Up-to-date: /home/uwr/microROS_AUV/install/custom_interfaces/share/ament_index/resource_index/package_run_dependencies/custom_interfaces
[2.683s] -- Up-to-date: /home/uwr/microROS_AUV/install/custom_interfaces/share/ament_index/resource_index/parent_prefix_path/custom_interfaces
[2.683s] -- Up-to-date: /home/uwr/microROS_AUV/install/custom_interfaces/share/custom_interfaces/environment/ament_prefix_path.sh
[2.684s] -- Up-to-date: /home/uwr/microROS_AUV/install/custom_interfaces/share/custom_interfaces/environment/ament_prefix_path.dsv
[2.686s] -- Up-to-date: /home/uwr/microROS_AUV/install/custom_interfaces/share/custom_interfaces/environment/path.sh
[2.686s] -- Up-to-date: /home/uwr/microROS_AUV/install/custom_interfaces/share/custom_interfaces/environment/path.dsv
[2.686s] -- Up-to-date: /home/uwr/microROS_AUV/install/custom_interfaces/share/custom_interfaces/local_setup.bash
[2.687s] -- Up-to-date: /home/uwr/microROS_AUV/install/custom_interfaces/share/custom_interfaces/local_setup.sh
[2.687s] -- Up-to-date: /home/uwr/microROS_AUV/install/custom_interfaces/share/custom_interfaces/local_setup.zsh
[2.687s] -- Up-to-date: /home/uwr/microROS_AUV/install/custom_interfaces/share/custom_interfaces/local_setup.dsv
[2.687s] -- Installing: /home/uwr/microROS_AUV/install/custom_interfaces/share/custom_interfaces/package.dsv
[2.693s] -- Up-to-date: /home/uwr/microROS_AUV/install/custom_interfaces/share/ament_index/resource_index/packages/custom_interfaces
[2.709s] -- Up-to-date: /home/uwr/microROS_AUV/install/custom_interfaces/share/custom_interfaces/cmake/export_custom_interfaces__rosidl_generator_cExport.cmake
[2.710s] -- Up-to-date: /home/uwr/microROS_AUV/install/custom_interfaces/share/custom_interfaces/cmake/export_custom_interfaces__rosidl_generator_cExport-noconfig.cmake
[2.710s] -- Up-to-date: /home/uwr/microROS_AUV/install/custom_interfaces/share/custom_interfaces/cmake/export_custom_interfaces__rosidl_typesupport_fastrtps_cExport.cmake
[2.711s] -- Up-to-date: /home/uwr/microROS_AUV/install/custom_interfaces/share/custom_interfaces/cmake/export_custom_interfaces__rosidl_typesupport_fastrtps_cExport-noconfig.cmake
[2.711s] -- Up-to-date: /home/uwr/microROS_AUV/install/custom_interfaces/share/custom_interfaces/cmake/custom_interfaces__rosidl_typesupport_introspection_cExport.cmake
[2.712s] -- Up-to-date: /home/uwr/microROS_AUV/install/custom_interfaces/share/custom_interfaces/cmake/custom_interfaces__rosidl_typesupport_introspection_cExport-noconfig.cmake
[2.713s] -- Up-to-date: /home/uwr/microROS_AUV/install/custom_interfaces/share/custom_interfaces/cmake/custom_interfaces__rosidl_typesupport_cExport.cmake
[2.713s] -- Up-to-date: /home/uwr/microROS_AUV/install/custom_interfaces/share/custom_interfaces/cmake/custom_interfaces__rosidl_typesupport_cExport-noconfig.cmake
[2.715s] -- Up-to-date: /home/uwr/microROS_AUV/install/custom_interfaces/share/custom_interfaces/cmake/export_custom_interfaces__rosidl_generator_cppExport.cmake
[2.715s] -- Up-to-date: /home/uwr/microROS_AUV/install/custom_interfaces/share/custom_interfaces/cmake/export_custom_interfaces__rosidl_typesupport_fastrtps_cppExport.cmake
[2.715s] -- Up-to-date: /home/uwr/microROS_AUV/install/custom_interfaces/share/custom_interfaces/cmake/export_custom_interfaces__rosidl_typesupport_fastrtps_cppExport-noconfig.cmake
[2.716s] -- Up-to-date: /home/uwr/microROS_AUV/install/custom_interfaces/share/custom_interfaces/cmake/custom_interfaces__rosidl_typesupport_introspection_cppExport.cmake
[2.716s] -- Up-to-date: /home/uwr/microROS_AUV/install/custom_interfaces/share/custom_interfaces/cmake/custom_interfaces__rosidl_typesupport_introspection_cppExport-noconfig.cmake
[2.722s] -- Up-to-date: /home/uwr/microROS_AUV/install/custom_interfaces/share/custom_interfaces/cmake/custom_interfaces__rosidl_typesupport_cppExport.cmake
[2.722s] -- Up-to-date: /home/uwr/microROS_AUV/install/custom_interfaces/share/custom_interfaces/cmake/custom_interfaces__rosidl_typesupport_cppExport-noconfig.cmake
[2.722s] -- Up-to-date: /home/uwr/microROS_AUV/install/custom_interfaces/share/custom_interfaces/cmake/export_custom_interfaces__rosidl_generator_pyExport.cmake
[2.723s] -- Up-to-date: /home/uwr/microROS_AUV/install/custom_interfaces/share/custom_interfaces/cmake/export_custom_interfaces__rosidl_generator_pyExport-noconfig.cmake
[2.724s] -- Up-to-date: /home/uwr/microROS_AUV/install/custom_interfaces/share/custom_interfaces/cmake/rosidl_cmake-extras.cmake
[2.724s] -- Up-to-date: /home/uwr/microROS_AUV/install/custom_interfaces/share/custom_interfaces/cmake/ament_cmake_export_include_directories-extras.cmake
[2.724s] -- Up-to-date: /home/uwr/microROS_AUV/install/custom_interfaces/share/custom_interfaces/cmake/ament_cmake_export_libraries-extras.cmake
[2.724s] -- Up-to-date: /home/uwr/microROS_AUV/install/custom_interfaces/share/custom_interfaces/cmake/ament_cmake_export_targets-extras.cmake
[2.724s] -- Up-to-date: /home/uwr/microROS_AUV/install/custom_interfaces/share/custom_interfaces/cmake/rosidl_cmake_export_typesupport_targets-extras.cmake
[2.725s] -- Up-to-date: /home/uwr/microROS_AUV/install/custom_interfaces/share/custom_interfaces/cmake/ament_cmake_export_dependencies-extras.cmake
[2.725s] -- Up-to-date: /home/uwr/microROS_AUV/install/custom_interfaces/share/custom_interfaces/cmake/rosidl_cmake_export_typesupport_libraries-extras.cmake
[2.725s] -- Up-to-date: /home/uwr/microROS_AUV/install/custom_interfaces/share/custom_interfaces/cmake/custom_interfacesConfig.cmake
[2.725s] -- Up-to-date: /home/uwr/microROS_AUV/install/custom_interfaces/share/custom_interfaces/cmake/custom_interfacesConfig-version.cmake
[2.725s] -- Up-to-date: /home/uwr/microROS_AUV/install/custom_interfaces/share/custom_interfaces/package.xml
[2.748s] Invoked command in '/home/uwr/microROS_AUV/build/custom_interfaces' returned '0': CMAKE_PREFIX_PATH=${CMAKE_PREFIX_PATH}:/home/uwr/microROS_AUV/install/statistics_msgs:/home/uwr/microROS_AUV/install/control_pkg:/home/uwr/Desktop/2024_UWR/install/sonar_subs:/opt/ros/humble /usr/bin/cmake --install /home/uwr/microROS_AUV/build/custom_interfaces
