[0.080s] Invoking command in '/home/uwr/microROS_AUV/build/micro_ros_msgs': CMAKE_PREFIX_PATH=${CMAKE_PREFIX_PATH}:/home/uwr/microROS_AUV/install/control_pkg:/home/uwr/Desktop/2024_UWR/install/sonar_subs:/opt/ros/humble /usr/bin/cmake --build /home/uwr/microROS_AUV/build/micro_ros_msgs -- -j8 -l8
[0.225s] [35m[1mConsolidate compiler generated dependencies of target micro_ros_msgs__rosidl_generator_c[0m
[0.300s] [  1%] Built target micro_ros_msgs__cpp
[0.310s] [ 10%] Built target micro_ros_msgs__rosidl_generator_c
[0.388s] [35m[1mConsolidate compiler generated dependencies of target micro_ros_msgs__rosidl_typesupport_fastrtps_cpp[0m
[0.419s] [35m[1mConsolidate compiler generated dependencies of target micro_ros_msgs__rosidl_typesupport_introspection_cpp[0m
[0.419s] [35m[1mConsolidate compiler generated dependencies of target micro_ros_msgs__rosidl_typesupport_cpp[0m
[0.427s] [ 10%] Built target ament_cmake_python_copy_micro_ros_msgs
[0.434s] [35m[1mConsolidate compiler generated dependencies of target micro_ros_msgs__rosidl_typesupport_microxrcedds_c[0m
[0.457s] [35m[1mConsolidate compiler generated dependencies of target micro_ros_msgs__rosidl_typesupport_microxrcedds_cpp[0m
[0.457s] [35m[1mConsolidate compiler generated dependencies of target micro_ros_msgs__rosidl_typesupport_introspection_c[0m
[0.476s] [35m[1mConsolidate compiler generated dependencies of target micro_ros_msgs__rosidl_typesupport_fastrtps_c[0m
[0.632s] [ 18%] Built target micro_ros_msgs__rosidl_typesupport_cpp
[0.652s] [ 27%] Built target micro_ros_msgs__rosidl_typesupport_microxrcedds_c
[0.706s] [ 35%] Built target micro_ros_msgs__rosidl_typesupport_introspection_cpp
[0.711s] [ 44%] Built target micro_ros_msgs__rosidl_typesupport_microxrcedds_cpp
[0.712s] [ 52%] Built target micro_ros_msgs__rosidl_typesupport_fastrtps_c
[0.736s] [35m[1mConsolidate compiler generated dependencies of target micro_ros_msgs__rosidl_typesupport_c[0m
[0.737s] [ 61%] Built target micro_ros_msgs__rosidl_typesupport_introspection_c
[0.737s] [ 69%] Built target micro_ros_msgs__rosidl_typesupport_fastrtps_cpp
[0.883s] [ 77%] Built target micro_ros_msgs__rosidl_typesupport_c
[1.060s] [ 77%] Built target micro_ros_msgs
[1.206s] [ 79%] Built target micro_ros_msgs__py
[1.293s] [35m[1mConsolidate compiler generated dependencies of target micro_ros_msgs__rosidl_generator_py[0m
[1.389s] [ 86%] Built target micro_ros_msgs__rosidl_generator_py
[1.489s] [35m[1mConsolidate compiler generated dependencies of target micro_ros_msgs__rosidl_typesupport_c__pyext[0m
[1.522s] [35m[1mConsolidate compiler generated dependencies of target micro_ros_msgs__rosidl_typesupport_microxrcedds_c__pyext[0m
[1.541s] [35m[1mConsolidate compiler generated dependencies of target micro_ros_msgs__rosidl_typesupport_fastrtps_c__pyext[0m
[1.549s] [35m[1mConsolidate compiler generated dependencies of target micro_ros_msgs__rosidl_typesupport_introspection_c__pyext[0m
[1.723s] [ 89%] Built target micro_ros_msgs__rosidl_typesupport_fastrtps_c__pyext
[1.725s] [ 93%] Built target micro_ros_msgs__rosidl_typesupport_introspection_c__pyext
[1.746s] [ 96%] Built target micro_ros_msgs__rosidl_typesupport_microxrcedds_c__pyext
[1.750s] [100%] Built target micro_ros_msgs__rosidl_typesupport_c__pyext
[2.486s] running egg_info
[2.487s] writing micro_ros_msgs.egg-info/PKG-INFO
[2.487s] writing dependency_links to micro_ros_msgs.egg-info/dependency_links.txt
[2.487s] writing top-level names to micro_ros_msgs.egg-info/top_level.txt
[2.497s] reading manifest file 'micro_ros_msgs.egg-info/SOURCES.txt'
[2.498s] writing manifest file 'micro_ros_msgs.egg-info/SOURCES.txt'
[2.667s] [100%] Built target ament_cmake_python_build_micro_ros_msgs_egg
[2.668s] Invoked command in '/home/uwr/microROS_AUV/build/micro_ros_msgs' returned '0': CMAKE_PREFIX_PATH=${CMAKE_PREFIX_PATH}:/home/uwr/microROS_AUV/install/control_pkg:/home/uwr/Desktop/2024_UWR/install/sonar_subs:/opt/ros/humble /usr/bin/cmake --build /home/uwr/microROS_AUV/build/micro_ros_msgs -- -j8 -l8
[3.078s] Invoking command in '/home/uwr/microROS_AUV/build/micro_ros_msgs': CMAKE_PREFIX_PATH=${CMAKE_PREFIX_PATH}:/home/uwr/microROS_AUV/install/control_pkg:/home/uwr/Desktop/2024_UWR/install/sonar_subs:/opt/ros/humble /usr/bin/cmake --install /home/uwr/microROS_AUV/build/micro_ros_msgs
[3.138s] -- Install configuration: ""
[3.138s] -- Up-to-date: /home/uwr/microROS_AUV/install/micro_ros_msgs/share/ament_index/resource_index/rosidl_interfaces/micro_ros_msgs
[3.138s] -- Up-to-date: /home/uwr/microROS_AUV/install/micro_ros_msgs/include/micro_ros_msgs/micro_ros_msgs
[3.138s] -- Up-to-date: /home/uwr/microROS_AUV/install/micro_ros_msgs/include/micro_ros_msgs/micro_ros_msgs/msg
[3.138s] -- Up-to-date: /home/uwr/microROS_AUV/install/micro_ros_msgs/include/micro_ros_msgs/micro_ros_msgs/msg/rosidl_generator_c__visibility_control.h
[3.139s] -- Up-to-date: /home/uwr/microROS_AUV/install/micro_ros_msgs/include/micro_ros_msgs/micro_ros_msgs/msg/node.h
[3.139s] -- Up-to-date: /home/uwr/microROS_AUV/install/micro_ros_msgs/include/micro_ros_msgs/micro_ros_msgs/msg/detail
[3.139s] -- Up-to-date: /home/uwr/microROS_AUV/install/micro_ros_msgs/include/micro_ros_msgs/micro_ros_msgs/msg/detail/entity__functions.h
[3.139s] -- Up-to-date: /home/uwr/microROS_AUV/install/micro_ros_msgs/include/micro_ros_msgs/micro_ros_msgs/msg/detail/graph__struct.h
[3.139s] -- Up-to-date: /home/uwr/microROS_AUV/install/micro_ros_msgs/include/micro_ros_msgs/micro_ros_msgs/msg/detail/graph__functions.c
[3.140s] -- Up-to-date: /home/uwr/microROS_AUV/install/micro_ros_msgs/include/micro_ros_msgs/micro_ros_msgs/msg/detail/node__functions.h
[3.140s] -- Up-to-date: /home/uwr/microROS_AUV/install/micro_ros_msgs/include/micro_ros_msgs/micro_ros_msgs/msg/detail/graph__functions.h
[3.140s] -- Up-to-date: /home/uwr/microROS_AUV/install/micro_ros_msgs/include/micro_ros_msgs/micro_ros_msgs/msg/detail/entity__type_support.h
[3.140s] -- Up-to-date: /home/uwr/microROS_AUV/install/micro_ros_msgs/include/micro_ros_msgs/micro_ros_msgs/msg/detail/graph__type_support.h
[3.140s] -- Up-to-date: /home/uwr/microROS_AUV/install/micro_ros_msgs/include/micro_ros_msgs/micro_ros_msgs/msg/detail/node__functions.c
[3.141s] -- Up-to-date: /home/uwr/microROS_AUV/install/micro_ros_msgs/include/micro_ros_msgs/micro_ros_msgs/msg/detail/entity__functions.c
[3.141s] -- Up-to-date: /home/uwr/microROS_AUV/install/micro_ros_msgs/include/micro_ros_msgs/micro_ros_msgs/msg/detail/entity__struct.h
[3.141s] -- Up-to-date: /home/uwr/microROS_AUV/install/micro_ros_msgs/include/micro_ros_msgs/micro_ros_msgs/msg/detail/node__type_support.h
[3.141s] -- Up-to-date: /home/uwr/microROS_AUV/install/micro_ros_msgs/include/micro_ros_msgs/micro_ros_msgs/msg/detail/node__struct.h
[3.142s] -- Up-to-date: /home/uwr/microROS_AUV/install/micro_ros_msgs/include/micro_ros_msgs/micro_ros_msgs/msg/entity.h
[3.142s] -- Up-to-date: /home/uwr/microROS_AUV/install/micro_ros_msgs/include/micro_ros_msgs/micro_ros_msgs/msg/graph.h
[3.142s] -- Up-to-date: /home/uwr/microROS_AUV/install/micro_ros_msgs/share/micro_ros_msgs/environment/library_path.sh
[3.143s] -- Up-to-date: /home/uwr/microROS_AUV/install/micro_ros_msgs/share/micro_ros_msgs/environment/library_path.dsv
[3.143s] -- Up-to-date: /home/uwr/microROS_AUV/install/micro_ros_msgs/lib/libmicro_ros_msgs__rosidl_generator_c.so
[3.143s] -- Up-to-date: /home/uwr/microROS_AUV/install/micro_ros_msgs/include/micro_ros_msgs
[3.145s] -- Up-to-date: /home/uwr/microROS_AUV/install/micro_ros_msgs/include/micro_ros_msgs/msg
[3.145s] -- Up-to-date: /home/uwr/microROS_AUV/install/micro_ros_msgs/include/micro_ros_msgs/msg/rosidl_typesupport_microxrcedds_c__visibility_control.h
[3.145s] -- Up-to-date: /home/uwr/microROS_AUV/install/micro_ros_msgs/include/micro_ros_msgs/msg/detail
[3.145s] -- Up-to-date: /home/uwr/microROS_AUV/install/micro_ros_msgs/include/micro_ros_msgs/msg/detail/node__rosidl_typesupport_microxrcedds_c.h
[3.146s] -- Up-to-date: /home/uwr/microROS_AUV/install/micro_ros_msgs/include/micro_ros_msgs/msg/detail/graph__rosidl_typesupport_microxrcedds_c.h
[3.146s] -- Up-to-date: /home/uwr/microROS_AUV/install/micro_ros_msgs/include/micro_ros_msgs/msg/detail/entity__rosidl_typesupport_microxrcedds_c.h
[3.147s] -- Up-to-date: /home/uwr/microROS_AUV/install/micro_ros_msgs/include/micro_ros_msgs/msg/detail/microxrcedds
[3.147s] -- Up-to-date: /home/uwr/microROS_AUV/install/micro_ros_msgs/lib/libmicro_ros_msgs__rosidl_typesupport_microxrcedds_c.so
[3.147s] -- Up-to-date: /home/uwr/microROS_AUV/install/micro_ros_msgs/include/micro_ros_msgs/micro_ros_msgs
[3.147s] -- Up-to-date: /home/uwr/microROS_AUV/install/micro_ros_msgs/include/micro_ros_msgs/micro_ros_msgs/msg
[3.148s] -- Up-to-date: /home/uwr/microROS_AUV/install/micro_ros_msgs/include/micro_ros_msgs/micro_ros_msgs/msg/detail
[3.148s] -- Up-to-date: /home/uwr/microROS_AUV/install/micro_ros_msgs/include/micro_ros_msgs/micro_ros_msgs/msg/detail/entity__rosidl_typesupport_fastrtps_c.h
[3.148s] -- Up-to-date: /home/uwr/microROS_AUV/install/micro_ros_msgs/include/micro_ros_msgs/micro_ros_msgs/msg/detail/graph__rosidl_typesupport_fastrtps_c.h
[3.148s] -- Up-to-date: /home/uwr/microROS_AUV/install/micro_ros_msgs/include/micro_ros_msgs/micro_ros_msgs/msg/detail/node__rosidl_typesupport_fastrtps_c.h
[3.149s] -- Up-to-date: /home/uwr/microROS_AUV/install/micro_ros_msgs/include/micro_ros_msgs/micro_ros_msgs/msg/rosidl_typesupport_fastrtps_c__visibility_control.h
[3.150s] -- Up-to-date: /home/uwr/microROS_AUV/install/micro_ros_msgs/lib/libmicro_ros_msgs__rosidl_typesupport_fastrtps_c.so
[3.150s] -- Up-to-date: /home/uwr/microROS_AUV/install/micro_ros_msgs/include/micro_ros_msgs/micro_ros_msgs
[3.151s] -- Up-to-date: /home/uwr/microROS_AUV/install/micro_ros_msgs/include/micro_ros_msgs/micro_ros_msgs/msg
[3.151s] -- Up-to-date: /home/uwr/microROS_AUV/install/micro_ros_msgs/include/micro_ros_msgs/micro_ros_msgs/msg/rosidl_typesupport_introspection_c__visibility_control.h
[3.152s] -- Up-to-date: /home/uwr/microROS_AUV/install/micro_ros_msgs/include/micro_ros_msgs/micro_ros_msgs/msg/detail
[3.152s] -- Up-to-date: /home/uwr/microROS_AUV/install/micro_ros_msgs/include/micro_ros_msgs/micro_ros_msgs/msg/detail/entity__type_support.c
[3.152s] -- Up-to-date: /home/uwr/microROS_AUV/install/micro_ros_msgs/include/micro_ros_msgs/micro_ros_msgs/msg/detail/entity__rosidl_typesupport_introspection_c.h
[3.152s] -- Up-to-date: /home/uwr/microROS_AUV/install/micro_ros_msgs/include/micro_ros_msgs/micro_ros_msgs/msg/detail/graph__type_support.c
[3.153s] -- Up-to-date: /home/uwr/microROS_AUV/install/micro_ros_msgs/include/micro_ros_msgs/micro_ros_msgs/msg/detail/node__rosidl_typesupport_introspection_c.h
[3.153s] -- Up-to-date: /home/uwr/microROS_AUV/install/micro_ros_msgs/include/micro_ros_msgs/micro_ros_msgs/msg/detail/graph__rosidl_typesupport_introspection_c.h
[3.153s] -- Up-to-date: /home/uwr/microROS_AUV/install/micro_ros_msgs/include/micro_ros_msgs/micro_ros_msgs/msg/detail/node__type_support.c
[3.153s] -- Up-to-date: /home/uwr/microROS_AUV/install/micro_ros_msgs/lib/libmicro_ros_msgs__rosidl_typesupport_introspection_c.so
[3.153s] -- Up-to-date: /home/uwr/microROS_AUV/install/micro_ros_msgs/lib/libmicro_ros_msgs__rosidl_typesupport_c.so
[3.154s] -- Up-to-date: /home/uwr/microROS_AUV/install/micro_ros_msgs/include/micro_ros_msgs/micro_ros_msgs
[3.154s] -- Up-to-date: /home/uwr/microROS_AUV/install/micro_ros_msgs/include/micro_ros_msgs/micro_ros_msgs/msg
[3.154s] -- Up-to-date: /home/uwr/microROS_AUV/install/micro_ros_msgs/include/micro_ros_msgs/micro_ros_msgs/msg/detail
[3.154s] -- Up-to-date: /home/uwr/microROS_AUV/install/micro_ros_msgs/include/micro_ros_msgs/micro_ros_msgs/msg/detail/entity__struct.hpp
[3.154s] -- Up-to-date: /home/uwr/microROS_AUV/install/micro_ros_msgs/include/micro_ros_msgs/micro_ros_msgs/msg/detail/graph__struct.hpp
[3.155s] -- Up-to-date: /home/uwr/microROS_AUV/install/micro_ros_msgs/include/micro_ros_msgs/micro_ros_msgs/msg/detail/node__struct.hpp
[3.155s] -- Up-to-date: /home/uwr/microROS_AUV/install/micro_ros_msgs/include/micro_ros_msgs/micro_ros_msgs/msg/detail/entity__builder.hpp
[3.155s] -- Up-to-date: /home/uwr/microROS_AUV/install/micro_ros_msgs/include/micro_ros_msgs/micro_ros_msgs/msg/detail/node__builder.hpp
[3.155s] -- Up-to-date: /home/uwr/microROS_AUV/install/micro_ros_msgs/include/micro_ros_msgs/micro_ros_msgs/msg/detail/graph__traits.hpp
[3.156s] -- Up-to-date: /home/uwr/microROS_AUV/install/micro_ros_msgs/include/micro_ros_msgs/micro_ros_msgs/msg/detail/node__traits.hpp
[3.156s] -- Up-to-date: /home/uwr/microROS_AUV/install/micro_ros_msgs/include/micro_ros_msgs/micro_ros_msgs/msg/detail/entity__traits.hpp
[3.158s] -- Up-to-date: /home/uwr/microROS_AUV/install/micro_ros_msgs/include/micro_ros_msgs/micro_ros_msgs/msg/detail/graph__builder.hpp
[3.160s] -- Up-to-date: /home/uwr/microROS_AUV/install/micro_ros_msgs/include/micro_ros_msgs/micro_ros_msgs/msg/entity.hpp
[3.160s] -- Up-to-date: /home/uwr/microROS_AUV/install/micro_ros_msgs/include/micro_ros_msgs/micro_ros_msgs/msg/graph.hpp
[3.160s] -- Up-to-date: /home/uwr/microROS_AUV/install/micro_ros_msgs/include/micro_ros_msgs/micro_ros_msgs/msg/node.hpp
[3.160s] -- Up-to-date: /home/uwr/microROS_AUV/install/micro_ros_msgs/include/micro_ros_msgs
[3.160s] -- Up-to-date: /home/uwr/microROS_AUV/install/micro_ros_msgs/include/micro_ros_msgs/msg
[3.161s] -- Up-to-date: /home/uwr/microROS_AUV/install/micro_ros_msgs/include/micro_ros_msgs/msg/rosidl_typesupport_microxrcedds_cpp__visibility_control.h
[3.161s] -- Up-to-date: /home/uwr/microROS_AUV/install/micro_ros_msgs/include/micro_ros_msgs/msg/detail
[3.161s] -- Up-to-date: /home/uwr/microROS_AUV/install/micro_ros_msgs/include/micro_ros_msgs/msg/detail/graph__rosidl_typesupport_microxrcedds_cpp.hpp
[3.161s] -- Up-to-date: /home/uwr/microROS_AUV/install/micro_ros_msgs/include/micro_ros_msgs/msg/detail/node__rosidl_typesupport_microxrcedds_cpp.hpp
[3.162s] -- Up-to-date: /home/uwr/microROS_AUV/install/micro_ros_msgs/include/micro_ros_msgs/msg/detail/entity__rosidl_typesupport_microxrcedds_cpp.hpp
[3.162s] -- Up-to-date: /home/uwr/microROS_AUV/install/micro_ros_msgs/include/micro_ros_msgs/msg/detail/microxrcedds
[3.162s] -- Up-to-date: /home/uwr/microROS_AUV/install/micro_ros_msgs/include/micro_ros_msgs/msg/detail/microxrcedds/graph__type_support_cpp.cpp
[3.162s] -- Up-to-date: /home/uwr/microROS_AUV/install/micro_ros_msgs/include/micro_ros_msgs/msg/detail/microxrcedds/node__type_support_cpp.cpp
[3.163s] -- Up-to-date: /home/uwr/microROS_AUV/install/micro_ros_msgs/include/micro_ros_msgs/msg/detail/microxrcedds/entity__type_support_cpp.cpp
[3.163s] -- Up-to-date: /home/uwr/microROS_AUV/install/micro_ros_msgs/lib/libmicro_ros_msgs__rosidl_typesupport_microxrcedds_cpp.so
[3.163s] -- Up-to-date: /home/uwr/microROS_AUV/install/micro_ros_msgs/include/micro_ros_msgs/micro_ros_msgs
[3.163s] -- Up-to-date: /home/uwr/microROS_AUV/install/micro_ros_msgs/include/micro_ros_msgs/micro_ros_msgs/msg
[3.163s] -- Up-to-date: /home/uwr/microROS_AUV/install/micro_ros_msgs/include/micro_ros_msgs/micro_ros_msgs/msg/detail
[3.163s] -- Up-to-date: /home/uwr/microROS_AUV/install/micro_ros_msgs/include/micro_ros_msgs/micro_ros_msgs/msg/detail/node__rosidl_typesupport_fastrtps_cpp.hpp
[3.164s] -- Up-to-date: /home/uwr/microROS_AUV/install/micro_ros_msgs/include/micro_ros_msgs/micro_ros_msgs/msg/detail/entity__rosidl_typesupport_fastrtps_cpp.hpp
[3.164s] -- Up-to-date: /home/uwr/microROS_AUV/install/micro_ros_msgs/include/micro_ros_msgs/micro_ros_msgs/msg/detail/dds_fastrtps
[3.164s] -- Up-to-date: /home/uwr/microROS_AUV/install/micro_ros_msgs/include/micro_ros_msgs/micro_ros_msgs/msg/detail/graph__rosidl_typesupport_fastrtps_cpp.hpp
[3.164s] -- Up-to-date: /home/uwr/microROS_AUV/install/micro_ros_msgs/include/micro_ros_msgs/micro_ros_msgs/msg/rosidl_typesupport_fastrtps_cpp__visibility_control.h
[3.164s] -- Up-to-date: /home/uwr/microROS_AUV/install/micro_ros_msgs/lib/libmicro_ros_msgs__rosidl_typesupport_fastrtps_cpp.so
[3.165s] -- Up-to-date: /home/uwr/microROS_AUV/install/micro_ros_msgs/include/micro_ros_msgs/micro_ros_msgs
[3.165s] -- Up-to-date: /home/uwr/microROS_AUV/install/micro_ros_msgs/include/micro_ros_msgs/micro_ros_msgs/msg
[3.165s] -- Up-to-date: /home/uwr/microROS_AUV/install/micro_ros_msgs/include/micro_ros_msgs/micro_ros_msgs/msg/detail
[3.165s] -- Up-to-date: /home/uwr/microROS_AUV/install/micro_ros_msgs/include/micro_ros_msgs/micro_ros_msgs/msg/detail/node__rosidl_typesupport_introspection_cpp.hpp
[3.165s] -- Up-to-date: /home/uwr/microROS_AUV/install/micro_ros_msgs/include/micro_ros_msgs/micro_ros_msgs/msg/detail/entity__rosidl_typesupport_introspection_cpp.hpp
[3.166s] -- Up-to-date: /home/uwr/microROS_AUV/install/micro_ros_msgs/include/micro_ros_msgs/micro_ros_msgs/msg/detail/graph__type_support.cpp
[3.166s] -- Up-to-date: /home/uwr/microROS_AUV/install/micro_ros_msgs/include/micro_ros_msgs/micro_ros_msgs/msg/detail/node__type_support.cpp
[3.166s] -- Up-to-date: /home/uwr/microROS_AUV/install/micro_ros_msgs/include/micro_ros_msgs/micro_ros_msgs/msg/detail/graph__rosidl_typesupport_introspection_cpp.hpp
[3.166s] -- Up-to-date: /home/uwr/microROS_AUV/install/micro_ros_msgs/include/micro_ros_msgs/micro_ros_msgs/msg/detail/entity__type_support.cpp
[3.167s] -- Up-to-date: /home/uwr/microROS_AUV/install/micro_ros_msgs/lib/libmicro_ros_msgs__rosidl_typesupport_introspection_cpp.so
[3.172s] -- Up-to-date: /home/uwr/microROS_AUV/install/micro_ros_msgs/lib/libmicro_ros_msgs__rosidl_typesupport_cpp.so
[3.172s] -- Up-to-date: /home/uwr/microROS_AUV/install/micro_ros_msgs/share/micro_ros_msgs/environment/pythonpath.sh
[3.172s] -- Up-to-date: /home/uwr/microROS_AUV/install/micro_ros_msgs/share/micro_ros_msgs/environment/pythonpath.dsv
[3.172s] -- Up-to-date: /home/uwr/microROS_AUV/install/micro_ros_msgs/local/lib/python3.10/dist-packages/micro_ros_msgs-3.0.1-py3.10.egg-info
[3.173s] -- Installing: /home/uwr/microROS_AUV/install/micro_ros_msgs/local/lib/python3.10/dist-packages/micro_ros_msgs-3.0.1-py3.10.egg-info/top_level.txt
[3.174s] -- Installing: /home/uwr/microROS_AUV/install/micro_ros_msgs/local/lib/python3.10/dist-packages/micro_ros_msgs-3.0.1-py3.10.egg-info/dependency_links.txt
[3.174s] -- Installing: /home/uwr/microROS_AUV/install/micro_ros_msgs/local/lib/python3.10/dist-packages/micro_ros_msgs-3.0.1-py3.10.egg-info/PKG-INFO
[3.174s] -- Installing: /home/uwr/microROS_AUV/install/micro_ros_msgs/local/lib/python3.10/dist-packages/micro_ros_msgs-3.0.1-py3.10.egg-info/SOURCES.txt
[3.175s] -- Up-to-date: /home/uwr/microROS_AUV/install/micro_ros_msgs/local/lib/python3.10/dist-packages/micro_ros_msgs
[3.175s] -- Up-to-date: /home/uwr/microROS_AUV/install/micro_ros_msgs/local/lib/python3.10/dist-packages/micro_ros_msgs/_micro_ros_msgs_s.ep.rosidl_typesupport_introspection_c.c
[3.175s] -- Up-to-date: /home/uwr/microROS_AUV/install/micro_ros_msgs/local/lib/python3.10/dist-packages/micro_ros_msgs/_micro_ros_msgs_s.ep.rosidl_typesupport_c.c
[3.176s] -- Up-to-date: /home/uwr/microROS_AUV/install/micro_ros_msgs/local/lib/python3.10/dist-packages/micro_ros_msgs/micro_ros_msgs_s__rosidl_typesupport_fastrtps_c.cpython-310-x86_64-linux-gnu.so
[3.176s] -- Up-to-date: /home/uwr/microROS_AUV/install/micro_ros_msgs/local/lib/python3.10/dist-packages/micro_ros_msgs/_micro_ros_msgs_s.ep.rosidl_typesupport_fastrtps_c.c
[3.176s] -- Up-to-date: /home/uwr/microROS_AUV/install/micro_ros_msgs/local/lib/python3.10/dist-packages/micro_ros_msgs/msg
[3.176s] -- Up-to-date: /home/uwr/microROS_AUV/install/micro_ros_msgs/local/lib/python3.10/dist-packages/micro_ros_msgs/msg/_graph.py
[3.176s] -- Up-to-date: /home/uwr/microROS_AUV/install/micro_ros_msgs/local/lib/python3.10/dist-packages/micro_ros_msgs/msg/_graph_s.c
[3.177s] -- Up-to-date: /home/uwr/microROS_AUV/install/micro_ros_msgs/local/lib/python3.10/dist-packages/micro_ros_msgs/msg/_node.py
[3.177s] -- Up-to-date: /home/uwr/microROS_AUV/install/micro_ros_msgs/local/lib/python3.10/dist-packages/micro_ros_msgs/msg/_node_s.c
[3.177s] -- Up-to-date: /home/uwr/microROS_AUV/install/micro_ros_msgs/local/lib/python3.10/dist-packages/micro_ros_msgs/msg/_entity.py
[3.178s] -- Up-to-date: /home/uwr/microROS_AUV/install/micro_ros_msgs/local/lib/python3.10/dist-packages/micro_ros_msgs/msg/_entity_s.c
[3.178s] -- Up-to-date: /home/uwr/microROS_AUV/install/micro_ros_msgs/local/lib/python3.10/dist-packages/micro_ros_msgs/msg/__init__.py
[3.180s] -- Up-to-date: /home/uwr/microROS_AUV/install/micro_ros_msgs/local/lib/python3.10/dist-packages/micro_ros_msgs/micro_ros_msgs_s__rosidl_typesupport_c.cpython-310-x86_64-linux-gnu.so
[3.180s] -- Up-to-date: /home/uwr/microROS_AUV/install/micro_ros_msgs/local/lib/python3.10/dist-packages/micro_ros_msgs/__init__.py
[3.180s] -- Up-to-date: /home/uwr/microROS_AUV/install/micro_ros_msgs/local/lib/python3.10/dist-packages/micro_ros_msgs/micro_ros_msgs_s__rosidl_typesupport_microxrcedds_c.cpython-310-x86_64-linux-gnu.so
[3.181s] -- Up-to-date: /home/uwr/microROS_AUV/install/micro_ros_msgs/local/lib/python3.10/dist-packages/micro_ros_msgs/_micro_ros_msgs_s.ep.rosidl_typesupport_microxrcedds_c.c
[3.181s] -- Up-to-date: /home/uwr/microROS_AUV/install/micro_ros_msgs/local/lib/python3.10/dist-packages/micro_ros_msgs/micro_ros_msgs_s__rosidl_typesupport_introspection_c.cpython-310-x86_64-linux-gnu.so
[3.181s] -- Up-to-date: /home/uwr/microROS_AUV/install/micro_ros_msgs/local/lib/python3.10/dist-packages/micro_ros_msgs/libmicro_ros_msgs__rosidl_generator_py.so
[3.228s] Listing '/home/uwr/microROS_AUV/install/micro_ros_msgs/local/lib/python3.10/dist-packages/micro_ros_msgs'...
[3.228s] Listing '/home/uwr/microROS_AUV/install/micro_ros_msgs/local/lib/python3.10/dist-packages/micro_ros_msgs/msg'...
[3.241s] -- Up-to-date: /home/uwr/microROS_AUV/install/micro_ros_msgs/local/lib/python3.10/dist-packages/micro_ros_msgs/micro_ros_msgs_s__rosidl_typesupport_microxrcedds_c.cpython-310-x86_64-linux-gnu.so
[3.241s] -- Up-to-date: /home/uwr/microROS_AUV/install/micro_ros_msgs/local/lib/python3.10/dist-packages/micro_ros_msgs/micro_ros_msgs_s__rosidl_typesupport_fastrtps_c.cpython-310-x86_64-linux-gnu.so
[3.243s] -- Up-to-date: /home/uwr/microROS_AUV/install/micro_ros_msgs/local/lib/python3.10/dist-packages/micro_ros_msgs/micro_ros_msgs_s__rosidl_typesupport_introspection_c.cpython-310-x86_64-linux-gnu.so
[3.243s] -- Up-to-date: /home/uwr/microROS_AUV/install/micro_ros_msgs/local/lib/python3.10/dist-packages/micro_ros_msgs/micro_ros_msgs_s__rosidl_typesupport_c.cpython-310-x86_64-linux-gnu.so
[3.244s] -- Up-to-date: /home/uwr/microROS_AUV/install/micro_ros_msgs/lib/libmicro_ros_msgs__rosidl_generator_py.so
[3.245s] -- Up-to-date: /home/uwr/microROS_AUV/install/micro_ros_msgs/share/micro_ros_msgs/msg/Graph.idl
[3.245s] -- Up-to-date: /home/uwr/microROS_AUV/install/micro_ros_msgs/share/micro_ros_msgs/msg/Node.idl
[3.246s] -- Up-to-date: /home/uwr/microROS_AUV/install/micro_ros_msgs/share/micro_ros_msgs/msg/Entity.idl
[3.247s] -- Up-to-date: /home/uwr/microROS_AUV/install/micro_ros_msgs/share/micro_ros_msgs/msg/Graph.msg
[3.247s] -- Up-to-date: /home/uwr/microROS_AUV/install/micro_ros_msgs/share/micro_ros_msgs/msg/Node.msg
[3.247s] -- Up-to-date: /home/uwr/microROS_AUV/install/micro_ros_msgs/share/micro_ros_msgs/msg/Entity.msg
[3.248s] -- Up-to-date: /home/uwr/microROS_AUV/install/micro_ros_msgs/share/ament_index/resource_index/package_run_dependencies/micro_ros_msgs
[3.251s] -- Up-to-date: /home/uwr/microROS_AUV/install/micro_ros_msgs/share/ament_index/resource_index/parent_prefix_path/micro_ros_msgs
[3.251s] -- Up-to-date: /home/uwr/microROS_AUV/install/micro_ros_msgs/share/micro_ros_msgs/environment/ament_prefix_path.sh
[3.251s] -- Up-to-date: /home/uwr/microROS_AUV/install/micro_ros_msgs/share/micro_ros_msgs/environment/ament_prefix_path.dsv
[3.251s] -- Up-to-date: /home/uwr/microROS_AUV/install/micro_ros_msgs/share/micro_ros_msgs/environment/path.sh
[3.251s] -- Up-to-date: /home/uwr/microROS_AUV/install/micro_ros_msgs/share/micro_ros_msgs/environment/path.dsv
[3.251s] -- Up-to-date: /home/uwr/microROS_AUV/install/micro_ros_msgs/share/micro_ros_msgs/local_setup.bash
[3.252s] -- Up-to-date: /home/uwr/microROS_AUV/install/micro_ros_msgs/share/micro_ros_msgs/local_setup.sh
[3.252s] -- Up-to-date: /home/uwr/microROS_AUV/install/micro_ros_msgs/share/micro_ros_msgs/local_setup.zsh
[3.252s] -- Up-to-date: /home/uwr/microROS_AUV/install/micro_ros_msgs/share/micro_ros_msgs/local_setup.dsv
[3.252s] -- Installing: /home/uwr/microROS_AUV/install/micro_ros_msgs/share/micro_ros_msgs/package.dsv
[3.252s] -- Up-to-date: /home/uwr/microROS_AUV/install/micro_ros_msgs/share/ament_index/resource_index/packages/micro_ros_msgs
[3.253s] -- Up-to-date: /home/uwr/microROS_AUV/install/micro_ros_msgs/share/micro_ros_msgs/cmake/export_micro_ros_msgs__rosidl_generator_cExport.cmake
[3.253s] -- Up-to-date: /home/uwr/microROS_AUV/install/micro_ros_msgs/share/micro_ros_msgs/cmake/export_micro_ros_msgs__rosidl_generator_cExport-noconfig.cmake
[3.254s] -- Up-to-date: /home/uwr/microROS_AUV/install/micro_ros_msgs/share/micro_ros_msgs/cmake/export_micro_ros_msgs__rosidl_typesupport_fastrtps_cExport.cmake
[3.255s] -- Up-to-date: /home/uwr/microROS_AUV/install/micro_ros_msgs/share/micro_ros_msgs/cmake/export_micro_ros_msgs__rosidl_typesupport_fastrtps_cExport-noconfig.cmake
[3.255s] -- Up-to-date: /home/uwr/microROS_AUV/install/micro_ros_msgs/share/micro_ros_msgs/cmake/micro_ros_msgs__rosidl_typesupport_introspection_cExport.cmake
[3.255s] -- Up-to-date: /home/uwr/microROS_AUV/install/micro_ros_msgs/share/micro_ros_msgs/cmake/micro_ros_msgs__rosidl_typesupport_introspection_cExport-noconfig.cmake
[3.255s] -- Up-to-date: /home/uwr/microROS_AUV/install/micro_ros_msgs/share/micro_ros_msgs/cmake/micro_ros_msgs__rosidl_typesupport_cExport.cmake
[3.255s] -- Up-to-date: /home/uwr/microROS_AUV/install/micro_ros_msgs/share/micro_ros_msgs/cmake/micro_ros_msgs__rosidl_typesupport_cExport-noconfig.cmake
[3.255s] -- Up-to-date: /home/uwr/microROS_AUV/install/micro_ros_msgs/share/micro_ros_msgs/cmake/export_micro_ros_msgs__rosidl_generator_cppExport.cmake
[3.256s] -- Up-to-date: /home/uwr/microROS_AUV/install/micro_ros_msgs/share/micro_ros_msgs/cmake/export_micro_ros_msgs__rosidl_typesupport_fastrtps_cppExport.cmake
[3.256s] -- Up-to-date: /home/uwr/microROS_AUV/install/micro_ros_msgs/share/micro_ros_msgs/cmake/export_micro_ros_msgs__rosidl_typesupport_fastrtps_cppExport-noconfig.cmake
[3.256s] -- Up-to-date: /home/uwr/microROS_AUV/install/micro_ros_msgs/share/micro_ros_msgs/cmake/micro_ros_msgs__rosidl_typesupport_introspection_cppExport.cmake
[3.256s] -- Up-to-date: /home/uwr/microROS_AUV/install/micro_ros_msgs/share/micro_ros_msgs/cmake/micro_ros_msgs__rosidl_typesupport_introspection_cppExport-noconfig.cmake
[3.256s] -- Up-to-date: /home/uwr/microROS_AUV/install/micro_ros_msgs/share/micro_ros_msgs/cmake/micro_ros_msgs__rosidl_typesupport_cppExport.cmake
[3.256s] -- Up-to-date: /home/uwr/microROS_AUV/install/micro_ros_msgs/share/micro_ros_msgs/cmake/micro_ros_msgs__rosidl_typesupport_cppExport-noconfig.cmake
[3.257s] -- Up-to-date: /home/uwr/microROS_AUV/install/micro_ros_msgs/share/micro_ros_msgs/cmake/export_micro_ros_msgs__rosidl_generator_pyExport.cmake
[3.257s] -- Up-to-date: /home/uwr/microROS_AUV/install/micro_ros_msgs/share/micro_ros_msgs/cmake/export_micro_ros_msgs__rosidl_generator_pyExport-noconfig.cmake
[3.257s] -- Up-to-date: /home/uwr/microROS_AUV/install/micro_ros_msgs/share/micro_ros_msgs/cmake/rosidl_cmake-extras.cmake
[3.257s] -- Up-to-date: /home/uwr/microROS_AUV/install/micro_ros_msgs/share/micro_ros_msgs/cmake/ament_cmake_export_include_directories-extras.cmake
[3.258s] -- Up-to-date: /home/uwr/microROS_AUV/install/micro_ros_msgs/share/micro_ros_msgs/cmake/ament_cmake_export_libraries-extras.cmake
[3.258s] -- Up-to-date: /home/uwr/microROS_AUV/install/micro_ros_msgs/share/micro_ros_msgs/cmake/ament_cmake_export_targets-extras.cmake
[3.259s] -- Up-to-date: /home/uwr/microROS_AUV/install/micro_ros_msgs/share/micro_ros_msgs/cmake/rosidl_cmake_export_typesupport_targets-extras.cmake
[3.259s] -- Up-to-date: /home/uwr/microROS_AUV/install/micro_ros_msgs/share/micro_ros_msgs/cmake/ament_cmake_export_dependencies-extras.cmake
[3.260s] -- Up-to-date: /home/uwr/microROS_AUV/install/micro_ros_msgs/share/micro_ros_msgs/cmake/rosidl_cmake_export_typesupport_libraries-extras.cmake
[3.260s] -- Up-to-date: /home/uwr/microROS_AUV/install/micro_ros_msgs/share/micro_ros_msgs/cmake/micro_ros_msgsConfig.cmake
[3.260s] -- Up-to-date: /home/uwr/microROS_AUV/install/micro_ros_msgs/share/micro_ros_msgs/cmake/micro_ros_msgsConfig-version.cmake
[3.261s] -- Up-to-date: /home/uwr/microROS_AUV/install/micro_ros_msgs/share/micro_ros_msgs/package.xml
[3.334s] Invoked command in '/home/uwr/microROS_AUV/build/micro_ros_msgs' returned '0': CMAKE_PREFIX_PATH=${CMAKE_PREFIX_PATH}:/home/uwr/microROS_AUV/install/control_pkg:/home/uwr/Desktop/2024_UWR/install/sonar_subs:/opt/ros/humble /usr/bin/cmake --install /home/uwr/microROS_AUV/build/micro_ros_msgs
