[0.072s] Invoking command in '/home/uwr/microROS_AUV/build/unique_identifier_msgs': CMAKE_PREFIX_PATH=${CMAKE_PREFIX_PATH}:/home/uwr/microROS_AUV/install/statistics_msgs:/home/uwr/microROS_AUV/install/control_pkg:/home/uwr/Desktop/2024_UWR/install/sonar_subs:/opt/ros/humble /usr/bin/cmake --build /home/uwr/microROS_AUV/build/unique_identifier_msgs -- -j8 -l8
[0.279s] [  2%] Built target unique_identifier_msgs__cpp
[0.321s] [ 10%] Built target unique_identifier_msgs__rosidl_generator_c
[0.324s] [ 10%] Built target ament_cmake_python_copy_unique_identifier_msgs
[0.609s] [ 17%] Built target unique_identifier_msgs__rosidl_typesupport_microxrcedds_cpp
[0.630s] [ 25%] Built target unique_identifier_msgs__rosidl_typesupport_fastrtps_cpp
[0.634s] [ 33%] Built target unique_identifier_msgs__rosidl_typesupport_cpp
[0.664s] [ 41%] Built target unique_identifier_msgs__rosidl_typesupport_introspection_cpp
[0.666s] [ 48%] Built target unique_identifier_msgs__rosidl_typesupport_introspection_c
[0.685s] [ 56%] Built target unique_identifier_msgs__rosidl_typesupport_fastrtps_c
[0.697s] [ 64%] Built target unique_identifier_msgs__rosidl_typesupport_microxrcedds_c
[0.812s] [ 71%] Built target unique_identifier_msgs__rosidl_typesupport_c
[0.935s] [ 71%] Built target unique_identifier_msgs
[1.049s] [ 74%] Built target unique_identifier_msgs__py
[1.196s] [ 79%] Built target unique_identifier_msgs__rosidl_generator_py
[1.371s] [ 84%] Built target unique_identifier_msgs__rosidl_typesupport_fastrtps_c__pyext
[1.388s] [ 89%] Built target unique_identifier_msgs__rosidl_typesupport_c__pyext
[1.408s] [ 94%] Built target unique_identifier_msgs__rosidl_typesupport_introspection_c__pyext
[1.419s] [100%] Built target unique_identifier_msgs__rosidl_typesupport_microxrcedds_c__pyext
[1.950s] running egg_info
[1.961s] writing unique_identifier_msgs.egg-info/PKG-INFO
[1.962s] writing dependency_links to unique_identifier_msgs.egg-info/dependency_links.txt
[1.962s] writing top-level names to unique_identifier_msgs.egg-info/top_level.txt
[1.974s] reading manifest file 'unique_identifier_msgs.egg-info/SOURCES.txt'
[1.974s] writing manifest file 'unique_identifier_msgs.egg-info/SOURCES.txt'
[2.054s] [100%] Built target ament_cmake_python_build_unique_identifier_msgs_egg
[2.114s] Invoked command in '/home/uwr/microROS_AUV/build/unique_identifier_msgs' returned '0': CMAKE_PREFIX_PATH=${CMAKE_PREFIX_PATH}:/home/uwr/microROS_AUV/install/statistics_msgs:/home/uwr/microROS_AUV/install/control_pkg:/home/uwr/Desktop/2024_UWR/install/sonar_subs:/opt/ros/humble /usr/bin/cmake --build /home/uwr/microROS_AUV/build/unique_identifier_msgs -- -j8 -l8
[2.370s] Invoking command in '/home/uwr/microROS_AUV/build/unique_identifier_msgs': CMAKE_PREFIX_PATH=${CMAKE_PREFIX_PATH}:/home/uwr/microROS_AUV/install/statistics_msgs:/home/uwr/microROS_AUV/install/control_pkg:/home/uwr/Desktop/2024_UWR/install/sonar_subs:/opt/ros/humble /usr/bin/cmake --install /home/uwr/microROS_AUV/build/unique_identifier_msgs
[2.390s] -- Install configuration: ""
[2.391s] -- Up-to-date: /home/uwr/microROS_AUV/install/unique_identifier_msgs/share/ament_index/resource_index/rosidl_interfaces/unique_identifier_msgs
[2.391s] -- Up-to-date: /home/uwr/microROS_AUV/install/unique_identifier_msgs/include/unique_identifier_msgs/unique_identifier_msgs
[2.392s] -- Up-to-date: /home/uwr/microROS_AUV/install/unique_identifier_msgs/include/unique_identifier_msgs/unique_identifier_msgs/msg
[2.393s] -- Up-to-date: /home/uwr/microROS_AUV/install/unique_identifier_msgs/include/unique_identifier_msgs/unique_identifier_msgs/msg/rosidl_generator_c__visibility_control.h
[2.393s] -- Up-to-date: /home/uwr/microROS_AUV/install/unique_identifier_msgs/include/unique_identifier_msgs/unique_identifier_msgs/msg/uuid.h
[2.394s] -- Up-to-date: /home/uwr/microROS_AUV/install/unique_identifier_msgs/include/unique_identifier_msgs/unique_identifier_msgs/msg/detail
[2.394s] -- Up-to-date: /home/uwr/microROS_AUV/install/unique_identifier_msgs/include/unique_identifier_msgs/unique_identifier_msgs/msg/detail/uuid__functions.h
[2.395s] -- Up-to-date: /home/uwr/microROS_AUV/install/unique_identifier_msgs/include/unique_identifier_msgs/unique_identifier_msgs/msg/detail/uuid__struct.h
[2.395s] -- Up-to-date: /home/uwr/microROS_AUV/install/unique_identifier_msgs/include/unique_identifier_msgs/unique_identifier_msgs/msg/detail/uuid__functions.c
[2.396s] -- Up-to-date: /home/uwr/microROS_AUV/install/unique_identifier_msgs/include/unique_identifier_msgs/unique_identifier_msgs/msg/detail/uuid__type_support.h
[2.396s] -- Up-to-date: /home/uwr/microROS_AUV/install/unique_identifier_msgs/share/unique_identifier_msgs/environment/library_path.sh
[2.396s] -- Up-to-date: /home/uwr/microROS_AUV/install/unique_identifier_msgs/share/unique_identifier_msgs/environment/library_path.dsv
[2.397s] -- Up-to-date: /home/uwr/microROS_AUV/install/unique_identifier_msgs/lib/libunique_identifier_msgs__rosidl_generator_c.so
[2.398s] -- Up-to-date: /home/uwr/microROS_AUV/install/unique_identifier_msgs/include/unique_identifier_msgs
[2.398s] -- Up-to-date: /home/uwr/microROS_AUV/install/unique_identifier_msgs/include/unique_identifier_msgs/msg
[2.400s] -- Up-to-date: /home/uwr/microROS_AUV/install/unique_identifier_msgs/include/unique_identifier_msgs/msg/rosidl_typesupport_microxrcedds_c__visibility_control.h
[2.400s] -- Up-to-date: /home/uwr/microROS_AUV/install/unique_identifier_msgs/include/unique_identifier_msgs/msg/detail
[2.401s] -- Up-to-date: /home/uwr/microROS_AUV/install/unique_identifier_msgs/include/unique_identifier_msgs/msg/detail/uuid__rosidl_typesupport_microxrcedds_c.h
[2.402s] -- Up-to-date: /home/uwr/microROS_AUV/install/unique_identifier_msgs/include/unique_identifier_msgs/msg/detail/microxrcedds
[2.403s] -- Up-to-date: /home/uwr/microROS_AUV/install/unique_identifier_msgs/lib/libunique_identifier_msgs__rosidl_typesupport_microxrcedds_c.so
[2.405s] -- Up-to-date: /home/uwr/microROS_AUV/install/unique_identifier_msgs/include/unique_identifier_msgs/unique_identifier_msgs
[2.406s] -- Up-to-date: /home/uwr/microROS_AUV/install/unique_identifier_msgs/include/unique_identifier_msgs/unique_identifier_msgs/msg
[2.406s] -- Up-to-date: /home/uwr/microROS_AUV/install/unique_identifier_msgs/include/unique_identifier_msgs/unique_identifier_msgs/msg/detail
[2.406s] -- Up-to-date: /home/uwr/microROS_AUV/install/unique_identifier_msgs/include/unique_identifier_msgs/unique_identifier_msgs/msg/detail/uuid__rosidl_typesupport_fastrtps_c.h
[2.406s] -- Up-to-date: /home/uwr/microROS_AUV/install/unique_identifier_msgs/include/unique_identifier_msgs/unique_identifier_msgs/msg/rosidl_typesupport_fastrtps_c__visibility_control.h
[2.407s] -- Up-to-date: /home/uwr/microROS_AUV/install/unique_identifier_msgs/lib/libunique_identifier_msgs__rosidl_typesupport_fastrtps_c.so
[2.409s] -- Up-to-date: /home/uwr/microROS_AUV/install/unique_identifier_msgs/include/unique_identifier_msgs/unique_identifier_msgs
[2.409s] -- Up-to-date: /home/uwr/microROS_AUV/install/unique_identifier_msgs/include/unique_identifier_msgs/unique_identifier_msgs/msg
[2.409s] -- Up-to-date: /home/uwr/microROS_AUV/install/unique_identifier_msgs/include/unique_identifier_msgs/unique_identifier_msgs/msg/rosidl_typesupport_introspection_c__visibility_control.h
[2.410s] -- Up-to-date: /home/uwr/microROS_AUV/install/unique_identifier_msgs/include/unique_identifier_msgs/unique_identifier_msgs/msg/detail
[2.410s] -- Up-to-date: /home/uwr/microROS_AUV/install/unique_identifier_msgs/include/unique_identifier_msgs/unique_identifier_msgs/msg/detail/uuid__type_support.c
[2.412s] -- Up-to-date: /home/uwr/microROS_AUV/install/unique_identifier_msgs/include/unique_identifier_msgs/unique_identifier_msgs/msg/detail/uuid__rosidl_typesupport_introspection_c.h
[2.412s] -- Up-to-date: /home/uwr/microROS_AUV/install/unique_identifier_msgs/lib/libunique_identifier_msgs__rosidl_typesupport_introspection_c.so
[2.413s] -- Up-to-date: /home/uwr/microROS_AUV/install/unique_identifier_msgs/lib/libunique_identifier_msgs__rosidl_typesupport_c.so
[2.413s] -- Up-to-date: /home/uwr/microROS_AUV/install/unique_identifier_msgs/include/unique_identifier_msgs/unique_identifier_msgs
[2.413s] -- Up-to-date: /home/uwr/microROS_AUV/install/unique_identifier_msgs/include/unique_identifier_msgs/unique_identifier_msgs/msg
[2.414s] -- Up-to-date: /home/uwr/microROS_AUV/install/unique_identifier_msgs/include/unique_identifier_msgs/unique_identifier_msgs/msg/detail
[2.415s] -- Up-to-date: /home/uwr/microROS_AUV/install/unique_identifier_msgs/include/unique_identifier_msgs/unique_identifier_msgs/msg/detail/uuid__traits.hpp
[2.415s] -- Up-to-date: /home/uwr/microROS_AUV/install/unique_identifier_msgs/include/unique_identifier_msgs/unique_identifier_msgs/msg/detail/uuid__struct.hpp
[2.415s] -- Up-to-date: /home/uwr/microROS_AUV/install/unique_identifier_msgs/include/unique_identifier_msgs/unique_identifier_msgs/msg/detail/uuid__builder.hpp
[2.415s] -- Up-to-date: /home/uwr/microROS_AUV/install/unique_identifier_msgs/include/unique_identifier_msgs/unique_identifier_msgs/msg/uuid.hpp
[2.417s] -- Up-to-date: /home/uwr/microROS_AUV/install/unique_identifier_msgs/include/unique_identifier_msgs
[2.417s] -- Up-to-date: /home/uwr/microROS_AUV/install/unique_identifier_msgs/include/unique_identifier_msgs/msg
[2.419s] -- Up-to-date: /home/uwr/microROS_AUV/install/unique_identifier_msgs/include/unique_identifier_msgs/msg/rosidl_typesupport_microxrcedds_cpp__visibility_control.h
[2.419s] -- Up-to-date: /home/uwr/microROS_AUV/install/unique_identifier_msgs/include/unique_identifier_msgs/msg/detail
[2.420s] -- Up-to-date: /home/uwr/microROS_AUV/install/unique_identifier_msgs/include/unique_identifier_msgs/msg/detail/uuid__rosidl_typesupport_microxrcedds_cpp.hpp
[2.420s] -- Up-to-date: /home/uwr/microROS_AUV/install/unique_identifier_msgs/include/unique_identifier_msgs/msg/detail/microxrcedds
[2.420s] -- Up-to-date: /home/uwr/microROS_AUV/install/unique_identifier_msgs/include/unique_identifier_msgs/msg/detail/microxrcedds/uuid__type_support_cpp.cpp
[2.421s] -- Up-to-date: /home/uwr/microROS_AUV/install/unique_identifier_msgs/lib/libunique_identifier_msgs__rosidl_typesupport_microxrcedds_cpp.so
[2.424s] -- Up-to-date: /home/uwr/microROS_AUV/install/unique_identifier_msgs/include/unique_identifier_msgs/unique_identifier_msgs
[2.425s] -- Up-to-date: /home/uwr/microROS_AUV/install/unique_identifier_msgs/include/unique_identifier_msgs/unique_identifier_msgs/msg
[2.425s] -- Up-to-date: /home/uwr/microROS_AUV/install/unique_identifier_msgs/include/unique_identifier_msgs/unique_identifier_msgs/msg/detail
[2.425s] -- Up-to-date: /home/uwr/microROS_AUV/install/unique_identifier_msgs/include/unique_identifier_msgs/unique_identifier_msgs/msg/detail/dds_fastrtps
[2.426s] -- Up-to-date: /home/uwr/microROS_AUV/install/unique_identifier_msgs/include/unique_identifier_msgs/unique_identifier_msgs/msg/detail/uuid__rosidl_typesupport_fastrtps_cpp.hpp
[2.427s] -- Up-to-date: /home/uwr/microROS_AUV/install/unique_identifier_msgs/include/unique_identifier_msgs/unique_identifier_msgs/msg/rosidl_typesupport_fastrtps_cpp__visibility_control.h
[2.427s] -- Up-to-date: /home/uwr/microROS_AUV/install/unique_identifier_msgs/lib/libunique_identifier_msgs__rosidl_typesupport_fastrtps_cpp.so
[2.427s] -- Up-to-date: /home/uwr/microROS_AUV/install/unique_identifier_msgs/include/unique_identifier_msgs/unique_identifier_msgs
[2.428s] -- Up-to-date: /home/uwr/microROS_AUV/install/unique_identifier_msgs/include/unique_identifier_msgs/unique_identifier_msgs/msg
[2.428s] -- Up-to-date: /home/uwr/microROS_AUV/install/unique_identifier_msgs/include/unique_identifier_msgs/unique_identifier_msgs/msg/detail
[2.428s] -- Up-to-date: /home/uwr/microROS_AUV/install/unique_identifier_msgs/include/unique_identifier_msgs/unique_identifier_msgs/msg/detail/uuid__type_support.cpp
[2.429s] -- Up-to-date: /home/uwr/microROS_AUV/install/unique_identifier_msgs/include/unique_identifier_msgs/unique_identifier_msgs/msg/detail/uuid__rosidl_typesupport_introspection_cpp.hpp
[2.429s] -- Up-to-date: /home/uwr/microROS_AUV/install/unique_identifier_msgs/lib/libunique_identifier_msgs__rosidl_typesupport_introspection_cpp.so
[2.429s] -- Up-to-date: /home/uwr/microROS_AUV/install/unique_identifier_msgs/lib/libunique_identifier_msgs__rosidl_typesupport_cpp.so
[2.429s] -- Up-to-date: /home/uwr/microROS_AUV/install/unique_identifier_msgs/share/unique_identifier_msgs/environment/pythonpath.sh
[2.429s] -- Up-to-date: /home/uwr/microROS_AUV/install/unique_identifier_msgs/share/unique_identifier_msgs/environment/pythonpath.dsv
[2.430s] -- Up-to-date: /home/uwr/microROS_AUV/install/unique_identifier_msgs/local/lib/python3.10/dist-packages/unique_identifier_msgs-2.2.1-py3.10.egg-info
[2.430s] -- Installing: /home/uwr/microROS_AUV/install/unique_identifier_msgs/local/lib/python3.10/dist-packages/unique_identifier_msgs-2.2.1-py3.10.egg-info/top_level.txt
[2.430s] -- Installing: /home/uwr/microROS_AUV/install/unique_identifier_msgs/local/lib/python3.10/dist-packages/unique_identifier_msgs-2.2.1-py3.10.egg-info/dependency_links.txt
[2.435s] -- Installing: /home/uwr/microROS_AUV/install/unique_identifier_msgs/local/lib/python3.10/dist-packages/unique_identifier_msgs-2.2.1-py3.10.egg-info/PKG-INFO
[2.439s] -- Installing: /home/uwr/microROS_AUV/install/unique_identifier_msgs/local/lib/python3.10/dist-packages/unique_identifier_msgs-2.2.1-py3.10.egg-info/SOURCES.txt
[2.443s] -- Up-to-date: /home/uwr/microROS_AUV/install/unique_identifier_msgs/local/lib/python3.10/dist-packages/unique_identifier_msgs
[2.444s] -- Up-to-date: /home/uwr/microROS_AUV/install/unique_identifier_msgs/local/lib/python3.10/dist-packages/unique_identifier_msgs/unique_identifier_msgs_s__rosidl_typesupport_introspection_c.cpython-310-x86_64-linux-gnu.so
[2.444s] -- Up-to-date: /home/uwr/microROS_AUV/install/unique_identifier_msgs/local/lib/python3.10/dist-packages/unique_identifier_msgs/unique_identifier_msgs_s__rosidl_typesupport_microxrcedds_c.cpython-310-x86_64-linux-gnu.so
[2.445s] -- Up-to-date: /home/uwr/microROS_AUV/install/unique_identifier_msgs/local/lib/python3.10/dist-packages/unique_identifier_msgs/libunique_identifier_msgs__rosidl_generator_py.so
[2.445s] -- Up-to-date: /home/uwr/microROS_AUV/install/unique_identifier_msgs/local/lib/python3.10/dist-packages/unique_identifier_msgs/unique_identifier_msgs_s__rosidl_typesupport_fastrtps_c.cpython-310-x86_64-linux-gnu.so
[2.445s] -- Up-to-date: /home/uwr/microROS_AUV/install/unique_identifier_msgs/local/lib/python3.10/dist-packages/unique_identifier_msgs/msg
[2.445s] -- Up-to-date: /home/uwr/microROS_AUV/install/unique_identifier_msgs/local/lib/python3.10/dist-packages/unique_identifier_msgs/msg/_uuid.py
[2.445s] -- Up-to-date: /home/uwr/microROS_AUV/install/unique_identifier_msgs/local/lib/python3.10/dist-packages/unique_identifier_msgs/msg/__init__.py
[2.446s] -- Up-to-date: /home/uwr/microROS_AUV/install/unique_identifier_msgs/local/lib/python3.10/dist-packages/unique_identifier_msgs/msg/_uuid_s.c
[2.446s] -- Up-to-date: /home/uwr/microROS_AUV/install/unique_identifier_msgs/local/lib/python3.10/dist-packages/unique_identifier_msgs/_unique_identifier_msgs_s.ep.rosidl_typesupport_c.c
[2.446s] -- Up-to-date: /home/uwr/microROS_AUV/install/unique_identifier_msgs/local/lib/python3.10/dist-packages/unique_identifier_msgs/__init__.py
[2.446s] -- Up-to-date: /home/uwr/microROS_AUV/install/unique_identifier_msgs/local/lib/python3.10/dist-packages/unique_identifier_msgs/_unique_identifier_msgs_s.ep.rosidl_typesupport_introspection_c.c
[2.446s] -- Up-to-date: /home/uwr/microROS_AUV/install/unique_identifier_msgs/local/lib/python3.10/dist-packages/unique_identifier_msgs/_unique_identifier_msgs_s.ep.rosidl_typesupport_microxrcedds_c.c
[2.449s] -- Up-to-date: /home/uwr/microROS_AUV/install/unique_identifier_msgs/local/lib/python3.10/dist-packages/unique_identifier_msgs/unique_identifier_msgs_s__rosidl_typesupport_c.cpython-310-x86_64-linux-gnu.so
[2.452s] -- Up-to-date: /home/uwr/microROS_AUV/install/unique_identifier_msgs/local/lib/python3.10/dist-packages/unique_identifier_msgs/_unique_identifier_msgs_s.ep.rosidl_typesupport_fastrtps_c.c
[2.546s] Listing '/home/uwr/microROS_AUV/install/unique_identifier_msgs/local/lib/python3.10/dist-packages/unique_identifier_msgs'...
[2.546s] Listing '/home/uwr/microROS_AUV/install/unique_identifier_msgs/local/lib/python3.10/dist-packages/unique_identifier_msgs/msg'...
[2.561s] -- Up-to-date: /home/uwr/microROS_AUV/install/unique_identifier_msgs/local/lib/python3.10/dist-packages/unique_identifier_msgs/unique_identifier_msgs_s__rosidl_typesupport_microxrcedds_c.cpython-310-x86_64-linux-gnu.so
[2.563s] -- Up-to-date: /home/uwr/microROS_AUV/install/unique_identifier_msgs/local/lib/python3.10/dist-packages/unique_identifier_msgs/unique_identifier_msgs_s__rosidl_typesupport_fastrtps_c.cpython-310-x86_64-linux-gnu.so
[2.567s] -- Up-to-date: /home/uwr/microROS_AUV/install/unique_identifier_msgs/local/lib/python3.10/dist-packages/unique_identifier_msgs/unique_identifier_msgs_s__rosidl_typesupport_introspection_c.cpython-310-x86_64-linux-gnu.so
[2.571s] -- Up-to-date: /home/uwr/microROS_AUV/install/unique_identifier_msgs/local/lib/python3.10/dist-packages/unique_identifier_msgs/unique_identifier_msgs_s__rosidl_typesupport_c.cpython-310-x86_64-linux-gnu.so
[2.572s] -- Up-to-date: /home/uwr/microROS_AUV/install/unique_identifier_msgs/lib/libunique_identifier_msgs__rosidl_generator_py.so
[2.572s] -- Up-to-date: /home/uwr/microROS_AUV/install/unique_identifier_msgs/share/unique_identifier_msgs/msg/UUID.idl
[2.572s] -- Up-to-date: /home/uwr/microROS_AUV/install/unique_identifier_msgs/share/unique_identifier_msgs/msg/UUID.msg
[2.572s] -- Up-to-date: /home/uwr/microROS_AUV/install/unique_identifier_msgs/share/ament_index/resource_index/package_run_dependencies/unique_identifier_msgs
[2.572s] -- Up-to-date: /home/uwr/microROS_AUV/install/unique_identifier_msgs/share/ament_index/resource_index/parent_prefix_path/unique_identifier_msgs
[2.573s] -- Up-to-date: /home/uwr/microROS_AUV/install/unique_identifier_msgs/share/unique_identifier_msgs/environment/ament_prefix_path.sh
[2.573s] -- Up-to-date: /home/uwr/microROS_AUV/install/unique_identifier_msgs/share/unique_identifier_msgs/environment/ament_prefix_path.dsv
[2.573s] -- Up-to-date: /home/uwr/microROS_AUV/install/unique_identifier_msgs/share/unique_identifier_msgs/environment/path.sh
[2.574s] -- Up-to-date: /home/uwr/microROS_AUV/install/unique_identifier_msgs/share/unique_identifier_msgs/environment/path.dsv
[2.574s] -- Up-to-date: /home/uwr/microROS_AUV/install/unique_identifier_msgs/share/unique_identifier_msgs/local_setup.bash
[2.574s] -- Up-to-date: /home/uwr/microROS_AUV/install/unique_identifier_msgs/share/unique_identifier_msgs/local_setup.sh
[2.574s] -- Up-to-date: /home/uwr/microROS_AUV/install/unique_identifier_msgs/share/unique_identifier_msgs/local_setup.zsh
[2.574s] -- Up-to-date: /home/uwr/microROS_AUV/install/unique_identifier_msgs/share/unique_identifier_msgs/local_setup.dsv
[2.576s] -- Installing: /home/uwr/microROS_AUV/install/unique_identifier_msgs/share/unique_identifier_msgs/package.dsv
[2.576s] -- Up-to-date: /home/uwr/microROS_AUV/install/unique_identifier_msgs/share/ament_index/resource_index/packages/unique_identifier_msgs
[2.587s] -- Up-to-date: /home/uwr/microROS_AUV/install/unique_identifier_msgs/share/unique_identifier_msgs/cmake/export_unique_identifier_msgs__rosidl_generator_cExport.cmake
[2.587s] -- Up-to-date: /home/uwr/microROS_AUV/install/unique_identifier_msgs/share/unique_identifier_msgs/cmake/export_unique_identifier_msgs__rosidl_generator_cExport-noconfig.cmake
[2.588s] -- Up-to-date: /home/uwr/microROS_AUV/install/unique_identifier_msgs/share/unique_identifier_msgs/cmake/export_unique_identifier_msgs__rosidl_typesupport_fastrtps_cExport.cmake
[2.588s] -- Up-to-date: /home/uwr/microROS_AUV/install/unique_identifier_msgs/share/unique_identifier_msgs/cmake/export_unique_identifier_msgs__rosidl_typesupport_fastrtps_cExport-noconfig.cmake
[2.588s] -- Up-to-date: /home/uwr/microROS_AUV/install/unique_identifier_msgs/share/unique_identifier_msgs/cmake/unique_identifier_msgs__rosidl_typesupport_introspection_cExport.cmake
[2.588s] -- Up-to-date: /home/uwr/microROS_AUV/install/unique_identifier_msgs/share/unique_identifier_msgs/cmake/unique_identifier_msgs__rosidl_typesupport_introspection_cExport-noconfig.cmake
[2.589s] -- Up-to-date: /home/uwr/microROS_AUV/install/unique_identifier_msgs/share/unique_identifier_msgs/cmake/unique_identifier_msgs__rosidl_typesupport_cExport.cmake
[2.589s] -- Up-to-date: /home/uwr/microROS_AUV/install/unique_identifier_msgs/share/unique_identifier_msgs/cmake/unique_identifier_msgs__rosidl_typesupport_cExport-noconfig.cmake
[2.589s] -- Up-to-date: /home/uwr/microROS_AUV/install/unique_identifier_msgs/share/unique_identifier_msgs/cmake/export_unique_identifier_msgs__rosidl_generator_cppExport.cmake
[2.590s] -- Up-to-date: /home/uwr/microROS_AUV/install/unique_identifier_msgs/share/unique_identifier_msgs/cmake/export_unique_identifier_msgs__rosidl_typesupport_fastrtps_cppExport.cmake
[2.590s] -- Up-to-date: /home/uwr/microROS_AUV/install/unique_identifier_msgs/share/unique_identifier_msgs/cmake/export_unique_identifier_msgs__rosidl_typesupport_fastrtps_cppExport-noconfig.cmake
[2.590s] -- Up-to-date: /home/uwr/microROS_AUV/install/unique_identifier_msgs/share/unique_identifier_msgs/cmake/unique_identifier_msgs__rosidl_typesupport_introspection_cppExport.cmake
[2.590s] -- Up-to-date: /home/uwr/microROS_AUV/install/unique_identifier_msgs/share/unique_identifier_msgs/cmake/unique_identifier_msgs__rosidl_typesupport_introspection_cppExport-noconfig.cmake
[2.594s] -- Up-to-date: /home/uwr/microROS_AUV/install/unique_identifier_msgs/share/unique_identifier_msgs/cmake/unique_identifier_msgs__rosidl_typesupport_cppExport.cmake
[2.594s] -- Up-to-date: /home/uwr/microROS_AUV/install/unique_identifier_msgs/share/unique_identifier_msgs/cmake/unique_identifier_msgs__rosidl_typesupport_cppExport-noconfig.cmake
[2.594s] -- Up-to-date: /home/uwr/microROS_AUV/install/unique_identifier_msgs/share/unique_identifier_msgs/cmake/export_unique_identifier_msgs__rosidl_generator_pyExport.cmake
[2.594s] -- Up-to-date: /home/uwr/microROS_AUV/install/unique_identifier_msgs/share/unique_identifier_msgs/cmake/export_unique_identifier_msgs__rosidl_generator_pyExport-noconfig.cmake
[2.594s] -- Up-to-date: /home/uwr/microROS_AUV/install/unique_identifier_msgs/share/unique_identifier_msgs/cmake/rosidl_cmake-extras.cmake
[2.595s] -- Up-to-date: /home/uwr/microROS_AUV/install/unique_identifier_msgs/share/unique_identifier_msgs/cmake/ament_cmake_export_include_directories-extras.cmake
[2.595s] -- Up-to-date: /home/uwr/microROS_AUV/install/unique_identifier_msgs/share/unique_identifier_msgs/cmake/ament_cmake_export_libraries-extras.cmake
[2.595s] -- Up-to-date: /home/uwr/microROS_AUV/install/unique_identifier_msgs/share/unique_identifier_msgs/cmake/ament_cmake_export_targets-extras.cmake
[2.595s] -- Up-to-date: /home/uwr/microROS_AUV/install/unique_identifier_msgs/share/unique_identifier_msgs/cmake/rosidl_cmake_export_typesupport_targets-extras.cmake
[2.595s] -- Up-to-date: /home/uwr/microROS_AUV/install/unique_identifier_msgs/share/unique_identifier_msgs/cmake/ament_cmake_export_dependencies-extras.cmake
[2.595s] -- Up-to-date: /home/uwr/microROS_AUV/install/unique_identifier_msgs/share/unique_identifier_msgs/cmake/rosidl_cmake_export_typesupport_libraries-extras.cmake
[2.596s] -- Up-to-date: /home/uwr/microROS_AUV/install/unique_identifier_msgs/share/unique_identifier_msgs/cmake/unique_identifier_msgsConfig.cmake
[2.596s] -- Up-to-date: /home/uwr/microROS_AUV/install/unique_identifier_msgs/share/unique_identifier_msgs/cmake/unique_identifier_msgsConfig-version.cmake
[2.596s] -- Up-to-date: /home/uwr/microROS_AUV/install/unique_identifier_msgs/share/unique_identifier_msgs/package.xml
[2.596s] -- Up-to-date: /home/uwr/microROS_AUV/install/unique_identifier_msgs/share/unique_identifier_msgs/mapping_rules.yaml
[2.604s] Invoked command in '/home/uwr/microROS_AUV/build/unique_identifier_msgs' returned '0': CMAKE_PREFIX_PATH=${CMAKE_PREFIX_PATH}:/home/uwr/microROS_AUV/install/statistics_msgs:/home/uwr/microROS_AUV/install/control_pkg:/home/uwr/Desktop/2024_UWR/install/sonar_subs:/opt/ros/humble /usr/bin/cmake --install /home/uwr/microROS_AUV/build/unique_identifier_msgs
