[0.070s] Invoking command in '/home/uwr/microROS_AUV/build/micro_ros_utilities': CMAKE_PREFIX_PATH=${CMAKE_PREFIX_PATH}:/home/uwr/microROS_AUV/install/statistics_msgs:/home/uwr/microROS_AUV/install/control_pkg:/home/uwr/Desktop/2024_UWR/install/sonar_subs:/opt/ros/humble /usr/bin/cmake --build /home/uwr/microROS_AUV/build/micro_ros_utilities -- -j8 -l8
[0.287s] [100%] Built target micro_ros_utilities
[0.368s] Invoked command in '/home/uwr/microROS_AUV/build/micro_ros_utilities' returned '0': CMAKE_PREFIX_PATH=${CMAKE_PREFIX_PATH}:/home/uwr/microROS_AUV/install/statistics_msgs:/home/uwr/microROS_AUV/install/control_pkg:/home/uwr/Desktop/2024_UWR/install/sonar_subs:/opt/ros/humble /usr/bin/cmake --build /home/uwr/microROS_AUV/build/micro_ros_utilities -- -j8 -l8
[0.856s] Invoking command in '/home/uwr/microROS_AUV/build/micro_ros_utilities': CMAKE_PREFIX_PATH=${CMAKE_PREFIX_PATH}:/home/uwr/microROS_AUV/install/statistics_msgs:/home/uwr/microROS_AUV/install/control_pkg:/home/uwr/Desktop/2024_UWR/install/sonar_subs:/opt/ros/humble /usr/bin/cmake --install /home/uwr/microROS_AUV/build/micro_ros_utilities
[1.832s] -- Install configuration: ""
[1.832s] -- Up-to-date: /home/uwr/microROS_AUV/install/micro_ros_utilities/include
[1.832s] -- Up-to-date: /home/uwr/microROS_AUV/install/micro_ros_utilities/include/micro_ros_utilities
[1.832s] -- Up-to-date: /home/uwr/microROS_AUV/install/micro_ros_utilities/include/micro_ros_utilities/type_utilities.h
[1.832s] -- Up-to-date: /home/uwr/microROS_AUV/install/micro_ros_utilities/include/micro_ros_utilities/visibility_control.h
[1.833s] -- Up-to-date: /home/uwr/microROS_AUV/install/micro_ros_utilities/include/micro_ros_utilities/string_utilities.h
[1.833s] -- Up-to-date: /home/uwr/microROS_AUV/install/micro_ros_utilities/lib/libmicro_ros_utilities.so
[1.833s] -- Up-to-date: /home/uwr/microROS_AUV/install/micro_ros_utilities/share/micro_ros_utilities/environment/library_path.sh
[1.833s] -- Up-to-date: /home/uwr/microROS_AUV/install/micro_ros_utilities/share/micro_ros_utilities/environment/library_path.dsv
[1.834s] -- Up-to-date: /home/uwr/microROS_AUV/install/micro_ros_utilities/share/ament_index/resource_index/package_run_dependencies/micro_ros_utilities
[1.834s] -- Up-to-date: /home/uwr/microROS_AUV/install/micro_ros_utilities/share/ament_index/resource_index/parent_prefix_path/micro_ros_utilities
[1.834s] -- Up-to-date: /home/uwr/microROS_AUV/install/micro_ros_utilities/share/micro_ros_utilities/environment/ament_prefix_path.sh
[1.834s] -- Up-to-date: /home/uwr/microROS_AUV/install/micro_ros_utilities/share/micro_ros_utilities/environment/ament_prefix_path.dsv
[1.834s] -- Up-to-date: /home/uwr/microROS_AUV/install/micro_ros_utilities/share/micro_ros_utilities/environment/path.sh
[1.835s] -- Up-to-date: /home/uwr/microROS_AUV/install/micro_ros_utilities/share/micro_ros_utilities/environment/path.dsv
[1.835s] -- Up-to-date: /home/uwr/microROS_AUV/install/micro_ros_utilities/share/micro_ros_utilities/local_setup.bash
[1.835s] -- Up-to-date: /home/uwr/microROS_AUV/install/micro_ros_utilities/share/micro_ros_utilities/local_setup.sh
[1.835s] -- Up-to-date: /home/uwr/microROS_AUV/install/micro_ros_utilities/share/micro_ros_utilities/local_setup.zsh
[1.835s] -- Up-to-date: /home/uwr/microROS_AUV/install/micro_ros_utilities/share/micro_ros_utilities/local_setup.dsv
[1.835s] -- Installing: /home/uwr/microROS_AUV/install/micro_ros_utilities/share/micro_ros_utilities/package.dsv
[1.836s] -- Up-to-date: /home/uwr/microROS_AUV/install/micro_ros_utilities/share/ament_index/resource_index/packages/micro_ros_utilities
[1.836s] -- Up-to-date: /home/uwr/microROS_AUV/install/micro_ros_utilities/share/micro_ros_utilities/cmake/ament_cmake_export_include_directories-extras.cmake
[1.840s] -- Up-to-date: /home/uwr/microROS_AUV/install/micro_ros_utilities/share/micro_ros_utilities/cmake/ament_cmake_export_libraries-extras.cmake
[1.840s] -- Up-to-date: /home/uwr/microROS_AUV/install/micro_ros_utilities/share/micro_ros_utilities/cmake/ament_cmake_export_dependencies-extras.cmake
[1.840s] -- Up-to-date: /home/uwr/microROS_AUV/install/micro_ros_utilities/share/micro_ros_utilities/cmake/micro_ros_utilitiesConfig.cmake
[1.841s] -- Up-to-date: /home/uwr/microROS_AUV/install/micro_ros_utilities/share/micro_ros_utilities/cmake/micro_ros_utilitiesConfig-version.cmake
[1.841s] -- Up-to-date: /home/uwr/microROS_AUV/install/micro_ros_utilities/share/micro_ros_utilities/package.xml
[1.880s] Invoked command in '/home/uwr/microROS_AUV/build/micro_ros_utilities' returned '0': CMAKE_PREFIX_PATH=${CMAKE_PREFIX_PATH}:/home/uwr/microROS_AUV/install/statistics_msgs:/home/uwr/microROS_AUV/install/control_pkg:/home/uwr/Desktop/2024_UWR/install/sonar_subs:/opt/ros/humble /usr/bin/cmake --install /home/uwr/microROS_AUV/build/micro_ros_utilities
