[0.059s] Invoking command in '/home/uwr/microROS_AUV/build/unique_identifier_msgs': CMAKE_PREFIX_PATH=${CMAKE_PREFIX_PATH}:/home/uwr/microROS_AUV/install/control_pkg:/home/uwr/Desktop/2024_UWR/install/sonar_subs:/opt/ros/humble /usr/bin/cmake /home/uwr/microROS_AUV/src/ros2/unique_identifier_msgs -DBUILD_TESTING=OFF -DBUILD_SHARED_LIBS=ON -DCMAKE_INSTALL_PREFIX=/home/uwr/microROS_AUV/install/unique_identifier_msgs
[0.199s] -- The C compiler identification is GNU 11.4.0
[0.357s] -- The CXX compiler identification is GNU 11.4.0
[0.380s] -- Detecting C compiler ABI info
[0.550s] -- Detecting C compiler ABI info - done
[0.578s] -- Check for working C compiler: /usr/bin/cc - skipped
[0.578s] -- Detecting C compile features
[0.580s] -- Detecting C compile features - done
[0.588s] -- Detecting CXX compiler ABI info
[0.786s] -- Detecting CXX compiler ABI info - done
[0.804s] -- Check for working CXX compiler: /usr/bin/c++ - skipped
[0.805s] -- Detecting CXX compile features
[0.806s] -- Detecting CXX compile features - done
[0.812s] -- Found ament_cmake: 1.3.10 (/opt/ros/humble/share/ament_cmake/cmake)
[1.237s] -- Found Python3: /usr/bin/python3 (found version "3.10.12") found components: Interpreter 
[1.519s] -- Found rosidl_default_generators: 1.2.0 (/opt/ros/humble/share/rosidl_default_generators/cmake)
[1.537s] -- Using all available rosidl_typesupport_c: rosidl_typesupport_microxrcedds_c;rosidl_typesupport_fastrtps_c;rosidl_typesupport_introspection_c
[1.562s] -- Found rosidl_adapter: 3.1.5 (/opt/ros/humble/share/rosidl_adapter/cmake)
[1.736s] -- Using all available rosidl_typesupport_cpp: rosidl_typesupport_microxrcedds_cpp;rosidl_typesupport_fastrtps_cpp;rosidl_typesupport_introspection_cpp
[2.528s] -- Found ament_cmake_ros: 0.10.0 (/opt/ros/humble/share/ament_cmake_ros/cmake)
[3.089s] -- Using all available rosidl_typesupport_c: rosidl_typesupport_microxrcedds_c;rosidl_typesupport_fastrtps_c;rosidl_typesupport_introspection_c
[4.481s] -- Using all available rosidl_typesupport_cpp: rosidl_typesupport_microxrcedds_cpp;rosidl_typesupport_fastrtps_cpp;rosidl_typesupport_introspection_cpp
[4.622s] -- Found PythonInterp: /usr/bin/python3 (found suitable version "3.10.12", minimum required is "3.6") 
[4.643s] -- Found python_cmake_module: 0.10.0 (/opt/ros/humble/share/python_cmake_module/cmake)
[4.813s] -- Found PythonLibs: /usr/lib/x86_64-linux-gnu/libpython3.10.so (found suitable version "3.10.12", minimum required is "3.5") 
[4.814s] -- Using PYTHON_EXECUTABLE: /usr/bin/python3
[4.815s] -- Using PYTHON_INCLUDE_DIRS: /usr/include/python3.10
[4.816s] -- Using PYTHON_LIBRARIES: /usr/lib/x86_64-linux-gnu/libpython3.10.so
[4.892s] -- Found PythonExtra: .so  
[5.036s] -- Configuring done
[5.219s] -- Generating done
[5.228s] -- Build files have been written to: /home/uwr/microROS_AUV/build/unique_identifier_msgs
[5.264s] Invoked command in '/home/uwr/microROS_AUV/build/unique_identifier_msgs' returned '0': CMAKE_PREFIX_PATH=${CMAKE_PREFIX_PATH}:/home/uwr/microROS_AUV/install/control_pkg:/home/uwr/Desktop/2024_UWR/install/sonar_subs:/opt/ros/humble /usr/bin/cmake /home/uwr/microROS_AUV/src/ros2/unique_identifier_msgs -DBUILD_TESTING=OFF -DBUILD_SHARED_LIBS=ON -DCMAKE_INSTALL_PREFIX=/home/uwr/microROS_AUV/install/unique_identifier_msgs
[5.265s] Invoking command in '/home/uwr/microROS_AUV/build/unique_identifier_msgs': CMAKE_PREFIX_PATH=${CMAKE_PREFIX_PATH}:/home/uwr/microROS_AUV/install/control_pkg:/home/uwr/Desktop/2024_UWR/install/sonar_subs:/opt/ros/humble /usr/bin/cmake --build /home/uwr/microROS_AUV/build/unique_identifier_msgs -- -j8 -l8
[5.468s] [  2%] [34m[1mGenerating C code for ROS interfaces[0m
[5.527s] [  5%] [34m[1mGenerating C++ code for ROS interfaces[0m
[5.614s] [  5%] Built target ament_cmake_python_copy_unique_identifier_msgs
[7.793s] running egg_info
[7.804s] creating unique_identifier_msgs.egg-info
[7.805s] writing unique_identifier_msgs.egg-info/PKG-INFO
[7.806s] writing dependency_links to unique_identifier_msgs.egg-info/dependency_links.txt
[7.812s] writing top-level names to unique_identifier_msgs.egg-info/top_level.txt
[7.813s] writing manifest file 'unique_identifier_msgs.egg-info/SOURCES.txt'
[7.831s] reading manifest file 'unique_identifier_msgs.egg-info/SOURCES.txt'
[7.841s] writing manifest file 'unique_identifier_msgs.egg-info/SOURCES.txt'
[7.927s] [  7%] [32mBuilding C object CMakeFiles/unique_identifier_msgs__rosidl_generator_c.dir/rosidl_generator_c/unique_identifier_msgs/msg/detail/uuid__functions.c.o[0m
[8.122s] [  7%] Built target ament_cmake_python_build_unique_identifier_msgs_egg
[8.166s] [ 10%] [32m[1mLinking C shared library libunique_identifier_msgs__rosidl_generator_c.so[0m
[8.201s] [ 10%] Built target unique_identifier_msgs__cpp
[8.251s] [ 12%] [34m[1mGenerating C++ introspection for ROS interfaces[0m
[8.255s] [ 15%] [34m[1mGenerating C++ type support for eProsima Micro XRCE-DDS[0m
[8.297s] [ 17%] [34m[1mGenerating C++ type support dispatch for ROS interfaces[0m
[8.323s] [ 20%] [34m[1mGenerating C++ type support for eProsima Fast-RTPS[0m
[8.489s] [ 20%] Built target unique_identifier_msgs__rosidl_generator_c
[8.563s] [ 23%] [34m[1mGenerating C type support for eProsima Micro XRCE-DDS[0m
[8.585s] [ 25%] [34m[1mGenerating C introspection for ROS interfaces[0m
[8.594s] [ 28%] [34m[1mGenerating C type support dispatch for ROS interfaces[0m
[8.630s] [ 30%] [34m[1mGenerating C type support for eProsima Fast-RTPS[0m
[10.996s] [ 33%] [32mBuilding CXX object CMakeFiles/unique_identifier_msgs__rosidl_typesupport_c.dir/rosidl_typesupport_c/unique_identifier_msgs/msg/uuid__type_support.cpp.o[0m
[11.253s] [ 35%] [32m[1mLinking CXX shared library libunique_identifier_msgs__rosidl_typesupport_c.so[0m
[11.486s] [ 38%] [32mBuilding C object CMakeFiles/unique_identifier_msgs__rosidl_typesupport_introspection_c.dir/rosidl_typesupport_introspection_c/unique_identifier_msgs/msg/detail/uuid__type_support.c.o[0m
[11.746s] [ 38%] Built target unique_identifier_msgs__rosidl_typesupport_c
[11.926s] [ 41%] [32mBuilding CXX object CMakeFiles/unique_identifier_msgs__rosidl_typesupport_introspection_cpp.dir/rosidl_typesupport_introspection_cpp/unique_identifier_msgs/msg/detail/uuid__type_support.cpp.o[0m
[11.957s] [ 43%] [32m[1mLinking C shared library libunique_identifier_msgs__rosidl_typesupport_introspection_c.so[0m
[12.247s] [ 43%] Built target unique_identifier_msgs__rosidl_typesupport_introspection_c
[12.351s] [ 46%] [32mBuilding CXX object CMakeFiles/unique_identifier_msgs__rosidl_typesupport_fastrtps_cpp.dir/rosidl_typesupport_fastrtps_cpp/unique_identifier_msgs/msg/detail/dds_fastrtps/uuid__type_support.cpp.o[0m
[12.471s] [ 48%] [32mBuilding CXX object CMakeFiles/unique_identifier_msgs__rosidl_typesupport_microxrcedds_cpp.dir/rosidl_typesupport_microxrcedds_cpp/unique_identifier_msgs/msg/detail/microxrcedds/uuid__type_support_cpp.cpp.o[0m
[12.478s] [ 51%] [32mBuilding CXX object CMakeFiles/unique_identifier_msgs__rosidl_typesupport_cpp.dir/rosidl_typesupport_cpp/unique_identifier_msgs/msg/uuid__type_support.cpp.o[0m
[12.892s] [ 53%] [32mBuilding C object CMakeFiles/unique_identifier_msgs__rosidl_typesupport_microxrcedds_c.dir/rosidl_typesupport_microxrcedds_c/unique_identifier_msgs/msg/detail/microxrcedds/uuid__type_support_c.c.o[0m
[13.355s] [ 56%] [32m[1mLinking C shared library libunique_identifier_msgs__rosidl_typesupport_microxrcedds_c.so[0m
[13.407s] [ 58%] [32mBuilding CXX object CMakeFiles/unique_identifier_msgs__rosidl_typesupport_fastrtps_c.dir/rosidl_typesupport_fastrtps_c/unique_identifier_msgs/msg/detail/uuid__type_support_c.cpp.o[0m
[13.679s] [ 58%] Built target unique_identifier_msgs__rosidl_typesupport_microxrcedds_c
[15.572s] [ 61%] [32m[1mLinking CXX shared library libunique_identifier_msgs__rosidl_typesupport_fastrtps_c.so[0m
[16.321s] [ 61%] Built target unique_identifier_msgs__rosidl_typesupport_fastrtps_c
[16.797s] [ 64%] [32m[1mLinking CXX shared library libunique_identifier_msgs__rosidl_typesupport_cpp.so[0m
[17.298s] [ 66%] [32m[1mLinking CXX shared library libunique_identifier_msgs__rosidl_typesupport_microxrcedds_cpp.so[0m
[17.345s] [ 66%] Built target unique_identifier_msgs__rosidl_typesupport_cpp
[17.527s] [ 66%] Built target unique_identifier_msgs__rosidl_typesupport_microxrcedds_cpp
[17.927s] [ 69%] [32m[1mLinking CXX shared library libunique_identifier_msgs__rosidl_typesupport_fastrtps_cpp.so[0m
[18.167s] [ 71%] [32m[1mLinking CXX shared library libunique_identifier_msgs__rosidl_typesupport_introspection_cpp.so[0m
[18.250s] [ 71%] Built target unique_identifier_msgs__rosidl_typesupport_fastrtps_cpp
[18.505s] [ 71%] Built target unique_identifier_msgs__rosidl_typesupport_introspection_cpp
[18.579s] [ 71%] Built target unique_identifier_msgs
[18.656s] [ 74%] [34m[1mGenerating Python code for ROS interfaces[0m
[22.796s] [ 74%] Built target unique_identifier_msgs__py
[22.904s] [ 76%] [32mBuilding C object CMakeFiles/unique_identifier_msgs__rosidl_generator_py.dir/rosidl_generator_py/unique_identifier_msgs/msg/_uuid_s.c.o[0m
[23.579s] [ 79%] [32m[1mLinking C shared library rosidl_generator_py/unique_identifier_msgs/libunique_identifier_msgs__rosidl_generator_py.so[0m
[23.756s] [ 79%] Built target unique_identifier_msgs__rosidl_generator_py
[23.863s] [ 82%] [32mBuilding C object CMakeFiles/unique_identifier_msgs__rosidl_typesupport_microxrcedds_c__pyext.dir/rosidl_generator_py/unique_identifier_msgs/_unique_identifier_msgs_s.ep.rosidl_typesupport_microxrcedds_c.c.o[0m
[24.343s] [ 84%] [32m[1mLinking C shared library rosidl_generator_py/unique_identifier_msgs/unique_identifier_msgs_s__rosidl_typesupport_microxrcedds_c.cpython-310-x86_64-linux-gnu.so[0m
[24.451s] [ 84%] Built target unique_identifier_msgs__rosidl_typesupport_microxrcedds_c__pyext
[24.492s] [ 87%] [32mBuilding C object CMakeFiles/unique_identifier_msgs__rosidl_typesupport_c__pyext.dir/rosidl_generator_py/unique_identifier_msgs/_unique_identifier_msgs_s.ep.rosidl_typesupport_c.c.o[0m
[24.668s] [ 89%] [32m[1mLinking C shared library rosidl_generator_py/unique_identifier_msgs/unique_identifier_msgs_s__rosidl_typesupport_c.cpython-310-x86_64-linux-gnu.so[0m
[24.724s] [ 89%] Built target unique_identifier_msgs__rosidl_typesupport_c__pyext
[24.757s] [ 92%] [32mBuilding C object CMakeFiles/unique_identifier_msgs__rosidl_typesupport_introspection_c__pyext.dir/rosidl_generator_py/unique_identifier_msgs/_unique_identifier_msgs_s.ep.rosidl_typesupport_introspection_c.c.o[0m
[24.920s] [ 94%] [32m[1mLinking C shared library rosidl_generator_py/unique_identifier_msgs/unique_identifier_msgs_s__rosidl_typesupport_introspection_c.cpython-310-x86_64-linux-gnu.so[0m
[24.974s] [ 94%] Built target unique_identifier_msgs__rosidl_typesupport_introspection_c__pyext
[25.008s] [ 97%] [32mBuilding C object CMakeFiles/unique_identifier_msgs__rosidl_typesupport_fastrtps_c__pyext.dir/rosidl_generator_py/unique_identifier_msgs/_unique_identifier_msgs_s.ep.rosidl_typesupport_fastrtps_c.c.o[0m
[25.193s] [100%] [32m[1mLinking C shared library rosidl_generator_py/unique_identifier_msgs/unique_identifier_msgs_s__rosidl_typesupport_fastrtps_c.cpython-310-x86_64-linux-gnu.so[0m
[25.255s] [100%] Built target unique_identifier_msgs__rosidl_typesupport_fastrtps_c__pyext
[25.282s] Invoked command in '/home/uwr/microROS_AUV/build/unique_identifier_msgs' returned '0': CMAKE_PREFIX_PATH=${CMAKE_PREFIX_PATH}:/home/uwr/microROS_AUV/install/control_pkg:/home/uwr/Desktop/2024_UWR/install/sonar_subs:/opt/ros/humble /usr/bin/cmake --build /home/uwr/microROS_AUV/build/unique_identifier_msgs -- -j8 -l8
[25.418s] Invoking command in '/home/uwr/microROS_AUV/build/unique_identifier_msgs': CMAKE_PREFIX_PATH=${CMAKE_PREFIX_PATH}:/home/uwr/microROS_AUV/install/control_pkg:/home/uwr/Desktop/2024_UWR/install/sonar_subs:/opt/ros/humble /usr/bin/cmake --install /home/uwr/microROS_AUV/build/unique_identifier_msgs
[25.433s] -- Install configuration: ""
[25.433s] -- Installing: /home/uwr/microROS_AUV/install/unique_identifier_msgs/share/ament_index/resource_index/rosidl_interfaces/unique_identifier_msgs
[25.434s] -- Installing: /home/uwr/microROS_AUV/install/unique_identifier_msgs/include/unique_identifier_msgs/unique_identifier_msgs
[25.434s] -- Installing: /home/uwr/microROS_AUV/install/unique_identifier_msgs/include/unique_identifier_msgs/unique_identifier_msgs/msg
[25.434s] -- Installing: /home/uwr/microROS_AUV/install/unique_identifier_msgs/include/unique_identifier_msgs/unique_identifier_msgs/msg/rosidl_generator_c__visibility_control.h
[25.435s] -- Installing: /home/uwr/microROS_AUV/install/unique_identifier_msgs/include/unique_identifier_msgs/unique_identifier_msgs/msg/uuid.h
[25.435s] -- Installing: /home/uwr/microROS_AUV/install/unique_identifier_msgs/include/unique_identifier_msgs/unique_identifier_msgs/msg/detail
[25.435s] -- Installing: /home/uwr/microROS_AUV/install/unique_identifier_msgs/include/unique_identifier_msgs/unique_identifier_msgs/msg/detail/uuid__functions.h
[25.435s] -- Installing: /home/uwr/microROS_AUV/install/unique_identifier_msgs/include/unique_identifier_msgs/unique_identifier_msgs/msg/detail/uuid__struct.h
[25.436s] -- Installing: /home/uwr/microROS_AUV/install/unique_identifier_msgs/include/unique_identifier_msgs/unique_identifier_msgs/msg/detail/uuid__functions.c
[25.436s] -- Installing: /home/uwr/microROS_AUV/install/unique_identifier_msgs/include/unique_identifier_msgs/unique_identifier_msgs/msg/detail/uuid__type_support.h
[25.436s] -- Installing: /home/uwr/microROS_AUV/install/unique_identifier_msgs/share/unique_identifier_msgs/environment/library_path.sh
[25.436s] -- Installing: /home/uwr/microROS_AUV/install/unique_identifier_msgs/share/unique_identifier_msgs/environment/library_path.dsv
[25.437s] -- Installing: /home/uwr/microROS_AUV/install/unique_identifier_msgs/lib/libunique_identifier_msgs__rosidl_generator_c.so
[25.437s] -- Set runtime path of "/home/uwr/microROS_AUV/install/unique_identifier_msgs/lib/libunique_identifier_msgs__rosidl_generator_c.so" to ""
[25.437s] -- Up-to-date: /home/uwr/microROS_AUV/install/unique_identifier_msgs/include/unique_identifier_msgs
[25.438s] -- Installing: /home/uwr/microROS_AUV/install/unique_identifier_msgs/include/unique_identifier_msgs/msg
[25.438s] -- Installing: /home/uwr/microROS_AUV/install/unique_identifier_msgs/include/unique_identifier_msgs/msg/rosidl_typesupport_microxrcedds_c__visibility_control.h
[25.438s] -- Installing: /home/uwr/microROS_AUV/install/unique_identifier_msgs/include/unique_identifier_msgs/msg/detail
[25.439s] -- Installing: /home/uwr/microROS_AUV/install/unique_identifier_msgs/include/unique_identifier_msgs/msg/detail/uuid__rosidl_typesupport_microxrcedds_c.h
[25.439s] -- Installing: /home/uwr/microROS_AUV/install/unique_identifier_msgs/include/unique_identifier_msgs/msg/detail/microxrcedds
[25.439s] -- Installing: /home/uwr/microROS_AUV/install/unique_identifier_msgs/lib/libunique_identifier_msgs__rosidl_typesupport_microxrcedds_c.so
[25.439s] -- Set runtime path of "/home/uwr/microROS_AUV/install/unique_identifier_msgs/lib/libunique_identifier_msgs__rosidl_typesupport_microxrcedds_c.so" to ""
[25.440s] -- Up-to-date: /home/uwr/microROS_AUV/install/unique_identifier_msgs/include/unique_identifier_msgs/unique_identifier_msgs
[25.440s] -- Up-to-date: /home/uwr/microROS_AUV/install/unique_identifier_msgs/include/unique_identifier_msgs/unique_identifier_msgs/msg
[25.440s] -- Up-to-date: /home/uwr/microROS_AUV/install/unique_identifier_msgs/include/unique_identifier_msgs/unique_identifier_msgs/msg/detail
[25.440s] -- Installing: /home/uwr/microROS_AUV/install/unique_identifier_msgs/include/unique_identifier_msgs/unique_identifier_msgs/msg/detail/uuid__rosidl_typesupport_fastrtps_c.h
[25.440s] -- Installing: /home/uwr/microROS_AUV/install/unique_identifier_msgs/include/unique_identifier_msgs/unique_identifier_msgs/msg/rosidl_typesupport_fastrtps_c__visibility_control.h
[25.440s] -- Installing: /home/uwr/microROS_AUV/install/unique_identifier_msgs/lib/libunique_identifier_msgs__rosidl_typesupport_fastrtps_c.so
[25.441s] -- Set runtime path of "/home/uwr/microROS_AUV/install/unique_identifier_msgs/lib/libunique_identifier_msgs__rosidl_typesupport_fastrtps_c.so" to ""
[25.441s] -- Up-to-date: /home/uwr/microROS_AUV/install/unique_identifier_msgs/include/unique_identifier_msgs/unique_identifier_msgs
[25.441s] -- Up-to-date: /home/uwr/microROS_AUV/install/unique_identifier_msgs/include/unique_identifier_msgs/unique_identifier_msgs/msg
[25.442s] -- Installing: /home/uwr/microROS_AUV/install/unique_identifier_msgs/include/unique_identifier_msgs/unique_identifier_msgs/msg/rosidl_typesupport_introspection_c__visibility_control.h
[25.442s] -- Up-to-date: /home/uwr/microROS_AUV/install/unique_identifier_msgs/include/unique_identifier_msgs/unique_identifier_msgs/msg/detail
[25.442s] -- Installing: /home/uwr/microROS_AUV/install/unique_identifier_msgs/include/unique_identifier_msgs/unique_identifier_msgs/msg/detail/uuid__type_support.c
[25.442s] -- Installing: /home/uwr/microROS_AUV/install/unique_identifier_msgs/include/unique_identifier_msgs/unique_identifier_msgs/msg/detail/uuid__rosidl_typesupport_introspection_c.h
[25.443s] -- Installing: /home/uwr/microROS_AUV/install/unique_identifier_msgs/lib/libunique_identifier_msgs__rosidl_typesupport_introspection_c.so
[25.443s] -- Set runtime path of "/home/uwr/microROS_AUV/install/unique_identifier_msgs/lib/libunique_identifier_msgs__rosidl_typesupport_introspection_c.so" to ""
[25.443s] -- Installing: /home/uwr/microROS_AUV/install/unique_identifier_msgs/lib/libunique_identifier_msgs__rosidl_typesupport_c.so
[25.443s] -- Set runtime path of "/home/uwr/microROS_AUV/install/unique_identifier_msgs/lib/libunique_identifier_msgs__rosidl_typesupport_c.so" to ""
[25.444s] -- Up-to-date: /home/uwr/microROS_AUV/install/unique_identifier_msgs/include/unique_identifier_msgs/unique_identifier_msgs
[25.444s] -- Up-to-date: /home/uwr/microROS_AUV/install/unique_identifier_msgs/include/unique_identifier_msgs/unique_identifier_msgs/msg
[25.444s] -- Up-to-date: /home/uwr/microROS_AUV/install/unique_identifier_msgs/include/unique_identifier_msgs/unique_identifier_msgs/msg/detail
[25.444s] -- Installing: /home/uwr/microROS_AUV/install/unique_identifier_msgs/include/unique_identifier_msgs/unique_identifier_msgs/msg/detail/uuid__traits.hpp
[25.445s] -- Installing: /home/uwr/microROS_AUV/install/unique_identifier_msgs/include/unique_identifier_msgs/unique_identifier_msgs/msg/detail/uuid__struct.hpp
[25.445s] -- Installing: /home/uwr/microROS_AUV/install/unique_identifier_msgs/include/unique_identifier_msgs/unique_identifier_msgs/msg/detail/uuid__builder.hpp
[25.445s] -- Installing: /home/uwr/microROS_AUV/install/unique_identifier_msgs/include/unique_identifier_msgs/unique_identifier_msgs/msg/uuid.hpp
[25.445s] -- Up-to-date: /home/uwr/microROS_AUV/install/unique_identifier_msgs/include/unique_identifier_msgs
[25.446s] -- Up-to-date: /home/uwr/microROS_AUV/install/unique_identifier_msgs/include/unique_identifier_msgs/msg
[25.446s] -- Installing: /home/uwr/microROS_AUV/install/unique_identifier_msgs/include/unique_identifier_msgs/msg/rosidl_typesupport_microxrcedds_cpp__visibility_control.h
[25.446s] -- Up-to-date: /home/uwr/microROS_AUV/install/unique_identifier_msgs/include/unique_identifier_msgs/msg/detail
[25.446s] -- Installing: /home/uwr/microROS_AUV/install/unique_identifier_msgs/include/unique_identifier_msgs/msg/detail/uuid__rosidl_typesupport_microxrcedds_cpp.hpp
[25.447s] -- Up-to-date: /home/uwr/microROS_AUV/install/unique_identifier_msgs/include/unique_identifier_msgs/msg/detail/microxrcedds
[25.447s] -- Installing: /home/uwr/microROS_AUV/install/unique_identifier_msgs/include/unique_identifier_msgs/msg/detail/microxrcedds/uuid__type_support_cpp.cpp
[25.447s] -- Installing: /home/uwr/microROS_AUV/install/unique_identifier_msgs/lib/libunique_identifier_msgs__rosidl_typesupport_microxrcedds_cpp.so
[25.447s] -- Set runtime path of "/home/uwr/microROS_AUV/install/unique_identifier_msgs/lib/libunique_identifier_msgs__rosidl_typesupport_microxrcedds_cpp.so" to ""
[25.447s] -- Up-to-date: /home/uwr/microROS_AUV/install/unique_identifier_msgs/include/unique_identifier_msgs/unique_identifier_msgs
[25.448s] -- Up-to-date: /home/uwr/microROS_AUV/install/unique_identifier_msgs/include/unique_identifier_msgs/unique_identifier_msgs/msg
[25.448s] -- Up-to-date: /home/uwr/microROS_AUV/install/unique_identifier_msgs/include/unique_identifier_msgs/unique_identifier_msgs/msg/detail
[25.448s] -- Installing: /home/uwr/microROS_AUV/install/unique_identifier_msgs/include/unique_identifier_msgs/unique_identifier_msgs/msg/detail/dds_fastrtps
[25.448s] -- Installing: /home/uwr/microROS_AUV/install/unique_identifier_msgs/include/unique_identifier_msgs/unique_identifier_msgs/msg/detail/uuid__rosidl_typesupport_fastrtps_cpp.hpp
[25.449s] -- Installing: /home/uwr/microROS_AUV/install/unique_identifier_msgs/include/unique_identifier_msgs/unique_identifier_msgs/msg/rosidl_typesupport_fastrtps_cpp__visibility_control.h
[25.449s] -- Installing: /home/uwr/microROS_AUV/install/unique_identifier_msgs/lib/libunique_identifier_msgs__rosidl_typesupport_fastrtps_cpp.so
[25.449s] -- Set runtime path of "/home/uwr/microROS_AUV/install/unique_identifier_msgs/lib/libunique_identifier_msgs__rosidl_typesupport_fastrtps_cpp.so" to ""
[25.449s] -- Up-to-date: /home/uwr/microROS_AUV/install/unique_identifier_msgs/include/unique_identifier_msgs/unique_identifier_msgs
[25.450s] -- Up-to-date: /home/uwr/microROS_AUV/install/unique_identifier_msgs/include/unique_identifier_msgs/unique_identifier_msgs/msg
[25.450s] -- Up-to-date: /home/uwr/microROS_AUV/install/unique_identifier_msgs/include/unique_identifier_msgs/unique_identifier_msgs/msg/detail
[25.450s] -- Installing: /home/uwr/microROS_AUV/install/unique_identifier_msgs/include/unique_identifier_msgs/unique_identifier_msgs/msg/detail/uuid__type_support.cpp
[25.450s] -- Installing: /home/uwr/microROS_AUV/install/unique_identifier_msgs/include/unique_identifier_msgs/unique_identifier_msgs/msg/detail/uuid__rosidl_typesupport_introspection_cpp.hpp
[25.450s] -- Installing: /home/uwr/microROS_AUV/install/unique_identifier_msgs/lib/libunique_identifier_msgs__rosidl_typesupport_introspection_cpp.so
[25.451s] -- Set runtime path of "/home/uwr/microROS_AUV/install/unique_identifier_msgs/lib/libunique_identifier_msgs__rosidl_typesupport_introspection_cpp.so" to ""
[25.451s] -- Installing: /home/uwr/microROS_AUV/install/unique_identifier_msgs/lib/libunique_identifier_msgs__rosidl_typesupport_cpp.so
[25.451s] -- Set runtime path of "/home/uwr/microROS_AUV/install/unique_identifier_msgs/lib/libunique_identifier_msgs__rosidl_typesupport_cpp.so" to ""
[25.452s] -- Installing: /home/uwr/microROS_AUV/install/unique_identifier_msgs/share/unique_identifier_msgs/environment/pythonpath.sh
[25.452s] -- Installing: /home/uwr/microROS_AUV/install/unique_identifier_msgs/share/unique_identifier_msgs/environment/pythonpath.dsv
[25.452s] -- Installing: /home/uwr/microROS_AUV/install/unique_identifier_msgs/local/lib/python3.10/dist-packages/unique_identifier_msgs-2.2.1-py3.10.egg-info
[25.452s] -- Installing: /home/uwr/microROS_AUV/install/unique_identifier_msgs/local/lib/python3.10/dist-packages/unique_identifier_msgs-2.2.1-py3.10.egg-info/top_level.txt
[25.452s] -- Installing: /home/uwr/microROS_AUV/install/unique_identifier_msgs/local/lib/python3.10/dist-packages/unique_identifier_msgs-2.2.1-py3.10.egg-info/dependency_links.txt
[25.453s] -- Installing: /home/uwr/microROS_AUV/install/unique_identifier_msgs/local/lib/python3.10/dist-packages/unique_identifier_msgs-2.2.1-py3.10.egg-info/PKG-INFO
[25.453s] -- Installing: /home/uwr/microROS_AUV/install/unique_identifier_msgs/local/lib/python3.10/dist-packages/unique_identifier_msgs-2.2.1-py3.10.egg-info/SOURCES.txt
[25.453s] -- Installing: /home/uwr/microROS_AUV/install/unique_identifier_msgs/local/lib/python3.10/dist-packages/unique_identifier_msgs
[25.453s] -- Installing: /home/uwr/microROS_AUV/install/unique_identifier_msgs/local/lib/python3.10/dist-packages/unique_identifier_msgs/unique_identifier_msgs_s__rosidl_typesupport_introspection_c.cpython-310-x86_64-linux-gnu.so
[25.454s] -- Installing: /home/uwr/microROS_AUV/install/unique_identifier_msgs/local/lib/python3.10/dist-packages/unique_identifier_msgs/unique_identifier_msgs_s__rosidl_typesupport_microxrcedds_c.cpython-310-x86_64-linux-gnu.so
[25.454s] -- Installing: /home/uwr/microROS_AUV/install/unique_identifier_msgs/local/lib/python3.10/dist-packages/unique_identifier_msgs/libunique_identifier_msgs__rosidl_generator_py.so
[25.454s] -- Installing: /home/uwr/microROS_AUV/install/unique_identifier_msgs/local/lib/python3.10/dist-packages/unique_identifier_msgs/unique_identifier_msgs_s__rosidl_typesupport_fastrtps_c.cpython-310-x86_64-linux-gnu.so
[25.454s] -- Installing: /home/uwr/microROS_AUV/install/unique_identifier_msgs/local/lib/python3.10/dist-packages/unique_identifier_msgs/msg
[25.455s] -- Installing: /home/uwr/microROS_AUV/install/unique_identifier_msgs/local/lib/python3.10/dist-packages/unique_identifier_msgs/msg/_uuid.py
[25.455s] -- Installing: /home/uwr/microROS_AUV/install/unique_identifier_msgs/local/lib/python3.10/dist-packages/unique_identifier_msgs/msg/__init__.py
[25.455s] -- Installing: /home/uwr/microROS_AUV/install/unique_identifier_msgs/local/lib/python3.10/dist-packages/unique_identifier_msgs/msg/_uuid_s.c
[25.455s] -- Installing: /home/uwr/microROS_AUV/install/unique_identifier_msgs/local/lib/python3.10/dist-packages/unique_identifier_msgs/_unique_identifier_msgs_s.ep.rosidl_typesupport_c.c
[25.455s] -- Installing: /home/uwr/microROS_AUV/install/unique_identifier_msgs/local/lib/python3.10/dist-packages/unique_identifier_msgs/__init__.py
[25.455s] -- Installing: /home/uwr/microROS_AUV/install/unique_identifier_msgs/local/lib/python3.10/dist-packages/unique_identifier_msgs/_unique_identifier_msgs_s.ep.rosidl_typesupport_introspection_c.c
[25.456s] -- Installing: /home/uwr/microROS_AUV/install/unique_identifier_msgs/local/lib/python3.10/dist-packages/unique_identifier_msgs/_unique_identifier_msgs_s.ep.rosidl_typesupport_microxrcedds_c.c
[25.456s] -- Installing: /home/uwr/microROS_AUV/install/unique_identifier_msgs/local/lib/python3.10/dist-packages/unique_identifier_msgs/unique_identifier_msgs_s__rosidl_typesupport_c.cpython-310-x86_64-linux-gnu.so
[25.456s] -- Installing: /home/uwr/microROS_AUV/install/unique_identifier_msgs/local/lib/python3.10/dist-packages/unique_identifier_msgs/_unique_identifier_msgs_s.ep.rosidl_typesupport_fastrtps_c.c
[25.526s] Listing '/home/uwr/microROS_AUV/install/unique_identifier_msgs/local/lib/python3.10/dist-packages/unique_identifier_msgs'...
[25.526s] Compiling '/home/uwr/microROS_AUV/install/unique_identifier_msgs/local/lib/python3.10/dist-packages/unique_identifier_msgs/__init__.py'...
[25.526s] Listing '/home/uwr/microROS_AUV/install/unique_identifier_msgs/local/lib/python3.10/dist-packages/unique_identifier_msgs/msg'...
[25.527s] Compiling '/home/uwr/microROS_AUV/install/unique_identifier_msgs/local/lib/python3.10/dist-packages/unique_identifier_msgs/msg/__init__.py'...
[25.527s] Compiling '/home/uwr/microROS_AUV/install/unique_identifier_msgs/local/lib/python3.10/dist-packages/unique_identifier_msgs/msg/_uuid.py'...
[25.535s] -- Installing: /home/uwr/microROS_AUV/install/unique_identifier_msgs/local/lib/python3.10/dist-packages/unique_identifier_msgs/unique_identifier_msgs_s__rosidl_typesupport_microxrcedds_c.cpython-310-x86_64-linux-gnu.so
[25.535s] -- Set runtime path of "/home/uwr/microROS_AUV/install/unique_identifier_msgs/local/lib/python3.10/dist-packages/unique_identifier_msgs/unique_identifier_msgs_s__rosidl_typesupport_microxrcedds_c.cpython-310-x86_64-linux-gnu.so" to ""
[25.536s] -- Installing: /home/uwr/microROS_AUV/install/unique_identifier_msgs/local/lib/python3.10/dist-packages/unique_identifier_msgs/unique_identifier_msgs_s__rosidl_typesupport_fastrtps_c.cpython-310-x86_64-linux-gnu.so
[25.536s] -- Set runtime path of "/home/uwr/microROS_AUV/install/unique_identifier_msgs/local/lib/python3.10/dist-packages/unique_identifier_msgs/unique_identifier_msgs_s__rosidl_typesupport_fastrtps_c.cpython-310-x86_64-linux-gnu.so" to ""
[25.536s] -- Installing: /home/uwr/microROS_AUV/install/unique_identifier_msgs/local/lib/python3.10/dist-packages/unique_identifier_msgs/unique_identifier_msgs_s__rosidl_typesupport_introspection_c.cpython-310-x86_64-linux-gnu.so
[25.537s] -- Set runtime path of "/home/uwr/microROS_AUV/install/unique_identifier_msgs/local/lib/python3.10/dist-packages/unique_identifier_msgs/unique_identifier_msgs_s__rosidl_typesupport_introspection_c.cpython-310-x86_64-linux-gnu.so" to ""
[25.537s] -- Installing: /home/uwr/microROS_AUV/install/unique_identifier_msgs/local/lib/python3.10/dist-packages/unique_identifier_msgs/unique_identifier_msgs_s__rosidl_typesupport_c.cpython-310-x86_64-linux-gnu.so
[25.538s] -- Set runtime path of "/home/uwr/microROS_AUV/install/unique_identifier_msgs/local/lib/python3.10/dist-packages/unique_identifier_msgs/unique_identifier_msgs_s__rosidl_typesupport_c.cpython-310-x86_64-linux-gnu.so" to ""
[25.538s] -- Installing: /home/uwr/microROS_AUV/install/unique_identifier_msgs/lib/libunique_identifier_msgs__rosidl_generator_py.so
[25.538s] -- Set runtime path of "/home/uwr/microROS_AUV/install/unique_identifier_msgs/lib/libunique_identifier_msgs__rosidl_generator_py.so" to ""
[25.539s] -- Installing: /home/uwr/microROS_AUV/install/unique_identifier_msgs/share/unique_identifier_msgs/msg/UUID.idl
[25.539s] -- Installing: /home/uwr/microROS_AUV/install/unique_identifier_msgs/share/unique_identifier_msgs/msg/UUID.msg
[25.539s] -- Installing: /home/uwr/microROS_AUV/install/unique_identifier_msgs/share/ament_index/resource_index/package_run_dependencies/unique_identifier_msgs
[25.539s] -- Installing: /home/uwr/microROS_AUV/install/unique_identifier_msgs/share/ament_index/resource_index/parent_prefix_path/unique_identifier_msgs
[25.540s] -- Installing: /home/uwr/microROS_AUV/install/unique_identifier_msgs/share/unique_identifier_msgs/environment/ament_prefix_path.sh
[25.540s] -- Installing: /home/uwr/microROS_AUV/install/unique_identifier_msgs/share/unique_identifier_msgs/environment/ament_prefix_path.dsv
[25.540s] -- Installing: /home/uwr/microROS_AUV/install/unique_identifier_msgs/share/unique_identifier_msgs/environment/path.sh
[25.541s] -- Installing: /home/uwr/microROS_AUV/install/unique_identifier_msgs/share/unique_identifier_msgs/environment/path.dsv
[25.541s] -- Installing: /home/uwr/microROS_AUV/install/unique_identifier_msgs/share/unique_identifier_msgs/local_setup.bash
[25.541s] -- Installing: /home/uwr/microROS_AUV/install/unique_identifier_msgs/share/unique_identifier_msgs/local_setup.sh
[25.541s] -- Installing: /home/uwr/microROS_AUV/install/unique_identifier_msgs/share/unique_identifier_msgs/local_setup.zsh
[25.542s] -- Installing: /home/uwr/microROS_AUV/install/unique_identifier_msgs/share/unique_identifier_msgs/local_setup.dsv
[25.542s] -- Installing: /home/uwr/microROS_AUV/install/unique_identifier_msgs/share/unique_identifier_msgs/package.dsv
[25.542s] -- Installing: /home/uwr/microROS_AUV/install/unique_identifier_msgs/share/ament_index/resource_index/packages/unique_identifier_msgs
[25.542s] -- Installing: /home/uwr/microROS_AUV/install/unique_identifier_msgs/share/unique_identifier_msgs/cmake/export_unique_identifier_msgs__rosidl_generator_cExport.cmake
[25.543s] -- Installing: /home/uwr/microROS_AUV/install/unique_identifier_msgs/share/unique_identifier_msgs/cmake/export_unique_identifier_msgs__rosidl_generator_cExport-noconfig.cmake
[25.543s] -- Installing: /home/uwr/microROS_AUV/install/unique_identifier_msgs/share/unique_identifier_msgs/cmake/export_unique_identifier_msgs__rosidl_typesupport_fastrtps_cExport.cmake
[25.543s] -- Installing: /home/uwr/microROS_AUV/install/unique_identifier_msgs/share/unique_identifier_msgs/cmake/export_unique_identifier_msgs__rosidl_typesupport_fastrtps_cExport-noconfig.cmake
[25.544s] -- Installing: /home/uwr/microROS_AUV/install/unique_identifier_msgs/share/unique_identifier_msgs/cmake/unique_identifier_msgs__rosidl_typesupport_introspection_cExport.cmake
[25.544s] -- Installing: /home/uwr/microROS_AUV/install/unique_identifier_msgs/share/unique_identifier_msgs/cmake/unique_identifier_msgs__rosidl_typesupport_introspection_cExport-noconfig.cmake
[25.544s] -- Installing: /home/uwr/microROS_AUV/install/unique_identifier_msgs/share/unique_identifier_msgs/cmake/unique_identifier_msgs__rosidl_typesupport_cExport.cmake
[25.544s] -- Installing: /home/uwr/microROS_AUV/install/unique_identifier_msgs/share/unique_identifier_msgs/cmake/unique_identifier_msgs__rosidl_typesupport_cExport-noconfig.cmake
[25.545s] -- Installing: /home/uwr/microROS_AUV/install/unique_identifier_msgs/share/unique_identifier_msgs/cmake/export_unique_identifier_msgs__rosidl_generator_cppExport.cmake
[25.545s] -- Installing: /home/uwr/microROS_AUV/install/unique_identifier_msgs/share/unique_identifier_msgs/cmake/export_unique_identifier_msgs__rosidl_typesupport_fastrtps_cppExport.cmake
[25.545s] -- Installing: /home/uwr/microROS_AUV/install/unique_identifier_msgs/share/unique_identifier_msgs/cmake/export_unique_identifier_msgs__rosidl_typesupport_fastrtps_cppExport-noconfig.cmake
[25.545s] -- Installing: /home/uwr/microROS_AUV/install/unique_identifier_msgs/share/unique_identifier_msgs/cmake/unique_identifier_msgs__rosidl_typesupport_introspection_cppExport.cmake
[25.546s] -- Installing: /home/uwr/microROS_AUV/install/unique_identifier_msgs/share/unique_identifier_msgs/cmake/unique_identifier_msgs__rosidl_typesupport_introspection_cppExport-noconfig.cmake
[25.546s] -- Installing: /home/uwr/microROS_AUV/install/unique_identifier_msgs/share/unique_identifier_msgs/cmake/unique_identifier_msgs__rosidl_typesupport_cppExport.cmake
[25.546s] -- Installing: /home/uwr/microROS_AUV/install/unique_identifier_msgs/share/unique_identifier_msgs/cmake/unique_identifier_msgs__rosidl_typesupport_cppExport-noconfig.cmake
[25.547s] -- Installing: /home/uwr/microROS_AUV/install/unique_identifier_msgs/share/unique_identifier_msgs/cmake/export_unique_identifier_msgs__rosidl_generator_pyExport.cmake
[25.547s] -- Installing: /home/uwr/microROS_AUV/install/unique_identifier_msgs/share/unique_identifier_msgs/cmake/export_unique_identifier_msgs__rosidl_generator_pyExport-noconfig.cmake
[25.547s] -- Installing: /home/uwr/microROS_AUV/install/unique_identifier_msgs/share/unique_identifier_msgs/cmake/rosidl_cmake-extras.cmake
[25.547s] -- Installing: /home/uwr/microROS_AUV/install/unique_identifier_msgs/share/unique_identifier_msgs/cmake/ament_cmake_export_include_directories-extras.cmake
[25.548s] -- Installing: /home/uwr/microROS_AUV/install/unique_identifier_msgs/share/unique_identifier_msgs/cmake/ament_cmake_export_libraries-extras.cmake
[25.548s] -- Installing: /home/uwr/microROS_AUV/install/unique_identifier_msgs/share/unique_identifier_msgs/cmake/ament_cmake_export_targets-extras.cmake
[25.548s] -- Installing: /home/uwr/microROS_AUV/install/unique_identifier_msgs/share/unique_identifier_msgs/cmake/rosidl_cmake_export_typesupport_targets-extras.cmake
[25.549s] -- Installing: /home/uwr/microROS_AUV/install/unique_identifier_msgs/share/unique_identifier_msgs/cmake/ament_cmake_export_dependencies-extras.cmake
[25.549s] -- Installing: /home/uwr/microROS_AUV/install/unique_identifier_msgs/share/unique_identifier_msgs/cmake/rosidl_cmake_export_typesupport_libraries-extras.cmake
[25.549s] -- Installing: /home/uwr/microROS_AUV/install/unique_identifier_msgs/share/unique_identifier_msgs/cmake/unique_identifier_msgsConfig.cmake
[25.549s] -- Installing: /home/uwr/microROS_AUV/install/unique_identifier_msgs/share/unique_identifier_msgs/cmake/unique_identifier_msgsConfig-version.cmake
[25.550s] -- Installing: /home/uwr/microROS_AUV/install/unique_identifier_msgs/share/unique_identifier_msgs/package.xml
[25.550s] -- Installing: /home/uwr/microROS_AUV/install/unique_identifier_msgs/share/unique_identifier_msgs/mapping_rules.yaml
[25.553s] Invoked command in '/home/uwr/microROS_AUV/build/unique_identifier_msgs' returned '0': CMAKE_PREFIX_PATH=${CMAKE_PREFIX_PATH}:/home/uwr/microROS_AUV/install/control_pkg:/home/uwr/Desktop/2024_UWR/install/sonar_subs:/opt/ros/humble /usr/bin/cmake --install /home/uwr/microROS_AUV/build/unique_identifier_msgs
