[0.099s] Invoking command in '/home/uwr/microROS_AUV/build/rosgraph_msgs': CMAKE_PREFIX_PATH=/home/uwr/microROS_AUV/install/builtin_interfaces:/home/uwr/microROS_AUV/install/action_msgs:/home/uwr/microROS_AUV/install/unique_identifier_msgs:/home/uwr/microROS_AUV/install/std_srvs:/home/uwr/microROS_AUV/install/rosidl_typesupport_microxrcedds_test_msg:/home/uwr/microROS_AUV/install/rosidl_typesupport_microxrcedds_cpp_tests:/home/uwr/microROS_AUV/install/rmw_microxrcedds:/home/uwr/microROS_AUV/install/rosidl_typesupport_microxrcedds_cpp:/home/uwr/microROS_AUV/install/rosidl_typesupport_microxrcedds_c_tests:/home/uwr/microROS_AUV/install/rosidl_typesupport_microxrcedds_c:/home/uwr/microROS_AUV/install/rosgraph_msgs:/home/uwr/microROS_AUV/install/microxrcedds_client:/home/uwr/microROS_AUV/install/microcdr:/home/uwr/microROS_AUV/install/micro_ros_utilities:/home/uwr/microROS_AUV/install/micro_ros_msgs:/home/uwr/microROS_AUV/install/lifecycle_msgs:/home/uwr/microROS_AUV/install/complex_msgs:/home/uwr/microROS_AUV/install/micro_ros_setup:/home/uwr/microROS_AUV/install/custom_interfaces:/home/uwr/Desktop/2024_UWR/install/kalman_filter:/home/uwr/Desktop/2024_UWR/install/sonar_msgs:/home/uwr/Desktop/2024_UWR/install/ros2-driver:/home/uwr/Desktop/2024_UWR/install/oculus_interfaces:/home/uwr/Desktop/2024_UWR/install/ntrip:/home/uwr/Desktop/2024_UWR/install/adnav-driver:/home/uwr/fls_ws/install/oculus_interfaces:/home/uwr/microROS_AUV/install/statistics_msgs:/home/uwr/microROS_AUV/install/control_pkg:/home/uwr/Desktop/2024_UWR/install/sonar_subs:/opt/ros/humble LD_LIBRARY_PATH=/home/uwr/microROS_AUV/install/builtin_interfaces/lib:/home/uwr/microROS_AUV/install/action_msgs/lib:/home/uwr/microROS_AUV/install/unique_identifier_msgs/lib:/home/uwr/microROS_AUV/install/std_srvs/lib:/home/uwr/microROS_AUV/install/statistics_msgs/lib:/home/uwr/microROS_AUV/install/rmw_microxrcedds/lib:/home/uwr/microROS_AUV/install/rosidl_typesupport_microxrcedds_cpp/lib:/home/uwr/microROS_AUV/install/rosidl_typesupport_microxrcedds_c/lib:/home/uwr/microROS_AUV/install/rosgraph_msgs/lib:/home/uwr/microROS_AUV/install/microxrcedds_client/lib:/home/uwr/microROS_AUV/install/microcdr/lib:/home/uwr/microROS_AUV/install/micro_ros_utilities/lib:/home/uwr/microROS_AUV/install/micro_ros_msgs/lib:/home/uwr/microROS_AUV/install/lifecycle_msgs/lib:/home/uwr/microROS_AUV/install/complex_msgs/lib:/home/uwr/microROS_AUV/install/custom_interfaces/lib:/home/uwr/oculus_driver/install/lib:/home/uwr/Desktop/2024_UWR/install/sonar_msgs/lib:/home/uwr/Desktop/2024_UWR/install/oculus_interfaces/lib:/home/uwr/fls_ws/install/oculus_interfaces/lib:/opt/ros/humble/opt/rviz_ogre_vendor/lib:/opt/ros/humble/lib/x86_64-linux-gnu:/opt/ros/humble/lib /usr/bin/cmake --build /home/uwr/microROS_AUV/build/rosgraph_msgs -- -j8 -l8
[0.560s] [  2%] Built target rosgraph_msgs__cpp
[0.588s] [ 10%] Built target rosgraph_msgs__rosidl_generator_c
[0.625s] [ 10%] Built target ament_cmake_python_copy_rosgraph_msgs
[0.727s] [ 17%] Built target rosgraph_msgs__rosidl_typesupport_microxrcedds_c
[0.744s] [ 25%] Built target rosgraph_msgs__rosidl_typesupport_introspection_cpp
[0.749s] [ 33%] Built target rosgraph_msgs__rosidl_typesupport_cpp
[0.749s] [ 41%] Built target rosgraph_msgs__rosidl_typesupport_fastrtps_cpp
[0.749s] [ 48%] Built target rosgraph_msgs__rosidl_typesupport_microxrcedds_cpp
[0.756s] [ 56%] Built target rosgraph_msgs__rosidl_typesupport_fastrtps_c
[0.772s] [ 64%] Built target rosgraph_msgs__rosidl_typesupport_introspection_c
[0.788s] [ 71%] Built target rosgraph_msgs__rosidl_typesupport_c
[0.900s] [ 71%] Built target rosgraph_msgs
[0.992s] [ 74%] Built target rosgraph_msgs__py
[1.061s] [ 79%] Built target rosgraph_msgs__rosidl_generator_py
[1.185s] [ 84%] Built target rosgraph_msgs__rosidl_typesupport_c__pyext
[1.189s] [ 89%] Built target rosgraph_msgs__rosidl_typesupport_microxrcedds_c__pyext
[1.205s] [ 94%] Built target rosgraph_msgs__rosidl_typesupport_introspection_c__pyext
[1.206s] [100%] Built target rosgraph_msgs__rosidl_typesupport_fastrtps_c__pyext
[1.834s] running egg_info
[1.841s] writing rosgraph_msgs.egg-info/PKG-INFO
[1.842s] writing dependency_links to rosgraph_msgs.egg-info/dependency_links.txt
[1.842s] writing top-level names to rosgraph_msgs.egg-info/top_level.txt
[1.846s] reading manifest file 'rosgraph_msgs.egg-info/SOURCES.txt'
[1.848s] writing manifest file 'rosgraph_msgs.egg-info/SOURCES.txt'
[1.967s] [100%] Built target ament_cmake_python_build_rosgraph_msgs_egg
[1.991s] Invoked command in '/home/uwr/microROS_AUV/build/rosgraph_msgs' returned '0': CMAKE_PREFIX_PATH=/home/uwr/microROS_AUV/install/builtin_interfaces:/home/uwr/microROS_AUV/install/action_msgs:/home/uwr/microROS_AUV/install/unique_identifier_msgs:/home/uwr/microROS_AUV/install/std_srvs:/home/uwr/microROS_AUV/install/rosidl_typesupport_microxrcedds_test_msg:/home/uwr/microROS_AUV/install/rosidl_typesupport_microxrcedds_cpp_tests:/home/uwr/microROS_AUV/install/rmw_microxrcedds:/home/uwr/microROS_AUV/install/rosidl_typesupport_microxrcedds_cpp:/home/uwr/microROS_AUV/install/rosidl_typesupport_microxrcedds_c_tests:/home/uwr/microROS_AUV/install/rosidl_typesupport_microxrcedds_c:/home/uwr/microROS_AUV/install/rosgraph_msgs:/home/uwr/microROS_AUV/install/microxrcedds_client:/home/uwr/microROS_AUV/install/microcdr:/home/uwr/microROS_AUV/install/micro_ros_utilities:/home/uwr/microROS_AUV/install/micro_ros_msgs:/home/uwr/microROS_AUV/install/lifecycle_msgs:/home/uwr/microROS_AUV/install/complex_msgs:/home/uwr/microROS_AUV/install/micro_ros_setup:/home/uwr/microROS_AUV/install/custom_interfaces:/home/uwr/Desktop/2024_UWR/install/kalman_filter:/home/uwr/Desktop/2024_UWR/install/sonar_msgs:/home/uwr/Desktop/2024_UWR/install/ros2-driver:/home/uwr/Desktop/2024_UWR/install/oculus_interfaces:/home/uwr/Desktop/2024_UWR/install/ntrip:/home/uwr/Desktop/2024_UWR/install/adnav-driver:/home/uwr/fls_ws/install/oculus_interfaces:/home/uwr/microROS_AUV/install/statistics_msgs:/home/uwr/microROS_AUV/install/control_pkg:/home/uwr/Desktop/2024_UWR/install/sonar_subs:/opt/ros/humble LD_LIBRARY_PATH=/home/uwr/microROS_AUV/install/builtin_interfaces/lib:/home/uwr/microROS_AUV/install/action_msgs/lib:/home/uwr/microROS_AUV/install/unique_identifier_msgs/lib:/home/uwr/microROS_AUV/install/std_srvs/lib:/home/uwr/microROS_AUV/install/statistics_msgs/lib:/home/uwr/microROS_AUV/install/rmw_microxrcedds/lib:/home/uwr/microROS_AUV/install/rosidl_typesupport_microxrcedds_cpp/lib:/home/uwr/microROS_AUV/install/rosidl_typesupport_microxrcedds_c/lib:/home/uwr/microROS_AUV/install/rosgraph_msgs/lib:/home/uwr/microROS_AUV/install/microxrcedds_client/lib:/home/uwr/microROS_AUV/install/microcdr/lib:/home/uwr/microROS_AUV/install/micro_ros_utilities/lib:/home/uwr/microROS_AUV/install/micro_ros_msgs/lib:/home/uwr/microROS_AUV/install/lifecycle_msgs/lib:/home/uwr/microROS_AUV/install/complex_msgs/lib:/home/uwr/microROS_AUV/install/custom_interfaces/lib:/home/uwr/oculus_driver/install/lib:/home/uwr/Desktop/2024_UWR/install/sonar_msgs/lib:/home/uwr/Desktop/2024_UWR/install/oculus_interfaces/lib:/home/uwr/fls_ws/install/oculus_interfaces/lib:/opt/ros/humble/opt/rviz_ogre_vendor/lib:/opt/ros/humble/lib/x86_64-linux-gnu:/opt/ros/humble/lib /usr/bin/cmake --build /home/uwr/microROS_AUV/build/rosgraph_msgs -- -j8 -l8
[2.231s] Invoking command in '/home/uwr/microROS_AUV/build/rosgraph_msgs': CMAKE_PREFIX_PATH=/home/uwr/microROS_AUV/install/builtin_interfaces:/home/uwr/microROS_AUV/install/action_msgs:/home/uwr/microROS_AUV/install/unique_identifier_msgs:/home/uwr/microROS_AUV/install/std_srvs:/home/uwr/microROS_AUV/install/rosidl_typesupport_microxrcedds_test_msg:/home/uwr/microROS_AUV/install/rosidl_typesupport_microxrcedds_cpp_tests:/home/uwr/microROS_AUV/install/rmw_microxrcedds:/home/uwr/microROS_AUV/install/rosidl_typesupport_microxrcedds_cpp:/home/uwr/microROS_AUV/install/rosidl_typesupport_microxrcedds_c_tests:/home/uwr/microROS_AUV/install/rosidl_typesupport_microxrcedds_c:/home/uwr/microROS_AUV/install/rosgraph_msgs:/home/uwr/microROS_AUV/install/microxrcedds_client:/home/uwr/microROS_AUV/install/microcdr:/home/uwr/microROS_AUV/install/micro_ros_utilities:/home/uwr/microROS_AUV/install/micro_ros_msgs:/home/uwr/microROS_AUV/install/lifecycle_msgs:/home/uwr/microROS_AUV/install/complex_msgs:/home/uwr/microROS_AUV/install/micro_ros_setup:/home/uwr/microROS_AUV/install/custom_interfaces:/home/uwr/Desktop/2024_UWR/install/kalman_filter:/home/uwr/Desktop/2024_UWR/install/sonar_msgs:/home/uwr/Desktop/2024_UWR/install/ros2-driver:/home/uwr/Desktop/2024_UWR/install/oculus_interfaces:/home/uwr/Desktop/2024_UWR/install/ntrip:/home/uwr/Desktop/2024_UWR/install/adnav-driver:/home/uwr/fls_ws/install/oculus_interfaces:/home/uwr/microROS_AUV/install/statistics_msgs:/home/uwr/microROS_AUV/install/control_pkg:/home/uwr/Desktop/2024_UWR/install/sonar_subs:/opt/ros/humble LD_LIBRARY_PATH=/home/uwr/microROS_AUV/install/builtin_interfaces/lib:/home/uwr/microROS_AUV/install/action_msgs/lib:/home/uwr/microROS_AUV/install/unique_identifier_msgs/lib:/home/uwr/microROS_AUV/install/std_srvs/lib:/home/uwr/microROS_AUV/install/statistics_msgs/lib:/home/uwr/microROS_AUV/install/rmw_microxrcedds/lib:/home/uwr/microROS_AUV/install/rosidl_typesupport_microxrcedds_cpp/lib:/home/uwr/microROS_AUV/install/rosidl_typesupport_microxrcedds_c/lib:/home/uwr/microROS_AUV/install/rosgraph_msgs/lib:/home/uwr/microROS_AUV/install/microxrcedds_client/lib:/home/uwr/microROS_AUV/install/microcdr/lib:/home/uwr/microROS_AUV/install/micro_ros_utilities/lib:/home/uwr/microROS_AUV/install/micro_ros_msgs/lib:/home/uwr/microROS_AUV/install/lifecycle_msgs/lib:/home/uwr/microROS_AUV/install/complex_msgs/lib:/home/uwr/microROS_AUV/install/custom_interfaces/lib:/home/uwr/oculus_driver/install/lib:/home/uwr/Desktop/2024_UWR/install/sonar_msgs/lib:/home/uwr/Desktop/2024_UWR/install/oculus_interfaces/lib:/home/uwr/fls_ws/install/oculus_interfaces/lib:/opt/ros/humble/opt/rviz_ogre_vendor/lib:/opt/ros/humble/lib/x86_64-linux-gnu:/opt/ros/humble/lib /usr/bin/cmake --install /home/uwr/microROS_AUV/build/rosgraph_msgs
[2.258s] -- Install configuration: ""
[2.260s] -- Up-to-date: /home/uwr/microROS_AUV/install/rosgraph_msgs/share/ament_index/resource_index/rosidl_interfaces/rosgraph_msgs
[2.260s] -- Up-to-date: /home/uwr/microROS_AUV/install/rosgraph_msgs/include/rosgraph_msgs/rosgraph_msgs
[2.260s] -- Up-to-date: /home/uwr/microROS_AUV/install/rosgraph_msgs/include/rosgraph_msgs/rosgraph_msgs/msg
[2.261s] -- Up-to-date: /home/uwr/microROS_AUV/install/rosgraph_msgs/include/rosgraph_msgs/rosgraph_msgs/msg/rosidl_generator_c__visibility_control.h
[2.261s] -- Up-to-date: /home/uwr/microROS_AUV/install/rosgraph_msgs/include/rosgraph_msgs/rosgraph_msgs/msg/detail
[2.261s] -- Up-to-date: /home/uwr/microROS_AUV/install/rosgraph_msgs/include/rosgraph_msgs/rosgraph_msgs/msg/detail/clock__struct.h
[2.262s] -- Up-to-date: /home/uwr/microROS_AUV/install/rosgraph_msgs/include/rosgraph_msgs/rosgraph_msgs/msg/detail/clock__functions.h
[2.262s] -- Up-to-date: /home/uwr/microROS_AUV/install/rosgraph_msgs/include/rosgraph_msgs/rosgraph_msgs/msg/detail/clock__functions.c
[2.262s] -- Up-to-date: /home/uwr/microROS_AUV/install/rosgraph_msgs/include/rosgraph_msgs/rosgraph_msgs/msg/detail/clock__type_support.h
[2.263s] -- Up-to-date: /home/uwr/microROS_AUV/install/rosgraph_msgs/include/rosgraph_msgs/rosgraph_msgs/msg/clock.h
[2.263s] -- Up-to-date: /home/uwr/microROS_AUV/install/rosgraph_msgs/share/rosgraph_msgs/environment/library_path.sh
[2.263s] -- Up-to-date: /home/uwr/microROS_AUV/install/rosgraph_msgs/share/rosgraph_msgs/environment/library_path.dsv
[2.264s] -- Up-to-date: /home/uwr/microROS_AUV/install/rosgraph_msgs/lib/librosgraph_msgs__rosidl_generator_c.so
[2.264s] -- Up-to-date: /home/uwr/microROS_AUV/install/rosgraph_msgs/include/rosgraph_msgs/rosgraph_msgs
[2.264s] -- Up-to-date: /home/uwr/microROS_AUV/install/rosgraph_msgs/include/rosgraph_msgs/rosgraph_msgs/msg
[2.264s] -- Up-to-date: /home/uwr/microROS_AUV/install/rosgraph_msgs/include/rosgraph_msgs/rosgraph_msgs/msg/detail
[2.264s] -- Up-to-date: /home/uwr/microROS_AUV/install/rosgraph_msgs/include/rosgraph_msgs/rosgraph_msgs/msg/detail/clock__rosidl_typesupport_fastrtps_c.h
[2.265s] -- Up-to-date: /home/uwr/microROS_AUV/install/rosgraph_msgs/include/rosgraph_msgs/rosgraph_msgs/msg/rosidl_typesupport_fastrtps_c__visibility_control.h
[2.266s] -- Up-to-date: /home/uwr/microROS_AUV/install/rosgraph_msgs/lib/librosgraph_msgs__rosidl_typesupport_fastrtps_c.so
[2.266s] -- Up-to-date: /home/uwr/microROS_AUV/install/rosgraph_msgs/include/rosgraph_msgs/rosgraph_msgs
[2.266s] -- Up-to-date: /home/uwr/microROS_AUV/install/rosgraph_msgs/include/rosgraph_msgs/rosgraph_msgs/msg
[2.266s] -- Up-to-date: /home/uwr/microROS_AUV/install/rosgraph_msgs/include/rosgraph_msgs/rosgraph_msgs/msg/clock.hpp
[2.267s] -- Up-to-date: /home/uwr/microROS_AUV/install/rosgraph_msgs/include/rosgraph_msgs/rosgraph_msgs/msg/detail
[2.267s] -- Up-to-date: /home/uwr/microROS_AUV/install/rosgraph_msgs/include/rosgraph_msgs/rosgraph_msgs/msg/detail/clock__traits.hpp
[2.267s] -- Up-to-date: /home/uwr/microROS_AUV/install/rosgraph_msgs/include/rosgraph_msgs/rosgraph_msgs/msg/detail/clock__builder.hpp
[2.267s] -- Up-to-date: /home/uwr/microROS_AUV/install/rosgraph_msgs/include/rosgraph_msgs/rosgraph_msgs/msg/detail/clock__struct.hpp
[2.268s] -- Up-to-date: /home/uwr/microROS_AUV/install/rosgraph_msgs/include/rosgraph_msgs/rosgraph_msgs
[2.268s] -- Up-to-date: /home/uwr/microROS_AUV/install/rosgraph_msgs/include/rosgraph_msgs/rosgraph_msgs/msg
[2.268s] -- Up-to-date: /home/uwr/microROS_AUV/install/rosgraph_msgs/include/rosgraph_msgs/rosgraph_msgs/msg/detail
[2.269s] -- Up-to-date: /home/uwr/microROS_AUV/install/rosgraph_msgs/include/rosgraph_msgs/rosgraph_msgs/msg/detail/clock__rosidl_typesupport_fastrtps_cpp.hpp
[2.269s] -- Up-to-date: /home/uwr/microROS_AUV/install/rosgraph_msgs/include/rosgraph_msgs/rosgraph_msgs/msg/detail/dds_fastrtps
[2.269s] -- Up-to-date: /home/uwr/microROS_AUV/install/rosgraph_msgs/include/rosgraph_msgs/rosgraph_msgs/msg/rosidl_typesupport_fastrtps_cpp__visibility_control.h
[2.269s] -- Up-to-date: /home/uwr/microROS_AUV/install/rosgraph_msgs/lib/librosgraph_msgs__rosidl_typesupport_fastrtps_cpp.so
[2.269s] -- Up-to-date: /home/uwr/microROS_AUV/install/rosgraph_msgs/include/rosgraph_msgs
[2.270s] -- Up-to-date: /home/uwr/microROS_AUV/install/rosgraph_msgs/include/rosgraph_msgs/msg
[2.270s] -- Up-to-date: /home/uwr/microROS_AUV/install/rosgraph_msgs/include/rosgraph_msgs/msg/rosidl_typesupport_microxrcedds_c__visibility_control.h
[2.270s] -- Up-to-date: /home/uwr/microROS_AUV/install/rosgraph_msgs/include/rosgraph_msgs/msg/detail
[2.270s] -- Up-to-date: /home/uwr/microROS_AUV/install/rosgraph_msgs/include/rosgraph_msgs/msg/detail/clock__rosidl_typesupport_microxrcedds_c.h
[2.271s] -- Up-to-date: /home/uwr/microROS_AUV/install/rosgraph_msgs/include/rosgraph_msgs/msg/detail/microxrcedds
[2.271s] -- Up-to-date: /home/uwr/microROS_AUV/install/rosgraph_msgs/lib/librosgraph_msgs__rosidl_typesupport_microxrcedds_c.so
[2.271s] -- Up-to-date: /home/uwr/microROS_AUV/install/rosgraph_msgs/include/rosgraph_msgs/rosgraph_msgs
[2.271s] -- Up-to-date: /home/uwr/microROS_AUV/install/rosgraph_msgs/include/rosgraph_msgs/rosgraph_msgs/msg
[2.272s] -- Up-to-date: /home/uwr/microROS_AUV/install/rosgraph_msgs/include/rosgraph_msgs/rosgraph_msgs/msg/rosidl_typesupport_introspection_c__visibility_control.h
[2.272s] -- Up-to-date: /home/uwr/microROS_AUV/install/rosgraph_msgs/include/rosgraph_msgs/rosgraph_msgs/msg/detail
[2.273s] -- Up-to-date: /home/uwr/microROS_AUV/install/rosgraph_msgs/include/rosgraph_msgs/rosgraph_msgs/msg/detail/clock__rosidl_typesupport_introspection_c.h
[2.273s] -- Up-to-date: /home/uwr/microROS_AUV/install/rosgraph_msgs/include/rosgraph_msgs/rosgraph_msgs/msg/detail/clock__type_support.c
[2.273s] -- Up-to-date: /home/uwr/microROS_AUV/install/rosgraph_msgs/lib/librosgraph_msgs__rosidl_typesupport_introspection_c.so
[2.274s] -- Up-to-date: /home/uwr/microROS_AUV/install/rosgraph_msgs/lib/librosgraph_msgs__rosidl_typesupport_c.so
[2.274s] -- Up-to-date: /home/uwr/microROS_AUV/install/rosgraph_msgs/include/rosgraph_msgs
[2.274s] -- Up-to-date: /home/uwr/microROS_AUV/install/rosgraph_msgs/include/rosgraph_msgs/msg
[2.275s] -- Up-to-date: /home/uwr/microROS_AUV/install/rosgraph_msgs/include/rosgraph_msgs/msg/rosidl_typesupport_microxrcedds_cpp__visibility_control.h
[2.275s] -- Up-to-date: /home/uwr/microROS_AUV/install/rosgraph_msgs/include/rosgraph_msgs/msg/detail
[2.275s] -- Up-to-date: /home/uwr/microROS_AUV/install/rosgraph_msgs/include/rosgraph_msgs/msg/detail/microxrcedds
[2.276s] -- Up-to-date: /home/uwr/microROS_AUV/install/rosgraph_msgs/include/rosgraph_msgs/msg/detail/microxrcedds/clock__type_support_cpp.cpp
[2.276s] -- Up-to-date: /home/uwr/microROS_AUV/install/rosgraph_msgs/include/rosgraph_msgs/msg/detail/clock__rosidl_typesupport_microxrcedds_cpp.hpp
[2.276s] -- Up-to-date: /home/uwr/microROS_AUV/install/rosgraph_msgs/lib/librosgraph_msgs__rosidl_typesupport_microxrcedds_cpp.so
[2.276s] -- Up-to-date: /home/uwr/microROS_AUV/install/rosgraph_msgs/include/rosgraph_msgs/rosgraph_msgs
[2.277s] -- Up-to-date: /home/uwr/microROS_AUV/install/rosgraph_msgs/include/rosgraph_msgs/rosgraph_msgs/msg
[2.277s] -- Up-to-date: /home/uwr/microROS_AUV/install/rosgraph_msgs/include/rosgraph_msgs/rosgraph_msgs/msg/detail
[2.278s] -- Up-to-date: /home/uwr/microROS_AUV/install/rosgraph_msgs/include/rosgraph_msgs/rosgraph_msgs/msg/detail/clock__type_support.cpp
[2.278s] -- Up-to-date: /home/uwr/microROS_AUV/install/rosgraph_msgs/include/rosgraph_msgs/rosgraph_msgs/msg/detail/clock__rosidl_typesupport_introspection_cpp.hpp
[2.278s] -- Up-to-date: /home/uwr/microROS_AUV/install/rosgraph_msgs/lib/librosgraph_msgs__rosidl_typesupport_introspection_cpp.so
[2.278s] -- Up-to-date: /home/uwr/microROS_AUV/install/rosgraph_msgs/lib/librosgraph_msgs__rosidl_typesupport_cpp.so
[2.278s] -- Up-to-date: /home/uwr/microROS_AUV/install/rosgraph_msgs/share/rosgraph_msgs/environment/pythonpath.sh
[2.279s] -- Up-to-date: /home/uwr/microROS_AUV/install/rosgraph_msgs/share/rosgraph_msgs/environment/pythonpath.dsv
[2.279s] -- Up-to-date: /home/uwr/microROS_AUV/install/rosgraph_msgs/local/lib/python3.10/dist-packages/rosgraph_msgs-1.2.2-py3.10.egg-info
[2.279s] -- Installing: /home/uwr/microROS_AUV/install/rosgraph_msgs/local/lib/python3.10/dist-packages/rosgraph_msgs-1.2.2-py3.10.egg-info/top_level.txt
[2.279s] -- Installing: /home/uwr/microROS_AUV/install/rosgraph_msgs/local/lib/python3.10/dist-packages/rosgraph_msgs-1.2.2-py3.10.egg-info/dependency_links.txt
[2.279s] -- Installing: /home/uwr/microROS_AUV/install/rosgraph_msgs/local/lib/python3.10/dist-packages/rosgraph_msgs-1.2.2-py3.10.egg-info/PKG-INFO
[2.279s] -- Installing: /home/uwr/microROS_AUV/install/rosgraph_msgs/local/lib/python3.10/dist-packages/rosgraph_msgs-1.2.2-py3.10.egg-info/SOURCES.txt
[2.280s] -- Up-to-date: /home/uwr/microROS_AUV/install/rosgraph_msgs/local/lib/python3.10/dist-packages/rosgraph_msgs
[2.280s] -- Up-to-date: /home/uwr/microROS_AUV/install/rosgraph_msgs/local/lib/python3.10/dist-packages/rosgraph_msgs/_rosgraph_msgs_s.ep.rosidl_typesupport_fastrtps_c.c
[2.281s] -- Up-to-date: /home/uwr/microROS_AUV/install/rosgraph_msgs/local/lib/python3.10/dist-packages/rosgraph_msgs/rosgraph_msgs_s__rosidl_typesupport_fastrtps_c.cpython-310-x86_64-linux-gnu.so
[2.281s] -- Up-to-date: /home/uwr/microROS_AUV/install/rosgraph_msgs/local/lib/python3.10/dist-packages/rosgraph_msgs/rosgraph_msgs_s__rosidl_typesupport_microxrcedds_c.cpython-310-x86_64-linux-gnu.so
[2.281s] -- Up-to-date: /home/uwr/microROS_AUV/install/rosgraph_msgs/local/lib/python3.10/dist-packages/rosgraph_msgs/_rosgraph_msgs_s.ep.rosidl_typesupport_introspection_c.c
[2.281s] -- Up-to-date: /home/uwr/microROS_AUV/install/rosgraph_msgs/local/lib/python3.10/dist-packages/rosgraph_msgs/_rosgraph_msgs_s.ep.rosidl_typesupport_c.c
[2.282s] -- Up-to-date: /home/uwr/microROS_AUV/install/rosgraph_msgs/local/lib/python3.10/dist-packages/rosgraph_msgs/librosgraph_msgs__rosidl_generator_py.so
[2.282s] -- Up-to-date: /home/uwr/microROS_AUV/install/rosgraph_msgs/local/lib/python3.10/dist-packages/rosgraph_msgs/_rosgraph_msgs_s.ep.rosidl_typesupport_microxrcedds_c.c
[2.282s] -- Up-to-date: /home/uwr/microROS_AUV/install/rosgraph_msgs/local/lib/python3.10/dist-packages/rosgraph_msgs/msg
[2.282s] -- Up-to-date: /home/uwr/microROS_AUV/install/rosgraph_msgs/local/lib/python3.10/dist-packages/rosgraph_msgs/msg/_clock.py
[2.283s] -- Up-to-date: /home/uwr/microROS_AUV/install/rosgraph_msgs/local/lib/python3.10/dist-packages/rosgraph_msgs/msg/__init__.py
[2.283s] -- Up-to-date: /home/uwr/microROS_AUV/install/rosgraph_msgs/local/lib/python3.10/dist-packages/rosgraph_msgs/msg/_clock_s.c
[2.283s] -- Up-to-date: /home/uwr/microROS_AUV/install/rosgraph_msgs/local/lib/python3.10/dist-packages/rosgraph_msgs/rosgraph_msgs_s__rosidl_typesupport_introspection_c.cpython-310-x86_64-linux-gnu.so
[2.283s] -- Up-to-date: /home/uwr/microROS_AUV/install/rosgraph_msgs/local/lib/python3.10/dist-packages/rosgraph_msgs/__init__.py
[2.284s] -- Up-to-date: /home/uwr/microROS_AUV/install/rosgraph_msgs/local/lib/python3.10/dist-packages/rosgraph_msgs/rosgraph_msgs_s__rosidl_typesupport_c.cpython-310-x86_64-linux-gnu.so
[2.394s] Listing '/home/uwr/microROS_AUV/install/rosgraph_msgs/local/lib/python3.10/dist-packages/rosgraph_msgs'...
[2.394s] Listing '/home/uwr/microROS_AUV/install/rosgraph_msgs/local/lib/python3.10/dist-packages/rosgraph_msgs/msg'...
[2.409s] -- Up-to-date: /home/uwr/microROS_AUV/install/rosgraph_msgs/local/lib/python3.10/dist-packages/rosgraph_msgs/rosgraph_msgs_s__rosidl_typesupport_microxrcedds_c.cpython-310-x86_64-linux-gnu.so
[2.410s] -- Up-to-date: /home/uwr/microROS_AUV/install/rosgraph_msgs/local/lib/python3.10/dist-packages/rosgraph_msgs/rosgraph_msgs_s__rosidl_typesupport_fastrtps_c.cpython-310-x86_64-linux-gnu.so
[2.410s] -- Up-to-date: /home/uwr/microROS_AUV/install/rosgraph_msgs/local/lib/python3.10/dist-packages/rosgraph_msgs/rosgraph_msgs_s__rosidl_typesupport_introspection_c.cpython-310-x86_64-linux-gnu.so
[2.410s] -- Up-to-date: /home/uwr/microROS_AUV/install/rosgraph_msgs/local/lib/python3.10/dist-packages/rosgraph_msgs/rosgraph_msgs_s__rosidl_typesupport_c.cpython-310-x86_64-linux-gnu.so
[2.410s] -- Up-to-date: /home/uwr/microROS_AUV/install/rosgraph_msgs/lib/librosgraph_msgs__rosidl_generator_py.so
[2.411s] -- Up-to-date: /home/uwr/microROS_AUV/install/rosgraph_msgs/share/rosgraph_msgs/msg/Clock.idl
[2.411s] -- Up-to-date: /home/uwr/microROS_AUV/install/rosgraph_msgs/share/rosgraph_msgs/msg/Clock.msg
[2.413s] -- Up-to-date: /home/uwr/microROS_AUV/install/rosgraph_msgs/share/ament_index/resource_index/package_run_dependencies/rosgraph_msgs
[2.413s] -- Up-to-date: /home/uwr/microROS_AUV/install/rosgraph_msgs/share/ament_index/resource_index/parent_prefix_path/rosgraph_msgs
[2.414s] -- Up-to-date: /home/uwr/microROS_AUV/install/rosgraph_msgs/share/rosgraph_msgs/environment/ament_prefix_path.sh
[2.414s] -- Up-to-date: /home/uwr/microROS_AUV/install/rosgraph_msgs/share/rosgraph_msgs/environment/ament_prefix_path.dsv
[2.414s] -- Up-to-date: /home/uwr/microROS_AUV/install/rosgraph_msgs/share/rosgraph_msgs/environment/path.sh
[2.415s] -- Up-to-date: /home/uwr/microROS_AUV/install/rosgraph_msgs/share/rosgraph_msgs/environment/path.dsv
[2.415s] -- Up-to-date: /home/uwr/microROS_AUV/install/rosgraph_msgs/share/rosgraph_msgs/local_setup.bash
[2.416s] -- Up-to-date: /home/uwr/microROS_AUV/install/rosgraph_msgs/share/rosgraph_msgs/local_setup.sh
[2.417s] -- Up-to-date: /home/uwr/microROS_AUV/install/rosgraph_msgs/share/rosgraph_msgs/local_setup.zsh
[2.417s] -- Up-to-date: /home/uwr/microROS_AUV/install/rosgraph_msgs/share/rosgraph_msgs/local_setup.dsv
[2.417s] -- Installing: /home/uwr/microROS_AUV/install/rosgraph_msgs/share/rosgraph_msgs/package.dsv
[2.417s] -- Up-to-date: /home/uwr/microROS_AUV/install/rosgraph_msgs/share/ament_index/resource_index/packages/rosgraph_msgs
[2.417s] -- Up-to-date: /home/uwr/microROS_AUV/install/rosgraph_msgs/share/rosgraph_msgs/cmake/export_rosgraph_msgs__rosidl_generator_cExport.cmake
[2.418s] -- Up-to-date: /home/uwr/microROS_AUV/install/rosgraph_msgs/share/rosgraph_msgs/cmake/export_rosgraph_msgs__rosidl_generator_cExport-noconfig.cmake
[2.418s] -- Up-to-date: /home/uwr/microROS_AUV/install/rosgraph_msgs/share/rosgraph_msgs/cmake/export_rosgraph_msgs__rosidl_typesupport_fastrtps_cExport.cmake
[2.418s] -- Up-to-date: /home/uwr/microROS_AUV/install/rosgraph_msgs/share/rosgraph_msgs/cmake/export_rosgraph_msgs__rosidl_typesupport_fastrtps_cExport-noconfig.cmake
[2.419s] -- Up-to-date: /home/uwr/microROS_AUV/install/rosgraph_msgs/share/rosgraph_msgs/cmake/export_rosgraph_msgs__rosidl_generator_cppExport.cmake
[2.419s] -- Up-to-date: /home/uwr/microROS_AUV/install/rosgraph_msgs/share/rosgraph_msgs/cmake/export_rosgraph_msgs__rosidl_typesupport_fastrtps_cppExport.cmake
[2.420s] -- Up-to-date: /home/uwr/microROS_AUV/install/rosgraph_msgs/share/rosgraph_msgs/cmake/export_rosgraph_msgs__rosidl_typesupport_fastrtps_cppExport-noconfig.cmake
[2.421s] -- Up-to-date: /home/uwr/microROS_AUV/install/rosgraph_msgs/share/rosgraph_msgs/cmake/rosgraph_msgs__rosidl_typesupport_introspection_cExport.cmake
[2.421s] -- Up-to-date: /home/uwr/microROS_AUV/install/rosgraph_msgs/share/rosgraph_msgs/cmake/rosgraph_msgs__rosidl_typesupport_introspection_cExport-noconfig.cmake
[2.421s] -- Up-to-date: /home/uwr/microROS_AUV/install/rosgraph_msgs/share/rosgraph_msgs/cmake/rosgraph_msgs__rosidl_typesupport_cExport.cmake
[2.421s] -- Up-to-date: /home/uwr/microROS_AUV/install/rosgraph_msgs/share/rosgraph_msgs/cmake/rosgraph_msgs__rosidl_typesupport_cExport-noconfig.cmake
[2.422s] -- Up-to-date: /home/uwr/microROS_AUV/install/rosgraph_msgs/share/rosgraph_msgs/cmake/rosgraph_msgs__rosidl_typesupport_introspection_cppExport.cmake
[2.422s] -- Up-to-date: /home/uwr/microROS_AUV/install/rosgraph_msgs/share/rosgraph_msgs/cmake/rosgraph_msgs__rosidl_typesupport_introspection_cppExport-noconfig.cmake
[2.422s] -- Up-to-date: /home/uwr/microROS_AUV/install/rosgraph_msgs/share/rosgraph_msgs/cmake/rosgraph_msgs__rosidl_typesupport_cppExport.cmake
[2.423s] -- Up-to-date: /home/uwr/microROS_AUV/install/rosgraph_msgs/share/rosgraph_msgs/cmake/rosgraph_msgs__rosidl_typesupport_cppExport-noconfig.cmake
[2.423s] -- Up-to-date: /home/uwr/microROS_AUV/install/rosgraph_msgs/share/rosgraph_msgs/cmake/export_rosgraph_msgs__rosidl_generator_pyExport.cmake
[2.423s] -- Up-to-date: /home/uwr/microROS_AUV/install/rosgraph_msgs/share/rosgraph_msgs/cmake/export_rosgraph_msgs__rosidl_generator_pyExport-noconfig.cmake
[2.424s] -- Up-to-date: /home/uwr/microROS_AUV/install/rosgraph_msgs/share/rosgraph_msgs/cmake/rosidl_cmake-extras.cmake
[2.424s] -- Up-to-date: /home/uwr/microROS_AUV/install/rosgraph_msgs/share/rosgraph_msgs/cmake/ament_cmake_export_dependencies-extras.cmake
[2.424s] -- Up-to-date: /home/uwr/microROS_AUV/install/rosgraph_msgs/share/rosgraph_msgs/cmake/ament_cmake_export_include_directories-extras.cmake
[2.425s] -- Up-to-date: /home/uwr/microROS_AUV/install/rosgraph_msgs/share/rosgraph_msgs/cmake/ament_cmake_export_libraries-extras.cmake
[2.425s] -- Up-to-date: /home/uwr/microROS_AUV/install/rosgraph_msgs/share/rosgraph_msgs/cmake/ament_cmake_export_targets-extras.cmake
[2.425s] -- Up-to-date: /home/uwr/microROS_AUV/install/rosgraph_msgs/share/rosgraph_msgs/cmake/rosidl_cmake_export_typesupport_targets-extras.cmake
[2.425s] -- Up-to-date: /home/uwr/microROS_AUV/install/rosgraph_msgs/share/rosgraph_msgs/cmake/rosidl_cmake_export_typesupport_libraries-extras.cmake
[2.425s] -- Up-to-date: /home/uwr/microROS_AUV/install/rosgraph_msgs/share/rosgraph_msgs/cmake/rosgraph_msgsConfig.cmake
[2.426s] -- Up-to-date: /home/uwr/microROS_AUV/install/rosgraph_msgs/share/rosgraph_msgs/cmake/rosgraph_msgsConfig-version.cmake
[2.426s] -- Up-to-date: /home/uwr/microROS_AUV/install/rosgraph_msgs/share/rosgraph_msgs/package.xml
[2.450s] Invoked command in '/home/uwr/microROS_AUV/build/rosgraph_msgs' returned '0': CMAKE_PREFIX_PATH=/home/uwr/microROS_AUV/install/builtin_interfaces:/home/uwr/microROS_AUV/install/action_msgs:/home/uwr/microROS_AUV/install/unique_identifier_msgs:/home/uwr/microROS_AUV/install/std_srvs:/home/uwr/microROS_AUV/install/rosidl_typesupport_microxrcedds_test_msg:/home/uwr/microROS_AUV/install/rosidl_typesupport_microxrcedds_cpp_tests:/home/uwr/microROS_AUV/install/rmw_microxrcedds:/home/uwr/microROS_AUV/install/rosidl_typesupport_microxrcedds_cpp:/home/uwr/microROS_AUV/install/rosidl_typesupport_microxrcedds_c_tests:/home/uwr/microROS_AUV/install/rosidl_typesupport_microxrcedds_c:/home/uwr/microROS_AUV/install/rosgraph_msgs:/home/uwr/microROS_AUV/install/microxrcedds_client:/home/uwr/microROS_AUV/install/microcdr:/home/uwr/microROS_AUV/install/micro_ros_utilities:/home/uwr/microROS_AUV/install/micro_ros_msgs:/home/uwr/microROS_AUV/install/lifecycle_msgs:/home/uwr/microROS_AUV/install/complex_msgs:/home/uwr/microROS_AUV/install/micro_ros_setup:/home/uwr/microROS_AUV/install/custom_interfaces:/home/uwr/Desktop/2024_UWR/install/kalman_filter:/home/uwr/Desktop/2024_UWR/install/sonar_msgs:/home/uwr/Desktop/2024_UWR/install/ros2-driver:/home/uwr/Desktop/2024_UWR/install/oculus_interfaces:/home/uwr/Desktop/2024_UWR/install/ntrip:/home/uwr/Desktop/2024_UWR/install/adnav-driver:/home/uwr/fls_ws/install/oculus_interfaces:/home/uwr/microROS_AUV/install/statistics_msgs:/home/uwr/microROS_AUV/install/control_pkg:/home/uwr/Desktop/2024_UWR/install/sonar_subs:/opt/ros/humble LD_LIBRARY_PATH=/home/uwr/microROS_AUV/install/builtin_interfaces/lib:/home/uwr/microROS_AUV/install/action_msgs/lib:/home/uwr/microROS_AUV/install/unique_identifier_msgs/lib:/home/uwr/microROS_AUV/install/std_srvs/lib:/home/uwr/microROS_AUV/install/statistics_msgs/lib:/home/uwr/microROS_AUV/install/rmw_microxrcedds/lib:/home/uwr/microROS_AUV/install/rosidl_typesupport_microxrcedds_cpp/lib:/home/uwr/microROS_AUV/install/rosidl_typesupport_microxrcedds_c/lib:/home/uwr/microROS_AUV/install/rosgraph_msgs/lib:/home/uwr/microROS_AUV/install/microxrcedds_client/lib:/home/uwr/microROS_AUV/install/microcdr/lib:/home/uwr/microROS_AUV/install/micro_ros_utilities/lib:/home/uwr/microROS_AUV/install/micro_ros_msgs/lib:/home/uwr/microROS_AUV/install/lifecycle_msgs/lib:/home/uwr/microROS_AUV/install/complex_msgs/lib:/home/uwr/microROS_AUV/install/custom_interfaces/lib:/home/uwr/oculus_driver/install/lib:/home/uwr/Desktop/2024_UWR/install/sonar_msgs/lib:/home/uwr/Desktop/2024_UWR/install/oculus_interfaces/lib:/home/uwr/fls_ws/install/oculus_interfaces/lib:/opt/ros/humble/opt/rviz_ogre_vendor/lib:/opt/ros/humble/lib/x86_64-linux-gnu:/opt/ros/humble/lib /usr/bin/cmake --install /home/uwr/microROS_AUV/build/rosgraph_msgs
