[0.575s] DEBUG:colcon:Command line arguments: ['/usr/bin/colcon', 'build']
[0.576s] DEBUG:colcon:Parsed command line arguments: Namespace(log_base=None, log_level=None, verb_name='build', build_base='build', install_base='install', merge_install=False, symlink_install=False, test_result_base=None, continue_on_error=False, executor='parallel', parallel_workers=16, event_handlers=None, ignore_user_meta=False, metas=['./colcon.meta'], base_paths=['.'], packages_ignore=None, packages_ignore_regex=None, paths=None, packages_up_to=None, packages_up_to_regex=None, packages_above=None, packages_above_and_dependencies=None, packages_above_depth=None, packages_select_by_dep=None, packages_skip_by_dep=None, packages_skip_up_to=None, packages_select_build_failed=False, packages_skip_build_finished=False, packages_select_test_failures=False, packages_skip_test_passed=False, packages_select=None, packages_skip=None, packages_select_regex=None, packages_skip_regex=None, packages_start=None, packages_end=None, allow_overriding=[], cmake_args=None, cmake_target=None, cmake_target_skip_unavailable=False, cmake_clean_cache=False, cmake_clean_first=False, cmake_force_configure=False, ament_cmake_args=None, catkin_cmake_args=None, catkin_skip_building_tests=False, mixin_files=None, mixin=None, verb_parser=<colcon_mixin.mixin.mixin_argument.MixinArgumentDecorator object at 0x7040a12e1210>, verb_extension=<colcon_core.verb.build.BuildVerb object at 0x7040a145a110>, main=<bound method BuildVerb.main of <colcon_core.verb.build.BuildVerb object at 0x7040a145a110>>, mixin_verb=('build',))
[1.137s] Level 1:colcon.colcon_core.package_discovery:discover_packages(colcon_meta) check parameters
[1.137s] Level 1:colcon.colcon_core.package_discovery:discover_packages(recursive) check parameters
[1.137s] Level 1:colcon.colcon_core.package_discovery:discover_packages(ignore) check parameters
[1.137s] Level 1:colcon.colcon_core.package_discovery:discover_packages(path) check parameters
[1.137s] Level 1:colcon.colcon_core.package_discovery:discover_packages(colcon_meta) discover
[1.137s] Level 1:colcon.colcon_core.package_discovery:discover_packages(recursive) discover
[1.137s] INFO:colcon.colcon_core.package_discovery:Crawling recursively for packages in '/home/abubakr/microROS_AUV'
[1.138s] Level 1:colcon.colcon_core.package_identification:_identify(.) by extensions ['ignore', 'ignore_ament_install']
[1.138s] Level 1:colcon.colcon_core.package_identification:_identify(.) by extension 'ignore'
[1.138s] Level 1:colcon.colcon_core.package_identification:_identify(.) by extension 'ignore_ament_install'
[1.138s] Level 1:colcon.colcon_core.package_identification:_identify(.) by extensions ['colcon_pkg']
[1.138s] Level 1:colcon.colcon_core.package_identification:_identify(.) by extension 'colcon_pkg'
[1.138s] Level 1:colcon.colcon_core.package_identification:_identify(.) by extensions ['colcon_meta']
[1.138s] Level 1:colcon.colcon_core.package_identification:_identify(.) by extension 'colcon_meta'
[1.138s] Level 1:colcon.colcon_core.package_identification:_identify(.) by extensions ['ros']
[1.138s] Level 1:colcon.colcon_core.package_identification:_identify(.) by extension 'ros'
[1.171s] Level 1:colcon.colcon_core.package_identification:_identify(.) by extensions ['cmake', 'python']
[1.171s] Level 1:colcon.colcon_core.package_identification:_identify(.) by extension 'cmake'
[1.171s] Level 1:colcon.colcon_core.package_identification:_identify(.) by extension 'python'
[1.171s] Level 1:colcon.colcon_core.package_identification:_identify(.) by extensions ['python_setup_py']
[1.171s] Level 1:colcon.colcon_core.package_identification:_identify(.) by extension 'python_setup_py'
[1.171s] Level 1:colcon.colcon_core.package_identification:_identify(build) by extensions ['ignore', 'ignore_ament_install']
[1.172s] Level 1:colcon.colcon_core.package_identification:_identify(build) by extension 'ignore'
[1.172s] Level 1:colcon.colcon_core.package_identification:_identify(build) ignored
[1.172s] Level 1:colcon.colcon_core.package_identification:_identify(install) by extensions ['ignore', 'ignore_ament_install']
[1.172s] Level 1:colcon.colcon_core.package_identification:_identify(install) by extension 'ignore'
[1.172s] Level 1:colcon.colcon_core.package_identification:_identify(install) ignored
[1.172s] Level 1:colcon.colcon_core.package_identification:_identify(log) by extensions ['ignore', 'ignore_ament_install']
[1.173s] Level 1:colcon.colcon_core.package_identification:_identify(log) by extension 'ignore'
[1.173s] Level 1:colcon.colcon_core.package_identification:_identify(log) ignored
[1.173s] Level 1:colcon.colcon_core.package_identification:_identify(microROS_script) by extensions ['ignore', 'ignore_ament_install']
[1.173s] Level 1:colcon.colcon_core.package_identification:_identify(microROS_script) by extension 'ignore'
[1.173s] Level 1:colcon.colcon_core.package_identification:_identify(microROS_script) by extension 'ignore_ament_install'
[1.173s] Level 1:colcon.colcon_core.package_identification:_identify(microROS_script) by extensions ['colcon_pkg']
[1.173s] Level 1:colcon.colcon_core.package_identification:_identify(microROS_script) by extension 'colcon_pkg'
[1.173s] Level 1:colcon.colcon_core.package_identification:_identify(microROS_script) by extensions ['colcon_meta']
[1.173s] Level 1:colcon.colcon_core.package_identification:_identify(microROS_script) by extension 'colcon_meta'
[1.173s] Level 1:colcon.colcon_core.package_identification:_identify(microROS_script) by extensions ['ros']
[1.173s] Level 1:colcon.colcon_core.package_identification:_identify(microROS_script) by extension 'ros'
[1.174s] Level 1:colcon.colcon_core.package_identification:_identify(microROS_script) by extensions ['cmake', 'python']
[1.174s] Level 1:colcon.colcon_core.package_identification:_identify(microROS_script) by extension 'cmake'
[1.174s] Level 1:colcon.colcon_core.package_identification:_identify(microROS_script) by extension 'python'
[1.174s] Level 1:colcon.colcon_core.package_identification:_identify(microROS_script) by extensions ['python_setup_py']
[1.174s] Level 1:colcon.colcon_core.package_identification:_identify(microROS_script) by extension 'python_setup_py'
[1.174s] Level 1:colcon.colcon_core.package_identification:_identify(microROS_script/Thruster_controller_2) by extensions ['ignore', 'ignore_ament_install']
[1.175s] Level 1:colcon.colcon_core.package_identification:_identify(microROS_script/Thruster_controller_2) by extension 'ignore'
[1.175s] Level 1:colcon.colcon_core.package_identification:_identify(microROS_script/Thruster_controller_2) by extension 'ignore_ament_install'
[1.175s] Level 1:colcon.colcon_core.package_identification:_identify(microROS_script/Thruster_controller_2) by extensions ['colcon_pkg']
[1.175s] Level 1:colcon.colcon_core.package_identification:_identify(microROS_script/Thruster_controller_2) by extension 'colcon_pkg'
[1.175s] Level 1:colcon.colcon_core.package_identification:_identify(microROS_script/Thruster_controller_2) by extensions ['colcon_meta']
[1.175s] Level 1:colcon.colcon_core.package_identification:_identify(microROS_script/Thruster_controller_2) by extension 'colcon_meta'
[1.175s] Level 1:colcon.colcon_core.package_identification:_identify(microROS_script/Thruster_controller_2) by extensions ['ros']
[1.175s] Level 1:colcon.colcon_core.package_identification:_identify(microROS_script/Thruster_controller_2) by extension 'ros'
[1.175s] Level 1:colcon.colcon_core.package_identification:_identify(microROS_script/Thruster_controller_2) by extensions ['cmake', 'python']
[1.175s] Level 1:colcon.colcon_core.package_identification:_identify(microROS_script/Thruster_controller_2) by extension 'cmake'
[1.175s] Level 1:colcon.colcon_core.package_identification:_identify(microROS_script/Thruster_controller_2) by extension 'python'
[1.175s] Level 1:colcon.colcon_core.package_identification:_identify(microROS_script/Thruster_controller_2) by extensions ['python_setup_py']
[1.175s] Level 1:colcon.colcon_core.package_identification:_identify(microROS_script/Thruster_controller_2) by extension 'python_setup_py'
[1.175s] Level 1:colcon.colcon_core.package_identification:_identify(src) by extensions ['ignore', 'ignore_ament_install']
[1.176s] Level 1:colcon.colcon_core.package_identification:_identify(src) by extension 'ignore'
[1.176s] Level 1:colcon.colcon_core.package_identification:_identify(src) by extension 'ignore_ament_install'
[1.176s] Level 1:colcon.colcon_core.package_identification:_identify(src) by extensions ['colcon_pkg']
[1.176s] Level 1:colcon.colcon_core.package_identification:_identify(src) by extension 'colcon_pkg'
[1.176s] Level 1:colcon.colcon_core.package_identification:_identify(src) by extensions ['colcon_meta']
[1.176s] Level 1:colcon.colcon_core.package_identification:_identify(src) by extension 'colcon_meta'
[1.176s] Level 1:colcon.colcon_core.package_identification:_identify(src) by extensions ['ros']
[1.176s] Level 1:colcon.colcon_core.package_identification:_identify(src) by extension 'ros'
[1.176s] Level 1:colcon.colcon_core.package_identification:_identify(src) by extensions ['cmake', 'python']
[1.176s] Level 1:colcon.colcon_core.package_identification:_identify(src) by extension 'cmake'
[1.176s] Level 1:colcon.colcon_core.package_identification:_identify(src) by extension 'python'
[1.176s] Level 1:colcon.colcon_core.package_identification:_identify(src) by extensions ['python_setup_py']
[1.177s] Level 1:colcon.colcon_core.package_identification:_identify(src) by extension 'python_setup_py'
[1.177s] Level 1:colcon.colcon_core.package_identification:_identify(src/control_pkg) by extensions ['ignore', 'ignore_ament_install']
[1.177s] Level 1:colcon.colcon_core.package_identification:_identify(src/control_pkg) by extension 'ignore'
[1.177s] Level 1:colcon.colcon_core.package_identification:_identify(src/control_pkg) by extension 'ignore_ament_install'
[1.177s] Level 1:colcon.colcon_core.package_identification:_identify(src/control_pkg) by extensions ['colcon_pkg']
[1.177s] Level 1:colcon.colcon_core.package_identification:_identify(src/control_pkg) by extension 'colcon_pkg'
[1.177s] Level 1:colcon.colcon_core.package_identification:_identify(src/control_pkg) by extensions ['colcon_meta']
[1.177s] Level 1:colcon.colcon_core.package_identification:_identify(src/control_pkg) by extension 'colcon_meta'
[1.177s] Level 1:colcon.colcon_core.package_identification:_identify(src/control_pkg) by extensions ['ros']
[1.177s] Level 1:colcon.colcon_core.package_identification:_identify(src/control_pkg) by extension 'ros'
[1.186s] DEBUG:colcon.colcon_core.package_identification:Package 'src/control_pkg' with type 'ros.ament_python' and name 'control_pkg'
[1.186s] Level 1:colcon.colcon_core.package_identification:_identify(src/custom_interfaces) by extensions ['ignore', 'ignore_ament_install']
[1.186s] Level 1:colcon.colcon_core.package_identification:_identify(src/custom_interfaces) by extension 'ignore'
[1.187s] Level 1:colcon.colcon_core.package_identification:_identify(src/custom_interfaces) by extension 'ignore_ament_install'
[1.187s] Level 1:colcon.colcon_core.package_identification:_identify(src/custom_interfaces) by extensions ['colcon_pkg']
[1.187s] Level 1:colcon.colcon_core.package_identification:_identify(src/custom_interfaces) by extension 'colcon_pkg'
[1.187s] Level 1:colcon.colcon_core.package_identification:_identify(src/custom_interfaces) by extensions ['colcon_meta']
[1.187s] Level 1:colcon.colcon_core.package_identification:_identify(src/custom_interfaces) by extension 'colcon_meta'
[1.187s] Level 1:colcon.colcon_core.package_identification:_identify(src/custom_interfaces) by extensions ['ros']
[1.187s] Level 1:colcon.colcon_core.package_identification:_identify(src/custom_interfaces) by extension 'ros'
[1.188s] DEBUG:colcon.colcon_core.package_identification:Package 'src/custom_interfaces' with type 'ros.ament_cmake' and name 'custom_interfaces'
[1.188s] Level 1:colcon.colcon_core.package_identification:_identify(src/uros) by extensions ['ignore', 'ignore_ament_install']
[1.188s] Level 1:colcon.colcon_core.package_identification:_identify(src/uros) by extension 'ignore'
[1.188s] Level 1:colcon.colcon_core.package_identification:_identify(src/uros) by extension 'ignore_ament_install'
[1.188s] Level 1:colcon.colcon_core.package_identification:_identify(src/uros) by extensions ['colcon_pkg']
[1.188s] Level 1:colcon.colcon_core.package_identification:_identify(src/uros) by extension 'colcon_pkg'
[1.188s] Level 1:colcon.colcon_core.package_identification:_identify(src/uros) by extensions ['colcon_meta']
[1.189s] Level 1:colcon.colcon_core.package_identification:_identify(src/uros) by extension 'colcon_meta'
[1.189s] Level 1:colcon.colcon_core.package_identification:_identify(src/uros) by extensions ['ros']
[1.189s] Level 1:colcon.colcon_core.package_identification:_identify(src/uros) by extension 'ros'
[1.189s] Level 1:colcon.colcon_core.package_identification:_identify(src/uros) by extensions ['cmake', 'python']
[1.189s] Level 1:colcon.colcon_core.package_identification:_identify(src/uros) by extension 'cmake'
[1.189s] Level 1:colcon.colcon_core.package_identification:_identify(src/uros) by extension 'python'
[1.189s] Level 1:colcon.colcon_core.package_identification:_identify(src/uros) by extensions ['python_setup_py']
[1.189s] Level 1:colcon.colcon_core.package_identification:_identify(src/uros) by extension 'python_setup_py'
[1.189s] Level 1:colcon.colcon_core.package_identification:_identify(src/uros/micro-ROS-Agent) by extensions ['ignore', 'ignore_ament_install']
[1.189s] Level 1:colcon.colcon_core.package_identification:_identify(src/uros/micro-ROS-Agent) by extension 'ignore'
[1.189s] Level 1:colcon.colcon_core.package_identification:_identify(src/uros/micro-ROS-Agent) by extension 'ignore_ament_install'
[1.189s] Level 1:colcon.colcon_core.package_identification:_identify(src/uros/micro-ROS-Agent) by extensions ['colcon_pkg']
[1.189s] Level 1:colcon.colcon_core.package_identification:_identify(src/uros/micro-ROS-Agent) by extension 'colcon_pkg'
[1.189s] Level 1:colcon.colcon_core.package_identification:_identify(src/uros/micro-ROS-Agent) by extensions ['colcon_meta']
[1.189s] Level 1:colcon.colcon_core.package_identification:_identify(src/uros/micro-ROS-Agent) by extension 'colcon_meta'
[1.189s] Level 1:colcon.colcon_core.package_identification:_identify(src/uros/micro-ROS-Agent) by extensions ['ros']
[1.189s] Level 1:colcon.colcon_core.package_identification:_identify(src/uros/micro-ROS-Agent) by extension 'ros'
[1.190s] Level 1:colcon.colcon_core.package_identification:_identify(src/uros/micro-ROS-Agent) by extensions ['cmake', 'python']
[1.190s] Level 1:colcon.colcon_core.package_identification:_identify(src/uros/micro-ROS-Agent) by extension 'cmake'
[1.190s] Level 1:colcon.colcon_core.package_identification:_identify(src/uros/micro-ROS-Agent) by extension 'python'
[1.190s] Level 1:colcon.colcon_core.package_identification:_identify(src/uros/micro-ROS-Agent) by extensions ['python_setup_py']
[1.190s] Level 1:colcon.colcon_core.package_identification:_identify(src/uros/micro-ROS-Agent) by extension 'python_setup_py'
[1.190s] Level 1:colcon.colcon_core.package_identification:_identify(src/uros/micro-ROS-Agent/micro_ros_agent) by extensions ['ignore', 'ignore_ament_install']
[1.190s] Level 1:colcon.colcon_core.package_identification:_identify(src/uros/micro-ROS-Agent/micro_ros_agent) by extension 'ignore'
[1.190s] Level 1:colcon.colcon_core.package_identification:_identify(src/uros/micro-ROS-Agent/micro_ros_agent) by extension 'ignore_ament_install'
[1.190s] Level 1:colcon.colcon_core.package_identification:_identify(src/uros/micro-ROS-Agent/micro_ros_agent) by extensions ['colcon_pkg']
[1.190s] Level 1:colcon.colcon_core.package_identification:_identify(src/uros/micro-ROS-Agent/micro_ros_agent) by extension 'colcon_pkg'
[1.190s] Level 1:colcon.colcon_core.package_identification:_identify(src/uros/micro-ROS-Agent/micro_ros_agent) by extensions ['colcon_meta']
[1.190s] Level 1:colcon.colcon_core.package_identification:_identify(src/uros/micro-ROS-Agent/micro_ros_agent) by extension 'colcon_meta'
[1.191s] Level 1:colcon.colcon_core.package_identification:_identify(src/uros/micro-ROS-Agent/micro_ros_agent) by extensions ['ros']
[1.191s] Level 1:colcon.colcon_core.package_identification:_identify(src/uros/micro-ROS-Agent/micro_ros_agent) by extension 'ros'
[1.192s] DEBUG:colcon.colcon_core.package_identification:Package 'src/uros/micro-ROS-Agent/micro_ros_agent' with type 'ros.ament_cmake' and name 'micro_ros_agent'
[1.192s] Level 1:colcon.colcon_core.package_identification:_identify(src/uros/micro-ROS-Agent/snap) by extensions ['ignore', 'ignore_ament_install']
[1.192s] Level 1:colcon.colcon_core.package_identification:_identify(src/uros/micro-ROS-Agent/snap) by extension 'ignore'
[1.192s] Level 1:colcon.colcon_core.package_identification:_identify(src/uros/micro-ROS-Agent/snap) by extension 'ignore_ament_install'
[1.192s] Level 1:colcon.colcon_core.package_identification:_identify(src/uros/micro-ROS-Agent/snap) by extensions ['colcon_pkg']
[1.192s] Level 1:colcon.colcon_core.package_identification:_identify(src/uros/micro-ROS-Agent/snap) by extension 'colcon_pkg'
[1.192s] Level 1:colcon.colcon_core.package_identification:_identify(src/uros/micro-ROS-Agent/snap) by extensions ['colcon_meta']
[1.192s] Level 1:colcon.colcon_core.package_identification:_identify(src/uros/micro-ROS-Agent/snap) by extension 'colcon_meta'
[1.192s] Level 1:colcon.colcon_core.package_identification:_identify(src/uros/micro-ROS-Agent/snap) by extensions ['ros']
[1.193s] Level 1:colcon.colcon_core.package_identification:_identify(src/uros/micro-ROS-Agent/snap) by extension 'ros'
[1.193s] Level 1:colcon.colcon_core.package_identification:_identify(src/uros/micro-ROS-Agent/snap) by extensions ['cmake', 'python']
[1.193s] Level 1:colcon.colcon_core.package_identification:_identify(src/uros/micro-ROS-Agent/snap) by extension 'cmake'
[1.193s] Level 1:colcon.colcon_core.package_identification:_identify(src/uros/micro-ROS-Agent/snap) by extension 'python'
[1.193s] Level 1:colcon.colcon_core.package_identification:_identify(src/uros/micro-ROS-Agent/snap) by extensions ['python_setup_py']
[1.193s] Level 1:colcon.colcon_core.package_identification:_identify(src/uros/micro-ROS-Agent/snap) by extension 'python_setup_py'
[1.193s] Level 1:colcon.colcon_core.package_identification:_identify(src/uros/micro-ROS-Agent/snap/hooks) by extensions ['ignore', 'ignore_ament_install']
[1.193s] Level 1:colcon.colcon_core.package_identification:_identify(src/uros/micro-ROS-Agent/snap/hooks) by extension 'ignore'
[1.193s] Level 1:colcon.colcon_core.package_identification:_identify(src/uros/micro-ROS-Agent/snap/hooks) by extension 'ignore_ament_install'
[1.193s] Level 1:colcon.colcon_core.package_identification:_identify(src/uros/micro-ROS-Agent/snap/hooks) by extensions ['colcon_pkg']
[1.193s] Level 1:colcon.colcon_core.package_identification:_identify(src/uros/micro-ROS-Agent/snap/hooks) by extension 'colcon_pkg'
[1.193s] Level 1:colcon.colcon_core.package_identification:_identify(src/uros/micro-ROS-Agent/snap/hooks) by extensions ['colcon_meta']
[1.193s] Level 1:colcon.colcon_core.package_identification:_identify(src/uros/micro-ROS-Agent/snap/hooks) by extension 'colcon_meta'
[1.193s] Level 1:colcon.colcon_core.package_identification:_identify(src/uros/micro-ROS-Agent/snap/hooks) by extensions ['ros']
[1.193s] Level 1:colcon.colcon_core.package_identification:_identify(src/uros/micro-ROS-Agent/snap/hooks) by extension 'ros'
[1.193s] Level 1:colcon.colcon_core.package_identification:_identify(src/uros/micro-ROS-Agent/snap/hooks) by extensions ['cmake', 'python']
[1.194s] Level 1:colcon.colcon_core.package_identification:_identify(src/uros/micro-ROS-Agent/snap/hooks) by extension 'cmake'
[1.194s] Level 1:colcon.colcon_core.package_identification:_identify(src/uros/micro-ROS-Agent/snap/hooks) by extension 'python'
[1.194s] Level 1:colcon.colcon_core.package_identification:_identify(src/uros/micro-ROS-Agent/snap/hooks) by extensions ['python_setup_py']
[1.194s] Level 1:colcon.colcon_core.package_identification:_identify(src/uros/micro-ROS-Agent/snap/hooks) by extension 'python_setup_py'
[1.194s] Level 1:colcon.colcon_core.package_identification:_identify(src/uros/micro-ROS-Agent/snap/local) by extensions ['ignore', 'ignore_ament_install']
[1.194s] Level 1:colcon.colcon_core.package_identification:_identify(src/uros/micro-ROS-Agent/snap/local) by extension 'ignore'
[1.194s] Level 1:colcon.colcon_core.package_identification:_identify(src/uros/micro-ROS-Agent/snap/local) by extension 'ignore_ament_install'
[1.194s] Level 1:colcon.colcon_core.package_identification:_identify(src/uros/micro-ROS-Agent/snap/local) by extensions ['colcon_pkg']
[1.194s] Level 1:colcon.colcon_core.package_identification:_identify(src/uros/micro-ROS-Agent/snap/local) by extension 'colcon_pkg'
[1.194s] Level 1:colcon.colcon_core.package_identification:_identify(src/uros/micro-ROS-Agent/snap/local) by extensions ['colcon_meta']
[1.194s] Level 1:colcon.colcon_core.package_identification:_identify(src/uros/micro-ROS-Agent/snap/local) by extension 'colcon_meta'
[1.194s] Level 1:colcon.colcon_core.package_identification:_identify(src/uros/micro-ROS-Agent/snap/local) by extensions ['ros']
[1.194s] Level 1:colcon.colcon_core.package_identification:_identify(src/uros/micro-ROS-Agent/snap/local) by extension 'ros'
[1.195s] Level 1:colcon.colcon_core.package_identification:_identify(src/uros/micro-ROS-Agent/snap/local) by extensions ['cmake', 'python']
[1.195s] Level 1:colcon.colcon_core.package_identification:_identify(src/uros/micro-ROS-Agent/snap/local) by extension 'cmake'
[1.195s] Level 1:colcon.colcon_core.package_identification:_identify(src/uros/micro-ROS-Agent/snap/local) by extension 'python'
[1.195s] Level 1:colcon.colcon_core.package_identification:_identify(src/uros/micro-ROS-Agent/snap/local) by extensions ['python_setup_py']
[1.195s] Level 1:colcon.colcon_core.package_identification:_identify(src/uros/micro-ROS-Agent/snap/local) by extension 'python_setup_py'
[1.195s] Level 1:colcon.colcon_core.package_identification:_identify(src/uros/micro_ros_msgs) by extensions ['ignore', 'ignore_ament_install']
[1.195s] Level 1:colcon.colcon_core.package_identification:_identify(src/uros/micro_ros_msgs) by extension 'ignore'
[1.195s] Level 1:colcon.colcon_core.package_identification:_identify(src/uros/micro_ros_msgs) by extension 'ignore_ament_install'
[1.195s] Level 1:colcon.colcon_core.package_identification:_identify(src/uros/micro_ros_msgs) by extensions ['colcon_pkg']
[1.195s] Level 1:colcon.colcon_core.package_identification:_identify(src/uros/micro_ros_msgs) by extension 'colcon_pkg'
[1.195s] Level 1:colcon.colcon_core.package_identification:_identify(src/uros/micro_ros_msgs) by extensions ['colcon_meta']
[1.195s] Level 1:colcon.colcon_core.package_identification:_identify(src/uros/micro_ros_msgs) by extension 'colcon_meta'
[1.195s] Level 1:colcon.colcon_core.package_identification:_identify(src/uros/micro_ros_msgs) by extensions ['ros']
[1.195s] Level 1:colcon.colcon_core.package_identification:_identify(src/uros/micro_ros_msgs) by extension 'ros'
[1.196s] DEBUG:colcon.colcon_core.package_identification:Package 'src/uros/micro_ros_msgs' with type 'ros.ament_cmake' and name 'micro_ros_msgs'
[1.196s] Level 1:colcon.colcon_core.package_discovery:discover_packages(recursive) using defaults
[1.196s] Level 1:colcon.colcon_core.package_discovery:discover_packages(ignore) discover
[1.196s] Level 1:colcon.colcon_core.package_discovery:discover_packages(ignore) using defaults
[1.196s] Level 1:colcon.colcon_core.package_discovery:discover_packages(path) discover
[1.196s] Level 1:colcon.colcon_core.package_discovery:discover_packages(path) using defaults
[1.277s] Level 1:colcon.colcon_core.package_discovery:discover_packages(prefix_path) check parameters
[1.277s] Level 1:colcon.colcon_core.package_discovery:discover_packages(prefix_path) discover
[1.287s] DEBUG:colcon.colcon_installed_package_information.package_discovery:Found 272 installed packages in /opt/ros/humble
[1.289s] Level 1:colcon.colcon_core.package_discovery:discover_packages(prefix_path) using defaults
[1.345s] Level 5:colcon.colcon_core.verb:set package 'control_pkg' build argument 'cmake_args' from command line to 'None'
[1.345s] Level 5:colcon.colcon_core.verb:set package 'control_pkg' build argument 'cmake_target' from command line to 'None'
[1.345s] Level 5:colcon.colcon_core.verb:set package 'control_pkg' build argument 'cmake_target_skip_unavailable' from command line to 'False'
[1.345s] Level 5:colcon.colcon_core.verb:set package 'control_pkg' build argument 'cmake_clean_cache' from command line to 'False'
[1.345s] Level 5:colcon.colcon_core.verb:set package 'control_pkg' build argument 'cmake_clean_first' from command line to 'False'
[1.345s] Level 5:colcon.colcon_core.verb:set package 'control_pkg' build argument 'cmake_force_configure' from command line to 'False'
[1.345s] Level 5:colcon.colcon_core.verb:set package 'control_pkg' build argument 'ament_cmake_args' from command line to 'None'
[1.345s] Level 5:colcon.colcon_core.verb:set package 'control_pkg' build argument 'catkin_cmake_args' from command line to 'None'
[1.345s] Level 5:colcon.colcon_core.verb:set package 'control_pkg' build argument 'catkin_skip_building_tests' from command line to 'False'
[1.345s] DEBUG:colcon.colcon_core.verb:Building package 'control_pkg' with the following arguments: {'ament_cmake_args': None, 'build_base': '/home/abubakr/microROS_AUV/build/control_pkg', 'catkin_cmake_args': None, 'catkin_skip_building_tests': False, 'cmake_args': None, 'cmake_clean_cache': False, 'cmake_clean_first': False, 'cmake_force_configure': False, 'cmake_target': None, 'cmake_target_skip_unavailable': False, 'install_base': '/home/abubakr/microROS_AUV/install/control_pkg', 'merge_install': False, 'path': '/home/abubakr/microROS_AUV/src/control_pkg', 'symlink_install': False, 'test_result_base': None}
[1.346s] Level 5:colcon.colcon_core.verb:set package 'custom_interfaces' build argument 'cmake_args' from command line to 'None'
[1.346s] Level 5:colcon.colcon_core.verb:set package 'custom_interfaces' build argument 'cmake_target' from command line to 'None'
[1.346s] Level 5:colcon.colcon_core.verb:set package 'custom_interfaces' build argument 'cmake_target_skip_unavailable' from command line to 'False'
[1.346s] Level 5:colcon.colcon_core.verb:set package 'custom_interfaces' build argument 'cmake_clean_cache' from command line to 'False'
[1.346s] Level 5:colcon.colcon_core.verb:set package 'custom_interfaces' build argument 'cmake_clean_first' from command line to 'False'
[1.346s] Level 5:colcon.colcon_core.verb:set package 'custom_interfaces' build argument 'cmake_force_configure' from command line to 'False'
[1.346s] Level 5:colcon.colcon_core.verb:set package 'custom_interfaces' build argument 'ament_cmake_args' from command line to 'None'
[1.346s] Level 5:colcon.colcon_core.verb:set package 'custom_interfaces' build argument 'catkin_cmake_args' from command line to 'None'
[1.346s] Level 5:colcon.colcon_core.verb:set package 'custom_interfaces' build argument 'catkin_skip_building_tests' from command line to 'False'
[1.346s] DEBUG:colcon.colcon_core.verb:Building package 'custom_interfaces' with the following arguments: {'ament_cmake_args': None, 'build_base': '/home/abubakr/microROS_AUV/build/custom_interfaces', 'catkin_cmake_args': None, 'catkin_skip_building_tests': False, 'cmake_args': None, 'cmake_clean_cache': False, 'cmake_clean_first': False, 'cmake_force_configure': False, 'cmake_target': None, 'cmake_target_skip_unavailable': False, 'install_base': '/home/abubakr/microROS_AUV/install/custom_interfaces', 'merge_install': False, 'path': '/home/abubakr/microROS_AUV/src/custom_interfaces', 'symlink_install': False, 'test_result_base': None}
[1.347s] Level 5:colcon.colcon_core.verb:set package 'micro_ros_msgs' build argument 'cmake_args' from command line to 'None'
[1.347s] Level 5:colcon.colcon_core.verb:set package 'micro_ros_msgs' build argument 'cmake_target' from command line to 'None'
[1.347s] Level 5:colcon.colcon_core.verb:set package 'micro_ros_msgs' build argument 'cmake_target_skip_unavailable' from command line to 'False'
[1.347s] Level 5:colcon.colcon_core.verb:set package 'micro_ros_msgs' build argument 'cmake_clean_cache' from command line to 'False'
[1.347s] Level 5:colcon.colcon_core.verb:set package 'micro_ros_msgs' build argument 'cmake_clean_first' from command line to 'False'
[1.347s] Level 5:colcon.colcon_core.verb:set package 'micro_ros_msgs' build argument 'cmake_force_configure' from command line to 'False'
[1.347s] Level 5:colcon.colcon_core.verb:set package 'micro_ros_msgs' build argument 'ament_cmake_args' from command line to 'None'
[1.347s] Level 5:colcon.colcon_core.verb:set package 'micro_ros_msgs' build argument 'catkin_cmake_args' from command line to 'None'
[1.347s] Level 5:colcon.colcon_core.verb:set package 'micro_ros_msgs' build argument 'catkin_skip_building_tests' from command line to 'False'
[1.347s] DEBUG:colcon.colcon_core.verb:Building package 'micro_ros_msgs' with the following arguments: {'ament_cmake_args': None, 'build_base': '/home/abubakr/microROS_AUV/build/micro_ros_msgs', 'catkin_cmake_args': None, 'catkin_skip_building_tests': False, 'cmake_args': None, 'cmake_clean_cache': False, 'cmake_clean_first': False, 'cmake_force_configure': False, 'cmake_target': None, 'cmake_target_skip_unavailable': False, 'install_base': '/home/abubakr/microROS_AUV/install/micro_ros_msgs', 'merge_install': False, 'path': '/home/abubakr/microROS_AUV/src/uros/micro_ros_msgs', 'symlink_install': False, 'test_result_base': None}
[1.348s] Level 5:colcon.colcon_core.verb:set package 'micro_ros_agent' build argument 'cmake_args' from command line to 'None'
[1.348s] Level 5:colcon.colcon_core.verb:set package 'micro_ros_agent' build argument 'cmake_target' from command line to 'None'
[1.348s] Level 5:colcon.colcon_core.verb:set package 'micro_ros_agent' build argument 'cmake_target_skip_unavailable' from command line to 'False'
[1.348s] Level 5:colcon.colcon_core.verb:set package 'micro_ros_agent' build argument 'cmake_clean_cache' from command line to 'False'
[1.348s] Level 5:colcon.colcon_core.verb:set package 'micro_ros_agent' build argument 'cmake_clean_first' from command line to 'False'
[1.348s] Level 5:colcon.colcon_core.verb:set package 'micro_ros_agent' build argument 'cmake_force_configure' from command line to 'False'
[1.348s] Level 5:colcon.colcon_core.verb:set package 'micro_ros_agent' build argument 'ament_cmake_args' from command line to 'None'
[1.348s] Level 5:colcon.colcon_core.verb:set package 'micro_ros_agent' build argument 'catkin_cmake_args' from command line to 'None'
[1.348s] Level 5:colcon.colcon_core.verb:set package 'micro_ros_agent' build argument 'catkin_skip_building_tests' from command line to 'False'
[1.348s] DEBUG:colcon.colcon_core.verb:Building package 'micro_ros_agent' with the following arguments: {'ament_cmake_args': None, 'build_base': '/home/abubakr/microROS_AUV/build/micro_ros_agent', 'catkin_cmake_args': None, 'catkin_skip_building_tests': False, 'cmake_args': None, 'cmake_clean_cache': False, 'cmake_clean_first': False, 'cmake_force_configure': False, 'cmake_target': None, 'cmake_target_skip_unavailable': False, 'install_base': '/home/abubakr/microROS_AUV/install/micro_ros_agent', 'merge_install': False, 'path': '/home/abubakr/microROS_AUV/src/uros/micro-ROS-Agent/micro_ros_agent', 'symlink_install': False, 'test_result_base': None}
[1.348s] INFO:colcon.colcon_core.executor:Executing jobs using 'parallel' executor
[1.351s] DEBUG:colcon.colcon_parallel_executor.executor.parallel:run_until_complete
[1.351s] INFO:colcon.colcon_ros.task.ament_cmake.build:Building ROS package in '/home/abubakr/microROS_AUV/src/uros/micro_ros_msgs' with build type 'ament_cmake'
[1.351s] INFO:colcon.colcon_cmake.task.cmake.build:Building CMake package in '/home/abubakr/microROS_AUV/src/uros/micro_ros_msgs'
[1.368s] INFO:colcon.colcon_core.plugin_system:Skipping extension 'colcon_core.shell.bat': Not used on non-Windows systems
[1.368s] INFO:colcon.colcon_core.shell:Skip shell extension 'powershell' for command environment: Not usable outside of PowerShell
[1.368s] DEBUG:colcon.colcon_core.shell:Skip shell extension 'dsv' for command environment
[1.374s] INFO:colcon.colcon_ros.task.ament_python.build:Building ROS package in '/home/abubakr/microROS_AUV/src/control_pkg' with build type 'ament_python'
[1.374s] Level 1:colcon.colcon_core.shell:create_environment_hook('control_pkg', 'ament_prefix_path')
[1.375s] INFO:colcon.colcon_core.shell:Creating environment hook '/home/abubakr/microROS_AUV/install/control_pkg/share/control_pkg/hook/ament_prefix_path.ps1'
[1.380s] INFO:colcon.colcon_core.shell:Creating environment descriptor '/home/abubakr/microROS_AUV/install/control_pkg/share/control_pkg/hook/ament_prefix_path.dsv'
[1.381s] INFO:colcon.colcon_core.shell:Creating environment hook '/home/abubakr/microROS_AUV/install/control_pkg/share/control_pkg/hook/ament_prefix_path.sh'
[1.384s] INFO:colcon.colcon_core.shell:Skip shell extension 'powershell' for command environment: Not usable outside of PowerShell
[1.384s] DEBUG:colcon.colcon_core.shell:Skip shell extension 'dsv' for command environment
[1.388s] INFO:colcon.colcon_ros.task.ament_cmake.build:Building ROS package in '/home/abubakr/microROS_AUV/src/custom_interfaces' with build type 'ament_cmake'
[1.388s] INFO:colcon.colcon_cmake.task.cmake.build:Building CMake package in '/home/abubakr/microROS_AUV/src/custom_interfaces'
[1.389s] INFO:colcon.colcon_core.shell:Skip shell extension 'powershell' for command environment: Not usable outside of PowerShell
[1.389s] DEBUG:colcon.colcon_core.shell:Skip shell extension 'dsv' for command environment
[1.411s] DEBUG:colcon.colcon_core.event_handler.log_command:Invoking command in '/home/abubakr/microROS_AUV/build/micro_ros_msgs': CMAKE_PREFIX_PATH=/opt/ros/humble /usr/bin/cmake /home/abubakr/microROS_AUV/src/uros/micro_ros_msgs -DCMAKE_INSTALL_PREFIX=/home/abubakr/microROS_AUV/install/micro_ros_msgs
[1.858s] INFO:colcon.colcon_core.task.python.build:Building Python package in '/home/abubakr/microROS_AUV/src/control_pkg'
[1.859s] INFO:colcon.colcon_core.shell:Skip shell extension 'powershell' for command environment: Not usable outside of PowerShell
[1.859s] DEBUG:colcon.colcon_core.shell:Skip shell extension 'dsv' for command environment
[1.881s] DEBUG:colcon.colcon_core.event_handler.log_command:Invoking command in '/home/abubakr/microROS_AUV/build/custom_interfaces': CMAKE_PREFIX_PATH=/opt/ros/humble /usr/bin/cmake /home/abubakr/microROS_AUV/src/custom_interfaces -DCMAKE_INSTALL_PREFIX=/home/abubakr/microROS_AUV/install/custom_interfaces
[2.936s] DEBUG:colcon.colcon_core.event_handler.log_command:Invoking command in '/home/abubakr/microROS_AUV/src/control_pkg': PYTHONPATH=/home/abubakr/microROS_AUV/build/control_pkg/prefix_override:/usr/lib/python3/dist-packages/colcon_core/task/python/colcon_distutils_commands:/home/abubakr/microROS_AUV/install/control_pkg/lib/python3.10/site-packages:${PYTHONPATH} /usr/bin/python3 -W ignore:setup.py install is deprecated -W ignore:easy_install command is deprecated setup.py egg_info --egg-base ../../build/control_pkg build --build-base /home/abubakr/microROS_AUV/build/control_pkg/build install --record /home/abubakr/microROS_AUV/build/control_pkg/install.log --single-version-externally-managed install_data
[3.486s] DEBUG:colcon.colcon_core.event_handler.log_command:Invoked command in '/home/abubakr/microROS_AUV/src/control_pkg' returned '0': PYTHONPATH=/home/abubakr/microROS_AUV/build/control_pkg/prefix_override:/usr/lib/python3/dist-packages/colcon_core/task/python/colcon_distutils_commands:/home/abubakr/microROS_AUV/install/control_pkg/lib/python3.10/site-packages:${PYTHONPATH} /usr/bin/python3 -W ignore:setup.py install is deprecated -W ignore:easy_install command is deprecated setup.py egg_info --egg-base ../../build/control_pkg build --build-base /home/abubakr/microROS_AUV/build/control_pkg/build install --record /home/abubakr/microROS_AUV/build/control_pkg/install.log --single-version-externally-managed install_data
[3.504s] Level 1:colcon.colcon_core.environment:checking '/home/abubakr/microROS_AUV/install/control_pkg' for CMake module files
[3.505s] Level 1:colcon.colcon_core.environment:checking '/home/abubakr/microROS_AUV/install/control_pkg' for CMake config files
[3.506s] Level 1:colcon.colcon_core.environment:checking '/home/abubakr/microROS_AUV/install/control_pkg/lib'
[3.506s] Level 1:colcon.colcon_core.environment:checking '/home/abubakr/microROS_AUV/install/control_pkg/bin'
[3.507s] Level 1:colcon.colcon_core.environment:checking '/home/abubakr/microROS_AUV/install/control_pkg/lib/pkgconfig/control_pkg.pc'
[3.507s] Level 1:colcon.colcon_core.environment:checking '/home/abubakr/microROS_AUV/install/control_pkg/lib/python3.10/site-packages'
[3.507s] Level 1:colcon.colcon_core.shell:create_environment_hook('control_pkg', 'pythonpath')
[3.507s] INFO:colcon.colcon_core.shell:Creating environment hook '/home/abubakr/microROS_AUV/install/control_pkg/share/control_pkg/hook/pythonpath.ps1'
[3.508s] INFO:colcon.colcon_core.shell:Creating environment descriptor '/home/abubakr/microROS_AUV/install/control_pkg/share/control_pkg/hook/pythonpath.dsv'
[3.509s] INFO:colcon.colcon_core.shell:Creating environment hook '/home/abubakr/microROS_AUV/install/control_pkg/share/control_pkg/hook/pythonpath.sh'
[3.509s] Level 1:colcon.colcon_core.environment:checking '/home/abubakr/microROS_AUV/install/control_pkg/bin'
[3.509s] Level 1:colcon.colcon_core.environment:create_environment_scripts_only(control_pkg)
[3.510s] INFO:colcon.colcon_core.shell:Creating package script '/home/abubakr/microROS_AUV/install/control_pkg/share/control_pkg/package.ps1'
[3.512s] INFO:colcon.colcon_core.shell:Creating package descriptor '/home/abubakr/microROS_AUV/install/control_pkg/share/control_pkg/package.dsv'
[3.514s] INFO:colcon.colcon_core.shell:Creating package script '/home/abubakr/microROS_AUV/install/control_pkg/share/control_pkg/package.sh'
[3.516s] INFO:colcon.colcon_core.shell:Creating package script '/home/abubakr/microROS_AUV/install/control_pkg/share/control_pkg/package.bash'
[3.518s] INFO:colcon.colcon_core.shell:Creating package script '/home/abubakr/microROS_AUV/install/control_pkg/share/control_pkg/package.zsh'
[3.521s] Level 1:colcon.colcon_core.environment:create_file_with_runtime_dependencies(/home/abubakr/microROS_AUV/install/control_pkg/share/colcon-core/packages/control_pkg)
[7.642s] DEBUG:colcon.colcon_core.event_handler.log_command:Invoked command in '/home/abubakr/microROS_AUV/build/micro_ros_msgs' returned '0': CMAKE_PREFIX_PATH=/opt/ros/humble /usr/bin/cmake /home/abubakr/microROS_AUV/src/uros/micro_ros_msgs -DCMAKE_INSTALL_PREFIX=/home/abubakr/microROS_AUV/install/micro_ros_msgs
[7.646s] DEBUG:colcon.colcon_core.event_handler.log_command:Invoking command in '/home/abubakr/microROS_AUV/build/micro_ros_msgs': CMAKE_PREFIX_PATH=/opt/ros/humble /usr/bin/cmake --build /home/abubakr/microROS_AUV/build/micro_ros_msgs -- -j16 -l16
[7.647s] DEBUG:colcon.colcon_core.event_handler.log_command:Invoked command in '/home/abubakr/microROS_AUV/build/custom_interfaces' returned '0': CMAKE_PREFIX_PATH=/opt/ros/humble /usr/bin/cmake /home/abubakr/microROS_AUV/src/custom_interfaces -DCMAKE_INSTALL_PREFIX=/home/abubakr/microROS_AUV/install/custom_interfaces
[7.650s] DEBUG:colcon.colcon_core.event_handler.log_command:Invoking command in '/home/abubakr/microROS_AUV/build/custom_interfaces': CMAKE_PREFIX_PATH=/opt/ros/humble /usr/bin/cmake --build /home/abubakr/microROS_AUV/build/custom_interfaces -- -j16 -l16
[12.857s] DEBUG:colcon.colcon_core.event_handler.log_command:Invoked command in '/home/abubakr/microROS_AUV/build/custom_interfaces' returned '0': CMAKE_PREFIX_PATH=/opt/ros/humble /usr/bin/cmake --build /home/abubakr/microROS_AUV/build/custom_interfaces -- -j16 -l16
[12.875s] DEBUG:colcon.colcon_core.event_handler.log_command:Invoking command in '/home/abubakr/microROS_AUV/build/custom_interfaces': CMAKE_PREFIX_PATH=/opt/ros/humble /usr/bin/cmake --install /home/abubakr/microROS_AUV/build/custom_interfaces
[12.877s] DEBUG:colcon.colcon_core.event_handler.log_command:Invoked command in '/home/abubakr/microROS_AUV/build/micro_ros_msgs' returned '0': CMAKE_PREFIX_PATH=/opt/ros/humble /usr/bin/cmake --build /home/abubakr/microROS_AUV/build/micro_ros_msgs -- -j16 -l16
[12.884s] DEBUG:colcon.colcon_core.event_handler.log_command:Invoking command in '/home/abubakr/microROS_AUV/build/micro_ros_msgs': CMAKE_PREFIX_PATH=/opt/ros/humble /usr/bin/cmake --install /home/abubakr/microROS_AUV/build/micro_ros_msgs
[13.031s] Level 1:colcon.colcon_core.environment:create_environment_scripts_only(custom_interfaces)
[13.032s] Level 1:colcon.colcon_core.environment:checking '/home/abubakr/microROS_AUV/install/custom_interfaces' for CMake module files
[13.049s] DEBUG:colcon.colcon_core.event_handler.log_command:Invoked command in '/home/abubakr/microROS_AUV/build/custom_interfaces' returned '0': CMAKE_PREFIX_PATH=/opt/ros/humble /usr/bin/cmake --install /home/abubakr/microROS_AUV/build/custom_interfaces
[13.050s] Level 1:colcon.colcon_core.environment:checking '/home/abubakr/microROS_AUV/install/custom_interfaces' for CMake config files
[13.051s] Level 1:colcon.colcon_core.shell:create_environment_hook('custom_interfaces', 'cmake_prefix_path')
[13.051s] INFO:colcon.colcon_core.shell:Creating environment hook '/home/abubakr/microROS_AUV/install/custom_interfaces/share/custom_interfaces/hook/cmake_prefix_path.ps1'
[13.052s] INFO:colcon.colcon_core.shell:Creating environment descriptor '/home/abubakr/microROS_AUV/install/custom_interfaces/share/custom_interfaces/hook/cmake_prefix_path.dsv'
[13.053s] INFO:colcon.colcon_core.shell:Creating environment hook '/home/abubakr/microROS_AUV/install/custom_interfaces/share/custom_interfaces/hook/cmake_prefix_path.sh'
[13.054s] Level 1:colcon.colcon_core.environment:checking '/home/abubakr/microROS_AUV/install/custom_interfaces/lib'
[13.054s] Level 1:colcon.colcon_core.shell:create_environment_hook('custom_interfaces', 'ld_library_path_lib')
[13.054s] INFO:colcon.colcon_core.shell:Creating environment hook '/home/abubakr/microROS_AUV/install/custom_interfaces/share/custom_interfaces/hook/ld_library_path_lib.ps1'
[13.055s] INFO:colcon.colcon_core.shell:Creating environment descriptor '/home/abubakr/microROS_AUV/install/custom_interfaces/share/custom_interfaces/hook/ld_library_path_lib.dsv'
[13.055s] INFO:colcon.colcon_core.shell:Creating environment hook '/home/abubakr/microROS_AUV/install/custom_interfaces/share/custom_interfaces/hook/ld_library_path_lib.sh'
[13.056s] Level 1:colcon.colcon_core.environment:checking '/home/abubakr/microROS_AUV/install/custom_interfaces/bin'
[13.056s] Level 1:colcon.colcon_core.environment:checking '/home/abubakr/microROS_AUV/install/custom_interfaces/lib/pkgconfig/custom_interfaces.pc'
[13.056s] Level 1:colcon.colcon_core.environment:checking '/home/abubakr/microROS_AUV/install/custom_interfaces/lib/python3.10/site-packages'
[13.056s] Level 1:colcon.colcon_core.environment:checking '/home/abubakr/microROS_AUV/install/custom_interfaces/bin'
[13.057s] INFO:colcon.colcon_core.shell:Creating package script '/home/abubakr/microROS_AUV/install/custom_interfaces/share/custom_interfaces/package.ps1'
[13.057s] INFO:colcon.colcon_core.shell:Creating package descriptor '/home/abubakr/microROS_AUV/install/custom_interfaces/share/custom_interfaces/package.dsv'
[13.058s] INFO:colcon.colcon_core.shell:Creating package script '/home/abubakr/microROS_AUV/install/custom_interfaces/share/custom_interfaces/package.sh'
[13.059s] INFO:colcon.colcon_core.shell:Creating package script '/home/abubakr/microROS_AUV/install/custom_interfaces/share/custom_interfaces/package.bash'
[13.059s] INFO:colcon.colcon_core.shell:Creating package script '/home/abubakr/microROS_AUV/install/custom_interfaces/share/custom_interfaces/package.zsh'
[13.059s] Level 1:colcon.colcon_core.environment:create_file_with_runtime_dependencies(/home/abubakr/microROS_AUV/install/custom_interfaces/share/colcon-core/packages/custom_interfaces)
[13.061s] Level 1:colcon.colcon_core.environment:create_environment_scripts_only(custom_interfaces)
[13.061s] Level 1:colcon.colcon_core.environment:checking '/home/abubakr/microROS_AUV/install/custom_interfaces' for CMake module files
[13.062s] Level 1:colcon.colcon_core.environment:checking '/home/abubakr/microROS_AUV/install/custom_interfaces' for CMake config files
[13.062s] Level 1:colcon.colcon_core.shell:create_environment_hook('custom_interfaces', 'cmake_prefix_path')
[13.062s] INFO:colcon.colcon_core.shell:Creating environment hook '/home/abubakr/microROS_AUV/install/custom_interfaces/share/custom_interfaces/hook/cmake_prefix_path.ps1'
[13.063s] INFO:colcon.colcon_core.shell:Creating environment descriptor '/home/abubakr/microROS_AUV/install/custom_interfaces/share/custom_interfaces/hook/cmake_prefix_path.dsv'
[13.063s] INFO:colcon.colcon_core.shell:Creating environment hook '/home/abubakr/microROS_AUV/install/custom_interfaces/share/custom_interfaces/hook/cmake_prefix_path.sh'
[13.064s] Level 1:colcon.colcon_core.environment:checking '/home/abubakr/microROS_AUV/install/custom_interfaces/lib'
[13.064s] Level 1:colcon.colcon_core.shell:create_environment_hook('custom_interfaces', 'ld_library_path_lib')
[13.064s] INFO:colcon.colcon_core.shell:Creating environment hook '/home/abubakr/microROS_AUV/install/custom_interfaces/share/custom_interfaces/hook/ld_library_path_lib.ps1'
[13.065s] INFO:colcon.colcon_core.shell:Creating environment descriptor '/home/abubakr/microROS_AUV/install/custom_interfaces/share/custom_interfaces/hook/ld_library_path_lib.dsv'
[13.066s] INFO:colcon.colcon_core.shell:Creating environment hook '/home/abubakr/microROS_AUV/install/custom_interfaces/share/custom_interfaces/hook/ld_library_path_lib.sh'
[13.067s] Level 1:colcon.colcon_core.environment:checking '/home/abubakr/microROS_AUV/install/custom_interfaces/bin'
[13.067s] Level 1:colcon.colcon_core.environment:checking '/home/abubakr/microROS_AUV/install/custom_interfaces/lib/pkgconfig/custom_interfaces.pc'
[13.067s] Level 1:colcon.colcon_core.environment:checking '/home/abubakr/microROS_AUV/install/custom_interfaces/lib/python3.10/site-packages'
[13.068s] Level 1:colcon.colcon_core.environment:checking '/home/abubakr/microROS_AUV/install/custom_interfaces/bin'
[13.068s] INFO:colcon.colcon_core.shell:Creating package script '/home/abubakr/microROS_AUV/install/custom_interfaces/share/custom_interfaces/package.ps1'
[13.069s] INFO:colcon.colcon_core.shell:Creating package descriptor '/home/abubakr/microROS_AUV/install/custom_interfaces/share/custom_interfaces/package.dsv'
[13.070s] INFO:colcon.colcon_core.shell:Creating package script '/home/abubakr/microROS_AUV/install/custom_interfaces/share/custom_interfaces/package.sh'
[13.070s] INFO:colcon.colcon_core.shell:Creating package script '/home/abubakr/microROS_AUV/install/custom_interfaces/share/custom_interfaces/package.bash'
[13.071s] INFO:colcon.colcon_core.shell:Creating package script '/home/abubakr/microROS_AUV/install/custom_interfaces/share/custom_interfaces/package.zsh'
[13.072s] Level 1:colcon.colcon_core.environment:create_file_with_runtime_dependencies(/home/abubakr/microROS_AUV/install/custom_interfaces/share/colcon-core/packages/custom_interfaces)
[13.076s] Level 1:colcon.colcon_core.environment:create_environment_scripts_only(micro_ros_msgs)
[13.076s] Level 1:colcon.colcon_core.environment:checking '/home/abubakr/microROS_AUV/install/micro_ros_msgs' for CMake module files
[13.078s] DEBUG:colcon.colcon_core.event_handler.log_command:Invoked command in '/home/abubakr/microROS_AUV/build/micro_ros_msgs' returned '0': CMAKE_PREFIX_PATH=/opt/ros/humble /usr/bin/cmake --install /home/abubakr/microROS_AUV/build/micro_ros_msgs
[13.079s] Level 1:colcon.colcon_core.environment:checking '/home/abubakr/microROS_AUV/install/micro_ros_msgs' for CMake config files
[13.079s] Level 1:colcon.colcon_core.shell:create_environment_hook('micro_ros_msgs', 'cmake_prefix_path')
[13.079s] INFO:colcon.colcon_core.shell:Creating environment hook '/home/abubakr/microROS_AUV/install/micro_ros_msgs/share/micro_ros_msgs/hook/cmake_prefix_path.ps1'
[13.081s] INFO:colcon.colcon_core.shell:Creating environment descriptor '/home/abubakr/microROS_AUV/install/micro_ros_msgs/share/micro_ros_msgs/hook/cmake_prefix_path.dsv'
[13.081s] INFO:colcon.colcon_core.shell:Creating environment hook '/home/abubakr/microROS_AUV/install/micro_ros_msgs/share/micro_ros_msgs/hook/cmake_prefix_path.sh'
[13.082s] Level 1:colcon.colcon_core.environment:checking '/home/abubakr/microROS_AUV/install/micro_ros_msgs/lib'
[13.082s] Level 1:colcon.colcon_core.shell:create_environment_hook('micro_ros_msgs', 'ld_library_path_lib')
[13.083s] INFO:colcon.colcon_core.shell:Creating environment hook '/home/abubakr/microROS_AUV/install/micro_ros_msgs/share/micro_ros_msgs/hook/ld_library_path_lib.ps1'
[13.083s] INFO:colcon.colcon_core.shell:Creating environment descriptor '/home/abubakr/microROS_AUV/install/micro_ros_msgs/share/micro_ros_msgs/hook/ld_library_path_lib.dsv'
[13.083s] INFO:colcon.colcon_core.shell:Creating environment hook '/home/abubakr/microROS_AUV/install/micro_ros_msgs/share/micro_ros_msgs/hook/ld_library_path_lib.sh'
[13.084s] Level 1:colcon.colcon_core.environment:checking '/home/abubakr/microROS_AUV/install/micro_ros_msgs/bin'
[13.084s] Level 1:colcon.colcon_core.environment:checking '/home/abubakr/microROS_AUV/install/micro_ros_msgs/lib/pkgconfig/micro_ros_msgs.pc'
[13.084s] Level 1:colcon.colcon_core.environment:checking '/home/abubakr/microROS_AUV/install/micro_ros_msgs/lib/python3.10/site-packages'
[13.084s] Level 1:colcon.colcon_core.environment:checking '/home/abubakr/microROS_AUV/install/micro_ros_msgs/bin'
[13.085s] INFO:colcon.colcon_core.shell:Creating package script '/home/abubakr/microROS_AUV/install/micro_ros_msgs/share/micro_ros_msgs/package.ps1'
[13.085s] INFO:colcon.colcon_core.shell:Creating package descriptor '/home/abubakr/microROS_AUV/install/micro_ros_msgs/share/micro_ros_msgs/package.dsv'
[13.086s] INFO:colcon.colcon_core.shell:Creating package script '/home/abubakr/microROS_AUV/install/micro_ros_msgs/share/micro_ros_msgs/package.sh'
[13.087s] INFO:colcon.colcon_core.shell:Creating package script '/home/abubakr/microROS_AUV/install/micro_ros_msgs/share/micro_ros_msgs/package.bash'
[13.087s] INFO:colcon.colcon_core.shell:Creating package script '/home/abubakr/microROS_AUV/install/micro_ros_msgs/share/micro_ros_msgs/package.zsh'
[13.087s] Level 1:colcon.colcon_core.environment:create_file_with_runtime_dependencies(/home/abubakr/microROS_AUV/install/micro_ros_msgs/share/colcon-core/packages/micro_ros_msgs)
[13.089s] Level 1:colcon.colcon_core.environment:create_environment_scripts_only(micro_ros_msgs)
[13.089s] Level 1:colcon.colcon_core.environment:checking '/home/abubakr/microROS_AUV/install/micro_ros_msgs' for CMake module files
[13.090s] Level 1:colcon.colcon_core.environment:checking '/home/abubakr/microROS_AUV/install/micro_ros_msgs' for CMake config files
[13.091s] Level 1:colcon.colcon_core.shell:create_environment_hook('micro_ros_msgs', 'cmake_prefix_path')
[13.091s] INFO:colcon.colcon_core.shell:Creating environment hook '/home/abubakr/microROS_AUV/install/micro_ros_msgs/share/micro_ros_msgs/hook/cmake_prefix_path.ps1'
[13.091s] INFO:colcon.colcon_core.shell:Creating environment descriptor '/home/abubakr/microROS_AUV/install/micro_ros_msgs/share/micro_ros_msgs/hook/cmake_prefix_path.dsv'
[13.092s] INFO:colcon.colcon_core.shell:Creating environment hook '/home/abubakr/microROS_AUV/install/micro_ros_msgs/share/micro_ros_msgs/hook/cmake_prefix_path.sh'
[13.093s] Level 1:colcon.colcon_core.environment:checking '/home/abubakr/microROS_AUV/install/micro_ros_msgs/lib'
[13.093s] Level 1:colcon.colcon_core.shell:create_environment_hook('micro_ros_msgs', 'ld_library_path_lib')
[13.093s] INFO:colcon.colcon_core.shell:Creating environment hook '/home/abubakr/microROS_AUV/install/micro_ros_msgs/share/micro_ros_msgs/hook/ld_library_path_lib.ps1'
[13.093s] INFO:colcon.colcon_core.shell:Creating environment descriptor '/home/abubakr/microROS_AUV/install/micro_ros_msgs/share/micro_ros_msgs/hook/ld_library_path_lib.dsv'
[13.094s] INFO:colcon.colcon_core.shell:Creating environment hook '/home/abubakr/microROS_AUV/install/micro_ros_msgs/share/micro_ros_msgs/hook/ld_library_path_lib.sh'
[13.095s] Level 1:colcon.colcon_core.environment:checking '/home/abubakr/microROS_AUV/install/micro_ros_msgs/bin'
[13.095s] Level 1:colcon.colcon_core.environment:checking '/home/abubakr/microROS_AUV/install/micro_ros_msgs/lib/pkgconfig/micro_ros_msgs.pc'
[13.095s] Level 1:colcon.colcon_core.environment:checking '/home/abubakr/microROS_AUV/install/micro_ros_msgs/lib/python3.10/site-packages'
[13.095s] Level 1:colcon.colcon_core.environment:checking '/home/abubakr/microROS_AUV/install/micro_ros_msgs/bin'
[13.096s] INFO:colcon.colcon_core.shell:Creating package script '/home/abubakr/microROS_AUV/install/micro_ros_msgs/share/micro_ros_msgs/package.ps1'
[13.096s] INFO:colcon.colcon_core.shell:Creating package descriptor '/home/abubakr/microROS_AUV/install/micro_ros_msgs/share/micro_ros_msgs/package.dsv'
[13.097s] INFO:colcon.colcon_core.shell:Creating package script '/home/abubakr/microROS_AUV/install/micro_ros_msgs/share/micro_ros_msgs/package.sh'
[13.097s] INFO:colcon.colcon_core.shell:Creating package script '/home/abubakr/microROS_AUV/install/micro_ros_msgs/share/micro_ros_msgs/package.bash'
[13.098s] INFO:colcon.colcon_core.shell:Creating package script '/home/abubakr/microROS_AUV/install/micro_ros_msgs/share/micro_ros_msgs/package.zsh'
[13.098s] Level 1:colcon.colcon_core.environment:create_file_with_runtime_dependencies(/home/abubakr/microROS_AUV/install/micro_ros_msgs/share/colcon-core/packages/micro_ros_msgs)
[13.099s] INFO:colcon.colcon_ros.task.ament_cmake.build:Building ROS package in '/home/abubakr/microROS_AUV/src/uros/micro-ROS-Agent/micro_ros_agent' with build type 'ament_cmake'
[13.099s] INFO:colcon.colcon_cmake.task.cmake.build:Building CMake package in '/home/abubakr/microROS_AUV/src/uros/micro-ROS-Agent/micro_ros_agent'
[13.100s] INFO:colcon.colcon_core.shell:Skip shell extension 'powershell' for command environment: Not usable outside of PowerShell
[13.100s] DEBUG:colcon.colcon_core.shell:Skip shell extension 'dsv' for command environment
[13.280s] DEBUG:colcon.colcon_core.event_handler.log_command:Invoking command in '/home/abubakr/microROS_AUV/build/micro_ros_agent': AMENT_PREFIX_PATH=/home/abubakr/microROS_AUV/install/micro_ros_msgs:${AMENT_PREFIX_PATH} CMAKE_PREFIX_PATH=/home/abubakr/microROS_AUV/install/micro_ros_msgs:/opt/ros/humble LD_LIBRARY_PATH=/home/abubakr/microROS_AUV/install/micro_ros_msgs/lib:${LD_LIBRARY_PATH} PYTHONPATH=/home/abubakr/microROS_AUV/install/micro_ros_msgs/local/lib/python3.10/dist-packages:${PYTHONPATH} /usr/bin/cmake /home/abubakr/microROS_AUV/src/uros/micro-ROS-Agent/micro_ros_agent -DCMAKE_INSTALL_PREFIX=/home/abubakr/microROS_AUV/install/micro_ros_agent
[18.068s] DEBUG:colcon.colcon_core.event_handler.log_command:Invoked command in '/home/abubakr/microROS_AUV/build/micro_ros_agent' returned '0': AMENT_PREFIX_PATH=/home/abubakr/microROS_AUV/install/micro_ros_msgs:${AMENT_PREFIX_PATH} CMAKE_PREFIX_PATH=/home/abubakr/microROS_AUV/install/micro_ros_msgs:/opt/ros/humble LD_LIBRARY_PATH=/home/abubakr/microROS_AUV/install/micro_ros_msgs/lib:${LD_LIBRARY_PATH} PYTHONPATH=/home/abubakr/microROS_AUV/install/micro_ros_msgs/local/lib/python3.10/dist-packages:${PYTHONPATH} /usr/bin/cmake /home/abubakr/microROS_AUV/src/uros/micro-ROS-Agent/micro_ros_agent -DCMAKE_INSTALL_PREFIX=/home/abubakr/microROS_AUV/install/micro_ros_agent
[18.072s] DEBUG:colcon.colcon_core.event_handler.log_command:Invoking command in '/home/abubakr/microROS_AUV/build/micro_ros_agent': AMENT_PREFIX_PATH=/home/abubakr/microROS_AUV/install/micro_ros_msgs:${AMENT_PREFIX_PATH} CMAKE_PREFIX_PATH=/home/abubakr/microROS_AUV/install/micro_ros_msgs:/opt/ros/humble LD_LIBRARY_PATH=/home/abubakr/microROS_AUV/install/micro_ros_msgs/lib:${LD_LIBRARY_PATH} PYTHONPATH=/home/abubakr/microROS_AUV/install/micro_ros_msgs/local/lib/python3.10/dist-packages:${PYTHONPATH} /usr/bin/cmake --build /home/abubakr/microROS_AUV/build/micro_ros_agent -- -j16 -l16
[85.362s] DEBUG:colcon.colcon_core.event_handler.log_command:Invoked command in '/home/abubakr/microROS_AUV/build/micro_ros_agent' returned '0': AMENT_PREFIX_PATH=/home/abubakr/microROS_AUV/install/micro_ros_msgs:${AMENT_PREFIX_PATH} CMAKE_PREFIX_PATH=/home/abubakr/microROS_AUV/install/micro_ros_msgs:/opt/ros/humble LD_LIBRARY_PATH=/home/abubakr/microROS_AUV/install/micro_ros_msgs/lib:${LD_LIBRARY_PATH} PYTHONPATH=/home/abubakr/microROS_AUV/install/micro_ros_msgs/local/lib/python3.10/dist-packages:${PYTHONPATH} /usr/bin/cmake --build /home/abubakr/microROS_AUV/build/micro_ros_agent -- -j16 -l16
[85.369s] DEBUG:colcon.colcon_core.event_handler.log_command:Invoking command in '/home/abubakr/microROS_AUV/build/micro_ros_agent': AMENT_PREFIX_PATH=/home/abubakr/microROS_AUV/install/micro_ros_msgs:${AMENT_PREFIX_PATH} CMAKE_PREFIX_PATH=/home/abubakr/microROS_AUV/install/micro_ros_msgs:/opt/ros/humble LD_LIBRARY_PATH=/home/abubakr/microROS_AUV/install/micro_ros_msgs/lib:${LD_LIBRARY_PATH} PYTHONPATH=/home/abubakr/microROS_AUV/install/micro_ros_msgs/local/lib/python3.10/dist-packages:${PYTHONPATH} /usr/bin/cmake --install /home/abubakr/microROS_AUV/build/micro_ros_agent
[85.406s] Level 1:colcon.colcon_core.environment:create_environment_scripts_only(micro_ros_agent)
[85.407s] Level 1:colcon.colcon_core.environment:checking '/home/abubakr/microROS_AUV/install/micro_ros_agent' for CMake module files
[85.408s] Level 1:colcon.colcon_core.environment:checking '/home/abubakr/microROS_AUV/install/micro_ros_agent' for CMake config files
[85.408s] Level 1:colcon.colcon_core.shell:create_environment_hook('micro_ros_agent', 'cmake_prefix_path')
[85.408s] INFO:colcon.colcon_core.shell:Creating environment hook '/home/abubakr/microROS_AUV/install/micro_ros_agent/share/micro_ros_agent/hook/cmake_prefix_path.ps1'
[85.411s] DEBUG:colcon.colcon_core.event_handler.log_command:Invoked command in '/home/abubakr/microROS_AUV/build/micro_ros_agent' returned '0': AMENT_PREFIX_PATH=/home/abubakr/microROS_AUV/install/micro_ros_msgs:${AMENT_PREFIX_PATH} CMAKE_PREFIX_PATH=/home/abubakr/microROS_AUV/install/micro_ros_msgs:/opt/ros/humble LD_LIBRARY_PATH=/home/abubakr/microROS_AUV/install/micro_ros_msgs/lib:${LD_LIBRARY_PATH} PYTHONPATH=/home/abubakr/microROS_AUV/install/micro_ros_msgs/local/lib/python3.10/dist-packages:${PYTHONPATH} /usr/bin/cmake --install /home/abubakr/microROS_AUV/build/micro_ros_agent
[85.413s] INFO:colcon.colcon_core.shell:Creating environment descriptor '/home/abubakr/microROS_AUV/install/micro_ros_agent/share/micro_ros_agent/hook/cmake_prefix_path.dsv'
[85.415s] INFO:colcon.colcon_core.shell:Creating environment hook '/home/abubakr/microROS_AUV/install/micro_ros_agent/share/micro_ros_agent/hook/cmake_prefix_path.sh'
[85.417s] Level 1:colcon.colcon_core.environment:checking '/home/abubakr/microROS_AUV/install/micro_ros_agent/lib'
[85.417s] Level 1:colcon.colcon_core.shell:create_environment_hook('micro_ros_agent', 'ld_library_path_lib')
[85.418s] INFO:colcon.colcon_core.shell:Creating environment hook '/home/abubakr/microROS_AUV/install/micro_ros_agent/share/micro_ros_agent/hook/ld_library_path_lib.ps1'
[85.419s] INFO:colcon.colcon_core.shell:Creating environment descriptor '/home/abubakr/microROS_AUV/install/micro_ros_agent/share/micro_ros_agent/hook/ld_library_path_lib.dsv'
[85.420s] INFO:colcon.colcon_core.shell:Creating environment hook '/home/abubakr/microROS_AUV/install/micro_ros_agent/share/micro_ros_agent/hook/ld_library_path_lib.sh'
[85.423s] Level 1:colcon.colcon_core.environment:checking '/home/abubakr/microROS_AUV/install/micro_ros_agent/bin'
[85.423s] Level 1:colcon.colcon_core.environment:checking '/home/abubakr/microROS_AUV/install/micro_ros_agent/lib/pkgconfig/micro_ros_agent.pc'
[85.424s] Level 1:colcon.colcon_core.environment:checking '/home/abubakr/microROS_AUV/install/micro_ros_agent/lib/python3.10/site-packages'
[85.424s] Level 1:colcon.colcon_core.environment:checking '/home/abubakr/microROS_AUV/install/micro_ros_agent/bin'
[85.425s] INFO:colcon.colcon_core.shell:Creating package script '/home/abubakr/microROS_AUV/install/micro_ros_agent/share/micro_ros_agent/package.ps1'
[85.426s] INFO:colcon.colcon_core.shell:Creating package descriptor '/home/abubakr/microROS_AUV/install/micro_ros_agent/share/micro_ros_agent/package.dsv'
[85.427s] INFO:colcon.colcon_core.shell:Creating package script '/home/abubakr/microROS_AUV/install/micro_ros_agent/share/micro_ros_agent/package.sh'
[85.428s] INFO:colcon.colcon_core.shell:Creating package script '/home/abubakr/microROS_AUV/install/micro_ros_agent/share/micro_ros_agent/package.bash'
[85.429s] INFO:colcon.colcon_core.shell:Creating package script '/home/abubakr/microROS_AUV/install/micro_ros_agent/share/micro_ros_agent/package.zsh'
[85.430s] Level 1:colcon.colcon_core.environment:create_file_with_runtime_dependencies(/home/abubakr/microROS_AUV/install/micro_ros_agent/share/colcon-core/packages/micro_ros_agent)
[85.432s] Level 1:colcon.colcon_core.environment:create_environment_scripts_only(micro_ros_agent)
[85.432s] Level 1:colcon.colcon_core.environment:checking '/home/abubakr/microROS_AUV/install/micro_ros_agent' for CMake module files
[85.432s] Level 1:colcon.colcon_core.environment:checking '/home/abubakr/microROS_AUV/install/micro_ros_agent' for CMake config files
[85.432s] Level 1:colcon.colcon_core.shell:create_environment_hook('micro_ros_agent', 'cmake_prefix_path')
[85.433s] INFO:colcon.colcon_core.shell:Creating environment hook '/home/abubakr/microROS_AUV/install/micro_ros_agent/share/micro_ros_agent/hook/cmake_prefix_path.ps1'
[85.434s] INFO:colcon.colcon_core.shell:Creating environment descriptor '/home/abubakr/microROS_AUV/install/micro_ros_agent/share/micro_ros_agent/hook/cmake_prefix_path.dsv'
[85.434s] INFO:colcon.colcon_core.shell:Creating environment hook '/home/abubakr/microROS_AUV/install/micro_ros_agent/share/micro_ros_agent/hook/cmake_prefix_path.sh'
[85.435s] Level 1:colcon.colcon_core.environment:checking '/home/abubakr/microROS_AUV/install/micro_ros_agent/lib'
[85.436s] Level 1:colcon.colcon_core.shell:create_environment_hook('micro_ros_agent', 'ld_library_path_lib')
[85.436s] INFO:colcon.colcon_core.shell:Creating environment hook '/home/abubakr/microROS_AUV/install/micro_ros_agent/share/micro_ros_agent/hook/ld_library_path_lib.ps1'
[85.436s] INFO:colcon.colcon_core.shell:Creating environment descriptor '/home/abubakr/microROS_AUV/install/micro_ros_agent/share/micro_ros_agent/hook/ld_library_path_lib.dsv'
[85.437s] INFO:colcon.colcon_core.shell:Creating environment hook '/home/abubakr/microROS_AUV/install/micro_ros_agent/share/micro_ros_agent/hook/ld_library_path_lib.sh'
[85.438s] Level 1:colcon.colcon_core.environment:checking '/home/abubakr/microROS_AUV/install/micro_ros_agent/bin'
[85.438s] Level 1:colcon.colcon_core.environment:checking '/home/abubakr/microROS_AUV/install/micro_ros_agent/lib/pkgconfig/micro_ros_agent.pc'
[85.439s] Level 1:colcon.colcon_core.environment:checking '/home/abubakr/microROS_AUV/install/micro_ros_agent/lib/python3.10/site-packages'
[85.439s] Level 1:colcon.colcon_core.environment:checking '/home/abubakr/microROS_AUV/install/micro_ros_agent/bin'
[85.440s] INFO:colcon.colcon_core.shell:Creating package script '/home/abubakr/microROS_AUV/install/micro_ros_agent/share/micro_ros_agent/package.ps1'
[85.441s] INFO:colcon.colcon_core.shell:Creating package descriptor '/home/abubakr/microROS_AUV/install/micro_ros_agent/share/micro_ros_agent/package.dsv'
[85.442s] INFO:colcon.colcon_core.shell:Creating package script '/home/abubakr/microROS_AUV/install/micro_ros_agent/share/micro_ros_agent/package.sh'
[85.443s] INFO:colcon.colcon_core.shell:Creating package script '/home/abubakr/microROS_AUV/install/micro_ros_agent/share/micro_ros_agent/package.bash'
[85.444s] INFO:colcon.colcon_core.shell:Creating package script '/home/abubakr/microROS_AUV/install/micro_ros_agent/share/micro_ros_agent/package.zsh'
[85.445s] Level 1:colcon.colcon_core.environment:create_file_with_runtime_dependencies(/home/abubakr/microROS_AUV/install/micro_ros_agent/share/colcon-core/packages/micro_ros_agent)
[85.446s] DEBUG:colcon.colcon_parallel_executor.executor.parallel:closing loop
[85.447s] DEBUG:colcon.colcon_parallel_executor.executor.parallel:loop closed
[85.448s] DEBUG:colcon.colcon_parallel_executor.executor.parallel:run_until_complete finished with '0'
[85.448s] DEBUG:colcon.colcon_core.event_reactor:joining thread
[85.557s] INFO:colcon.colcon_core.plugin_system:Skipping extension 'colcon_notification.desktop_notification.notify_send': Could not find 'notify-send'
[85.557s] INFO:colcon.colcon_core.plugin_system:Skipping extension 'colcon_notification.desktop_notification.terminal_notifier': Not used on non-Darwin systems
[85.557s] INFO:colcon.colcon_core.plugin_system:Skipping extension 'colcon_notification.desktop_notification.win32': Not used on non-Windows systems
[85.557s] INFO:colcon.colcon_notification.desktop_notification:Sending desktop notification using 'notify2'
[85.558s] DEBUG:colcon.colcon_notification.desktop_notification.notify2:Failed to initialize notify2: org.freedesktop.DBus.Error.FileNotFound: Failed to connect to socket /run/user/1000/bus: No such file or directory
[85.558s] DEBUG:colcon.colcon_core.event_reactor:joined thread
[85.559s] INFO:colcon.colcon_core.shell:Creating prefix script '/home/abubakr/microROS_AUV/install/local_setup.ps1'
[85.562s] INFO:colcon.colcon_core.shell:Creating prefix util module '/home/abubakr/microROS_AUV/install/_local_setup_util_ps1.py'
[85.565s] INFO:colcon.colcon_core.shell:Creating prefix chain script '/home/abubakr/microROS_AUV/install/setup.ps1'
[85.568s] INFO:colcon.colcon_core.shell:Creating prefix script '/home/abubakr/microROS_AUV/install/local_setup.sh'
[85.569s] INFO:colcon.colcon_core.shell:Creating prefix util module '/home/abubakr/microROS_AUV/install/_local_setup_util_sh.py'
[85.570s] INFO:colcon.colcon_core.shell:Creating prefix chain script '/home/abubakr/microROS_AUV/install/setup.sh'
[85.572s] INFO:colcon.colcon_core.shell:Creating prefix script '/home/abubakr/microROS_AUV/install/local_setup.bash'
[85.574s] INFO:colcon.colcon_core.shell:Creating prefix chain script '/home/abubakr/microROS_AUV/install/setup.bash'
[85.576s] INFO:colcon.colcon_core.shell:Creating prefix script '/home/abubakr/microROS_AUV/install/local_setup.zsh'
[85.577s] INFO:colcon.colcon_core.shell:Creating prefix chain script '/home/abubakr/microROS_AUV/install/setup.zsh'
