[0.073s] Invoking command in '/home/uwr/microROS_AUV/build/micro_ros_utilities': CMAKE_PREFIX_PATH=${CMAKE_PREFIX_PATH}:/home/uwr/microROS_AUV/install/control_pkg:/home/uwr/Desktop/2024_UWR/install/sonar_subs:/opt/ros/humble /usr/bin/cmake --build /home/uwr/microROS_AUV/build/micro_ros_utilities -- -j8 -l8
[0.249s] [35m[1mConsolidate compiler generated dependencies of target micro_ros_utilities[0m
[0.364s] [100%] Built target micro_ros_utilities
[0.627s] Invoked command in '/home/uwr/microROS_AUV/build/micro_ros_utilities' returned '0': CMAKE_PREFIX_PATH=${CMAKE_PREFIX_PATH}:/home/uwr/microROS_AUV/install/control_pkg:/home/uwr/Desktop/2024_UWR/install/sonar_subs:/opt/ros/humble /usr/bin/cmake --build /home/uwr/microROS_AUV/build/micro_ros_utilities -- -j8 -l8
[1.005s] Invoking command in '/home/uwr/microROS_AUV/build/micro_ros_utilities': CMAKE_PREFIX_PATH=${CMAKE_PREFIX_PATH}:/home/uwr/microROS_AUV/install/control_pkg:/home/uwr/Desktop/2024_UWR/install/sonar_subs:/opt/ros/humble /usr/bin/cmake --install /home/uwr/microROS_AUV/build/micro_ros_utilities
[2.037s] -- Install configuration: ""
[2.038s] -- Up-to-date: /home/uwr/microROS_AUV/install/micro_ros_utilities/include
[2.038s] -- Up-to-date: /home/uwr/microROS_AUV/install/micro_ros_utilities/include/micro_ros_utilities
[2.038s] -- Up-to-date: /home/uwr/microROS_AUV/install/micro_ros_utilities/include/micro_ros_utilities/type_utilities.h
[2.038s] -- Up-to-date: /home/uwr/microROS_AUV/install/micro_ros_utilities/include/micro_ros_utilities/visibility_control.h
[2.038s] -- Up-to-date: /home/uwr/microROS_AUV/install/micro_ros_utilities/include/micro_ros_utilities/string_utilities.h
[2.038s] -- Up-to-date: /home/uwr/microROS_AUV/install/micro_ros_utilities/lib/libmicro_ros_utilities.so
[2.039s] -- Up-to-date: /home/uwr/microROS_AUV/install/micro_ros_utilities/share/micro_ros_utilities/environment/library_path.sh
[2.039s] -- Up-to-date: /home/uwr/microROS_AUV/install/micro_ros_utilities/share/micro_ros_utilities/environment/library_path.dsv
[2.040s] -- Up-to-date: /home/uwr/microROS_AUV/install/micro_ros_utilities/share/ament_index/resource_index/package_run_dependencies/micro_ros_utilities
[2.040s] -- Up-to-date: /home/uwr/microROS_AUV/install/micro_ros_utilities/share/ament_index/resource_index/parent_prefix_path/micro_ros_utilities
[2.040s] -- Up-to-date: /home/uwr/microROS_AUV/install/micro_ros_utilities/share/micro_ros_utilities/environment/ament_prefix_path.sh
[2.040s] -- Up-to-date: /home/uwr/microROS_AUV/install/micro_ros_utilities/share/micro_ros_utilities/environment/ament_prefix_path.dsv
[2.041s] -- Up-to-date: /home/uwr/microROS_AUV/install/micro_ros_utilities/share/micro_ros_utilities/environment/path.sh
[2.041s] -- Up-to-date: /home/uwr/microROS_AUV/install/micro_ros_utilities/share/micro_ros_utilities/environment/path.dsv
[2.041s] -- Up-to-date: /home/uwr/microROS_AUV/install/micro_ros_utilities/share/micro_ros_utilities/local_setup.bash
[2.041s] -- Up-to-date: /home/uwr/microROS_AUV/install/micro_ros_utilities/share/micro_ros_utilities/local_setup.sh
[2.042s] -- Up-to-date: /home/uwr/microROS_AUV/install/micro_ros_utilities/share/micro_ros_utilities/local_setup.zsh
[2.042s] -- Up-to-date: /home/uwr/microROS_AUV/install/micro_ros_utilities/share/micro_ros_utilities/local_setup.dsv
[2.042s] -- Installing: /home/uwr/microROS_AUV/install/micro_ros_utilities/share/micro_ros_utilities/package.dsv
[2.042s] -- Up-to-date: /home/uwr/microROS_AUV/install/micro_ros_utilities/share/ament_index/resource_index/packages/micro_ros_utilities
[2.042s] -- Up-to-date: /home/uwr/microROS_AUV/install/micro_ros_utilities/share/micro_ros_utilities/cmake/ament_cmake_export_include_directories-extras.cmake
[2.043s] -- Up-to-date: /home/uwr/microROS_AUV/install/micro_ros_utilities/share/micro_ros_utilities/cmake/ament_cmake_export_libraries-extras.cmake
[2.043s] -- Up-to-date: /home/uwr/microROS_AUV/install/micro_ros_utilities/share/micro_ros_utilities/cmake/ament_cmake_export_dependencies-extras.cmake
[2.043s] -- Up-to-date: /home/uwr/microROS_AUV/install/micro_ros_utilities/share/micro_ros_utilities/cmake/micro_ros_utilitiesConfig.cmake
[2.051s] -- Up-to-date: /home/uwr/microROS_AUV/install/micro_ros_utilities/share/micro_ros_utilities/cmake/micro_ros_utilitiesConfig-version.cmake
[2.051s] -- Up-to-date: /home/uwr/microROS_AUV/install/micro_ros_utilities/share/micro_ros_utilities/package.xml
[2.091s] Invoked command in '/home/uwr/microROS_AUV/build/micro_ros_utilities' returned '0': CMAKE_PREFIX_PATH=${CMAKE_PREFIX_PATH}:/home/uwr/microROS_AUV/install/control_pkg:/home/uwr/Desktop/2024_UWR/install/sonar_subs:/opt/ros/humble /usr/bin/cmake --install /home/uwr/microROS_AUV/build/micro_ros_utilities
