running egg_info
creating ../../build/control_pkg/control_pkg.egg-info
writing ../../build/control_pkg/control_pkg.egg-info/PKG-INFO
writing dependency_links to ../../build/control_pkg/control_pkg.egg-info/dependency_links.txt
writing entry points to ../../build/control_pkg/control_pkg.egg-info/entry_points.txt
writing requirements to ../../build/control_pkg/control_pkg.egg-info/requires.txt
writing top-level names to ../../build/control_pkg/control_pkg.egg-info/top_level.txt
writing manifest file '../../build/control_pkg/control_pkg.egg-info/SOURCES.txt'
reading manifest file '../../build/control_pkg/control_pkg.egg-info/SOURCES.txt'
writing manifest file '../../build/control_pkg/control_pkg.egg-info/SOURCES.txt'
running build
running build_py
creating /home/uwr/microROS_AUV/build/control_pkg/build
creating /home/uwr/microROS_AUV/build/control_pkg/build/lib
creating /home/uwr/microROS_AUV/build/control_pkg/build/lib/control_pkg
copying control_pkg/joy_controller.py -> /home/uwr/microROS_AUV/build/control_pkg/build/lib/control_pkg
copying control_pkg/position_holder.py -> /home/uwr/microROS_AUV/build/control_pkg/build/lib/control_pkg
copying control_pkg/planar_stabilizer.py -> /home/uwr/microROS_AUV/build/control_pkg/build/lib/control_pkg
copying control_pkg/python_template.py -> /home/uwr/microROS_AUV/build/control_pkg/build/lib/control_pkg
copying control_pkg/heading_stabilizer.py -> /home/uwr/microROS_AUV/build/control_pkg/build/lib/control_pkg
copying control_pkg/depth_holder.py -> /home/uwr/microROS_AUV/build/control_pkg/build/lib/control_pkg
copying control_pkg/sync_io.py -> /home/uwr/microROS_AUV/build/control_pkg/build/lib/control_pkg
copying control_pkg/__init__.py -> /home/uwr/microROS_AUV/build/control_pkg/build/lib/control_pkg
copying control_pkg/main_thruster_controller.py -> /home/uwr/microROS_AUV/build/control_pkg/build/lib/control_pkg
copying control_pkg/old_controller.py -> /home/uwr/microROS_AUV/build/control_pkg/build/lib/control_pkg
running install
running install_lib
creating /home/uwr/microROS_AUV/install/control_pkg/lib/python3.10/site-packages/control_pkg
copying /home/uwr/microROS_AUV/build/control_pkg/build/lib/control_pkg/joy_controller.py -> /home/uwr/microROS_AUV/install/control_pkg/lib/python3.10/site-packages/control_pkg
copying /home/uwr/microROS_AUV/build/control_pkg/build/lib/control_pkg/position_holder.py -> /home/uwr/microROS_AUV/install/control_pkg/lib/python3.10/site-packages/control_pkg
copying /home/uwr/microROS_AUV/build/control_pkg/build/lib/control_pkg/planar_stabilizer.py -> /home/uwr/microROS_AUV/install/control_pkg/lib/python3.10/site-packages/control_pkg
copying /home/uwr/microROS_AUV/build/control_pkg/build/lib/control_pkg/python_template.py -> /home/uwr/microROS_AUV/install/control_pkg/lib/python3.10/site-packages/control_pkg
copying /home/uwr/microROS_AUV/build/control_pkg/build/lib/control_pkg/heading_stabilizer.py -> /home/uwr/microROS_AUV/install/control_pkg/lib/python3.10/site-packages/control_pkg
copying /home/uwr/microROS_AUV/build/control_pkg/build/lib/control_pkg/depth_holder.py -> /home/uwr/microROS_AUV/install/control_pkg/lib/python3.10/site-packages/control_pkg
copying /home/uwr/microROS_AUV/build/control_pkg/build/lib/control_pkg/sync_io.py -> /home/uwr/microROS_AUV/install/control_pkg/lib/python3.10/site-packages/control_pkg
copying /home/uwr/microROS_AUV/build/control_pkg/build/lib/control_pkg/__init__.py -> /home/uwr/microROS_AUV/install/control_pkg/lib/python3.10/site-packages/control_pkg
copying /home/uwr/microROS_AUV/build/control_pkg/build/lib/control_pkg/main_thruster_controller.py -> /home/uwr/microROS_AUV/install/control_pkg/lib/python3.10/site-packages/control_pkg
copying /home/uwr/microROS_AUV/build/control_pkg/build/lib/control_pkg/old_controller.py -> /home/uwr/microROS_AUV/install/control_pkg/lib/python3.10/site-packages/control_pkg
byte-compiling /home/uwr/microROS_AUV/install/control_pkg/lib/python3.10/site-packages/control_pkg/joy_controller.py to joy_controller.cpython-310.pyc
byte-compiling /home/uwr/microROS_AUV/install/control_pkg/lib/python3.10/site-packages/control_pkg/position_holder.py to position_holder.cpython-310.pyc
byte-compiling /home/uwr/microROS_AUV/install/control_pkg/lib/python3.10/site-packages/control_pkg/planar_stabilizer.py to planar_stabilizer.cpython-310.pyc
byte-compiling /home/uwr/microROS_AUV/install/control_pkg/lib/python3.10/site-packages/control_pkg/python_template.py to python_template.cpython-310.pyc
byte-compiling /home/uwr/microROS_AUV/install/control_pkg/lib/python3.10/site-packages/control_pkg/heading_stabilizer.py to heading_stabilizer.cpython-310.pyc
byte-compiling /home/uwr/microROS_AUV/install/control_pkg/lib/python3.10/site-packages/control_pkg/depth_holder.py to depth_holder.cpython-310.pyc
byte-compiling /home/uwr/microROS_AUV/install/control_pkg/lib/python3.10/site-packages/control_pkg/sync_io.py to sync_io.cpython-310.pyc
byte-compiling /home/uwr/microROS_AUV/install/control_pkg/lib/python3.10/site-packages/control_pkg/__init__.py to __init__.cpython-310.pyc
byte-compiling /home/uwr/microROS_AUV/install/control_pkg/lib/python3.10/site-packages/control_pkg/main_thruster_controller.py to main_thruster_controller.cpython-310.pyc
byte-compiling /home/uwr/microROS_AUV/install/control_pkg/lib/python3.10/site-packages/control_pkg/old_controller.py to old_controller.cpython-310.pyc
running install_data
creating /home/uwr/microROS_AUV/install/control_pkg/share/ament_index
creating /home/uwr/microROS_AUV/install/control_pkg/share/ament_index/resource_index
creating /home/uwr/microROS_AUV/install/control_pkg/share/ament_index/resource_index/packages
copying resource/control_pkg -> /home/uwr/microROS_AUV/install/control_pkg/share/ament_index/resource_index/packages
copying package.xml -> /home/uwr/microROS_AUV/install/control_pkg/share/control_pkg
running install_egg_info
Copying ../../build/control_pkg/control_pkg.egg-info to /home/uwr/microROS_AUV/install/control_pkg/lib/python3.10/site-packages/control_pkg-0.0.0-py3.10.egg-info
running install_scripts
Installing depth_holder script to /home/uwr/microROS_AUV/install/control_pkg/lib/control_pkg
Installing heading_stabilizer script to /home/uwr/microROS_AUV/install/control_pkg/lib/control_pkg
Installing joy_controller script to /home/uwr/microROS_AUV/install/control_pkg/lib/control_pkg
Installing main_thruster_controller script to /home/uwr/microROS_AUV/install/control_pkg/lib/control_pkg
Installing planar_stabilizer script to /home/uwr/microROS_AUV/install/control_pkg/lib/control_pkg
Installing position_holder script to /home/uwr/microROS_AUV/install/control_pkg/lib/control_pkg
Installing sync_io script to /home/uwr/microROS_AUV/install/control_pkg/lib/control_pkg
writing list of installed files to '/home/uwr/microROS_AUV/build/control_pkg/install.log'
