[1.087s] Invoking command in '/home/uwr/microROS_AUV/src/control_pkg': PYTHONPATH=/home/uwr/microROS_AUV/build/control_pkg/prefix_override:/usr/lib/python3/dist-packages/colcon_core/task/python/colcon_distutils_commands:/home/uwr/microROS_AUV/install/control_pkg/lib/python3.10/site-packages:${PYTHONPATH} /usr/bin/python3 -W ignore:setup.py install is deprecated setup.py egg_info --egg-base ../../build/control_pkg build --build-base /home/uwr/microROS_AUV/build/control_pkg/build install --record /home/uwr/microROS_AUV/build/control_pkg/install.log --single-version-externally-managed install_data
[1.558s] running egg_info
[1.559s] creating ../../build/control_pkg/control_pkg.egg-info
[1.560s] writing ../../build/control_pkg/control_pkg.egg-info/PKG-INFO
[1.560s] writing dependency_links to ../../build/control_pkg/control_pkg.egg-info/dependency_links.txt
[1.560s] writing entry points to ../../build/control_pkg/control_pkg.egg-info/entry_points.txt
[1.561s] writing requirements to ../../build/control_pkg/control_pkg.egg-info/requires.txt
[1.561s] writing top-level names to ../../build/control_pkg/control_pkg.egg-info/top_level.txt
[1.561s] writing manifest file '../../build/control_pkg/control_pkg.egg-info/SOURCES.txt'
[1.564s] reading manifest file '../../build/control_pkg/control_pkg.egg-info/SOURCES.txt'
[1.565s] writing manifest file '../../build/control_pkg/control_pkg.egg-info/SOURCES.txt'
[1.566s] running build
[1.566s] running build_py
[1.566s] creating /home/uwr/microROS_AUV/build/control_pkg/build
[1.566s] creating /home/uwr/microROS_AUV/build/control_pkg/build/lib
[1.567s] creating /home/uwr/microROS_AUV/build/control_pkg/build/lib/control_pkg
[1.567s] copying control_pkg/joy_controller.py -> /home/uwr/microROS_AUV/build/control_pkg/build/lib/control_pkg
[1.567s] copying control_pkg/position_holder.py -> /home/uwr/microROS_AUV/build/control_pkg/build/lib/control_pkg
[1.567s] copying control_pkg/planar_stabilizer.py -> /home/uwr/microROS_AUV/build/control_pkg/build/lib/control_pkg
[1.568s] copying control_pkg/python_template.py -> /home/uwr/microROS_AUV/build/control_pkg/build/lib/control_pkg
[1.568s] copying control_pkg/heading_stabilizer.py -> /home/uwr/microROS_AUV/build/control_pkg/build/lib/control_pkg
[1.568s] copying control_pkg/depth_holder.py -> /home/uwr/microROS_AUV/build/control_pkg/build/lib/control_pkg
[1.568s] copying control_pkg/sync_io.py -> /home/uwr/microROS_AUV/build/control_pkg/build/lib/control_pkg
[1.569s] copying control_pkg/__init__.py -> /home/uwr/microROS_AUV/build/control_pkg/build/lib/control_pkg
[1.569s] copying control_pkg/main_thruster_controller.py -> /home/uwr/microROS_AUV/build/control_pkg/build/lib/control_pkg
[1.569s] copying control_pkg/old_controller.py -> /home/uwr/microROS_AUV/build/control_pkg/build/lib/control_pkg
[1.570s] running install
[1.570s] running install_lib
[1.571s] creating /home/uwr/microROS_AUV/install/control_pkg/lib/python3.10/site-packages/control_pkg
[1.572s] copying /home/uwr/microROS_AUV/build/control_pkg/build/lib/control_pkg/joy_controller.py -> /home/uwr/microROS_AUV/install/control_pkg/lib/python3.10/site-packages/control_pkg
[1.572s] copying /home/uwr/microROS_AUV/build/control_pkg/build/lib/control_pkg/position_holder.py -> /home/uwr/microROS_AUV/install/control_pkg/lib/python3.10/site-packages/control_pkg
[1.572s] copying /home/uwr/microROS_AUV/build/control_pkg/build/lib/control_pkg/planar_stabilizer.py -> /home/uwr/microROS_AUV/install/control_pkg/lib/python3.10/site-packages/control_pkg
[1.572s] copying /home/uwr/microROS_AUV/build/control_pkg/build/lib/control_pkg/python_template.py -> /home/uwr/microROS_AUV/install/control_pkg/lib/python3.10/site-packages/control_pkg
[1.573s] copying /home/uwr/microROS_AUV/build/control_pkg/build/lib/control_pkg/heading_stabilizer.py -> /home/uwr/microROS_AUV/install/control_pkg/lib/python3.10/site-packages/control_pkg
[1.573s] copying /home/uwr/microROS_AUV/build/control_pkg/build/lib/control_pkg/depth_holder.py -> /home/uwr/microROS_AUV/install/control_pkg/lib/python3.10/site-packages/control_pkg
[1.573s] copying /home/uwr/microROS_AUV/build/control_pkg/build/lib/control_pkg/sync_io.py -> /home/uwr/microROS_AUV/install/control_pkg/lib/python3.10/site-packages/control_pkg
[1.573s] copying /home/uwr/microROS_AUV/build/control_pkg/build/lib/control_pkg/__init__.py -> /home/uwr/microROS_AUV/install/control_pkg/lib/python3.10/site-packages/control_pkg
[1.574s] copying /home/uwr/microROS_AUV/build/control_pkg/build/lib/control_pkg/main_thruster_controller.py -> /home/uwr/microROS_AUV/install/control_pkg/lib/python3.10/site-packages/control_pkg
[1.574s] copying /home/uwr/microROS_AUV/build/control_pkg/build/lib/control_pkg/old_controller.py -> /home/uwr/microROS_AUV/install/control_pkg/lib/python3.10/site-packages/control_pkg
[1.574s] byte-compiling /home/uwr/microROS_AUV/install/control_pkg/lib/python3.10/site-packages/control_pkg/joy_controller.py to joy_controller.cpython-310.pyc
[1.575s] byte-compiling /home/uwr/microROS_AUV/install/control_pkg/lib/python3.10/site-packages/control_pkg/position_holder.py to position_holder.cpython-310.pyc
[1.576s] byte-compiling /home/uwr/microROS_AUV/install/control_pkg/lib/python3.10/site-packages/control_pkg/planar_stabilizer.py to planar_stabilizer.cpython-310.pyc
[1.578s] byte-compiling /home/uwr/microROS_AUV/install/control_pkg/lib/python3.10/site-packages/control_pkg/python_template.py to python_template.cpython-310.pyc
[1.578s] byte-compiling /home/uwr/microROS_AUV/install/control_pkg/lib/python3.10/site-packages/control_pkg/heading_stabilizer.py to heading_stabilizer.cpython-310.pyc
[1.579s] byte-compiling /home/uwr/microROS_AUV/install/control_pkg/lib/python3.10/site-packages/control_pkg/depth_holder.py to depth_holder.cpython-310.pyc
[1.580s] byte-compiling /home/uwr/microROS_AUV/install/control_pkg/lib/python3.10/site-packages/control_pkg/sync_io.py to sync_io.cpython-310.pyc
[1.581s] byte-compiling /home/uwr/microROS_AUV/install/control_pkg/lib/python3.10/site-packages/control_pkg/__init__.py to __init__.cpython-310.pyc
[1.582s] byte-compiling /home/uwr/microROS_AUV/install/control_pkg/lib/python3.10/site-packages/control_pkg/main_thruster_controller.py to main_thruster_controller.cpython-310.pyc
[1.584s] byte-compiling /home/uwr/microROS_AUV/install/control_pkg/lib/python3.10/site-packages/control_pkg/old_controller.py to old_controller.cpython-310.pyc
[1.584s] running install_data
[1.585s] creating /home/uwr/microROS_AUV/install/control_pkg/share/ament_index
[1.585s] creating /home/uwr/microROS_AUV/install/control_pkg/share/ament_index/resource_index
[1.585s] creating /home/uwr/microROS_AUV/install/control_pkg/share/ament_index/resource_index/packages
[1.586s] copying resource/control_pkg -> /home/uwr/microROS_AUV/install/control_pkg/share/ament_index/resource_index/packages
[1.586s] copying package.xml -> /home/uwr/microROS_AUV/install/control_pkg/share/control_pkg
[1.586s] running install_egg_info
[1.588s] Copying ../../build/control_pkg/control_pkg.egg-info to /home/uwr/microROS_AUV/install/control_pkg/lib/python3.10/site-packages/control_pkg-0.0.0-py3.10.egg-info
[1.589s] running install_scripts
[1.626s] Installing depth_holder script to /home/uwr/microROS_AUV/install/control_pkg/lib/control_pkg
[1.626s] Installing heading_stabilizer script to /home/uwr/microROS_AUV/install/control_pkg/lib/control_pkg
[1.627s] Installing joy_controller script to /home/uwr/microROS_AUV/install/control_pkg/lib/control_pkg
[1.627s] Installing main_thruster_controller script to /home/uwr/microROS_AUV/install/control_pkg/lib/control_pkg
[1.627s] Installing planar_stabilizer script to /home/uwr/microROS_AUV/install/control_pkg/lib/control_pkg
[1.627s] Installing position_holder script to /home/uwr/microROS_AUV/install/control_pkg/lib/control_pkg
[1.627s] Installing sync_io script to /home/uwr/microROS_AUV/install/control_pkg/lib/control_pkg
[1.628s] writing list of installed files to '/home/uwr/microROS_AUV/build/control_pkg/install.log'
[1.667s] Invoked command in '/home/uwr/microROS_AUV/src/control_pkg' returned '0': PYTHONPATH=/home/uwr/microROS_AUV/build/control_pkg/prefix_override:/usr/lib/python3/dist-packages/colcon_core/task/python/colcon_distutils_commands:/home/uwr/microROS_AUV/install/control_pkg/lib/python3.10/site-packages:${PYTHONPATH} /usr/bin/python3 -W ignore:setup.py install is deprecated setup.py egg_info --egg-base ../../build/control_pkg build --build-base /home/uwr/microROS_AUV/build/control_pkg/build install --record /home/uwr/microROS_AUV/build/control_pkg/install.log --single-version-externally-managed install_data
