[0.097s] Invoking command in '/home/uwr/microROS_AUV/build/custom_interfaces': CMAKE_PREFIX_PATH=${CMAKE_PREFIX_PATH}:/home/uwr/microROS_AUV/install/control_pkg:/home/uwr/Desktop/2024_UWR/install/sonar_subs:/opt/ros/humble /usr/bin/cmake --build /home/uwr/microROS_AUV/build/custom_interfaces -- -j8 -l8
[0.595s] [  2%] Built target custom_interfaces__cpp
[0.595s] [ 10%] Built target custom_interfaces__rosidl_generator_c
[0.690s] [35m[1mConsolidate compiler generated dependencies of target custom_interfaces__rosidl_typesupport_microxrcedds_cpp[0m
[0.769s] [35m[1mConsolidate compiler generated dependencies of target custom_interfaces__rosidl_typesupport_cpp[0m
[0.820s] [ 10%] Built target ament_cmake_python_copy_custom_interfaces
[0.842s] [ 18%] Built target custom_interfaces__rosidl_typesupport_microxrcedds_cpp
[0.854s] [ 26%] Built target custom_interfaces__rosidl_typesupport_introspection_cpp
[0.877s] [ 34%] Built target custom_interfaces__rosidl_typesupport_cpp
[0.887s] [ 42%] Built target custom_interfaces__rosidl_typesupport_fastrtps_cpp
[0.932s] [35m[1mConsolidate compiler generated dependencies of target custom_interfaces__rosidl_typesupport_microxrcedds_c[0m
[1.011s] [35m[1mConsolidate compiler generated dependencies of target custom_interfaces__rosidl_typesupport_c[0m
[1.017s] [ 51%] Built target custom_interfaces__rosidl_typesupport_microxrcedds_c
[1.027s] [ 59%] Built target custom_interfaces__rosidl_typesupport_fastrtps_c
[1.056s] [ 67%] Built target custom_interfaces__rosidl_typesupport_introspection_c
[1.103s] [ 75%] Built target custom_interfaces__rosidl_typesupport_c
[1.212s] [ 75%] Built target custom_interfaces
[1.381s] [ 77%] Built target custom_interfaces__py
[1.472s] [35m[1mConsolidate compiler generated dependencies of target custom_interfaces__rosidl_generator_py[0m
[1.546s] [ 83%] Built target custom_interfaces__rosidl_generator_py
[1.628s] [35m[1mConsolidate compiler generated dependencies of target custom_interfaces__rosidl_typesupport_microxrcedds_c__pyext[0m
[1.669s] [35m[1mConsolidate compiler generated dependencies of target custom_interfaces__rosidl_typesupport_c__pyext[0m
[1.698s] [35m[1mConsolidate compiler generated dependencies of target custom_interfaces__rosidl_typesupport_fastrtps_c__pyext[0m
[1.722s] [ 87%] Built target custom_interfaces__rosidl_typesupport_microxrcedds_c__pyext
[1.744s] [ 91%] Built target custom_interfaces__rosidl_typesupport_c__pyext
[1.745s] [35m[1mConsolidate compiler generated dependencies of target custom_interfaces__rosidl_typesupport_introspection_c__pyext[0m
[1.804s] [ 95%] Built target custom_interfaces__rosidl_typesupport_fastrtps_c__pyext
[1.819s] [100%] Built target custom_interfaces__rosidl_typesupport_introspection_c__pyext
[2.264s] running egg_info
[2.271s] writing custom_interfaces.egg-info/PKG-INFO
[2.271s] writing dependency_links to custom_interfaces.egg-info/dependency_links.txt
[2.273s] writing top-level names to custom_interfaces.egg-info/top_level.txt
[2.282s] reading manifest file 'custom_interfaces.egg-info/SOURCES.txt'
[2.289s] writing manifest file 'custom_interfaces.egg-info/SOURCES.txt'
[2.393s] [100%] Built target ament_cmake_python_build_custom_interfaces_egg
[2.438s] Invoked command in '/home/uwr/microROS_AUV/build/custom_interfaces' returned '0': CMAKE_PREFIX_PATH=${CMAKE_PREFIX_PATH}:/home/uwr/microROS_AUV/install/control_pkg:/home/uwr/Desktop/2024_UWR/install/sonar_subs:/opt/ros/humble /usr/bin/cmake --build /home/uwr/microROS_AUV/build/custom_interfaces -- -j8 -l8
[2.859s] Invoking command in '/home/uwr/microROS_AUV/build/custom_interfaces': CMAKE_PREFIX_PATH=${CMAKE_PREFIX_PATH}:/home/uwr/microROS_AUV/install/control_pkg:/home/uwr/Desktop/2024_UWR/install/sonar_subs:/opt/ros/humble /usr/bin/cmake --install /home/uwr/microROS_AUV/build/custom_interfaces
[2.905s] -- Install configuration: ""
[2.905s] -- Up-to-date: /home/uwr/microROS_AUV/install/custom_interfaces/share/ament_index/resource_index/rosidl_interfaces/custom_interfaces
[2.906s] -- Up-to-date: /home/uwr/microROS_AUV/install/custom_interfaces/include/custom_interfaces/custom_interfaces
[2.906s] -- Up-to-date: /home/uwr/microROS_AUV/install/custom_interfaces/include/custom_interfaces/custom_interfaces/msg
[2.906s] -- Up-to-date: /home/uwr/microROS_AUV/install/custom_interfaces/include/custom_interfaces/custom_interfaces/msg/rosidl_generator_c__visibility_control.h
[2.906s] -- Up-to-date: /home/uwr/microROS_AUV/install/custom_interfaces/include/custom_interfaces/custom_interfaces/msg/detail
[2.906s] -- Up-to-date: /home/uwr/microROS_AUV/install/custom_interfaces/include/custom_interfaces/custom_interfaces/msg/detail/thrusters_states__functions.h
[2.907s] -- Up-to-date: /home/uwr/microROS_AUV/install/custom_interfaces/include/custom_interfaces/custom_interfaces/msg/detail/thrusters_states__functions.c
[2.907s] -- Up-to-date: /home/uwr/microROS_AUV/install/custom_interfaces/include/custom_interfaces/custom_interfaces/msg/detail/thrusters_states__struct.h
[2.907s] -- Up-to-date: /home/uwr/microROS_AUV/install/custom_interfaces/include/custom_interfaces/custom_interfaces/msg/detail/thrusters_states__type_support.h
[2.907s] -- Up-to-date: /home/uwr/microROS_AUV/install/custom_interfaces/include/custom_interfaces/custom_interfaces/msg/thrusters_states.h
[2.908s] -- Up-to-date: /home/uwr/microROS_AUV/install/custom_interfaces/include/custom_interfaces/custom_interfaces/srv
[2.908s] -- Up-to-date: /home/uwr/microROS_AUV/install/custom_interfaces/include/custom_interfaces/custom_interfaces/srv/variable_activate.h
[2.908s] -- Up-to-date: /home/uwr/microROS_AUV/install/custom_interfaces/include/custom_interfaces/custom_interfaces/srv/detail
[2.908s] -- Up-to-date: /home/uwr/microROS_AUV/install/custom_interfaces/include/custom_interfaces/custom_interfaces/srv/detail/variable_activate__struct.h
[2.909s] -- Up-to-date: /home/uwr/microROS_AUV/install/custom_interfaces/include/custom_interfaces/custom_interfaces/srv/detail/variable_activate__type_support.h
[2.910s] -- Up-to-date: /home/uwr/microROS_AUV/install/custom_interfaces/include/custom_interfaces/custom_interfaces/srv/detail/variable_activate__functions.h
[2.911s] -- Up-to-date: /home/uwr/microROS_AUV/install/custom_interfaces/include/custom_interfaces/custom_interfaces/srv/detail/variable_activate__functions.c
[2.911s] -- Up-to-date: /home/uwr/microROS_AUV/install/custom_interfaces/share/custom_interfaces/environment/library_path.sh
[2.911s] -- Up-to-date: /home/uwr/microROS_AUV/install/custom_interfaces/share/custom_interfaces/environment/library_path.dsv
[2.915s] -- Up-to-date: /home/uwr/microROS_AUV/install/custom_interfaces/lib/libcustom_interfaces__rosidl_generator_c.so
[2.915s] -- Up-to-date: /home/uwr/microROS_AUV/install/custom_interfaces/include/custom_interfaces
[2.920s] -- Up-to-date: /home/uwr/microROS_AUV/install/custom_interfaces/include/custom_interfaces/msg
[2.920s] -- Up-to-date: /home/uwr/microROS_AUV/install/custom_interfaces/include/custom_interfaces/msg/rosidl_typesupport_microxrcedds_c__visibility_control.h
[2.920s] -- Up-to-date: /home/uwr/microROS_AUV/install/custom_interfaces/include/custom_interfaces/msg/detail
[2.920s] -- Up-to-date: /home/uwr/microROS_AUV/install/custom_interfaces/include/custom_interfaces/msg/detail/thrusters_states__rosidl_typesupport_microxrcedds_c.h
[2.921s] -- Up-to-date: /home/uwr/microROS_AUV/install/custom_interfaces/include/custom_interfaces/msg/detail/microxrcedds
[2.921s] -- Up-to-date: /home/uwr/microROS_AUV/install/custom_interfaces/include/custom_interfaces/srv
[2.921s] -- Up-to-date: /home/uwr/microROS_AUV/install/custom_interfaces/include/custom_interfaces/srv/detail
[2.921s] -- Up-to-date: /home/uwr/microROS_AUV/install/custom_interfaces/include/custom_interfaces/srv/detail/variable_activate__rosidl_typesupport_microxrcedds_c.h
[2.921s] -- Up-to-date: /home/uwr/microROS_AUV/install/custom_interfaces/include/custom_interfaces/srv/detail/microxrcedds
[2.921s] -- Up-to-date: /home/uwr/microROS_AUV/install/custom_interfaces/lib/libcustom_interfaces__rosidl_typesupport_microxrcedds_c.so
[2.922s] -- Up-to-date: /home/uwr/microROS_AUV/install/custom_interfaces/include/custom_interfaces/custom_interfaces
[2.922s] -- Up-to-date: /home/uwr/microROS_AUV/install/custom_interfaces/include/custom_interfaces/custom_interfaces/msg
[2.935s] -- Up-to-date: /home/uwr/microROS_AUV/install/custom_interfaces/include/custom_interfaces/custom_interfaces/msg/detail
[2.935s] -- Up-to-date: /home/uwr/microROS_AUV/install/custom_interfaces/include/custom_interfaces/custom_interfaces/msg/detail/thrusters_states__rosidl_typesupport_fastrtps_c.h
[2.935s] -- Up-to-date: /home/uwr/microROS_AUV/install/custom_interfaces/include/custom_interfaces/custom_interfaces/msg/rosidl_typesupport_fastrtps_c__visibility_control.h
[2.936s] -- Up-to-date: /home/uwr/microROS_AUV/install/custom_interfaces/include/custom_interfaces/custom_interfaces/srv
[2.936s] -- Up-to-date: /home/uwr/microROS_AUV/install/custom_interfaces/include/custom_interfaces/custom_interfaces/srv/detail
[2.936s] -- Up-to-date: /home/uwr/microROS_AUV/install/custom_interfaces/include/custom_interfaces/custom_interfaces/srv/detail/variable_activate__rosidl_typesupport_fastrtps_c.h
[2.937s] -- Up-to-date: /home/uwr/microROS_AUV/install/custom_interfaces/lib/libcustom_interfaces__rosidl_typesupport_fastrtps_c.so
[2.937s] -- Up-to-date: /home/uwr/microROS_AUV/install/custom_interfaces/include/custom_interfaces/custom_interfaces
[2.937s] -- Up-to-date: /home/uwr/microROS_AUV/install/custom_interfaces/include/custom_interfaces/custom_interfaces/msg
[2.938s] -- Up-to-date: /home/uwr/microROS_AUV/install/custom_interfaces/include/custom_interfaces/custom_interfaces/msg/rosidl_typesupport_introspection_c__visibility_control.h
[2.938s] -- Up-to-date: /home/uwr/microROS_AUV/install/custom_interfaces/include/custom_interfaces/custom_interfaces/msg/detail
[2.939s] -- Up-to-date: /home/uwr/microROS_AUV/install/custom_interfaces/include/custom_interfaces/custom_interfaces/msg/detail/thrusters_states__type_support.c
[2.940s] -- Up-to-date: /home/uwr/microROS_AUV/install/custom_interfaces/include/custom_interfaces/custom_interfaces/msg/detail/thrusters_states__rosidl_typesupport_introspection_c.h
[2.940s] -- Up-to-date: /home/uwr/microROS_AUV/install/custom_interfaces/include/custom_interfaces/custom_interfaces/srv
[2.940s] -- Up-to-date: /home/uwr/microROS_AUV/install/custom_interfaces/include/custom_interfaces/custom_interfaces/srv/detail
[2.941s] -- Up-to-date: /home/uwr/microROS_AUV/install/custom_interfaces/include/custom_interfaces/custom_interfaces/srv/detail/variable_activate__type_support.c
[2.941s] -- Up-to-date: /home/uwr/microROS_AUV/install/custom_interfaces/include/custom_interfaces/custom_interfaces/srv/detail/variable_activate__rosidl_typesupport_introspection_c.h
[2.941s] -- Up-to-date: /home/uwr/microROS_AUV/install/custom_interfaces/lib/libcustom_interfaces__rosidl_typesupport_introspection_c.so
[2.941s] -- Up-to-date: /home/uwr/microROS_AUV/install/custom_interfaces/lib/libcustom_interfaces__rosidl_typesupport_c.so
[2.941s] -- Up-to-date: /home/uwr/microROS_AUV/install/custom_interfaces/include/custom_interfaces/custom_interfaces
[2.942s] -- Up-to-date: /home/uwr/microROS_AUV/install/custom_interfaces/include/custom_interfaces/custom_interfaces/msg
[2.942s] -- Up-to-date: /home/uwr/microROS_AUV/install/custom_interfaces/include/custom_interfaces/custom_interfaces/msg/detail
[2.942s] -- Up-to-date: /home/uwr/microROS_AUV/install/custom_interfaces/include/custom_interfaces/custom_interfaces/msg/detail/thrusters_states__builder.hpp
[2.942s] -- Up-to-date: /home/uwr/microROS_AUV/install/custom_interfaces/include/custom_interfaces/custom_interfaces/msg/detail/thrusters_states__traits.hpp
[2.942s] -- Up-to-date: /home/uwr/microROS_AUV/install/custom_interfaces/include/custom_interfaces/custom_interfaces/msg/detail/thrusters_states__struct.hpp
[2.943s] -- Up-to-date: /home/uwr/microROS_AUV/install/custom_interfaces/include/custom_interfaces/custom_interfaces/msg/thrusters_states.hpp
[2.943s] -- Up-to-date: /home/uwr/microROS_AUV/install/custom_interfaces/include/custom_interfaces/custom_interfaces/srv
[2.943s] -- Up-to-date: /home/uwr/microROS_AUV/install/custom_interfaces/include/custom_interfaces/custom_interfaces/srv/detail
[2.943s] -- Up-to-date: /home/uwr/microROS_AUV/install/custom_interfaces/include/custom_interfaces/custom_interfaces/srv/detail/variable_activate__builder.hpp
[2.943s] -- Up-to-date: /home/uwr/microROS_AUV/install/custom_interfaces/include/custom_interfaces/custom_interfaces/srv/detail/variable_activate__struct.hpp
[2.943s] -- Up-to-date: /home/uwr/microROS_AUV/install/custom_interfaces/include/custom_interfaces/custom_interfaces/srv/detail/variable_activate__traits.hpp
[2.944s] -- Up-to-date: /home/uwr/microROS_AUV/install/custom_interfaces/include/custom_interfaces/custom_interfaces/srv/variable_activate.hpp
[2.944s] -- Up-to-date: /home/uwr/microROS_AUV/install/custom_interfaces/include/custom_interfaces
[2.944s] -- Up-to-date: /home/uwr/microROS_AUV/install/custom_interfaces/include/custom_interfaces/msg
[2.944s] -- Up-to-date: /home/uwr/microROS_AUV/install/custom_interfaces/include/custom_interfaces/msg/rosidl_typesupport_microxrcedds_cpp__visibility_control.h
[2.944s] -- Up-to-date: /home/uwr/microROS_AUV/install/custom_interfaces/include/custom_interfaces/msg/detail
[2.945s] -- Up-to-date: /home/uwr/microROS_AUV/install/custom_interfaces/include/custom_interfaces/msg/detail/thrusters_states__rosidl_typesupport_microxrcedds_cpp.hpp
[2.945s] -- Up-to-date: /home/uwr/microROS_AUV/install/custom_interfaces/include/custom_interfaces/msg/detail/microxrcedds
[2.945s] -- Up-to-date: /home/uwr/microROS_AUV/install/custom_interfaces/include/custom_interfaces/msg/detail/microxrcedds/thrusters_states__type_support_cpp.cpp
[2.945s] -- Up-to-date: /home/uwr/microROS_AUV/install/custom_interfaces/include/custom_interfaces/srv
[2.945s] -- Up-to-date: /home/uwr/microROS_AUV/install/custom_interfaces/include/custom_interfaces/srv/detail
[2.946s] -- Up-to-date: /home/uwr/microROS_AUV/install/custom_interfaces/include/custom_interfaces/srv/detail/variable_activate__rosidl_typesupport_microxrcedds_cpp.hpp
[2.946s] -- Up-to-date: /home/uwr/microROS_AUV/install/custom_interfaces/include/custom_interfaces/srv/detail/microxrcedds
[2.946s] -- Up-to-date: /home/uwr/microROS_AUV/install/custom_interfaces/include/custom_interfaces/srv/detail/microxrcedds/variable_activate__type_support_cpp.cpp
[2.946s] -- Up-to-date: /home/uwr/microROS_AUV/install/custom_interfaces/lib/libcustom_interfaces__rosidl_typesupport_microxrcedds_cpp.so
[2.946s] -- Up-to-date: /home/uwr/microROS_AUV/install/custom_interfaces/include/custom_interfaces/custom_interfaces
[2.947s] -- Up-to-date: /home/uwr/microROS_AUV/install/custom_interfaces/include/custom_interfaces/custom_interfaces/msg
[2.947s] -- Up-to-date: /home/uwr/microROS_AUV/install/custom_interfaces/include/custom_interfaces/custom_interfaces/msg/detail
[2.947s] -- Up-to-date: /home/uwr/microROS_AUV/install/custom_interfaces/include/custom_interfaces/custom_interfaces/msg/detail/thrusters_states__rosidl_typesupport_fastrtps_cpp.hpp
[2.948s] -- Up-to-date: /home/uwr/microROS_AUV/install/custom_interfaces/include/custom_interfaces/custom_interfaces/msg/detail/dds_fastrtps
[2.948s] -- Up-to-date: /home/uwr/microROS_AUV/install/custom_interfaces/include/custom_interfaces/custom_interfaces/msg/rosidl_typesupport_fastrtps_cpp__visibility_control.h
[2.948s] -- Up-to-date: /home/uwr/microROS_AUV/install/custom_interfaces/include/custom_interfaces/custom_interfaces/srv
[2.948s] -- Up-to-date: /home/uwr/microROS_AUV/install/custom_interfaces/include/custom_interfaces/custom_interfaces/srv/detail
[2.949s] -- Up-to-date: /home/uwr/microROS_AUV/install/custom_interfaces/include/custom_interfaces/custom_interfaces/srv/detail/variable_activate__rosidl_typesupport_fastrtps_cpp.hpp
[2.949s] -- Up-to-date: /home/uwr/microROS_AUV/install/custom_interfaces/include/custom_interfaces/custom_interfaces/srv/detail/dds_fastrtps
[2.949s] -- Up-to-date: /home/uwr/microROS_AUV/install/custom_interfaces/lib/libcustom_interfaces__rosidl_typesupport_fastrtps_cpp.so
[2.949s] -- Up-to-date: /home/uwr/microROS_AUV/install/custom_interfaces/include/custom_interfaces/custom_interfaces
[2.949s] -- Up-to-date: /home/uwr/microROS_AUV/install/custom_interfaces/include/custom_interfaces/custom_interfaces/msg
[2.950s] -- Up-to-date: /home/uwr/microROS_AUV/install/custom_interfaces/include/custom_interfaces/custom_interfaces/msg/detail
[2.950s] -- Up-to-date: /home/uwr/microROS_AUV/install/custom_interfaces/include/custom_interfaces/custom_interfaces/msg/detail/thrusters_states__type_support.cpp
[2.950s] -- Up-to-date: /home/uwr/microROS_AUV/install/custom_interfaces/include/custom_interfaces/custom_interfaces/msg/detail/thrusters_states__rosidl_typesupport_introspection_cpp.hpp
[2.950s] -- Up-to-date: /home/uwr/microROS_AUV/install/custom_interfaces/include/custom_interfaces/custom_interfaces/srv
[2.951s] -- Up-to-date: /home/uwr/microROS_AUV/install/custom_interfaces/include/custom_interfaces/custom_interfaces/srv/detail
[2.952s] -- Up-to-date: /home/uwr/microROS_AUV/install/custom_interfaces/include/custom_interfaces/custom_interfaces/srv/detail/variable_activate__rosidl_typesupport_introspection_cpp.hpp
[2.952s] -- Up-to-date: /home/uwr/microROS_AUV/install/custom_interfaces/include/custom_interfaces/custom_interfaces/srv/detail/variable_activate__type_support.cpp
[2.953s] -- Up-to-date: /home/uwr/microROS_AUV/install/custom_interfaces/lib/libcustom_interfaces__rosidl_typesupport_introspection_cpp.so
[2.953s] -- Up-to-date: /home/uwr/microROS_AUV/install/custom_interfaces/lib/libcustom_interfaces__rosidl_typesupport_cpp.so
[2.953s] -- Up-to-date: /home/uwr/microROS_AUV/install/custom_interfaces/share/custom_interfaces/environment/pythonpath.sh
[2.953s] -- Up-to-date: /home/uwr/microROS_AUV/install/custom_interfaces/share/custom_interfaces/environment/pythonpath.dsv
[2.953s] -- Up-to-date: /home/uwr/microROS_AUV/install/custom_interfaces/local/lib/python3.10/dist-packages/custom_interfaces-0.0.0-py3.10.egg-info
[2.954s] -- Installing: /home/uwr/microROS_AUV/install/custom_interfaces/local/lib/python3.10/dist-packages/custom_interfaces-0.0.0-py3.10.egg-info/top_level.txt
[2.954s] -- Installing: /home/uwr/microROS_AUV/install/custom_interfaces/local/lib/python3.10/dist-packages/custom_interfaces-0.0.0-py3.10.egg-info/dependency_links.txt
[2.955s] -- Installing: /home/uwr/microROS_AUV/install/custom_interfaces/local/lib/python3.10/dist-packages/custom_interfaces-0.0.0-py3.10.egg-info/PKG-INFO
[2.955s] -- Installing: /home/uwr/microROS_AUV/install/custom_interfaces/local/lib/python3.10/dist-packages/custom_interfaces-0.0.0-py3.10.egg-info/SOURCES.txt
[2.956s] -- Up-to-date: /home/uwr/microROS_AUV/install/custom_interfaces/local/lib/python3.10/dist-packages/custom_interfaces
[2.956s] -- Up-to-date: /home/uwr/microROS_AUV/install/custom_interfaces/local/lib/python3.10/dist-packages/custom_interfaces/custom_interfaces_s__rosidl_typesupport_microxrcedds_c.cpython-310-x86_64-linux-gnu.so
[2.956s] -- Up-to-date: /home/uwr/microROS_AUV/install/custom_interfaces/local/lib/python3.10/dist-packages/custom_interfaces/libcustom_interfaces__rosidl_generator_py.so
[2.956s] -- Up-to-date: /home/uwr/microROS_AUV/install/custom_interfaces/local/lib/python3.10/dist-packages/custom_interfaces/_custom_interfaces_s.ep.rosidl_typesupport_fastrtps_c.c
[2.956s] -- Up-to-date: /home/uwr/microROS_AUV/install/custom_interfaces/local/lib/python3.10/dist-packages/custom_interfaces/custom_interfaces_s__rosidl_typesupport_introspection_c.cpython-310-x86_64-linux-gnu.so
[2.957s] -- Up-to-date: /home/uwr/microROS_AUV/install/custom_interfaces/local/lib/python3.10/dist-packages/custom_interfaces/_custom_interfaces_s.ep.rosidl_typesupport_c.c
[2.957s] -- Up-to-date: /home/uwr/microROS_AUV/install/custom_interfaces/local/lib/python3.10/dist-packages/custom_interfaces/msg
[2.957s] -- Up-to-date: /home/uwr/microROS_AUV/install/custom_interfaces/local/lib/python3.10/dist-packages/custom_interfaces/msg/_thrusters_states.py
[2.958s] -- Up-to-date: /home/uwr/microROS_AUV/install/custom_interfaces/local/lib/python3.10/dist-packages/custom_interfaces/msg/_thrusters_states_s.c
[2.958s] -- Up-to-date: /home/uwr/microROS_AUV/install/custom_interfaces/local/lib/python3.10/dist-packages/custom_interfaces/msg/__init__.py
[2.958s] -- Up-to-date: /home/uwr/microROS_AUV/install/custom_interfaces/local/lib/python3.10/dist-packages/custom_interfaces/__init__.py
[2.958s] -- Up-to-date: /home/uwr/microROS_AUV/install/custom_interfaces/local/lib/python3.10/dist-packages/custom_interfaces/custom_interfaces_s__rosidl_typesupport_c.cpython-310-x86_64-linux-gnu.so
[2.959s] -- Up-to-date: /home/uwr/microROS_AUV/install/custom_interfaces/local/lib/python3.10/dist-packages/custom_interfaces/custom_interfaces_s__rosidl_typesupport_fastrtps_c.cpython-310-x86_64-linux-gnu.so
[2.959s] -- Up-to-date: /home/uwr/microROS_AUV/install/custom_interfaces/local/lib/python3.10/dist-packages/custom_interfaces/_custom_interfaces_s.ep.rosidl_typesupport_introspection_c.c
[2.959s] -- Up-to-date: /home/uwr/microROS_AUV/install/custom_interfaces/local/lib/python3.10/dist-packages/custom_interfaces/_custom_interfaces_s.ep.rosidl_typesupport_microxrcedds_c.c
[2.959s] -- Up-to-date: /home/uwr/microROS_AUV/install/custom_interfaces/local/lib/python3.10/dist-packages/custom_interfaces/srv
[2.959s] -- Up-to-date: /home/uwr/microROS_AUV/install/custom_interfaces/local/lib/python3.10/dist-packages/custom_interfaces/srv/_variable_activate_s.c
[2.960s] -- Up-to-date: /home/uwr/microROS_AUV/install/custom_interfaces/local/lib/python3.10/dist-packages/custom_interfaces/srv/__init__.py
[2.960s] -- Up-to-date: /home/uwr/microROS_AUV/install/custom_interfaces/local/lib/python3.10/dist-packages/custom_interfaces/srv/_variable_activate.py
[3.099s] Listing '/home/uwr/microROS_AUV/install/custom_interfaces/local/lib/python3.10/dist-packages/custom_interfaces'...
[3.099s] Listing '/home/uwr/microROS_AUV/install/custom_interfaces/local/lib/python3.10/dist-packages/custom_interfaces/msg'...
[3.099s] Listing '/home/uwr/microROS_AUV/install/custom_interfaces/local/lib/python3.10/dist-packages/custom_interfaces/srv'...
[3.111s] -- Up-to-date: /home/uwr/microROS_AUV/install/custom_interfaces/local/lib/python3.10/dist-packages/custom_interfaces/custom_interfaces_s__rosidl_typesupport_microxrcedds_c.cpython-310-x86_64-linux-gnu.so
[3.128s] -- Up-to-date: /home/uwr/microROS_AUV/install/custom_interfaces/local/lib/python3.10/dist-packages/custom_interfaces/custom_interfaces_s__rosidl_typesupport_fastrtps_c.cpython-310-x86_64-linux-gnu.so
[3.129s] -- Up-to-date: /home/uwr/microROS_AUV/install/custom_interfaces/local/lib/python3.10/dist-packages/custom_interfaces/custom_interfaces_s__rosidl_typesupport_introspection_c.cpython-310-x86_64-linux-gnu.so
[3.129s] -- Up-to-date: /home/uwr/microROS_AUV/install/custom_interfaces/local/lib/python3.10/dist-packages/custom_interfaces/custom_interfaces_s__rosidl_typesupport_c.cpython-310-x86_64-linux-gnu.so
[3.129s] -- Up-to-date: /home/uwr/microROS_AUV/install/custom_interfaces/lib/libcustom_interfaces__rosidl_generator_py.so
[3.129s] -- Up-to-date: /home/uwr/microROS_AUV/install/custom_interfaces/share/custom_interfaces/msg/ThrustersStates.idl
[3.130s] -- Up-to-date: /home/uwr/microROS_AUV/install/custom_interfaces/share/custom_interfaces/srv/VariableActivate.idl
[3.130s] -- Up-to-date: /home/uwr/microROS_AUV/install/custom_interfaces/share/custom_interfaces/msg/ThrustersStates.msg
[3.130s] -- Up-to-date: /home/uwr/microROS_AUV/install/custom_interfaces/share/custom_interfaces/srv/VariableActivate.srv
[3.130s] -- Up-to-date: /home/uwr/microROS_AUV/install/custom_interfaces/share/custom_interfaces/srv/VariableActivate_Request.msg
[3.130s] -- Up-to-date: /home/uwr/microROS_AUV/install/custom_interfaces/share/custom_interfaces/srv/VariableActivate_Response.msg
[3.130s] -- Up-to-date: /home/uwr/microROS_AUV/install/custom_interfaces/share/ament_index/resource_index/package_run_dependencies/custom_interfaces
[3.130s] -- Up-to-date: /home/uwr/microROS_AUV/install/custom_interfaces/share/ament_index/resource_index/parent_prefix_path/custom_interfaces
[3.131s] -- Up-to-date: /home/uwr/microROS_AUV/install/custom_interfaces/share/custom_interfaces/environment/ament_prefix_path.sh
[3.131s] -- Up-to-date: /home/uwr/microROS_AUV/install/custom_interfaces/share/custom_interfaces/environment/ament_prefix_path.dsv
[3.131s] -- Up-to-date: /home/uwr/microROS_AUV/install/custom_interfaces/share/custom_interfaces/environment/path.sh
[3.131s] -- Up-to-date: /home/uwr/microROS_AUV/install/custom_interfaces/share/custom_interfaces/environment/path.dsv
[3.132s] -- Up-to-date: /home/uwr/microROS_AUV/install/custom_interfaces/share/custom_interfaces/local_setup.bash
[3.132s] -- Up-to-date: /home/uwr/microROS_AUV/install/custom_interfaces/share/custom_interfaces/local_setup.sh
[3.132s] -- Up-to-date: /home/uwr/microROS_AUV/install/custom_interfaces/share/custom_interfaces/local_setup.zsh
[3.133s] -- Up-to-date: /home/uwr/microROS_AUV/install/custom_interfaces/share/custom_interfaces/local_setup.dsv
[3.133s] -- Installing: /home/uwr/microROS_AUV/install/custom_interfaces/share/custom_interfaces/package.dsv
[3.133s] -- Up-to-date: /home/uwr/microROS_AUV/install/custom_interfaces/share/ament_index/resource_index/packages/custom_interfaces
[3.135s] -- Up-to-date: /home/uwr/microROS_AUV/install/custom_interfaces/share/custom_interfaces/cmake/export_custom_interfaces__rosidl_generator_cExport.cmake
[3.135s] -- Up-to-date: /home/uwr/microROS_AUV/install/custom_interfaces/share/custom_interfaces/cmake/export_custom_interfaces__rosidl_generator_cExport-noconfig.cmake
[3.143s] -- Up-to-date: /home/uwr/microROS_AUV/install/custom_interfaces/share/custom_interfaces/cmake/export_custom_interfaces__rosidl_typesupport_fastrtps_cExport.cmake
[3.144s] -- Up-to-date: /home/uwr/microROS_AUV/install/custom_interfaces/share/custom_interfaces/cmake/export_custom_interfaces__rosidl_typesupport_fastrtps_cExport-noconfig.cmake
[3.144s] -- Up-to-date: /home/uwr/microROS_AUV/install/custom_interfaces/share/custom_interfaces/cmake/custom_interfaces__rosidl_typesupport_introspection_cExport.cmake
[3.144s] -- Up-to-date: /home/uwr/microROS_AUV/install/custom_interfaces/share/custom_interfaces/cmake/custom_interfaces__rosidl_typesupport_introspection_cExport-noconfig.cmake
[3.144s] -- Up-to-date: /home/uwr/microROS_AUV/install/custom_interfaces/share/custom_interfaces/cmake/custom_interfaces__rosidl_typesupport_cExport.cmake
[3.144s] -- Up-to-date: /home/uwr/microROS_AUV/install/custom_interfaces/share/custom_interfaces/cmake/custom_interfaces__rosidl_typesupport_cExport-noconfig.cmake
[3.145s] -- Up-to-date: /home/uwr/microROS_AUV/install/custom_interfaces/share/custom_interfaces/cmake/export_custom_interfaces__rosidl_generator_cppExport.cmake
[3.145s] -- Up-to-date: /home/uwr/microROS_AUV/install/custom_interfaces/share/custom_interfaces/cmake/export_custom_interfaces__rosidl_typesupport_fastrtps_cppExport.cmake
[3.145s] -- Up-to-date: /home/uwr/microROS_AUV/install/custom_interfaces/share/custom_interfaces/cmake/export_custom_interfaces__rosidl_typesupport_fastrtps_cppExport-noconfig.cmake
[3.145s] -- Up-to-date: /home/uwr/microROS_AUV/install/custom_interfaces/share/custom_interfaces/cmake/custom_interfaces__rosidl_typesupport_introspection_cppExport.cmake
[3.145s] -- Up-to-date: /home/uwr/microROS_AUV/install/custom_interfaces/share/custom_interfaces/cmake/custom_interfaces__rosidl_typesupport_introspection_cppExport-noconfig.cmake
[3.146s] -- Up-to-date: /home/uwr/microROS_AUV/install/custom_interfaces/share/custom_interfaces/cmake/custom_interfaces__rosidl_typesupport_cppExport.cmake
[3.146s] -- Up-to-date: /home/uwr/microROS_AUV/install/custom_interfaces/share/custom_interfaces/cmake/custom_interfaces__rosidl_typesupport_cppExport-noconfig.cmake
[3.146s] -- Up-to-date: /home/uwr/microROS_AUV/install/custom_interfaces/share/custom_interfaces/cmake/export_custom_interfaces__rosidl_generator_pyExport.cmake
[3.146s] -- Up-to-date: /home/uwr/microROS_AUV/install/custom_interfaces/share/custom_interfaces/cmake/export_custom_interfaces__rosidl_generator_pyExport-noconfig.cmake
[3.146s] -- Up-to-date: /home/uwr/microROS_AUV/install/custom_interfaces/share/custom_interfaces/cmake/rosidl_cmake-extras.cmake
[3.146s] -- Up-to-date: /home/uwr/microROS_AUV/install/custom_interfaces/share/custom_interfaces/cmake/ament_cmake_export_include_directories-extras.cmake
[3.147s] -- Up-to-date: /home/uwr/microROS_AUV/install/custom_interfaces/share/custom_interfaces/cmake/ament_cmake_export_libraries-extras.cmake
[3.147s] -- Up-to-date: /home/uwr/microROS_AUV/install/custom_interfaces/share/custom_interfaces/cmake/ament_cmake_export_targets-extras.cmake
[3.147s] -- Up-to-date: /home/uwr/microROS_AUV/install/custom_interfaces/share/custom_interfaces/cmake/rosidl_cmake_export_typesupport_targets-extras.cmake
[3.147s] -- Up-to-date: /home/uwr/microROS_AUV/install/custom_interfaces/share/custom_interfaces/cmake/ament_cmake_export_dependencies-extras.cmake
[3.147s] -- Up-to-date: /home/uwr/microROS_AUV/install/custom_interfaces/share/custom_interfaces/cmake/rosidl_cmake_export_typesupport_libraries-extras.cmake
[3.148s] -- Up-to-date: /home/uwr/microROS_AUV/install/custom_interfaces/share/custom_interfaces/cmake/custom_interfacesConfig.cmake
[3.148s] -- Up-to-date: /home/uwr/microROS_AUV/install/custom_interfaces/share/custom_interfaces/cmake/custom_interfacesConfig-version.cmake
[3.148s] -- Up-to-date: /home/uwr/microROS_AUV/install/custom_interfaces/share/custom_interfaces/package.xml
[3.266s] Invoked command in '/home/uwr/microROS_AUV/build/custom_interfaces' returned '0': CMAKE_PREFIX_PATH=${CMAKE_PREFIX_PATH}:/home/uwr/microROS_AUV/install/control_pkg:/home/uwr/Desktop/2024_UWR/install/sonar_subs:/opt/ros/humble /usr/bin/cmake --install /home/uwr/microROS_AUV/build/custom_interfaces
