[0.063s] Invoking command in '/home/uwr/microROS_AUV/build/example_interfaces': CMAKE_PREFIX_PATH=/home/uwr/microROS_AUV/install/action_msgs:/home/uwr/microROS_AUV/install/unique_identifier_msgs:/home/uwr/microROS_AUV/install/builtin_interfaces:/home/uwr/microROS_AUV/install/std_srvs:/home/uwr/microROS_AUV/install/statistics_msgs:/home/uwr/microROS_AUV/install/rosidl_typesupport_microxrcedds_test_msg:/home/uwr/microROS_AUV/install/rosidl_typesupport_microxrcedds_cpp_tests:/home/uwr/microROS_AUV/install/rmw_microxrcedds:/home/uwr/microROS_AUV/install/rosidl_typesupport_microxrcedds_cpp:/home/uwr/microROS_AUV/install/rosidl_typesupport_microxrcedds_c_tests:/home/uwr/microROS_AUV/install/rosidl_typesupport_microxrcedds_c:/home/uwr/microROS_AUV/install/rosgraph_msgs:/home/uwr/microROS_AUV/install/microxrcedds_client:/home/uwr/microROS_AUV/install/microcdr:/home/uwr/microROS_AUV/install/micro_ros_utilities:/home/uwr/microROS_AUV/install/micro_ros_msgs:/home/uwr/microROS_AUV/install/complex_msgs:/home/uwr/microROS_AUV/install/micro_ros_setup:/home/uwr/microROS_AUV/install/custom_interfaces:/home/uwr/Desktop/2024_UWR/install/kalman_filter:/home/uwr/Desktop/2024_UWR/install/sonar_msgs:/home/uwr/Desktop/2024_UWR/install/ros2-driver:/home/uwr/Desktop/2024_UWR/install/oculus_interfaces:/home/uwr/Desktop/2024_UWR/install/ntrip:/home/uwr/Desktop/2024_UWR/install/adnav-driver:/home/uwr/fls_ws/install/oculus_interfaces:/home/uwr/microROS_AUV/install/control_pkg:/home/uwr/Desktop/2024_UWR/install/sonar_subs:/opt/ros/humble LD_LIBRARY_PATH=/home/uwr/microROS_AUV/install/action_msgs/lib:/home/uwr/microROS_AUV/install/unique_identifier_msgs/lib:/home/uwr/microROS_AUV/install/builtin_interfaces/lib:/home/uwr/microROS_AUV/install/std_srvs/lib:/home/uwr/microROS_AUV/install/statistics_msgs/lib:/home/uwr/microROS_AUV/install/rmw_microxrcedds/lib:/home/uwr/microROS_AUV/install/rosidl_typesupport_microxrcedds_cpp/lib:/home/uwr/microROS_AUV/install/rosidl_typesupport_microxrcedds_c/lib:/home/uwr/microROS_AUV/install/rosgraph_msgs/lib:/home/uwr/microROS_AUV/install/microxrcedds_client/lib:/home/uwr/microROS_AUV/install/microcdr/lib:/home/uwr/microROS_AUV/install/micro_ros_utilities/lib:/home/uwr/microROS_AUV/install/micro_ros_msgs/lib:/home/uwr/microROS_AUV/install/complex_msgs/lib:/home/uwr/microROS_AUV/install/custom_interfaces/lib:/home/uwr/oculus_driver/install/lib:/home/uwr/Desktop/2024_UWR/install/sonar_msgs/lib:/home/uwr/Desktop/2024_UWR/install/oculus_interfaces/lib:/home/uwr/fls_ws/install/oculus_interfaces/lib:/opt/ros/humble/opt/rviz_ogre_vendor/lib:/opt/ros/humble/lib/x86_64-linux-gnu:/opt/ros/humble/lib /usr/bin/cmake --build /home/uwr/microROS_AUV/build/example_interfaces -- -j8 -l8
[0.272s] [  0%] [34m[1mGenerating C code for ROS interfaces[0m
[0.326s] [  0%] Built target ament_cmake_python_copy_example_interfaces
[0.332s] [  0%] [34m[1mGenerating C++ code for ROS interfaces[0m
[1.271s] running egg_info
[1.271s] creating example_interfaces.egg-info
[1.272s] writing example_interfaces.egg-info/PKG-INFO
[1.272s] writing dependency_links to example_interfaces.egg-info/dependency_links.txt
[1.273s] writing top-level names to example_interfaces.egg-info/top_level.txt
[1.274s] writing manifest file 'example_interfaces.egg-info/SOURCES.txt'
[1.278s] reading manifest file 'example_interfaces.egg-info/SOURCES.txt'
[1.279s] writing manifest file 'example_interfaces.egg-info/SOURCES.txt'
[1.353s] [  0%] Built target ament_cmake_python_build_example_interfaces_egg
[13.447s] [  0%] Built target example_interfaces__cpp
[13.539s] [  0%] [34m[1mGenerating C++ type support for eProsima Micro XRCE-DDS[0m
[13.546s] [  0%] [34m[1mGenerating C++ introspection for ROS interfaces[0m
[13.549s] [  0%] [34m[1mGenerating C++ type support dispatch for ROS interfaces[0m
[13.552s] [  0%] [34m[1mGenerating C++ type support for eProsima Fast-RTPS[0m
[13.655s] [  1%] [32mBuilding C object CMakeFiles/example_interfaces__rosidl_generator_c.dir/rosidl_generator_c/example_interfaces/action/detail/fibonacci__functions.c.o[0m
[13.659s] [  1%] [32mBuilding C object CMakeFiles/example_interfaces__rosidl_generator_c.dir/rosidl_generator_c/example_interfaces/msg/detail/bool__functions.c.o[0m
[13.691s] [  1%] [32mBuilding C object CMakeFiles/example_interfaces__rosidl_generator_c.dir/rosidl_generator_c/example_interfaces/msg/detail/byte__functions.c.o[0m
[13.712s] [  1%] [32mBuilding C object CMakeFiles/example_interfaces__rosidl_generator_c.dir/rosidl_generator_c/example_interfaces/msg/detail/byte_multi_array__functions.c.o[0m
[14.187s] [  2%] [32mBuilding C object CMakeFiles/example_interfaces__rosidl_generator_c.dir/rosidl_generator_c/example_interfaces/msg/detail/char__functions.c.o[0m
[14.226s] [  2%] [32mBuilding C object CMakeFiles/example_interfaces__rosidl_generator_c.dir/rosidl_generator_c/example_interfaces/msg/detail/float32__functions.c.o[0m
[14.261s] [  2%] [32mBuilding C object CMakeFiles/example_interfaces__rosidl_generator_c.dir/rosidl_generator_c/example_interfaces/msg/detail/empty__functions.c.o[0m
[14.545s] [  3%] [32mBuilding C object CMakeFiles/example_interfaces__rosidl_generator_c.dir/rosidl_generator_c/example_interfaces/msg/detail/float32_multi_array__functions.c.o[0m
[14.590s] [  3%] [32mBuilding C object CMakeFiles/example_interfaces__rosidl_generator_c.dir/rosidl_generator_c/example_interfaces/msg/detail/float64_multi_array__functions.c.o[0m
[14.605s] [  3%] [32mBuilding C object CMakeFiles/example_interfaces__rosidl_generator_c.dir/rosidl_generator_c/example_interfaces/msg/detail/float64__functions.c.o[0m
[14.686s] [  3%] [32mBuilding C object CMakeFiles/example_interfaces__rosidl_generator_c.dir/rosidl_generator_c/example_interfaces/msg/detail/int16__functions.c.o[0m
[14.806s] [  4%] [32mBuilding C object CMakeFiles/example_interfaces__rosidl_generator_c.dir/rosidl_generator_c/example_interfaces/msg/detail/int16_multi_array__functions.c.o[0m
[14.913s] [  4%] [32mBuilding C object CMakeFiles/example_interfaces__rosidl_generator_c.dir/rosidl_generator_c/example_interfaces/msg/detail/int32__functions.c.o[0m
[15.049s] [  4%] [32mBuilding C object CMakeFiles/example_interfaces__rosidl_generator_c.dir/rosidl_generator_c/example_interfaces/msg/detail/int32_multi_array__functions.c.o[0m
[15.300s] [  5%] [32mBuilding C object CMakeFiles/example_interfaces__rosidl_generator_c.dir/rosidl_generator_c/example_interfaces/msg/detail/int64__functions.c.o[0m
[15.314s] [  5%] [32mBuilding C object CMakeFiles/example_interfaces__rosidl_generator_c.dir/rosidl_generator_c/example_interfaces/msg/detail/int8__functions.c.o[0m
[15.386s] [  5%] [32mBuilding C object CMakeFiles/example_interfaces__rosidl_generator_c.dir/rosidl_generator_c/example_interfaces/msg/detail/int64_multi_array__functions.c.o[0m
[15.534s] [  5%] [32mBuilding C object CMakeFiles/example_interfaces__rosidl_generator_c.dir/rosidl_generator_c/example_interfaces/msg/detail/int8_multi_array__functions.c.o[0m
[15.643s] [  6%] [32mBuilding C object CMakeFiles/example_interfaces__rosidl_generator_c.dir/rosidl_generator_c/example_interfaces/msg/detail/multi_array_dimension__functions.c.o[0m
[15.755s] [  6%] [32mBuilding C object CMakeFiles/example_interfaces__rosidl_generator_c.dir/rosidl_generator_c/example_interfaces/msg/detail/multi_array_layout__functions.c.o[0m
[15.907s] [  6%] [32mBuilding C object CMakeFiles/example_interfaces__rosidl_generator_c.dir/rosidl_generator_c/example_interfaces/msg/detail/string__functions.c.o[0m
[15.994s] [  7%] [32mBuilding C object CMakeFiles/example_interfaces__rosidl_generator_c.dir/rosidl_generator_c/example_interfaces/msg/detail/u_int16_multi_array__functions.c.o[0m
[16.007s] [  7%] [32mBuilding C object CMakeFiles/example_interfaces__rosidl_generator_c.dir/rosidl_generator_c/example_interfaces/msg/detail/u_int32__functions.c.o[0m
[16.010s] [  7%] [32mBuilding C object CMakeFiles/example_interfaces__rosidl_generator_c.dir/rosidl_generator_c/example_interfaces/msg/detail/u_int16__functions.c.o[0m
[16.254s] [  7%] [32mBuilding C object CMakeFiles/example_interfaces__rosidl_generator_c.dir/rosidl_generator_c/example_interfaces/msg/detail/u_int32_multi_array__functions.c.o[0m
[16.366s] [  8%] [32mBuilding C object CMakeFiles/example_interfaces__rosidl_generator_c.dir/rosidl_generator_c/example_interfaces/msg/detail/u_int64__functions.c.o[0m
[16.377s] [  8%] [32mBuilding C object CMakeFiles/example_interfaces__rosidl_generator_c.dir/rosidl_generator_c/example_interfaces/msg/detail/u_int64_multi_array__functions.c.o[0m
[16.496s] [  8%] [32mBuilding C object CMakeFiles/example_interfaces__rosidl_generator_c.dir/rosidl_generator_c/example_interfaces/msg/detail/u_int8__functions.c.o[0m
[16.625s] [  8%] [32mBuilding C object CMakeFiles/example_interfaces__rosidl_generator_c.dir/rosidl_generator_c/example_interfaces/msg/detail/u_int8_multi_array__functions.c.o[0m
[16.746s] [  9%] [32mBuilding C object CMakeFiles/example_interfaces__rosidl_generator_c.dir/rosidl_generator_c/example_interfaces/msg/detail/w_string__functions.c.o[0m
[16.810s] [  9%] [32mBuilding C object CMakeFiles/example_interfaces__rosidl_generator_c.dir/rosidl_generator_c/example_interfaces/srv/detail/add_two_ints__functions.c.o[0m
[16.813s] [  9%] [32mBuilding C object CMakeFiles/example_interfaces__rosidl_generator_c.dir/rosidl_generator_c/example_interfaces/srv/detail/set_bool__functions.c.o[0m
[17.075s] [ 10%] [32mBuilding C object CMakeFiles/example_interfaces__rosidl_generator_c.dir/rosidl_generator_c/example_interfaces/srv/detail/trigger__functions.c.o[0m
[17.821s] [ 10%] [32m[1mLinking C shared library libexample_interfaces__rosidl_generator_c.so[0m
[18.227s] [ 10%] Built target example_interfaces__rosidl_generator_c
[18.337s] [ 11%] [34m[1mGenerating C introspection for ROS interfaces[0m
[18.367s] [ 12%] [34m[1mGenerating C type support for eProsima Fast-RTPS[0m
[18.391s] [ 13%] [34m[1mGenerating C type support dispatch for ROS interfaces[0m
[18.404s] [ 14%] [34m[1mGenerating C type support for eProsima Micro XRCE-DDS[0m
[30.896s] [ 14%] [32mBuilding CXX object CMakeFiles/example_interfaces__rosidl_typesupport_cpp.dir/rosidl_typesupport_cpp/example_interfaces/action/fibonacci__type_support.cpp.o[0m
[34.039s] [ 14%] [32mBuilding CXX object CMakeFiles/example_interfaces__rosidl_typesupport_introspection_cpp.dir/rosidl_typesupport_introspection_cpp/example_interfaces/action/detail/fibonacci__type_support.cpp.o[0m
[34.344s] [ 14%] [32mBuilding CXX object CMakeFiles/example_interfaces__rosidl_typesupport_cpp.dir/rosidl_typesupport_cpp/example_interfaces/msg/bool__type_support.cpp.o[0m
[34.467s] [ 14%] [32mBuilding CXX object CMakeFiles/example_interfaces__rosidl_typesupport_c.dir/rosidl_typesupport_c/example_interfaces/action/fibonacci__type_support.cpp.o[0m
[34.816s] [ 14%] [32mBuilding CXX object CMakeFiles/example_interfaces__rosidl_typesupport_c.dir/rosidl_typesupport_c/example_interfaces/msg/bool__type_support.cpp.o[0m
[35.049s] [ 14%] [32mBuilding CXX object CMakeFiles/example_interfaces__rosidl_typesupport_c.dir/rosidl_typesupport_c/example_interfaces/msg/byte__type_support.cpp.o[0m
[35.071s] [ 14%] [32mBuilding CXX object CMakeFiles/example_interfaces__rosidl_typesupport_microxrcedds_cpp.dir/rosidl_typesupport_microxrcedds_cpp/example_interfaces/action/detail/microxrcedds/fibonacci__type_support_cpp.cpp.o[0m
[35.246s] [ 15%] [32mBuilding CXX object CMakeFiles/example_interfaces__rosidl_typesupport_c.dir/rosidl_typesupport_c/example_interfaces/msg/byte_multi_array__type_support.cpp.o[0m
[35.454s] [ 15%] [32mBuilding CXX object CMakeFiles/example_interfaces__rosidl_typesupport_c.dir/rosidl_typesupport_c/example_interfaces/msg/char__type_support.cpp.o[0m
[35.629s] [ 15%] [32mBuilding CXX object CMakeFiles/example_interfaces__rosidl_typesupport_c.dir/rosidl_typesupport_c/example_interfaces/msg/empty__type_support.cpp.o[0m
[35.808s] [ 16%] [32mBuilding CXX object CMakeFiles/example_interfaces__rosidl_typesupport_c.dir/rosidl_typesupport_c/example_interfaces/msg/float32__type_support.cpp.o[0m
[36.000s] [ 16%] [32mBuilding CXX object CMakeFiles/example_interfaces__rosidl_typesupport_c.dir/rosidl_typesupport_c/example_interfaces/msg/float32_multi_array__type_support.cpp.o[0m
[36.073s] [ 17%] [32mBuilding CXX object CMakeFiles/example_interfaces__rosidl_typesupport_cpp.dir/rosidl_typesupport_cpp/example_interfaces/msg/byte__type_support.cpp.o[0m
[36.221s] [ 17%] [32mBuilding CXX object CMakeFiles/example_interfaces__rosidl_typesupport_c.dir/rosidl_typesupport_c/example_interfaces/msg/float64__type_support.cpp.o[0m
[36.414s] [ 17%] [32mBuilding CXX object CMakeFiles/example_interfaces__rosidl_typesupport_c.dir/rosidl_typesupport_c/example_interfaces/msg/float64_multi_array__type_support.cpp.o[0m
[36.621s] [ 18%] [32mBuilding CXX object CMakeFiles/example_interfaces__rosidl_typesupport_c.dir/rosidl_typesupport_c/example_interfaces/msg/int16__type_support.cpp.o[0m
[36.732s] [ 18%] [32mBuilding CXX object CMakeFiles/example_interfaces__rosidl_typesupport_fastrtps_c.dir/rosidl_typesupport_fastrtps_c/example_interfaces/action/detail/fibonacci__type_support_c.cpp.o[0m
[36.788s] [ 18%] [32mBuilding CXX object CMakeFiles/example_interfaces__rosidl_typesupport_fastrtps_cpp.dir/rosidl_typesupport_fastrtps_cpp/example_interfaces/action/detail/dds_fastrtps/fibonacci__type_support.cpp.o[0m
[36.813s] [ 18%] [32mBuilding CXX object CMakeFiles/example_interfaces__rosidl_typesupport_c.dir/rosidl_typesupport_c/example_interfaces/msg/int16_multi_array__type_support.cpp.o[0m
[37.017s] [ 19%] [32mBuilding CXX object CMakeFiles/example_interfaces__rosidl_typesupport_introspection_cpp.dir/rosidl_typesupport_introspection_cpp/example_interfaces/msg/detail/bool__type_support.cpp.o[0m
[37.021s] [ 19%] [32mBuilding CXX object CMakeFiles/example_interfaces__rosidl_typesupport_c.dir/rosidl_typesupport_c/example_interfaces/msg/int32__type_support.cpp.o[0m
[37.192s] [ 19%] [32mBuilding CXX object CMakeFiles/example_interfaces__rosidl_typesupport_c.dir/rosidl_typesupport_c/example_interfaces/msg/int32_multi_array__type_support.cpp.o[0m
[37.363s] [ 20%] [32mBuilding CXX object CMakeFiles/example_interfaces__rosidl_typesupport_c.dir/rosidl_typesupport_c/example_interfaces/msg/int64__type_support.cpp.o[0m
[37.442s] [ 20%] [32mBuilding CXX object CMakeFiles/example_interfaces__rosidl_typesupport_cpp.dir/rosidl_typesupport_cpp/example_interfaces/msg/byte_multi_array__type_support.cpp.o[0m
[37.539s] [ 20%] [32mBuilding CXX object CMakeFiles/example_interfaces__rosidl_typesupport_c.dir/rosidl_typesupport_c/example_interfaces/msg/int64_multi_array__type_support.cpp.o[0m
[37.661s] [ 20%] [32mBuilding C object CMakeFiles/example_interfaces__rosidl_typesupport_introspection_c.dir/rosidl_typesupport_introspection_c/example_interfaces/action/detail/fibonacci__type_support.c.o[0m
[37.702s] [ 21%] [32mBuilding CXX object CMakeFiles/example_interfaces__rosidl_typesupport_microxrcedds_cpp.dir/rosidl_typesupport_microxrcedds_cpp/example_interfaces/msg/detail/microxrcedds/bool__type_support_cpp.cpp.o[0m
[37.727s] [ 21%] [32mBuilding CXX object CMakeFiles/example_interfaces__rosidl_typesupport_c.dir/rosidl_typesupport_c/example_interfaces/msg/int8__type_support.cpp.o[0m
[37.896s] [ 22%] [32mBuilding CXX object CMakeFiles/example_interfaces__rosidl_typesupport_c.dir/rosidl_typesupport_c/example_interfaces/msg/int8_multi_array__type_support.cpp.o[0m
[38.090s] [ 22%] [32mBuilding C object CMakeFiles/example_interfaces__rosidl_typesupport_introspection_c.dir/rosidl_typesupport_introspection_c/example_interfaces/msg/detail/bool__type_support.c.o[0m
[38.090s] [ 22%] [32mBuilding CXX object CMakeFiles/example_interfaces__rosidl_typesupport_c.dir/rosidl_typesupport_c/example_interfaces/msg/multi_array_dimension__type_support.cpp.o[0m
[38.247s] [ 23%] [32mBuilding C object CMakeFiles/example_interfaces__rosidl_typesupport_introspection_c.dir/rosidl_typesupport_introspection_c/example_interfaces/msg/detail/byte__type_support.c.o[0m
[38.270s] [ 23%] [32mBuilding CXX object CMakeFiles/example_interfaces__rosidl_typesupport_c.dir/rosidl_typesupport_c/example_interfaces/msg/multi_array_layout__type_support.cpp.o[0m
[38.424s] [ 23%] [32mBuilding CXX object CMakeFiles/example_interfaces__rosidl_typesupport_c.dir/rosidl_typesupport_c/example_interfaces/msg/string__type_support.cpp.o[0m
[38.471s] [ 23%] [32mBuilding C object CMakeFiles/example_interfaces__rosidl_typesupport_introspection_c.dir/rosidl_typesupport_introspection_c/example_interfaces/msg/detail/byte_multi_array__type_support.c.o[0m
[38.596s] [ 24%] [32mBuilding CXX object CMakeFiles/example_interfaces__rosidl_typesupport_c.dir/rosidl_typesupport_c/example_interfaces/msg/u_int16__type_support.cpp.o[0m
[38.668s] [ 24%] [32mBuilding C object CMakeFiles/example_interfaces__rosidl_typesupport_introspection_c.dir/rosidl_typesupport_introspection_c/example_interfaces/msg/detail/char__type_support.c.o[0m
[38.686s] [ 24%] [32mBuilding CXX object CMakeFiles/example_interfaces__rosidl_typesupport_cpp.dir/rosidl_typesupport_cpp/example_interfaces/msg/char__type_support.cpp.o[0m
[38.777s] [ 24%] [32mBuilding CXX object CMakeFiles/example_interfaces__rosidl_typesupport_c.dir/rosidl_typesupport_c/example_interfaces/msg/u_int16_multi_array__type_support.cpp.o[0m
[38.809s] [ 24%] [32mBuilding CXX object CMakeFiles/example_interfaces__rosidl_typesupport_fastrtps_c.dir/rosidl_typesupport_fastrtps_c/example_interfaces/msg/detail/bool__type_support_c.cpp.o[0m
[38.888s] [ 24%] [32mBuilding C object CMakeFiles/example_interfaces__rosidl_typesupport_introspection_c.dir/rosidl_typesupport_introspection_c/example_interfaces/msg/detail/empty__type_support.c.o[0m
[38.949s] [ 24%] [32mBuilding CXX object CMakeFiles/example_interfaces__rosidl_typesupport_c.dir/rosidl_typesupport_c/example_interfaces/msg/u_int32__type_support.cpp.o[0m
[38.964s] [ 24%] [32mBuilding CXX object CMakeFiles/example_interfaces__rosidl_typesupport_introspection_cpp.dir/rosidl_typesupport_introspection_cpp/example_interfaces/msg/detail/byte__type_support.cpp.o[0m
[39.039s] [ 24%] [32mBuilding CXX object CMakeFiles/example_interfaces__rosidl_typesupport_microxrcedds_cpp.dir/rosidl_typesupport_microxrcedds_cpp/example_interfaces/msg/detail/microxrcedds/byte__type_support_cpp.cpp.o[0m
[39.065s] [ 25%] [32mBuilding C object CMakeFiles/example_interfaces__rosidl_typesupport_introspection_c.dir/rosidl_typesupport_introspection_c/example_interfaces/msg/detail/float32__type_support.c.o[0m
[39.140s] [ 26%] [32mBuilding CXX object CMakeFiles/example_interfaces__rosidl_typesupport_c.dir/rosidl_typesupport_c/example_interfaces/msg/u_int32_multi_array__type_support.cpp.o[0m
[39.274s] [ 26%] [32mBuilding C object CMakeFiles/example_interfaces__rosidl_typesupport_introspection_c.dir/rosidl_typesupport_introspection_c/example_interfaces/msg/detail/float32_multi_array__type_support.c.o[0m
[39.323s] [ 26%] [32mBuilding CXX object CMakeFiles/example_interfaces__rosidl_typesupport_c.dir/rosidl_typesupport_c/example_interfaces/msg/u_int64__type_support.cpp.o[0m
[39.380s] [ 26%] [32mBuilding CXX object CMakeFiles/example_interfaces__rosidl_typesupport_fastrtps_cpp.dir/rosidl_typesupport_fastrtps_cpp/example_interfaces/msg/detail/dds_fastrtps/bool__type_support.cpp.o[0m
[39.498s] [ 26%] [32mBuilding CXX object CMakeFiles/example_interfaces__rosidl_typesupport_c.dir/rosidl_typesupport_c/example_interfaces/msg/u_int64_multi_array__type_support.cpp.o[0m
[39.499s] [ 26%] [32mBuilding C object CMakeFiles/example_interfaces__rosidl_typesupport_introspection_c.dir/rosidl_typesupport_introspection_c/example_interfaces/msg/detail/float64__type_support.c.o[0m
[39.680s] [ 26%] [32mBuilding CXX object CMakeFiles/example_interfaces__rosidl_typesupport_c.dir/rosidl_typesupport_c/example_interfaces/msg/u_int8__type_support.cpp.o[0m
[39.712s] [ 26%] [32mBuilding C object CMakeFiles/example_interfaces__rosidl_typesupport_introspection_c.dir/rosidl_typesupport_introspection_c/example_interfaces/msg/detail/float64_multi_array__type_support.c.o[0m
[39.856s] [ 27%] [32mBuilding CXX object CMakeFiles/example_interfaces__rosidl_typesupport_c.dir/rosidl_typesupport_c/example_interfaces/msg/u_int8_multi_array__type_support.cpp.o[0m
[39.916s] [ 28%] [32mBuilding CXX object CMakeFiles/example_interfaces__rosidl_typesupport_cpp.dir/rosidl_typesupport_cpp/example_interfaces/msg/empty__type_support.cpp.o[0m
[39.950s] [ 29%] [32mBuilding C object CMakeFiles/example_interfaces__rosidl_typesupport_introspection_c.dir/rosidl_typesupport_introspection_c/example_interfaces/msg/detail/int16__type_support.c.o[0m
[40.038s] [ 29%] [32mBuilding CXX object CMakeFiles/example_interfaces__rosidl_typesupport_c.dir/rosidl_typesupport_c/example_interfaces/msg/w_string__type_support.cpp.o[0m
[40.142s] [ 29%] [32mBuilding C object CMakeFiles/example_interfaces__rosidl_typesupport_introspection_c.dir/rosidl_typesupport_introspection_c/example_interfaces/msg/detail/int16_multi_array__type_support.c.o[0m
[40.238s] [ 29%] [32mBuilding CXX object CMakeFiles/example_interfaces__rosidl_typesupport_c.dir/rosidl_typesupport_c/example_interfaces/srv/add_two_ints__type_support.cpp.o[0m
[40.335s] [ 29%] [32mBuilding C object CMakeFiles/example_interfaces__rosidl_typesupport_introspection_c.dir/rosidl_typesupport_introspection_c/example_interfaces/msg/detail/int32__type_support.c.o[0m
[40.339s] [ 29%] [32mBuilding CXX object CMakeFiles/example_interfaces__rosidl_typesupport_microxrcedds_cpp.dir/rosidl_typesupport_microxrcedds_cpp/example_interfaces/msg/detail/microxrcedds/byte_multi_array__type_support_cpp.cpp.o[0m
[40.441s] [ 29%] [32mBuilding CXX object CMakeFiles/example_interfaces__rosidl_typesupport_c.dir/rosidl_typesupport_c/example_interfaces/srv/set_bool__type_support.cpp.o[0m
[40.474s] [ 30%] [32mBuilding C object CMakeFiles/example_interfaces__rosidl_typesupport_introspection_c.dir/rosidl_typesupport_introspection_c/example_interfaces/msg/detail/int32_multi_array__type_support.c.o[0m
[40.530s] [ 30%] [32mBuilding CXX object CMakeFiles/example_interfaces__rosidl_typesupport_fastrtps_c.dir/rosidl_typesupport_fastrtps_c/example_interfaces/msg/detail/byte__type_support_c.cpp.o[0m
[40.531s] [ 30%] [32mBuilding CXX object CMakeFiles/example_interfaces__rosidl_typesupport_introspection_cpp.dir/rosidl_typesupport_introspection_cpp/example_interfaces/msg/detail/byte_multi_array__type_support.cpp.o[0m
[40.619s] [ 31%] [32mBuilding CXX object CMakeFiles/example_interfaces__rosidl_typesupport_c.dir/rosidl_typesupport_c/example_interfaces/srv/trigger__type_support.cpp.o[0m
[40.721s] [ 31%] [32mBuilding C object CMakeFiles/example_interfaces__rosidl_typesupport_introspection_c.dir/rosidl_typesupport_introspection_c/example_interfaces/msg/detail/int64__type_support.c.o[0m
[40.776s] [ 31%] [32mBuilding C object CMakeFiles/example_interfaces__rosidl_typesupport_microxrcedds_c.dir/rosidl_typesupport_microxrcedds_c/example_interfaces/action/detail/microxrcedds/fibonacci__type_support_c.c.o[0m
[40.819s] [ 31%] [32m[1mLinking CXX shared library libexample_interfaces__rosidl_typesupport_c.so[0m
[40.919s] [ 31%] [32mBuilding C object CMakeFiles/example_interfaces__rosidl_typesupport_introspection_c.dir/rosidl_typesupport_introspection_c/example_interfaces/msg/detail/int64_multi_array__type_support.c.o[0m
[40.979s] [ 32%] [32mBuilding CXX object CMakeFiles/example_interfaces__rosidl_typesupport_fastrtps_cpp.dir/rosidl_typesupport_fastrtps_cpp/example_interfaces/msg/detail/dds_fastrtps/byte__type_support.cpp.o[0m
[41.035s] [ 32%] [32mBuilding CXX object CMakeFiles/example_interfaces__rosidl_typesupport_cpp.dir/rosidl_typesupport_cpp/example_interfaces/msg/float32__type_support.cpp.o[0m
[41.110s] [ 32%] Built target example_interfaces__rosidl_typesupport_c
[41.161s] [ 32%] [32mBuilding C object CMakeFiles/example_interfaces__rosidl_typesupport_introspection_c.dir/rosidl_typesupport_introspection_c/example_interfaces/msg/detail/int8__type_support.c.o[0m
[41.192s] [ 32%] [32mBuilding C object CMakeFiles/example_interfaces__rosidl_typesupport_microxrcedds_c.dir/rosidl_typesupport_microxrcedds_c/example_interfaces/msg/detail/microxrcedds/bool__type_support_c.c.o[0m
[41.361s] [ 33%] [32mBuilding C object CMakeFiles/example_interfaces__rosidl_typesupport_microxrcedds_c.dir/rosidl_typesupport_microxrcedds_c/example_interfaces/msg/detail/microxrcedds/byte__type_support_c.c.o[0m
[41.375s] [ 34%] [32mBuilding C object CMakeFiles/example_interfaces__rosidl_typesupport_introspection_c.dir/rosidl_typesupport_introspection_c/example_interfaces/msg/detail/int8_multi_array__type_support.c.o[0m
[41.538s] [ 34%] [32mBuilding C object CMakeFiles/example_interfaces__rosidl_typesupport_microxrcedds_c.dir/rosidl_typesupport_microxrcedds_c/example_interfaces/msg/detail/microxrcedds/byte_multi_array__type_support_c.c.o[0m
[41.545s] [ 34%] [32mBuilding C object CMakeFiles/example_interfaces__rosidl_typesupport_introspection_c.dir/rosidl_typesupport_introspection_c/example_interfaces/msg/detail/multi_array_dimension__type_support.c.o[0m
[41.669s] [ 34%] [32mBuilding C object CMakeFiles/example_interfaces__rosidl_typesupport_introspection_c.dir/rosidl_typesupport_introspection_c/example_interfaces/msg/detail/multi_array_layout__type_support.c.o[0m
[41.716s] [ 34%] [32mBuilding C object CMakeFiles/example_interfaces__rosidl_typesupport_microxrcedds_c.dir/rosidl_typesupport_microxrcedds_c/example_interfaces/msg/detail/microxrcedds/char__type_support_c.c.o[0m
[41.733s] [ 34%] [32mBuilding CXX object CMakeFiles/example_interfaces__rosidl_typesupport_microxrcedds_cpp.dir/rosidl_typesupport_microxrcedds_cpp/example_interfaces/msg/detail/microxrcedds/char__type_support_cpp.cpp.o[0m
[41.743s] [ 35%] [32mBuilding CXX object CMakeFiles/example_interfaces__rosidl_typesupport_fastrtps_c.dir/rosidl_typesupport_fastrtps_c/example_interfaces/msg/detail/byte_multi_array__type_support_c.cpp.o[0m
[41.832s] [ 36%] [32mBuilding C object CMakeFiles/example_interfaces__rosidl_typesupport_introspection_c.dir/rosidl_typesupport_introspection_c/example_interfaces/msg/detail/string__type_support.c.o[0m
[41.953s] [ 36%] [32mBuilding C object CMakeFiles/example_interfaces__rosidl_typesupport_microxrcedds_c.dir/rosidl_typesupport_microxrcedds_c/example_interfaces/msg/detail/microxrcedds/empty__type_support_c.c.o[0m
[42.029s] [ 36%] [32mBuilding C object CMakeFiles/example_interfaces__rosidl_typesupport_introspection_c.dir/rosidl_typesupport_introspection_c/example_interfaces/msg/detail/u_int16__type_support.c.o[0m
[42.081s] [ 36%] [32mBuilding CXX object CMakeFiles/example_interfaces__rosidl_typesupport_cpp.dir/rosidl_typesupport_cpp/example_interfaces/msg/float32_multi_array__type_support.cpp.o[0m
[42.115s] [ 37%] [32mBuilding C object CMakeFiles/example_interfaces__rosidl_typesupport_microxrcedds_c.dir/rosidl_typesupport_microxrcedds_c/example_interfaces/msg/detail/microxrcedds/float32__type_support_c.c.o[0m
[42.137s] [ 37%] [32mBuilding CXX object CMakeFiles/example_interfaces__rosidl_typesupport_introspection_cpp.dir/rosidl_typesupport_introspection_cpp/example_interfaces/msg/detail/char__type_support.cpp.o[0m
[42.200s] [ 37%] [32mBuilding C object CMakeFiles/example_interfaces__rosidl_typesupport_introspection_c.dir/rosidl_typesupport_introspection_c/example_interfaces/msg/detail/u_int16_multi_array__type_support.c.o[0m
[42.275s] [ 37%] [32mBuilding C object CMakeFiles/example_interfaces__rosidl_typesupport_microxrcedds_c.dir/rosidl_typesupport_microxrcedds_c/example_interfaces/msg/detail/microxrcedds/float32_multi_array__type_support_c.c.o[0m
[42.414s] [ 37%] [32mBuilding C object CMakeFiles/example_interfaces__rosidl_typesupport_introspection_c.dir/rosidl_typesupport_introspection_c/example_interfaces/msg/detail/u_int32__type_support.c.o[0m
[42.442s] [ 37%] [32mBuilding CXX object CMakeFiles/example_interfaces__rosidl_typesupport_fastrtps_cpp.dir/rosidl_typesupport_fastrtps_cpp/example_interfaces/msg/detail/dds_fastrtps/byte_multi_array__type_support.cpp.o[0m
[42.478s] [ 37%] [32mBuilding C object CMakeFiles/example_interfaces__rosidl_typesupport_microxrcedds_c.dir/rosidl_typesupport_microxrcedds_c/example_interfaces/msg/detail/microxrcedds/float64__type_support_c.c.o[0m
[42.593s] [ 38%] [32mBuilding C object CMakeFiles/example_interfaces__rosidl_typesupport_introspection_c.dir/rosidl_typesupport_introspection_c/example_interfaces/msg/detail/u_int32_multi_array__type_support.c.o[0m
[42.625s] [ 39%] [32mBuilding CXX object CMakeFiles/example_interfaces__rosidl_typesupport_microxrcedds_cpp.dir/rosidl_typesupport_microxrcedds_cpp/example_interfaces/msg/detail/microxrcedds/empty__type_support_cpp.cpp.o[0m
[42.640s] [ 40%] [32mBuilding C object CMakeFiles/example_interfaces__rosidl_typesupport_microxrcedds_c.dir/rosidl_typesupport_microxrcedds_c/example_interfaces/msg/detail/microxrcedds/float64_multi_array__type_support_c.c.o[0m
[42.804s] [ 40%] [32mBuilding CXX object CMakeFiles/example_interfaces__rosidl_typesupport_fastrtps_c.dir/rosidl_typesupport_fastrtps_c/example_interfaces/msg/detail/char__type_support_c.cpp.o[0m
[42.834s] [ 40%] [32mBuilding C object CMakeFiles/example_interfaces__rosidl_typesupport_introspection_c.dir/rosidl_typesupport_introspection_c/example_interfaces/msg/detail/u_int64__type_support.c.o[0m
[42.843s] [ 40%] [32mBuilding C object CMakeFiles/example_interfaces__rosidl_typesupport_microxrcedds_c.dir/rosidl_typesupport_microxrcedds_c/example_interfaces/msg/detail/microxrcedds/int16__type_support_c.c.o[0m
[42.971s] [ 40%] [32mBuilding C object CMakeFiles/example_interfaces__rosidl_typesupport_microxrcedds_c.dir/rosidl_typesupport_microxrcedds_c/example_interfaces/msg/detail/microxrcedds/int16_multi_array__type_support_c.c.o[0m
[43.032s] [ 40%] [32mBuilding CXX object CMakeFiles/example_interfaces__rosidl_typesupport_cpp.dir/rosidl_typesupport_cpp/example_interfaces/msg/float64__type_support.cpp.o[0m
[43.045s] [ 40%] [32mBuilding C object CMakeFiles/example_interfaces__rosidl_typesupport_introspection_c.dir/rosidl_typesupport_introspection_c/example_interfaces/msg/detail/u_int64_multi_array__type_support.c.o[0m
[43.109s] [ 40%] [32mBuilding C object CMakeFiles/example_interfaces__rosidl_typesupport_microxrcedds_c.dir/rosidl_typesupport_microxrcedds_c/example_interfaces/msg/detail/microxrcedds/int32__type_support_c.c.o[0m
[43.221s] [ 40%] [32mBuilding C object CMakeFiles/example_interfaces__rosidl_typesupport_introspection_c.dir/rosidl_typesupport_introspection_c/example_interfaces/msg/detail/u_int8__type_support.c.o[0m
[43.253s] [ 41%] [32mBuilding C object CMakeFiles/example_interfaces__rosidl_typesupport_microxrcedds_c.dir/rosidl_typesupport_microxrcedds_c/example_interfaces/msg/detail/microxrcedds/int32_multi_array__type_support_c.c.o[0m
[43.396s] [ 42%] [32mBuilding C object CMakeFiles/example_interfaces__rosidl_typesupport_introspection_c.dir/rosidl_typesupport_introspection_c/example_interfaces/msg/detail/u_int8_multi_array__type_support.c.o[0m
[43.411s] [ 42%] [32mBuilding C object CMakeFiles/example_interfaces__rosidl_typesupport_microxrcedds_c.dir/rosidl_typesupport_microxrcedds_c/example_interfaces/msg/detail/microxrcedds/int64__type_support_c.c.o[0m
[43.451s] [ 43%] [32mBuilding CXX object CMakeFiles/example_interfaces__rosidl_typesupport_introspection_cpp.dir/rosidl_typesupport_introspection_cpp/example_interfaces/msg/detail/empty__type_support.cpp.o[0m
[43.527s] [ 43%] [32mBuilding C object CMakeFiles/example_interfaces__rosidl_typesupport_introspection_c.dir/rosidl_typesupport_introspection_c/example_interfaces/msg/detail/w_string__type_support.c.o[0m
[43.567s] [ 43%] [32mBuilding C object CMakeFiles/example_interfaces__rosidl_typesupport_microxrcedds_c.dir/rosidl_typesupport_microxrcedds_c/example_interfaces/msg/detail/microxrcedds/int64_multi_array__type_support_c.c.o[0m
[43.641s] [ 43%] [32mBuilding CXX object CMakeFiles/example_interfaces__rosidl_typesupport_microxrcedds_cpp.dir/rosidl_typesupport_microxrcedds_cpp/example_interfaces/msg/detail/microxrcedds/float32__type_support_cpp.cpp.o[0m
[43.700s] [ 43%] [32mBuilding C object CMakeFiles/example_interfaces__rosidl_typesupport_introspection_c.dir/rosidl_typesupport_introspection_c/example_interfaces/srv/detail/add_two_ints__type_support.c.o[0m
[43.739s] [ 43%] [32mBuilding C object CMakeFiles/example_interfaces__rosidl_typesupport_microxrcedds_c.dir/rosidl_typesupport_microxrcedds_c/example_interfaces/msg/detail/microxrcedds/int8__type_support_c.c.o[0m
[43.847s] [ 44%] [32mBuilding C object CMakeFiles/example_interfaces__rosidl_typesupport_introspection_c.dir/rosidl_typesupport_introspection_c/example_interfaces/srv/detail/set_bool__type_support.c.o[0m
[43.881s] [ 44%] [32mBuilding CXX object CMakeFiles/example_interfaces__rosidl_typesupport_fastrtps_cpp.dir/rosidl_typesupport_fastrtps_cpp/example_interfaces/msg/detail/dds_fastrtps/char__type_support.cpp.o[0m
[43.883s] [ 44%] [32mBuilding CXX object CMakeFiles/example_interfaces__rosidl_typesupport_fastrtps_c.dir/rosidl_typesupport_fastrtps_c/example_interfaces/msg/detail/empty__type_support_c.cpp.o[0m
[43.924s] [ 45%] [32mBuilding C object CMakeFiles/example_interfaces__rosidl_typesupport_microxrcedds_c.dir/rosidl_typesupport_microxrcedds_c/example_interfaces/msg/detail/microxrcedds/int8_multi_array__type_support_c.c.o[0m
[43.978s] [ 45%] [32mBuilding C object CMakeFiles/example_interfaces__rosidl_typesupport_introspection_c.dir/rosidl_typesupport_introspection_c/example_interfaces/srv/detail/trigger__type_support.c.o[0m
[44.048s] [ 46%] [32mBuilding CXX object CMakeFiles/example_interfaces__rosidl_typesupport_cpp.dir/rosidl_typesupport_cpp/example_interfaces/msg/float64_multi_array__type_support.cpp.o[0m
[44.095s] [ 46%] [32m[1mLinking C shared library libexample_interfaces__rosidl_typesupport_introspection_c.so[0m
[44.101s] [ 46%] [32mBuilding C object CMakeFiles/example_interfaces__rosidl_typesupport_microxrcedds_c.dir/rosidl_typesupport_microxrcedds_c/example_interfaces/msg/detail/microxrcedds/multi_array_dimension__type_support_c.c.o[0m
[44.259s] [ 46%] [32mBuilding C object CMakeFiles/example_interfaces__rosidl_typesupport_microxrcedds_c.dir/rosidl_typesupport_microxrcedds_c/example_interfaces/msg/detail/microxrcedds/multi_array_layout__type_support_c.c.o[0m
[44.297s] [ 46%] Built target example_interfaces__rosidl_typesupport_introspection_c
[44.397s] [ 47%] [32mBuilding C object CMakeFiles/example_interfaces__rosidl_typesupport_microxrcedds_c.dir/rosidl_typesupport_microxrcedds_c/example_interfaces/msg/detail/microxrcedds/string__type_support_c.c.o[0m
[44.550s] [ 47%] [32mBuilding C object CMakeFiles/example_interfaces__rosidl_typesupport_microxrcedds_c.dir/rosidl_typesupport_microxrcedds_c/example_interfaces/msg/detail/microxrcedds/u_int16__type_support_c.c.o[0m
[44.578s] [ 47%] [32mBuilding CXX object CMakeFiles/example_interfaces__rosidl_typesupport_microxrcedds_cpp.dir/rosidl_typesupport_microxrcedds_cpp/example_interfaces/msg/detail/microxrcedds/float32_multi_array__type_support_cpp.cpp.o[0m
[44.677s] [ 47%] [32mBuilding C object CMakeFiles/example_interfaces__rosidl_typesupport_microxrcedds_c.dir/rosidl_typesupport_microxrcedds_c/example_interfaces/msg/detail/microxrcedds/u_int16_multi_array__type_support_c.c.o[0m
[44.754s] [ 47%] [32mBuilding CXX object CMakeFiles/example_interfaces__rosidl_typesupport_introspection_cpp.dir/rosidl_typesupport_introspection_cpp/example_interfaces/msg/detail/float32__type_support.cpp.o[0m
[44.814s] [ 47%] [32mBuilding C object CMakeFiles/example_interfaces__rosidl_typesupport_microxrcedds_c.dir/rosidl_typesupport_microxrcedds_c/example_interfaces/msg/detail/microxrcedds/u_int32__type_support_c.c.o[0m
[44.886s] [ 47%] [32mBuilding CXX object CMakeFiles/example_interfaces__rosidl_typesupport_cpp.dir/rosidl_typesupport_cpp/example_interfaces/msg/int16__type_support.cpp.o[0m
[44.886s] [ 48%] [32mBuilding CXX object CMakeFiles/example_interfaces__rosidl_typesupport_fastrtps_c.dir/rosidl_typesupport_fastrtps_c/example_interfaces/msg/detail/float32__type_support_c.cpp.o[0m
[44.943s] [ 49%] [32mBuilding C object CMakeFiles/example_interfaces__rosidl_typesupport_microxrcedds_c.dir/rosidl_typesupport_microxrcedds_c/example_interfaces/msg/detail/microxrcedds/u_int32_multi_array__type_support_c.c.o[0m
[45.082s] [ 49%] [32mBuilding C object CMakeFiles/example_interfaces__rosidl_typesupport_microxrcedds_c.dir/rosidl_typesupport_microxrcedds_c/example_interfaces/msg/detail/microxrcedds/u_int64__type_support_c.c.o[0m
[45.262s] [ 49%] [32mBuilding C object CMakeFiles/example_interfaces__rosidl_typesupport_microxrcedds_c.dir/rosidl_typesupport_microxrcedds_c/example_interfaces/msg/detail/microxrcedds/u_int64_multi_array__type_support_c.c.o[0m
[45.284s] [ 50%] [32mBuilding CXX object CMakeFiles/example_interfaces__rosidl_typesupport_fastrtps_cpp.dir/rosidl_typesupport_fastrtps_cpp/example_interfaces/msg/detail/dds_fastrtps/empty__type_support.cpp.o[0m
[45.418s] [ 51%] [32mBuilding C object CMakeFiles/example_interfaces__rosidl_typesupport_microxrcedds_c.dir/rosidl_typesupport_microxrcedds_c/example_interfaces/msg/detail/microxrcedds/u_int8__type_support_c.c.o[0m
[45.566s] [ 51%] [32mBuilding C object CMakeFiles/example_interfaces__rosidl_typesupport_microxrcedds_c.dir/rosidl_typesupport_microxrcedds_c/example_interfaces/msg/detail/microxrcedds/u_int8_multi_array__type_support_c.c.o[0m
[45.648s] [ 52%] [32mBuilding CXX object CMakeFiles/example_interfaces__rosidl_typesupport_microxrcedds_cpp.dir/rosidl_typesupport_microxrcedds_cpp/example_interfaces/msg/detail/microxrcedds/float64__type_support_cpp.cpp.o[0m
[45.724s] [ 52%] [32mBuilding C object CMakeFiles/example_interfaces__rosidl_typesupport_microxrcedds_c.dir/rosidl_typesupport_microxrcedds_c/example_interfaces/msg/detail/microxrcedds/w_string__type_support_c.c.o[0m
[45.786s] [ 52%] [32mBuilding CXX object CMakeFiles/example_interfaces__rosidl_typesupport_cpp.dir/rosidl_typesupport_cpp/example_interfaces/msg/int16_multi_array__type_support.cpp.o[0m
[45.862s] [ 52%] [32mBuilding C object CMakeFiles/example_interfaces__rosidl_typesupport_microxrcedds_c.dir/rosidl_typesupport_microxrcedds_c/example_interfaces/srv/detail/microxrcedds/add_two_ints__type_support_c.c.o[0m
[45.987s] [ 52%] [32mBuilding CXX object CMakeFiles/example_interfaces__rosidl_typesupport_fastrtps_c.dir/rosidl_typesupport_fastrtps_c/example_interfaces/msg/detail/float64__type_support_c.cpp.o[0m
[46.011s] [ 52%] [32mBuilding CXX object CMakeFiles/example_interfaces__rosidl_typesupport_introspection_cpp.dir/rosidl_typesupport_introspection_cpp/example_interfaces/msg/detail/float32_multi_array__type_support.cpp.o[0m
[46.023s] [ 53%] [32mBuilding C object CMakeFiles/example_interfaces__rosidl_typesupport_microxrcedds_c.dir/rosidl_typesupport_microxrcedds_c/example_interfaces/srv/detail/microxrcedds/set_bool__type_support_c.c.o[0m
[46.185s] [ 53%] [32mBuilding C object CMakeFiles/example_interfaces__rosidl_typesupport_microxrcedds_c.dir/rosidl_typesupport_microxrcedds_c/example_interfaces/srv/detail/microxrcedds/trigger__type_support_c.c.o[0m
[46.339s] [ 53%] [32m[1mLinking C shared library libexample_interfaces__rosidl_typesupport_microxrcedds_c.so[0m
[46.506s] [ 53%] Built target example_interfaces__rosidl_typesupport_microxrcedds_c
[46.521s] [ 53%] [32mBuilding CXX object CMakeFiles/example_interfaces__rosidl_typesupport_fastrtps_cpp.dir/rosidl_typesupport_fastrtps_cpp/example_interfaces/msg/detail/dds_fastrtps/float32__type_support.cpp.o[0m
[46.561s] [ 53%] [32mBuilding CXX object CMakeFiles/example_interfaces__rosidl_typesupport_microxrcedds_cpp.dir/rosidl_typesupport_microxrcedds_cpp/example_interfaces/msg/detail/microxrcedds/float64_multi_array__type_support_cpp.cpp.o[0m
[46.578s] [ 53%] [32mBuilding CXX object CMakeFiles/example_interfaces__rosidl_typesupport_cpp.dir/rosidl_typesupport_cpp/example_interfaces/msg/int32__type_support.cpp.o[0m
[46.792s] [ 53%] [32mBuilding CXX object CMakeFiles/example_interfaces__rosidl_typesupport_fastrtps_c.dir/rosidl_typesupport_fastrtps_c/example_interfaces/msg/detail/float32_multi_array__type_support_c.cpp.o[0m
[46.935s] [ 53%] [32mBuilding CXX object CMakeFiles/example_interfaces__rosidl_typesupport_introspection_cpp.dir/rosidl_typesupport_introspection_cpp/example_interfaces/msg/detail/float64__type_support.cpp.o[0m
[47.370s] [ 54%] [32mBuilding CXX object CMakeFiles/example_interfaces__rosidl_typesupport_cpp.dir/rosidl_typesupport_cpp/example_interfaces/msg/int32_multi_array__type_support.cpp.o[0m
[47.444s] [ 54%] [32mBuilding CXX object CMakeFiles/example_interfaces__rosidl_typesupport_fastrtps_cpp.dir/rosidl_typesupport_fastrtps_cpp/example_interfaces/msg/detail/dds_fastrtps/float64__type_support.cpp.o[0m
[47.471s] [ 54%] [32mBuilding CXX object CMakeFiles/example_interfaces__rosidl_typesupport_fastrtps_c.dir/rosidl_typesupport_fastrtps_c/example_interfaces/msg/detail/float64_multi_array__type_support_c.cpp.o[0m
[47.516s] [ 54%] [32mBuilding CXX object CMakeFiles/example_interfaces__rosidl_typesupport_microxrcedds_cpp.dir/rosidl_typesupport_microxrcedds_cpp/example_interfaces/msg/detail/microxrcedds/int16__type_support_cpp.cpp.o[0m
[47.782s] [ 55%] [32mBuilding CXX object CMakeFiles/example_interfaces__rosidl_typesupport_introspection_cpp.dir/rosidl_typesupport_introspection_cpp/example_interfaces/msg/detail/float64_multi_array__type_support.cpp.o[0m
[47.908s] [ 55%] [32mBuilding CXX object CMakeFiles/example_interfaces__rosidl_typesupport_cpp.dir/rosidl_typesupport_cpp/example_interfaces/msg/int64__type_support.cpp.o[0m
[48.386s] [ 55%] [32mBuilding CXX object CMakeFiles/example_interfaces__rosidl_typesupport_microxrcedds_cpp.dir/rosidl_typesupport_microxrcedds_cpp/example_interfaces/msg/detail/microxrcedds/int16_multi_array__type_support_cpp.cpp.o[0m
[48.424s] [ 55%] [32mBuilding CXX object CMakeFiles/example_interfaces__rosidl_typesupport_cpp.dir/rosidl_typesupport_cpp/example_interfaces/msg/int64_multi_array__type_support.cpp.o[0m
[48.443s] [ 56%] [32mBuilding CXX object CMakeFiles/example_interfaces__rosidl_typesupport_fastrtps_c.dir/rosidl_typesupport_fastrtps_c/example_interfaces/msg/detail/int16__type_support_c.cpp.o[0m
[48.511s] [ 57%] [32mBuilding CXX object CMakeFiles/example_interfaces__rosidl_typesupport_fastrtps_cpp.dir/rosidl_typesupport_fastrtps_cpp/example_interfaces/msg/detail/dds_fastrtps/float64_multi_array__type_support.cpp.o[0m
[48.700s] [ 57%] [32mBuilding CXX object CMakeFiles/example_interfaces__rosidl_typesupport_introspection_cpp.dir/rosidl_typesupport_introspection_cpp/example_interfaces/msg/detail/int16__type_support.cpp.o[0m
[49.048s] [ 58%] [32mBuilding CXX object CMakeFiles/example_interfaces__rosidl_typesupport_cpp.dir/rosidl_typesupport_cpp/example_interfaces/msg/int8__type_support.cpp.o[0m
[49.344s] [ 59%] [32mBuilding CXX object CMakeFiles/example_interfaces__rosidl_typesupport_microxrcedds_cpp.dir/rosidl_typesupport_microxrcedds_cpp/example_interfaces/msg/detail/microxrcedds/int32__type_support_cpp.cpp.o[0m
[49.382s] [ 59%] [32mBuilding CXX object CMakeFiles/example_interfaces__rosidl_typesupport_fastrtps_c.dir/rosidl_typesupport_fastrtps_c/example_interfaces/msg/detail/int16_multi_array__type_support_c.cpp.o[0m
[49.704s] [ 59%] [32mBuilding CXX object CMakeFiles/example_interfaces__rosidl_typesupport_fastrtps_cpp.dir/rosidl_typesupport_fastrtps_cpp/example_interfaces/msg/detail/dds_fastrtps/int16__type_support.cpp.o[0m
[49.797s] [ 59%] [32mBuilding CXX object CMakeFiles/example_interfaces__rosidl_typesupport_introspection_cpp.dir/rosidl_typesupport_introspection_cpp/example_interfaces/msg/detail/int16_multi_array__type_support.cpp.o[0m
[49.798s] [ 59%] [32mBuilding CXX object CMakeFiles/example_interfaces__rosidl_typesupport_cpp.dir/rosidl_typesupport_cpp/example_interfaces/msg/int8_multi_array__type_support.cpp.o[0m
[49.973s] [ 59%] [32mBuilding CXX object CMakeFiles/example_interfaces__rosidl_typesupport_microxrcedds_cpp.dir/rosidl_typesupport_microxrcedds_cpp/example_interfaces/msg/detail/microxrcedds/int32_multi_array__type_support_cpp.cpp.o[0m
[50.147s] [ 59%] [32mBuilding CXX object CMakeFiles/example_interfaces__rosidl_typesupport_fastrtps_c.dir/rosidl_typesupport_fastrtps_c/example_interfaces/msg/detail/int32__type_support_c.cpp.o[0m
[50.422s] [ 59%] [32mBuilding CXX object CMakeFiles/example_interfaces__rosidl_typesupport_cpp.dir/rosidl_typesupport_cpp/example_interfaces/msg/multi_array_dimension__type_support.cpp.o[0m
[50.837s] [ 59%] [32mBuilding CXX object CMakeFiles/example_interfaces__rosidl_typesupport_fastrtps_cpp.dir/rosidl_typesupport_fastrtps_cpp/example_interfaces/msg/detail/dds_fastrtps/int16_multi_array__type_support.cpp.o[0m
[50.898s] [ 59%] [32mBuilding CXX object CMakeFiles/example_interfaces__rosidl_typesupport_microxrcedds_cpp.dir/rosidl_typesupport_microxrcedds_cpp/example_interfaces/msg/detail/microxrcedds/int64__type_support_cpp.cpp.o[0m
[50.940s] [ 59%] [32mBuilding CXX object CMakeFiles/example_interfaces__rosidl_typesupport_cpp.dir/rosidl_typesupport_cpp/example_interfaces/msg/multi_array_layout__type_support.cpp.o[0m
[51.022s] [ 60%] [32mBuilding CXX object CMakeFiles/example_interfaces__rosidl_typesupport_introspection_cpp.dir/rosidl_typesupport_introspection_cpp/example_interfaces/msg/detail/int32__type_support.cpp.o[0m
[51.084s] [ 61%] [32mBuilding CXX object CMakeFiles/example_interfaces__rosidl_typesupport_fastrtps_c.dir/rosidl_typesupport_fastrtps_c/example_interfaces/msg/detail/int32_multi_array__type_support_c.cpp.o[0m
[51.502s] [ 62%] [32mBuilding CXX object CMakeFiles/example_interfaces__rosidl_typesupport_cpp.dir/rosidl_typesupport_cpp/example_interfaces/msg/string__type_support.cpp.o[0m
[51.749s] [ 62%] [32mBuilding CXX object CMakeFiles/example_interfaces__rosidl_typesupport_microxrcedds_cpp.dir/rosidl_typesupport_microxrcedds_cpp/example_interfaces/msg/detail/microxrcedds/int64_multi_array__type_support_cpp.cpp.o[0m
[51.812s] [ 62%] [32mBuilding CXX object CMakeFiles/example_interfaces__rosidl_typesupport_introspection_cpp.dir/rosidl_typesupport_introspection_cpp/example_interfaces/msg/detail/int32_multi_array__type_support.cpp.o[0m
[52.016s] [ 62%] [32mBuilding CXX object CMakeFiles/example_interfaces__rosidl_typesupport_fastrtps_cpp.dir/rosidl_typesupport_fastrtps_cpp/example_interfaces/msg/detail/dds_fastrtps/float32_multi_array__type_support.cpp.o[0m
[52.071s] [ 62%] [32mBuilding CXX object CMakeFiles/example_interfaces__rosidl_typesupport_fastrtps_c.dir/rosidl_typesupport_fastrtps_c/example_interfaces/msg/detail/int64__type_support_c.cpp.o[0m
[52.106s] [ 62%] [32mBuilding CXX object CMakeFiles/example_interfaces__rosidl_typesupport_cpp.dir/rosidl_typesupport_cpp/example_interfaces/msg/u_int16__type_support.cpp.o[0m
[52.517s] [ 62%] [32mBuilding CXX object CMakeFiles/example_interfaces__rosidl_typesupport_microxrcedds_cpp.dir/rosidl_typesupport_microxrcedds_cpp/example_interfaces/msg/detail/microxrcedds/int8_multi_array__type_support_cpp.cpp.o[0m
[52.674s] [ 62%] [32mBuilding CXX object CMakeFiles/example_interfaces__rosidl_typesupport_introspection_cpp.dir/rosidl_typesupport_introspection_cpp/example_interfaces/msg/detail/int64__type_support.cpp.o[0m
[52.856s] [ 62%] [32mBuilding CXX object CMakeFiles/example_interfaces__rosidl_typesupport_cpp.dir/rosidl_typesupport_cpp/example_interfaces/msg/u_int16_multi_array__type_support.cpp.o[0m
[53.053s] [ 62%] [32mBuilding CXX object CMakeFiles/example_interfaces__rosidl_typesupport_fastrtps_c.dir/rosidl_typesupport_fastrtps_c/example_interfaces/msg/detail/int8__type_support_c.cpp.o[0m
[53.238s] [ 63%] [32mBuilding CXX object CMakeFiles/example_interfaces__rosidl_typesupport_fastrtps_cpp.dir/rosidl_typesupport_fastrtps_cpp/example_interfaces/msg/detail/dds_fastrtps/int32__type_support.cpp.o[0m
[53.304s] [ 64%] [32mBuilding CXX object CMakeFiles/example_interfaces__rosidl_typesupport_microxrcedds_cpp.dir/rosidl_typesupport_microxrcedds_cpp/example_interfaces/msg/detail/microxrcedds/int8__type_support_cpp.cpp.o[0m
[53.451s] [ 64%] [32mBuilding CXX object CMakeFiles/example_interfaces__rosidl_typesupport_introspection_cpp.dir/rosidl_typesupport_introspection_cpp/example_interfaces/msg/detail/int64_multi_array__type_support.cpp.o[0m
[53.531s] [ 65%] [32mBuilding CXX object CMakeFiles/example_interfaces__rosidl_typesupport_cpp.dir/rosidl_typesupport_cpp/example_interfaces/msg/u_int32__type_support.cpp.o[0m
[54.068s] [ 65%] [32mBuilding CXX object CMakeFiles/example_interfaces__rosidl_typesupport_fastrtps_cpp.dir/rosidl_typesupport_fastrtps_cpp/example_interfaces/msg/detail/dds_fastrtps/int32_multi_array__type_support.cpp.o[0m
[54.078s] [ 65%] [32mBuilding CXX object CMakeFiles/example_interfaces__rosidl_typesupport_microxrcedds_cpp.dir/rosidl_typesupport_microxrcedds_cpp/example_interfaces/msg/detail/microxrcedds/multi_array_dimension__type_support_cpp.cpp.o[0m
[54.089s] [ 65%] [32mBuilding CXX object CMakeFiles/example_interfaces__rosidl_typesupport_fastrtps_c.dir/rosidl_typesupport_fastrtps_c/example_interfaces/msg/detail/int64_multi_array__type_support_c.cpp.o[0m
[54.233s] [ 65%] [32mBuilding CXX object CMakeFiles/example_interfaces__rosidl_typesupport_cpp.dir/rosidl_typesupport_cpp/example_interfaces/msg/u_int32_multi_array__type_support.cpp.o[0m
[54.702s] [ 66%] [32mBuilding CXX object CMakeFiles/example_interfaces__rosidl_typesupport_introspection_cpp.dir/rosidl_typesupport_introspection_cpp/example_interfaces/msg/detail/int8__type_support.cpp.o[0m
[54.806s] [ 66%] [32mBuilding CXX object CMakeFiles/example_interfaces__rosidl_typesupport_cpp.dir/rosidl_typesupport_cpp/example_interfaces/msg/u_int64__type_support.cpp.o[0m
[54.940s] [ 67%] [32mBuilding CXX object CMakeFiles/example_interfaces__rosidl_typesupport_microxrcedds_cpp.dir/rosidl_typesupport_microxrcedds_cpp/example_interfaces/msg/detail/microxrcedds/multi_array_layout__type_support_cpp.cpp.o[0m
[54.966s] [ 68%] [32mBuilding CXX object CMakeFiles/example_interfaces__rosidl_typesupport_fastrtps_c.dir/rosidl_typesupport_fastrtps_c/example_interfaces/msg/detail/int8_multi_array__type_support_c.cpp.o[0m
[55.213s] [ 68%] [32mBuilding CXX object CMakeFiles/example_interfaces__rosidl_typesupport_fastrtps_cpp.dir/rosidl_typesupport_fastrtps_cpp/example_interfaces/msg/detail/dds_fastrtps/int64__type_support.cpp.o[0m
[55.647s] [ 68%] [32mBuilding CXX object CMakeFiles/example_interfaces__rosidl_typesupport_fastrtps_c.dir/rosidl_typesupport_fastrtps_c/example_interfaces/msg/detail/multi_array_dimension__type_support_c.cpp.o[0m
[55.654s] [ 68%] [32mBuilding CXX object CMakeFiles/example_interfaces__rosidl_typesupport_cpp.dir/rosidl_typesupport_cpp/example_interfaces/msg/u_int64_multi_array__type_support.cpp.o[0m
[55.768s] [ 68%] [32mBuilding CXX object CMakeFiles/example_interfaces__rosidl_typesupport_introspection_cpp.dir/rosidl_typesupport_introspection_cpp/example_interfaces/msg/detail/multi_array_dimension__type_support.cpp.o[0m
[55.941s] [ 68%] [32mBuilding CXX object CMakeFiles/example_interfaces__rosidl_typesupport_microxrcedds_cpp.dir/rosidl_typesupport_microxrcedds_cpp/example_interfaces/msg/detail/microxrcedds/string__type_support_cpp.cpp.o[0m
[56.014s] [ 68%] [32mBuilding CXX object CMakeFiles/example_interfaces__rosidl_typesupport_fastrtps_cpp.dir/rosidl_typesupport_fastrtps_cpp/example_interfaces/msg/detail/dds_fastrtps/int64_multi_array__type_support.cpp.o[0m
[56.375s] [ 69%] [32mBuilding CXX object CMakeFiles/example_interfaces__rosidl_typesupport_cpp.dir/rosidl_typesupport_cpp/example_interfaces/msg/u_int8__type_support.cpp.o[0m
[56.461s] [ 69%] [32mBuilding CXX object CMakeFiles/example_interfaces__rosidl_typesupport_fastrtps_c.dir/rosidl_typesupport_fastrtps_c/example_interfaces/msg/detail/string__type_support_c.cpp.o[0m
[56.640s] [ 69%] [32mBuilding CXX object CMakeFiles/example_interfaces__rosidl_typesupport_introspection_cpp.dir/rosidl_typesupport_introspection_cpp/example_interfaces/msg/detail/int8_multi_array__type_support.cpp.o[0m
[56.771s] [ 69%] [32mBuilding CXX object CMakeFiles/example_interfaces__rosidl_typesupport_microxrcedds_cpp.dir/rosidl_typesupport_microxrcedds_cpp/example_interfaces/msg/detail/microxrcedds/u_int16__type_support_cpp.cpp.o[0m
[57.032s] [ 69%] [32mBuilding CXX object CMakeFiles/example_interfaces__rosidl_typesupport_cpp.dir/rosidl_typesupport_cpp/example_interfaces/msg/w_string__type_support.cpp.o[0m
[57.052s] [ 70%] [32mBuilding CXX object CMakeFiles/example_interfaces__rosidl_typesupport_fastrtps_cpp.dir/rosidl_typesupport_fastrtps_cpp/example_interfaces/msg/detail/dds_fastrtps/int8__type_support.cpp.o[0m
[57.152s] [ 70%] [32mBuilding CXX object CMakeFiles/example_interfaces__rosidl_typesupport_fastrtps_c.dir/rosidl_typesupport_fastrtps_c/example_interfaces/msg/detail/multi_array_layout__type_support_c.cpp.o[0m
[57.574s] [ 71%] [32mBuilding CXX object CMakeFiles/example_interfaces__rosidl_typesupport_introspection_cpp.dir/rosidl_typesupport_introspection_cpp/example_interfaces/msg/detail/multi_array_layout__type_support.cpp.o[0m
[57.705s] [ 71%] [32mBuilding CXX object CMakeFiles/example_interfaces__rosidl_typesupport_microxrcedds_cpp.dir/rosidl_typesupport_microxrcedds_cpp/example_interfaces/msg/detail/microxrcedds/u_int16_multi_array__type_support_cpp.cpp.o[0m
[57.802s] [ 72%] [32mBuilding CXX object CMakeFiles/example_interfaces__rosidl_typesupport_fastrtps_c.dir/rosidl_typesupport_fastrtps_c/example_interfaces/msg/detail/u_int16__type_support_c.cpp.o[0m
[57.841s] [ 72%] [32mBuilding CXX object CMakeFiles/example_interfaces__rosidl_typesupport_cpp.dir/rosidl_typesupport_cpp/example_interfaces/msg/u_int8_multi_array__type_support.cpp.o[0m
[58.070s] [ 72%] [32mBuilding CXX object CMakeFiles/example_interfaces__rosidl_typesupport_fastrtps_cpp.dir/rosidl_typesupport_fastrtps_cpp/example_interfaces/msg/detail/dds_fastrtps/int8_multi_array__type_support.cpp.o[0m
[58.431s] [ 72%] [32mBuilding CXX object CMakeFiles/example_interfaces__rosidl_typesupport_fastrtps_c.dir/rosidl_typesupport_fastrtps_c/example_interfaces/msg/detail/u_int16_multi_array__type_support_c.cpp.o[0m
[58.680s] [ 72%] [32mBuilding CXX object CMakeFiles/example_interfaces__rosidl_typesupport_cpp.dir/rosidl_typesupport_cpp/example_interfaces/srv/add_two_ints__type_support.cpp.o[0m
[58.691s] [ 73%] [32mBuilding CXX object CMakeFiles/example_interfaces__rosidl_typesupport_microxrcedds_cpp.dir/rosidl_typesupport_microxrcedds_cpp/example_interfaces/msg/detail/microxrcedds/u_int32__type_support_cpp.cpp.o[0m
[58.716s] [ 73%] [32mBuilding CXX object CMakeFiles/example_interfaces__rosidl_typesupport_introspection_cpp.dir/rosidl_typesupport_introspection_cpp/example_interfaces/msg/detail/string__type_support.cpp.o[0m
[59.005s] [ 73%] [32mBuilding CXX object CMakeFiles/example_interfaces__rosidl_typesupport_fastrtps_cpp.dir/rosidl_typesupport_fastrtps_cpp/example_interfaces/msg/detail/dds_fastrtps/multi_array_layout__type_support.cpp.o[0m
[59.303s] [ 74%] [32mBuilding CXX object CMakeFiles/example_interfaces__rosidl_typesupport_cpp.dir/rosidl_typesupport_cpp/example_interfaces/srv/set_bool__type_support.cpp.o[0m
[59.327s] [ 74%] [32mBuilding CXX object CMakeFiles/example_interfaces__rosidl_typesupport_fastrtps_c.dir/rosidl_typesupport_fastrtps_c/example_interfaces/msg/detail/u_int32__type_support_c.cpp.o[0m
[59.405s] [ 74%] [32mBuilding CXX object CMakeFiles/example_interfaces__rosidl_typesupport_microxrcedds_cpp.dir/rosidl_typesupport_microxrcedds_cpp/example_interfaces/msg/detail/microxrcedds/u_int32_multi_array__type_support_cpp.cpp.o[0m
[59.827s] [ 74%] [32mBuilding CXX object CMakeFiles/example_interfaces__rosidl_typesupport_introspection_cpp.dir/rosidl_typesupport_introspection_cpp/example_interfaces/msg/detail/u_int16_multi_array__type_support.cpp.o[0m
[60.091s] [ 74%] [32mBuilding CXX object CMakeFiles/example_interfaces__rosidl_typesupport_cpp.dir/rosidl_typesupport_cpp/example_interfaces/srv/trigger__type_support.cpp.o[0m
[60.150s] [ 74%] [32mBuilding CXX object CMakeFiles/example_interfaces__rosidl_typesupport_fastrtps_cpp.dir/rosidl_typesupport_fastrtps_cpp/example_interfaces/msg/detail/dds_fastrtps/multi_array_dimension__type_support.cpp.o[0m
[60.157s] [ 74%] [32mBuilding CXX object CMakeFiles/example_interfaces__rosidl_typesupport_microxrcedds_cpp.dir/rosidl_typesupport_microxrcedds_cpp/example_interfaces/msg/detail/microxrcedds/u_int64__type_support_cpp.cpp.o[0m
[60.252s] [ 75%] [32mBuilding CXX object CMakeFiles/example_interfaces__rosidl_typesupport_fastrtps_c.dir/rosidl_typesupport_fastrtps_c/example_interfaces/msg/detail/u_int32_multi_array__type_support_c.cpp.o[0m
[60.748s] [ 76%] [32mBuilding CXX object CMakeFiles/example_interfaces__rosidl_typesupport_introspection_cpp.dir/rosidl_typesupport_introspection_cpp/example_interfaces/msg/detail/u_int32__type_support.cpp.o[0m
[60.857s] [ 76%] [32m[1mLinking CXX shared library libexample_interfaces__rosidl_typesupport_cpp.so[0m
[60.915s] [ 76%] [32mBuilding CXX object CMakeFiles/example_interfaces__rosidl_typesupport_fastrtps_c.dir/rosidl_typesupport_fastrtps_c/example_interfaces/msg/detail/u_int64__type_support_c.cpp.o[0m
[60.983s] [ 76%] Built target example_interfaces__rosidl_typesupport_cpp
[61.023s] [ 77%] [32mBuilding CXX object CMakeFiles/example_interfaces__rosidl_typesupport_microxrcedds_cpp.dir/rosidl_typesupport_microxrcedds_cpp/example_interfaces/msg/detail/microxrcedds/u_int64_multi_array__type_support_cpp.cpp.o[0m
[61.243s] [ 77%] [32mBuilding CXX object CMakeFiles/example_interfaces__rosidl_typesupport_fastrtps_cpp.dir/rosidl_typesupport_fastrtps_cpp/example_interfaces/msg/detail/dds_fastrtps/u_int16__type_support.cpp.o[0m
[61.687s] [ 77%] [32mBuilding CXX object CMakeFiles/example_interfaces__rosidl_typesupport_fastrtps_c.dir/rosidl_typesupport_fastrtps_c/example_interfaces/msg/detail/u_int64_multi_array__type_support_c.cpp.o[0m
[61.709s] [ 77%] [32mBuilding CXX object CMakeFiles/example_interfaces__rosidl_typesupport_introspection_cpp.dir/rosidl_typesupport_introspection_cpp/example_interfaces/msg/detail/u_int64__type_support.cpp.o[0m
[61.781s] [ 77%] [32mBuilding CXX object CMakeFiles/example_interfaces__rosidl_typesupport_microxrcedds_cpp.dir/rosidl_typesupport_microxrcedds_cpp/example_interfaces/msg/detail/microxrcedds/u_int8__type_support_cpp.cpp.o[0m
[62.323s] [ 78%] [32mBuilding CXX object CMakeFiles/example_interfaces__rosidl_typesupport_fastrtps_cpp.dir/rosidl_typesupport_fastrtps_cpp/example_interfaces/msg/detail/dds_fastrtps/string__type_support.cpp.o[0m
[62.641s] [ 78%] [32mBuilding CXX object CMakeFiles/example_interfaces__rosidl_typesupport_microxrcedds_cpp.dir/rosidl_typesupport_microxrcedds_cpp/example_interfaces/msg/detail/microxrcedds/u_int8_multi_array__type_support_cpp.cpp.o[0m
[62.684s] [ 79%] [32mBuilding CXX object CMakeFiles/example_interfaces__rosidl_typesupport_fastrtps_c.dir/rosidl_typesupport_fastrtps_c/example_interfaces/msg/detail/u_int8_multi_array__type_support_c.cpp.o[0m
[62.706s] [ 79%] [32mBuilding CXX object CMakeFiles/example_interfaces__rosidl_typesupport_introspection_cpp.dir/rosidl_typesupport_introspection_cpp/example_interfaces/msg/detail/u_int32_multi_array__type_support.cpp.o[0m
[63.098s] [ 79%] [32mBuilding CXX object CMakeFiles/example_interfaces__rosidl_typesupport_fastrtps_cpp.dir/rosidl_typesupport_fastrtps_cpp/example_interfaces/msg/detail/dds_fastrtps/u_int16_multi_array__type_support.cpp.o[0m
[63.286s] [ 79%] [32mBuilding CXX object CMakeFiles/example_interfaces__rosidl_typesupport_microxrcedds_cpp.dir/rosidl_typesupport_microxrcedds_cpp/example_interfaces/msg/detail/microxrcedds/w_string__type_support_cpp.cpp.o[0m
[63.671s] [ 79%] [32mBuilding CXX object CMakeFiles/example_interfaces__rosidl_typesupport_fastrtps_c.dir/rosidl_typesupport_fastrtps_c/example_interfaces/msg/detail/w_string__type_support_c.cpp.o[0m
[63.872s] [ 79%] [32mBuilding CXX object CMakeFiles/example_interfaces__rosidl_typesupport_introspection_cpp.dir/rosidl_typesupport_introspection_cpp/example_interfaces/msg/detail/u_int16__type_support.cpp.o[0m
[63.917s] [ 79%] [32mBuilding CXX object CMakeFiles/example_interfaces__rosidl_typesupport_microxrcedds_cpp.dir/rosidl_typesupport_microxrcedds_cpp/example_interfaces/srv/detail/microxrcedds/set_bool__type_support_cpp.cpp.o[0m
[63.937s] [ 80%] [32mBuilding CXX object CMakeFiles/example_interfaces__rosidl_typesupport_fastrtps_cpp.dir/rosidl_typesupport_fastrtps_cpp/example_interfaces/msg/detail/dds_fastrtps/u_int32__type_support.cpp.o[0m
[64.579s] [ 81%] [32mBuilding CXX object CMakeFiles/example_interfaces__rosidl_typesupport_introspection_cpp.dir/rosidl_typesupport_introspection_cpp/example_interfaces/msg/detail/u_int8__type_support.cpp.o[0m
[64.636s] [ 81%] [32mBuilding CXX object CMakeFiles/example_interfaces__rosidl_typesupport_fastrtps_c.dir/rosidl_typesupport_fastrtps_c/example_interfaces/msg/detail/u_int8__type_support_c.cpp.o[0m
[64.664s] [ 81%] [32mBuilding CXX object CMakeFiles/example_interfaces__rosidl_typesupport_fastrtps_cpp.dir/rosidl_typesupport_fastrtps_cpp/example_interfaces/msg/detail/dds_fastrtps/u_int32_multi_array__type_support.cpp.o[0m
[64.751s] [ 82%] [32mBuilding CXX object CMakeFiles/example_interfaces__rosidl_typesupport_microxrcedds_cpp.dir/rosidl_typesupport_microxrcedds_cpp/example_interfaces/srv/detail/microxrcedds/add_two_ints__type_support_cpp.cpp.o[0m
[65.268s] [ 83%] [32mBuilding CXX object CMakeFiles/example_interfaces__rosidl_typesupport_fastrtps_c.dir/rosidl_typesupport_fastrtps_c/example_interfaces/srv/detail/set_bool__type_support_c.cpp.o[0m
[65.315s] [ 83%] [32mBuilding CXX object CMakeFiles/example_interfaces__rosidl_typesupport_microxrcedds_cpp.dir/rosidl_typesupport_microxrcedds_cpp/example_interfaces/srv/detail/microxrcedds/trigger__type_support_cpp.cpp.o[0m
[65.653s] [ 83%] [32mBuilding CXX object CMakeFiles/example_interfaces__rosidl_typesupport_introspection_cpp.dir/rosidl_typesupport_introspection_cpp/example_interfaces/msg/detail/u_int8_multi_array__type_support.cpp.o[0m
[65.855s] [ 83%] [32mBuilding CXX object CMakeFiles/example_interfaces__rosidl_typesupport_fastrtps_cpp.dir/rosidl_typesupport_fastrtps_cpp/example_interfaces/msg/detail/dds_fastrtps/u_int64__type_support.cpp.o[0m
[65.984s] [ 83%] [32mBuilding CXX object CMakeFiles/example_interfaces__rosidl_typesupport_fastrtps_c.dir/rosidl_typesupport_fastrtps_c/example_interfaces/srv/detail/trigger__type_support_c.cpp.o[0m
[66.023s] [ 84%] [32m[1mLinking CXX shared library libexample_interfaces__rosidl_typesupport_microxrcedds_cpp.so[0m
[66.245s] [ 84%] Built target example_interfaces__rosidl_typesupport_microxrcedds_cpp
[66.582s] [ 85%] [32mBuilding CXX object CMakeFiles/example_interfaces__rosidl_typesupport_introspection_cpp.dir/rosidl_typesupport_introspection_cpp/example_interfaces/srv/detail/add_two_ints__type_support.cpp.o[0m
[66.597s] [ 86%] [32mBuilding CXX object CMakeFiles/example_interfaces__rosidl_typesupport_fastrtps_cpp.dir/rosidl_typesupport_fastrtps_cpp/example_interfaces/msg/detail/dds_fastrtps/u_int8__type_support.cpp.o[0m
[66.721s] [ 86%] [32mBuilding CXX object CMakeFiles/example_interfaces__rosidl_typesupport_fastrtps_c.dir/rosidl_typesupport_fastrtps_c/example_interfaces/srv/detail/add_two_ints__type_support_c.cpp.o[0m
[67.276s] [ 86%] [32mBuilding CXX object CMakeFiles/example_interfaces__rosidl_typesupport_introspection_cpp.dir/rosidl_typesupport_introspection_cpp/example_interfaces/srv/detail/trigger__type_support.cpp.o[0m
[67.315s] [ 86%] [32mBuilding CXX object CMakeFiles/example_interfaces__rosidl_typesupport_fastrtps_cpp.dir/rosidl_typesupport_fastrtps_cpp/example_interfaces/msg/detail/dds_fastrtps/u_int8_multi_array__type_support.cpp.o[0m
[67.363s] [ 86%] [32m[1mLinking CXX shared library libexample_interfaces__rosidl_typesupport_fastrtps_c.so[0m
[67.515s] [ 86%] Built target example_interfaces__rosidl_typesupport_fastrtps_c
[67.942s] [ 86%] [32mBuilding CXX object CMakeFiles/example_interfaces__rosidl_typesupport_introspection_cpp.dir/rosidl_typesupport_introspection_cpp/example_interfaces/srv/detail/set_bool__type_support.cpp.o[0m
[68.121s] [ 86%] [32mBuilding CXX object CMakeFiles/example_interfaces__rosidl_typesupport_fastrtps_cpp.dir/rosidl_typesupport_fastrtps_cpp/example_interfaces/srv/detail/dds_fastrtps/set_bool__type_support.cpp.o[0m
[68.601s] [ 86%] [32mBuilding CXX object CMakeFiles/example_interfaces__rosidl_typesupport_introspection_cpp.dir/rosidl_typesupport_introspection_cpp/example_interfaces/msg/detail/w_string__type_support.cpp.o[0m
[68.811s] [ 86%] [32mBuilding CXX object CMakeFiles/example_interfaces__rosidl_typesupport_fastrtps_cpp.dir/rosidl_typesupport_fastrtps_cpp/example_interfaces/srv/detail/dds_fastrtps/trigger__type_support.cpp.o[0m
[69.287s] [ 86%] [32mBuilding CXX object CMakeFiles/example_interfaces__rosidl_typesupport_introspection_cpp.dir/rosidl_typesupport_introspection_cpp/example_interfaces/msg/detail/u_int64_multi_array__type_support.cpp.o[0m
[69.519s] [ 87%] [32mBuilding CXX object CMakeFiles/example_interfaces__rosidl_typesupport_fastrtps_cpp.dir/rosidl_typesupport_fastrtps_cpp/example_interfaces/srv/detail/dds_fastrtps/add_two_ints__type_support.cpp.o[0m
[70.006s] [ 87%] [32m[1mLinking CXX shared library libexample_interfaces__rosidl_typesupport_introspection_cpp.so[0m
[70.177s] [ 87%] Built target example_interfaces__rosidl_typesupport_introspection_cpp
[70.201s] [ 87%] [32mBuilding CXX object CMakeFiles/example_interfaces__rosidl_typesupport_fastrtps_cpp.dir/rosidl_typesupport_fastrtps_cpp/example_interfaces/msg/detail/dds_fastrtps/w_string__type_support.cpp.o[0m
[70.836s] [ 87%] [32mBuilding CXX object CMakeFiles/example_interfaces__rosidl_typesupport_fastrtps_cpp.dir/rosidl_typesupport_fastrtps_cpp/example_interfaces/msg/detail/dds_fastrtps/u_int64_multi_array__type_support.cpp.o[0m
[71.573s] [ 87%] [32m[1mLinking CXX shared library libexample_interfaces__rosidl_typesupport_fastrtps_cpp.so[0m
[71.746s] [ 87%] Built target example_interfaces__rosidl_typesupport_fastrtps_cpp
[71.787s] [ 87%] Built target example_interfaces
[71.827s] [ 87%] [34m[1mGenerating Python code for ROS interfaces[0m
[84.181s] [ 87%] Built target example_interfaces__py
[84.258s] [ 87%] [32mBuilding C object CMakeFiles/example_interfaces__rosidl_generator_py.dir/rosidl_generator_py/example_interfaces/action/_fibonacci_s.c.o[0m
[84.263s] [ 87%] [32mBuilding C object CMakeFiles/example_interfaces__rosidl_generator_py.dir/rosidl_generator_py/example_interfaces/msg/_bool_s.c.o[0m
[84.716s] [ 87%] [32mBuilding C object CMakeFiles/example_interfaces__rosidl_generator_py.dir/rosidl_generator_py/example_interfaces/msg/_float32_multi_array_s.c.o[0m
[84.916s] [ 87%] [32mBuilding C object CMakeFiles/example_interfaces__rosidl_generator_py.dir/rosidl_generator_py/example_interfaces/msg/_float64_s.c.o[0m
[85.156s] [ 88%] [32mBuilding C object CMakeFiles/example_interfaces__rosidl_generator_py.dir/rosidl_generator_py/example_interfaces/msg/_float64_multi_array_s.c.o[0m
[85.312s] [ 88%] [32mBuilding C object CMakeFiles/example_interfaces__rosidl_generator_py.dir/rosidl_generator_py/example_interfaces/msg/_int16_s.c.o[0m
[85.601s] [ 88%] [32mBuilding C object CMakeFiles/example_interfaces__rosidl_generator_py.dir/rosidl_generator_py/example_interfaces/msg/_int16_multi_array_s.c.o[0m
[85.689s] [ 88%] [32mBuilding C object CMakeFiles/example_interfaces__rosidl_generator_py.dir/rosidl_generator_py/example_interfaces/msg/_int32_s.c.o[0m
[86.031s] [ 89%] [32mBuilding C object CMakeFiles/example_interfaces__rosidl_generator_py.dir/rosidl_generator_py/example_interfaces/msg/_int32_multi_array_s.c.o[0m
[86.060s] [ 89%] [32mBuilding C object CMakeFiles/example_interfaces__rosidl_generator_py.dir/rosidl_generator_py/example_interfaces/msg/_int64_s.c.o[0m
[86.461s] [ 89%] [32mBuilding C object CMakeFiles/example_interfaces__rosidl_generator_py.dir/rosidl_generator_py/example_interfaces/msg/_int64_multi_array_s.c.o[0m
[86.594s] [ 90%] [32mBuilding C object CMakeFiles/example_interfaces__rosidl_generator_py.dir/rosidl_generator_py/example_interfaces/msg/_int8_s.c.o[0m
[86.812s] [ 90%] [32mBuilding C object CMakeFiles/example_interfaces__rosidl_generator_py.dir/rosidl_generator_py/example_interfaces/msg/_int8_multi_array_s.c.o[0m
[87.042s] [ 90%] [32mBuilding C object CMakeFiles/example_interfaces__rosidl_generator_py.dir/rosidl_generator_py/example_interfaces/msg/_multi_array_dimension_s.c.o[0m
[87.251s] [ 90%] [32mBuilding C object CMakeFiles/example_interfaces__rosidl_generator_py.dir/rosidl_generator_py/example_interfaces/msg/_multi_array_layout_s.c.o[0m
[87.477s] [ 91%] [32mBuilding C object CMakeFiles/example_interfaces__rosidl_generator_py.dir/rosidl_generator_py/example_interfaces/msg/_string_s.c.o[0m
[87.750s] [ 91%] [32mBuilding C object CMakeFiles/example_interfaces__rosidl_generator_py.dir/rosidl_generator_py/example_interfaces/msg/_u_int16_s.c.o[0m
[87.795s] [ 91%] [32mBuilding C object CMakeFiles/example_interfaces__rosidl_generator_py.dir/rosidl_generator_py/example_interfaces/msg/_u_int16_multi_array_s.c.o[0m
[87.856s] [ 91%] [32mBuilding C object CMakeFiles/example_interfaces__rosidl_generator_py.dir/rosidl_generator_py/example_interfaces/msg/_u_int32_s.c.o[0m
[88.211s] [ 92%] [32mBuilding C object CMakeFiles/example_interfaces__rosidl_generator_py.dir/rosidl_generator_py/example_interfaces/msg/_float32_s.c.o[0m
[88.397s] [ 93%] [32mBuilding C object CMakeFiles/example_interfaces__rosidl_generator_py.dir/rosidl_generator_py/example_interfaces/msg/_u_int32_multi_array_s.c.o[0m
[88.407s] [ 93%] [32mBuilding C object CMakeFiles/example_interfaces__rosidl_generator_py.dir/rosidl_generator_py/example_interfaces/msg/_u_int64_s.c.o[0m
[88.675s] [ 93%] [32mBuilding C object CMakeFiles/example_interfaces__rosidl_generator_py.dir/rosidl_generator_py/example_interfaces/msg/_u_int64_multi_array_s.c.o[0m
[88.900s] [ 94%] [32mBuilding C object CMakeFiles/example_interfaces__rosidl_generator_py.dir/rosidl_generator_py/example_interfaces/msg/_u_int8_s.c.o[0m
[88.954s] [ 94%] [32mBuilding C object CMakeFiles/example_interfaces__rosidl_generator_py.dir/rosidl_generator_py/example_interfaces/msg/_u_int8_multi_array_s.c.o[0m
[89.108s] [ 94%] [32mBuilding C object CMakeFiles/example_interfaces__rosidl_generator_py.dir/rosidl_generator_py/example_interfaces/msg/_w_string_s.c.o[0m
[89.585s] [ 94%] [32mBuilding C object CMakeFiles/example_interfaces__rosidl_generator_py.dir/rosidl_generator_py/example_interfaces/srv/_trigger_s.c.o[0m
[90.026s] [ 95%] [32mBuilding C object CMakeFiles/example_interfaces__rosidl_generator_py.dir/rosidl_generator_py/example_interfaces/srv/_set_bool_s.c.o[0m
[90.406s] [ 95%] [32mBuilding C object CMakeFiles/example_interfaces__rosidl_generator_py.dir/rosidl_generator_py/example_interfaces/srv/_add_two_ints_s.c.o[0m
[90.780s] [ 95%] [32mBuilding C object CMakeFiles/example_interfaces__rosidl_generator_py.dir/rosidl_generator_py/example_interfaces/msg/_empty_s.c.o[0m
[91.278s] [ 95%] [32mBuilding C object CMakeFiles/example_interfaces__rosidl_generator_py.dir/rosidl_generator_py/example_interfaces/msg/_char_s.c.o[0m
[91.672s] [ 95%] [32mBuilding C object CMakeFiles/example_interfaces__rosidl_generator_py.dir/rosidl_generator_py/example_interfaces/msg/_byte_multi_array_s.c.o[0m
[92.411s] [ 96%] [32mBuilding C object CMakeFiles/example_interfaces__rosidl_generator_py.dir/rosidl_generator_py/example_interfaces/msg/_byte_s.c.o[0m
[92.873s] [ 96%] [32m[1mLinking C shared library rosidl_generator_py/example_interfaces/libexample_interfaces__rosidl_generator_py.so[0m
[93.079s] [ 96%] Built target example_interfaces__rosidl_generator_py
[93.205s] [ 96%] [32mBuilding C object CMakeFiles/example_interfaces__rosidl_typesupport_microxrcedds_c__pyext.dir/rosidl_generator_py/example_interfaces/_example_interfaces_s.ep.rosidl_typesupport_microxrcedds_c.c.o[0m
[93.978s] [ 97%] [32m[1mLinking C shared library rosidl_generator_py/example_interfaces/example_interfaces_s__rosidl_typesupport_microxrcedds_c.cpython-310-x86_64-linux-gnu.so[0m
[94.189s] [ 97%] Built target example_interfaces__rosidl_typesupport_microxrcedds_c__pyext
[94.296s] [ 97%] [32mBuilding C object CMakeFiles/example_interfaces__rosidl_typesupport_c__pyext.dir/rosidl_generator_py/example_interfaces/_example_interfaces_s.ep.rosidl_typesupport_c.c.o[0m
[95.260s] [ 98%] [32m[1mLinking C shared library rosidl_generator_py/example_interfaces/example_interfaces_s__rosidl_typesupport_c.cpython-310-x86_64-linux-gnu.so[0m
[95.393s] [ 98%] Built target example_interfaces__rosidl_typesupport_c__pyext
[95.466s] [ 98%] [32mBuilding C object CMakeFiles/example_interfaces__rosidl_typesupport_introspection_c__pyext.dir/rosidl_generator_py/example_interfaces/_example_interfaces_s.ep.rosidl_typesupport_introspection_c.c.o[0m
[96.195s] [ 99%] [32m[1mLinking C shared library rosidl_generator_py/example_interfaces/example_interfaces_s__rosidl_typesupport_introspection_c.cpython-310-x86_64-linux-gnu.so[0m
[96.309s] [ 99%] Built target example_interfaces__rosidl_typesupport_introspection_c__pyext
[96.371s] [ 99%] [32mBuilding C object CMakeFiles/example_interfaces__rosidl_typesupport_fastrtps_c__pyext.dir/rosidl_generator_py/example_interfaces/_example_interfaces_s.ep.rosidl_typesupport_fastrtps_c.c.o[0m
[97.038s] [100%] [32m[1mLinking C shared library rosidl_generator_py/example_interfaces/example_interfaces_s__rosidl_typesupport_fastrtps_c.cpython-310-x86_64-linux-gnu.so[0m
[97.176s] [100%] Built target example_interfaces__rosidl_typesupport_fastrtps_c__pyext
