[0.062s] Invoking command in '/home/uwr/microROS_AUV/build/rosgraph_msgs': AMENT_PREFIX_PATH=/home/uwr/microROS_AUV/install/builtin_interfaces:${AMENT_PREFIX_PATH} CMAKE_PREFIX_PATH=/home/uwr/microROS_AUV/install/builtin_interfaces:/home/uwr/microROS_AUV/install/rosidl_typesupport_microxrcedds_cpp:/home/uwr/microROS_AUV/install/rosidl_typesupport_microxrcedds_c:/home/uwr/microROS_AUV/install/microcdr:/home/uwr/microROS_AUV/install/micro_ros_setup:/home/uwr/microROS_AUV/install/custom_interfaces:/home/uwr/Desktop/2024_UWR/install/kalman_filter:/home/uwr/Desktop/2024_UWR/install/sonar_msgs:/home/uwr/Desktop/2024_UWR/install/ros2-driver:/home/uwr/Desktop/2024_UWR/install/oculus_interfaces:/home/uwr/Desktop/2024_UWR/install/ntrip:/home/uwr/Desktop/2024_UWR/install/adnav-driver:/home/uwr/fls_ws/install/oculus_interfaces:/home/uwr/microROS_AUV/install/control_pkg:/home/uwr/Desktop/2024_UWR/install/sonar_subs:/opt/ros/humble LD_LIBRARY_PATH=/home/uwr/microROS_AUV/install/builtin_interfaces/lib:${LD_LIBRARY_PATH} PYTHONPATH=/home/uwr/microROS_AUV/install/builtin_interfaces/local/lib/python3.10/dist-packages:${PYTHONPATH} /usr/bin/cmake /home/uwr/microROS_AUV/src/ros2/rcl_interfaces/rosgraph_msgs -DBUILD_TESTING=OFF -DBUILD_SHARED_LIBS=ON -DCMAKE_INSTALL_PREFIX=/home/uwr/microROS_AUV/install/rosgraph_msgs
[3.398s] -- The C compiler identification is GNU 11.4.0
[3.398s] -- The CXX compiler identification is GNU 11.4.0
[3.399s] -- Detecting C compiler ABI info
[3.399s] -- Detecting C compiler ABI info - done
[3.399s] -- Check for working C compiler: /usr/bin/cc - skipped
[3.399s] -- Detecting C compile features
[3.399s] -- Detecting C compile features - done
[3.400s] -- Detecting CXX compiler ABI info
[3.400s] -- Detecting CXX compiler ABI info - done
[3.400s] -- Check for working CXX compiler: /usr/bin/c++ - skipped
[3.400s] -- Detecting CXX compile features
[3.400s] -- Detecting CXX compile features - done
[3.400s] -- Found ament_cmake: 1.3.10 (/opt/ros/humble/share/ament_cmake/cmake)
[3.401s] -- Found Python3: /usr/bin/python3 (found version "3.10.12") found components: Interpreter 
[3.401s] -- Found builtin_interfaces: 1.2.2 (/home/uwr/microROS_AUV/install/builtin_interfaces/share/builtin_interfaces/cmake)
[3.401s] -- Found rosidl_generator_c: 3.1.5 (/opt/ros/humble/share/rosidl_generator_c/cmake)
[3.401s] -- Found rosidl_adapter: 3.1.5 (/opt/ros/humble/share/rosidl_adapter/cmake)
[3.401s] -- Found rosidl_generator_cpp: 3.1.5 (/opt/ros/humble/share/rosidl_generator_cpp/cmake)
[3.402s] -- Using all available rosidl_typesupport_c: rosidl_typesupport_microxrcedds_c;rosidl_typesupport_fastrtps_c;rosidl_typesupport_introspection_c
[3.402s] -- Using all available rosidl_typesupport_cpp: rosidl_typesupport_microxrcedds_cpp;rosidl_typesupport_fastrtps_cpp;rosidl_typesupport_introspection_cpp
[3.402s] -- Found rosidl_default_generators: 1.2.0 (/opt/ros/humble/share/rosidl_default_generators/cmake)
[3.402s] -- Found ament_cmake_ros: 0.10.0 (/opt/ros/humble/share/ament_cmake_ros/cmake)
[3.966s] -- Using all available rosidl_typesupport_c: rosidl_typesupport_microxrcedds_c;rosidl_typesupport_fastrtps_c;rosidl_typesupport_introspection_c
[4.495s] -- Using all available rosidl_typesupport_cpp: rosidl_typesupport_microxrcedds_cpp;rosidl_typesupport_fastrtps_cpp;rosidl_typesupport_introspection_cpp
[4.575s] -- Found PythonInterp: /usr/bin/python3 (found suitable version "3.10.12", minimum required is "3.6") 
[4.603s] -- Found python_cmake_module: 0.10.0 (/opt/ros/humble/share/python_cmake_module/cmake)
[4.683s] -- Found PythonLibs: /usr/lib/x86_64-linux-gnu/libpython3.10.so (found suitable version "3.10.12", minimum required is "3.5") 
[4.683s] -- Using PYTHON_EXECUTABLE: /usr/bin/python3
[4.683s] -- Using PYTHON_INCLUDE_DIRS: /usr/include/python3.10
[4.683s] -- Using PYTHON_LIBRARIES: /usr/lib/x86_64-linux-gnu/libpython3.10.so
[4.754s] -- Found PythonExtra: .so  
[4.885s] -- Configuring done
[4.968s] -- Generating done
[4.976s] -- Build files have been written to: /home/uwr/microROS_AUV/build/rosgraph_msgs
[5.109s] Invoked command in '/home/uwr/microROS_AUV/build/rosgraph_msgs' returned '0': AMENT_PREFIX_PATH=/home/uwr/microROS_AUV/install/builtin_interfaces:${AMENT_PREFIX_PATH} CMAKE_PREFIX_PATH=/home/uwr/microROS_AUV/install/builtin_interfaces:/home/uwr/microROS_AUV/install/rosidl_typesupport_microxrcedds_cpp:/home/uwr/microROS_AUV/install/rosidl_typesupport_microxrcedds_c:/home/uwr/microROS_AUV/install/microcdr:/home/uwr/microROS_AUV/install/micro_ros_setup:/home/uwr/microROS_AUV/install/custom_interfaces:/home/uwr/Desktop/2024_UWR/install/kalman_filter:/home/uwr/Desktop/2024_UWR/install/sonar_msgs:/home/uwr/Desktop/2024_UWR/install/ros2-driver:/home/uwr/Desktop/2024_UWR/install/oculus_interfaces:/home/uwr/Desktop/2024_UWR/install/ntrip:/home/uwr/Desktop/2024_UWR/install/adnav-driver:/home/uwr/fls_ws/install/oculus_interfaces:/home/uwr/microROS_AUV/install/control_pkg:/home/uwr/Desktop/2024_UWR/install/sonar_subs:/opt/ros/humble LD_LIBRARY_PATH=/home/uwr/microROS_AUV/install/builtin_interfaces/lib:${LD_LIBRARY_PATH} PYTHONPATH=/home/uwr/microROS_AUV/install/builtin_interfaces/local/lib/python3.10/dist-packages:${PYTHONPATH} /usr/bin/cmake /home/uwr/microROS_AUV/src/ros2/rcl_interfaces/rosgraph_msgs -DBUILD_TESTING=OFF -DBUILD_SHARED_LIBS=ON -DCMAKE_INSTALL_PREFIX=/home/uwr/microROS_AUV/install/rosgraph_msgs
[5.111s] Invoking command in '/home/uwr/microROS_AUV/build/rosgraph_msgs': AMENT_PREFIX_PATH=/home/uwr/microROS_AUV/install/builtin_interfaces:${AMENT_PREFIX_PATH} CMAKE_PREFIX_PATH=/home/uwr/microROS_AUV/install/builtin_interfaces:/home/uwr/microROS_AUV/install/rosidl_typesupport_microxrcedds_cpp:/home/uwr/microROS_AUV/install/rosidl_typesupport_microxrcedds_c:/home/uwr/microROS_AUV/install/microcdr:/home/uwr/microROS_AUV/install/micro_ros_setup:/home/uwr/microROS_AUV/install/custom_interfaces:/home/uwr/Desktop/2024_UWR/install/kalman_filter:/home/uwr/Desktop/2024_UWR/install/sonar_msgs:/home/uwr/Desktop/2024_UWR/install/ros2-driver:/home/uwr/Desktop/2024_UWR/install/oculus_interfaces:/home/uwr/Desktop/2024_UWR/install/ntrip:/home/uwr/Desktop/2024_UWR/install/adnav-driver:/home/uwr/fls_ws/install/oculus_interfaces:/home/uwr/microROS_AUV/install/control_pkg:/home/uwr/Desktop/2024_UWR/install/sonar_subs:/opt/ros/humble LD_LIBRARY_PATH=/home/uwr/microROS_AUV/install/builtin_interfaces/lib:${LD_LIBRARY_PATH} PYTHONPATH=/home/uwr/microROS_AUV/install/builtin_interfaces/local/lib/python3.10/dist-packages:${PYTHONPATH} /usr/bin/cmake --build /home/uwr/microROS_AUV/build/rosgraph_msgs -- -j8 -l8
[5.141s] [  2%] [34m[1mGenerating C++ code for ROS interfaces[0m
[6.022s] [  2%] Built target rosgraph_msgs__cpp
[6.090s] [  2%] Built target ament_cmake_python_copy_rosgraph_msgs
[6.117s] [  5%] [34m[1mGenerating C++ introspection for ROS interfaces[0m
[7.010s] [  7%] [32mBuilding CXX object CMakeFiles/rosgraph_msgs__rosidl_typesupport_introspection_cpp.dir/rosidl_typesupport_introspection_cpp/rosgraph_msgs/msg/detail/clock__type_support.cpp.o[0m
[8.175s] [ 10%] [32m[1mLinking CXX shared library librosgraph_msgs__rosidl_typesupport_introspection_cpp.so[0m
[8.354s] [ 10%] Built target rosgraph_msgs__rosidl_typesupport_introspection_cpp
[9.235s] running egg_info
[9.241s] creating rosgraph_msgs.egg-info
[9.241s] writing rosgraph_msgs.egg-info/PKG-INFO
[9.242s] writing dependency_links to rosgraph_msgs.egg-info/dependency_links.txt
[9.242s] writing top-level names to rosgraph_msgs.egg-info/top_level.txt
[9.242s] writing manifest file 'rosgraph_msgs.egg-info/SOURCES.txt'
[9.248s] reading manifest file 'rosgraph_msgs.egg-info/SOURCES.txt'
[9.250s] writing manifest file 'rosgraph_msgs.egg-info/SOURCES.txt'
[9.317s] [ 10%] Built target ament_cmake_python_build_rosgraph_msgs_egg
[9.349s] [ 12%] [34m[1mGenerating C++ type support for eProsima Micro XRCE-DDS[0m
[10.184s] [ 15%] [32mBuilding CXX object CMakeFiles/rosgraph_msgs__rosidl_typesupport_microxrcedds_cpp.dir/rosidl_typesupport_microxrcedds_cpp/rosgraph_msgs/msg/detail/microxrcedds/clock__type_support_cpp.cpp.o[0m
[11.054s] [ 17%] [32m[1mLinking CXX shared library librosgraph_msgs__rosidl_typesupport_microxrcedds_cpp.so[0m
[11.188s] [ 17%] Built target rosgraph_msgs__rosidl_typesupport_microxrcedds_cpp
[11.214s] [ 20%] [34m[1mGenerating C++ type support for eProsima Fast-RTPS[0m
[12.066s] [ 23%] [32mBuilding CXX object CMakeFiles/rosgraph_msgs__rosidl_typesupport_fastrtps_cpp.dir/rosidl_typesupport_fastrtps_cpp/rosgraph_msgs/msg/detail/dds_fastrtps/clock__type_support.cpp.o[0m
[13.189s] [ 25%] [32m[1mLinking CXX shared library librosgraph_msgs__rosidl_typesupport_fastrtps_cpp.so[0m
[13.396s] [ 25%] Built target rosgraph_msgs__rosidl_typesupport_fastrtps_cpp
[13.421s] [ 28%] [34m[1mGenerating C++ type support dispatch for ROS interfaces[0m
[14.163s] [ 30%] [32mBuilding CXX object CMakeFiles/rosgraph_msgs__rosidl_typesupport_cpp.dir/rosidl_typesupport_cpp/rosgraph_msgs/msg/clock__type_support.cpp.o[0m
[14.940s] [ 33%] [32m[1mLinking CXX shared library librosgraph_msgs__rosidl_typesupport_cpp.so[0m
[15.046s] [ 33%] Built target rosgraph_msgs__rosidl_typesupport_cpp
[15.066s] [ 35%] [34m[1mGenerating C code for ROS interfaces[0m
[15.903s] [ 38%] [32mBuilding C object CMakeFiles/rosgraph_msgs__rosidl_generator_c.dir/rosidl_generator_c/rosgraph_msgs/msg/detail/clock__functions.c.o[0m
[16.029s] [ 41%] [32m[1mLinking C shared library librosgraph_msgs__rosidl_generator_c.so[0m
[16.116s] [ 41%] Built target rosgraph_msgs__rosidl_generator_c
[16.142s] [ 43%] [34m[1mGenerating C type support for eProsima Fast-RTPS[0m
[16.988s] [ 46%] [32mBuilding CXX object CMakeFiles/rosgraph_msgs__rosidl_typesupport_fastrtps_c.dir/rosidl_typesupport_fastrtps_c/rosgraph_msgs/msg/detail/clock__type_support_c.cpp.o[0m
[17.810s] [ 48%] [32m[1mLinking CXX shared library librosgraph_msgs__rosidl_typesupport_fastrtps_c.so[0m
[17.956s] [ 48%] Built target rosgraph_msgs__rosidl_typesupport_fastrtps_c
[17.973s] [ 51%] [34m[1mGenerating C type support dispatch for ROS interfaces[0m
[18.448s] [ 53%] [32mBuilding CXX object CMakeFiles/rosgraph_msgs__rosidl_typesupport_c.dir/rosidl_typesupport_c/rosgraph_msgs/msg/clock__type_support.cpp.o[0m
[18.501s] [ 56%] [32m[1mLinking CXX shared library librosgraph_msgs__rosidl_typesupport_c.so[0m
[18.572s] [ 56%] Built target rosgraph_msgs__rosidl_typesupport_c
[18.589s] [ 58%] [34m[1mGenerating C introspection for ROS interfaces[0m
[19.163s] [ 61%] [32mBuilding C object CMakeFiles/rosgraph_msgs__rosidl_typesupport_introspection_c.dir/rosidl_typesupport_introspection_c/rosgraph_msgs/msg/detail/clock__type_support.c.o[0m
[19.246s] [ 64%] [32m[1mLinking C shared library librosgraph_msgs__rosidl_typesupport_introspection_c.so[0m
[19.310s] [ 64%] Built target rosgraph_msgs__rosidl_typesupport_introspection_c
[19.333s] [ 66%] [34m[1mGenerating C type support for eProsima Micro XRCE-DDS[0m
[20.143s] [ 69%] [32mBuilding C object CMakeFiles/rosgraph_msgs__rosidl_typesupport_microxrcedds_c.dir/rosidl_typesupport_microxrcedds_c/rosgraph_msgs/msg/detail/microxrcedds/clock__type_support_c.c.o[0m
[20.264s] [ 71%] [32m[1mLinking C shared library librosgraph_msgs__rosidl_typesupport_microxrcedds_c.so[0m
[20.365s] [ 71%] Built target rosgraph_msgs__rosidl_typesupport_microxrcedds_c
[20.415s] [ 71%] Built target rosgraph_msgs
[20.471s] [ 74%] [34m[1mGenerating Python code for ROS interfaces[0m
[21.483s] [ 74%] Built target rosgraph_msgs__py
[21.534s] [ 76%] [32mBuilding C object CMakeFiles/rosgraph_msgs__rosidl_generator_py.dir/rosidl_generator_py/rosgraph_msgs/msg/_clock_s.c.o[0m
[21.721s] [ 79%] [32m[1mLinking C shared library rosidl_generator_py/rosgraph_msgs/librosgraph_msgs__rosidl_generator_py.so[0m
[21.789s] [ 79%] Built target rosgraph_msgs__rosidl_generator_py
[21.826s] [ 82%] [32mBuilding C object CMakeFiles/rosgraph_msgs__rosidl_typesupport_microxrcedds_c__pyext.dir/rosidl_generator_py/rosgraph_msgs/_rosgraph_msgs_s.ep.rosidl_typesupport_microxrcedds_c.c.o[0m
[22.027s] [ 84%] [32m[1mLinking C shared library rosidl_generator_py/rosgraph_msgs/rosgraph_msgs_s__rosidl_typesupport_microxrcedds_c.cpython-310-x86_64-linux-gnu.so[0m
[22.128s] [ 84%] Built target rosgraph_msgs__rosidl_typesupport_microxrcedds_c__pyext
[22.179s] [ 87%] [32mBuilding C object CMakeFiles/rosgraph_msgs__rosidl_typesupport_c__pyext.dir/rosidl_generator_py/rosgraph_msgs/_rosgraph_msgs_s.ep.rosidl_typesupport_c.c.o[0m
[22.468s] [ 89%] [32m[1mLinking C shared library rosidl_generator_py/rosgraph_msgs/rosgraph_msgs_s__rosidl_typesupport_c.cpython-310-x86_64-linux-gnu.so[0m
[22.564s] [ 89%] Built target rosgraph_msgs__rosidl_typesupport_c__pyext
[22.620s] [ 92%] [32mBuilding C object CMakeFiles/rosgraph_msgs__rosidl_typesupport_introspection_c__pyext.dir/rosidl_generator_py/rosgraph_msgs/_rosgraph_msgs_s.ep.rosidl_typesupport_introspection_c.c.o[0m
[22.921s] [ 94%] [32m[1mLinking C shared library rosidl_generator_py/rosgraph_msgs/rosgraph_msgs_s__rosidl_typesupport_introspection_c.cpython-310-x86_64-linux-gnu.so[0m
[23.019s] [ 94%] Built target rosgraph_msgs__rosidl_typesupport_introspection_c__pyext
[23.066s] [ 97%] [32mBuilding C object CMakeFiles/rosgraph_msgs__rosidl_typesupport_fastrtps_c__pyext.dir/rosidl_generator_py/rosgraph_msgs/_rosgraph_msgs_s.ep.rosidl_typesupport_fastrtps_c.c.o[0m
[23.263s] [100%] [32m[1mLinking C shared library rosidl_generator_py/rosgraph_msgs/rosgraph_msgs_s__rosidl_typesupport_fastrtps_c.cpython-310-x86_64-linux-gnu.so[0m
[23.359s] [100%] Built target rosgraph_msgs__rosidl_typesupport_fastrtps_c__pyext
[23.421s] Invoked command in '/home/uwr/microROS_AUV/build/rosgraph_msgs' returned '0': AMENT_PREFIX_PATH=/home/uwr/microROS_AUV/install/builtin_interfaces:${AMENT_PREFIX_PATH} CMAKE_PREFIX_PATH=/home/uwr/microROS_AUV/install/builtin_interfaces:/home/uwr/microROS_AUV/install/rosidl_typesupport_microxrcedds_cpp:/home/uwr/microROS_AUV/install/rosidl_typesupport_microxrcedds_c:/home/uwr/microROS_AUV/install/microcdr:/home/uwr/microROS_AUV/install/micro_ros_setup:/home/uwr/microROS_AUV/install/custom_interfaces:/home/uwr/Desktop/2024_UWR/install/kalman_filter:/home/uwr/Desktop/2024_UWR/install/sonar_msgs:/home/uwr/Desktop/2024_UWR/install/ros2-driver:/home/uwr/Desktop/2024_UWR/install/oculus_interfaces:/home/uwr/Desktop/2024_UWR/install/ntrip:/home/uwr/Desktop/2024_UWR/install/adnav-driver:/home/uwr/fls_ws/install/oculus_interfaces:/home/uwr/microROS_AUV/install/control_pkg:/home/uwr/Desktop/2024_UWR/install/sonar_subs:/opt/ros/humble LD_LIBRARY_PATH=/home/uwr/microROS_AUV/install/builtin_interfaces/lib:${LD_LIBRARY_PATH} PYTHONPATH=/home/uwr/microROS_AUV/install/builtin_interfaces/local/lib/python3.10/dist-packages:${PYTHONPATH} /usr/bin/cmake --build /home/uwr/microROS_AUV/build/rosgraph_msgs -- -j8 -l8
[23.592s] Invoking command in '/home/uwr/microROS_AUV/build/rosgraph_msgs': AMENT_PREFIX_PATH=/home/uwr/microROS_AUV/install/builtin_interfaces:${AMENT_PREFIX_PATH} CMAKE_PREFIX_PATH=/home/uwr/microROS_AUV/install/builtin_interfaces:/home/uwr/microROS_AUV/install/rosidl_typesupport_microxrcedds_cpp:/home/uwr/microROS_AUV/install/rosidl_typesupport_microxrcedds_c:/home/uwr/microROS_AUV/install/microcdr:/home/uwr/microROS_AUV/install/micro_ros_setup:/home/uwr/microROS_AUV/install/custom_interfaces:/home/uwr/Desktop/2024_UWR/install/kalman_filter:/home/uwr/Desktop/2024_UWR/install/sonar_msgs:/home/uwr/Desktop/2024_UWR/install/ros2-driver:/home/uwr/Desktop/2024_UWR/install/oculus_interfaces:/home/uwr/Desktop/2024_UWR/install/ntrip:/home/uwr/Desktop/2024_UWR/install/adnav-driver:/home/uwr/fls_ws/install/oculus_interfaces:/home/uwr/microROS_AUV/install/control_pkg:/home/uwr/Desktop/2024_UWR/install/sonar_subs:/opt/ros/humble LD_LIBRARY_PATH=/home/uwr/microROS_AUV/install/builtin_interfaces/lib:${LD_LIBRARY_PATH} PYTHONPATH=/home/uwr/microROS_AUV/install/builtin_interfaces/local/lib/python3.10/dist-packages:${PYTHONPATH} /usr/bin/cmake --install /home/uwr/microROS_AUV/build/rosgraph_msgs
[32.812s] -- Install configuration: ""
[32.813s] -- Installing: /home/uwr/microROS_AUV/install/rosgraph_msgs/share/ament_index/resource_index/rosidl_interfaces/rosgraph_msgs
[32.813s] -- Installing: /home/uwr/microROS_AUV/install/rosgraph_msgs/include/rosgraph_msgs/rosgraph_msgs
[32.814s] -- Installing: /home/uwr/microROS_AUV/install/rosgraph_msgs/include/rosgraph_msgs/rosgraph_msgs/msg
[32.814s] -- Installing: /home/uwr/microROS_AUV/install/rosgraph_msgs/include/rosgraph_msgs/rosgraph_msgs/msg/rosidl_generator_c__visibility_control.h
[32.814s] -- Installing: /home/uwr/microROS_AUV/install/rosgraph_msgs/include/rosgraph_msgs/rosgraph_msgs/msg/detail
[32.814s] -- Installing: /home/uwr/microROS_AUV/install/rosgraph_msgs/include/rosgraph_msgs/rosgraph_msgs/msg/detail/clock__struct.h
[32.814s] -- Installing: /home/uwr/microROS_AUV/install/rosgraph_msgs/include/rosgraph_msgs/rosgraph_msgs/msg/detail/clock__functions.h
[32.815s] -- Installing: /home/uwr/microROS_AUV/install/rosgraph_msgs/include/rosgraph_msgs/rosgraph_msgs/msg/detail/clock__functions.c
[32.815s] -- Installing: /home/uwr/microROS_AUV/install/rosgraph_msgs/include/rosgraph_msgs/rosgraph_msgs/msg/detail/clock__type_support.h
[32.815s] -- Installing: /home/uwr/microROS_AUV/install/rosgraph_msgs/include/rosgraph_msgs/rosgraph_msgs/msg/clock.h
[32.815s] -- Installing: /home/uwr/microROS_AUV/install/rosgraph_msgs/share/rosgraph_msgs/environment/library_path.sh
[32.815s] -- Installing: /home/uwr/microROS_AUV/install/rosgraph_msgs/share/rosgraph_msgs/environment/library_path.dsv
[32.816s] -- Installing: /home/uwr/microROS_AUV/install/rosgraph_msgs/lib/librosgraph_msgs__rosidl_generator_c.so
[32.816s] -- Set runtime path of "/home/uwr/microROS_AUV/install/rosgraph_msgs/lib/librosgraph_msgs__rosidl_generator_c.so" to ""
[32.816s] -- Up-to-date: /home/uwr/microROS_AUV/install/rosgraph_msgs/include/rosgraph_msgs/rosgraph_msgs
[32.816s] -- Up-to-date: /home/uwr/microROS_AUV/install/rosgraph_msgs/include/rosgraph_msgs/rosgraph_msgs/msg
[32.816s] -- Up-to-date: /home/uwr/microROS_AUV/install/rosgraph_msgs/include/rosgraph_msgs/rosgraph_msgs/msg/detail
[32.817s] -- Installing: /home/uwr/microROS_AUV/install/rosgraph_msgs/include/rosgraph_msgs/rosgraph_msgs/msg/detail/clock__rosidl_typesupport_fastrtps_c.h
[32.817s] -- Installing: /home/uwr/microROS_AUV/install/rosgraph_msgs/include/rosgraph_msgs/rosgraph_msgs/msg/rosidl_typesupport_fastrtps_c__visibility_control.h
[32.817s] -- Installing: /home/uwr/microROS_AUV/install/rosgraph_msgs/lib/librosgraph_msgs__rosidl_typesupport_fastrtps_c.so
[32.817s] -- Set runtime path of "/home/uwr/microROS_AUV/install/rosgraph_msgs/lib/librosgraph_msgs__rosidl_typesupport_fastrtps_c.so" to ""
[32.817s] -- Up-to-date: /home/uwr/microROS_AUV/install/rosgraph_msgs/include/rosgraph_msgs/rosgraph_msgs
[32.818s] -- Up-to-date: /home/uwr/microROS_AUV/install/rosgraph_msgs/include/rosgraph_msgs/rosgraph_msgs/msg
[32.818s] -- Installing: /home/uwr/microROS_AUV/install/rosgraph_msgs/include/rosgraph_msgs/rosgraph_msgs/msg/clock.hpp
[32.818s] -- Up-to-date: /home/uwr/microROS_AUV/install/rosgraph_msgs/include/rosgraph_msgs/rosgraph_msgs/msg/detail
[32.818s] -- Installing: /home/uwr/microROS_AUV/install/rosgraph_msgs/include/rosgraph_msgs/rosgraph_msgs/msg/detail/clock__traits.hpp
[32.818s] -- Installing: /home/uwr/microROS_AUV/install/rosgraph_msgs/include/rosgraph_msgs/rosgraph_msgs/msg/detail/clock__builder.hpp
[32.818s] -- Installing: /home/uwr/microROS_AUV/install/rosgraph_msgs/include/rosgraph_msgs/rosgraph_msgs/msg/detail/clock__struct.hpp
[32.819s] -- Up-to-date: /home/uwr/microROS_AUV/install/rosgraph_msgs/include/rosgraph_msgs/rosgraph_msgs
[32.820s] -- Up-to-date: /home/uwr/microROS_AUV/install/rosgraph_msgs/include/rosgraph_msgs/rosgraph_msgs/msg
[32.820s] -- Up-to-date: /home/uwr/microROS_AUV/install/rosgraph_msgs/include/rosgraph_msgs/rosgraph_msgs/msg/detail
[32.821s] -- Installing: /home/uwr/microROS_AUV/install/rosgraph_msgs/include/rosgraph_msgs/rosgraph_msgs/msg/detail/clock__rosidl_typesupport_fastrtps_cpp.hpp
[32.821s] -- Installing: /home/uwr/microROS_AUV/install/rosgraph_msgs/include/rosgraph_msgs/rosgraph_msgs/msg/detail/dds_fastrtps
[32.821s] -- Installing: /home/uwr/microROS_AUV/install/rosgraph_msgs/include/rosgraph_msgs/rosgraph_msgs/msg/rosidl_typesupport_fastrtps_cpp__visibility_control.h
[32.821s] -- Installing: /home/uwr/microROS_AUV/install/rosgraph_msgs/lib/librosgraph_msgs__rosidl_typesupport_fastrtps_cpp.so
[32.822s] -- Set runtime path of "/home/uwr/microROS_AUV/install/rosgraph_msgs/lib/librosgraph_msgs__rosidl_typesupport_fastrtps_cpp.so" to ""
[32.822s] -- Up-to-date: /home/uwr/microROS_AUV/install/rosgraph_msgs/include/rosgraph_msgs
[32.822s] -- Installing: /home/uwr/microROS_AUV/install/rosgraph_msgs/include/rosgraph_msgs/msg
[32.822s] -- Installing: /home/uwr/microROS_AUV/install/rosgraph_msgs/include/rosgraph_msgs/msg/rosidl_typesupport_microxrcedds_c__visibility_control.h
[32.822s] -- Installing: /home/uwr/microROS_AUV/install/rosgraph_msgs/include/rosgraph_msgs/msg/detail
[32.823s] -- Installing: /home/uwr/microROS_AUV/install/rosgraph_msgs/include/rosgraph_msgs/msg/detail/clock__rosidl_typesupport_microxrcedds_c.h
[32.823s] -- Installing: /home/uwr/microROS_AUV/install/rosgraph_msgs/include/rosgraph_msgs/msg/detail/microxrcedds
[32.823s] -- Installing: /home/uwr/microROS_AUV/install/rosgraph_msgs/lib/librosgraph_msgs__rosidl_typesupport_microxrcedds_c.so
[32.823s] -- Set runtime path of "/home/uwr/microROS_AUV/install/rosgraph_msgs/lib/librosgraph_msgs__rosidl_typesupport_microxrcedds_c.so" to ""
[32.824s] -- Up-to-date: /home/uwr/microROS_AUV/install/rosgraph_msgs/include/rosgraph_msgs/rosgraph_msgs
[32.824s] -- Up-to-date: /home/uwr/microROS_AUV/install/rosgraph_msgs/include/rosgraph_msgs/rosgraph_msgs/msg
[32.824s] -- Installing: /home/uwr/microROS_AUV/install/rosgraph_msgs/include/rosgraph_msgs/rosgraph_msgs/msg/rosidl_typesupport_introspection_c__visibility_control.h
[32.824s] -- Up-to-date: /home/uwr/microROS_AUV/install/rosgraph_msgs/include/rosgraph_msgs/rosgraph_msgs/msg/detail
[32.824s] -- Installing: /home/uwr/microROS_AUV/install/rosgraph_msgs/include/rosgraph_msgs/rosgraph_msgs/msg/detail/clock__rosidl_typesupport_introspection_c.h
[32.825s] -- Installing: /home/uwr/microROS_AUV/install/rosgraph_msgs/include/rosgraph_msgs/rosgraph_msgs/msg/detail/clock__type_support.c
[32.825s] -- Installing: /home/uwr/microROS_AUV/install/rosgraph_msgs/lib/librosgraph_msgs__rosidl_typesupport_introspection_c.so
[32.825s] -- Set runtime path of "/home/uwr/microROS_AUV/install/rosgraph_msgs/lib/librosgraph_msgs__rosidl_typesupport_introspection_c.so" to ""
[32.825s] -- Installing: /home/uwr/microROS_AUV/install/rosgraph_msgs/lib/librosgraph_msgs__rosidl_typesupport_c.so
[32.825s] -- Set runtime path of "/home/uwr/microROS_AUV/install/rosgraph_msgs/lib/librosgraph_msgs__rosidl_typesupport_c.so" to ""
[32.825s] -- Up-to-date: /home/uwr/microROS_AUV/install/rosgraph_msgs/include/rosgraph_msgs
[32.826s] -- Up-to-date: /home/uwr/microROS_AUV/install/rosgraph_msgs/include/rosgraph_msgs/msg
[32.826s] -- Installing: /home/uwr/microROS_AUV/install/rosgraph_msgs/include/rosgraph_msgs/msg/rosidl_typesupport_microxrcedds_cpp__visibility_control.h
[32.826s] -- Up-to-date: /home/uwr/microROS_AUV/install/rosgraph_msgs/include/rosgraph_msgs/msg/detail
[32.826s] -- Up-to-date: /home/uwr/microROS_AUV/install/rosgraph_msgs/include/rosgraph_msgs/msg/detail/microxrcedds
[32.826s] -- Installing: /home/uwr/microROS_AUV/install/rosgraph_msgs/include/rosgraph_msgs/msg/detail/microxrcedds/clock__type_support_cpp.cpp
[32.827s] -- Installing: /home/uwr/microROS_AUV/install/rosgraph_msgs/include/rosgraph_msgs/msg/detail/clock__rosidl_typesupport_microxrcedds_cpp.hpp
[32.827s] -- Installing: /home/uwr/microROS_AUV/install/rosgraph_msgs/lib/librosgraph_msgs__rosidl_typesupport_microxrcedds_cpp.so
[32.827s] -- Set runtime path of "/home/uwr/microROS_AUV/install/rosgraph_msgs/lib/librosgraph_msgs__rosidl_typesupport_microxrcedds_cpp.so" to ""
[32.828s] -- Up-to-date: /home/uwr/microROS_AUV/install/rosgraph_msgs/include/rosgraph_msgs/rosgraph_msgs
[32.830s] -- Up-to-date: /home/uwr/microROS_AUV/install/rosgraph_msgs/include/rosgraph_msgs/rosgraph_msgs/msg
[32.831s] -- Up-to-date: /home/uwr/microROS_AUV/install/rosgraph_msgs/include/rosgraph_msgs/rosgraph_msgs/msg/detail
[32.831s] -- Installing: /home/uwr/microROS_AUV/install/rosgraph_msgs/include/rosgraph_msgs/rosgraph_msgs/msg/detail/clock__type_support.cpp
[32.831s] -- Installing: /home/uwr/microROS_AUV/install/rosgraph_msgs/include/rosgraph_msgs/rosgraph_msgs/msg/detail/clock__rosidl_typesupport_introspection_cpp.hpp
[32.832s] -- Installing: /home/uwr/microROS_AUV/install/rosgraph_msgs/lib/librosgraph_msgs__rosidl_typesupport_introspection_cpp.so
[32.832s] -- Set runtime path of "/home/uwr/microROS_AUV/install/rosgraph_msgs/lib/librosgraph_msgs__rosidl_typesupport_introspection_cpp.so" to ""
[32.832s] -- Installing: /home/uwr/microROS_AUV/install/rosgraph_msgs/lib/librosgraph_msgs__rosidl_typesupport_cpp.so
[32.832s] -- Set runtime path of "/home/uwr/microROS_AUV/install/rosgraph_msgs/lib/librosgraph_msgs__rosidl_typesupport_cpp.so" to ""
[32.832s] -- Installing: /home/uwr/microROS_AUV/install/rosgraph_msgs/share/rosgraph_msgs/environment/pythonpath.sh
[32.832s] -- Installing: /home/uwr/microROS_AUV/install/rosgraph_msgs/share/rosgraph_msgs/environment/pythonpath.dsv
[32.832s] -- Installing: /home/uwr/microROS_AUV/install/rosgraph_msgs/local/lib/python3.10/dist-packages/rosgraph_msgs-1.2.2-py3.10.egg-info
[32.833s] -- Installing: /home/uwr/microROS_AUV/install/rosgraph_msgs/local/lib/python3.10/dist-packages/rosgraph_msgs-1.2.2-py3.10.egg-info/top_level.txt
[32.833s] -- Installing: /home/uwr/microROS_AUV/install/rosgraph_msgs/local/lib/python3.10/dist-packages/rosgraph_msgs-1.2.2-py3.10.egg-info/dependency_links.txt
[32.833s] -- Installing: /home/uwr/microROS_AUV/install/rosgraph_msgs/local/lib/python3.10/dist-packages/rosgraph_msgs-1.2.2-py3.10.egg-info/PKG-INFO
[32.833s] -- Installing: /home/uwr/microROS_AUV/install/rosgraph_msgs/local/lib/python3.10/dist-packages/rosgraph_msgs-1.2.2-py3.10.egg-info/SOURCES.txt
[32.833s] -- Installing: /home/uwr/microROS_AUV/install/rosgraph_msgs/local/lib/python3.10/dist-packages/rosgraph_msgs
[32.833s] -- Installing: /home/uwr/microROS_AUV/install/rosgraph_msgs/local/lib/python3.10/dist-packages/rosgraph_msgs/_rosgraph_msgs_s.ep.rosidl_typesupport_fastrtps_c.c
[32.833s] -- Installing: /home/uwr/microROS_AUV/install/rosgraph_msgs/local/lib/python3.10/dist-packages/rosgraph_msgs/rosgraph_msgs_s__rosidl_typesupport_fastrtps_c.cpython-310-x86_64-linux-gnu.so
[32.834s] -- Installing: /home/uwr/microROS_AUV/install/rosgraph_msgs/local/lib/python3.10/dist-packages/rosgraph_msgs/rosgraph_msgs_s__rosidl_typesupport_microxrcedds_c.cpython-310-x86_64-linux-gnu.so
[32.834s] -- Installing: /home/uwr/microROS_AUV/install/rosgraph_msgs/local/lib/python3.10/dist-packages/rosgraph_msgs/_rosgraph_msgs_s.ep.rosidl_typesupport_introspection_c.c
[32.834s] -- Installing: /home/uwr/microROS_AUV/install/rosgraph_msgs/local/lib/python3.10/dist-packages/rosgraph_msgs/_rosgraph_msgs_s.ep.rosidl_typesupport_c.c
[32.834s] -- Installing: /home/uwr/microROS_AUV/install/rosgraph_msgs/local/lib/python3.10/dist-packages/rosgraph_msgs/librosgraph_msgs__rosidl_generator_py.so
[32.834s] -- Installing: /home/uwr/microROS_AUV/install/rosgraph_msgs/local/lib/python3.10/dist-packages/rosgraph_msgs/_rosgraph_msgs_s.ep.rosidl_typesupport_microxrcedds_c.c
[32.834s] -- Installing: /home/uwr/microROS_AUV/install/rosgraph_msgs/local/lib/python3.10/dist-packages/rosgraph_msgs/msg
[32.835s] -- Installing: /home/uwr/microROS_AUV/install/rosgraph_msgs/local/lib/python3.10/dist-packages/rosgraph_msgs/msg/_clock.py
[32.835s] -- Installing: /home/uwr/microROS_AUV/install/rosgraph_msgs/local/lib/python3.10/dist-packages/rosgraph_msgs/msg/__init__.py
[32.835s] -- Installing: /home/uwr/microROS_AUV/install/rosgraph_msgs/local/lib/python3.10/dist-packages/rosgraph_msgs/msg/_clock_s.c
[32.835s] -- Installing: /home/uwr/microROS_AUV/install/rosgraph_msgs/local/lib/python3.10/dist-packages/rosgraph_msgs/rosgraph_msgs_s__rosidl_typesupport_introspection_c.cpython-310-x86_64-linux-gnu.so
[32.835s] -- Installing: /home/uwr/microROS_AUV/install/rosgraph_msgs/local/lib/python3.10/dist-packages/rosgraph_msgs/__init__.py
[32.835s] -- Installing: /home/uwr/microROS_AUV/install/rosgraph_msgs/local/lib/python3.10/dist-packages/rosgraph_msgs/rosgraph_msgs_s__rosidl_typesupport_c.cpython-310-x86_64-linux-gnu.so
[32.836s] Listing '/home/uwr/microROS_AUV/install/rosgraph_msgs/local/lib/python3.10/dist-packages/rosgraph_msgs'...
[32.836s] Compiling '/home/uwr/microROS_AUV/install/rosgraph_msgs/local/lib/python3.10/dist-packages/rosgraph_msgs/__init__.py'...
[32.836s] Listing '/home/uwr/microROS_AUV/install/rosgraph_msgs/local/lib/python3.10/dist-packages/rosgraph_msgs/msg'...
[32.836s] Compiling '/home/uwr/microROS_AUV/install/rosgraph_msgs/local/lib/python3.10/dist-packages/rosgraph_msgs/msg/__init__.py'...
[32.836s] Compiling '/home/uwr/microROS_AUV/install/rosgraph_msgs/local/lib/python3.10/dist-packages/rosgraph_msgs/msg/_clock.py'...
[32.836s] -- Installing: /home/uwr/microROS_AUV/install/rosgraph_msgs/local/lib/python3.10/dist-packages/rosgraph_msgs/rosgraph_msgs_s__rosidl_typesupport_microxrcedds_c.cpython-310-x86_64-linux-gnu.so
[32.836s] -- Set runtime path of "/home/uwr/microROS_AUV/install/rosgraph_msgs/local/lib/python3.10/dist-packages/rosgraph_msgs/rosgraph_msgs_s__rosidl_typesupport_microxrcedds_c.cpython-310-x86_64-linux-gnu.so" to ""
[32.837s] -- Installing: /home/uwr/microROS_AUV/install/rosgraph_msgs/local/lib/python3.10/dist-packages/rosgraph_msgs/rosgraph_msgs_s__rosidl_typesupport_fastrtps_c.cpython-310-x86_64-linux-gnu.so
[32.837s] -- Set runtime path of "/home/uwr/microROS_AUV/install/rosgraph_msgs/local/lib/python3.10/dist-packages/rosgraph_msgs/rosgraph_msgs_s__rosidl_typesupport_fastrtps_c.cpython-310-x86_64-linux-gnu.so" to ""
[32.837s] -- Installing: /home/uwr/microROS_AUV/install/rosgraph_msgs/local/lib/python3.10/dist-packages/rosgraph_msgs/rosgraph_msgs_s__rosidl_typesupport_introspection_c.cpython-310-x86_64-linux-gnu.so
[32.837s] -- Set runtime path of "/home/uwr/microROS_AUV/install/rosgraph_msgs/local/lib/python3.10/dist-packages/rosgraph_msgs/rosgraph_msgs_s__rosidl_typesupport_introspection_c.cpython-310-x86_64-linux-gnu.so" to ""
[32.837s] -- Installing: /home/uwr/microROS_AUV/install/rosgraph_msgs/local/lib/python3.10/dist-packages/rosgraph_msgs/rosgraph_msgs_s__rosidl_typesupport_c.cpython-310-x86_64-linux-gnu.so
[32.837s] -- Set runtime path of "/home/uwr/microROS_AUV/install/rosgraph_msgs/local/lib/python3.10/dist-packages/rosgraph_msgs/rosgraph_msgs_s__rosidl_typesupport_c.cpython-310-x86_64-linux-gnu.so" to ""
[32.838s] -- Installing: /home/uwr/microROS_AUV/install/rosgraph_msgs/lib/librosgraph_msgs__rosidl_generator_py.so
[32.838s] -- Set runtime path of "/home/uwr/microROS_AUV/install/rosgraph_msgs/lib/librosgraph_msgs__rosidl_generator_py.so" to ""
[32.838s] -- Installing: /home/uwr/microROS_AUV/install/rosgraph_msgs/share/rosgraph_msgs/msg/Clock.idl
[32.838s] -- Installing: /home/uwr/microROS_AUV/install/rosgraph_msgs/share/rosgraph_msgs/msg/Clock.msg
[32.838s] -- Installing: /home/uwr/microROS_AUV/install/rosgraph_msgs/share/ament_index/resource_index/package_run_dependencies/rosgraph_msgs
[32.838s] -- Installing: /home/uwr/microROS_AUV/install/rosgraph_msgs/share/ament_index/resource_index/parent_prefix_path/rosgraph_msgs
[32.838s] -- Installing: /home/uwr/microROS_AUV/install/rosgraph_msgs/share/rosgraph_msgs/environment/ament_prefix_path.sh
[32.839s] -- Installing: /home/uwr/microROS_AUV/install/rosgraph_msgs/share/rosgraph_msgs/environment/ament_prefix_path.dsv
[32.839s] -- Installing: /home/uwr/microROS_AUV/install/rosgraph_msgs/share/rosgraph_msgs/environment/path.sh
[32.839s] -- Installing: /home/uwr/microROS_AUV/install/rosgraph_msgs/share/rosgraph_msgs/environment/path.dsv
[32.839s] -- Installing: /home/uwr/microROS_AUV/install/rosgraph_msgs/share/rosgraph_msgs/local_setup.bash
[32.839s] -- Installing: /home/uwr/microROS_AUV/install/rosgraph_msgs/share/rosgraph_msgs/local_setup.sh
[32.839s] -- Installing: /home/uwr/microROS_AUV/install/rosgraph_msgs/share/rosgraph_msgs/local_setup.zsh
[32.840s] -- Installing: /home/uwr/microROS_AUV/install/rosgraph_msgs/share/rosgraph_msgs/local_setup.dsv
[32.840s] -- Installing: /home/uwr/microROS_AUV/install/rosgraph_msgs/share/rosgraph_msgs/package.dsv
[32.840s] -- Installing: /home/uwr/microROS_AUV/install/rosgraph_msgs/share/ament_index/resource_index/packages/rosgraph_msgs
[32.840s] -- Installing: /home/uwr/microROS_AUV/install/rosgraph_msgs/share/rosgraph_msgs/cmake/export_rosgraph_msgs__rosidl_generator_cExport.cmake
[32.841s] -- Installing: /home/uwr/microROS_AUV/install/rosgraph_msgs/share/rosgraph_msgs/cmake/export_rosgraph_msgs__rosidl_generator_cExport-noconfig.cmake
[32.841s] -- Installing: /home/uwr/microROS_AUV/install/rosgraph_msgs/share/rosgraph_msgs/cmake/export_rosgraph_msgs__rosidl_typesupport_fastrtps_cExport.cmake
[32.841s] -- Installing: /home/uwr/microROS_AUV/install/rosgraph_msgs/share/rosgraph_msgs/cmake/export_rosgraph_msgs__rosidl_typesupport_fastrtps_cExport-noconfig.cmake
[32.841s] -- Installing: /home/uwr/microROS_AUV/install/rosgraph_msgs/share/rosgraph_msgs/cmake/export_rosgraph_msgs__rosidl_generator_cppExport.cmake
[32.841s] -- Installing: /home/uwr/microROS_AUV/install/rosgraph_msgs/share/rosgraph_msgs/cmake/export_rosgraph_msgs__rosidl_typesupport_fastrtps_cppExport.cmake
[32.842s] -- Installing: /home/uwr/microROS_AUV/install/rosgraph_msgs/share/rosgraph_msgs/cmake/export_rosgraph_msgs__rosidl_typesupport_fastrtps_cppExport-noconfig.cmake
[32.842s] -- Installing: /home/uwr/microROS_AUV/install/rosgraph_msgs/share/rosgraph_msgs/cmake/rosgraph_msgs__rosidl_typesupport_introspection_cExport.cmake
[32.842s] -- Installing: /home/uwr/microROS_AUV/install/rosgraph_msgs/share/rosgraph_msgs/cmake/rosgraph_msgs__rosidl_typesupport_introspection_cExport-noconfig.cmake
[32.842s] -- Installing: /home/uwr/microROS_AUV/install/rosgraph_msgs/share/rosgraph_msgs/cmake/rosgraph_msgs__rosidl_typesupport_cExport.cmake
[32.842s] -- Installing: /home/uwr/microROS_AUV/install/rosgraph_msgs/share/rosgraph_msgs/cmake/rosgraph_msgs__rosidl_typesupport_cExport-noconfig.cmake
[32.843s] -- Installing: /home/uwr/microROS_AUV/install/rosgraph_msgs/share/rosgraph_msgs/cmake/rosgraph_msgs__rosidl_typesupport_introspection_cppExport.cmake
[32.843s] -- Installing: /home/uwr/microROS_AUV/install/rosgraph_msgs/share/rosgraph_msgs/cmake/rosgraph_msgs__rosidl_typesupport_introspection_cppExport-noconfig.cmake
[32.843s] -- Installing: /home/uwr/microROS_AUV/install/rosgraph_msgs/share/rosgraph_msgs/cmake/rosgraph_msgs__rosidl_typesupport_cppExport.cmake
[32.843s] -- Installing: /home/uwr/microROS_AUV/install/rosgraph_msgs/share/rosgraph_msgs/cmake/rosgraph_msgs__rosidl_typesupport_cppExport-noconfig.cmake
[32.843s] -- Installing: /home/uwr/microROS_AUV/install/rosgraph_msgs/share/rosgraph_msgs/cmake/export_rosgraph_msgs__rosidl_generator_pyExport.cmake
[32.843s] -- Installing: /home/uwr/microROS_AUV/install/rosgraph_msgs/share/rosgraph_msgs/cmake/export_rosgraph_msgs__rosidl_generator_pyExport-noconfig.cmake
[32.844s] -- Installing: /home/uwr/microROS_AUV/install/rosgraph_msgs/share/rosgraph_msgs/cmake/rosidl_cmake-extras.cmake
[32.844s] -- Installing: /home/uwr/microROS_AUV/install/rosgraph_msgs/share/rosgraph_msgs/cmake/ament_cmake_export_dependencies-extras.cmake
[32.844s] -- Installing: /home/uwr/microROS_AUV/install/rosgraph_msgs/share/rosgraph_msgs/cmake/ament_cmake_export_include_directories-extras.cmake
[32.844s] -- Installing: /home/uwr/microROS_AUV/install/rosgraph_msgs/share/rosgraph_msgs/cmake/ament_cmake_export_libraries-extras.cmake
[32.844s] -- Installing: /home/uwr/microROS_AUV/install/rosgraph_msgs/share/rosgraph_msgs/cmake/ament_cmake_export_targets-extras.cmake
[32.845s] -- Installing: /home/uwr/microROS_AUV/install/rosgraph_msgs/share/rosgraph_msgs/cmake/rosidl_cmake_export_typesupport_targets-extras.cmake
[32.845s] -- Installing: /home/uwr/microROS_AUV/install/rosgraph_msgs/share/rosgraph_msgs/cmake/rosidl_cmake_export_typesupport_libraries-extras.cmake
[32.845s] -- Installing: /home/uwr/microROS_AUV/install/rosgraph_msgs/share/rosgraph_msgs/cmake/rosgraph_msgsConfig.cmake
[32.845s] -- Installing: /home/uwr/microROS_AUV/install/rosgraph_msgs/share/rosgraph_msgs/cmake/rosgraph_msgsConfig-version.cmake
[32.845s] -- Installing: /home/uwr/microROS_AUV/install/rosgraph_msgs/share/rosgraph_msgs/package.xml
[32.847s] Invoked command in '/home/uwr/microROS_AUV/build/rosgraph_msgs' returned '0': AMENT_PREFIX_PATH=/home/uwr/microROS_AUV/install/builtin_interfaces:${AMENT_PREFIX_PATH} CMAKE_PREFIX_PATH=/home/uwr/microROS_AUV/install/builtin_interfaces:/home/uwr/microROS_AUV/install/rosidl_typesupport_microxrcedds_cpp:/home/uwr/microROS_AUV/install/rosidl_typesupport_microxrcedds_c:/home/uwr/microROS_AUV/install/microcdr:/home/uwr/microROS_AUV/install/micro_ros_setup:/home/uwr/microROS_AUV/install/custom_interfaces:/home/uwr/Desktop/2024_UWR/install/kalman_filter:/home/uwr/Desktop/2024_UWR/install/sonar_msgs:/home/uwr/Desktop/2024_UWR/install/ros2-driver:/home/uwr/Desktop/2024_UWR/install/oculus_interfaces:/home/uwr/Desktop/2024_UWR/install/ntrip:/home/uwr/Desktop/2024_UWR/install/adnav-driver:/home/uwr/fls_ws/install/oculus_interfaces:/home/uwr/microROS_AUV/install/control_pkg:/home/uwr/Desktop/2024_UWR/install/sonar_subs:/opt/ros/humble LD_LIBRARY_PATH=/home/uwr/microROS_AUV/install/builtin_interfaces/lib:${LD_LIBRARY_PATH} PYTHONPATH=/home/uwr/microROS_AUV/install/builtin_interfaces/local/lib/python3.10/dist-packages:${PYTHONPATH} /usr/bin/cmake --install /home/uwr/microROS_AUV/build/rosgraph_msgs
