[0.248s] Invoking command in '/home/uwr/microROS_AUV/build/complex_msgs': CMAKE_PREFIX_PATH=/home/uwr/microROS_AUV/install/builtin_interfaces:/home/uwr/microROS_AUV/install/action_msgs:/home/uwr/microROS_AUV/install/unique_identifier_msgs:/home/uwr/microROS_AUV/install/std_srvs:/home/uwr/microROS_AUV/install/statistics_msgs:/home/uwr/microROS_AUV/install/rosidl_typesupport_microxrcedds_test_msg:/home/uwr/microROS_AUV/install/rosidl_typesupport_microxrcedds_cpp_tests:/home/uwr/microROS_AUV/install/rmw_microxrcedds:/home/uwr/microROS_AUV/install/rosidl_typesupport_microxrcedds_cpp:/home/uwr/microROS_AUV/install/rosidl_typesupport_microxrcedds_c_tests:/home/uwr/microROS_AUV/install/rosidl_typesupport_microxrcedds_c:/home/uwr/microROS_AUV/install/rosgraph_msgs:/home/uwr/microROS_AUV/install/microxrcedds_client:/home/uwr/microROS_AUV/install/microcdr:/home/uwr/microROS_AUV/install/micro_ros_utilities:/home/uwr/microROS_AUV/install/micro_ros_msgs:/home/uwr/microROS_AUV/install/complex_msgs:/home/uwr/microROS_AUV/install/micro_ros_setup:/home/uwr/microROS_AUV/install/custom_interfaces:/home/uwr/Desktop/2024_UWR/install/kalman_filter:/home/uwr/Desktop/2024_UWR/install/sonar_msgs:/home/uwr/Desktop/2024_UWR/install/ros2-driver:/home/uwr/Desktop/2024_UWR/install/oculus_interfaces:/home/uwr/Desktop/2024_UWR/install/ntrip:/home/uwr/Desktop/2024_UWR/install/adnav-driver:/home/uwr/fls_ws/install/oculus_interfaces:/home/uwr/microROS_AUV/install/control_pkg:/home/uwr/Desktop/2024_UWR/install/sonar_subs:/opt/ros/humble LD_LIBRARY_PATH=/home/uwr/microROS_AUV/install/builtin_interfaces/lib:/home/uwr/microROS_AUV/install/action_msgs/lib:/home/uwr/microROS_AUV/install/unique_identifier_msgs/lib:/home/uwr/microROS_AUV/install/std_srvs/lib:/home/uwr/microROS_AUV/install/statistics_msgs/lib:/home/uwr/microROS_AUV/install/rmw_microxrcedds/lib:/home/uwr/microROS_AUV/install/rosidl_typesupport_microxrcedds_cpp/lib:/home/uwr/microROS_AUV/install/rosidl_typesupport_microxrcedds_c/lib:/home/uwr/microROS_AUV/install/rosgraph_msgs/lib:/home/uwr/microROS_AUV/install/microxrcedds_client/lib:/home/uwr/microROS_AUV/install/microcdr/lib:/home/uwr/microROS_AUV/install/micro_ros_utilities/lib:/home/uwr/microROS_AUV/install/micro_ros_msgs/lib:/home/uwr/microROS_AUV/install/complex_msgs/lib:/home/uwr/microROS_AUV/install/custom_interfaces/lib:/home/uwr/oculus_driver/install/lib:/home/uwr/Desktop/2024_UWR/install/sonar_msgs/lib:/home/uwr/Desktop/2024_UWR/install/oculus_interfaces/lib:/home/uwr/fls_ws/install/oculus_interfaces/lib:/opt/ros/humble/opt/rviz_ogre_vendor/lib:/opt/ros/humble/lib/x86_64-linux-gnu:/opt/ros/humble/lib /usr/bin/cmake --build /home/uwr/microROS_AUV/build/complex_msgs -- -j8 -l8
[0.538s] [35m[1mConsolidate compiler generated dependencies of target complex_msgs__rosidl_generator_c[0m
[0.601s] [  0%] Built target ament_cmake_python_copy_complex_msgs
[0.642s] [  8%] Built target complex_msgs__rosidl_generator_c
[0.686s] [ 10%] Built target complex_msgs__cpp
[0.777s] [35m[1mConsolidate compiler generated dependencies of target complex_msgs__rosidl_typesupport_fastrtps_cpp[0m
[0.798s] [35m[1mConsolidate compiler generated dependencies of target complex_msgs__rosidl_typesupport_fastrtps_c[0m
[0.798s] [35m[1mConsolidate compiler generated dependencies of target complex_msgs__rosidl_typesupport_c[0m
[0.802s] [35m[1mConsolidate compiler generated dependencies of target complex_msgs__rosidl_typesupport_introspection_c[0m
[0.830s] [35m[1mConsolidate compiler generated dependencies of target complex_msgs__rosidl_typesupport_microxrcedds_c[0m
[0.907s] [ 18%] Built target complex_msgs__rosidl_typesupport_fastrtps_cpp
[0.919s] [ 26%] Built target complex_msgs__rosidl_typesupport_fastrtps_c
[0.919s] [ 34%] Built target complex_msgs__rosidl_typesupport_c
[0.966s] [35m[1mConsolidate compiler generated dependencies of target complex_msgs__rosidl_typesupport_microxrcedds_cpp[0m
[0.983s] [ 42%] Built target complex_msgs__rosidl_typesupport_microxrcedds_c
[0.983s] [35m[1mConsolidate compiler generated dependencies of target complex_msgs__rosidl_typesupport_cpp[0m
[0.986s] [ 51%] Built target complex_msgs__rosidl_typesupport_introspection_c
[1.009s] [35m[1mConsolidate compiler generated dependencies of target complex_msgs__rosidl_typesupport_introspection_cpp[0m
[1.029s] [ 59%] Built target complex_msgs__rosidl_typesupport_microxrcedds_cpp
[1.036s] [ 67%] Built target complex_msgs__rosidl_typesupport_cpp
[1.143s] [ 75%] Built target complex_msgs__rosidl_typesupport_introspection_cpp
[1.269s] [ 75%] Built target complex_msgs
[1.394s] [ 77%] Built target complex_msgs__py
[1.509s] [35m[1mConsolidate compiler generated dependencies of target complex_msgs__rosidl_generator_py[0m
[1.641s] [ 83%] Built target complex_msgs__rosidl_generator_py
[1.791s] [35m[1mConsolidate compiler generated dependencies of target complex_msgs__rosidl_typesupport_introspection_c__pyext[0m
[1.794s] [35m[1mConsolidate compiler generated dependencies of target complex_msgs__rosidl_typesupport_c__pyext[0m
[1.814s] [35m[1mConsolidate compiler generated dependencies of target complex_msgs__rosidl_typesupport_microxrcedds_c__pyext[0m
[1.826s] [35m[1mConsolidate compiler generated dependencies of target complex_msgs__rosidl_typesupport_fastrtps_c__pyext[0m
[1.869s] [ 87%] Built target complex_msgs__rosidl_typesupport_c__pyext
[1.875s] [ 91%] Built target complex_msgs__rosidl_typesupport_introspection_c__pyext
[1.889s] [ 95%] Built target complex_msgs__rosidl_typesupport_fastrtps_c__pyext
[1.893s] [100%] Built target complex_msgs__rosidl_typesupport_microxrcedds_c__pyext
[2.021s] running egg_info
[2.026s] writing complex_msgs.egg-info/PKG-INFO
[2.026s] writing dependency_links to complex_msgs.egg-info/dependency_links.txt
[2.027s] writing top-level names to complex_msgs.egg-info/top_level.txt
[2.034s] reading manifest file 'complex_msgs.egg-info/SOURCES.txt'
[2.038s] writing manifest file 'complex_msgs.egg-info/SOURCES.txt'
[2.122s] [100%] Built target ament_cmake_python_build_complex_msgs_egg
[2.201s] Invoked command in '/home/uwr/microROS_AUV/build/complex_msgs' returned '0': CMAKE_PREFIX_PATH=/home/uwr/microROS_AUV/install/builtin_interfaces:/home/uwr/microROS_AUV/install/action_msgs:/home/uwr/microROS_AUV/install/unique_identifier_msgs:/home/uwr/microROS_AUV/install/std_srvs:/home/uwr/microROS_AUV/install/statistics_msgs:/home/uwr/microROS_AUV/install/rosidl_typesupport_microxrcedds_test_msg:/home/uwr/microROS_AUV/install/rosidl_typesupport_microxrcedds_cpp_tests:/home/uwr/microROS_AUV/install/rmw_microxrcedds:/home/uwr/microROS_AUV/install/rosidl_typesupport_microxrcedds_cpp:/home/uwr/microROS_AUV/install/rosidl_typesupport_microxrcedds_c_tests:/home/uwr/microROS_AUV/install/rosidl_typesupport_microxrcedds_c:/home/uwr/microROS_AUV/install/rosgraph_msgs:/home/uwr/microROS_AUV/install/microxrcedds_client:/home/uwr/microROS_AUV/install/microcdr:/home/uwr/microROS_AUV/install/micro_ros_utilities:/home/uwr/microROS_AUV/install/micro_ros_msgs:/home/uwr/microROS_AUV/install/complex_msgs:/home/uwr/microROS_AUV/install/micro_ros_setup:/home/uwr/microROS_AUV/install/custom_interfaces:/home/uwr/Desktop/2024_UWR/install/kalman_filter:/home/uwr/Desktop/2024_UWR/install/sonar_msgs:/home/uwr/Desktop/2024_UWR/install/ros2-driver:/home/uwr/Desktop/2024_UWR/install/oculus_interfaces:/home/uwr/Desktop/2024_UWR/install/ntrip:/home/uwr/Desktop/2024_UWR/install/adnav-driver:/home/uwr/fls_ws/install/oculus_interfaces:/home/uwr/microROS_AUV/install/control_pkg:/home/uwr/Desktop/2024_UWR/install/sonar_subs:/opt/ros/humble LD_LIBRARY_PATH=/home/uwr/microROS_AUV/install/builtin_interfaces/lib:/home/uwr/microROS_AUV/install/action_msgs/lib:/home/uwr/microROS_AUV/install/unique_identifier_msgs/lib:/home/uwr/microROS_AUV/install/std_srvs/lib:/home/uwr/microROS_AUV/install/statistics_msgs/lib:/home/uwr/microROS_AUV/install/rmw_microxrcedds/lib:/home/uwr/microROS_AUV/install/rosidl_typesupport_microxrcedds_cpp/lib:/home/uwr/microROS_AUV/install/rosidl_typesupport_microxrcedds_c/lib:/home/uwr/microROS_AUV/install/rosgraph_msgs/lib:/home/uwr/microROS_AUV/install/microxrcedds_client/lib:/home/uwr/microROS_AUV/install/microcdr/lib:/home/uwr/microROS_AUV/install/micro_ros_utilities/lib:/home/uwr/microROS_AUV/install/micro_ros_msgs/lib:/home/uwr/microROS_AUV/install/complex_msgs/lib:/home/uwr/microROS_AUV/install/custom_interfaces/lib:/home/uwr/oculus_driver/install/lib:/home/uwr/Desktop/2024_UWR/install/sonar_msgs/lib:/home/uwr/Desktop/2024_UWR/install/oculus_interfaces/lib:/home/uwr/fls_ws/install/oculus_interfaces/lib:/opt/ros/humble/opt/rviz_ogre_vendor/lib:/opt/ros/humble/lib/x86_64-linux-gnu:/opt/ros/humble/lib /usr/bin/cmake --build /home/uwr/microROS_AUV/build/complex_msgs -- -j8 -l8
[2.703s] Invoking command in '/home/uwr/microROS_AUV/build/complex_msgs': CMAKE_PREFIX_PATH=/home/uwr/microROS_AUV/install/builtin_interfaces:/home/uwr/microROS_AUV/install/action_msgs:/home/uwr/microROS_AUV/install/unique_identifier_msgs:/home/uwr/microROS_AUV/install/std_srvs:/home/uwr/microROS_AUV/install/statistics_msgs:/home/uwr/microROS_AUV/install/rosidl_typesupport_microxrcedds_test_msg:/home/uwr/microROS_AUV/install/rosidl_typesupport_microxrcedds_cpp_tests:/home/uwr/microROS_AUV/install/rmw_microxrcedds:/home/uwr/microROS_AUV/install/rosidl_typesupport_microxrcedds_cpp:/home/uwr/microROS_AUV/install/rosidl_typesupport_microxrcedds_c_tests:/home/uwr/microROS_AUV/install/rosidl_typesupport_microxrcedds_c:/home/uwr/microROS_AUV/install/rosgraph_msgs:/home/uwr/microROS_AUV/install/microxrcedds_client:/home/uwr/microROS_AUV/install/microcdr:/home/uwr/microROS_AUV/install/micro_ros_utilities:/home/uwr/microROS_AUV/install/micro_ros_msgs:/home/uwr/microROS_AUV/install/complex_msgs:/home/uwr/microROS_AUV/install/micro_ros_setup:/home/uwr/microROS_AUV/install/custom_interfaces:/home/uwr/Desktop/2024_UWR/install/kalman_filter:/home/uwr/Desktop/2024_UWR/install/sonar_msgs:/home/uwr/Desktop/2024_UWR/install/ros2-driver:/home/uwr/Desktop/2024_UWR/install/oculus_interfaces:/home/uwr/Desktop/2024_UWR/install/ntrip:/home/uwr/Desktop/2024_UWR/install/adnav-driver:/home/uwr/fls_ws/install/oculus_interfaces:/home/uwr/microROS_AUV/install/control_pkg:/home/uwr/Desktop/2024_UWR/install/sonar_subs:/opt/ros/humble LD_LIBRARY_PATH=/home/uwr/microROS_AUV/install/builtin_interfaces/lib:/home/uwr/microROS_AUV/install/action_msgs/lib:/home/uwr/microROS_AUV/install/unique_identifier_msgs/lib:/home/uwr/microROS_AUV/install/std_srvs/lib:/home/uwr/microROS_AUV/install/statistics_msgs/lib:/home/uwr/microROS_AUV/install/rmw_microxrcedds/lib:/home/uwr/microROS_AUV/install/rosidl_typesupport_microxrcedds_cpp/lib:/home/uwr/microROS_AUV/install/rosidl_typesupport_microxrcedds_c/lib:/home/uwr/microROS_AUV/install/rosgraph_msgs/lib:/home/uwr/microROS_AUV/install/microxrcedds_client/lib:/home/uwr/microROS_AUV/install/microcdr/lib:/home/uwr/microROS_AUV/install/micro_ros_utilities/lib:/home/uwr/microROS_AUV/install/micro_ros_msgs/lib:/home/uwr/microROS_AUV/install/complex_msgs/lib:/home/uwr/microROS_AUV/install/custom_interfaces/lib:/home/uwr/oculus_driver/install/lib:/home/uwr/Desktop/2024_UWR/install/sonar_msgs/lib:/home/uwr/Desktop/2024_UWR/install/oculus_interfaces/lib:/home/uwr/fls_ws/install/oculus_interfaces/lib:/opt/ros/humble/opt/rviz_ogre_vendor/lib:/opt/ros/humble/lib/x86_64-linux-gnu:/opt/ros/humble/lib /usr/bin/cmake --install /home/uwr/microROS_AUV/build/complex_msgs
[2.732s] -- Install configuration: ""
[2.734s] -- Up-to-date: /home/uwr/microROS_AUV/install/complex_msgs/share/ament_index/resource_index/rosidl_interfaces/complex_msgs
[2.734s] -- Up-to-date: /home/uwr/microROS_AUV/install/complex_msgs/include/complex_msgs/complex_msgs
[2.735s] -- Up-to-date: /home/uwr/microROS_AUV/install/complex_msgs/include/complex_msgs/complex_msgs/msg
[2.736s] -- Up-to-date: /home/uwr/microROS_AUV/install/complex_msgs/include/complex_msgs/complex_msgs/msg/rosidl_generator_c__visibility_control.h
[2.737s] -- Up-to-date: /home/uwr/microROS_AUV/install/complex_msgs/include/complex_msgs/complex_msgs/msg/detail
[2.737s] -- Up-to-date: /home/uwr/microROS_AUV/install/complex_msgs/include/complex_msgs/complex_msgs/msg/detail/nested_msg_test__struct.h
[2.738s] -- Up-to-date: /home/uwr/microROS_AUV/install/complex_msgs/include/complex_msgs/complex_msgs/msg/detail/multi_string_test__functions.h
[2.738s] -- Up-to-date: /home/uwr/microROS_AUV/install/complex_msgs/include/complex_msgs/complex_msgs/msg/detail/nested_msg_test__type_support.h
[2.739s] -- Up-to-date: /home/uwr/microROS_AUV/install/complex_msgs/include/complex_msgs/complex_msgs/msg/detail/multi_string_test__functions.c
[2.739s] -- Up-to-date: /home/uwr/microROS_AUV/install/complex_msgs/include/complex_msgs/complex_msgs/msg/detail/nested_msg_test__functions.c
[2.739s] -- Up-to-date: /home/uwr/microROS_AUV/install/complex_msgs/include/complex_msgs/complex_msgs/msg/detail/nested_msg_test__functions.h
[2.739s] -- Up-to-date: /home/uwr/microROS_AUV/install/complex_msgs/include/complex_msgs/complex_msgs/msg/detail/multi_string_test__struct.h
[2.739s] -- Up-to-date: /home/uwr/microROS_AUV/install/complex_msgs/include/complex_msgs/complex_msgs/msg/detail/multi_string_test__type_support.h
[2.740s] -- Up-to-date: /home/uwr/microROS_AUV/install/complex_msgs/include/complex_msgs/complex_msgs/msg/nested_msg_test.h
[2.740s] -- Up-to-date: /home/uwr/microROS_AUV/install/complex_msgs/include/complex_msgs/complex_msgs/msg/multi_string_test.h
[2.741s] -- Up-to-date: /home/uwr/microROS_AUV/install/complex_msgs/share/complex_msgs/environment/library_path.sh
[2.741s] -- Up-to-date: /home/uwr/microROS_AUV/install/complex_msgs/share/complex_msgs/environment/library_path.dsv
[2.742s] -- Up-to-date: /home/uwr/microROS_AUV/install/complex_msgs/lib/libcomplex_msgs__rosidl_generator_c.so
[2.742s] -- Up-to-date: /home/uwr/microROS_AUV/install/complex_msgs/include/complex_msgs/complex_msgs
[2.742s] -- Up-to-date: /home/uwr/microROS_AUV/install/complex_msgs/include/complex_msgs/complex_msgs/msg
[2.742s] -- Up-to-date: /home/uwr/microROS_AUV/install/complex_msgs/include/complex_msgs/complex_msgs/msg/detail
[2.743s] -- Up-to-date: /home/uwr/microROS_AUV/install/complex_msgs/include/complex_msgs/complex_msgs/msg/detail/multi_string_test__rosidl_typesupport_fastrtps_c.h
[2.743s] -- Up-to-date: /home/uwr/microROS_AUV/install/complex_msgs/include/complex_msgs/complex_msgs/msg/detail/nested_msg_test__rosidl_typesupport_fastrtps_c.h
[2.743s] -- Up-to-date: /home/uwr/microROS_AUV/install/complex_msgs/include/complex_msgs/complex_msgs/msg/rosidl_typesupport_fastrtps_c__visibility_control.h
[2.743s] -- Up-to-date: /home/uwr/microROS_AUV/install/complex_msgs/lib/libcomplex_msgs__rosidl_typesupport_fastrtps_c.so
[2.743s] -- Up-to-date: /home/uwr/microROS_AUV/install/complex_msgs/include/complex_msgs/complex_msgs
[2.744s] -- Up-to-date: /home/uwr/microROS_AUV/install/complex_msgs/include/complex_msgs/complex_msgs/msg
[2.745s] -- Up-to-date: /home/uwr/microROS_AUV/install/complex_msgs/include/complex_msgs/complex_msgs/msg/nested_msg_test.hpp
[2.745s] -- Up-to-date: /home/uwr/microROS_AUV/install/complex_msgs/include/complex_msgs/complex_msgs/msg/detail
[2.745s] -- Up-to-date: /home/uwr/microROS_AUV/install/complex_msgs/include/complex_msgs/complex_msgs/msg/detail/nested_msg_test__builder.hpp
[2.746s] -- Up-to-date: /home/uwr/microROS_AUV/install/complex_msgs/include/complex_msgs/complex_msgs/msg/detail/nested_msg_test__struct.hpp
[2.749s] -- Up-to-date: /home/uwr/microROS_AUV/install/complex_msgs/include/complex_msgs/complex_msgs/msg/detail/nested_msg_test__traits.hpp
[2.749s] -- Up-to-date: /home/uwr/microROS_AUV/install/complex_msgs/include/complex_msgs/complex_msgs/msg/detail/multi_string_test__builder.hpp
[2.749s] -- Up-to-date: /home/uwr/microROS_AUV/install/complex_msgs/include/complex_msgs/complex_msgs/msg/detail/multi_string_test__traits.hpp
[2.749s] -- Up-to-date: /home/uwr/microROS_AUV/install/complex_msgs/include/complex_msgs/complex_msgs/msg/detail/multi_string_test__struct.hpp
[2.749s] -- Up-to-date: /home/uwr/microROS_AUV/install/complex_msgs/include/complex_msgs/complex_msgs/msg/multi_string_test.hpp
[2.750s] -- Up-to-date: /home/uwr/microROS_AUV/install/complex_msgs/include/complex_msgs/complex_msgs
[2.750s] -- Up-to-date: /home/uwr/microROS_AUV/install/complex_msgs/include/complex_msgs/complex_msgs/msg
[2.750s] -- Up-to-date: /home/uwr/microROS_AUV/install/complex_msgs/include/complex_msgs/complex_msgs/msg/detail
[2.750s] -- Up-to-date: /home/uwr/microROS_AUV/install/complex_msgs/include/complex_msgs/complex_msgs/msg/detail/multi_string_test__rosidl_typesupport_fastrtps_cpp.hpp
[2.750s] -- Up-to-date: /home/uwr/microROS_AUV/install/complex_msgs/include/complex_msgs/complex_msgs/msg/detail/nested_msg_test__rosidl_typesupport_fastrtps_cpp.hpp
[2.751s] -- Up-to-date: /home/uwr/microROS_AUV/install/complex_msgs/include/complex_msgs/complex_msgs/msg/detail/dds_fastrtps
[2.761s] -- Up-to-date: /home/uwr/microROS_AUV/install/complex_msgs/include/complex_msgs/complex_msgs/msg/rosidl_typesupport_fastrtps_cpp__visibility_control.h
[2.761s] -- Up-to-date: /home/uwr/microROS_AUV/install/complex_msgs/lib/libcomplex_msgs__rosidl_typesupport_fastrtps_cpp.so
[2.761s] -- Up-to-date: /home/uwr/microROS_AUV/install/complex_msgs/include/complex_msgs
[2.761s] -- Up-to-date: /home/uwr/microROS_AUV/install/complex_msgs/include/complex_msgs/msg
[2.763s] -- Up-to-date: /home/uwr/microROS_AUV/install/complex_msgs/include/complex_msgs/msg/rosidl_typesupport_microxrcedds_c__visibility_control.h
[2.763s] -- Up-to-date: /home/uwr/microROS_AUV/install/complex_msgs/include/complex_msgs/msg/detail
[2.767s] -- Up-to-date: /home/uwr/microROS_AUV/install/complex_msgs/include/complex_msgs/msg/detail/nested_msg_test__rosidl_typesupport_microxrcedds_c.h
[2.773s] -- Up-to-date: /home/uwr/microROS_AUV/install/complex_msgs/include/complex_msgs/msg/detail/microxrcedds
[2.773s] -- Up-to-date: /home/uwr/microROS_AUV/install/complex_msgs/include/complex_msgs/msg/detail/multi_string_test__rosidl_typesupport_microxrcedds_c.h
[2.775s] -- Up-to-date: /home/uwr/microROS_AUV/install/complex_msgs/lib/libcomplex_msgs__rosidl_typesupport_microxrcedds_c.so
[2.776s] -- Up-to-date: /home/uwr/microROS_AUV/install/complex_msgs/include/complex_msgs/complex_msgs
[2.778s] -- Up-to-date: /home/uwr/microROS_AUV/install/complex_msgs/include/complex_msgs/complex_msgs/msg
[2.778s] -- Up-to-date: /home/uwr/microROS_AUV/install/complex_msgs/include/complex_msgs/complex_msgs/msg/rosidl_typesupport_introspection_c__visibility_control.h
[2.778s] -- Up-to-date: /home/uwr/microROS_AUV/install/complex_msgs/include/complex_msgs/complex_msgs/msg/detail
[2.778s] -- Up-to-date: /home/uwr/microROS_AUV/install/complex_msgs/include/complex_msgs/complex_msgs/msg/detail/multi_string_test__type_support.c
[2.778s] -- Up-to-date: /home/uwr/microROS_AUV/install/complex_msgs/include/complex_msgs/complex_msgs/msg/detail/nested_msg_test__type_support.c
[2.778s] -- Up-to-date: /home/uwr/microROS_AUV/install/complex_msgs/include/complex_msgs/complex_msgs/msg/detail/multi_string_test__rosidl_typesupport_introspection_c.h
[2.779s] -- Up-to-date: /home/uwr/microROS_AUV/install/complex_msgs/include/complex_msgs/complex_msgs/msg/detail/nested_msg_test__rosidl_typesupport_introspection_c.h
[2.779s] -- Up-to-date: /home/uwr/microROS_AUV/install/complex_msgs/lib/libcomplex_msgs__rosidl_typesupport_introspection_c.so
[2.779s] -- Up-to-date: /home/uwr/microROS_AUV/install/complex_msgs/lib/libcomplex_msgs__rosidl_typesupport_c.so
[2.780s] -- Up-to-date: /home/uwr/microROS_AUV/install/complex_msgs/include/complex_msgs
[2.780s] -- Up-to-date: /home/uwr/microROS_AUV/install/complex_msgs/include/complex_msgs/msg
[2.780s] -- Up-to-date: /home/uwr/microROS_AUV/install/complex_msgs/include/complex_msgs/msg/rosidl_typesupport_microxrcedds_cpp__visibility_control.h
[2.780s] -- Up-to-date: /home/uwr/microROS_AUV/install/complex_msgs/include/complex_msgs/msg/detail
[2.780s] -- Up-to-date: /home/uwr/microROS_AUV/install/complex_msgs/include/complex_msgs/msg/detail/multi_string_test__rosidl_typesupport_microxrcedds_cpp.hpp
[2.789s] -- Up-to-date: /home/uwr/microROS_AUV/install/complex_msgs/include/complex_msgs/msg/detail/nested_msg_test__rosidl_typesupport_microxrcedds_cpp.hpp
[2.791s] -- Up-to-date: /home/uwr/microROS_AUV/install/complex_msgs/include/complex_msgs/msg/detail/microxrcedds
[2.791s] -- Up-to-date: /home/uwr/microROS_AUV/install/complex_msgs/include/complex_msgs/msg/detail/microxrcedds/multi_string_test__type_support_cpp.cpp
[2.792s] -- Up-to-date: /home/uwr/microROS_AUV/install/complex_msgs/include/complex_msgs/msg/detail/microxrcedds/nested_msg_test__type_support_cpp.cpp
[2.824s] -- Up-to-date: /home/uwr/microROS_AUV/install/complex_msgs/lib/libcomplex_msgs__rosidl_typesupport_microxrcedds_cpp.so
[2.824s] -- Up-to-date: /home/uwr/microROS_AUV/install/complex_msgs/include/complex_msgs/complex_msgs
[2.824s] -- Up-to-date: /home/uwr/microROS_AUV/install/complex_msgs/include/complex_msgs/complex_msgs/msg
[2.825s] -- Up-to-date: /home/uwr/microROS_AUV/install/complex_msgs/include/complex_msgs/complex_msgs/msg/detail
[2.825s] -- Up-to-date: /home/uwr/microROS_AUV/install/complex_msgs/include/complex_msgs/complex_msgs/msg/detail/multi_string_test__rosidl_typesupport_introspection_cpp.hpp
[2.825s] -- Up-to-date: /home/uwr/microROS_AUV/install/complex_msgs/include/complex_msgs/complex_msgs/msg/detail/nested_msg_test__type_support.cpp
[2.825s] -- Up-to-date: /home/uwr/microROS_AUV/install/complex_msgs/include/complex_msgs/complex_msgs/msg/detail/multi_string_test__type_support.cpp
[2.825s] -- Up-to-date: /home/uwr/microROS_AUV/install/complex_msgs/include/complex_msgs/complex_msgs/msg/detail/nested_msg_test__rosidl_typesupport_introspection_cpp.hpp
[2.839s] -- Up-to-date: /home/uwr/microROS_AUV/install/complex_msgs/lib/libcomplex_msgs__rosidl_typesupport_introspection_cpp.so
[2.839s] -- Up-to-date: /home/uwr/microROS_AUV/install/complex_msgs/lib/libcomplex_msgs__rosidl_typesupport_cpp.so
[2.839s] -- Up-to-date: /home/uwr/microROS_AUV/install/complex_msgs/share/complex_msgs/environment/pythonpath.sh
[2.839s] -- Up-to-date: /home/uwr/microROS_AUV/install/complex_msgs/share/complex_msgs/environment/pythonpath.dsv
[2.840s] -- Up-to-date: /home/uwr/microROS_AUV/install/complex_msgs/local/lib/python3.10/dist-packages/complex_msgs-3.0.2-py3.10.egg-info
[2.840s] -- Installing: /home/uwr/microROS_AUV/install/complex_msgs/local/lib/python3.10/dist-packages/complex_msgs-3.0.2-py3.10.egg-info/top_level.txt
[2.840s] -- Installing: /home/uwr/microROS_AUV/install/complex_msgs/local/lib/python3.10/dist-packages/complex_msgs-3.0.2-py3.10.egg-info/dependency_links.txt
[2.840s] -- Installing: /home/uwr/microROS_AUV/install/complex_msgs/local/lib/python3.10/dist-packages/complex_msgs-3.0.2-py3.10.egg-info/PKG-INFO
[2.840s] -- Installing: /home/uwr/microROS_AUV/install/complex_msgs/local/lib/python3.10/dist-packages/complex_msgs-3.0.2-py3.10.egg-info/SOURCES.txt
[2.841s] -- Up-to-date: /home/uwr/microROS_AUV/install/complex_msgs/local/lib/python3.10/dist-packages/complex_msgs
[2.841s] -- Up-to-date: /home/uwr/microROS_AUV/install/complex_msgs/local/lib/python3.10/dist-packages/complex_msgs/complex_msgs_s__rosidl_typesupport_microxrcedds_c.cpython-310-x86_64-linux-gnu.so
[2.841s] -- Up-to-date: /home/uwr/microROS_AUV/install/complex_msgs/local/lib/python3.10/dist-packages/complex_msgs/_complex_msgs_s.ep.rosidl_typesupport_introspection_c.c
[2.841s] -- Up-to-date: /home/uwr/microROS_AUV/install/complex_msgs/local/lib/python3.10/dist-packages/complex_msgs/_complex_msgs_s.ep.rosidl_typesupport_fastrtps_c.c
[2.841s] -- Up-to-date: /home/uwr/microROS_AUV/install/complex_msgs/local/lib/python3.10/dist-packages/complex_msgs/libcomplex_msgs__rosidl_generator_py.so
[2.842s] -- Up-to-date: /home/uwr/microROS_AUV/install/complex_msgs/local/lib/python3.10/dist-packages/complex_msgs/complex_msgs_s__rosidl_typesupport_fastrtps_c.cpython-310-x86_64-linux-gnu.so
[2.842s] -- Up-to-date: /home/uwr/microROS_AUV/install/complex_msgs/local/lib/python3.10/dist-packages/complex_msgs/_complex_msgs_s.ep.rosidl_typesupport_c.c
[2.842s] -- Up-to-date: /home/uwr/microROS_AUV/install/complex_msgs/local/lib/python3.10/dist-packages/complex_msgs/_complex_msgs_s.ep.rosidl_typesupport_microxrcedds_c.c
[2.842s] -- Up-to-date: /home/uwr/microROS_AUV/install/complex_msgs/local/lib/python3.10/dist-packages/complex_msgs/complex_msgs_s__rosidl_typesupport_c.cpython-310-x86_64-linux-gnu.so
[2.844s] -- Up-to-date: /home/uwr/microROS_AUV/install/complex_msgs/local/lib/python3.10/dist-packages/complex_msgs/msg
[2.849s] -- Up-to-date: /home/uwr/microROS_AUV/install/complex_msgs/local/lib/python3.10/dist-packages/complex_msgs/msg/_nested_msg_test.py
[2.850s] -- Up-to-date: /home/uwr/microROS_AUV/install/complex_msgs/local/lib/python3.10/dist-packages/complex_msgs/msg/_multi_string_test.py
[2.850s] -- Up-to-date: /home/uwr/microROS_AUV/install/complex_msgs/local/lib/python3.10/dist-packages/complex_msgs/msg/_nested_msg_test_s.c
[2.850s] -- Up-to-date: /home/uwr/microROS_AUV/install/complex_msgs/local/lib/python3.10/dist-packages/complex_msgs/msg/_multi_string_test_s.c
[2.850s] -- Up-to-date: /home/uwr/microROS_AUV/install/complex_msgs/local/lib/python3.10/dist-packages/complex_msgs/msg/__init__.py
[2.850s] -- Up-to-date: /home/uwr/microROS_AUV/install/complex_msgs/local/lib/python3.10/dist-packages/complex_msgs/complex_msgs_s__rosidl_typesupport_introspection_c.cpython-310-x86_64-linux-gnu.so
[2.851s] -- Up-to-date: /home/uwr/microROS_AUV/install/complex_msgs/local/lib/python3.10/dist-packages/complex_msgs/__init__.py
[2.933s] Listing '/home/uwr/microROS_AUV/install/complex_msgs/local/lib/python3.10/dist-packages/complex_msgs'...
[2.933s] Listing '/home/uwr/microROS_AUV/install/complex_msgs/local/lib/python3.10/dist-packages/complex_msgs/msg'...
[2.947s] -- Up-to-date: /home/uwr/microROS_AUV/install/complex_msgs/local/lib/python3.10/dist-packages/complex_msgs/complex_msgs_s__rosidl_typesupport_microxrcedds_c.cpython-310-x86_64-linux-gnu.so
[2.952s] -- Up-to-date: /home/uwr/microROS_AUV/install/complex_msgs/local/lib/python3.10/dist-packages/complex_msgs/complex_msgs_s__rosidl_typesupport_fastrtps_c.cpython-310-x86_64-linux-gnu.so
[2.953s] -- Up-to-date: /home/uwr/microROS_AUV/install/complex_msgs/local/lib/python3.10/dist-packages/complex_msgs/complex_msgs_s__rosidl_typesupport_introspection_c.cpython-310-x86_64-linux-gnu.so
[2.955s] -- Up-to-date: /home/uwr/microROS_AUV/install/complex_msgs/local/lib/python3.10/dist-packages/complex_msgs/complex_msgs_s__rosidl_typesupport_c.cpython-310-x86_64-linux-gnu.so
[2.956s] -- Up-to-date: /home/uwr/microROS_AUV/install/complex_msgs/lib/libcomplex_msgs__rosidl_generator_py.so
[2.957s] -- Up-to-date: /home/uwr/microROS_AUV/install/complex_msgs/share/complex_msgs/msg/MultiStringTest.idl
[2.958s] -- Up-to-date: /home/uwr/microROS_AUV/install/complex_msgs/share/complex_msgs/msg/NestedMsgTest.idl
[2.958s] -- Up-to-date: /home/uwr/microROS_AUV/install/complex_msgs/share/complex_msgs/msg/MultiStringTest.msg
[2.959s] -- Up-to-date: /home/uwr/microROS_AUV/install/complex_msgs/share/complex_msgs/msg/NestedMsgTest.msg
[2.959s] -- Up-to-date: /home/uwr/microROS_AUV/install/complex_msgs/share/ament_index/resource_index/package_run_dependencies/complex_msgs
[2.960s] -- Up-to-date: /home/uwr/microROS_AUV/install/complex_msgs/share/ament_index/resource_index/parent_prefix_path/complex_msgs
[2.960s] -- Up-to-date: /home/uwr/microROS_AUV/install/complex_msgs/share/complex_msgs/environment/ament_prefix_path.sh
[2.976s] -- Up-to-date: /home/uwr/microROS_AUV/install/complex_msgs/share/complex_msgs/environment/ament_prefix_path.dsv
[2.977s] -- Up-to-date: /home/uwr/microROS_AUV/install/complex_msgs/share/complex_msgs/environment/path.sh
[2.978s] -- Up-to-date: /home/uwr/microROS_AUV/install/complex_msgs/share/complex_msgs/environment/path.dsv
[2.978s] -- Up-to-date: /home/uwr/microROS_AUV/install/complex_msgs/share/complex_msgs/local_setup.bash
[2.979s] -- Up-to-date: /home/uwr/microROS_AUV/install/complex_msgs/share/complex_msgs/local_setup.sh
[2.979s] -- Up-to-date: /home/uwr/microROS_AUV/install/complex_msgs/share/complex_msgs/local_setup.zsh
[2.981s] -- Up-to-date: /home/uwr/microROS_AUV/install/complex_msgs/share/complex_msgs/local_setup.dsv
[2.981s] -- Installing: /home/uwr/microROS_AUV/install/complex_msgs/share/complex_msgs/package.dsv
[2.981s] -- Up-to-date: /home/uwr/microROS_AUV/install/complex_msgs/share/ament_index/resource_index/packages/complex_msgs
[2.981s] -- Up-to-date: /home/uwr/microROS_AUV/install/complex_msgs/share/complex_msgs/cmake/export_complex_msgs__rosidl_generator_cExport.cmake
[2.986s] -- Up-to-date: /home/uwr/microROS_AUV/install/complex_msgs/share/complex_msgs/cmake/export_complex_msgs__rosidl_generator_cExport-noconfig.cmake
[2.986s] -- Up-to-date: /home/uwr/microROS_AUV/install/complex_msgs/share/complex_msgs/cmake/export_complex_msgs__rosidl_typesupport_fastrtps_cExport.cmake
[2.987s] -- Up-to-date: /home/uwr/microROS_AUV/install/complex_msgs/share/complex_msgs/cmake/export_complex_msgs__rosidl_typesupport_fastrtps_cExport-noconfig.cmake
[2.987s] -- Up-to-date: /home/uwr/microROS_AUV/install/complex_msgs/share/complex_msgs/cmake/export_complex_msgs__rosidl_generator_cppExport.cmake
[2.987s] -- Up-to-date: /home/uwr/microROS_AUV/install/complex_msgs/share/complex_msgs/cmake/export_complex_msgs__rosidl_typesupport_fastrtps_cppExport.cmake
[2.987s] -- Up-to-date: /home/uwr/microROS_AUV/install/complex_msgs/share/complex_msgs/cmake/export_complex_msgs__rosidl_typesupport_fastrtps_cppExport-noconfig.cmake
[2.987s] -- Up-to-date: /home/uwr/microROS_AUV/install/complex_msgs/share/complex_msgs/cmake/complex_msgs__rosidl_typesupport_introspection_cExport.cmake
[2.988s] -- Up-to-date: /home/uwr/microROS_AUV/install/complex_msgs/share/complex_msgs/cmake/complex_msgs__rosidl_typesupport_introspection_cExport-noconfig.cmake
[2.988s] -- Up-to-date: /home/uwr/microROS_AUV/install/complex_msgs/share/complex_msgs/cmake/complex_msgs__rosidl_typesupport_cExport.cmake
[2.988s] -- Up-to-date: /home/uwr/microROS_AUV/install/complex_msgs/share/complex_msgs/cmake/complex_msgs__rosidl_typesupport_cExport-noconfig.cmake
[2.988s] -- Up-to-date: /home/uwr/microROS_AUV/install/complex_msgs/share/complex_msgs/cmake/complex_msgs__rosidl_typesupport_introspection_cppExport.cmake
[2.988s] -- Up-to-date: /home/uwr/microROS_AUV/install/complex_msgs/share/complex_msgs/cmake/complex_msgs__rosidl_typesupport_introspection_cppExport-noconfig.cmake
[2.989s] -- Up-to-date: /home/uwr/microROS_AUV/install/complex_msgs/share/complex_msgs/cmake/complex_msgs__rosidl_typesupport_cppExport.cmake
[2.989s] -- Up-to-date: /home/uwr/microROS_AUV/install/complex_msgs/share/complex_msgs/cmake/complex_msgs__rosidl_typesupport_cppExport-noconfig.cmake
[2.989s] -- Up-to-date: /home/uwr/microROS_AUV/install/complex_msgs/share/complex_msgs/cmake/export_complex_msgs__rosidl_generator_pyExport.cmake
[2.989s] -- Up-to-date: /home/uwr/microROS_AUV/install/complex_msgs/share/complex_msgs/cmake/export_complex_msgs__rosidl_generator_pyExport-noconfig.cmake
[2.997s] -- Up-to-date: /home/uwr/microROS_AUV/install/complex_msgs/share/complex_msgs/cmake/rosidl_cmake-extras.cmake
[2.998s] -- Up-to-date: /home/uwr/microROS_AUV/install/complex_msgs/share/complex_msgs/cmake/ament_cmake_export_dependencies-extras.cmake
[2.998s] -- Up-to-date: /home/uwr/microROS_AUV/install/complex_msgs/share/complex_msgs/cmake/ament_cmake_export_include_directories-extras.cmake
[2.998s] -- Up-to-date: /home/uwr/microROS_AUV/install/complex_msgs/share/complex_msgs/cmake/ament_cmake_export_libraries-extras.cmake
[2.998s] -- Up-to-date: /home/uwr/microROS_AUV/install/complex_msgs/share/complex_msgs/cmake/ament_cmake_export_targets-extras.cmake
[2.998s] -- Up-to-date: /home/uwr/microROS_AUV/install/complex_msgs/share/complex_msgs/cmake/rosidl_cmake_export_typesupport_targets-extras.cmake
[3.000s] -- Up-to-date: /home/uwr/microROS_AUV/install/complex_msgs/share/complex_msgs/cmake/rosidl_cmake_export_typesupport_libraries-extras.cmake
[3.000s] -- Up-to-date: /home/uwr/microROS_AUV/install/complex_msgs/share/complex_msgs/cmake/complex_msgsConfig.cmake
[3.001s] -- Up-to-date: /home/uwr/microROS_AUV/install/complex_msgs/share/complex_msgs/cmake/complex_msgsConfig-version.cmake
[3.001s] -- Up-to-date: /home/uwr/microROS_AUV/install/complex_msgs/share/complex_msgs/package.xml
[3.075s] Invoked command in '/home/uwr/microROS_AUV/build/complex_msgs' returned '0': CMAKE_PREFIX_PATH=/home/uwr/microROS_AUV/install/builtin_interfaces:/home/uwr/microROS_AUV/install/action_msgs:/home/uwr/microROS_AUV/install/unique_identifier_msgs:/home/uwr/microROS_AUV/install/std_srvs:/home/uwr/microROS_AUV/install/statistics_msgs:/home/uwr/microROS_AUV/install/rosidl_typesupport_microxrcedds_test_msg:/home/uwr/microROS_AUV/install/rosidl_typesupport_microxrcedds_cpp_tests:/home/uwr/microROS_AUV/install/rmw_microxrcedds:/home/uwr/microROS_AUV/install/rosidl_typesupport_microxrcedds_cpp:/home/uwr/microROS_AUV/install/rosidl_typesupport_microxrcedds_c_tests:/home/uwr/microROS_AUV/install/rosidl_typesupport_microxrcedds_c:/home/uwr/microROS_AUV/install/rosgraph_msgs:/home/uwr/microROS_AUV/install/microxrcedds_client:/home/uwr/microROS_AUV/install/microcdr:/home/uwr/microROS_AUV/install/micro_ros_utilities:/home/uwr/microROS_AUV/install/micro_ros_msgs:/home/uwr/microROS_AUV/install/complex_msgs:/home/uwr/microROS_AUV/install/micro_ros_setup:/home/uwr/microROS_AUV/install/custom_interfaces:/home/uwr/Desktop/2024_UWR/install/kalman_filter:/home/uwr/Desktop/2024_UWR/install/sonar_msgs:/home/uwr/Desktop/2024_UWR/install/ros2-driver:/home/uwr/Desktop/2024_UWR/install/oculus_interfaces:/home/uwr/Desktop/2024_UWR/install/ntrip:/home/uwr/Desktop/2024_UWR/install/adnav-driver:/home/uwr/fls_ws/install/oculus_interfaces:/home/uwr/microROS_AUV/install/control_pkg:/home/uwr/Desktop/2024_UWR/install/sonar_subs:/opt/ros/humble LD_LIBRARY_PATH=/home/uwr/microROS_AUV/install/builtin_interfaces/lib:/home/uwr/microROS_AUV/install/action_msgs/lib:/home/uwr/microROS_AUV/install/unique_identifier_msgs/lib:/home/uwr/microROS_AUV/install/std_srvs/lib:/home/uwr/microROS_AUV/install/statistics_msgs/lib:/home/uwr/microROS_AUV/install/rmw_microxrcedds/lib:/home/uwr/microROS_AUV/install/rosidl_typesupport_microxrcedds_cpp/lib:/home/uwr/microROS_AUV/install/rosidl_typesupport_microxrcedds_c/lib:/home/uwr/microROS_AUV/install/rosgraph_msgs/lib:/home/uwr/microROS_AUV/install/microxrcedds_client/lib:/home/uwr/microROS_AUV/install/microcdr/lib:/home/uwr/microROS_AUV/install/micro_ros_utilities/lib:/home/uwr/microROS_AUV/install/micro_ros_msgs/lib:/home/uwr/microROS_AUV/install/complex_msgs/lib:/home/uwr/microROS_AUV/install/custom_interfaces/lib:/home/uwr/oculus_driver/install/lib:/home/uwr/Desktop/2024_UWR/install/sonar_msgs/lib:/home/uwr/Desktop/2024_UWR/install/oculus_interfaces/lib:/home/uwr/fls_ws/install/oculus_interfaces/lib:/opt/ros/humble/opt/rviz_ogre_vendor/lib:/opt/ros/humble/lib/x86_64-linux-gnu:/opt/ros/humble/lib /usr/bin/cmake --install /home/uwr/microROS_AUV/build/complex_msgs
