[0.592s] Invoking command in '/home/abubakr/microROS_AUV/src/control_pkg': PYTHONPATH=/home/abubakr/microROS_AUV/build/control_pkg/prefix_override:/usr/lib/python3/dist-packages/colcon_core/task/python/colcon_distutils_commands:/home/abubakr/microROS_AUV/install/control_pkg/lib/python3.10/site-packages:${PYTHONPATH} /usr/bin/python3 -W ignore:setup.py install is deprecated -W ignore:easy_install command is deprecated setup.py egg_info --egg-base ../../build/control_pkg build --build-base /home/abubakr/microROS_AUV/build/control_pkg/build install --record /home/abubakr/microROS_AUV/build/control_pkg/install.log --single-version-externally-managed install_data
[0.715s] running egg_info
[0.715s] creating ../../build/control_pkg/control_pkg.egg-info
[0.715s] writing ../../build/control_pkg/control_pkg.egg-info/PKG-INFO
[0.716s] writing dependency_links to ../../build/control_pkg/control_pkg.egg-info/dependency_links.txt
[0.716s] writing entry points to ../../build/control_pkg/control_pkg.egg-info/entry_points.txt
[0.716s] writing requirements to ../../build/control_pkg/control_pkg.egg-info/requires.txt
[0.716s] writing top-level names to ../../build/control_pkg/control_pkg.egg-info/top_level.txt
[0.716s] writing manifest file '../../build/control_pkg/control_pkg.egg-info/SOURCES.txt'
[0.717s] reading manifest file '../../build/control_pkg/control_pkg.egg-info/SOURCES.txt'
[0.717s] writing manifest file '../../build/control_pkg/control_pkg.egg-info/SOURCES.txt'
[0.718s] running build
[0.718s] running build_py
[0.718s] creating /home/abubakr/microROS_AUV/build/control_pkg/build
[0.718s] creating /home/abubakr/microROS_AUV/build/control_pkg/build/lib
[0.718s] creating /home/abubakr/microROS_AUV/build/control_pkg/build/lib/control_pkg
[0.718s] copying control_pkg/heading_stabilizer.py -> /home/abubakr/microROS_AUV/build/control_pkg/build/lib/control_pkg
[0.719s] copying control_pkg/old_controller.py -> /home/abubakr/microROS_AUV/build/control_pkg/build/lib/control_pkg
[0.719s] copying control_pkg/depth_holder.py -> /home/abubakr/microROS_AUV/build/control_pkg/build/lib/control_pkg
[0.719s] copying control_pkg/position_holder.py -> /home/abubakr/microROS_AUV/build/control_pkg/build/lib/control_pkg
[0.720s] copying control_pkg/sync_io.py -> /home/abubakr/microROS_AUV/build/control_pkg/build/lib/control_pkg
[0.720s] copying control_pkg/__init__.py -> /home/abubakr/microROS_AUV/build/control_pkg/build/lib/control_pkg
[0.720s] copying control_pkg/joy_controller.py -> /home/abubakr/microROS_AUV/build/control_pkg/build/lib/control_pkg
[0.721s] copying control_pkg/planar_stabilizer.py -> /home/abubakr/microROS_AUV/build/control_pkg/build/lib/control_pkg
[0.721s] copying control_pkg/main_thruster_controller.py -> /home/abubakr/microROS_AUV/build/control_pkg/build/lib/control_pkg
[0.721s] copying control_pkg/python_template.py -> /home/abubakr/microROS_AUV/build/control_pkg/build/lib/control_pkg
[0.722s] running install
[0.722s] running install_lib
[0.722s] creating /home/abubakr/microROS_AUV/install/control_pkg/lib/python3.10/site-packages/control_pkg
[0.723s] copying /home/abubakr/microROS_AUV/build/control_pkg/build/lib/control_pkg/heading_stabilizer.py -> /home/abubakr/microROS_AUV/install/control_pkg/lib/python3.10/site-packages/control_pkg
[0.723s] copying /home/abubakr/microROS_AUV/build/control_pkg/build/lib/control_pkg/old_controller.py -> /home/abubakr/microROS_AUV/install/control_pkg/lib/python3.10/site-packages/control_pkg
[0.723s] copying /home/abubakr/microROS_AUV/build/control_pkg/build/lib/control_pkg/depth_holder.py -> /home/abubakr/microROS_AUV/install/control_pkg/lib/python3.10/site-packages/control_pkg
[0.723s] copying /home/abubakr/microROS_AUV/build/control_pkg/build/lib/control_pkg/position_holder.py -> /home/abubakr/microROS_AUV/install/control_pkg/lib/python3.10/site-packages/control_pkg
[0.723s] copying /home/abubakr/microROS_AUV/build/control_pkg/build/lib/control_pkg/sync_io.py -> /home/abubakr/microROS_AUV/install/control_pkg/lib/python3.10/site-packages/control_pkg
[0.723s] copying /home/abubakr/microROS_AUV/build/control_pkg/build/lib/control_pkg/__init__.py -> /home/abubakr/microROS_AUV/install/control_pkg/lib/python3.10/site-packages/control_pkg
[0.723s] copying /home/abubakr/microROS_AUV/build/control_pkg/build/lib/control_pkg/joy_controller.py -> /home/abubakr/microROS_AUV/install/control_pkg/lib/python3.10/site-packages/control_pkg
[0.724s] copying /home/abubakr/microROS_AUV/build/control_pkg/build/lib/control_pkg/planar_stabilizer.py -> /home/abubakr/microROS_AUV/install/control_pkg/lib/python3.10/site-packages/control_pkg
[0.724s] copying /home/abubakr/microROS_AUV/build/control_pkg/build/lib/control_pkg/main_thruster_controller.py -> /home/abubakr/microROS_AUV/install/control_pkg/lib/python3.10/site-packages/control_pkg
[0.724s] copying /home/abubakr/microROS_AUV/build/control_pkg/build/lib/control_pkg/python_template.py -> /home/abubakr/microROS_AUV/install/control_pkg/lib/python3.10/site-packages/control_pkg
[0.724s] byte-compiling /home/abubakr/microROS_AUV/install/control_pkg/lib/python3.10/site-packages/control_pkg/heading_stabilizer.py to heading_stabilizer.cpython-310.pyc
[0.725s] byte-compiling /home/abubakr/microROS_AUV/install/control_pkg/lib/python3.10/site-packages/control_pkg/old_controller.py to old_controller.cpython-310.pyc
[0.725s] byte-compiling /home/abubakr/microROS_AUV/install/control_pkg/lib/python3.10/site-packages/control_pkg/depth_holder.py to depth_holder.cpython-310.pyc
[0.726s] byte-compiling /home/abubakr/microROS_AUV/install/control_pkg/lib/python3.10/site-packages/control_pkg/position_holder.py to position_holder.cpython-310.pyc
[0.726s] byte-compiling /home/abubakr/microROS_AUV/install/control_pkg/lib/python3.10/site-packages/control_pkg/sync_io.py to sync_io.cpython-310.pyc
[0.726s] byte-compiling /home/abubakr/microROS_AUV/install/control_pkg/lib/python3.10/site-packages/control_pkg/__init__.py to __init__.cpython-310.pyc
[0.727s] byte-compiling /home/abubakr/microROS_AUV/install/control_pkg/lib/python3.10/site-packages/control_pkg/joy_controller.py to joy_controller.cpython-310.pyc
[0.727s] byte-compiling /home/abubakr/microROS_AUV/install/control_pkg/lib/python3.10/site-packages/control_pkg/planar_stabilizer.py to planar_stabilizer.cpython-310.pyc
[0.728s] byte-compiling /home/abubakr/microROS_AUV/install/control_pkg/lib/python3.10/site-packages/control_pkg/main_thruster_controller.py to main_thruster_controller.cpython-310.pyc
[0.728s] byte-compiling /home/abubakr/microROS_AUV/install/control_pkg/lib/python3.10/site-packages/control_pkg/python_template.py to python_template.cpython-310.pyc
[0.729s] running install_data
[0.729s] creating /home/abubakr/microROS_AUV/install/control_pkg/share/ament_index
[0.729s] creating /home/abubakr/microROS_AUV/install/control_pkg/share/ament_index/resource_index
[0.729s] creating /home/abubakr/microROS_AUV/install/control_pkg/share/ament_index/resource_index/packages
[0.729s] copying resource/control_pkg -> /home/abubakr/microROS_AUV/install/control_pkg/share/ament_index/resource_index/packages
[0.730s] copying package.xml -> /home/abubakr/microROS_AUV/install/control_pkg/share/control_pkg
[0.730s] running install_egg_info
[0.731s] Copying ../../build/control_pkg/control_pkg.egg-info to /home/abubakr/microROS_AUV/install/control_pkg/lib/python3.10/site-packages/control_pkg-0.0.0-py3.10.egg-info
[0.731s] running install_scripts
[0.749s] Installing depth_holder script to /home/abubakr/microROS_AUV/install/control_pkg/lib/control_pkg
[0.750s] Installing heading_stabilizer script to /home/abubakr/microROS_AUV/install/control_pkg/lib/control_pkg
[0.750s] Installing joy_controller script to /home/abubakr/microROS_AUV/install/control_pkg/lib/control_pkg
[0.750s] Installing main_thruster_controller script to /home/abubakr/microROS_AUV/install/control_pkg/lib/control_pkg
[0.751s] Installing planar_stabilizer script to /home/abubakr/microROS_AUV/install/control_pkg/lib/control_pkg
[0.751s] Installing position_holder script to /home/abubakr/microROS_AUV/install/control_pkg/lib/control_pkg
[0.751s] Installing sync_io script to /home/abubakr/microROS_AUV/install/control_pkg/lib/control_pkg
[0.751s] writing list of installed files to '/home/abubakr/microROS_AUV/build/control_pkg/install.log'
[0.778s] Invoked command in '/home/abubakr/microROS_AUV/src/control_pkg' returned '0': PYTHONPATH=/home/abubakr/microROS_AUV/build/control_pkg/prefix_override:/usr/lib/python3/dist-packages/colcon_core/task/python/colcon_distutils_commands:/home/abubakr/microROS_AUV/install/control_pkg/lib/python3.10/site-packages:${PYTHONPATH} /usr/bin/python3 -W ignore:setup.py install is deprecated -W ignore:easy_install command is deprecated setup.py egg_info --egg-base ../../build/control_pkg build --build-base /home/abubakr/microROS_AUV/build/control_pkg/build install --record /home/abubakr/microROS_AUV/build/control_pkg/install.log --single-version-externally-managed install_data
