[0.013s] Invoking command in '/home/uwr/microROS_AUV/build/rosidl_typesupport_microxrcedds_c': CMAKE_PREFIX_PATH=/home/uwr/microROS_AUV/install/microcdr:/home/uwr/microROS_AUV/install/micro_ros_setup:/home/uwr/microROS_AUV/install/custom_interfaces:/home/uwr/Desktop/2024_UWR/install/kalman_filter:/home/uwr/Desktop/2024_UWR/install/sonar_msgs:/home/uwr/Desktop/2024_UWR/install/ros2-driver:/home/uwr/Desktop/2024_UWR/install/oculus_interfaces:/home/uwr/Desktop/2024_UWR/install/ntrip:/home/uwr/Desktop/2024_UWR/install/adnav-driver:/home/uwr/fls_ws/install/oculus_interfaces:/home/uwr/microROS_AUV/install/control_pkg:/home/uwr/Desktop/2024_UWR/install/sonar_subs:/opt/ros/humble LD_LIBRARY_PATH=/home/uwr/microROS_AUV/install/microcdr/lib:${LD_LIBRARY_PATH} /usr/bin/cmake /home/uwr/microROS_AUV/src/uros/rosidl_typesupport_microxrcedds/rosidl_typesupport_microxrcedds_c -DBUILD_TESTING=OFF -DBUILD_SHARED_LIBS=ON -DBUILD_SHARED_LIBS=ON -DCMAKE_INSTALL_PREFIX=/home/uwr/microROS_AUV/install/rosidl_typesupport_microxrcedds_c
[0.081s] -- The C compiler identification is GNU 11.4.0
[0.089s] -- Detecting C compiler ABI info
[0.171s] -- Detecting C compiler ABI info - done
[0.181s] -- Check for working C compiler: /usr/bin/cc - skipped
[0.181s] -- Detecting C compile features
[0.182s] -- Detecting C compile features - done
[0.186s] -- Found ament_cmake: 1.3.10 (/opt/ros/humble/share/ament_cmake/cmake)
[0.396s] -- Found Python3: /usr/bin/python3 (found version "3.10.12") found components: Interpreter 
[0.523s] -- Found rosidl_runtime_c: 3.1.5 (/opt/ros/humble/share/rosidl_runtime_c/cmake)
[0.754s] -- Configuring done
[0.760s] -- Generating done
[0.762s] -- Build files have been written to: /home/uwr/microROS_AUV/build/rosidl_typesupport_microxrcedds_c
[0.768s] Invoked command in '/home/uwr/microROS_AUV/build/rosidl_typesupport_microxrcedds_c' returned '0': CMAKE_PREFIX_PATH=/home/uwr/microROS_AUV/install/microcdr:/home/uwr/microROS_AUV/install/micro_ros_setup:/home/uwr/microROS_AUV/install/custom_interfaces:/home/uwr/Desktop/2024_UWR/install/kalman_filter:/home/uwr/Desktop/2024_UWR/install/sonar_msgs:/home/uwr/Desktop/2024_UWR/install/ros2-driver:/home/uwr/Desktop/2024_UWR/install/oculus_interfaces:/home/uwr/Desktop/2024_UWR/install/ntrip:/home/uwr/Desktop/2024_UWR/install/adnav-driver:/home/uwr/fls_ws/install/oculus_interfaces:/home/uwr/microROS_AUV/install/control_pkg:/home/uwr/Desktop/2024_UWR/install/sonar_subs:/opt/ros/humble LD_LIBRARY_PATH=/home/uwr/microROS_AUV/install/microcdr/lib:${LD_LIBRARY_PATH} /usr/bin/cmake /home/uwr/microROS_AUV/src/uros/rosidl_typesupport_microxrcedds/rosidl_typesupport_microxrcedds_c -DBUILD_TESTING=OFF -DBUILD_SHARED_LIBS=ON -DBUILD_SHARED_LIBS=ON -DCMAKE_INSTALL_PREFIX=/home/uwr/microROS_AUV/install/rosidl_typesupport_microxrcedds_c
[0.770s] Invoking command in '/home/uwr/microROS_AUV/build/rosidl_typesupport_microxrcedds_c': CMAKE_PREFIX_PATH=/home/uwr/microROS_AUV/install/microcdr:/home/uwr/microROS_AUV/install/micro_ros_setup:/home/uwr/microROS_AUV/install/custom_interfaces:/home/uwr/Desktop/2024_UWR/install/kalman_filter:/home/uwr/Desktop/2024_UWR/install/sonar_msgs:/home/uwr/Desktop/2024_UWR/install/ros2-driver:/home/uwr/Desktop/2024_UWR/install/oculus_interfaces:/home/uwr/Desktop/2024_UWR/install/ntrip:/home/uwr/Desktop/2024_UWR/install/adnav-driver:/home/uwr/fls_ws/install/oculus_interfaces:/home/uwr/microROS_AUV/install/control_pkg:/home/uwr/Desktop/2024_UWR/install/sonar_subs:/opt/ros/humble LD_LIBRARY_PATH=/home/uwr/microROS_AUV/install/microcdr/lib:${LD_LIBRARY_PATH} /usr/bin/cmake --build /home/uwr/microROS_AUV/build/rosidl_typesupport_microxrcedds_c -- -j8 -l8
[0.829s] [ 50%] [32mBuilding C object CMakeFiles/rosidl_typesupport_microxrcedds_c.dir/src/identifier.c.o[0m
[0.841s] [ 50%] Built target ament_cmake_python_copy_rosidl_typesupport_microxrcedds_c
[0.856s] [100%] [32m[1mLinking C shared library librosidl_typesupport_microxrcedds_c.so[0m
[0.899s] [100%] Built target rosidl_typesupport_microxrcedds_c
[1.207s] running egg_info
[1.210s] creating rosidl_typesupport_microxrcedds_c.egg-info
[1.210s] writing rosidl_typesupport_microxrcedds_c.egg-info/PKG-INFO
[1.211s] writing dependency_links to rosidl_typesupport_microxrcedds_c.egg-info/dependency_links.txt
[1.211s] writing top-level names to rosidl_typesupport_microxrcedds_c.egg-info/top_level.txt
[1.211s] writing manifest file 'rosidl_typesupport_microxrcedds_c.egg-info/SOURCES.txt'
[1.214s] reading manifest file 'rosidl_typesupport_microxrcedds_c.egg-info/SOURCES.txt'
[1.215s] writing manifest file 'rosidl_typesupport_microxrcedds_c.egg-info/SOURCES.txt'
[1.244s] [100%] Built target ament_cmake_python_build_rosidl_typesupport_microxrcedds_c_egg
[1.257s] Invoked command in '/home/uwr/microROS_AUV/build/rosidl_typesupport_microxrcedds_c' returned '0': CMAKE_PREFIX_PATH=/home/uwr/microROS_AUV/install/microcdr:/home/uwr/microROS_AUV/install/micro_ros_setup:/home/uwr/microROS_AUV/install/custom_interfaces:/home/uwr/Desktop/2024_UWR/install/kalman_filter:/home/uwr/Desktop/2024_UWR/install/sonar_msgs:/home/uwr/Desktop/2024_UWR/install/ros2-driver:/home/uwr/Desktop/2024_UWR/install/oculus_interfaces:/home/uwr/Desktop/2024_UWR/install/ntrip:/home/uwr/Desktop/2024_UWR/install/adnav-driver:/home/uwr/fls_ws/install/oculus_interfaces:/home/uwr/microROS_AUV/install/control_pkg:/home/uwr/Desktop/2024_UWR/install/sonar_subs:/opt/ros/humble LD_LIBRARY_PATH=/home/uwr/microROS_AUV/install/microcdr/lib:${LD_LIBRARY_PATH} /usr/bin/cmake --build /home/uwr/microROS_AUV/build/rosidl_typesupport_microxrcedds_c -- -j8 -l8
[1.290s] Invoking command in '/home/uwr/microROS_AUV/build/rosidl_typesupport_microxrcedds_c': CMAKE_PREFIX_PATH=/home/uwr/microROS_AUV/install/microcdr:/home/uwr/microROS_AUV/install/micro_ros_setup:/home/uwr/microROS_AUV/install/custom_interfaces:/home/uwr/Desktop/2024_UWR/install/kalman_filter:/home/uwr/Desktop/2024_UWR/install/sonar_msgs:/home/uwr/Desktop/2024_UWR/install/ros2-driver:/home/uwr/Desktop/2024_UWR/install/oculus_interfaces:/home/uwr/Desktop/2024_UWR/install/ntrip:/home/uwr/Desktop/2024_UWR/install/adnav-driver:/home/uwr/fls_ws/install/oculus_interfaces:/home/uwr/microROS_AUV/install/control_pkg:/home/uwr/Desktop/2024_UWR/install/sonar_subs:/opt/ros/humble LD_LIBRARY_PATH=/home/uwr/microROS_AUV/install/microcdr/lib:${LD_LIBRARY_PATH} /usr/bin/cmake --install /home/uwr/microROS_AUV/build/rosidl_typesupport_microxrcedds_c
[1.300s] -- Install configuration: ""
[1.300s] -- Installing: /home/uwr/microROS_AUV/install/rosidl_typesupport_microxrcedds_c/share/rosidl_typesupport_microxrcedds_c/environment/pythonpath.sh
[1.301s] -- Installing: /home/uwr/microROS_AUV/install/rosidl_typesupport_microxrcedds_c/share/rosidl_typesupport_microxrcedds_c/environment/pythonpath.dsv
[1.301s] -- Installing: /home/uwr/microROS_AUV/install/rosidl_typesupport_microxrcedds_c/local/lib/python3.10/dist-packages/rosidl_typesupport_microxrcedds_c-3.0.1-py3.10.egg-info
[1.302s] -- Installing: /home/uwr/microROS_AUV/install/rosidl_typesupport_microxrcedds_c/local/lib/python3.10/dist-packages/rosidl_typesupport_microxrcedds_c-3.0.1-py3.10.egg-info/top_level.txt
[1.302s] -- Installing: /home/uwr/microROS_AUV/install/rosidl_typesupport_microxrcedds_c/local/lib/python3.10/dist-packages/rosidl_typesupport_microxrcedds_c-3.0.1-py3.10.egg-info/dependency_links.txt
[1.302s] -- Installing: /home/uwr/microROS_AUV/install/rosidl_typesupport_microxrcedds_c/local/lib/python3.10/dist-packages/rosidl_typesupport_microxrcedds_c-3.0.1-py3.10.egg-info/PKG-INFO
[1.302s] -- Installing: /home/uwr/microROS_AUV/install/rosidl_typesupport_microxrcedds_c/local/lib/python3.10/dist-packages/rosidl_typesupport_microxrcedds_c-3.0.1-py3.10.egg-info/SOURCES.txt
[1.302s] -- Installing: /home/uwr/microROS_AUV/install/rosidl_typesupport_microxrcedds_c/local/lib/python3.10/dist-packages/rosidl_typesupport_microxrcedds_c
[1.302s] -- Installing: /home/uwr/microROS_AUV/install/rosidl_typesupport_microxrcedds_c/local/lib/python3.10/dist-packages/rosidl_typesupport_microxrcedds_c/__init__.py
[1.348s] Listing '/home/uwr/microROS_AUV/install/rosidl_typesupport_microxrcedds_c/local/lib/python3.10/dist-packages/rosidl_typesupport_microxrcedds_c'...
[1.349s] Compiling '/home/uwr/microROS_AUV/install/rosidl_typesupport_microxrcedds_c/local/lib/python3.10/dist-packages/rosidl_typesupport_microxrcedds_c/__init__.py'...
[1.354s] -- Installing: /home/uwr/microROS_AUV/install/rosidl_typesupport_microxrcedds_c/share/rosidl_typesupport_microxrcedds_c/environment/library_path.sh
[1.355s] -- Installing: /home/uwr/microROS_AUV/install/rosidl_typesupport_microxrcedds_c/share/rosidl_typesupport_microxrcedds_c/environment/library_path.dsv
[1.355s] -- Installing: /home/uwr/microROS_AUV/install/rosidl_typesupport_microxrcedds_c/share/ament_index/resource_index/rosidl_typesupport_c/rosidl_typesupport_microxrcedds_c
[1.355s] -- Installing: /home/uwr/microROS_AUV/install/rosidl_typesupport_microxrcedds_c/share/ament_index/resource_index/package_run_dependencies/rosidl_typesupport_microxrcedds_c
[1.356s] -- Installing: /home/uwr/microROS_AUV/install/rosidl_typesupport_microxrcedds_c/share/ament_index/resource_index/parent_prefix_path/rosidl_typesupport_microxrcedds_c
[1.356s] -- Installing: /home/uwr/microROS_AUV/install/rosidl_typesupport_microxrcedds_c/share/rosidl_typesupport_microxrcedds_c/environment/ament_prefix_path.sh
[1.356s] -- Installing: /home/uwr/microROS_AUV/install/rosidl_typesupport_microxrcedds_c/share/rosidl_typesupport_microxrcedds_c/environment/ament_prefix_path.dsv
[1.356s] -- Installing: /home/uwr/microROS_AUV/install/rosidl_typesupport_microxrcedds_c/share/rosidl_typesupport_microxrcedds_c/environment/path.sh
[1.357s] -- Installing: /home/uwr/microROS_AUV/install/rosidl_typesupport_microxrcedds_c/share/rosidl_typesupport_microxrcedds_c/environment/path.dsv
[1.357s] -- Installing: /home/uwr/microROS_AUV/install/rosidl_typesupport_microxrcedds_c/share/rosidl_typesupport_microxrcedds_c/local_setup.bash
[1.357s] -- Installing: /home/uwr/microROS_AUV/install/rosidl_typesupport_microxrcedds_c/share/rosidl_typesupport_microxrcedds_c/local_setup.sh
[1.357s] -- Installing: /home/uwr/microROS_AUV/install/rosidl_typesupport_microxrcedds_c/share/rosidl_typesupport_microxrcedds_c/local_setup.zsh
[1.357s] -- Installing: /home/uwr/microROS_AUV/install/rosidl_typesupport_microxrcedds_c/share/rosidl_typesupport_microxrcedds_c/local_setup.dsv
[1.358s] -- Installing: /home/uwr/microROS_AUV/install/rosidl_typesupport_microxrcedds_c/share/rosidl_typesupport_microxrcedds_c/package.dsv
[1.358s] -- Installing: /home/uwr/microROS_AUV/install/rosidl_typesupport_microxrcedds_c/share/ament_index/resource_index/packages/rosidl_typesupport_microxrcedds_c
[1.358s] -- Installing: /home/uwr/microROS_AUV/install/rosidl_typesupport_microxrcedds_c/share/rosidl_typesupport_microxrcedds_c/cmake/rosidl_typesupport_microxrcedds_cExport.cmake
[1.359s] -- Installing: /home/uwr/microROS_AUV/install/rosidl_typesupport_microxrcedds_c/share/rosidl_typesupport_microxrcedds_c/cmake/rosidl_typesupport_microxrcedds_cExport-noconfig.cmake
[1.359s] -- Installing: /home/uwr/microROS_AUV/install/rosidl_typesupport_microxrcedds_c/share/rosidl_typesupport_microxrcedds_c/cmake/rosidl_typesupport_microxrcedds_c-extras.cmake
[1.359s] -- Installing: /home/uwr/microROS_AUV/install/rosidl_typesupport_microxrcedds_c/share/rosidl_typesupport_microxrcedds_c/cmake/ament_cmake_export_dependencies-extras.cmake
[1.360s] -- Installing: /home/uwr/microROS_AUV/install/rosidl_typesupport_microxrcedds_c/share/rosidl_typesupport_microxrcedds_c/cmake/ament_cmake_export_include_directories-extras.cmake
[1.360s] -- Installing: /home/uwr/microROS_AUV/install/rosidl_typesupport_microxrcedds_c/share/rosidl_typesupport_microxrcedds_c/cmake/ament_cmake_export_libraries-extras.cmake
[1.360s] -- Installing: /home/uwr/microROS_AUV/install/rosidl_typesupport_microxrcedds_c/share/rosidl_typesupport_microxrcedds_c/cmake/ament_cmake_export_targets-extras.cmake
[1.360s] -- Installing: /home/uwr/microROS_AUV/install/rosidl_typesupport_microxrcedds_c/share/rosidl_typesupport_microxrcedds_c/cmake/rosidl_typesupport_microxrcedds_cConfig.cmake
[1.360s] -- Installing: /home/uwr/microROS_AUV/install/rosidl_typesupport_microxrcedds_c/share/rosidl_typesupport_microxrcedds_c/cmake/rosidl_typesupport_microxrcedds_cConfig-version.cmake
[1.361s] -- Installing: /home/uwr/microROS_AUV/install/rosidl_typesupport_microxrcedds_c/share/rosidl_typesupport_microxrcedds_c/package.xml
[1.361s] -- Installing: /home/uwr/microROS_AUV/install/rosidl_typesupport_microxrcedds_c/lib/rosidl_typesupport_microxrcedds_c/rosidl_typesupport_microxrcedds_c
[1.361s] -- Up-to-date: /home/uwr/microROS_AUV/install/rosidl_typesupport_microxrcedds_c/share/rosidl_typesupport_microxrcedds_c/cmake
[1.361s] -- Installing: /home/uwr/microROS_AUV/install/rosidl_typesupport_microxrcedds_c/share/rosidl_typesupport_microxrcedds_c/cmake/rosidl_typesupport_microxrcedds_c_generate_interfaces.cmake
[1.362s] -- Installing: /home/uwr/microROS_AUV/install/rosidl_typesupport_microxrcedds_c/share/rosidl_typesupport_microxrcedds_c/resource
[1.362s] -- Installing: /home/uwr/microROS_AUV/install/rosidl_typesupport_microxrcedds_c/share/rosidl_typesupport_microxrcedds_c/resource/idl__type_support_c.c.em
[1.362s] -- Installing: /home/uwr/microROS_AUV/install/rosidl_typesupport_microxrcedds_c/share/rosidl_typesupport_microxrcedds_c/resource/idl__rosidl_typesupport_microxrcedds_c.h.em
[1.362s] -- Installing: /home/uwr/microROS_AUV/install/rosidl_typesupport_microxrcedds_c/share/rosidl_typesupport_microxrcedds_c/resource/srv__rosidl_typesupport_microxrcedds_c.h.em
[1.362s] -- Installing: /home/uwr/microROS_AUV/install/rosidl_typesupport_microxrcedds_c/share/rosidl_typesupport_microxrcedds_c/resource/msg__rosidl_typesupport_microxrcedds_c.h.em
[1.363s] -- Installing: /home/uwr/microROS_AUV/install/rosidl_typesupport_microxrcedds_c/share/rosidl_typesupport_microxrcedds_c/resource/rosidl_typesupport_microxrcedds_c__visibility_control.h.in
[1.363s] -- Installing: /home/uwr/microROS_AUV/install/rosidl_typesupport_microxrcedds_c/share/rosidl_typesupport_microxrcedds_c/resource/srv__type_support_c.c.em
[1.363s] -- Installing: /home/uwr/microROS_AUV/install/rosidl_typesupport_microxrcedds_c/share/rosidl_typesupport_microxrcedds_c/resource/msg__type_support_c.c.em
[1.363s] -- Installing: /home/uwr/microROS_AUV/install/rosidl_typesupport_microxrcedds_c/include
[1.363s] -- Installing: /home/uwr/microROS_AUV/install/rosidl_typesupport_microxrcedds_c/include/rosidl_typesupport_microxrcedds_c
[1.363s] -- Installing: /home/uwr/microROS_AUV/install/rosidl_typesupport_microxrcedds_c/include/rosidl_typesupport_microxrcedds_c/service_type_support.h
[1.364s] -- Installing: /home/uwr/microROS_AUV/install/rosidl_typesupport_microxrcedds_c/include/rosidl_typesupport_microxrcedds_c/message_type_support.h
[1.364s] -- Installing: /home/uwr/microROS_AUV/install/rosidl_typesupport_microxrcedds_c/include/rosidl_typesupport_microxrcedds_c/identifier.h
[1.364s] -- Installing: /home/uwr/microROS_AUV/install/rosidl_typesupport_microxrcedds_c/include/rosidl_typesupport_microxrcedds_c/visibility_control.h
[1.364s] -- Installing: /home/uwr/microROS_AUV/install/rosidl_typesupport_microxrcedds_c/lib/librosidl_typesupport_microxrcedds_c.so
[1.364s] -- Set runtime path of "/home/uwr/microROS_AUV/install/rosidl_typesupport_microxrcedds_c/lib/librosidl_typesupport_microxrcedds_c.so" to ""
[1.367s] Invoked command in '/home/uwr/microROS_AUV/build/rosidl_typesupport_microxrcedds_c' returned '0': CMAKE_PREFIX_PATH=/home/uwr/microROS_AUV/install/microcdr:/home/uwr/microROS_AUV/install/micro_ros_setup:/home/uwr/microROS_AUV/install/custom_interfaces:/home/uwr/Desktop/2024_UWR/install/kalman_filter:/home/uwr/Desktop/2024_UWR/install/sonar_msgs:/home/uwr/Desktop/2024_UWR/install/ros2-driver:/home/uwr/Desktop/2024_UWR/install/oculus_interfaces:/home/uwr/Desktop/2024_UWR/install/ntrip:/home/uwr/Desktop/2024_UWR/install/adnav-driver:/home/uwr/fls_ws/install/oculus_interfaces:/home/uwr/microROS_AUV/install/control_pkg:/home/uwr/Desktop/2024_UWR/install/sonar_subs:/opt/ros/humble LD_LIBRARY_PATH=/home/uwr/microROS_AUV/install/microcdr/lib:${LD_LIBRARY_PATH} /usr/bin/cmake --install /home/uwr/microROS_AUV/build/rosidl_typesupport_microxrcedds_c
