[0.016s] Invoking command in '/home/uwr/microROS_AUV/build/microcdr': /usr/bin/cmake /home/uwr/microROS_AUV/src/eProsima/Micro-CDR -DBUILD_TESTING=OFF -DBUILD_SHARED_LIBS=ON -DUCDR_ISOLATED_INSTALL=OFF -DBUILD_SHARED_LIBS=ON -DCMAKE_INSTALL_PREFIX=/home/uwr/microROS_AUV/install/microcdr
[0.026s] -- Setting build type to 'Release' as none was specified.
[0.096s] -- The C compiler identification is GNU 11.4.0
[0.104s] -- Detecting C compiler ABI info
[0.186s] -- Detecting C compiler ABI info - done
[0.196s] -- Check for working C compiler: /usr/bin/cc - skipped
[0.196s] -- Detecting C compile features
[0.197s] -- Detecting C compile features - done
[0.263s] -- The CXX compiler identification is GNU 11.4.0
[0.272s] -- Detecting CXX compiler ABI info
[0.367s] -- Detecting CXX compiler ABI info - done
[0.378s] -- Check for working CXX compiler: /usr/bin/c++ - skipped
[0.378s] -- Detecting CXX compile features
[0.379s] -- Detecting CXX compile features - done
[0.391s] -- Configuring done
[0.393s] -- Generating done
[0.393s] [33mCMake Warning:
[0.394s]   Manually-specified variables were not used by the project:
[0.394s] 
[0.394s]     BUILD_TESTING
[0.394s] 
[0.394s] [0m
[0.394s] -- Build files have been written to: /home/uwr/microROS_AUV/build/microcdr
[0.399s] Invoked command in '/home/uwr/microROS_AUV/build/microcdr' returned '0': /usr/bin/cmake /home/uwr/microROS_AUV/src/eProsima/Micro-CDR -DBUILD_TESTING=OFF -DBUILD_SHARED_LIBS=ON -DUCDR_ISOLATED_INSTALL=OFF -DBUILD_SHARED_LIBS=ON -DCMAKE_INSTALL_PREFIX=/home/uwr/microROS_AUV/install/microcdr
[0.401s] Invoking command in '/home/uwr/microROS_AUV/build/microcdr': /usr/bin/cmake --build /home/uwr/microROS_AUV/build/microcdr -- -j8 -l8
[0.455s] [ 12%] [34m[1mCreating directories for 'ucdr'[0m
[0.533s] [ 25%] [34m[1mNo download step for 'ucdr'[0m
[0.560s] [ 37%] [34m[1mNo update step for 'ucdr'[0m
[0.586s] [ 50%] [34m[1mNo patch step for 'ucdr'[0m
[0.612s] [ 62%] [34m[1mPerforming configure step for 'ucdr'[0m
[0.622s] loading initial cache file /home/uwr/microROS_AUV/build/microcdr/ucdr-prefix/tmp/ucdr-cache-Release.cmake
[0.638s] -- Configuring done
[0.642s] -- Generating done
[0.643s] -- Build files have been written to: /home/uwr/microROS_AUV/build/microcdr
[0.663s] [ 75%] [34m[1mPerforming build step for 'ucdr'[0m
[0.712s] [ 50%] [32mBuilding C object CMakeFiles/microcdr.dir/src/c/common.c.o[0m
[0.712s] [ 50%] [32mBuilding C object CMakeFiles/microcdr.dir/src/c/types/array.c.o[0m
[0.712s] [ 50%] [32mBuilding C object CMakeFiles/microcdr.dir/src/c/types/basic.c.o[0m
[0.716s] [ 66%] [32mBuilding C object CMakeFiles/microcdr.dir/src/c/types/string.c.o[0m
[0.718s] [ 83%] [32mBuilding C object CMakeFiles/microcdr.dir/src/c/types/sequence.c.o[0m
[1.495s] [100%] [32m[1mLinking C shared library libmicrocdr.so[0m
[1.559s] [100%] Built target microcdr
[1.587s] [34m[1mNo install step for 'ucdr'[0m
[1.614s] [34m[1mCompleted 'ucdr'[0m
[1.651s] Built target ucdr
[1.663s] Invoked command in '/home/uwr/microROS_AUV/build/microcdr' returned '0': /usr/bin/cmake --build /home/uwr/microROS_AUV/build/microcdr -- -j8 -l8
[1.712s] Invoking command in '/home/uwr/microROS_AUV/build/microcdr': /usr/bin/cmake --install /home/uwr/microROS_AUV/build/microcdr
[1.720s] -- Install configuration: "Release"
[1.720s] -- Installing: /home/uwr/microROS_AUV/install/microcdr/lib/libmicrocdr.so.2.0.1
[1.720s] -- Installing: /home/uwr/microROS_AUV/install/microcdr/lib/libmicrocdr.so.2.0
[1.720s] -- Installing: /home/uwr/microROS_AUV/install/microcdr/lib/libmicrocdr.so
[1.721s] -- Installing: /home/uwr/microROS_AUV/install/microcdr/include/ucdr
[1.721s] -- Installing: /home/uwr/microROS_AUV/install/microcdr/include/ucdr/visibility.h
[1.721s] -- Installing: /home/uwr/microROS_AUV/install/microcdr/include/ucdr/microcdr.h
[1.721s] -- Installing: /home/uwr/microROS_AUV/install/microcdr/include/ucdr/config.h
[1.721s] -- Installing: /home/uwr/microROS_AUV/install/microcdr/share/microcdr/cmake/microcdrTargets.cmake
[1.721s] -- Installing: /home/uwr/microROS_AUV/install/microcdr/share/microcdr/cmake/microcdrTargets-release.cmake
[1.722s] -- Installing: /home/uwr/microROS_AUV/install/microcdr/share/microcdr/cmake/microcdrConfig.cmake
[1.722s] -- Installing: /home/uwr/microROS_AUV/install/microcdr/share/microcdr/cmake/microcdrConfigVersion.cmake
[1.725s] Invoked command in '/home/uwr/microROS_AUV/build/microcdr' returned '0': /usr/bin/cmake --install /home/uwr/microROS_AUV/build/microcdr
