running egg_info
writing ../../build/control_pkg/control_pkg.egg-info/PKG-INFO
writing dependency_links to ../../build/control_pkg/control_pkg.egg-info/dependency_links.txt
writing entry points to ../../build/control_pkg/control_pkg.egg-info/entry_points.txt
writing requirements to ../../build/control_pkg/control_pkg.egg-info/requires.txt
writing top-level names to ../../build/control_pkg/control_pkg.egg-info/top_level.txt
reading manifest file '../../build/control_pkg/control_pkg.egg-info/SOURCES.txt'
writing manifest file '../../build/control_pkg/control_pkg.egg-info/SOURCES.txt'
running build
running build_py
running install
running install_lib
running install_data
running install_egg_info
removing '/home/uwr/microROS_AUV/install/control_pkg/lib/python3.10/site-packages/control_pkg-0.0.0-py3.10.egg-info' (and everything under it)
Copying ../../build/control_pkg/control_pkg.egg-info to /home/uwr/microROS_AUV/install/control_pkg/lib/python3.10/site-packages/control_pkg-0.0.0-py3.10.egg-info
running install_scripts
Installing depth_holder script to /home/uwr/microROS_AUV/install/control_pkg/lib/control_pkg
Installing heading_stabilizer script to /home/uwr/microROS_AUV/install/control_pkg/lib/control_pkg
Installing joy_controller script to /home/uwr/microROS_AUV/install/control_pkg/lib/control_pkg
Installing main_thruster_controller script to /home/uwr/microROS_AUV/install/control_pkg/lib/control_pkg
Installing planar_stabilizer script to /home/uwr/microROS_AUV/install/control_pkg/lib/control_pkg
Installing position_holder script to /home/uwr/microROS_AUV/install/control_pkg/lib/control_pkg
Installing sync_io script to /home/uwr/microROS_AUV/install/control_pkg/lib/control_pkg
writing list of installed files to '/home/uwr/microROS_AUV/build/control_pkg/install.log'
