[0.048s] Invoking command in '/home/uwr/microROS_AUV/build/stereo_msgs': AMENT_PREFIX_PATH=/home/uwr/microROS_AUV/install/sensor_msgs:/home/uwr/microROS_AUV/install/geometry_msgs:/home/uwr/microROS_AUV/install/std_msgs:${AMENT_PREFIX_PATH} CMAKE_PREFIX_PATH=/home/uwr/microROS_AUV/install/sensor_msgs:/home/uwr/microROS_AUV/install/geometry_msgs:/home/uwr/microROS_AUV/install/std_msgs:/home/uwr/microROS_AUV/install/builtin_interfaces:/home/uwr/microROS_AUV/install/action_msgs:/home/uwr/microROS_AUV/install/unique_identifier_msgs:/home/uwr/microROS_AUV/install/std_srvs:/home/uwr/microROS_AUV/install/rosidl_typesupport_microxrcedds_test_msg:/home/uwr/microROS_AUV/install/rosidl_typesupport_microxrcedds_cpp_tests:/home/uwr/microROS_AUV/install/rmw_microxrcedds:/home/uwr/microROS_AUV/install/rosidl_typesupport_microxrcedds_cpp:/home/uwr/microROS_AUV/install/rosidl_typesupport_microxrcedds_c_tests:/home/uwr/microROS_AUV/install/rosidl_typesupport_microxrcedds_c:/home/uwr/microROS_AUV/install/rosgraph_msgs:/home/uwr/microROS_AUV/install/microxrcedds_client:/home/uwr/microROS_AUV/install/microcdr:/home/uwr/microROS_AUV/install/micro_ros_utilities:/home/uwr/microROS_AUV/install/micro_ros_msgs:/home/uwr/microROS_AUV/install/lifecycle_msgs:/home/uwr/microROS_AUV/install/complex_msgs:/home/uwr/microROS_AUV/install/micro_ros_setup:/home/uwr/microROS_AUV/install/custom_interfaces:/home/uwr/Desktop/2024_UWR/install/kalman_filter:/home/uwr/Desktop/2024_UWR/install/sonar_msgs:/home/uwr/Desktop/2024_UWR/install/ros2-driver:/home/uwr/Desktop/2024_UWR/install/oculus_interfaces:/home/uwr/Desktop/2024_UWR/install/ntrip:/home/uwr/Desktop/2024_UWR/install/adnav-driver:/home/uwr/fls_ws/install/oculus_interfaces:/home/uwr/microROS_AUV/install/statistics_msgs:/home/uwr/microROS_AUV/install/control_pkg:/home/uwr/Desktop/2024_UWR/install/sonar_subs:/opt/ros/humble LD_LIBRARY_PATH=/home/uwr/microROS_AUV/install/sensor_msgs/lib:/home/uwr/microROS_AUV/install/geometry_msgs/lib:/home/uwr/microROS_AUV/install/std_msgs/lib:/home/uwr/microROS_AUV/install/builtin_interfaces/lib:/home/uwr/microROS_AUV/install/action_msgs/lib:/home/uwr/microROS_AUV/install/unique_identifier_msgs/lib:/home/uwr/microROS_AUV/install/std_srvs/lib:/home/uwr/microROS_AUV/install/statistics_msgs/lib:/home/uwr/microROS_AUV/install/rmw_microxrcedds/lib:/home/uwr/microROS_AUV/install/rosidl_typesupport_microxrcedds_cpp/lib:/home/uwr/microROS_AUV/install/rosidl_typesupport_microxrcedds_c/lib:/home/uwr/microROS_AUV/install/rosgraph_msgs/lib:/home/uwr/microROS_AUV/install/microxrcedds_client/lib:/home/uwr/microROS_AUV/install/microcdr/lib:/home/uwr/microROS_AUV/install/micro_ros_utilities/lib:/home/uwr/microROS_AUV/install/micro_ros_msgs/lib:/home/uwr/microROS_AUV/install/lifecycle_msgs/lib:/home/uwr/microROS_AUV/install/complex_msgs/lib:/home/uwr/microROS_AUV/install/custom_interfaces/lib:/home/uwr/oculus_driver/install/lib:/home/uwr/Desktop/2024_UWR/install/sonar_msgs/lib:/home/uwr/Desktop/2024_UWR/install/oculus_interfaces/lib:/home/uwr/fls_ws/install/oculus_interfaces/lib:/opt/ros/humble/opt/rviz_ogre_vendor/lib:/opt/ros/humble/lib/x86_64-linux-gnu:/opt/ros/humble/lib PYTHONPATH=/home/uwr/microROS_AUV/install/sensor_msgs/local/lib/python3.10/dist-packages:/home/uwr/microROS_AUV/install/geometry_msgs/local/lib/python3.10/dist-packages:/home/uwr/microROS_AUV/install/std_msgs/local/lib/python3.10/dist-packages:${PYTHONPATH} /usr/bin/cmake /home/uwr/microROS_AUV/src/ros2/common_interfaces/stereo_msgs -DBUILD_TESTING=OFF -DBUILD_SHARED_LIBS=ON -DCMAKE_INSTALL_PREFIX=/home/uwr/microROS_AUV/install/stereo_msgs
[0.141s] -- The C compiler identification is GNU 11.4.0
[0.239s] -- The CXX compiler identification is GNU 11.4.0
[0.251s] -- Detecting C compiler ABI info
[0.364s] -- Detecting C compiler ABI info - done
[0.378s] -- Check for working C compiler: /usr/bin/cc - skipped
[0.378s] -- Detecting C compile features
[0.379s] -- Detecting C compile features - done
[0.384s] -- Detecting CXX compiler ABI info
[0.517s] -- Detecting CXX compiler ABI info - done
[0.531s] -- Check for working CXX compiler: /usr/bin/c++ - skipped
[0.531s] -- Detecting CXX compile features
[0.532s] -- Detecting CXX compile features - done
[0.539s] -- Found ament_cmake: 1.3.10 (/opt/ros/humble/share/ament_cmake/cmake)
[0.871s] -- Found Python3: /usr/bin/python3 (found version "3.10.12") found components: Interpreter 
[1.107s] -- Found rosidl_default_generators: 1.2.0 (/opt/ros/humble/share/rosidl_default_generators/cmake)
[1.123s] -- Using all available rosidl_typesupport_c: rosidl_typesupport_microxrcedds_c;rosidl_typesupport_fastrtps_c;rosidl_typesupport_introspection_c
[1.144s] -- Found rosidl_adapter: 3.1.5 (/opt/ros/humble/share/rosidl_adapter/cmake)
[1.283s] -- Using all available rosidl_typesupport_cpp: rosidl_typesupport_microxrcedds_cpp;rosidl_typesupport_fastrtps_cpp;rosidl_typesupport_introspection_cpp
[1.371s] -- Found sensor_msgs: 4.9.0 (/home/uwr/microROS_AUV/install/sensor_msgs/share/sensor_msgs/cmake)
[2.235s] -- Found ament_cmake_ros: 0.10.0 (/opt/ros/humble/share/ament_cmake_ros/cmake)
[3.140s] -- Using all available rosidl_typesupport_c: rosidl_typesupport_microxrcedds_c;rosidl_typesupport_fastrtps_c;rosidl_typesupport_introspection_c
[4.008s] -- Using all available rosidl_typesupport_cpp: rosidl_typesupport_microxrcedds_cpp;rosidl_typesupport_fastrtps_cpp;rosidl_typesupport_introspection_cpp
[4.058s] -- Found PythonInterp: /usr/bin/python3 (found suitable version "3.10.12", minimum required is "3.6") 
[4.063s] -- Found python_cmake_module: 0.10.0 (/opt/ros/humble/share/python_cmake_module/cmake)
[4.116s] -- Found PythonLibs: /usr/lib/x86_64-linux-gnu/libpython3.10.so (found suitable version "3.10.12", minimum required is "3.5") 
[4.116s] -- Using PYTHON_EXECUTABLE: /usr/bin/python3
[4.116s] -- Using PYTHON_INCLUDE_DIRS: /usr/include/python3.10
[4.116s] -- Using PYTHON_LIBRARIES: /usr/lib/x86_64-linux-gnu/libpython3.10.so
[4.158s] -- Found PythonExtra: .so  
[4.352s] -- Configuring done
[4.432s] -- Generating done
[4.437s] -- Build files have been written to: /home/uwr/microROS_AUV/build/stereo_msgs
[4.450s] Invoked command in '/home/uwr/microROS_AUV/build/stereo_msgs' returned '0': AMENT_PREFIX_PATH=/home/uwr/microROS_AUV/install/sensor_msgs:/home/uwr/microROS_AUV/install/geometry_msgs:/home/uwr/microROS_AUV/install/std_msgs:${AMENT_PREFIX_PATH} CMAKE_PREFIX_PATH=/home/uwr/microROS_AUV/install/sensor_msgs:/home/uwr/microROS_AUV/install/geometry_msgs:/home/uwr/microROS_AUV/install/std_msgs:/home/uwr/microROS_AUV/install/builtin_interfaces:/home/uwr/microROS_AUV/install/action_msgs:/home/uwr/microROS_AUV/install/unique_identifier_msgs:/home/uwr/microROS_AUV/install/std_srvs:/home/uwr/microROS_AUV/install/rosidl_typesupport_microxrcedds_test_msg:/home/uwr/microROS_AUV/install/rosidl_typesupport_microxrcedds_cpp_tests:/home/uwr/microROS_AUV/install/rmw_microxrcedds:/home/uwr/microROS_AUV/install/rosidl_typesupport_microxrcedds_cpp:/home/uwr/microROS_AUV/install/rosidl_typesupport_microxrcedds_c_tests:/home/uwr/microROS_AUV/install/rosidl_typesupport_microxrcedds_c:/home/uwr/microROS_AUV/install/rosgraph_msgs:/home/uwr/microROS_AUV/install/microxrcedds_client:/home/uwr/microROS_AUV/install/microcdr:/home/uwr/microROS_AUV/install/micro_ros_utilities:/home/uwr/microROS_AUV/install/micro_ros_msgs:/home/uwr/microROS_AUV/install/lifecycle_msgs:/home/uwr/microROS_AUV/install/complex_msgs:/home/uwr/microROS_AUV/install/micro_ros_setup:/home/uwr/microROS_AUV/install/custom_interfaces:/home/uwr/Desktop/2024_UWR/install/kalman_filter:/home/uwr/Desktop/2024_UWR/install/sonar_msgs:/home/uwr/Desktop/2024_UWR/install/ros2-driver:/home/uwr/Desktop/2024_UWR/install/oculus_interfaces:/home/uwr/Desktop/2024_UWR/install/ntrip:/home/uwr/Desktop/2024_UWR/install/adnav-driver:/home/uwr/fls_ws/install/oculus_interfaces:/home/uwr/microROS_AUV/install/statistics_msgs:/home/uwr/microROS_AUV/install/control_pkg:/home/uwr/Desktop/2024_UWR/install/sonar_subs:/opt/ros/humble LD_LIBRARY_PATH=/home/uwr/microROS_AUV/install/sensor_msgs/lib:/home/uwr/microROS_AUV/install/geometry_msgs/lib:/home/uwr/microROS_AUV/install/std_msgs/lib:/home/uwr/microROS_AUV/install/builtin_interfaces/lib:/home/uwr/microROS_AUV/install/action_msgs/lib:/home/uwr/microROS_AUV/install/unique_identifier_msgs/lib:/home/uwr/microROS_AUV/install/std_srvs/lib:/home/uwr/microROS_AUV/install/statistics_msgs/lib:/home/uwr/microROS_AUV/install/rmw_microxrcedds/lib:/home/uwr/microROS_AUV/install/rosidl_typesupport_microxrcedds_cpp/lib:/home/uwr/microROS_AUV/install/rosidl_typesupport_microxrcedds_c/lib:/home/uwr/microROS_AUV/install/rosgraph_msgs/lib:/home/uwr/microROS_AUV/install/microxrcedds_client/lib:/home/uwr/microROS_AUV/install/microcdr/lib:/home/uwr/microROS_AUV/install/micro_ros_utilities/lib:/home/uwr/microROS_AUV/install/micro_ros_msgs/lib:/home/uwr/microROS_AUV/install/lifecycle_msgs/lib:/home/uwr/microROS_AUV/install/complex_msgs/lib:/home/uwr/microROS_AUV/install/custom_interfaces/lib:/home/uwr/oculus_driver/install/lib:/home/uwr/Desktop/2024_UWR/install/sonar_msgs/lib:/home/uwr/Desktop/2024_UWR/install/oculus_interfaces/lib:/home/uwr/fls_ws/install/oculus_interfaces/lib:/opt/ros/humble/opt/rviz_ogre_vendor/lib:/opt/ros/humble/lib/x86_64-linux-gnu:/opt/ros/humble/lib PYTHONPATH=/home/uwr/microROS_AUV/install/sensor_msgs/local/lib/python3.10/dist-packages:/home/uwr/microROS_AUV/install/geometry_msgs/local/lib/python3.10/dist-packages:/home/uwr/microROS_AUV/install/std_msgs/local/lib/python3.10/dist-packages:${PYTHONPATH} /usr/bin/cmake /home/uwr/microROS_AUV/src/ros2/common_interfaces/stereo_msgs -DBUILD_TESTING=OFF -DBUILD_SHARED_LIBS=ON -DCMAKE_INSTALL_PREFIX=/home/uwr/microROS_AUV/install/stereo_msgs
[4.453s] Invoking command in '/home/uwr/microROS_AUV/build/stereo_msgs': AMENT_PREFIX_PATH=/home/uwr/microROS_AUV/install/sensor_msgs:/home/uwr/microROS_AUV/install/geometry_msgs:/home/uwr/microROS_AUV/install/std_msgs:${AMENT_PREFIX_PATH} CMAKE_PREFIX_PATH=/home/uwr/microROS_AUV/install/sensor_msgs:/home/uwr/microROS_AUV/install/geometry_msgs:/home/uwr/microROS_AUV/install/std_msgs:/home/uwr/microROS_AUV/install/builtin_interfaces:/home/uwr/microROS_AUV/install/action_msgs:/home/uwr/microROS_AUV/install/unique_identifier_msgs:/home/uwr/microROS_AUV/install/std_srvs:/home/uwr/microROS_AUV/install/rosidl_typesupport_microxrcedds_test_msg:/home/uwr/microROS_AUV/install/rosidl_typesupport_microxrcedds_cpp_tests:/home/uwr/microROS_AUV/install/rmw_microxrcedds:/home/uwr/microROS_AUV/install/rosidl_typesupport_microxrcedds_cpp:/home/uwr/microROS_AUV/install/rosidl_typesupport_microxrcedds_c_tests:/home/uwr/microROS_AUV/install/rosidl_typesupport_microxrcedds_c:/home/uwr/microROS_AUV/install/rosgraph_msgs:/home/uwr/microROS_AUV/install/microxrcedds_client:/home/uwr/microROS_AUV/install/microcdr:/home/uwr/microROS_AUV/install/micro_ros_utilities:/home/uwr/microROS_AUV/install/micro_ros_msgs:/home/uwr/microROS_AUV/install/lifecycle_msgs:/home/uwr/microROS_AUV/install/complex_msgs:/home/uwr/microROS_AUV/install/micro_ros_setup:/home/uwr/microROS_AUV/install/custom_interfaces:/home/uwr/Desktop/2024_UWR/install/kalman_filter:/home/uwr/Desktop/2024_UWR/install/sonar_msgs:/home/uwr/Desktop/2024_UWR/install/ros2-driver:/home/uwr/Desktop/2024_UWR/install/oculus_interfaces:/home/uwr/Desktop/2024_UWR/install/ntrip:/home/uwr/Desktop/2024_UWR/install/adnav-driver:/home/uwr/fls_ws/install/oculus_interfaces:/home/uwr/microROS_AUV/install/statistics_msgs:/home/uwr/microROS_AUV/install/control_pkg:/home/uwr/Desktop/2024_UWR/install/sonar_subs:/opt/ros/humble LD_LIBRARY_PATH=/home/uwr/microROS_AUV/install/sensor_msgs/lib:/home/uwr/microROS_AUV/install/geometry_msgs/lib:/home/uwr/microROS_AUV/install/std_msgs/lib:/home/uwr/microROS_AUV/install/builtin_interfaces/lib:/home/uwr/microROS_AUV/install/action_msgs/lib:/home/uwr/microROS_AUV/install/unique_identifier_msgs/lib:/home/uwr/microROS_AUV/install/std_srvs/lib:/home/uwr/microROS_AUV/install/statistics_msgs/lib:/home/uwr/microROS_AUV/install/rmw_microxrcedds/lib:/home/uwr/microROS_AUV/install/rosidl_typesupport_microxrcedds_cpp/lib:/home/uwr/microROS_AUV/install/rosidl_typesupport_microxrcedds_c/lib:/home/uwr/microROS_AUV/install/rosgraph_msgs/lib:/home/uwr/microROS_AUV/install/microxrcedds_client/lib:/home/uwr/microROS_AUV/install/microcdr/lib:/home/uwr/microROS_AUV/install/micro_ros_utilities/lib:/home/uwr/microROS_AUV/install/micro_ros_msgs/lib:/home/uwr/microROS_AUV/install/lifecycle_msgs/lib:/home/uwr/microROS_AUV/install/complex_msgs/lib:/home/uwr/microROS_AUV/install/custom_interfaces/lib:/home/uwr/oculus_driver/install/lib:/home/uwr/Desktop/2024_UWR/install/sonar_msgs/lib:/home/uwr/Desktop/2024_UWR/install/oculus_interfaces/lib:/home/uwr/fls_ws/install/oculus_interfaces/lib:/opt/ros/humble/opt/rviz_ogre_vendor/lib:/opt/ros/humble/lib/x86_64-linux-gnu:/opt/ros/humble/lib PYTHONPATH=/home/uwr/microROS_AUV/install/sensor_msgs/local/lib/python3.10/dist-packages:/home/uwr/microROS_AUV/install/geometry_msgs/local/lib/python3.10/dist-packages:/home/uwr/microROS_AUV/install/std_msgs/local/lib/python3.10/dist-packages:${PYTHONPATH} /usr/bin/cmake --build /home/uwr/microROS_AUV/build/stereo_msgs -- -j8 -l8
[4.532s] [  2%] [34m[1mGenerating C code for ROS interfaces[0m
[4.553s] [  5%] [34m[1mGenerating C++ code for ROS interfaces[0m
[4.568s] [  5%] Built target ament_cmake_python_copy_stereo_msgs
[5.399s] running egg_info
[5.403s] creating stereo_msgs.egg-info
[5.404s] writing stereo_msgs.egg-info/PKG-INFO
[5.404s] writing dependency_links to stereo_msgs.egg-info/dependency_links.txt
[5.404s] writing top-level names to stereo_msgs.egg-info/top_level.txt
[5.405s] writing manifest file 'stereo_msgs.egg-info/SOURCES.txt'
[5.410s] reading manifest file 'stereo_msgs.egg-info/SOURCES.txt'
[5.412s] writing manifest file 'stereo_msgs.egg-info/SOURCES.txt'
[5.477s] [  5%] Built target ament_cmake_python_build_stereo_msgs_egg
[5.554s] [  7%] [32mBuilding C object CMakeFiles/stereo_msgs__rosidl_generator_c.dir/rosidl_generator_c/stereo_msgs/msg/detail/disparity_image__functions.c.o[0m
[5.555s] [  7%] Built target stereo_msgs__cpp
[5.582s] [ 10%] [34m[1mGenerating C++ type support dispatch for ROS interfaces[0m
[5.583s] [ 12%] [34m[1mGenerating C++ type support for eProsima Micro XRCE-DDS[0m
[5.587s] [ 15%] [34m[1mGenerating C++ type support for eProsima Fast-RTPS[0m
[5.588s] [ 17%] [34m[1mGenerating C++ introspection for ROS interfaces[0m
[5.718s] [ 20%] [32m[1mLinking C shared library libstereo_msgs__rosidl_generator_c.so[0m
[5.828s] [ 20%] Built target stereo_msgs__rosidl_generator_c
[5.868s] [ 23%] [34m[1mGenerating C type support for eProsima Micro XRCE-DDS[0m
[5.869s] [ 25%] [34m[1mGenerating C type support for eProsima Fast-RTPS[0m
[5.889s] [ 28%] [34m[1mGenerating C type support dispatch for ROS interfaces[0m
[5.898s] [ 30%] [34m[1mGenerating C introspection for ROS interfaces[0m
[6.767s] [ 33%] [32mBuilding CXX object CMakeFiles/stereo_msgs__rosidl_typesupport_cpp.dir/rosidl_typesupport_cpp/stereo_msgs/msg/disparity_image__type_support.cpp.o[0m
[6.973s] [ 35%] [32mBuilding CXX object CMakeFiles/stereo_msgs__rosidl_typesupport_microxrcedds_cpp.dir/rosidl_typesupport_microxrcedds_cpp/stereo_msgs/msg/detail/microxrcedds/disparity_image__type_support_cpp.cpp.o[0m
[7.126s] [ 38%] [32mBuilding CXX object CMakeFiles/stereo_msgs__rosidl_typesupport_fastrtps_cpp.dir/rosidl_typesupport_fastrtps_cpp/stereo_msgs/msg/detail/dds_fastrtps/disparity_image__type_support.cpp.o[0m
[7.152s] [ 41%] [32mBuilding CXX object CMakeFiles/stereo_msgs__rosidl_typesupport_fastrtps_c.dir/rosidl_typesupport_fastrtps_c/stereo_msgs/msg/detail/disparity_image__type_support_c.cpp.o[0m
[7.192s] [ 43%] [32mBuilding CXX object CMakeFiles/stereo_msgs__rosidl_typesupport_c.dir/rosidl_typesupport_c/stereo_msgs/msg/disparity_image__type_support.cpp.o[0m
[7.276s] [ 46%] [32mBuilding CXX object CMakeFiles/stereo_msgs__rosidl_typesupport_introspection_cpp.dir/rosidl_typesupport_introspection_cpp/stereo_msgs/msg/detail/disparity_image__type_support.cpp.o[0m
[7.292s] [ 48%] [32mBuilding C object CMakeFiles/stereo_msgs__rosidl_typesupport_microxrcedds_c.dir/rosidl_typesupport_microxrcedds_c/stereo_msgs/msg/detail/microxrcedds/disparity_image__type_support_c.c.o[0m
[7.331s] [ 51%] [32m[1mLinking CXX shared library libstereo_msgs__rosidl_typesupport_c.so[0m
[7.540s] [ 51%] Built target stereo_msgs__rosidl_typesupport_c
[7.582s] [ 53%] [32m[1mLinking C shared library libstereo_msgs__rosidl_typesupport_microxrcedds_c.so[0m
[7.606s] [ 56%] [32mBuilding C object CMakeFiles/stereo_msgs__rosidl_typesupport_introspection_c.dir/rosidl_typesupport_introspection_c/stereo_msgs/msg/detail/disparity_image__type_support.c.o[0m
[7.737s] [ 58%] [32m[1mLinking C shared library libstereo_msgs__rosidl_typesupport_introspection_c.so[0m
[7.765s] [ 61%] [32m[1mLinking CXX shared library libstereo_msgs__rosidl_typesupport_cpp.so[0m
[7.872s] [ 61%] Built target stereo_msgs__rosidl_typesupport_microxrcedds_c
[7.878s] [ 61%] Built target stereo_msgs__rosidl_typesupport_introspection_c
[7.925s] [ 61%] Built target stereo_msgs__rosidl_typesupport_cpp
[8.054s] [ 64%] [32m[1mLinking CXX shared library libstereo_msgs__rosidl_typesupport_microxrcedds_cpp.so[0m
[8.258s] [ 64%] Built target stereo_msgs__rosidl_typesupport_microxrcedds_cpp
[8.271s] [ 66%] [32m[1mLinking CXX shared library libstereo_msgs__rosidl_typesupport_fastrtps_c.so[0m
[8.332s] [ 69%] [32m[1mLinking CXX shared library libstereo_msgs__rosidl_typesupport_fastrtps_cpp.so[0m
[8.424s] [ 69%] Built target stereo_msgs__rosidl_typesupport_fastrtps_c
[8.483s] [ 69%] Built target stereo_msgs__rosidl_typesupport_fastrtps_cpp
[8.531s] [ 71%] [32m[1mLinking CXX shared library libstereo_msgs__rosidl_typesupport_introspection_cpp.so[0m
[8.652s] [ 71%] Built target stereo_msgs__rosidl_typesupport_introspection_cpp
[8.690s] [ 71%] Built target stereo_msgs
[8.729s] [ 74%] [34m[1mGenerating Python code for ROS interfaces[0m
[9.657s] [ 74%] Built target stereo_msgs__py
[9.698s] [ 76%] [32mBuilding C object CMakeFiles/stereo_msgs__rosidl_generator_py.dir/rosidl_generator_py/stereo_msgs/msg/_disparity_image_s.c.o[0m
[9.885s] [ 79%] [32m[1mLinking C shared library rosidl_generator_py/stereo_msgs/libstereo_msgs__rosidl_generator_py.so[0m
[9.963s] [ 79%] Built target stereo_msgs__rosidl_generator_py
[10.008s] [ 82%] [32mBuilding C object CMakeFiles/stereo_msgs__rosidl_typesupport_introspection_c__pyext.dir/rosidl_generator_py/stereo_msgs/_stereo_msgs_s.ep.rosidl_typesupport_introspection_c.c.o[0m
[10.008s] [ 84%] [32mBuilding C object CMakeFiles/stereo_msgs__rosidl_typesupport_fastrtps_c__pyext.dir/rosidl_generator_py/stereo_msgs/_stereo_msgs_s.ep.rosidl_typesupport_fastrtps_c.c.o[0m
[10.019s] [ 87%] [32mBuilding C object CMakeFiles/stereo_msgs__rosidl_typesupport_microxrcedds_c__pyext.dir/rosidl_generator_py/stereo_msgs/_stereo_msgs_s.ep.rosidl_typesupport_microxrcedds_c.c.o[0m
[10.023s] [ 89%] [32mBuilding C object CMakeFiles/stereo_msgs__rosidl_typesupport_c__pyext.dir/rosidl_generator_py/stereo_msgs/_stereo_msgs_s.ep.rosidl_typesupport_c.c.o[0m
[10.215s] [ 92%] [32m[1mLinking C shared library rosidl_generator_py/stereo_msgs/stereo_msgs_s__rosidl_typesupport_fastrtps_c.cpython-310-x86_64-linux-gnu.so[0m
[10.279s] [ 94%] [32m[1mLinking C shared library rosidl_generator_py/stereo_msgs/stereo_msgs_s__rosidl_typesupport_c.cpython-310-x86_64-linux-gnu.so[0m
[10.304s] [ 97%] [32m[1mLinking C shared library rosidl_generator_py/stereo_msgs/stereo_msgs_s__rosidl_typesupport_introspection_c.cpython-310-x86_64-linux-gnu.so[0m
[10.319s] [100%] [32m[1mLinking C shared library rosidl_generator_py/stereo_msgs/stereo_msgs_s__rosidl_typesupport_microxrcedds_c.cpython-310-x86_64-linux-gnu.so[0m
[10.356s] [100%] Built target stereo_msgs__rosidl_typesupport_fastrtps_c__pyext
[10.409s] [100%] Built target stereo_msgs__rosidl_typesupport_c__pyext
[10.427s] [100%] Built target stereo_msgs__rosidl_typesupport_introspection_c__pyext
[10.459s] [100%] Built target stereo_msgs__rosidl_typesupport_microxrcedds_c__pyext
[10.490s] Invoked command in '/home/uwr/microROS_AUV/build/stereo_msgs' returned '0': AMENT_PREFIX_PATH=/home/uwr/microROS_AUV/install/sensor_msgs:/home/uwr/microROS_AUV/install/geometry_msgs:/home/uwr/microROS_AUV/install/std_msgs:${AMENT_PREFIX_PATH} CMAKE_PREFIX_PATH=/home/uwr/microROS_AUV/install/sensor_msgs:/home/uwr/microROS_AUV/install/geometry_msgs:/home/uwr/microROS_AUV/install/std_msgs:/home/uwr/microROS_AUV/install/builtin_interfaces:/home/uwr/microROS_AUV/install/action_msgs:/home/uwr/microROS_AUV/install/unique_identifier_msgs:/home/uwr/microROS_AUV/install/std_srvs:/home/uwr/microROS_AUV/install/rosidl_typesupport_microxrcedds_test_msg:/home/uwr/microROS_AUV/install/rosidl_typesupport_microxrcedds_cpp_tests:/home/uwr/microROS_AUV/install/rmw_microxrcedds:/home/uwr/microROS_AUV/install/rosidl_typesupport_microxrcedds_cpp:/home/uwr/microROS_AUV/install/rosidl_typesupport_microxrcedds_c_tests:/home/uwr/microROS_AUV/install/rosidl_typesupport_microxrcedds_c:/home/uwr/microROS_AUV/install/rosgraph_msgs:/home/uwr/microROS_AUV/install/microxrcedds_client:/home/uwr/microROS_AUV/install/microcdr:/home/uwr/microROS_AUV/install/micro_ros_utilities:/home/uwr/microROS_AUV/install/micro_ros_msgs:/home/uwr/microROS_AUV/install/lifecycle_msgs:/home/uwr/microROS_AUV/install/complex_msgs:/home/uwr/microROS_AUV/install/micro_ros_setup:/home/uwr/microROS_AUV/install/custom_interfaces:/home/uwr/Desktop/2024_UWR/install/kalman_filter:/home/uwr/Desktop/2024_UWR/install/sonar_msgs:/home/uwr/Desktop/2024_UWR/install/ros2-driver:/home/uwr/Desktop/2024_UWR/install/oculus_interfaces:/home/uwr/Desktop/2024_UWR/install/ntrip:/home/uwr/Desktop/2024_UWR/install/adnav-driver:/home/uwr/fls_ws/install/oculus_interfaces:/home/uwr/microROS_AUV/install/statistics_msgs:/home/uwr/microROS_AUV/install/control_pkg:/home/uwr/Desktop/2024_UWR/install/sonar_subs:/opt/ros/humble LD_LIBRARY_PATH=/home/uwr/microROS_AUV/install/sensor_msgs/lib:/home/uwr/microROS_AUV/install/geometry_msgs/lib:/home/uwr/microROS_AUV/install/std_msgs/lib:/home/uwr/microROS_AUV/install/builtin_interfaces/lib:/home/uwr/microROS_AUV/install/action_msgs/lib:/home/uwr/microROS_AUV/install/unique_identifier_msgs/lib:/home/uwr/microROS_AUV/install/std_srvs/lib:/home/uwr/microROS_AUV/install/statistics_msgs/lib:/home/uwr/microROS_AUV/install/rmw_microxrcedds/lib:/home/uwr/microROS_AUV/install/rosidl_typesupport_microxrcedds_cpp/lib:/home/uwr/microROS_AUV/install/rosidl_typesupport_microxrcedds_c/lib:/home/uwr/microROS_AUV/install/rosgraph_msgs/lib:/home/uwr/microROS_AUV/install/microxrcedds_client/lib:/home/uwr/microROS_AUV/install/microcdr/lib:/home/uwr/microROS_AUV/install/micro_ros_utilities/lib:/home/uwr/microROS_AUV/install/micro_ros_msgs/lib:/home/uwr/microROS_AUV/install/lifecycle_msgs/lib:/home/uwr/microROS_AUV/install/complex_msgs/lib:/home/uwr/microROS_AUV/install/custom_interfaces/lib:/home/uwr/oculus_driver/install/lib:/home/uwr/Desktop/2024_UWR/install/sonar_msgs/lib:/home/uwr/Desktop/2024_UWR/install/oculus_interfaces/lib:/home/uwr/fls_ws/install/oculus_interfaces/lib:/opt/ros/humble/opt/rviz_ogre_vendor/lib:/opt/ros/humble/lib/x86_64-linux-gnu:/opt/ros/humble/lib PYTHONPATH=/home/uwr/microROS_AUV/install/sensor_msgs/local/lib/python3.10/dist-packages:/home/uwr/microROS_AUV/install/geometry_msgs/local/lib/python3.10/dist-packages:/home/uwr/microROS_AUV/install/std_msgs/local/lib/python3.10/dist-packages:${PYTHONPATH} /usr/bin/cmake --build /home/uwr/microROS_AUV/build/stereo_msgs -- -j8 -l8
[10.738s] Invoking command in '/home/uwr/microROS_AUV/build/stereo_msgs': AMENT_PREFIX_PATH=/home/uwr/microROS_AUV/install/sensor_msgs:/home/uwr/microROS_AUV/install/geometry_msgs:/home/uwr/microROS_AUV/install/std_msgs:${AMENT_PREFIX_PATH} CMAKE_PREFIX_PATH=/home/uwr/microROS_AUV/install/sensor_msgs:/home/uwr/microROS_AUV/install/geometry_msgs:/home/uwr/microROS_AUV/install/std_msgs:/home/uwr/microROS_AUV/install/builtin_interfaces:/home/uwr/microROS_AUV/install/action_msgs:/home/uwr/microROS_AUV/install/unique_identifier_msgs:/home/uwr/microROS_AUV/install/std_srvs:/home/uwr/microROS_AUV/install/rosidl_typesupport_microxrcedds_test_msg:/home/uwr/microROS_AUV/install/rosidl_typesupport_microxrcedds_cpp_tests:/home/uwr/microROS_AUV/install/rmw_microxrcedds:/home/uwr/microROS_AUV/install/rosidl_typesupport_microxrcedds_cpp:/home/uwr/microROS_AUV/install/rosidl_typesupport_microxrcedds_c_tests:/home/uwr/microROS_AUV/install/rosidl_typesupport_microxrcedds_c:/home/uwr/microROS_AUV/install/rosgraph_msgs:/home/uwr/microROS_AUV/install/microxrcedds_client:/home/uwr/microROS_AUV/install/microcdr:/home/uwr/microROS_AUV/install/micro_ros_utilities:/home/uwr/microROS_AUV/install/micro_ros_msgs:/home/uwr/microROS_AUV/install/lifecycle_msgs:/home/uwr/microROS_AUV/install/complex_msgs:/home/uwr/microROS_AUV/install/micro_ros_setup:/home/uwr/microROS_AUV/install/custom_interfaces:/home/uwr/Desktop/2024_UWR/install/kalman_filter:/home/uwr/Desktop/2024_UWR/install/sonar_msgs:/home/uwr/Desktop/2024_UWR/install/ros2-driver:/home/uwr/Desktop/2024_UWR/install/oculus_interfaces:/home/uwr/Desktop/2024_UWR/install/ntrip:/home/uwr/Desktop/2024_UWR/install/adnav-driver:/home/uwr/fls_ws/install/oculus_interfaces:/home/uwr/microROS_AUV/install/statistics_msgs:/home/uwr/microROS_AUV/install/control_pkg:/home/uwr/Desktop/2024_UWR/install/sonar_subs:/opt/ros/humble LD_LIBRARY_PATH=/home/uwr/microROS_AUV/install/sensor_msgs/lib:/home/uwr/microROS_AUV/install/geometry_msgs/lib:/home/uwr/microROS_AUV/install/std_msgs/lib:/home/uwr/microROS_AUV/install/builtin_interfaces/lib:/home/uwr/microROS_AUV/install/action_msgs/lib:/home/uwr/microROS_AUV/install/unique_identifier_msgs/lib:/home/uwr/microROS_AUV/install/std_srvs/lib:/home/uwr/microROS_AUV/install/statistics_msgs/lib:/home/uwr/microROS_AUV/install/rmw_microxrcedds/lib:/home/uwr/microROS_AUV/install/rosidl_typesupport_microxrcedds_cpp/lib:/home/uwr/microROS_AUV/install/rosidl_typesupport_microxrcedds_c/lib:/home/uwr/microROS_AUV/install/rosgraph_msgs/lib:/home/uwr/microROS_AUV/install/microxrcedds_client/lib:/home/uwr/microROS_AUV/install/microcdr/lib:/home/uwr/microROS_AUV/install/micro_ros_utilities/lib:/home/uwr/microROS_AUV/install/micro_ros_msgs/lib:/home/uwr/microROS_AUV/install/lifecycle_msgs/lib:/home/uwr/microROS_AUV/install/complex_msgs/lib:/home/uwr/microROS_AUV/install/custom_interfaces/lib:/home/uwr/oculus_driver/install/lib:/home/uwr/Desktop/2024_UWR/install/sonar_msgs/lib:/home/uwr/Desktop/2024_UWR/install/oculus_interfaces/lib:/home/uwr/fls_ws/install/oculus_interfaces/lib:/opt/ros/humble/opt/rviz_ogre_vendor/lib:/opt/ros/humble/lib/x86_64-linux-gnu:/opt/ros/humble/lib PYTHONPATH=/home/uwr/microROS_AUV/install/sensor_msgs/local/lib/python3.10/dist-packages:/home/uwr/microROS_AUV/install/geometry_msgs/local/lib/python3.10/dist-packages:/home/uwr/microROS_AUV/install/std_msgs/local/lib/python3.10/dist-packages:${PYTHONPATH} /usr/bin/cmake --install /home/uwr/microROS_AUV/build/stereo_msgs
[10.761s] -- Install configuration: ""
[10.762s] -- Installing: /home/uwr/microROS_AUV/install/stereo_msgs/share/ament_index/resource_index/rosidl_interfaces/stereo_msgs
[10.762s] -- Installing: /home/uwr/microROS_AUV/install/stereo_msgs/include/stereo_msgs/stereo_msgs
[10.762s] -- Installing: /home/uwr/microROS_AUV/install/stereo_msgs/include/stereo_msgs/stereo_msgs/msg
[10.763s] -- Installing: /home/uwr/microROS_AUV/install/stereo_msgs/include/stereo_msgs/stereo_msgs/msg/rosidl_generator_c__visibility_control.h
[10.763s] -- Installing: /home/uwr/microROS_AUV/install/stereo_msgs/include/stereo_msgs/stereo_msgs/msg/disparity_image.h
[10.763s] -- Installing: /home/uwr/microROS_AUV/install/stereo_msgs/include/stereo_msgs/stereo_msgs/msg/detail
[10.763s] -- Installing: /home/uwr/microROS_AUV/install/stereo_msgs/include/stereo_msgs/stereo_msgs/msg/detail/disparity_image__functions.c
[10.764s] -- Installing: /home/uwr/microROS_AUV/install/stereo_msgs/include/stereo_msgs/stereo_msgs/msg/detail/disparity_image__type_support.h
[10.764s] -- Installing: /home/uwr/microROS_AUV/install/stereo_msgs/include/stereo_msgs/stereo_msgs/msg/detail/disparity_image__struct.h
[10.764s] -- Installing: /home/uwr/microROS_AUV/install/stereo_msgs/include/stereo_msgs/stereo_msgs/msg/detail/disparity_image__functions.h
[10.764s] -- Installing: /home/uwr/microROS_AUV/install/stereo_msgs/share/stereo_msgs/environment/library_path.sh
[10.765s] -- Installing: /home/uwr/microROS_AUV/install/stereo_msgs/share/stereo_msgs/environment/library_path.dsv
[10.765s] -- Installing: /home/uwr/microROS_AUV/install/stereo_msgs/lib/libstereo_msgs__rosidl_generator_c.so
[10.766s] -- Set runtime path of "/home/uwr/microROS_AUV/install/stereo_msgs/lib/libstereo_msgs__rosidl_generator_c.so" to ""
[10.766s] -- Up-to-date: /home/uwr/microROS_AUV/install/stereo_msgs/include/stereo_msgs
[10.767s] -- Installing: /home/uwr/microROS_AUV/install/stereo_msgs/include/stereo_msgs/msg
[10.767s] -- Installing: /home/uwr/microROS_AUV/install/stereo_msgs/include/stereo_msgs/msg/rosidl_typesupport_microxrcedds_c__visibility_control.h
[10.767s] -- Installing: /home/uwr/microROS_AUV/install/stereo_msgs/include/stereo_msgs/msg/detail
[10.768s] -- Installing: /home/uwr/microROS_AUV/install/stereo_msgs/include/stereo_msgs/msg/detail/disparity_image__rosidl_typesupport_microxrcedds_c.h
[10.768s] -- Installing: /home/uwr/microROS_AUV/install/stereo_msgs/include/stereo_msgs/msg/detail/microxrcedds
[10.769s] -- Installing: /home/uwr/microROS_AUV/install/stereo_msgs/lib/libstereo_msgs__rosidl_typesupport_microxrcedds_c.so
[10.769s] -- Set runtime path of "/home/uwr/microROS_AUV/install/stereo_msgs/lib/libstereo_msgs__rosidl_typesupport_microxrcedds_c.so" to ""
[10.769s] -- Up-to-date: /home/uwr/microROS_AUV/install/stereo_msgs/include/stereo_msgs/stereo_msgs
[10.769s] -- Up-to-date: /home/uwr/microROS_AUV/install/stereo_msgs/include/stereo_msgs/stereo_msgs/msg
[10.770s] -- Up-to-date: /home/uwr/microROS_AUV/install/stereo_msgs/include/stereo_msgs/stereo_msgs/msg/detail
[10.770s] -- Installing: /home/uwr/microROS_AUV/install/stereo_msgs/include/stereo_msgs/stereo_msgs/msg/detail/disparity_image__rosidl_typesupport_fastrtps_c.h
[10.772s] -- Installing: /home/uwr/microROS_AUV/install/stereo_msgs/include/stereo_msgs/stereo_msgs/msg/rosidl_typesupport_fastrtps_c__visibility_control.h
[10.772s] -- Installing: /home/uwr/microROS_AUV/install/stereo_msgs/lib/libstereo_msgs__rosidl_typesupport_fastrtps_c.so
[10.772s] -- Set runtime path of "/home/uwr/microROS_AUV/install/stereo_msgs/lib/libstereo_msgs__rosidl_typesupport_fastrtps_c.so" to ""
[10.772s] -- Up-to-date: /home/uwr/microROS_AUV/install/stereo_msgs/include/stereo_msgs/stereo_msgs
[10.773s] -- Up-to-date: /home/uwr/microROS_AUV/install/stereo_msgs/include/stereo_msgs/stereo_msgs/msg
[10.773s] -- Installing: /home/uwr/microROS_AUV/install/stereo_msgs/include/stereo_msgs/stereo_msgs/msg/rosidl_typesupport_introspection_c__visibility_control.h
[10.773s] -- Up-to-date: /home/uwr/microROS_AUV/install/stereo_msgs/include/stereo_msgs/stereo_msgs/msg/detail
[10.774s] -- Installing: /home/uwr/microROS_AUV/install/stereo_msgs/include/stereo_msgs/stereo_msgs/msg/detail/disparity_image__rosidl_typesupport_introspection_c.h
[10.774s] -- Installing: /home/uwr/microROS_AUV/install/stereo_msgs/include/stereo_msgs/stereo_msgs/msg/detail/disparity_image__type_support.c
[10.774s] -- Installing: /home/uwr/microROS_AUV/install/stereo_msgs/lib/libstereo_msgs__rosidl_typesupport_introspection_c.so
[10.774s] -- Set runtime path of "/home/uwr/microROS_AUV/install/stereo_msgs/lib/libstereo_msgs__rosidl_typesupport_introspection_c.so" to ""
[10.774s] -- Installing: /home/uwr/microROS_AUV/install/stereo_msgs/lib/libstereo_msgs__rosidl_typesupport_c.so
[10.775s] -- Set runtime path of "/home/uwr/microROS_AUV/install/stereo_msgs/lib/libstereo_msgs__rosidl_typesupport_c.so" to ""
[10.775s] -- Up-to-date: /home/uwr/microROS_AUV/install/stereo_msgs/include/stereo_msgs/stereo_msgs
[10.775s] -- Up-to-date: /home/uwr/microROS_AUV/install/stereo_msgs/include/stereo_msgs/stereo_msgs/msg
[10.775s] -- Up-to-date: /home/uwr/microROS_AUV/install/stereo_msgs/include/stereo_msgs/stereo_msgs/msg/detail
[10.775s] -- Installing: /home/uwr/microROS_AUV/install/stereo_msgs/include/stereo_msgs/stereo_msgs/msg/detail/disparity_image__struct.hpp
[10.776s] -- Installing: /home/uwr/microROS_AUV/install/stereo_msgs/include/stereo_msgs/stereo_msgs/msg/detail/disparity_image__builder.hpp
[10.776s] -- Installing: /home/uwr/microROS_AUV/install/stereo_msgs/include/stereo_msgs/stereo_msgs/msg/detail/disparity_image__traits.hpp
[10.776s] -- Installing: /home/uwr/microROS_AUV/install/stereo_msgs/include/stereo_msgs/stereo_msgs/msg/disparity_image.hpp
[10.777s] -- Up-to-date: /home/uwr/microROS_AUV/install/stereo_msgs/include/stereo_msgs
[10.777s] -- Up-to-date: /home/uwr/microROS_AUV/install/stereo_msgs/include/stereo_msgs/msg
[10.777s] -- Installing: /home/uwr/microROS_AUV/install/stereo_msgs/include/stereo_msgs/msg/rosidl_typesupport_microxrcedds_cpp__visibility_control.h
[10.777s] -- Up-to-date: /home/uwr/microROS_AUV/install/stereo_msgs/include/stereo_msgs/msg/detail
[10.777s] -- Installing: /home/uwr/microROS_AUV/install/stereo_msgs/include/stereo_msgs/msg/detail/disparity_image__rosidl_typesupport_microxrcedds_cpp.hpp
[10.778s] -- Up-to-date: /home/uwr/microROS_AUV/install/stereo_msgs/include/stereo_msgs/msg/detail/microxrcedds
[10.778s] -- Installing: /home/uwr/microROS_AUV/install/stereo_msgs/include/stereo_msgs/msg/detail/microxrcedds/disparity_image__type_support_cpp.cpp
[10.778s] -- Installing: /home/uwr/microROS_AUV/install/stereo_msgs/lib/libstereo_msgs__rosidl_typesupport_microxrcedds_cpp.so
[10.778s] -- Set runtime path of "/home/uwr/microROS_AUV/install/stereo_msgs/lib/libstereo_msgs__rosidl_typesupport_microxrcedds_cpp.so" to ""
[10.779s] -- Up-to-date: /home/uwr/microROS_AUV/install/stereo_msgs/include/stereo_msgs/stereo_msgs
[10.779s] -- Up-to-date: /home/uwr/microROS_AUV/install/stereo_msgs/include/stereo_msgs/stereo_msgs/msg
[10.779s] -- Up-to-date: /home/uwr/microROS_AUV/install/stereo_msgs/include/stereo_msgs/stereo_msgs/msg/detail
[10.779s] -- Installing: /home/uwr/microROS_AUV/install/stereo_msgs/include/stereo_msgs/stereo_msgs/msg/detail/disparity_image__rosidl_typesupport_fastrtps_cpp.hpp
[10.779s] -- Installing: /home/uwr/microROS_AUV/install/stereo_msgs/include/stereo_msgs/stereo_msgs/msg/detail/dds_fastrtps
[10.780s] -- Installing: /home/uwr/microROS_AUV/install/stereo_msgs/include/stereo_msgs/stereo_msgs/msg/rosidl_typesupport_fastrtps_cpp__visibility_control.h
[10.780s] -- Installing: /home/uwr/microROS_AUV/install/stereo_msgs/lib/libstereo_msgs__rosidl_typesupport_fastrtps_cpp.so
[10.780s] -- Set runtime path of "/home/uwr/microROS_AUV/install/stereo_msgs/lib/libstereo_msgs__rosidl_typesupport_fastrtps_cpp.so" to ""
[10.781s] -- Up-to-date: /home/uwr/microROS_AUV/install/stereo_msgs/include/stereo_msgs/stereo_msgs
[10.781s] -- Up-to-date: /home/uwr/microROS_AUV/install/stereo_msgs/include/stereo_msgs/stereo_msgs/msg
[10.781s] -- Up-to-date: /home/uwr/microROS_AUV/install/stereo_msgs/include/stereo_msgs/stereo_msgs/msg/detail
[10.781s] -- Installing: /home/uwr/microROS_AUV/install/stereo_msgs/include/stereo_msgs/stereo_msgs/msg/detail/disparity_image__type_support.cpp
[10.782s] -- Installing: /home/uwr/microROS_AUV/install/stereo_msgs/include/stereo_msgs/stereo_msgs/msg/detail/disparity_image__rosidl_typesupport_introspection_cpp.hpp
[10.782s] -- Installing: /home/uwr/microROS_AUV/install/stereo_msgs/lib/libstereo_msgs__rosidl_typesupport_introspection_cpp.so
[10.782s] -- Set runtime path of "/home/uwr/microROS_AUV/install/stereo_msgs/lib/libstereo_msgs__rosidl_typesupport_introspection_cpp.so" to ""
[10.782s] -- Installing: /home/uwr/microROS_AUV/install/stereo_msgs/lib/libstereo_msgs__rosidl_typesupport_cpp.so
[10.783s] -- Set runtime path of "/home/uwr/microROS_AUV/install/stereo_msgs/lib/libstereo_msgs__rosidl_typesupport_cpp.so" to ""
[10.783s] -- Installing: /home/uwr/microROS_AUV/install/stereo_msgs/share/stereo_msgs/environment/pythonpath.sh
[10.784s] -- Installing: /home/uwr/microROS_AUV/install/stereo_msgs/share/stereo_msgs/environment/pythonpath.dsv
[10.784s] -- Installing: /home/uwr/microROS_AUV/install/stereo_msgs/local/lib/python3.10/dist-packages/stereo_msgs-4.9.0-py3.10.egg-info
[10.784s] -- Installing: /home/uwr/microROS_AUV/install/stereo_msgs/local/lib/python3.10/dist-packages/stereo_msgs-4.9.0-py3.10.egg-info/top_level.txt
[10.784s] -- Installing: /home/uwr/microROS_AUV/install/stereo_msgs/local/lib/python3.10/dist-packages/stereo_msgs-4.9.0-py3.10.egg-info/dependency_links.txt
[10.785s] -- Installing: /home/uwr/microROS_AUV/install/stereo_msgs/local/lib/python3.10/dist-packages/stereo_msgs-4.9.0-py3.10.egg-info/PKG-INFO
[10.785s] -- Installing: /home/uwr/microROS_AUV/install/stereo_msgs/local/lib/python3.10/dist-packages/stereo_msgs-4.9.0-py3.10.egg-info/SOURCES.txt
[10.786s] -- Installing: /home/uwr/microROS_AUV/install/stereo_msgs/local/lib/python3.10/dist-packages/stereo_msgs
[10.786s] -- Installing: /home/uwr/microROS_AUV/install/stereo_msgs/local/lib/python3.10/dist-packages/stereo_msgs/stereo_msgs_s__rosidl_typesupport_c.cpython-310-x86_64-linux-gnu.so
[10.787s] -- Installing: /home/uwr/microROS_AUV/install/stereo_msgs/local/lib/python3.10/dist-packages/stereo_msgs/stereo_msgs_s__rosidl_typesupport_introspection_c.cpython-310-x86_64-linux-gnu.so
[10.788s] -- Installing: /home/uwr/microROS_AUV/install/stereo_msgs/local/lib/python3.10/dist-packages/stereo_msgs/stereo_msgs_s__rosidl_typesupport_microxrcedds_c.cpython-310-x86_64-linux-gnu.so
[10.788s] -- Installing: /home/uwr/microROS_AUV/install/stereo_msgs/local/lib/python3.10/dist-packages/stereo_msgs/_stereo_msgs_s.ep.rosidl_typesupport_introspection_c.c
[10.789s] -- Installing: /home/uwr/microROS_AUV/install/stereo_msgs/local/lib/python3.10/dist-packages/stereo_msgs/stereo_msgs_s__rosidl_typesupport_fastrtps_c.cpython-310-x86_64-linux-gnu.so
[10.789s] -- Installing: /home/uwr/microROS_AUV/install/stereo_msgs/local/lib/python3.10/dist-packages/stereo_msgs/_stereo_msgs_s.ep.rosidl_typesupport_microxrcedds_c.c
[10.790s] -- Installing: /home/uwr/microROS_AUV/install/stereo_msgs/local/lib/python3.10/dist-packages/stereo_msgs/_stereo_msgs_s.ep.rosidl_typesupport_c.c
[10.791s] -- Installing: /home/uwr/microROS_AUV/install/stereo_msgs/local/lib/python3.10/dist-packages/stereo_msgs/msg
[10.791s] -- Installing: /home/uwr/microROS_AUV/install/stereo_msgs/local/lib/python3.10/dist-packages/stereo_msgs/msg/_disparity_image_s.c
[10.792s] -- Installing: /home/uwr/microROS_AUV/install/stereo_msgs/local/lib/python3.10/dist-packages/stereo_msgs/msg/__init__.py
[10.792s] -- Installing: /home/uwr/microROS_AUV/install/stereo_msgs/local/lib/python3.10/dist-packages/stereo_msgs/msg/_disparity_image.py
[10.793s] -- Installing: /home/uwr/microROS_AUV/install/stereo_msgs/local/lib/python3.10/dist-packages/stereo_msgs/__init__.py
[10.793s] -- Installing: /home/uwr/microROS_AUV/install/stereo_msgs/local/lib/python3.10/dist-packages/stereo_msgs/_stereo_msgs_s.ep.rosidl_typesupport_fastrtps_c.c
[10.795s] -- Installing: /home/uwr/microROS_AUV/install/stereo_msgs/local/lib/python3.10/dist-packages/stereo_msgs/libstereo_msgs__rosidl_generator_py.so
[10.998s] Listing '/home/uwr/microROS_AUV/install/stereo_msgs/local/lib/python3.10/dist-packages/stereo_msgs'...
[10.999s] Compiling '/home/uwr/microROS_AUV/install/stereo_msgs/local/lib/python3.10/dist-packages/stereo_msgs/__init__.py'...
[10.999s] Listing '/home/uwr/microROS_AUV/install/stereo_msgs/local/lib/python3.10/dist-packages/stereo_msgs/msg'...
[10.999s] Compiling '/home/uwr/microROS_AUV/install/stereo_msgs/local/lib/python3.10/dist-packages/stereo_msgs/msg/__init__.py'...
[10.999s] Compiling '/home/uwr/microROS_AUV/install/stereo_msgs/local/lib/python3.10/dist-packages/stereo_msgs/msg/_disparity_image.py'...
[11.011s] -- Installing: /home/uwr/microROS_AUV/install/stereo_msgs/local/lib/python3.10/dist-packages/stereo_msgs/stereo_msgs_s__rosidl_typesupport_microxrcedds_c.cpython-310-x86_64-linux-gnu.so
[11.012s] -- Set runtime path of "/home/uwr/microROS_AUV/install/stereo_msgs/local/lib/python3.10/dist-packages/stereo_msgs/stereo_msgs_s__rosidl_typesupport_microxrcedds_c.cpython-310-x86_64-linux-gnu.so" to ""
[11.020s] -- Installing: /home/uwr/microROS_AUV/install/stereo_msgs/local/lib/python3.10/dist-packages/stereo_msgs/stereo_msgs_s__rosidl_typesupport_fastrtps_c.cpython-310-x86_64-linux-gnu.so
[11.020s] -- Set runtime path of "/home/uwr/microROS_AUV/install/stereo_msgs/local/lib/python3.10/dist-packages/stereo_msgs/stereo_msgs_s__rosidl_typesupport_fastrtps_c.cpython-310-x86_64-linux-gnu.so" to ""
[11.021s] -- Installing: /home/uwr/microROS_AUV/install/stereo_msgs/local/lib/python3.10/dist-packages/stereo_msgs/stereo_msgs_s__rosidl_typesupport_introspection_c.cpython-310-x86_64-linux-gnu.so
[11.021s] -- Set runtime path of "/home/uwr/microROS_AUV/install/stereo_msgs/local/lib/python3.10/dist-packages/stereo_msgs/stereo_msgs_s__rosidl_typesupport_introspection_c.cpython-310-x86_64-linux-gnu.so" to ""
[11.021s] -- Installing: /home/uwr/microROS_AUV/install/stereo_msgs/local/lib/python3.10/dist-packages/stereo_msgs/stereo_msgs_s__rosidl_typesupport_c.cpython-310-x86_64-linux-gnu.so
[11.021s] -- Set runtime path of "/home/uwr/microROS_AUV/install/stereo_msgs/local/lib/python3.10/dist-packages/stereo_msgs/stereo_msgs_s__rosidl_typesupport_c.cpython-310-x86_64-linux-gnu.so" to ""
[11.022s] -- Installing: /home/uwr/microROS_AUV/install/stereo_msgs/lib/libstereo_msgs__rosidl_generator_py.so
[11.022s] -- Set runtime path of "/home/uwr/microROS_AUV/install/stereo_msgs/lib/libstereo_msgs__rosidl_generator_py.so" to ""
[11.022s] -- Installing: /home/uwr/microROS_AUV/install/stereo_msgs/share/stereo_msgs/msg/DisparityImage.idl
[11.022s] -- Installing: /home/uwr/microROS_AUV/install/stereo_msgs/share/stereo_msgs/msg/DisparityImage.msg
[11.024s] -- Installing: /home/uwr/microROS_AUV/install/stereo_msgs/share/ament_index/resource_index/package_run_dependencies/stereo_msgs
[11.027s] -- Installing: /home/uwr/microROS_AUV/install/stereo_msgs/share/ament_index/resource_index/parent_prefix_path/stereo_msgs
[11.030s] -- Installing: /home/uwr/microROS_AUV/install/stereo_msgs/share/stereo_msgs/environment/ament_prefix_path.sh
[11.031s] -- Installing: /home/uwr/microROS_AUV/install/stereo_msgs/share/stereo_msgs/environment/ament_prefix_path.dsv
[11.031s] -- Installing: /home/uwr/microROS_AUV/install/stereo_msgs/share/stereo_msgs/environment/path.sh
[11.031s] -- Installing: /home/uwr/microROS_AUV/install/stereo_msgs/share/stereo_msgs/environment/path.dsv
[11.031s] -- Installing: /home/uwr/microROS_AUV/install/stereo_msgs/share/stereo_msgs/local_setup.bash
[11.031s] -- Installing: /home/uwr/microROS_AUV/install/stereo_msgs/share/stereo_msgs/local_setup.sh
[11.032s] -- Installing: /home/uwr/microROS_AUV/install/stereo_msgs/share/stereo_msgs/local_setup.zsh
[11.032s] -- Installing: /home/uwr/microROS_AUV/install/stereo_msgs/share/stereo_msgs/local_setup.dsv
[11.033s] -- Installing: /home/uwr/microROS_AUV/install/stereo_msgs/share/stereo_msgs/package.dsv
[11.033s] -- Installing: /home/uwr/microROS_AUV/install/stereo_msgs/share/ament_index/resource_index/packages/stereo_msgs
[11.033s] -- Installing: /home/uwr/microROS_AUV/install/stereo_msgs/share/stereo_msgs/cmake/export_stereo_msgs__rosidl_generator_cExport.cmake
[11.034s] -- Installing: /home/uwr/microROS_AUV/install/stereo_msgs/share/stereo_msgs/cmake/export_stereo_msgs__rosidl_generator_cExport-noconfig.cmake
[11.036s] -- Installing: /home/uwr/microROS_AUV/install/stereo_msgs/share/stereo_msgs/cmake/export_stereo_msgs__rosidl_typesupport_fastrtps_cExport.cmake
[11.037s] -- Installing: /home/uwr/microROS_AUV/install/stereo_msgs/share/stereo_msgs/cmake/export_stereo_msgs__rosidl_typesupport_fastrtps_cExport-noconfig.cmake
[11.038s] -- Installing: /home/uwr/microROS_AUV/install/stereo_msgs/share/stereo_msgs/cmake/stereo_msgs__rosidl_typesupport_introspection_cExport.cmake
[11.039s] -- Installing: /home/uwr/microROS_AUV/install/stereo_msgs/share/stereo_msgs/cmake/stereo_msgs__rosidl_typesupport_introspection_cExport-noconfig.cmake
[11.040s] -- Installing: /home/uwr/microROS_AUV/install/stereo_msgs/share/stereo_msgs/cmake/stereo_msgs__rosidl_typesupport_cExport.cmake
[11.041s] -- Installing: /home/uwr/microROS_AUV/install/stereo_msgs/share/stereo_msgs/cmake/stereo_msgs__rosidl_typesupport_cExport-noconfig.cmake
[11.041s] -- Installing: /home/uwr/microROS_AUV/install/stereo_msgs/share/stereo_msgs/cmake/export_stereo_msgs__rosidl_generator_cppExport.cmake
[11.042s] -- Installing: /home/uwr/microROS_AUV/install/stereo_msgs/share/stereo_msgs/cmake/export_stereo_msgs__rosidl_typesupport_fastrtps_cppExport.cmake
[11.043s] -- Installing: /home/uwr/microROS_AUV/install/stereo_msgs/share/stereo_msgs/cmake/export_stereo_msgs__rosidl_typesupport_fastrtps_cppExport-noconfig.cmake
[11.043s] -- Installing: /home/uwr/microROS_AUV/install/stereo_msgs/share/stereo_msgs/cmake/stereo_msgs__rosidl_typesupport_introspection_cppExport.cmake
[11.044s] -- Installing: /home/uwr/microROS_AUV/install/stereo_msgs/share/stereo_msgs/cmake/stereo_msgs__rosidl_typesupport_introspection_cppExport-noconfig.cmake
[11.045s] -- Installing: /home/uwr/microROS_AUV/install/stereo_msgs/share/stereo_msgs/cmake/stereo_msgs__rosidl_typesupport_cppExport.cmake
[11.045s] -- Installing: /home/uwr/microROS_AUV/install/stereo_msgs/share/stereo_msgs/cmake/stereo_msgs__rosidl_typesupport_cppExport-noconfig.cmake
[11.046s] -- Installing: /home/uwr/microROS_AUV/install/stereo_msgs/share/stereo_msgs/cmake/export_stereo_msgs__rosidl_generator_pyExport.cmake
[11.047s] -- Installing: /home/uwr/microROS_AUV/install/stereo_msgs/share/stereo_msgs/cmake/export_stereo_msgs__rosidl_generator_pyExport-noconfig.cmake
[11.047s] -- Installing: /home/uwr/microROS_AUV/install/stereo_msgs/share/stereo_msgs/cmake/rosidl_cmake-extras.cmake
[11.048s] -- Installing: /home/uwr/microROS_AUV/install/stereo_msgs/share/stereo_msgs/cmake/ament_cmake_export_dependencies-extras.cmake
[11.049s] -- Installing: /home/uwr/microROS_AUV/install/stereo_msgs/share/stereo_msgs/cmake/ament_cmake_export_include_directories-extras.cmake
[11.049s] -- Installing: /home/uwr/microROS_AUV/install/stereo_msgs/share/stereo_msgs/cmake/ament_cmake_export_libraries-extras.cmake
[11.050s] -- Installing: /home/uwr/microROS_AUV/install/stereo_msgs/share/stereo_msgs/cmake/ament_cmake_export_targets-extras.cmake
[11.053s] -- Installing: /home/uwr/microROS_AUV/install/stereo_msgs/share/stereo_msgs/cmake/rosidl_cmake_export_typesupport_targets-extras.cmake
[11.054s] -- Installing: /home/uwr/microROS_AUV/install/stereo_msgs/share/stereo_msgs/cmake/rosidl_cmake_export_typesupport_libraries-extras.cmake
[11.054s] -- Installing: /home/uwr/microROS_AUV/install/stereo_msgs/share/stereo_msgs/cmake/stereo_msgsConfig.cmake
[11.055s] -- Installing: /home/uwr/microROS_AUV/install/stereo_msgs/share/stereo_msgs/cmake/stereo_msgsConfig-version.cmake
[11.058s] -- Installing: /home/uwr/microROS_AUV/install/stereo_msgs/share/stereo_msgs/package.xml
[11.061s] Invoked command in '/home/uwr/microROS_AUV/build/stereo_msgs' returned '0': AMENT_PREFIX_PATH=/home/uwr/microROS_AUV/install/sensor_msgs:/home/uwr/microROS_AUV/install/geometry_msgs:/home/uwr/microROS_AUV/install/std_msgs:${AMENT_PREFIX_PATH} CMAKE_PREFIX_PATH=/home/uwr/microROS_AUV/install/sensor_msgs:/home/uwr/microROS_AUV/install/geometry_msgs:/home/uwr/microROS_AUV/install/std_msgs:/home/uwr/microROS_AUV/install/builtin_interfaces:/home/uwr/microROS_AUV/install/action_msgs:/home/uwr/microROS_AUV/install/unique_identifier_msgs:/home/uwr/microROS_AUV/install/std_srvs:/home/uwr/microROS_AUV/install/rosidl_typesupport_microxrcedds_test_msg:/home/uwr/microROS_AUV/install/rosidl_typesupport_microxrcedds_cpp_tests:/home/uwr/microROS_AUV/install/rmw_microxrcedds:/home/uwr/microROS_AUV/install/rosidl_typesupport_microxrcedds_cpp:/home/uwr/microROS_AUV/install/rosidl_typesupport_microxrcedds_c_tests:/home/uwr/microROS_AUV/install/rosidl_typesupport_microxrcedds_c:/home/uwr/microROS_AUV/install/rosgraph_msgs:/home/uwr/microROS_AUV/install/microxrcedds_client:/home/uwr/microROS_AUV/install/microcdr:/home/uwr/microROS_AUV/install/micro_ros_utilities:/home/uwr/microROS_AUV/install/micro_ros_msgs:/home/uwr/microROS_AUV/install/lifecycle_msgs:/home/uwr/microROS_AUV/install/complex_msgs:/home/uwr/microROS_AUV/install/micro_ros_setup:/home/uwr/microROS_AUV/install/custom_interfaces:/home/uwr/Desktop/2024_UWR/install/kalman_filter:/home/uwr/Desktop/2024_UWR/install/sonar_msgs:/home/uwr/Desktop/2024_UWR/install/ros2-driver:/home/uwr/Desktop/2024_UWR/install/oculus_interfaces:/home/uwr/Desktop/2024_UWR/install/ntrip:/home/uwr/Desktop/2024_UWR/install/adnav-driver:/home/uwr/fls_ws/install/oculus_interfaces:/home/uwr/microROS_AUV/install/statistics_msgs:/home/uwr/microROS_AUV/install/control_pkg:/home/uwr/Desktop/2024_UWR/install/sonar_subs:/opt/ros/humble LD_LIBRARY_PATH=/home/uwr/microROS_AUV/install/sensor_msgs/lib:/home/uwr/microROS_AUV/install/geometry_msgs/lib:/home/uwr/microROS_AUV/install/std_msgs/lib:/home/uwr/microROS_AUV/install/builtin_interfaces/lib:/home/uwr/microROS_AUV/install/action_msgs/lib:/home/uwr/microROS_AUV/install/unique_identifier_msgs/lib:/home/uwr/microROS_AUV/install/std_srvs/lib:/home/uwr/microROS_AUV/install/statistics_msgs/lib:/home/uwr/microROS_AUV/install/rmw_microxrcedds/lib:/home/uwr/microROS_AUV/install/rosidl_typesupport_microxrcedds_cpp/lib:/home/uwr/microROS_AUV/install/rosidl_typesupport_microxrcedds_c/lib:/home/uwr/microROS_AUV/install/rosgraph_msgs/lib:/home/uwr/microROS_AUV/install/microxrcedds_client/lib:/home/uwr/microROS_AUV/install/microcdr/lib:/home/uwr/microROS_AUV/install/micro_ros_utilities/lib:/home/uwr/microROS_AUV/install/micro_ros_msgs/lib:/home/uwr/microROS_AUV/install/lifecycle_msgs/lib:/home/uwr/microROS_AUV/install/complex_msgs/lib:/home/uwr/microROS_AUV/install/custom_interfaces/lib:/home/uwr/oculus_driver/install/lib:/home/uwr/Desktop/2024_UWR/install/sonar_msgs/lib:/home/uwr/Desktop/2024_UWR/install/oculus_interfaces/lib:/home/uwr/fls_ws/install/oculus_interfaces/lib:/opt/ros/humble/opt/rviz_ogre_vendor/lib:/opt/ros/humble/lib/x86_64-linux-gnu:/opt/ros/humble/lib PYTHONPATH=/home/uwr/microROS_AUV/install/sensor_msgs/local/lib/python3.10/dist-packages:/home/uwr/microROS_AUV/install/geometry_msgs/local/lib/python3.10/dist-packages:/home/uwr/microROS_AUV/install/std_msgs/local/lib/python3.10/dist-packages:${PYTHONPATH} /usr/bin/cmake --install /home/uwr/microROS_AUV/build/stereo_msgs
