[0.038s] Invoking command in '/home/uwr/microROS_AUV/build/actionlib_msgs': AMENT_PREFIX_PATH=/home/uwr/microROS_AUV/install/std_msgs:${AMENT_PREFIX_PATH} CMAKE_PREFIX_PATH=/home/uwr/microROS_AUV/install/std_msgs:/home/uwr/microROS_AUV/install/builtin_interfaces:/home/uwr/microROS_AUV/install/action_msgs:/home/uwr/microROS_AUV/install/unique_identifier_msgs:/home/uwr/microROS_AUV/install/std_srvs:/home/uwr/microROS_AUV/install/rosidl_typesupport_microxrcedds_test_msg:/home/uwr/microROS_AUV/install/rosidl_typesupport_microxrcedds_cpp_tests:/home/uwr/microROS_AUV/install/rmw_microxrcedds:/home/uwr/microROS_AUV/install/rosidl_typesupport_microxrcedds_cpp:/home/uwr/microROS_AUV/install/rosidl_typesupport_microxrcedds_c_tests:/home/uwr/microROS_AUV/install/rosidl_typesupport_microxrcedds_c:/home/uwr/microROS_AUV/install/rosgraph_msgs:/home/uwr/microROS_AUV/install/microxrcedds_client:/home/uwr/microROS_AUV/install/microcdr:/home/uwr/microROS_AUV/install/micro_ros_utilities:/home/uwr/microROS_AUV/install/micro_ros_msgs:/home/uwr/microROS_AUV/install/lifecycle_msgs:/home/uwr/microROS_AUV/install/complex_msgs:/home/uwr/microROS_AUV/install/micro_ros_setup:/home/uwr/microROS_AUV/install/custom_interfaces:/home/uwr/Desktop/2024_UWR/install/kalman_filter:/home/uwr/Desktop/2024_UWR/install/sonar_msgs:/home/uwr/Desktop/2024_UWR/install/ros2-driver:/home/uwr/Desktop/2024_UWR/install/oculus_interfaces:/home/uwr/Desktop/2024_UWR/install/ntrip:/home/uwr/Desktop/2024_UWR/install/adnav-driver:/home/uwr/fls_ws/install/oculus_interfaces:/home/uwr/microROS_AUV/install/statistics_msgs:/home/uwr/microROS_AUV/install/control_pkg:/home/uwr/Desktop/2024_UWR/install/sonar_subs:/opt/ros/humble LD_LIBRARY_PATH=/home/uwr/microROS_AUV/install/std_msgs/lib:/home/uwr/microROS_AUV/install/builtin_interfaces/lib:/home/uwr/microROS_AUV/install/action_msgs/lib:/home/uwr/microROS_AUV/install/unique_identifier_msgs/lib:/home/uwr/microROS_AUV/install/std_srvs/lib:/home/uwr/microROS_AUV/install/statistics_msgs/lib:/home/uwr/microROS_AUV/install/rmw_microxrcedds/lib:/home/uwr/microROS_AUV/install/rosidl_typesupport_microxrcedds_cpp/lib:/home/uwr/microROS_AUV/install/rosidl_typesupport_microxrcedds_c/lib:/home/uwr/microROS_AUV/install/rosgraph_msgs/lib:/home/uwr/microROS_AUV/install/microxrcedds_client/lib:/home/uwr/microROS_AUV/install/microcdr/lib:/home/uwr/microROS_AUV/install/micro_ros_utilities/lib:/home/uwr/microROS_AUV/install/micro_ros_msgs/lib:/home/uwr/microROS_AUV/install/lifecycle_msgs/lib:/home/uwr/microROS_AUV/install/complex_msgs/lib:/home/uwr/microROS_AUV/install/custom_interfaces/lib:/home/uwr/oculus_driver/install/lib:/home/uwr/Desktop/2024_UWR/install/sonar_msgs/lib:/home/uwr/Desktop/2024_UWR/install/oculus_interfaces/lib:/home/uwr/fls_ws/install/oculus_interfaces/lib:/opt/ros/humble/opt/rviz_ogre_vendor/lib:/opt/ros/humble/lib/x86_64-linux-gnu:/opt/ros/humble/lib PYTHONPATH=/home/uwr/microROS_AUV/install/std_msgs/local/lib/python3.10/dist-packages:${PYTHONPATH} /usr/bin/cmake /home/uwr/microROS_AUV/src/ros2/common_interfaces/actionlib_msgs -DBUILD_TESTING=OFF -DBUILD_SHARED_LIBS=ON -DCMAKE_INSTALL_PREFIX=/home/uwr/microROS_AUV/install/actionlib_msgs
[0.164s] -- The C compiler identification is GNU 11.4.0
[0.320s] -- The CXX compiler identification is GNU 11.4.0
[0.339s] -- Detecting C compiler ABI info
[0.522s] -- Detecting C compiler ABI info - done
[0.545s] -- Check for working C compiler: /usr/bin/cc - skipped
[0.546s] -- Detecting C compile features
[0.546s] -- Detecting C compile features - done
[0.554s] -- Detecting CXX compiler ABI info
[0.769s] -- Detecting CXX compiler ABI info - done
[0.803s] -- Check for working CXX compiler: /usr/bin/c++ - skipped
[0.803s] -- Detecting CXX compile features
[0.803s] -- Detecting CXX compile features - done
[0.806s] -- Found ament_cmake: 1.3.10 (/opt/ros/humble/share/ament_cmake/cmake)
[1.286s] -- Found Python3: /usr/bin/python3 (found version "3.10.12") found components: Interpreter 
[1.608s] -- Found builtin_interfaces: 1.2.2 (/home/uwr/microROS_AUV/install/builtin_interfaces/share/builtin_interfaces/cmake)
[1.752s] -- Found rosidl_generator_c: 3.1.5 (/opt/ros/humble/share/rosidl_generator_c/cmake)
[1.780s] -- Found rosidl_adapter: 3.1.5 (/opt/ros/humble/share/rosidl_adapter/cmake)
[1.819s] -- Found rosidl_generator_cpp: 3.1.5 (/opt/ros/humble/share/rosidl_generator_cpp/cmake)
[1.873s] -- Using all available rosidl_typesupport_c: rosidl_typesupport_microxrcedds_c;rosidl_typesupport_fastrtps_c;rosidl_typesupport_introspection_c
[1.970s] -- Using all available rosidl_typesupport_cpp: rosidl_typesupport_microxrcedds_cpp;rosidl_typesupport_fastrtps_cpp;rosidl_typesupport_introspection_cpp
[2.057s] -- Found rosidl_default_generators: 1.2.0 (/opt/ros/humble/share/rosidl_default_generators/cmake)
[2.099s] -- Found std_msgs: 4.9.0 (/home/uwr/microROS_AUV/install/std_msgs/share/std_msgs/cmake)
[2.906s] -- Found ament_cmake_ros: 0.10.0 (/opt/ros/humble/share/ament_cmake_ros/cmake)
[4.303s] -- Using all available rosidl_typesupport_c: rosidl_typesupport_microxrcedds_c;rosidl_typesupport_fastrtps_c;rosidl_typesupport_introspection_c
[5.029s] -- Using all available rosidl_typesupport_cpp: rosidl_typesupport_microxrcedds_cpp;rosidl_typesupport_fastrtps_cpp;rosidl_typesupport_introspection_cpp
[5.114s] -- Found PythonInterp: /usr/bin/python3 (found suitable version "3.10.12", minimum required is "3.6") 
[5.125s] -- Found python_cmake_module: 0.10.0 (/opt/ros/humble/share/python_cmake_module/cmake)
[5.223s] -- Found PythonLibs: /usr/lib/x86_64-linux-gnu/libpython3.10.so (found suitable version "3.10.12", minimum required is "3.5") 
[5.223s] -- Using PYTHON_EXECUTABLE: /usr/bin/python3
[5.223s] -- Using PYTHON_INCLUDE_DIRS: /usr/include/python3.10
[5.224s] -- Using PYTHON_LIBRARIES: /usr/lib/x86_64-linux-gnu/libpython3.10.so
[5.311s] -- Found PythonExtra: .so  
[5.618s] -- Configuring done
[5.827s] -- Generating done
[5.836s] -- Build files have been written to: /home/uwr/microROS_AUV/build/actionlib_msgs
[5.861s] Invoked command in '/home/uwr/microROS_AUV/build/actionlib_msgs' returned '0': AMENT_PREFIX_PATH=/home/uwr/microROS_AUV/install/std_msgs:${AMENT_PREFIX_PATH} CMAKE_PREFIX_PATH=/home/uwr/microROS_AUV/install/std_msgs:/home/uwr/microROS_AUV/install/builtin_interfaces:/home/uwr/microROS_AUV/install/action_msgs:/home/uwr/microROS_AUV/install/unique_identifier_msgs:/home/uwr/microROS_AUV/install/std_srvs:/home/uwr/microROS_AUV/install/rosidl_typesupport_microxrcedds_test_msg:/home/uwr/microROS_AUV/install/rosidl_typesupport_microxrcedds_cpp_tests:/home/uwr/microROS_AUV/install/rmw_microxrcedds:/home/uwr/microROS_AUV/install/rosidl_typesupport_microxrcedds_cpp:/home/uwr/microROS_AUV/install/rosidl_typesupport_microxrcedds_c_tests:/home/uwr/microROS_AUV/install/rosidl_typesupport_microxrcedds_c:/home/uwr/microROS_AUV/install/rosgraph_msgs:/home/uwr/microROS_AUV/install/microxrcedds_client:/home/uwr/microROS_AUV/install/microcdr:/home/uwr/microROS_AUV/install/micro_ros_utilities:/home/uwr/microROS_AUV/install/micro_ros_msgs:/home/uwr/microROS_AUV/install/lifecycle_msgs:/home/uwr/microROS_AUV/install/complex_msgs:/home/uwr/microROS_AUV/install/micro_ros_setup:/home/uwr/microROS_AUV/install/custom_interfaces:/home/uwr/Desktop/2024_UWR/install/kalman_filter:/home/uwr/Desktop/2024_UWR/install/sonar_msgs:/home/uwr/Desktop/2024_UWR/install/ros2-driver:/home/uwr/Desktop/2024_UWR/install/oculus_interfaces:/home/uwr/Desktop/2024_UWR/install/ntrip:/home/uwr/Desktop/2024_UWR/install/adnav-driver:/home/uwr/fls_ws/install/oculus_interfaces:/home/uwr/microROS_AUV/install/statistics_msgs:/home/uwr/microROS_AUV/install/control_pkg:/home/uwr/Desktop/2024_UWR/install/sonar_subs:/opt/ros/humble LD_LIBRARY_PATH=/home/uwr/microROS_AUV/install/std_msgs/lib:/home/uwr/microROS_AUV/install/builtin_interfaces/lib:/home/uwr/microROS_AUV/install/action_msgs/lib:/home/uwr/microROS_AUV/install/unique_identifier_msgs/lib:/home/uwr/microROS_AUV/install/std_srvs/lib:/home/uwr/microROS_AUV/install/statistics_msgs/lib:/home/uwr/microROS_AUV/install/rmw_microxrcedds/lib:/home/uwr/microROS_AUV/install/rosidl_typesupport_microxrcedds_cpp/lib:/home/uwr/microROS_AUV/install/rosidl_typesupport_microxrcedds_c/lib:/home/uwr/microROS_AUV/install/rosgraph_msgs/lib:/home/uwr/microROS_AUV/install/microxrcedds_client/lib:/home/uwr/microROS_AUV/install/microcdr/lib:/home/uwr/microROS_AUV/install/micro_ros_utilities/lib:/home/uwr/microROS_AUV/install/micro_ros_msgs/lib:/home/uwr/microROS_AUV/install/lifecycle_msgs/lib:/home/uwr/microROS_AUV/install/complex_msgs/lib:/home/uwr/microROS_AUV/install/custom_interfaces/lib:/home/uwr/oculus_driver/install/lib:/home/uwr/Desktop/2024_UWR/install/sonar_msgs/lib:/home/uwr/Desktop/2024_UWR/install/oculus_interfaces/lib:/home/uwr/fls_ws/install/oculus_interfaces/lib:/opt/ros/humble/opt/rviz_ogre_vendor/lib:/opt/ros/humble/lib/x86_64-linux-gnu:/opt/ros/humble/lib PYTHONPATH=/home/uwr/microROS_AUV/install/std_msgs/local/lib/python3.10/dist-packages:${PYTHONPATH} /usr/bin/cmake /home/uwr/microROS_AUV/src/ros2/common_interfaces/actionlib_msgs -DBUILD_TESTING=OFF -DBUILD_SHARED_LIBS=ON -DCMAKE_INSTALL_PREFIX=/home/uwr/microROS_AUV/install/actionlib_msgs
[5.862s] Invoking command in '/home/uwr/microROS_AUV/build/actionlib_msgs': AMENT_PREFIX_PATH=/home/uwr/microROS_AUV/install/std_msgs:${AMENT_PREFIX_PATH} CMAKE_PREFIX_PATH=/home/uwr/microROS_AUV/install/std_msgs:/home/uwr/microROS_AUV/install/builtin_interfaces:/home/uwr/microROS_AUV/install/action_msgs:/home/uwr/microROS_AUV/install/unique_identifier_msgs:/home/uwr/microROS_AUV/install/std_srvs:/home/uwr/microROS_AUV/install/rosidl_typesupport_microxrcedds_test_msg:/home/uwr/microROS_AUV/install/rosidl_typesupport_microxrcedds_cpp_tests:/home/uwr/microROS_AUV/install/rmw_microxrcedds:/home/uwr/microROS_AUV/install/rosidl_typesupport_microxrcedds_cpp:/home/uwr/microROS_AUV/install/rosidl_typesupport_microxrcedds_c_tests:/home/uwr/microROS_AUV/install/rosidl_typesupport_microxrcedds_c:/home/uwr/microROS_AUV/install/rosgraph_msgs:/home/uwr/microROS_AUV/install/microxrcedds_client:/home/uwr/microROS_AUV/install/microcdr:/home/uwr/microROS_AUV/install/micro_ros_utilities:/home/uwr/microROS_AUV/install/micro_ros_msgs:/home/uwr/microROS_AUV/install/lifecycle_msgs:/home/uwr/microROS_AUV/install/complex_msgs:/home/uwr/microROS_AUV/install/micro_ros_setup:/home/uwr/microROS_AUV/install/custom_interfaces:/home/uwr/Desktop/2024_UWR/install/kalman_filter:/home/uwr/Desktop/2024_UWR/install/sonar_msgs:/home/uwr/Desktop/2024_UWR/install/ros2-driver:/home/uwr/Desktop/2024_UWR/install/oculus_interfaces:/home/uwr/Desktop/2024_UWR/install/ntrip:/home/uwr/Desktop/2024_UWR/install/adnav-driver:/home/uwr/fls_ws/install/oculus_interfaces:/home/uwr/microROS_AUV/install/statistics_msgs:/home/uwr/microROS_AUV/install/control_pkg:/home/uwr/Desktop/2024_UWR/install/sonar_subs:/opt/ros/humble LD_LIBRARY_PATH=/home/uwr/microROS_AUV/install/std_msgs/lib:/home/uwr/microROS_AUV/install/builtin_interfaces/lib:/home/uwr/microROS_AUV/install/action_msgs/lib:/home/uwr/microROS_AUV/install/unique_identifier_msgs/lib:/home/uwr/microROS_AUV/install/std_srvs/lib:/home/uwr/microROS_AUV/install/statistics_msgs/lib:/home/uwr/microROS_AUV/install/rmw_microxrcedds/lib:/home/uwr/microROS_AUV/install/rosidl_typesupport_microxrcedds_cpp/lib:/home/uwr/microROS_AUV/install/rosidl_typesupport_microxrcedds_c/lib:/home/uwr/microROS_AUV/install/rosgraph_msgs/lib:/home/uwr/microROS_AUV/install/microxrcedds_client/lib:/home/uwr/microROS_AUV/install/microcdr/lib:/home/uwr/microROS_AUV/install/micro_ros_utilities/lib:/home/uwr/microROS_AUV/install/micro_ros_msgs/lib:/home/uwr/microROS_AUV/install/lifecycle_msgs/lib:/home/uwr/microROS_AUV/install/complex_msgs/lib:/home/uwr/microROS_AUV/install/custom_interfaces/lib:/home/uwr/oculus_driver/install/lib:/home/uwr/Desktop/2024_UWR/install/sonar_msgs/lib:/home/uwr/Desktop/2024_UWR/install/oculus_interfaces/lib:/home/uwr/fls_ws/install/oculus_interfaces/lib:/opt/ros/humble/opt/rviz_ogre_vendor/lib:/opt/ros/humble/lib/x86_64-linux-gnu:/opt/ros/humble/lib PYTHONPATH=/home/uwr/microROS_AUV/install/std_msgs/local/lib/python3.10/dist-packages:${PYTHONPATH} /usr/bin/cmake --build /home/uwr/microROS_AUV/build/actionlib_msgs -- -j8 -l8
[6.115s] [  1%] [34m[1mGenerating C code for ROS interfaces[0m
[6.184s] [  3%] [34m[1mGenerating C++ code for ROS interfaces[0m
[6.264s] [  3%] Built target ament_cmake_python_copy_actionlib_msgs
[7.649s] running egg_info
[7.653s] creating actionlib_msgs.egg-info
[7.653s] writing actionlib_msgs.egg-info/PKG-INFO
[7.654s] writing dependency_links to actionlib_msgs.egg-info/dependency_links.txt
[7.654s] writing top-level names to actionlib_msgs.egg-info/top_level.txt
[7.655s] writing manifest file 'actionlib_msgs.egg-info/SOURCES.txt'
[7.661s] reading manifest file 'actionlib_msgs.egg-info/SOURCES.txt'
[7.662s] writing manifest file 'actionlib_msgs.egg-info/SOURCES.txt'
[7.762s] [  3%] Built target ament_cmake_python_build_actionlib_msgs_egg
[9.384s] [  3%] Built target actionlib_msgs__cpp
[9.447s] [  5%] [34m[1mGenerating C++ introspection for ROS interfaces[0m
[9.447s] [  6%] [34m[1mGenerating C++ type support dispatch for ROS interfaces[0m
[9.449s] [  8%] [34m[1mGenerating C++ type support for eProsima Fast-RTPS[0m
[9.484s] [ 10%] [34m[1mGenerating C++ type support for eProsima Micro XRCE-DDS[0m
[11.125s] [ 11%] [32mBuilding CXX object CMakeFiles/actionlib_msgs__rosidl_typesupport_cpp.dir/rosidl_typesupport_cpp/actionlib_msgs/msg/goal_id__type_support.cpp.o[0m
[11.182s] [ 13%] [32mBuilding CXX object CMakeFiles/actionlib_msgs__rosidl_typesupport_cpp.dir/rosidl_typesupport_cpp/actionlib_msgs/msg/goal_status__type_support.cpp.o[0m
[11.207s] [ 15%] [32mBuilding CXX object CMakeFiles/actionlib_msgs__rosidl_typesupport_cpp.dir/rosidl_typesupport_cpp/actionlib_msgs/msg/goal_status_array__type_support.cpp.o[0m
[11.459s] [ 16%] [32mBuilding C object CMakeFiles/actionlib_msgs__rosidl_generator_c.dir/rosidl_generator_c/actionlib_msgs/msg/detail/goal_id__functions.c.o[0m
[11.485s] [ 18%] [32mBuilding C object CMakeFiles/actionlib_msgs__rosidl_generator_c.dir/rosidl_generator_c/actionlib_msgs/msg/detail/goal_status__functions.c.o[0m
[11.607s] [ 20%] [32mBuilding C object CMakeFiles/actionlib_msgs__rosidl_generator_c.dir/rosidl_generator_c/actionlib_msgs/msg/detail/goal_status_array__functions.c.o[0m
[11.941s] [ 22%] [32m[1mLinking C shared library libactionlib_msgs__rosidl_generator_c.so[0m
[12.185s] [ 22%] Built target actionlib_msgs__rosidl_generator_c
[12.246s] [ 23%] [34m[1mGenerating C type support for eProsima Micro XRCE-DDS[0m
[12.253s] [ 25%] [34m[1mGenerating C type support for eProsima Fast-RTPS[0m
[12.301s] [ 27%] [32mBuilding CXX object CMakeFiles/actionlib_msgs__rosidl_typesupport_introspection_cpp.dir/rosidl_typesupport_introspection_cpp/actionlib_msgs/msg/detail/goal_id__type_support.cpp.o[0m
[12.429s] [ 28%] [32mBuilding CXX object CMakeFiles/actionlib_msgs__rosidl_typesupport_introspection_cpp.dir/rosidl_typesupport_introspection_cpp/actionlib_msgs/msg/detail/goal_status__type_support.cpp.o[0m
[13.883s] [ 30%] [32m[1mLinking CXX shared library libactionlib_msgs__rosidl_typesupport_cpp.so[0m
[14.087s] [ 30%] Built target actionlib_msgs__rosidl_typesupport_cpp
[14.742s] [ 32%] [32mBuilding CXX object CMakeFiles/actionlib_msgs__rosidl_typesupport_microxrcedds_cpp.dir/rosidl_typesupport_microxrcedds_cpp/actionlib_msgs/msg/detail/microxrcedds/goal_id__type_support_cpp.cpp.o[0m
[14.751s] [ 33%] [32mBuilding CXX object CMakeFiles/actionlib_msgs__rosidl_typesupport_fastrtps_cpp.dir/rosidl_typesupport_fastrtps_cpp/actionlib_msgs/msg/detail/dds_fastrtps/goal_id__type_support.cpp.o[0m
[14.795s] [ 35%] [32mBuilding CXX object CMakeFiles/actionlib_msgs__rosidl_typesupport_introspection_cpp.dir/rosidl_typesupport_introspection_cpp/actionlib_msgs/msg/detail/goal_status_array__type_support.cpp.o[0m
[15.661s] [ 37%] [32mBuilding CXX object CMakeFiles/actionlib_msgs__rosidl_typesupport_microxrcedds_cpp.dir/rosidl_typesupport_microxrcedds_cpp/actionlib_msgs/msg/detail/microxrcedds/goal_status__type_support_cpp.cpp.o[0m
[16.000s] [ 38%] [32mBuilding CXX object CMakeFiles/actionlib_msgs__rosidl_typesupport_fastrtps_cpp.dir/rosidl_typesupport_fastrtps_cpp/actionlib_msgs/msg/detail/dds_fastrtps/goal_status__type_support.cpp.o[0m
[16.038s] [ 40%] [32mBuilding CXX object CMakeFiles/actionlib_msgs__rosidl_typesupport_fastrtps_c.dir/rosidl_typesupport_fastrtps_c/actionlib_msgs/msg/detail/goal_id__type_support_c.cpp.o[0m
[16.531s] [ 42%] [32mBuilding C object CMakeFiles/actionlib_msgs__rosidl_typesupport_microxrcedds_c.dir/rosidl_typesupport_microxrcedds_c/actionlib_msgs/msg/detail/microxrcedds/goal_id__type_support_c.c.o[0m
[16.597s] [ 44%] [32m[1mLinking CXX shared library libactionlib_msgs__rosidl_typesupport_introspection_cpp.so[0m
[16.691s] [ 45%] [32mBuilding C object CMakeFiles/actionlib_msgs__rosidl_typesupport_microxrcedds_c.dir/rosidl_typesupport_microxrcedds_c/actionlib_msgs/msg/detail/microxrcedds/goal_status__type_support_c.c.o[0m
[16.832s] [ 45%] Built target actionlib_msgs__rosidl_typesupport_introspection_cpp
[16.900s] [ 47%] [32mBuilding CXX object CMakeFiles/actionlib_msgs__rosidl_typesupport_microxrcedds_cpp.dir/rosidl_typesupport_microxrcedds_cpp/actionlib_msgs/msg/detail/microxrcedds/goal_status_array__type_support_cpp.cpp.o[0m
[16.928s] [ 49%] [32mBuilding C object CMakeFiles/actionlib_msgs__rosidl_typesupport_microxrcedds_c.dir/rosidl_typesupport_microxrcedds_c/actionlib_msgs/msg/detail/microxrcedds/goal_status_array__type_support_c.c.o[0m
[17.071s] [ 50%] [32m[1mLinking C shared library libactionlib_msgs__rosidl_typesupport_microxrcedds_c.so[0m
[17.211s] [ 50%] Built target actionlib_msgs__rosidl_typesupport_microxrcedds_c
[17.505s] [ 52%] [32mBuilding CXX object CMakeFiles/actionlib_msgs__rosidl_typesupport_fastrtps_c.dir/rosidl_typesupport_fastrtps_c/actionlib_msgs/msg/detail/goal_status_array__type_support_c.cpp.o[0m
[17.668s] [ 54%] [32mBuilding CXX object CMakeFiles/actionlib_msgs__rosidl_typesupport_fastrtps_cpp.dir/rosidl_typesupport_fastrtps_cpp/actionlib_msgs/msg/detail/dds_fastrtps/goal_status_array__type_support.cpp.o[0m
[18.242s] [ 55%] [32m[1mLinking CXX shared library libactionlib_msgs__rosidl_typesupport_microxrcedds_cpp.so[0m
[18.489s] [ 55%] Built target actionlib_msgs__rosidl_typesupport_microxrcedds_cpp
[18.593s] [ 57%] [32mBuilding CXX object CMakeFiles/actionlib_msgs__rosidl_typesupport_fastrtps_c.dir/rosidl_typesupport_fastrtps_c/actionlib_msgs/msg/detail/goal_status__type_support_c.cpp.o[0m
[19.094s] [ 59%] [32m[1mLinking CXX shared library libactionlib_msgs__rosidl_typesupport_fastrtps_cpp.so[0m
[19.318s] [ 59%] Built target actionlib_msgs__rosidl_typesupport_fastrtps_cpp
[19.588s] [ 61%] [32m[1mLinking CXX shared library libactionlib_msgs__rosidl_typesupport_fastrtps_c.so[0m
[19.770s] [ 61%] Built target actionlib_msgs__rosidl_typesupport_fastrtps_c
[19.791s] [ 62%] [34m[1mGenerating C type support dispatch for ROS interfaces[0m
[20.817s] [ 64%] [32mBuilding CXX object CMakeFiles/actionlib_msgs__rosidl_typesupport_c.dir/rosidl_typesupport_c/actionlib_msgs/msg/goal_id__type_support.cpp.o[0m
[20.902s] [ 66%] [32mBuilding CXX object CMakeFiles/actionlib_msgs__rosidl_typesupport_c.dir/rosidl_typesupport_c/actionlib_msgs/msg/goal_status_array__type_support.cpp.o[0m
[20.992s] [ 67%] [32mBuilding CXX object CMakeFiles/actionlib_msgs__rosidl_typesupport_c.dir/rosidl_typesupport_c/actionlib_msgs/msg/goal_status__type_support.cpp.o[0m
[21.074s] [ 69%] [32m[1mLinking CXX shared library libactionlib_msgs__rosidl_typesupport_c.so[0m
[21.186s] [ 69%] Built target actionlib_msgs__rosidl_typesupport_c
[21.216s] [ 71%] [34m[1mGenerating C introspection for ROS interfaces[0m
[22.491s] [ 72%] [32mBuilding C object CMakeFiles/actionlib_msgs__rosidl_typesupport_introspection_c.dir/rosidl_typesupport_introspection_c/actionlib_msgs/msg/detail/goal_id__type_support.c.o[0m
[22.557s] [ 74%] [32mBuilding C object CMakeFiles/actionlib_msgs__rosidl_typesupport_introspection_c.dir/rosidl_typesupport_introspection_c/actionlib_msgs/msg/detail/goal_status_array__type_support.c.o[0m
[22.648s] [ 76%] [32mBuilding C object CMakeFiles/actionlib_msgs__rosidl_typesupport_introspection_c.dir/rosidl_typesupport_introspection_c/actionlib_msgs/msg/detail/goal_status__type_support.c.o[0m
[22.744s] [ 77%] [32m[1mLinking C shared library libactionlib_msgs__rosidl_typesupport_introspection_c.so[0m
[22.816s] [ 77%] Built target actionlib_msgs__rosidl_typesupport_introspection_c
[22.860s] [ 77%] Built target actionlib_msgs
[22.920s] [ 79%] [34m[1mGenerating Python code for ROS interfaces[0m
[24.941s] [ 79%] Built target actionlib_msgs__py
[24.983s] [ 81%] [32mBuilding C object CMakeFiles/actionlib_msgs__rosidl_generator_py.dir/rosidl_generator_py/actionlib_msgs/msg/_goal_id_s.c.o[0m
[25.167s] [ 83%] [32mBuilding C object CMakeFiles/actionlib_msgs__rosidl_generator_py.dir/rosidl_generator_py/actionlib_msgs/msg/_goal_status_array_s.c.o[0m
[25.362s] [ 84%] [32mBuilding C object CMakeFiles/actionlib_msgs__rosidl_generator_py.dir/rosidl_generator_py/actionlib_msgs/msg/_goal_status_s.c.o[0m
[25.556s] [ 86%] [32m[1mLinking C shared library rosidl_generator_py/actionlib_msgs/libactionlib_msgs__rosidl_generator_py.so[0m
[25.632s] [ 86%] Built target actionlib_msgs__rosidl_generator_py
[25.671s] [ 88%] [32mBuilding C object CMakeFiles/actionlib_msgs__rosidl_typesupport_microxrcedds_c__pyext.dir/rosidl_generator_py/actionlib_msgs/_actionlib_msgs_s.ep.rosidl_typesupport_microxrcedds_c.c.o[0m
[25.869s] [ 89%] [32m[1mLinking C shared library rosidl_generator_py/actionlib_msgs/actionlib_msgs_s__rosidl_typesupport_microxrcedds_c.cpython-310-x86_64-linux-gnu.so[0m
[25.945s] [ 89%] Built target actionlib_msgs__rosidl_typesupport_microxrcedds_c__pyext
[25.984s] [ 91%] [32mBuilding C object CMakeFiles/actionlib_msgs__rosidl_typesupport_c__pyext.dir/rosidl_generator_py/actionlib_msgs/_actionlib_msgs_s.ep.rosidl_typesupport_c.c.o[0m
[26.176s] [ 93%] [32m[1mLinking C shared library rosidl_generator_py/actionlib_msgs/actionlib_msgs_s__rosidl_typesupport_c.cpython-310-x86_64-linux-gnu.so[0m
[26.249s] [ 93%] Built target actionlib_msgs__rosidl_typesupport_c__pyext
[26.289s] [ 94%] [32mBuilding C object CMakeFiles/actionlib_msgs__rosidl_typesupport_introspection_c__pyext.dir/rosidl_generator_py/actionlib_msgs/_actionlib_msgs_s.ep.rosidl_typesupport_introspection_c.c.o[0m
[26.483s] [ 96%] [32m[1mLinking C shared library rosidl_generator_py/actionlib_msgs/actionlib_msgs_s__rosidl_typesupport_introspection_c.cpython-310-x86_64-linux-gnu.so[0m
[26.556s] [ 96%] Built target actionlib_msgs__rosidl_typesupport_introspection_c__pyext
[26.596s] [ 98%] [32mBuilding C object CMakeFiles/actionlib_msgs__rosidl_typesupport_fastrtps_c__pyext.dir/rosidl_generator_py/actionlib_msgs/_actionlib_msgs_s.ep.rosidl_typesupport_fastrtps_c.c.o[0m
[26.789s] [100%] [32m[1mLinking C shared library rosidl_generator_py/actionlib_msgs/actionlib_msgs_s__rosidl_typesupport_fastrtps_c.cpython-310-x86_64-linux-gnu.so[0m
[26.862s] [100%] Built target actionlib_msgs__rosidl_typesupport_fastrtps_c__pyext
[26.886s] Invoked command in '/home/uwr/microROS_AUV/build/actionlib_msgs' returned '0': AMENT_PREFIX_PATH=/home/uwr/microROS_AUV/install/std_msgs:${AMENT_PREFIX_PATH} CMAKE_PREFIX_PATH=/home/uwr/microROS_AUV/install/std_msgs:/home/uwr/microROS_AUV/install/builtin_interfaces:/home/uwr/microROS_AUV/install/action_msgs:/home/uwr/microROS_AUV/install/unique_identifier_msgs:/home/uwr/microROS_AUV/install/std_srvs:/home/uwr/microROS_AUV/install/rosidl_typesupport_microxrcedds_test_msg:/home/uwr/microROS_AUV/install/rosidl_typesupport_microxrcedds_cpp_tests:/home/uwr/microROS_AUV/install/rmw_microxrcedds:/home/uwr/microROS_AUV/install/rosidl_typesupport_microxrcedds_cpp:/home/uwr/microROS_AUV/install/rosidl_typesupport_microxrcedds_c_tests:/home/uwr/microROS_AUV/install/rosidl_typesupport_microxrcedds_c:/home/uwr/microROS_AUV/install/rosgraph_msgs:/home/uwr/microROS_AUV/install/microxrcedds_client:/home/uwr/microROS_AUV/install/microcdr:/home/uwr/microROS_AUV/install/micro_ros_utilities:/home/uwr/microROS_AUV/install/micro_ros_msgs:/home/uwr/microROS_AUV/install/lifecycle_msgs:/home/uwr/microROS_AUV/install/complex_msgs:/home/uwr/microROS_AUV/install/micro_ros_setup:/home/uwr/microROS_AUV/install/custom_interfaces:/home/uwr/Desktop/2024_UWR/install/kalman_filter:/home/uwr/Desktop/2024_UWR/install/sonar_msgs:/home/uwr/Desktop/2024_UWR/install/ros2-driver:/home/uwr/Desktop/2024_UWR/install/oculus_interfaces:/home/uwr/Desktop/2024_UWR/install/ntrip:/home/uwr/Desktop/2024_UWR/install/adnav-driver:/home/uwr/fls_ws/install/oculus_interfaces:/home/uwr/microROS_AUV/install/statistics_msgs:/home/uwr/microROS_AUV/install/control_pkg:/home/uwr/Desktop/2024_UWR/install/sonar_subs:/opt/ros/humble LD_LIBRARY_PATH=/home/uwr/microROS_AUV/install/std_msgs/lib:/home/uwr/microROS_AUV/install/builtin_interfaces/lib:/home/uwr/microROS_AUV/install/action_msgs/lib:/home/uwr/microROS_AUV/install/unique_identifier_msgs/lib:/home/uwr/microROS_AUV/install/std_srvs/lib:/home/uwr/microROS_AUV/install/statistics_msgs/lib:/home/uwr/microROS_AUV/install/rmw_microxrcedds/lib:/home/uwr/microROS_AUV/install/rosidl_typesupport_microxrcedds_cpp/lib:/home/uwr/microROS_AUV/install/rosidl_typesupport_microxrcedds_c/lib:/home/uwr/microROS_AUV/install/rosgraph_msgs/lib:/home/uwr/microROS_AUV/install/microxrcedds_client/lib:/home/uwr/microROS_AUV/install/microcdr/lib:/home/uwr/microROS_AUV/install/micro_ros_utilities/lib:/home/uwr/microROS_AUV/install/micro_ros_msgs/lib:/home/uwr/microROS_AUV/install/lifecycle_msgs/lib:/home/uwr/microROS_AUV/install/complex_msgs/lib:/home/uwr/microROS_AUV/install/custom_interfaces/lib:/home/uwr/oculus_driver/install/lib:/home/uwr/Desktop/2024_UWR/install/sonar_msgs/lib:/home/uwr/Desktop/2024_UWR/install/oculus_interfaces/lib:/home/uwr/fls_ws/install/oculus_interfaces/lib:/opt/ros/humble/opt/rviz_ogre_vendor/lib:/opt/ros/humble/lib/x86_64-linux-gnu:/opt/ros/humble/lib PYTHONPATH=/home/uwr/microROS_AUV/install/std_msgs/local/lib/python3.10/dist-packages:${PYTHONPATH} /usr/bin/cmake --build /home/uwr/microROS_AUV/build/actionlib_msgs -- -j8 -l8
[27.150s] Invoking command in '/home/uwr/microROS_AUV/build/actionlib_msgs': AMENT_PREFIX_PATH=/home/uwr/microROS_AUV/install/std_msgs:${AMENT_PREFIX_PATH} CMAKE_PREFIX_PATH=/home/uwr/microROS_AUV/install/std_msgs:/home/uwr/microROS_AUV/install/builtin_interfaces:/home/uwr/microROS_AUV/install/action_msgs:/home/uwr/microROS_AUV/install/unique_identifier_msgs:/home/uwr/microROS_AUV/install/std_srvs:/home/uwr/microROS_AUV/install/rosidl_typesupport_microxrcedds_test_msg:/home/uwr/microROS_AUV/install/rosidl_typesupport_microxrcedds_cpp_tests:/home/uwr/microROS_AUV/install/rmw_microxrcedds:/home/uwr/microROS_AUV/install/rosidl_typesupport_microxrcedds_cpp:/home/uwr/microROS_AUV/install/rosidl_typesupport_microxrcedds_c_tests:/home/uwr/microROS_AUV/install/rosidl_typesupport_microxrcedds_c:/home/uwr/microROS_AUV/install/rosgraph_msgs:/home/uwr/microROS_AUV/install/microxrcedds_client:/home/uwr/microROS_AUV/install/microcdr:/home/uwr/microROS_AUV/install/micro_ros_utilities:/home/uwr/microROS_AUV/install/micro_ros_msgs:/home/uwr/microROS_AUV/install/lifecycle_msgs:/home/uwr/microROS_AUV/install/complex_msgs:/home/uwr/microROS_AUV/install/micro_ros_setup:/home/uwr/microROS_AUV/install/custom_interfaces:/home/uwr/Desktop/2024_UWR/install/kalman_filter:/home/uwr/Desktop/2024_UWR/install/sonar_msgs:/home/uwr/Desktop/2024_UWR/install/ros2-driver:/home/uwr/Desktop/2024_UWR/install/oculus_interfaces:/home/uwr/Desktop/2024_UWR/install/ntrip:/home/uwr/Desktop/2024_UWR/install/adnav-driver:/home/uwr/fls_ws/install/oculus_interfaces:/home/uwr/microROS_AUV/install/statistics_msgs:/home/uwr/microROS_AUV/install/control_pkg:/home/uwr/Desktop/2024_UWR/install/sonar_subs:/opt/ros/humble LD_LIBRARY_PATH=/home/uwr/microROS_AUV/install/std_msgs/lib:/home/uwr/microROS_AUV/install/builtin_interfaces/lib:/home/uwr/microROS_AUV/install/action_msgs/lib:/home/uwr/microROS_AUV/install/unique_identifier_msgs/lib:/home/uwr/microROS_AUV/install/std_srvs/lib:/home/uwr/microROS_AUV/install/statistics_msgs/lib:/home/uwr/microROS_AUV/install/rmw_microxrcedds/lib:/home/uwr/microROS_AUV/install/rosidl_typesupport_microxrcedds_cpp/lib:/home/uwr/microROS_AUV/install/rosidl_typesupport_microxrcedds_c/lib:/home/uwr/microROS_AUV/install/rosgraph_msgs/lib:/home/uwr/microROS_AUV/install/microxrcedds_client/lib:/home/uwr/microROS_AUV/install/microcdr/lib:/home/uwr/microROS_AUV/install/micro_ros_utilities/lib:/home/uwr/microROS_AUV/install/micro_ros_msgs/lib:/home/uwr/microROS_AUV/install/lifecycle_msgs/lib:/home/uwr/microROS_AUV/install/complex_msgs/lib:/home/uwr/microROS_AUV/install/custom_interfaces/lib:/home/uwr/oculus_driver/install/lib:/home/uwr/Desktop/2024_UWR/install/sonar_msgs/lib:/home/uwr/Desktop/2024_UWR/install/oculus_interfaces/lib:/home/uwr/fls_ws/install/oculus_interfaces/lib:/opt/ros/humble/opt/rviz_ogre_vendor/lib:/opt/ros/humble/lib/x86_64-linux-gnu:/opt/ros/humble/lib PYTHONPATH=/home/uwr/microROS_AUV/install/std_msgs/local/lib/python3.10/dist-packages:${PYTHONPATH} /usr/bin/cmake --install /home/uwr/microROS_AUV/build/actionlib_msgs
[27.165s] -- Install configuration: ""
[27.166s] -- Installing: /home/uwr/microROS_AUV/install/actionlib_msgs/share/ament_index/resource_index/rosidl_interfaces/actionlib_msgs
[27.166s] -- Installing: /home/uwr/microROS_AUV/install/actionlib_msgs/include/actionlib_msgs/actionlib_msgs
[27.166s] -- Installing: /home/uwr/microROS_AUV/install/actionlib_msgs/include/actionlib_msgs/actionlib_msgs/msg
[27.166s] -- Installing: /home/uwr/microROS_AUV/install/actionlib_msgs/include/actionlib_msgs/actionlib_msgs/msg/goal_status.h
[27.167s] -- Installing: /home/uwr/microROS_AUV/install/actionlib_msgs/include/actionlib_msgs/actionlib_msgs/msg/rosidl_generator_c__visibility_control.h
[27.167s] -- Installing: /home/uwr/microROS_AUV/install/actionlib_msgs/include/actionlib_msgs/actionlib_msgs/msg/goal_id.h
[27.167s] -- Installing: /home/uwr/microROS_AUV/install/actionlib_msgs/include/actionlib_msgs/actionlib_msgs/msg/detail
[27.167s] -- Installing: /home/uwr/microROS_AUV/install/actionlib_msgs/include/actionlib_msgs/actionlib_msgs/msg/detail/goal_status__functions.h
[27.168s] -- Installing: /home/uwr/microROS_AUV/install/actionlib_msgs/include/actionlib_msgs/actionlib_msgs/msg/detail/goal_status__type_support.h
[27.168s] -- Installing: /home/uwr/microROS_AUV/install/actionlib_msgs/include/actionlib_msgs/actionlib_msgs/msg/detail/goal_id__struct.h
[27.168s] -- Installing: /home/uwr/microROS_AUV/install/actionlib_msgs/include/actionlib_msgs/actionlib_msgs/msg/detail/goal_status_array__functions.c
[27.168s] -- Installing: /home/uwr/microROS_AUV/install/actionlib_msgs/include/actionlib_msgs/actionlib_msgs/msg/detail/goal_id__functions.c
[27.168s] -- Installing: /home/uwr/microROS_AUV/install/actionlib_msgs/include/actionlib_msgs/actionlib_msgs/msg/detail/goal_status_array__type_support.h
[27.169s] -- Installing: /home/uwr/microROS_AUV/install/actionlib_msgs/include/actionlib_msgs/actionlib_msgs/msg/detail/goal_id__functions.h
[27.169s] -- Installing: /home/uwr/microROS_AUV/install/actionlib_msgs/include/actionlib_msgs/actionlib_msgs/msg/detail/goal_status__struct.h
[27.169s] -- Installing: /home/uwr/microROS_AUV/install/actionlib_msgs/include/actionlib_msgs/actionlib_msgs/msg/detail/goal_status__functions.c
[27.169s] -- Installing: /home/uwr/microROS_AUV/install/actionlib_msgs/include/actionlib_msgs/actionlib_msgs/msg/detail/goal_status_array__struct.h
[27.170s] -- Installing: /home/uwr/microROS_AUV/install/actionlib_msgs/include/actionlib_msgs/actionlib_msgs/msg/detail/goal_id__type_support.h
[27.170s] -- Installing: /home/uwr/microROS_AUV/install/actionlib_msgs/include/actionlib_msgs/actionlib_msgs/msg/detail/goal_status_array__functions.h
[27.170s] -- Installing: /home/uwr/microROS_AUV/install/actionlib_msgs/include/actionlib_msgs/actionlib_msgs/msg/goal_status_array.h
[27.170s] -- Installing: /home/uwr/microROS_AUV/install/actionlib_msgs/share/actionlib_msgs/environment/library_path.sh
[27.170s] -- Installing: /home/uwr/microROS_AUV/install/actionlib_msgs/share/actionlib_msgs/environment/library_path.dsv
[27.171s] -- Installing: /home/uwr/microROS_AUV/install/actionlib_msgs/lib/libactionlib_msgs__rosidl_generator_c.so
[27.171s] -- Set runtime path of "/home/uwr/microROS_AUV/install/actionlib_msgs/lib/libactionlib_msgs__rosidl_generator_c.so" to ""
[27.171s] -- Up-to-date: /home/uwr/microROS_AUV/install/actionlib_msgs/include/actionlib_msgs/actionlib_msgs
[27.171s] -- Up-to-date: /home/uwr/microROS_AUV/install/actionlib_msgs/include/actionlib_msgs/actionlib_msgs/msg
[27.172s] -- Up-to-date: /home/uwr/microROS_AUV/install/actionlib_msgs/include/actionlib_msgs/actionlib_msgs/msg/detail
[27.172s] -- Installing: /home/uwr/microROS_AUV/install/actionlib_msgs/include/actionlib_msgs/actionlib_msgs/msg/detail/goal_id__rosidl_typesupport_fastrtps_c.h
[27.172s] -- Installing: /home/uwr/microROS_AUV/install/actionlib_msgs/include/actionlib_msgs/actionlib_msgs/msg/detail/goal_status_array__rosidl_typesupport_fastrtps_c.h
[27.172s] -- Installing: /home/uwr/microROS_AUV/install/actionlib_msgs/include/actionlib_msgs/actionlib_msgs/msg/detail/goal_status__rosidl_typesupport_fastrtps_c.h
[27.172s] -- Installing: /home/uwr/microROS_AUV/install/actionlib_msgs/include/actionlib_msgs/actionlib_msgs/msg/rosidl_typesupport_fastrtps_c__visibility_control.h
[27.173s] -- Installing: /home/uwr/microROS_AUV/install/actionlib_msgs/lib/libactionlib_msgs__rosidl_typesupport_fastrtps_c.so
[27.173s] -- Set runtime path of "/home/uwr/microROS_AUV/install/actionlib_msgs/lib/libactionlib_msgs__rosidl_typesupport_fastrtps_c.so" to ""
[27.173s] -- Up-to-date: /home/uwr/microROS_AUV/install/actionlib_msgs/include/actionlib_msgs/actionlib_msgs
[27.173s] -- Up-to-date: /home/uwr/microROS_AUV/install/actionlib_msgs/include/actionlib_msgs/actionlib_msgs/msg
[27.173s] -- Installing: /home/uwr/microROS_AUV/install/actionlib_msgs/include/actionlib_msgs/actionlib_msgs/msg/goal_status_array.hpp
[27.174s] -- Up-to-date: /home/uwr/microROS_AUV/install/actionlib_msgs/include/actionlib_msgs/actionlib_msgs/msg/detail
[27.174s] -- Installing: /home/uwr/microROS_AUV/install/actionlib_msgs/include/actionlib_msgs/actionlib_msgs/msg/detail/goal_status_array__traits.hpp
[27.174s] -- Installing: /home/uwr/microROS_AUV/install/actionlib_msgs/include/actionlib_msgs/actionlib_msgs/msg/detail/goal_status__builder.hpp
[27.174s] -- Installing: /home/uwr/microROS_AUV/install/actionlib_msgs/include/actionlib_msgs/actionlib_msgs/msg/detail/goal_status_array__builder.hpp
[27.175s] -- Installing: /home/uwr/microROS_AUV/install/actionlib_msgs/include/actionlib_msgs/actionlib_msgs/msg/detail/goal_status_array__struct.hpp
[27.175s] -- Installing: /home/uwr/microROS_AUV/install/actionlib_msgs/include/actionlib_msgs/actionlib_msgs/msg/detail/goal_status__struct.hpp
[27.175s] -- Installing: /home/uwr/microROS_AUV/install/actionlib_msgs/include/actionlib_msgs/actionlib_msgs/msg/detail/goal_id__traits.hpp
[27.175s] -- Installing: /home/uwr/microROS_AUV/install/actionlib_msgs/include/actionlib_msgs/actionlib_msgs/msg/detail/goal_id__struct.hpp
[27.175s] -- Installing: /home/uwr/microROS_AUV/install/actionlib_msgs/include/actionlib_msgs/actionlib_msgs/msg/detail/goal_id__builder.hpp
[27.176s] -- Installing: /home/uwr/microROS_AUV/install/actionlib_msgs/include/actionlib_msgs/actionlib_msgs/msg/detail/goal_status__traits.hpp
[27.176s] -- Installing: /home/uwr/microROS_AUV/install/actionlib_msgs/include/actionlib_msgs/actionlib_msgs/msg/goal_status.hpp
[27.176s] -- Installing: /home/uwr/microROS_AUV/install/actionlib_msgs/include/actionlib_msgs/actionlib_msgs/msg/goal_id.hpp
[27.176s] -- Up-to-date: /home/uwr/microROS_AUV/install/actionlib_msgs/include/actionlib_msgs/actionlib_msgs
[27.176s] -- Up-to-date: /home/uwr/microROS_AUV/install/actionlib_msgs/include/actionlib_msgs/actionlib_msgs/msg
[27.177s] -- Up-to-date: /home/uwr/microROS_AUV/install/actionlib_msgs/include/actionlib_msgs/actionlib_msgs/msg/detail
[27.177s] -- Installing: /home/uwr/microROS_AUV/install/actionlib_msgs/include/actionlib_msgs/actionlib_msgs/msg/detail/goal_status__rosidl_typesupport_fastrtps_cpp.hpp
[27.177s] -- Installing: /home/uwr/microROS_AUV/install/actionlib_msgs/include/actionlib_msgs/actionlib_msgs/msg/detail/goal_id__rosidl_typesupport_fastrtps_cpp.hpp
[27.177s] -- Installing: /home/uwr/microROS_AUV/install/actionlib_msgs/include/actionlib_msgs/actionlib_msgs/msg/detail/goal_status_array__rosidl_typesupport_fastrtps_cpp.hpp
[27.178s] -- Installing: /home/uwr/microROS_AUV/install/actionlib_msgs/include/actionlib_msgs/actionlib_msgs/msg/detail/dds_fastrtps
[27.178s] -- Installing: /home/uwr/microROS_AUV/install/actionlib_msgs/include/actionlib_msgs/actionlib_msgs/msg/rosidl_typesupport_fastrtps_cpp__visibility_control.h
[27.178s] -- Installing: /home/uwr/microROS_AUV/install/actionlib_msgs/lib/libactionlib_msgs__rosidl_typesupport_fastrtps_cpp.so
[27.178s] -- Set runtime path of "/home/uwr/microROS_AUV/install/actionlib_msgs/lib/libactionlib_msgs__rosidl_typesupport_fastrtps_cpp.so" to ""
[27.178s] -- Up-to-date: /home/uwr/microROS_AUV/install/actionlib_msgs/include/actionlib_msgs
[27.179s] -- Installing: /home/uwr/microROS_AUV/install/actionlib_msgs/include/actionlib_msgs/msg
[27.179s] -- Installing: /home/uwr/microROS_AUV/install/actionlib_msgs/include/actionlib_msgs/msg/rosidl_typesupport_microxrcedds_c__visibility_control.h
[27.179s] -- Installing: /home/uwr/microROS_AUV/install/actionlib_msgs/include/actionlib_msgs/msg/detail
[27.179s] -- Installing: /home/uwr/microROS_AUV/install/actionlib_msgs/include/actionlib_msgs/msg/detail/goal_id__rosidl_typesupport_microxrcedds_c.h
[27.179s] -- Installing: /home/uwr/microROS_AUV/install/actionlib_msgs/include/actionlib_msgs/msg/detail/goal_status__rosidl_typesupport_microxrcedds_c.h
[27.180s] -- Installing: /home/uwr/microROS_AUV/install/actionlib_msgs/include/actionlib_msgs/msg/detail/goal_status_array__rosidl_typesupport_microxrcedds_c.h
[27.180s] -- Installing: /home/uwr/microROS_AUV/install/actionlib_msgs/include/actionlib_msgs/msg/detail/microxrcedds
[27.180s] -- Installing: /home/uwr/microROS_AUV/install/actionlib_msgs/lib/libactionlib_msgs__rosidl_typesupport_microxrcedds_c.so
[27.180s] -- Set runtime path of "/home/uwr/microROS_AUV/install/actionlib_msgs/lib/libactionlib_msgs__rosidl_typesupport_microxrcedds_c.so" to ""
[27.180s] -- Up-to-date: /home/uwr/microROS_AUV/install/actionlib_msgs/include/actionlib_msgs/actionlib_msgs
[27.181s] -- Up-to-date: /home/uwr/microROS_AUV/install/actionlib_msgs/include/actionlib_msgs/actionlib_msgs/msg
[27.181s] -- Installing: /home/uwr/microROS_AUV/install/actionlib_msgs/include/actionlib_msgs/actionlib_msgs/msg/rosidl_typesupport_introspection_c__visibility_control.h
[27.181s] -- Up-to-date: /home/uwr/microROS_AUV/install/actionlib_msgs/include/actionlib_msgs/actionlib_msgs/msg/detail
[27.181s] -- Installing: /home/uwr/microROS_AUV/install/actionlib_msgs/include/actionlib_msgs/actionlib_msgs/msg/detail/goal_id__rosidl_typesupport_introspection_c.h
[27.181s] -- Installing: /home/uwr/microROS_AUV/install/actionlib_msgs/include/actionlib_msgs/actionlib_msgs/msg/detail/goal_id__type_support.c
[27.181s] -- Installing: /home/uwr/microROS_AUV/install/actionlib_msgs/include/actionlib_msgs/actionlib_msgs/msg/detail/goal_status__type_support.c
[27.182s] -- Installing: /home/uwr/microROS_AUV/install/actionlib_msgs/include/actionlib_msgs/actionlib_msgs/msg/detail/goal_status__rosidl_typesupport_introspection_c.h
[27.182s] -- Installing: /home/uwr/microROS_AUV/install/actionlib_msgs/include/actionlib_msgs/actionlib_msgs/msg/detail/goal_status_array__type_support.c
[27.182s] -- Installing: /home/uwr/microROS_AUV/install/actionlib_msgs/include/actionlib_msgs/actionlib_msgs/msg/detail/goal_status_array__rosidl_typesupport_introspection_c.h
[27.182s] -- Installing: /home/uwr/microROS_AUV/install/actionlib_msgs/lib/libactionlib_msgs__rosidl_typesupport_introspection_c.so
[27.183s] -- Set runtime path of "/home/uwr/microROS_AUV/install/actionlib_msgs/lib/libactionlib_msgs__rosidl_typesupport_introspection_c.so" to ""
[27.183s] -- Installing: /home/uwr/microROS_AUV/install/actionlib_msgs/lib/libactionlib_msgs__rosidl_typesupport_c.so
[27.183s] -- Set runtime path of "/home/uwr/microROS_AUV/install/actionlib_msgs/lib/libactionlib_msgs__rosidl_typesupport_c.so" to ""
[27.183s] -- Up-to-date: /home/uwr/microROS_AUV/install/actionlib_msgs/include/actionlib_msgs
[27.183s] -- Up-to-date: /home/uwr/microROS_AUV/install/actionlib_msgs/include/actionlib_msgs/msg
[27.184s] -- Installing: /home/uwr/microROS_AUV/install/actionlib_msgs/include/actionlib_msgs/msg/rosidl_typesupport_microxrcedds_cpp__visibility_control.h
[27.184s] -- Up-to-date: /home/uwr/microROS_AUV/install/actionlib_msgs/include/actionlib_msgs/msg/detail
[27.184s] -- Installing: /home/uwr/microROS_AUV/install/actionlib_msgs/include/actionlib_msgs/msg/detail/goal_status__rosidl_typesupport_microxrcedds_cpp.hpp
[27.184s] -- Installing: /home/uwr/microROS_AUV/install/actionlib_msgs/include/actionlib_msgs/msg/detail/goal_id__rosidl_typesupport_microxrcedds_cpp.hpp
[27.185s] -- Installing: /home/uwr/microROS_AUV/install/actionlib_msgs/include/actionlib_msgs/msg/detail/goal_status_array__rosidl_typesupport_microxrcedds_cpp.hpp
[27.185s] -- Up-to-date: /home/uwr/microROS_AUV/install/actionlib_msgs/include/actionlib_msgs/msg/detail/microxrcedds
[27.185s] -- Installing: /home/uwr/microROS_AUV/install/actionlib_msgs/include/actionlib_msgs/msg/detail/microxrcedds/goal_id__type_support_cpp.cpp
[27.185s] -- Installing: /home/uwr/microROS_AUV/install/actionlib_msgs/include/actionlib_msgs/msg/detail/microxrcedds/goal_status_array__type_support_cpp.cpp
[27.186s] -- Installing: /home/uwr/microROS_AUV/install/actionlib_msgs/include/actionlib_msgs/msg/detail/microxrcedds/goal_status__type_support_cpp.cpp
[27.186s] -- Installing: /home/uwr/microROS_AUV/install/actionlib_msgs/lib/libactionlib_msgs__rosidl_typesupport_microxrcedds_cpp.so
[27.186s] -- Set runtime path of "/home/uwr/microROS_AUV/install/actionlib_msgs/lib/libactionlib_msgs__rosidl_typesupport_microxrcedds_cpp.so" to ""
[27.186s] -- Up-to-date: /home/uwr/microROS_AUV/install/actionlib_msgs/include/actionlib_msgs/actionlib_msgs
[27.186s] -- Up-to-date: /home/uwr/microROS_AUV/install/actionlib_msgs/include/actionlib_msgs/actionlib_msgs/msg
[27.186s] -- Up-to-date: /home/uwr/microROS_AUV/install/actionlib_msgs/include/actionlib_msgs/actionlib_msgs/msg/detail
[27.187s] -- Installing: /home/uwr/microROS_AUV/install/actionlib_msgs/include/actionlib_msgs/actionlib_msgs/msg/detail/goal_id__rosidl_typesupport_introspection_cpp.hpp
[27.187s] -- Installing: /home/uwr/microROS_AUV/install/actionlib_msgs/include/actionlib_msgs/actionlib_msgs/msg/detail/goal_status_array__type_support.cpp
[27.187s] -- Installing: /home/uwr/microROS_AUV/install/actionlib_msgs/include/actionlib_msgs/actionlib_msgs/msg/detail/goal_status_array__rosidl_typesupport_introspection_cpp.hpp
[27.187s] -- Installing: /home/uwr/microROS_AUV/install/actionlib_msgs/include/actionlib_msgs/actionlib_msgs/msg/detail/goal_status__type_support.cpp
[27.187s] -- Installing: /home/uwr/microROS_AUV/install/actionlib_msgs/include/actionlib_msgs/actionlib_msgs/msg/detail/goal_status__rosidl_typesupport_introspection_cpp.hpp
[27.188s] -- Installing: /home/uwr/microROS_AUV/install/actionlib_msgs/include/actionlib_msgs/actionlib_msgs/msg/detail/goal_id__type_support.cpp
[27.188s] -- Installing: /home/uwr/microROS_AUV/install/actionlib_msgs/lib/libactionlib_msgs__rosidl_typesupport_introspection_cpp.so
[27.188s] -- Set runtime path of "/home/uwr/microROS_AUV/install/actionlib_msgs/lib/libactionlib_msgs__rosidl_typesupport_introspection_cpp.so" to ""
[27.188s] -- Installing: /home/uwr/microROS_AUV/install/actionlib_msgs/lib/libactionlib_msgs__rosidl_typesupport_cpp.so
[27.189s] -- Set runtime path of "/home/uwr/microROS_AUV/install/actionlib_msgs/lib/libactionlib_msgs__rosidl_typesupport_cpp.so" to ""
[27.189s] -- Installing: /home/uwr/microROS_AUV/install/actionlib_msgs/share/actionlib_msgs/environment/pythonpath.sh
[27.189s] -- Installing: /home/uwr/microROS_AUV/install/actionlib_msgs/share/actionlib_msgs/environment/pythonpath.dsv
[27.189s] -- Installing: /home/uwr/microROS_AUV/install/actionlib_msgs/local/lib/python3.10/dist-packages/actionlib_msgs-4.9.0-py3.10.egg-info
[27.189s] -- Installing: /home/uwr/microROS_AUV/install/actionlib_msgs/local/lib/python3.10/dist-packages/actionlib_msgs-4.9.0-py3.10.egg-info/top_level.txt
[27.189s] -- Installing: /home/uwr/microROS_AUV/install/actionlib_msgs/local/lib/python3.10/dist-packages/actionlib_msgs-4.9.0-py3.10.egg-info/dependency_links.txt
[27.190s] -- Installing: /home/uwr/microROS_AUV/install/actionlib_msgs/local/lib/python3.10/dist-packages/actionlib_msgs-4.9.0-py3.10.egg-info/PKG-INFO
[27.190s] -- Installing: /home/uwr/microROS_AUV/install/actionlib_msgs/local/lib/python3.10/dist-packages/actionlib_msgs-4.9.0-py3.10.egg-info/SOURCES.txt
[27.190s] -- Installing: /home/uwr/microROS_AUV/install/actionlib_msgs/local/lib/python3.10/dist-packages/actionlib_msgs
[27.190s] -- Installing: /home/uwr/microROS_AUV/install/actionlib_msgs/local/lib/python3.10/dist-packages/actionlib_msgs/actionlib_msgs_s__rosidl_typesupport_c.cpython-310-x86_64-linux-gnu.so
[27.191s] -- Installing: /home/uwr/microROS_AUV/install/actionlib_msgs/local/lib/python3.10/dist-packages/actionlib_msgs/_actionlib_msgs_s.ep.rosidl_typesupport_fastrtps_c.c
[27.191s] -- Installing: /home/uwr/microROS_AUV/install/actionlib_msgs/local/lib/python3.10/dist-packages/actionlib_msgs/libactionlib_msgs__rosidl_generator_py.so
[27.191s] -- Installing: /home/uwr/microROS_AUV/install/actionlib_msgs/local/lib/python3.10/dist-packages/actionlib_msgs/_actionlib_msgs_s.ep.rosidl_typesupport_introspection_c.c
[27.191s] -- Installing: /home/uwr/microROS_AUV/install/actionlib_msgs/local/lib/python3.10/dist-packages/actionlib_msgs/msg
[27.191s] -- Installing: /home/uwr/microROS_AUV/install/actionlib_msgs/local/lib/python3.10/dist-packages/actionlib_msgs/msg/_goal_id.py
[27.192s] -- Installing: /home/uwr/microROS_AUV/install/actionlib_msgs/local/lib/python3.10/dist-packages/actionlib_msgs/msg/_goal_status_array_s.c
[27.192s] -- Installing: /home/uwr/microROS_AUV/install/actionlib_msgs/local/lib/python3.10/dist-packages/actionlib_msgs/msg/_goal_status_array.py
[27.192s] -- Installing: /home/uwr/microROS_AUV/install/actionlib_msgs/local/lib/python3.10/dist-packages/actionlib_msgs/msg/_goal_status.py
[27.192s] -- Installing: /home/uwr/microROS_AUV/install/actionlib_msgs/local/lib/python3.10/dist-packages/actionlib_msgs/msg/_goal_id_s.c
[27.193s] -- Installing: /home/uwr/microROS_AUV/install/actionlib_msgs/local/lib/python3.10/dist-packages/actionlib_msgs/msg/__init__.py
[27.193s] -- Installing: /home/uwr/microROS_AUV/install/actionlib_msgs/local/lib/python3.10/dist-packages/actionlib_msgs/msg/_goal_status_s.c
[27.193s] -- Installing: /home/uwr/microROS_AUV/install/actionlib_msgs/local/lib/python3.10/dist-packages/actionlib_msgs/_actionlib_msgs_s.ep.rosidl_typesupport_microxrcedds_c.c
[27.193s] -- Installing: /home/uwr/microROS_AUV/install/actionlib_msgs/local/lib/python3.10/dist-packages/actionlib_msgs/_actionlib_msgs_s.ep.rosidl_typesupport_c.c
[27.193s] -- Installing: /home/uwr/microROS_AUV/install/actionlib_msgs/local/lib/python3.10/dist-packages/actionlib_msgs/actionlib_msgs_s__rosidl_typesupport_fastrtps_c.cpython-310-x86_64-linux-gnu.so
[27.193s] -- Installing: /home/uwr/microROS_AUV/install/actionlib_msgs/local/lib/python3.10/dist-packages/actionlib_msgs/__init__.py
[27.194s] -- Installing: /home/uwr/microROS_AUV/install/actionlib_msgs/local/lib/python3.10/dist-packages/actionlib_msgs/actionlib_msgs_s__rosidl_typesupport_microxrcedds_c.cpython-310-x86_64-linux-gnu.so
[27.194s] -- Installing: /home/uwr/microROS_AUV/install/actionlib_msgs/local/lib/python3.10/dist-packages/actionlib_msgs/actionlib_msgs_s__rosidl_typesupport_introspection_c.cpython-310-x86_64-linux-gnu.so
[27.275s] Listing '/home/uwr/microROS_AUV/install/actionlib_msgs/local/lib/python3.10/dist-packages/actionlib_msgs'...
[27.275s] Compiling '/home/uwr/microROS_AUV/install/actionlib_msgs/local/lib/python3.10/dist-packages/actionlib_msgs/__init__.py'...
[27.275s] Listing '/home/uwr/microROS_AUV/install/actionlib_msgs/local/lib/python3.10/dist-packages/actionlib_msgs/msg'...
[27.275s] Compiling '/home/uwr/microROS_AUV/install/actionlib_msgs/local/lib/python3.10/dist-packages/actionlib_msgs/msg/__init__.py'...
[27.276s] Compiling '/home/uwr/microROS_AUV/install/actionlib_msgs/local/lib/python3.10/dist-packages/actionlib_msgs/msg/_goal_id.py'...
[27.276s] Compiling '/home/uwr/microROS_AUV/install/actionlib_msgs/local/lib/python3.10/dist-packages/actionlib_msgs/msg/_goal_status.py'...
[27.276s] Compiling '/home/uwr/microROS_AUV/install/actionlib_msgs/local/lib/python3.10/dist-packages/actionlib_msgs/msg/_goal_status_array.py'...
[27.284s] -- Installing: /home/uwr/microROS_AUV/install/actionlib_msgs/local/lib/python3.10/dist-packages/actionlib_msgs/actionlib_msgs_s__rosidl_typesupport_microxrcedds_c.cpython-310-x86_64-linux-gnu.so
[27.285s] -- Set runtime path of "/home/uwr/microROS_AUV/install/actionlib_msgs/local/lib/python3.10/dist-packages/actionlib_msgs/actionlib_msgs_s__rosidl_typesupport_microxrcedds_c.cpython-310-x86_64-linux-gnu.so" to ""
[27.285s] -- Installing: /home/uwr/microROS_AUV/install/actionlib_msgs/local/lib/python3.10/dist-packages/actionlib_msgs/actionlib_msgs_s__rosidl_typesupport_fastrtps_c.cpython-310-x86_64-linux-gnu.so
[27.286s] -- Set runtime path of "/home/uwr/microROS_AUV/install/actionlib_msgs/local/lib/python3.10/dist-packages/actionlib_msgs/actionlib_msgs_s__rosidl_typesupport_fastrtps_c.cpython-310-x86_64-linux-gnu.so" to ""
[27.286s] -- Installing: /home/uwr/microROS_AUV/install/actionlib_msgs/local/lib/python3.10/dist-packages/actionlib_msgs/actionlib_msgs_s__rosidl_typesupport_introspection_c.cpython-310-x86_64-linux-gnu.so
[27.287s] -- Set runtime path of "/home/uwr/microROS_AUV/install/actionlib_msgs/local/lib/python3.10/dist-packages/actionlib_msgs/actionlib_msgs_s__rosidl_typesupport_introspection_c.cpython-310-x86_64-linux-gnu.so" to ""
[27.287s] -- Installing: /home/uwr/microROS_AUV/install/actionlib_msgs/local/lib/python3.10/dist-packages/actionlib_msgs/actionlib_msgs_s__rosidl_typesupport_c.cpython-310-x86_64-linux-gnu.so
[27.288s] -- Set runtime path of "/home/uwr/microROS_AUV/install/actionlib_msgs/local/lib/python3.10/dist-packages/actionlib_msgs/actionlib_msgs_s__rosidl_typesupport_c.cpython-310-x86_64-linux-gnu.so" to ""
[27.288s] -- Installing: /home/uwr/microROS_AUV/install/actionlib_msgs/lib/libactionlib_msgs__rosidl_generator_py.so
[27.289s] -- Set runtime path of "/home/uwr/microROS_AUV/install/actionlib_msgs/lib/libactionlib_msgs__rosidl_generator_py.so" to ""
[27.289s] -- Installing: /home/uwr/microROS_AUV/install/actionlib_msgs/share/actionlib_msgs/msg/GoalID.idl
[27.289s] -- Installing: /home/uwr/microROS_AUV/install/actionlib_msgs/share/actionlib_msgs/msg/GoalStatus.idl
[27.289s] -- Installing: /home/uwr/microROS_AUV/install/actionlib_msgs/share/actionlib_msgs/msg/GoalStatusArray.idl
[27.290s] -- Installing: /home/uwr/microROS_AUV/install/actionlib_msgs/share/actionlib_msgs/msg/GoalID.msg
[27.290s] -- Installing: /home/uwr/microROS_AUV/install/actionlib_msgs/share/actionlib_msgs/msg/GoalStatus.msg
[27.290s] -- Installing: /home/uwr/microROS_AUV/install/actionlib_msgs/share/actionlib_msgs/msg/GoalStatusArray.msg
[27.291s] -- Installing: /home/uwr/microROS_AUV/install/actionlib_msgs/share/ament_index/resource_index/package_run_dependencies/actionlib_msgs
[27.291s] -- Installing: /home/uwr/microROS_AUV/install/actionlib_msgs/share/ament_index/resource_index/parent_prefix_path/actionlib_msgs
[27.291s] -- Installing: /home/uwr/microROS_AUV/install/actionlib_msgs/share/actionlib_msgs/environment/ament_prefix_path.sh
[27.291s] -- Installing: /home/uwr/microROS_AUV/install/actionlib_msgs/share/actionlib_msgs/environment/ament_prefix_path.dsv
[27.292s] -- Installing: /home/uwr/microROS_AUV/install/actionlib_msgs/share/actionlib_msgs/environment/path.sh
[27.292s] -- Installing: /home/uwr/microROS_AUV/install/actionlib_msgs/share/actionlib_msgs/environment/path.dsv
[27.292s] -- Installing: /home/uwr/microROS_AUV/install/actionlib_msgs/share/actionlib_msgs/local_setup.bash
[27.292s] -- Installing: /home/uwr/microROS_AUV/install/actionlib_msgs/share/actionlib_msgs/local_setup.sh
[27.292s] -- Installing: /home/uwr/microROS_AUV/install/actionlib_msgs/share/actionlib_msgs/local_setup.zsh
[27.293s] -- Installing: /home/uwr/microROS_AUV/install/actionlib_msgs/share/actionlib_msgs/local_setup.dsv
[27.293s] -- Installing: /home/uwr/microROS_AUV/install/actionlib_msgs/share/actionlib_msgs/package.dsv
[27.293s] -- Installing: /home/uwr/microROS_AUV/install/actionlib_msgs/share/ament_index/resource_index/packages/actionlib_msgs
[27.293s] -- Installing: /home/uwr/microROS_AUV/install/actionlib_msgs/share/actionlib_msgs/cmake/export_actionlib_msgs__rosidl_generator_cExport.cmake
[27.294s] -- Installing: /home/uwr/microROS_AUV/install/actionlib_msgs/share/actionlib_msgs/cmake/export_actionlib_msgs__rosidl_generator_cExport-noconfig.cmake
[27.294s] -- Installing: /home/uwr/microROS_AUV/install/actionlib_msgs/share/actionlib_msgs/cmake/export_actionlib_msgs__rosidl_typesupport_fastrtps_cExport.cmake
[27.294s] -- Installing: /home/uwr/microROS_AUV/install/actionlib_msgs/share/actionlib_msgs/cmake/export_actionlib_msgs__rosidl_typesupport_fastrtps_cExport-noconfig.cmake
[27.294s] -- Installing: /home/uwr/microROS_AUV/install/actionlib_msgs/share/actionlib_msgs/cmake/export_actionlib_msgs__rosidl_generator_cppExport.cmake
[27.295s] -- Installing: /home/uwr/microROS_AUV/install/actionlib_msgs/share/actionlib_msgs/cmake/export_actionlib_msgs__rosidl_typesupport_fastrtps_cppExport.cmake
[27.295s] -- Installing: /home/uwr/microROS_AUV/install/actionlib_msgs/share/actionlib_msgs/cmake/export_actionlib_msgs__rosidl_typesupport_fastrtps_cppExport-noconfig.cmake
[27.295s] -- Installing: /home/uwr/microROS_AUV/install/actionlib_msgs/share/actionlib_msgs/cmake/actionlib_msgs__rosidl_typesupport_introspection_cExport.cmake
[27.295s] -- Installing: /home/uwr/microROS_AUV/install/actionlib_msgs/share/actionlib_msgs/cmake/actionlib_msgs__rosidl_typesupport_introspection_cExport-noconfig.cmake
[27.295s] -- Installing: /home/uwr/microROS_AUV/install/actionlib_msgs/share/actionlib_msgs/cmake/actionlib_msgs__rosidl_typesupport_cExport.cmake
[27.296s] -- Installing: /home/uwr/microROS_AUV/install/actionlib_msgs/share/actionlib_msgs/cmake/actionlib_msgs__rosidl_typesupport_cExport-noconfig.cmake
[27.296s] -- Installing: /home/uwr/microROS_AUV/install/actionlib_msgs/share/actionlib_msgs/cmake/actionlib_msgs__rosidl_typesupport_introspection_cppExport.cmake
[27.296s] -- Installing: /home/uwr/microROS_AUV/install/actionlib_msgs/share/actionlib_msgs/cmake/actionlib_msgs__rosidl_typesupport_introspection_cppExport-noconfig.cmake
[27.297s] -- Installing: /home/uwr/microROS_AUV/install/actionlib_msgs/share/actionlib_msgs/cmake/actionlib_msgs__rosidl_typesupport_cppExport.cmake
[27.297s] -- Installing: /home/uwr/microROS_AUV/install/actionlib_msgs/share/actionlib_msgs/cmake/actionlib_msgs__rosidl_typesupport_cppExport-noconfig.cmake
[27.297s] -- Installing: /home/uwr/microROS_AUV/install/actionlib_msgs/share/actionlib_msgs/cmake/export_actionlib_msgs__rosidl_generator_pyExport.cmake
[27.297s] -- Installing: /home/uwr/microROS_AUV/install/actionlib_msgs/share/actionlib_msgs/cmake/export_actionlib_msgs__rosidl_generator_pyExport-noconfig.cmake
[27.298s] -- Installing: /home/uwr/microROS_AUV/install/actionlib_msgs/share/actionlib_msgs/cmake/rosidl_cmake-extras.cmake
[27.298s] -- Installing: /home/uwr/microROS_AUV/install/actionlib_msgs/share/actionlib_msgs/cmake/ament_cmake_export_dependencies-extras.cmake
[27.298s] -- Installing: /home/uwr/microROS_AUV/install/actionlib_msgs/share/actionlib_msgs/cmake/ament_cmake_export_include_directories-extras.cmake
[27.298s] -- Installing: /home/uwr/microROS_AUV/install/actionlib_msgs/share/actionlib_msgs/cmake/ament_cmake_export_libraries-extras.cmake
[27.298s] -- Installing: /home/uwr/microROS_AUV/install/actionlib_msgs/share/actionlib_msgs/cmake/ament_cmake_export_targets-extras.cmake
[27.299s] -- Installing: /home/uwr/microROS_AUV/install/actionlib_msgs/share/actionlib_msgs/cmake/rosidl_cmake_export_typesupport_targets-extras.cmake
[27.299s] -- Installing: /home/uwr/microROS_AUV/install/actionlib_msgs/share/actionlib_msgs/cmake/rosidl_cmake_export_typesupport_libraries-extras.cmake
[27.299s] -- Installing: /home/uwr/microROS_AUV/install/actionlib_msgs/share/actionlib_msgs/cmake/actionlib_msgsConfig.cmake
[27.299s] -- Installing: /home/uwr/microROS_AUV/install/actionlib_msgs/share/actionlib_msgs/cmake/actionlib_msgsConfig-version.cmake
[27.299s] -- Installing: /home/uwr/microROS_AUV/install/actionlib_msgs/share/actionlib_msgs/package.xml
[27.304s] Invoked command in '/home/uwr/microROS_AUV/build/actionlib_msgs' returned '0': AMENT_PREFIX_PATH=/home/uwr/microROS_AUV/install/std_msgs:${AMENT_PREFIX_PATH} CMAKE_PREFIX_PATH=/home/uwr/microROS_AUV/install/std_msgs:/home/uwr/microROS_AUV/install/builtin_interfaces:/home/uwr/microROS_AUV/install/action_msgs:/home/uwr/microROS_AUV/install/unique_identifier_msgs:/home/uwr/microROS_AUV/install/std_srvs:/home/uwr/microROS_AUV/install/rosidl_typesupport_microxrcedds_test_msg:/home/uwr/microROS_AUV/install/rosidl_typesupport_microxrcedds_cpp_tests:/home/uwr/microROS_AUV/install/rmw_microxrcedds:/home/uwr/microROS_AUV/install/rosidl_typesupport_microxrcedds_cpp:/home/uwr/microROS_AUV/install/rosidl_typesupport_microxrcedds_c_tests:/home/uwr/microROS_AUV/install/rosidl_typesupport_microxrcedds_c:/home/uwr/microROS_AUV/install/rosgraph_msgs:/home/uwr/microROS_AUV/install/microxrcedds_client:/home/uwr/microROS_AUV/install/microcdr:/home/uwr/microROS_AUV/install/micro_ros_utilities:/home/uwr/microROS_AUV/install/micro_ros_msgs:/home/uwr/microROS_AUV/install/lifecycle_msgs:/home/uwr/microROS_AUV/install/complex_msgs:/home/uwr/microROS_AUV/install/micro_ros_setup:/home/uwr/microROS_AUV/install/custom_interfaces:/home/uwr/Desktop/2024_UWR/install/kalman_filter:/home/uwr/Desktop/2024_UWR/install/sonar_msgs:/home/uwr/Desktop/2024_UWR/install/ros2-driver:/home/uwr/Desktop/2024_UWR/install/oculus_interfaces:/home/uwr/Desktop/2024_UWR/install/ntrip:/home/uwr/Desktop/2024_UWR/install/adnav-driver:/home/uwr/fls_ws/install/oculus_interfaces:/home/uwr/microROS_AUV/install/statistics_msgs:/home/uwr/microROS_AUV/install/control_pkg:/home/uwr/Desktop/2024_UWR/install/sonar_subs:/opt/ros/humble LD_LIBRARY_PATH=/home/uwr/microROS_AUV/install/std_msgs/lib:/home/uwr/microROS_AUV/install/builtin_interfaces/lib:/home/uwr/microROS_AUV/install/action_msgs/lib:/home/uwr/microROS_AUV/install/unique_identifier_msgs/lib:/home/uwr/microROS_AUV/install/std_srvs/lib:/home/uwr/microROS_AUV/install/statistics_msgs/lib:/home/uwr/microROS_AUV/install/rmw_microxrcedds/lib:/home/uwr/microROS_AUV/install/rosidl_typesupport_microxrcedds_cpp/lib:/home/uwr/microROS_AUV/install/rosidl_typesupport_microxrcedds_c/lib:/home/uwr/microROS_AUV/install/rosgraph_msgs/lib:/home/uwr/microROS_AUV/install/microxrcedds_client/lib:/home/uwr/microROS_AUV/install/microcdr/lib:/home/uwr/microROS_AUV/install/micro_ros_utilities/lib:/home/uwr/microROS_AUV/install/micro_ros_msgs/lib:/home/uwr/microROS_AUV/install/lifecycle_msgs/lib:/home/uwr/microROS_AUV/install/complex_msgs/lib:/home/uwr/microROS_AUV/install/custom_interfaces/lib:/home/uwr/oculus_driver/install/lib:/home/uwr/Desktop/2024_UWR/install/sonar_msgs/lib:/home/uwr/Desktop/2024_UWR/install/oculus_interfaces/lib:/home/uwr/fls_ws/install/oculus_interfaces/lib:/opt/ros/humble/opt/rviz_ogre_vendor/lib:/opt/ros/humble/lib/x86_64-linux-gnu:/opt/ros/humble/lib PYTHONPATH=/home/uwr/microROS_AUV/install/std_msgs/local/lib/python3.10/dist-packages:${PYTHONPATH} /usr/bin/cmake --install /home/uwr/microROS_AUV/build/actionlib_msgs
