[0.053s] Invoking command in '/home/uwr/microROS_AUV/build/std_srvs': CMAKE_PREFIX_PATH=${CMAKE_PREFIX_PATH}:/home/uwr/microROS_AUV/install/control_pkg:/home/uwr/Desktop/2024_UWR/install/sonar_subs:/opt/ros/humble /usr/bin/cmake /home/uwr/microROS_AUV/src/ros2/common_interfaces/std_srvs -DBUILD_TESTING=OFF -DBUILD_SHARED_LIBS=ON -DCMAKE_INSTALL_PREFIX=/home/uwr/microROS_AUV/install/std_srvs
[0.205s] -- The C compiler identification is GNU 11.4.0
[0.366s] -- The CXX compiler identification is GNU 11.4.0
[0.387s] -- Detecting C compiler ABI info
[0.560s] -- Detecting C compiler ABI info - done
[0.591s] -- Check for working C compiler: /usr/bin/cc - skipped
[0.591s] -- Detecting C compile features
[0.592s] -- Detecting C compile features - done
[0.601s] -- Detecting CXX compiler ABI info
[0.804s] -- Detecting CXX compiler ABI info - done
[0.821s] -- Check for working CXX compiler: /usr/bin/c++ - skipped
[0.821s] -- Detecting CXX compile features
[0.822s] -- Detecting CXX compile features - done
[0.828s] -- Found ament_cmake: 1.3.10 (/opt/ros/humble/share/ament_cmake/cmake)
[1.265s] -- Found Python3: /usr/bin/python3 (found version "3.10.12") found components: Interpreter 
[1.556s] -- Found rosidl_default_generators: 1.2.0 (/opt/ros/humble/share/rosidl_default_generators/cmake)
[1.573s] -- Using all available rosidl_typesupport_c: rosidl_typesupport_microxrcedds_c;rosidl_typesupport_fastrtps_c;rosidl_typesupport_introspection_c
[1.602s] -- Found rosidl_adapter: 3.1.5 (/opt/ros/humble/share/rosidl_adapter/cmake)
[1.778s] -- Using all available rosidl_typesupport_cpp: rosidl_typesupport_microxrcedds_cpp;rosidl_typesupport_fastrtps_cpp;rosidl_typesupport_introspection_cpp
[2.630s] -- Found ament_cmake_ros: 0.10.0 (/opt/ros/humble/share/ament_cmake_ros/cmake)
[3.281s] -- Using all available rosidl_typesupport_c: rosidl_typesupport_microxrcedds_c;rosidl_typesupport_fastrtps_c;rosidl_typesupport_introspection_c
[4.640s] -- Using all available rosidl_typesupport_cpp: rosidl_typesupport_microxrcedds_cpp;rosidl_typesupport_fastrtps_cpp;rosidl_typesupport_introspection_cpp
[4.709s] -- Found PythonInterp: /usr/bin/python3 (found suitable version "3.10.12", minimum required is "3.6") 
[4.714s] -- Found python_cmake_module: 0.10.0 (/opt/ros/humble/share/python_cmake_module/cmake)
[4.801s] -- Found PythonLibs: /usr/lib/x86_64-linux-gnu/libpython3.10.so (found suitable version "3.10.12", minimum required is "3.5") 
[4.805s] -- Using PYTHON_EXECUTABLE: /usr/bin/python3
[4.805s] -- Using PYTHON_INCLUDE_DIRS: /usr/include/python3.10
[4.805s] -- Using PYTHON_LIBRARIES: /usr/lib/x86_64-linux-gnu/libpython3.10.so
[4.942s] -- Found PythonExtra: .so  
[5.090s] -- Configuring done
[5.209s] -- Generating done
[5.216s] -- Build files have been written to: /home/uwr/microROS_AUV/build/std_srvs
[5.318s] Invoked command in '/home/uwr/microROS_AUV/build/std_srvs' returned '0': CMAKE_PREFIX_PATH=${CMAKE_PREFIX_PATH}:/home/uwr/microROS_AUV/install/control_pkg:/home/uwr/Desktop/2024_UWR/install/sonar_subs:/opt/ros/humble /usr/bin/cmake /home/uwr/microROS_AUV/src/ros2/common_interfaces/std_srvs -DBUILD_TESTING=OFF -DBUILD_SHARED_LIBS=ON -DCMAKE_INSTALL_PREFIX=/home/uwr/microROS_AUV/install/std_srvs
[5.324s] Invoking command in '/home/uwr/microROS_AUV/build/std_srvs': CMAKE_PREFIX_PATH=${CMAKE_PREFIX_PATH}:/home/uwr/microROS_AUV/install/control_pkg:/home/uwr/Desktop/2024_UWR/install/sonar_subs:/opt/ros/humble /usr/bin/cmake --build /home/uwr/microROS_AUV/build/std_srvs -- -j8 -l8
[5.554s] [  1%] [34m[1mGenerating C code for ROS interfaces[0m
[5.609s] [  3%] [34m[1mGenerating C++ code for ROS interfaces[0m
[5.679s] [  3%] Built target ament_cmake_python_copy_std_srvs
[7.920s] running egg_info
[7.925s] creating std_srvs.egg-info
[7.926s] writing std_srvs.egg-info/PKG-INFO
[7.928s] writing dependency_links to std_srvs.egg-info/dependency_links.txt
[7.928s] writing top-level names to std_srvs.egg-info/top_level.txt
[7.934s] writing manifest file 'std_srvs.egg-info/SOURCES.txt'
[7.934s] reading manifest file 'std_srvs.egg-info/SOURCES.txt'
[7.935s] writing manifest file 'std_srvs.egg-info/SOURCES.txt'
[8.084s] [  3%] Built target ament_cmake_python_build_std_srvs_egg
[8.580s] [  3%] Built target std_srvs__cpp
[8.684s] [  5%] [34m[1mGenerating C++ introspection for ROS interfaces[0m
[8.685s] [  6%] [34m[1mGenerating C++ type support for eProsima Fast-RTPS[0m
[8.701s] [  8%] [34m[1mGenerating C++ type support dispatch for ROS interfaces[0m
[8.711s] [ 10%] [34m[1mGenerating C++ type support for eProsima Micro XRCE-DDS[0m
[13.054s] [ 11%] [32mBuilding C object CMakeFiles/std_srvs__rosidl_generator_c.dir/rosidl_generator_c/std_srvs/srv/detail/empty__functions.c.o[0m
[13.122s] [ 13%] [32mBuilding C object CMakeFiles/std_srvs__rosidl_generator_c.dir/rosidl_generator_c/std_srvs/srv/detail/trigger__functions.c.o[0m
[13.156s] [ 15%] [32mBuilding C object CMakeFiles/std_srvs__rosidl_generator_c.dir/rosidl_generator_c/std_srvs/srv/detail/set_bool__functions.c.o[0m
[14.071s] [ 16%] [32m[1mLinking C shared library libstd_srvs__rosidl_generator_c.so[0m
[14.453s] [ 16%] Built target std_srvs__rosidl_generator_c
[14.518s] [ 18%] [34m[1mGenerating C type support dispatch for ROS interfaces[0m
[14.522s] [ 20%] [32mBuilding CXX object CMakeFiles/std_srvs__rosidl_typesupport_cpp.dir/rosidl_typesupport_cpp/std_srvs/srv/empty__type_support.cpp.o[0m
[14.562s] [ 22%] [34m[1mGenerating C type support for eProsima Fast-RTPS[0m
[14.570s] [ 23%] [34m[1mGenerating C introspection for ROS interfaces[0m
[14.576s] [ 25%] [34m[1mGenerating C type support for eProsima Micro XRCE-DDS[0m
[16.051s] [ 27%] [32mBuilding CXX object CMakeFiles/std_srvs__rosidl_typesupport_introspection_cpp.dir/rosidl_typesupport_introspection_cpp/std_srvs/srv/detail/empty__type_support.cpp.o[0m
[16.833s] [ 28%] [32mBuilding CXX object CMakeFiles/std_srvs__rosidl_typesupport_cpp.dir/rosidl_typesupport_cpp/std_srvs/srv/set_bool__type_support.cpp.o[0m
[16.934s] [ 30%] [32mBuilding CXX object CMakeFiles/std_srvs__rosidl_typesupport_microxrcedds_cpp.dir/rosidl_typesupport_microxrcedds_cpp/std_srvs/srv/detail/microxrcedds/empty__type_support_cpp.cpp.o[0m
[17.380s] [ 32%] [32mBuilding CXX object CMakeFiles/std_srvs__rosidl_typesupport_fastrtps_cpp.dir/rosidl_typesupport_fastrtps_cpp/std_srvs/srv/detail/dds_fastrtps/empty__type_support.cpp.o[0m
[19.291s] [ 33%] [32mBuilding CXX object CMakeFiles/std_srvs__rosidl_typesupport_microxrcedds_cpp.dir/rosidl_typesupport_microxrcedds_cpp/std_srvs/srv/detail/microxrcedds/set_bool__type_support_cpp.cpp.o[0m
[19.793s] [ 35%] [32mBuilding CXX object CMakeFiles/std_srvs__rosidl_typesupport_introspection_cpp.dir/rosidl_typesupport_introspection_cpp/std_srvs/srv/detail/set_bool__type_support.cpp.o[0m
[19.921s] [ 37%] [32mBuilding CXX object CMakeFiles/std_srvs__rosidl_typesupport_cpp.dir/rosidl_typesupport_cpp/std_srvs/srv/trigger__type_support.cpp.o[0m
[20.182s] [ 38%] [32mBuilding CXX object CMakeFiles/std_srvs__rosidl_typesupport_c.dir/rosidl_typesupport_c/std_srvs/srv/empty__type_support.cpp.o[0m
[20.371s] [ 40%] [32mBuilding CXX object CMakeFiles/std_srvs__rosidl_typesupport_c.dir/rosidl_typesupport_c/std_srvs/srv/set_bool__type_support.cpp.o[0m
[20.555s] [ 42%] [32mBuilding CXX object CMakeFiles/std_srvs__rosidl_typesupport_c.dir/rosidl_typesupport_c/std_srvs/srv/trigger__type_support.cpp.o[0m
[20.780s] [ 44%] [32m[1mLinking CXX shared library libstd_srvs__rosidl_typesupport_c.so[0m
[20.881s] [ 45%] [32mBuilding CXX object CMakeFiles/std_srvs__rosidl_typesupport_fastrtps_c.dir/rosidl_typesupport_fastrtps_c/std_srvs/srv/detail/empty__type_support_c.cpp.o[0m
[20.882s] [ 47%] [32mBuilding C object CMakeFiles/std_srvs__rosidl_typesupport_introspection_c.dir/rosidl_typesupport_introspection_c/std_srvs/srv/detail/empty__type_support.c.o[0m
[20.988s] [ 49%] [32mBuilding C object CMakeFiles/std_srvs__rosidl_typesupport_microxrcedds_c.dir/rosidl_typesupport_microxrcedds_c/std_srvs/srv/detail/microxrcedds/empty__type_support_c.c.o[0m
[21.160s] [ 49%] Built target std_srvs__rosidl_typesupport_c
[21.181s] [ 50%] [32m[1mLinking CXX shared library libstd_srvs__rosidl_typesupport_cpp.so[0m
[21.226s] [ 52%] [32mBuilding C object CMakeFiles/std_srvs__rosidl_typesupport_microxrcedds_c.dir/rosidl_typesupport_microxrcedds_c/std_srvs/srv/detail/microxrcedds/trigger__type_support_c.c.o[0m
[21.231s] [ 54%] [32mBuilding C object CMakeFiles/std_srvs__rosidl_typesupport_microxrcedds_c.dir/rosidl_typesupport_microxrcedds_c/std_srvs/srv/detail/microxrcedds/set_bool__type_support_c.c.o[0m
[21.241s] [ 55%] [32mBuilding C object CMakeFiles/std_srvs__rosidl_typesupport_introspection_c.dir/rosidl_typesupport_introspection_c/std_srvs/srv/detail/set_bool__type_support.c.o[0m
[21.441s] [ 57%] [32mBuilding C object CMakeFiles/std_srvs__rosidl_typesupport_introspection_c.dir/rosidl_typesupport_introspection_c/std_srvs/srv/detail/trigger__type_support.c.o[0m
[21.450s] [ 59%] [32mBuilding CXX object CMakeFiles/std_srvs__rosidl_typesupport_microxrcedds_cpp.dir/rosidl_typesupport_microxrcedds_cpp/std_srvs/srv/detail/microxrcedds/trigger__type_support_cpp.cpp.o[0m
[21.530s] [ 59%] Built target std_srvs__rosidl_typesupport_cpp
[21.530s] [ 61%] [32m[1mLinking C shared library libstd_srvs__rosidl_typesupport_microxrcedds_c.so[0m
[21.581s] [ 62%] [32mBuilding CXX object CMakeFiles/std_srvs__rosidl_typesupport_fastrtps_cpp.dir/rosidl_typesupport_fastrtps_cpp/std_srvs/srv/detail/dds_fastrtps/set_bool__type_support.cpp.o[0m
[21.640s] [ 64%] [32m[1mLinking C shared library libstd_srvs__rosidl_typesupport_introspection_c.so[0m
[21.710s] [ 64%] Built target std_srvs__rosidl_typesupport_microxrcedds_c
[21.764s] [ 66%] [32mBuilding CXX object CMakeFiles/std_srvs__rosidl_typesupport_introspection_cpp.dir/rosidl_typesupport_introspection_cpp/std_srvs/srv/detail/trigger__type_support.cpp.o[0m
[21.840s] [ 66%] Built target std_srvs__rosidl_typesupport_introspection_c
[21.891s] [ 67%] [32mBuilding CXX object CMakeFiles/std_srvs__rosidl_typesupport_fastrtps_c.dir/rosidl_typesupport_fastrtps_c/std_srvs/srv/detail/set_bool__type_support_c.cpp.o[0m
[21.950s] [ 69%] [32mBuilding CXX object CMakeFiles/std_srvs__rosidl_typesupport_fastrtps_cpp.dir/rosidl_typesupport_fastrtps_cpp/std_srvs/srv/detail/dds_fastrtps/trigger__type_support.cpp.o[0m
[22.364s] [ 71%] [32mBuilding CXX object CMakeFiles/std_srvs__rosidl_typesupport_fastrtps_c.dir/rosidl_typesupport_fastrtps_c/std_srvs/srv/detail/trigger__type_support_c.cpp.o[0m
[22.470s] [ 72%] [32m[1mLinking CXX shared library libstd_srvs__rosidl_typesupport_microxrcedds_cpp.so[0m
[22.845s] [ 72%] Built target std_srvs__rosidl_typesupport_microxrcedds_cpp
[24.199s] [ 74%] [32m[1mLinking CXX shared library libstd_srvs__rosidl_typesupport_fastrtps_c.so[0m
[24.369s] [ 76%] [32m[1mLinking CXX shared library libstd_srvs__rosidl_typesupport_introspection_cpp.so[0m
[24.419s] [ 77%] [32m[1mLinking CXX shared library libstd_srvs__rosidl_typesupport_fastrtps_cpp.so[0m
[24.434s] [ 77%] Built target std_srvs__rosidl_typesupport_fastrtps_c
[24.545s] [ 77%] Built target std_srvs__rosidl_typesupport_introspection_cpp
[24.591s] [ 77%] Built target std_srvs__rosidl_typesupport_fastrtps_cpp
[24.624s] [ 77%] Built target std_srvs
[24.664s] [ 79%] [34m[1mGenerating Python code for ROS interfaces[0m
[26.970s] [ 79%] Built target std_srvs__py
[27.028s] [ 81%] [32mBuilding C object CMakeFiles/std_srvs__rosidl_generator_py.dir/rosidl_generator_py/std_srvs/srv/_empty_s.c.o[0m
[27.348s] [ 83%] [32mBuilding C object CMakeFiles/std_srvs__rosidl_generator_py.dir/rosidl_generator_py/std_srvs/srv/_trigger_s.c.o[0m
[27.678s] [ 84%] [32mBuilding C object CMakeFiles/std_srvs__rosidl_generator_py.dir/rosidl_generator_py/std_srvs/srv/_set_bool_s.c.o[0m
[28.035s] [ 86%] [32m[1mLinking C shared library rosidl_generator_py/std_srvs/libstd_srvs__rosidl_generator_py.so[0m
[28.193s] [ 86%] Built target std_srvs__rosidl_generator_py
[28.256s] [ 88%] [32mBuilding C object CMakeFiles/std_srvs__rosidl_typesupport_microxrcedds_c__pyext.dir/rosidl_generator_py/std_srvs/_std_srvs_s.ep.rosidl_typesupport_microxrcedds_c.c.o[0m
[28.589s] [ 89%] [32m[1mLinking C shared library rosidl_generator_py/std_srvs/std_srvs_s__rosidl_typesupport_microxrcedds_c.cpython-310-x86_64-linux-gnu.so[0m
[28.671s] [ 89%] Built target std_srvs__rosidl_typesupport_microxrcedds_c__pyext
[28.720s] [ 91%] [32mBuilding C object CMakeFiles/std_srvs__rosidl_typesupport_c__pyext.dir/rosidl_generator_py/std_srvs/_std_srvs_s.ep.rosidl_typesupport_c.c.o[0m
[29.049s] [ 93%] [32m[1mLinking C shared library rosidl_generator_py/std_srvs/std_srvs_s__rosidl_typesupport_c.cpython-310-x86_64-linux-gnu.so[0m
[29.139s] [ 93%] Built target std_srvs__rosidl_typesupport_c__pyext
[29.213s] [ 94%] [32mBuilding C object CMakeFiles/std_srvs__rosidl_typesupport_introspection_c__pyext.dir/rosidl_generator_py/std_srvs/_std_srvs_s.ep.rosidl_typesupport_introspection_c.c.o[0m
[29.567s] [ 96%] [32m[1mLinking C shared library rosidl_generator_py/std_srvs/std_srvs_s__rosidl_typesupport_introspection_c.cpython-310-x86_64-linux-gnu.so[0m
[29.656s] [ 96%] Built target std_srvs__rosidl_typesupport_introspection_c__pyext
[29.710s] [ 98%] [32mBuilding C object CMakeFiles/std_srvs__rosidl_typesupport_fastrtps_c__pyext.dir/rosidl_generator_py/std_srvs/_std_srvs_s.ep.rosidl_typesupport_fastrtps_c.c.o[0m
[30.005s] [100%] [32m[1mLinking C shared library rosidl_generator_py/std_srvs/std_srvs_s__rosidl_typesupport_fastrtps_c.cpython-310-x86_64-linux-gnu.so[0m
[30.081s] [100%] Built target std_srvs__rosidl_typesupport_fastrtps_c__pyext
[30.117s] Invoked command in '/home/uwr/microROS_AUV/build/std_srvs' returned '0': CMAKE_PREFIX_PATH=${CMAKE_PREFIX_PATH}:/home/uwr/microROS_AUV/install/control_pkg:/home/uwr/Desktop/2024_UWR/install/sonar_subs:/opt/ros/humble /usr/bin/cmake --build /home/uwr/microROS_AUV/build/std_srvs -- -j8 -l8
[30.446s] Invoking command in '/home/uwr/microROS_AUV/build/std_srvs': CMAKE_PREFIX_PATH=${CMAKE_PREFIX_PATH}:/home/uwr/microROS_AUV/install/control_pkg:/home/uwr/Desktop/2024_UWR/install/sonar_subs:/opt/ros/humble /usr/bin/cmake --install /home/uwr/microROS_AUV/build/std_srvs
[31.772s] -- Install configuration: ""
[31.772s] -- Installing: /home/uwr/microROS_AUV/install/std_srvs/share/ament_index/resource_index/rosidl_interfaces/std_srvs
[31.773s] -- Installing: /home/uwr/microROS_AUV/install/std_srvs/include/std_srvs/std_srvs
[31.773s] -- Installing: /home/uwr/microROS_AUV/install/std_srvs/include/std_srvs/std_srvs/msg
[31.774s] -- Installing: /home/uwr/microROS_AUV/install/std_srvs/include/std_srvs/std_srvs/msg/rosidl_generator_c__visibility_control.h
[31.774s] -- Installing: /home/uwr/microROS_AUV/install/std_srvs/include/std_srvs/std_srvs/srv
[31.774s] -- Installing: /home/uwr/microROS_AUV/install/std_srvs/include/std_srvs/std_srvs/srv/empty.h
[31.774s] -- Installing: /home/uwr/microROS_AUV/install/std_srvs/include/std_srvs/std_srvs/srv/detail
[31.774s] -- Installing: /home/uwr/microROS_AUV/install/std_srvs/include/std_srvs/std_srvs/srv/detail/empty__struct.h
[31.775s] -- Installing: /home/uwr/microROS_AUV/install/std_srvs/include/std_srvs/std_srvs/srv/detail/set_bool__type_support.h
[31.775s] -- Installing: /home/uwr/microROS_AUV/install/std_srvs/include/std_srvs/std_srvs/srv/detail/empty__functions.h
[31.775s] -- Installing: /home/uwr/microROS_AUV/install/std_srvs/include/std_srvs/std_srvs/srv/detail/trigger__functions.h
[31.775s] -- Installing: /home/uwr/microROS_AUV/install/std_srvs/include/std_srvs/std_srvs/srv/detail/set_bool__functions.h
[31.775s] -- Installing: /home/uwr/microROS_AUV/install/std_srvs/include/std_srvs/std_srvs/srv/detail/trigger__struct.h
[31.776s] -- Installing: /home/uwr/microROS_AUV/install/std_srvs/include/std_srvs/std_srvs/srv/detail/set_bool__struct.h
[31.776s] -- Installing: /home/uwr/microROS_AUV/install/std_srvs/include/std_srvs/std_srvs/srv/detail/set_bool__functions.c
[31.776s] -- Installing: /home/uwr/microROS_AUV/install/std_srvs/include/std_srvs/std_srvs/srv/detail/trigger__functions.c
[31.776s] -- Installing: /home/uwr/microROS_AUV/install/std_srvs/include/std_srvs/std_srvs/srv/detail/empty__functions.c
[31.776s] -- Installing: /home/uwr/microROS_AUV/install/std_srvs/include/std_srvs/std_srvs/srv/detail/empty__type_support.h
[31.778s] -- Installing: /home/uwr/microROS_AUV/install/std_srvs/include/std_srvs/std_srvs/srv/detail/trigger__type_support.h
[31.778s] -- Installing: /home/uwr/microROS_AUV/install/std_srvs/include/std_srvs/std_srvs/srv/trigger.h
[31.778s] -- Installing: /home/uwr/microROS_AUV/install/std_srvs/include/std_srvs/std_srvs/srv/set_bool.h
[31.778s] -- Installing: /home/uwr/microROS_AUV/install/std_srvs/share/std_srvs/environment/library_path.sh
[31.778s] -- Installing: /home/uwr/microROS_AUV/install/std_srvs/share/std_srvs/environment/library_path.dsv
[31.779s] -- Installing: /home/uwr/microROS_AUV/install/std_srvs/lib/libstd_srvs__rosidl_generator_c.so
[31.779s] -- Set runtime path of "/home/uwr/microROS_AUV/install/std_srvs/lib/libstd_srvs__rosidl_generator_c.so" to ""
[31.779s] -- Up-to-date: /home/uwr/microROS_AUV/install/std_srvs/include/std_srvs
[31.779s] -- Installing: /home/uwr/microROS_AUV/install/std_srvs/include/std_srvs/msg
[31.780s] -- Installing: /home/uwr/microROS_AUV/install/std_srvs/include/std_srvs/msg/rosidl_typesupport_microxrcedds_c__visibility_control.h
[31.780s] -- Installing: /home/uwr/microROS_AUV/install/std_srvs/include/std_srvs/srv
[31.780s] -- Installing: /home/uwr/microROS_AUV/install/std_srvs/include/std_srvs/srv/detail
[31.783s] -- Installing: /home/uwr/microROS_AUV/install/std_srvs/include/std_srvs/srv/detail/set_bool__rosidl_typesupport_microxrcedds_c.h
[31.783s] -- Installing: /home/uwr/microROS_AUV/install/std_srvs/include/std_srvs/srv/detail/empty__rosidl_typesupport_microxrcedds_c.h
[31.783s] -- Installing: /home/uwr/microROS_AUV/install/std_srvs/include/std_srvs/srv/detail/trigger__rosidl_typesupport_microxrcedds_c.h
[31.783s] -- Installing: /home/uwr/microROS_AUV/install/std_srvs/include/std_srvs/srv/detail/microxrcedds
[31.784s] -- Installing: /home/uwr/microROS_AUV/install/std_srvs/lib/libstd_srvs__rosidl_typesupport_microxrcedds_c.so
[31.784s] -- Set runtime path of "/home/uwr/microROS_AUV/install/std_srvs/lib/libstd_srvs__rosidl_typesupport_microxrcedds_c.so" to ""
[31.784s] -- Up-to-date: /home/uwr/microROS_AUV/install/std_srvs/include/std_srvs/std_srvs
[31.784s] -- Up-to-date: /home/uwr/microROS_AUV/install/std_srvs/include/std_srvs/std_srvs/msg
[31.784s] -- Installing: /home/uwr/microROS_AUV/install/std_srvs/include/std_srvs/std_srvs/msg/rosidl_typesupport_fastrtps_c__visibility_control.h
[31.784s] -- Up-to-date: /home/uwr/microROS_AUV/install/std_srvs/include/std_srvs/std_srvs/srv
[31.785s] -- Up-to-date: /home/uwr/microROS_AUV/install/std_srvs/include/std_srvs/std_srvs/srv/detail
[31.785s] -- Installing: /home/uwr/microROS_AUV/install/std_srvs/include/std_srvs/std_srvs/srv/detail/set_bool__rosidl_typesupport_fastrtps_c.h
[31.785s] -- Installing: /home/uwr/microROS_AUV/install/std_srvs/include/std_srvs/std_srvs/srv/detail/trigger__rosidl_typesupport_fastrtps_c.h
[31.785s] -- Installing: /home/uwr/microROS_AUV/install/std_srvs/include/std_srvs/std_srvs/srv/detail/empty__rosidl_typesupport_fastrtps_c.h
[31.785s] -- Installing: /home/uwr/microROS_AUV/install/std_srvs/lib/libstd_srvs__rosidl_typesupport_fastrtps_c.so
[31.786s] -- Set runtime path of "/home/uwr/microROS_AUV/install/std_srvs/lib/libstd_srvs__rosidl_typesupport_fastrtps_c.so" to ""
[31.786s] -- Up-to-date: /home/uwr/microROS_AUV/install/std_srvs/include/std_srvs/std_srvs
[31.786s] -- Up-to-date: /home/uwr/microROS_AUV/install/std_srvs/include/std_srvs/std_srvs/msg
[31.788s] -- Installing: /home/uwr/microROS_AUV/install/std_srvs/include/std_srvs/std_srvs/msg/rosidl_typesupport_introspection_c__visibility_control.h
[31.788s] -- Up-to-date: /home/uwr/microROS_AUV/install/std_srvs/include/std_srvs/std_srvs/srv
[31.788s] -- Up-to-date: /home/uwr/microROS_AUV/install/std_srvs/include/std_srvs/std_srvs/srv/detail
[31.788s] -- Installing: /home/uwr/microROS_AUV/install/std_srvs/include/std_srvs/std_srvs/srv/detail/empty__rosidl_typesupport_introspection_c.h
[31.789s] -- Installing: /home/uwr/microROS_AUV/install/std_srvs/include/std_srvs/std_srvs/srv/detail/trigger__type_support.c
[31.789s] -- Installing: /home/uwr/microROS_AUV/install/std_srvs/include/std_srvs/std_srvs/srv/detail/empty__type_support.c
[31.789s] -- Installing: /home/uwr/microROS_AUV/install/std_srvs/include/std_srvs/std_srvs/srv/detail/set_bool__rosidl_typesupport_introspection_c.h
[31.789s] -- Installing: /home/uwr/microROS_AUV/install/std_srvs/include/std_srvs/std_srvs/srv/detail/set_bool__type_support.c
[31.789s] -- Installing: /home/uwr/microROS_AUV/install/std_srvs/include/std_srvs/std_srvs/srv/detail/trigger__rosidl_typesupport_introspection_c.h
[31.790s] -- Installing: /home/uwr/microROS_AUV/install/std_srvs/lib/libstd_srvs__rosidl_typesupport_introspection_c.so
[31.790s] -- Set runtime path of "/home/uwr/microROS_AUV/install/std_srvs/lib/libstd_srvs__rosidl_typesupport_introspection_c.so" to ""
[31.790s] -- Installing: /home/uwr/microROS_AUV/install/std_srvs/lib/libstd_srvs__rosidl_typesupport_c.so
[31.790s] -- Set runtime path of "/home/uwr/microROS_AUV/install/std_srvs/lib/libstd_srvs__rosidl_typesupport_c.so" to ""
[31.790s] -- Up-to-date: /home/uwr/microROS_AUV/install/std_srvs/include/std_srvs/std_srvs
[31.790s] -- Up-to-date: /home/uwr/microROS_AUV/install/std_srvs/include/std_srvs/std_srvs/srv
[31.791s] -- Installing: /home/uwr/microROS_AUV/install/std_srvs/include/std_srvs/std_srvs/srv/set_bool.hpp
[31.791s] -- Up-to-date: /home/uwr/microROS_AUV/install/std_srvs/include/std_srvs/std_srvs/srv/detail
[31.795s] -- Installing: /home/uwr/microROS_AUV/install/std_srvs/include/std_srvs/std_srvs/srv/detail/trigger__builder.hpp
[31.795s] -- Installing: /home/uwr/microROS_AUV/install/std_srvs/include/std_srvs/std_srvs/srv/detail/set_bool__builder.hpp
[31.796s] -- Installing: /home/uwr/microROS_AUV/install/std_srvs/include/std_srvs/std_srvs/srv/detail/trigger__traits.hpp
[31.796s] -- Installing: /home/uwr/microROS_AUV/install/std_srvs/include/std_srvs/std_srvs/srv/detail/set_bool__struct.hpp
[31.796s] -- Installing: /home/uwr/microROS_AUV/install/std_srvs/include/std_srvs/std_srvs/srv/detail/trigger__struct.hpp
[31.796s] -- Installing: /home/uwr/microROS_AUV/install/std_srvs/include/std_srvs/std_srvs/srv/detail/empty__builder.hpp
[31.796s] -- Installing: /home/uwr/microROS_AUV/install/std_srvs/include/std_srvs/std_srvs/srv/detail/empty__traits.hpp
[31.796s] -- Installing: /home/uwr/microROS_AUV/install/std_srvs/include/std_srvs/std_srvs/srv/detail/empty__struct.hpp
[31.797s] -- Installing: /home/uwr/microROS_AUV/install/std_srvs/include/std_srvs/std_srvs/srv/detail/set_bool__traits.hpp
[31.797s] -- Installing: /home/uwr/microROS_AUV/install/std_srvs/include/std_srvs/std_srvs/srv/empty.hpp
[31.797s] -- Installing: /home/uwr/microROS_AUV/install/std_srvs/include/std_srvs/std_srvs/srv/trigger.hpp
[31.797s] -- Up-to-date: /home/uwr/microROS_AUV/install/std_srvs/include/std_srvs
[31.797s] -- Up-to-date: /home/uwr/microROS_AUV/install/std_srvs/include/std_srvs/msg
[31.798s] -- Installing: /home/uwr/microROS_AUV/install/std_srvs/include/std_srvs/msg/rosidl_typesupport_microxrcedds_cpp__visibility_control.h
[31.798s] -- Up-to-date: /home/uwr/microROS_AUV/install/std_srvs/include/std_srvs/srv
[31.798s] -- Up-to-date: /home/uwr/microROS_AUV/install/std_srvs/include/std_srvs/srv/detail
[31.798s] -- Installing: /home/uwr/microROS_AUV/install/std_srvs/include/std_srvs/srv/detail/trigger__rosidl_typesupport_microxrcedds_cpp.hpp
[31.798s] -- Installing: /home/uwr/microROS_AUV/install/std_srvs/include/std_srvs/srv/detail/set_bool__rosidl_typesupport_microxrcedds_cpp.hpp
[31.798s] -- Installing: /home/uwr/microROS_AUV/install/std_srvs/include/std_srvs/srv/detail/empty__rosidl_typesupport_microxrcedds_cpp.hpp
[31.799s] -- Up-to-date: /home/uwr/microROS_AUV/install/std_srvs/include/std_srvs/srv/detail/microxrcedds
[31.799s] -- Installing: /home/uwr/microROS_AUV/install/std_srvs/include/std_srvs/srv/detail/microxrcedds/empty__type_support_cpp.cpp
[31.801s] -- Installing: /home/uwr/microROS_AUV/install/std_srvs/include/std_srvs/srv/detail/microxrcedds/trigger__type_support_cpp.cpp
[31.802s] -- Installing: /home/uwr/microROS_AUV/install/std_srvs/include/std_srvs/srv/detail/microxrcedds/set_bool__type_support_cpp.cpp
[31.803s] -- Installing: /home/uwr/microROS_AUV/install/std_srvs/lib/libstd_srvs__rosidl_typesupport_microxrcedds_cpp.so
[31.803s] -- Set runtime path of "/home/uwr/microROS_AUV/install/std_srvs/lib/libstd_srvs__rosidl_typesupport_microxrcedds_cpp.so" to ""
[31.803s] -- Up-to-date: /home/uwr/microROS_AUV/install/std_srvs/include/std_srvs/std_srvs
[31.803s] -- Up-to-date: /home/uwr/microROS_AUV/install/std_srvs/include/std_srvs/std_srvs/msg
[31.803s] -- Installing: /home/uwr/microROS_AUV/install/std_srvs/include/std_srvs/std_srvs/msg/rosidl_typesupport_fastrtps_cpp__visibility_control.h
[31.804s] -- Up-to-date: /home/uwr/microROS_AUV/install/std_srvs/include/std_srvs/std_srvs/srv
[31.804s] -- Up-to-date: /home/uwr/microROS_AUV/install/std_srvs/include/std_srvs/std_srvs/srv/detail
[31.804s] -- Installing: /home/uwr/microROS_AUV/install/std_srvs/include/std_srvs/std_srvs/srv/detail/trigger__rosidl_typesupport_fastrtps_cpp.hpp
[31.804s] -- Installing: /home/uwr/microROS_AUV/install/std_srvs/include/std_srvs/std_srvs/srv/detail/set_bool__rosidl_typesupport_fastrtps_cpp.hpp
[31.804s] -- Installing: /home/uwr/microROS_AUV/install/std_srvs/include/std_srvs/std_srvs/srv/detail/empty__rosidl_typesupport_fastrtps_cpp.hpp
[31.804s] -- Installing: /home/uwr/microROS_AUV/install/std_srvs/include/std_srvs/std_srvs/srv/detail/dds_fastrtps
[31.805s] -- Installing: /home/uwr/microROS_AUV/install/std_srvs/lib/libstd_srvs__rosidl_typesupport_fastrtps_cpp.so
[31.805s] -- Set runtime path of "/home/uwr/microROS_AUV/install/std_srvs/lib/libstd_srvs__rosidl_typesupport_fastrtps_cpp.so" to ""
[31.805s] -- Up-to-date: /home/uwr/microROS_AUV/install/std_srvs/include/std_srvs/std_srvs
[31.805s] -- Up-to-date: /home/uwr/microROS_AUV/install/std_srvs/include/std_srvs/std_srvs/srv
[31.805s] -- Up-to-date: /home/uwr/microROS_AUV/install/std_srvs/include/std_srvs/std_srvs/srv/detail
[31.806s] -- Installing: /home/uwr/microROS_AUV/install/std_srvs/include/std_srvs/std_srvs/srv/detail/trigger__rosidl_typesupport_introspection_cpp.hpp
[31.806s] -- Installing: /home/uwr/microROS_AUV/install/std_srvs/include/std_srvs/std_srvs/srv/detail/empty__rosidl_typesupport_introspection_cpp.hpp
[31.806s] -- Installing: /home/uwr/microROS_AUV/install/std_srvs/include/std_srvs/std_srvs/srv/detail/set_bool__rosidl_typesupport_introspection_cpp.hpp
[31.806s] -- Installing: /home/uwr/microROS_AUV/install/std_srvs/include/std_srvs/std_srvs/srv/detail/empty__type_support.cpp
[31.806s] -- Installing: /home/uwr/microROS_AUV/install/std_srvs/include/std_srvs/std_srvs/srv/detail/trigger__type_support.cpp
[31.807s] -- Installing: /home/uwr/microROS_AUV/install/std_srvs/include/std_srvs/std_srvs/srv/detail/set_bool__type_support.cpp
[31.807s] -- Installing: /home/uwr/microROS_AUV/install/std_srvs/lib/libstd_srvs__rosidl_typesupport_introspection_cpp.so
[31.807s] -- Set runtime path of "/home/uwr/microROS_AUV/install/std_srvs/lib/libstd_srvs__rosidl_typesupport_introspection_cpp.so" to ""
[31.807s] -- Installing: /home/uwr/microROS_AUV/install/std_srvs/lib/libstd_srvs__rosidl_typesupport_cpp.so
[31.811s] -- Set runtime path of "/home/uwr/microROS_AUV/install/std_srvs/lib/libstd_srvs__rosidl_typesupport_cpp.so" to ""
[31.811s] -- Installing: /home/uwr/microROS_AUV/install/std_srvs/share/std_srvs/environment/pythonpath.sh
[31.812s] -- Installing: /home/uwr/microROS_AUV/install/std_srvs/share/std_srvs/environment/pythonpath.dsv
[31.812s] -- Installing: /home/uwr/microROS_AUV/install/std_srvs/local/lib/python3.10/dist-packages/std_srvs-4.9.0-py3.10.egg-info
[31.812s] -- Installing: /home/uwr/microROS_AUV/install/std_srvs/local/lib/python3.10/dist-packages/std_srvs-4.9.0-py3.10.egg-info/top_level.txt
[31.812s] -- Installing: /home/uwr/microROS_AUV/install/std_srvs/local/lib/python3.10/dist-packages/std_srvs-4.9.0-py3.10.egg-info/dependency_links.txt
[31.815s] -- Installing: /home/uwr/microROS_AUV/install/std_srvs/local/lib/python3.10/dist-packages/std_srvs-4.9.0-py3.10.egg-info/PKG-INFO
[31.816s] -- Installing: /home/uwr/microROS_AUV/install/std_srvs/local/lib/python3.10/dist-packages/std_srvs-4.9.0-py3.10.egg-info/SOURCES.txt
[31.816s] -- Installing: /home/uwr/microROS_AUV/install/std_srvs/local/lib/python3.10/dist-packages/std_srvs
[31.816s] -- Installing: /home/uwr/microROS_AUV/install/std_srvs/local/lib/python3.10/dist-packages/std_srvs/_std_srvs_s.ep.rosidl_typesupport_c.c
[31.816s] -- Installing: /home/uwr/microROS_AUV/install/std_srvs/local/lib/python3.10/dist-packages/std_srvs/std_srvs_s__rosidl_typesupport_microxrcedds_c.cpython-310-x86_64-linux-gnu.so
[31.817s] -- Installing: /home/uwr/microROS_AUV/install/std_srvs/local/lib/python3.10/dist-packages/std_srvs/std_srvs_s__rosidl_typesupport_fastrtps_c.cpython-310-x86_64-linux-gnu.so
[31.817s] -- Installing: /home/uwr/microROS_AUV/install/std_srvs/local/lib/python3.10/dist-packages/std_srvs/std_srvs_s__rosidl_typesupport_c.cpython-310-x86_64-linux-gnu.so
[31.817s] -- Installing: /home/uwr/microROS_AUV/install/std_srvs/local/lib/python3.10/dist-packages/std_srvs/_std_srvs_s.ep.rosidl_typesupport_microxrcedds_c.c
[31.817s] -- Installing: /home/uwr/microROS_AUV/install/std_srvs/local/lib/python3.10/dist-packages/std_srvs/_std_srvs_s.ep.rosidl_typesupport_introspection_c.c
[31.817s] -- Installing: /home/uwr/microROS_AUV/install/std_srvs/local/lib/python3.10/dist-packages/std_srvs/_std_srvs_s.ep.rosidl_typesupport_fastrtps_c.c
[31.818s] -- Installing: /home/uwr/microROS_AUV/install/std_srvs/local/lib/python3.10/dist-packages/std_srvs/__init__.py
[31.818s] -- Installing: /home/uwr/microROS_AUV/install/std_srvs/local/lib/python3.10/dist-packages/std_srvs/libstd_srvs__rosidl_generator_py.so
[31.818s] -- Installing: /home/uwr/microROS_AUV/install/std_srvs/local/lib/python3.10/dist-packages/std_srvs/std_srvs_s__rosidl_typesupport_introspection_c.cpython-310-x86_64-linux-gnu.so
[31.818s] -- Installing: /home/uwr/microROS_AUV/install/std_srvs/local/lib/python3.10/dist-packages/std_srvs/srv
[31.818s] -- Installing: /home/uwr/microROS_AUV/install/std_srvs/local/lib/python3.10/dist-packages/std_srvs/srv/_set_bool_s.c
[31.819s] -- Installing: /home/uwr/microROS_AUV/install/std_srvs/local/lib/python3.10/dist-packages/std_srvs/srv/_trigger_s.c
[31.819s] -- Installing: /home/uwr/microROS_AUV/install/std_srvs/local/lib/python3.10/dist-packages/std_srvs/srv/_empty_s.c
[31.819s] -- Installing: /home/uwr/microROS_AUV/install/std_srvs/local/lib/python3.10/dist-packages/std_srvs/srv/_empty.py
[31.819s] -- Installing: /home/uwr/microROS_AUV/install/std_srvs/local/lib/python3.10/dist-packages/std_srvs/srv/_set_bool.py
[31.819s] -- Installing: /home/uwr/microROS_AUV/install/std_srvs/local/lib/python3.10/dist-packages/std_srvs/srv/__init__.py
[31.819s] -- Installing: /home/uwr/microROS_AUV/install/std_srvs/local/lib/python3.10/dist-packages/std_srvs/srv/_trigger.py
[31.820s] Listing '/home/uwr/microROS_AUV/install/std_srvs/local/lib/python3.10/dist-packages/std_srvs'...
[31.820s] Compiling '/home/uwr/microROS_AUV/install/std_srvs/local/lib/python3.10/dist-packages/std_srvs/__init__.py'...
[31.820s] Listing '/home/uwr/microROS_AUV/install/std_srvs/local/lib/python3.10/dist-packages/std_srvs/srv'...
[31.820s] Compiling '/home/uwr/microROS_AUV/install/std_srvs/local/lib/python3.10/dist-packages/std_srvs/srv/__init__.py'...
[31.820s] Compiling '/home/uwr/microROS_AUV/install/std_srvs/local/lib/python3.10/dist-packages/std_srvs/srv/_empty.py'...
[31.821s] Compiling '/home/uwr/microROS_AUV/install/std_srvs/local/lib/python3.10/dist-packages/std_srvs/srv/_set_bool.py'...
[31.821s] Compiling '/home/uwr/microROS_AUV/install/std_srvs/local/lib/python3.10/dist-packages/std_srvs/srv/_trigger.py'...
[31.821s] -- Installing: /home/uwr/microROS_AUV/install/std_srvs/local/lib/python3.10/dist-packages/std_srvs/std_srvs_s__rosidl_typesupport_microxrcedds_c.cpython-310-x86_64-linux-gnu.so
[31.821s] -- Set runtime path of "/home/uwr/microROS_AUV/install/std_srvs/local/lib/python3.10/dist-packages/std_srvs/std_srvs_s__rosidl_typesupport_microxrcedds_c.cpython-310-x86_64-linux-gnu.so" to ""
[31.821s] -- Installing: /home/uwr/microROS_AUV/install/std_srvs/local/lib/python3.10/dist-packages/std_srvs/std_srvs_s__rosidl_typesupport_fastrtps_c.cpython-310-x86_64-linux-gnu.so
[31.822s] -- Set runtime path of "/home/uwr/microROS_AUV/install/std_srvs/local/lib/python3.10/dist-packages/std_srvs/std_srvs_s__rosidl_typesupport_fastrtps_c.cpython-310-x86_64-linux-gnu.so" to ""
[31.822s] -- Installing: /home/uwr/microROS_AUV/install/std_srvs/local/lib/python3.10/dist-packages/std_srvs/std_srvs_s__rosidl_typesupport_introspection_c.cpython-310-x86_64-linux-gnu.so
[31.822s] -- Set runtime path of "/home/uwr/microROS_AUV/install/std_srvs/local/lib/python3.10/dist-packages/std_srvs/std_srvs_s__rosidl_typesupport_introspection_c.cpython-310-x86_64-linux-gnu.so" to ""
[31.822s] -- Installing: /home/uwr/microROS_AUV/install/std_srvs/local/lib/python3.10/dist-packages/std_srvs/std_srvs_s__rosidl_typesupport_c.cpython-310-x86_64-linux-gnu.so
[31.822s] -- Set runtime path of "/home/uwr/microROS_AUV/install/std_srvs/local/lib/python3.10/dist-packages/std_srvs/std_srvs_s__rosidl_typesupport_c.cpython-310-x86_64-linux-gnu.so" to ""
[31.823s] -- Installing: /home/uwr/microROS_AUV/install/std_srvs/lib/libstd_srvs__rosidl_generator_py.so
[31.823s] -- Set runtime path of "/home/uwr/microROS_AUV/install/std_srvs/lib/libstd_srvs__rosidl_generator_py.so" to ""
[31.823s] -- Installing: /home/uwr/microROS_AUV/install/std_srvs/share/std_srvs/srv/Empty.idl
[31.823s] -- Installing: /home/uwr/microROS_AUV/install/std_srvs/share/std_srvs/srv/SetBool.idl
[31.823s] -- Installing: /home/uwr/microROS_AUV/install/std_srvs/share/std_srvs/srv/Trigger.idl
[31.823s] -- Installing: /home/uwr/microROS_AUV/install/std_srvs/share/std_srvs/srv/Empty.srv
[31.823s] -- Installing: /home/uwr/microROS_AUV/install/std_srvs/share/std_srvs/srv/Empty_Request.msg
[31.823s] -- Installing: /home/uwr/microROS_AUV/install/std_srvs/share/std_srvs/srv/Empty_Response.msg
[31.824s] -- Installing: /home/uwr/microROS_AUV/install/std_srvs/share/std_srvs/srv/SetBool.srv
[31.824s] -- Installing: /home/uwr/microROS_AUV/install/std_srvs/share/std_srvs/srv/SetBool_Request.msg
[31.826s] -- Installing: /home/uwr/microROS_AUV/install/std_srvs/share/std_srvs/srv/SetBool_Response.msg
[31.827s] -- Installing: /home/uwr/microROS_AUV/install/std_srvs/share/std_srvs/srv/Trigger.srv
[31.827s] -- Installing: /home/uwr/microROS_AUV/install/std_srvs/share/std_srvs/srv/Trigger_Request.msg
[31.827s] -- Installing: /home/uwr/microROS_AUV/install/std_srvs/share/std_srvs/srv/Trigger_Response.msg
[31.827s] -- Installing: /home/uwr/microROS_AUV/install/std_srvs/share/ament_index/resource_index/package_run_dependencies/std_srvs
[31.827s] -- Installing: /home/uwr/microROS_AUV/install/std_srvs/share/ament_index/resource_index/parent_prefix_path/std_srvs
[31.828s] -- Installing: /home/uwr/microROS_AUV/install/std_srvs/share/std_srvs/environment/ament_prefix_path.sh
[31.828s] -- Installing: /home/uwr/microROS_AUV/install/std_srvs/share/std_srvs/environment/ament_prefix_path.dsv
[31.828s] -- Installing: /home/uwr/microROS_AUV/install/std_srvs/share/std_srvs/environment/path.sh
[31.828s] -- Installing: /home/uwr/microROS_AUV/install/std_srvs/share/std_srvs/environment/path.dsv
[31.828s] -- Installing: /home/uwr/microROS_AUV/install/std_srvs/share/std_srvs/local_setup.bash
[31.828s] -- Installing: /home/uwr/microROS_AUV/install/std_srvs/share/std_srvs/local_setup.sh
[31.829s] -- Installing: /home/uwr/microROS_AUV/install/std_srvs/share/std_srvs/local_setup.zsh
[31.829s] -- Installing: /home/uwr/microROS_AUV/install/std_srvs/share/std_srvs/local_setup.dsv
[31.830s] -- Installing: /home/uwr/microROS_AUV/install/std_srvs/share/std_srvs/package.dsv
[31.830s] -- Installing: /home/uwr/microROS_AUV/install/std_srvs/share/ament_index/resource_index/packages/std_srvs
[31.830s] -- Installing: /home/uwr/microROS_AUV/install/std_srvs/share/std_srvs/cmake/export_std_srvs__rosidl_generator_cExport.cmake
[31.830s] -- Installing: /home/uwr/microROS_AUV/install/std_srvs/share/std_srvs/cmake/export_std_srvs__rosidl_generator_cExport-noconfig.cmake
[31.830s] -- Installing: /home/uwr/microROS_AUV/install/std_srvs/share/std_srvs/cmake/export_std_srvs__rosidl_typesupport_fastrtps_cExport.cmake
[31.831s] -- Installing: /home/uwr/microROS_AUV/install/std_srvs/share/std_srvs/cmake/export_std_srvs__rosidl_typesupport_fastrtps_cExport-noconfig.cmake
[31.831s] -- Installing: /home/uwr/microROS_AUV/install/std_srvs/share/std_srvs/cmake/std_srvs__rosidl_typesupport_introspection_cExport.cmake
[31.831s] -- Installing: /home/uwr/microROS_AUV/install/std_srvs/share/std_srvs/cmake/std_srvs__rosidl_typesupport_introspection_cExport-noconfig.cmake
[31.832s] -- Installing: /home/uwr/microROS_AUV/install/std_srvs/share/std_srvs/cmake/std_srvs__rosidl_typesupport_cExport.cmake
[31.832s] -- Installing: /home/uwr/microROS_AUV/install/std_srvs/share/std_srvs/cmake/std_srvs__rosidl_typesupport_cExport-noconfig.cmake
[31.832s] -- Installing: /home/uwr/microROS_AUV/install/std_srvs/share/std_srvs/cmake/export_std_srvs__rosidl_generator_cppExport.cmake
[31.832s] -- Installing: /home/uwr/microROS_AUV/install/std_srvs/share/std_srvs/cmake/export_std_srvs__rosidl_typesupport_fastrtps_cppExport.cmake
[31.832s] -- Installing: /home/uwr/microROS_AUV/install/std_srvs/share/std_srvs/cmake/export_std_srvs__rosidl_typesupport_fastrtps_cppExport-noconfig.cmake
[31.833s] -- Installing: /home/uwr/microROS_AUV/install/std_srvs/share/std_srvs/cmake/std_srvs__rosidl_typesupport_introspection_cppExport.cmake
[31.833s] -- Installing: /home/uwr/microROS_AUV/install/std_srvs/share/std_srvs/cmake/std_srvs__rosidl_typesupport_introspection_cppExport-noconfig.cmake
[31.833s] -- Installing: /home/uwr/microROS_AUV/install/std_srvs/share/std_srvs/cmake/std_srvs__rosidl_typesupport_cppExport.cmake
[31.833s] -- Installing: /home/uwr/microROS_AUV/install/std_srvs/share/std_srvs/cmake/std_srvs__rosidl_typesupport_cppExport-noconfig.cmake
[31.833s] -- Installing: /home/uwr/microROS_AUV/install/std_srvs/share/std_srvs/cmake/export_std_srvs__rosidl_generator_pyExport.cmake
[31.850s] -- Installing: /home/uwr/microROS_AUV/install/std_srvs/share/std_srvs/cmake/export_std_srvs__rosidl_generator_pyExport-noconfig.cmake
[31.851s] -- Installing: /home/uwr/microROS_AUV/install/std_srvs/share/std_srvs/cmake/rosidl_cmake-extras.cmake
[31.851s] -- Installing: /home/uwr/microROS_AUV/install/std_srvs/share/std_srvs/cmake/ament_cmake_export_include_directories-extras.cmake
[31.851s] -- Installing: /home/uwr/microROS_AUV/install/std_srvs/share/std_srvs/cmake/ament_cmake_export_libraries-extras.cmake
[31.851s] -- Installing: /home/uwr/microROS_AUV/install/std_srvs/share/std_srvs/cmake/ament_cmake_export_targets-extras.cmake
[31.851s] -- Installing: /home/uwr/microROS_AUV/install/std_srvs/share/std_srvs/cmake/rosidl_cmake_export_typesupport_targets-extras.cmake
[31.852s] -- Installing: /home/uwr/microROS_AUV/install/std_srvs/share/std_srvs/cmake/ament_cmake_export_dependencies-extras.cmake
[31.852s] -- Installing: /home/uwr/microROS_AUV/install/std_srvs/share/std_srvs/cmake/rosidl_cmake_export_typesupport_libraries-extras.cmake
[31.852s] -- Installing: /home/uwr/microROS_AUV/install/std_srvs/share/std_srvs/cmake/std_srvsConfig.cmake
[31.852s] -- Installing: /home/uwr/microROS_AUV/install/std_srvs/share/std_srvs/cmake/std_srvsConfig-version.cmake
[31.852s] -- Installing: /home/uwr/microROS_AUV/install/std_srvs/share/std_srvs/package.xml
[31.854s] Invoked command in '/home/uwr/microROS_AUV/build/std_srvs' returned '0': CMAKE_PREFIX_PATH=${CMAKE_PREFIX_PATH}:/home/uwr/microROS_AUV/install/control_pkg:/home/uwr/Desktop/2024_UWR/install/sonar_subs:/opt/ros/humble /usr/bin/cmake --install /home/uwr/microROS_AUV/build/std_srvs
