[0.051s] Invoking command in '/home/uwr/microROS_AUV/build/nav_msgs': AMENT_PREFIX_PATH=/home/uwr/microROS_AUV/install/geometry_msgs:/home/uwr/microROS_AUV/install/std_msgs:${AMENT_PREFIX_PATH} CMAKE_PREFIX_PATH=/home/uwr/microROS_AUV/install/geometry_msgs:/home/uwr/microROS_AUV/install/std_msgs:/home/uwr/microROS_AUV/install/builtin_interfaces:/home/uwr/microROS_AUV/install/action_msgs:/home/uwr/microROS_AUV/install/unique_identifier_msgs:/home/uwr/microROS_AUV/install/std_srvs:/home/uwr/microROS_AUV/install/rosidl_typesupport_microxrcedds_test_msg:/home/uwr/microROS_AUV/install/rosidl_typesupport_microxrcedds_cpp_tests:/home/uwr/microROS_AUV/install/rmw_microxrcedds:/home/uwr/microROS_AUV/install/rosidl_typesupport_microxrcedds_cpp:/home/uwr/microROS_AUV/install/rosidl_typesupport_microxrcedds_c_tests:/home/uwr/microROS_AUV/install/rosidl_typesupport_microxrcedds_c:/home/uwr/microROS_AUV/install/rosgraph_msgs:/home/uwr/microROS_AUV/install/microxrcedds_client:/home/uwr/microROS_AUV/install/microcdr:/home/uwr/microROS_AUV/install/micro_ros_utilities:/home/uwr/microROS_AUV/install/micro_ros_msgs:/home/uwr/microROS_AUV/install/lifecycle_msgs:/home/uwr/microROS_AUV/install/complex_msgs:/home/uwr/microROS_AUV/install/micro_ros_setup:/home/uwr/microROS_AUV/install/custom_interfaces:/home/uwr/Desktop/2024_UWR/install/kalman_filter:/home/uwr/Desktop/2024_UWR/install/sonar_msgs:/home/uwr/Desktop/2024_UWR/install/ros2-driver:/home/uwr/Desktop/2024_UWR/install/oculus_interfaces:/home/uwr/Desktop/2024_UWR/install/ntrip:/home/uwr/Desktop/2024_UWR/install/adnav-driver:/home/uwr/fls_ws/install/oculus_interfaces:/home/uwr/microROS_AUV/install/statistics_msgs:/home/uwr/microROS_AUV/install/control_pkg:/home/uwr/Desktop/2024_UWR/install/sonar_subs:/opt/ros/humble LD_LIBRARY_PATH=/home/uwr/microROS_AUV/install/geometry_msgs/lib:/home/uwr/microROS_AUV/install/std_msgs/lib:/home/uwr/microROS_AUV/install/builtin_interfaces/lib:/home/uwr/microROS_AUV/install/action_msgs/lib:/home/uwr/microROS_AUV/install/unique_identifier_msgs/lib:/home/uwr/microROS_AUV/install/std_srvs/lib:/home/uwr/microROS_AUV/install/statistics_msgs/lib:/home/uwr/microROS_AUV/install/rmw_microxrcedds/lib:/home/uwr/microROS_AUV/install/rosidl_typesupport_microxrcedds_cpp/lib:/home/uwr/microROS_AUV/install/rosidl_typesupport_microxrcedds_c/lib:/home/uwr/microROS_AUV/install/rosgraph_msgs/lib:/home/uwr/microROS_AUV/install/microxrcedds_client/lib:/home/uwr/microROS_AUV/install/microcdr/lib:/home/uwr/microROS_AUV/install/micro_ros_utilities/lib:/home/uwr/microROS_AUV/install/micro_ros_msgs/lib:/home/uwr/microROS_AUV/install/lifecycle_msgs/lib:/home/uwr/microROS_AUV/install/complex_msgs/lib:/home/uwr/microROS_AUV/install/custom_interfaces/lib:/home/uwr/oculus_driver/install/lib:/home/uwr/Desktop/2024_UWR/install/sonar_msgs/lib:/home/uwr/Desktop/2024_UWR/install/oculus_interfaces/lib:/home/uwr/fls_ws/install/oculus_interfaces/lib:/opt/ros/humble/opt/rviz_ogre_vendor/lib:/opt/ros/humble/lib/x86_64-linux-gnu:/opt/ros/humble/lib PYTHONPATH=/home/uwr/microROS_AUV/install/geometry_msgs/local/lib/python3.10/dist-packages:/home/uwr/microROS_AUV/install/std_msgs/local/lib/python3.10/dist-packages:${PYTHONPATH} /usr/bin/cmake /home/uwr/microROS_AUV/src/ros2/common_interfaces/nav_msgs -DBUILD_TESTING=OFF -DBUILD_SHARED_LIBS=ON -DCMAKE_INSTALL_PREFIX=/home/uwr/microROS_AUV/install/nav_msgs
[0.162s] -- The C compiler identification is GNU 11.4.0
[0.275s] -- The CXX compiler identification is GNU 11.4.0
[0.295s] -- Detecting C compiler ABI info
[0.436s] -- Detecting C compiler ABI info - done
[0.452s] -- Check for working C compiler: /usr/bin/cc - skipped
[0.453s] -- Detecting C compile features
[0.453s] -- Detecting C compile features - done
[0.459s] -- Detecting CXX compiler ABI info
[0.632s] -- Detecting CXX compiler ABI info - done
[0.652s] -- Check for working CXX compiler: /usr/bin/c++ - skipped
[0.653s] -- Detecting CXX compile features
[0.654s] -- Detecting CXX compile features - done
[0.662s] -- Found ament_cmake: 1.3.10 (/opt/ros/humble/share/ament_cmake/cmake)
[1.081s] -- Found Python3: /usr/bin/python3 (found version "3.10.12") found components: Interpreter 
[1.373s] -- Found builtin_interfaces: 1.2.2 (/home/uwr/microROS_AUV/install/builtin_interfaces/share/builtin_interfaces/cmake)
[1.483s] -- Found rosidl_generator_c: 3.1.5 (/opt/ros/humble/share/rosidl_generator_c/cmake)
[1.499s] -- Found rosidl_adapter: 3.1.5 (/opt/ros/humble/share/rosidl_adapter/cmake)
[1.520s] -- Found rosidl_generator_cpp: 3.1.5 (/opt/ros/humble/share/rosidl_generator_cpp/cmake)
[1.551s] -- Using all available rosidl_typesupport_c: rosidl_typesupport_microxrcedds_c;rosidl_typesupport_fastrtps_c;rosidl_typesupport_introspection_c
[1.605s] -- Using all available rosidl_typesupport_cpp: rosidl_typesupport_microxrcedds_cpp;rosidl_typesupport_fastrtps_cpp;rosidl_typesupport_introspection_cpp
[1.650s] -- Found geometry_msgs: 4.9.0 (/home/uwr/microROS_AUV/install/geometry_msgs/share/geometry_msgs/cmake)
[1.713s] -- Found rosidl_default_generators: 1.2.0 (/opt/ros/humble/share/rosidl_default_generators/cmake)
[2.584s] -- Found ament_cmake_ros: 0.10.0 (/opt/ros/humble/share/ament_cmake_ros/cmake)
[4.100s] -- Using all available rosidl_typesupport_c: rosidl_typesupport_microxrcedds_c;rosidl_typesupport_fastrtps_c;rosidl_typesupport_introspection_c
[4.777s] -- Using all available rosidl_typesupport_cpp: rosidl_typesupport_microxrcedds_cpp;rosidl_typesupport_fastrtps_cpp;rosidl_typesupport_introspection_cpp
[4.831s] -- Found PythonInterp: /usr/bin/python3 (found suitable version "3.10.12", minimum required is "3.6") 
[4.840s] -- Found python_cmake_module: 0.10.0 (/opt/ros/humble/share/python_cmake_module/cmake)
[4.910s] -- Found PythonLibs: /usr/lib/x86_64-linux-gnu/libpython3.10.so (found suitable version "3.10.12", minimum required is "3.5") 
[4.911s] -- Using PYTHON_EXECUTABLE: /usr/bin/python3
[4.911s] -- Using PYTHON_INCLUDE_DIRS: /usr/include/python3.10
[4.911s] -- Using PYTHON_LIBRARIES: /usr/lib/x86_64-linux-gnu/libpython3.10.so
[4.962s] -- Found PythonExtra: .so  
[5.253s] -- Configuring done
[5.453s] -- Generating done
[5.460s] -- Build files have been written to: /home/uwr/microROS_AUV/build/nav_msgs
[5.493s] Invoked command in '/home/uwr/microROS_AUV/build/nav_msgs' returned '0': AMENT_PREFIX_PATH=/home/uwr/microROS_AUV/install/geometry_msgs:/home/uwr/microROS_AUV/install/std_msgs:${AMENT_PREFIX_PATH} CMAKE_PREFIX_PATH=/home/uwr/microROS_AUV/install/geometry_msgs:/home/uwr/microROS_AUV/install/std_msgs:/home/uwr/microROS_AUV/install/builtin_interfaces:/home/uwr/microROS_AUV/install/action_msgs:/home/uwr/microROS_AUV/install/unique_identifier_msgs:/home/uwr/microROS_AUV/install/std_srvs:/home/uwr/microROS_AUV/install/rosidl_typesupport_microxrcedds_test_msg:/home/uwr/microROS_AUV/install/rosidl_typesupport_microxrcedds_cpp_tests:/home/uwr/microROS_AUV/install/rmw_microxrcedds:/home/uwr/microROS_AUV/install/rosidl_typesupport_microxrcedds_cpp:/home/uwr/microROS_AUV/install/rosidl_typesupport_microxrcedds_c_tests:/home/uwr/microROS_AUV/install/rosidl_typesupport_microxrcedds_c:/home/uwr/microROS_AUV/install/rosgraph_msgs:/home/uwr/microROS_AUV/install/microxrcedds_client:/home/uwr/microROS_AUV/install/microcdr:/home/uwr/microROS_AUV/install/micro_ros_utilities:/home/uwr/microROS_AUV/install/micro_ros_msgs:/home/uwr/microROS_AUV/install/lifecycle_msgs:/home/uwr/microROS_AUV/install/complex_msgs:/home/uwr/microROS_AUV/install/micro_ros_setup:/home/uwr/microROS_AUV/install/custom_interfaces:/home/uwr/Desktop/2024_UWR/install/kalman_filter:/home/uwr/Desktop/2024_UWR/install/sonar_msgs:/home/uwr/Desktop/2024_UWR/install/ros2-driver:/home/uwr/Desktop/2024_UWR/install/oculus_interfaces:/home/uwr/Desktop/2024_UWR/install/ntrip:/home/uwr/Desktop/2024_UWR/install/adnav-driver:/home/uwr/fls_ws/install/oculus_interfaces:/home/uwr/microROS_AUV/install/statistics_msgs:/home/uwr/microROS_AUV/install/control_pkg:/home/uwr/Desktop/2024_UWR/install/sonar_subs:/opt/ros/humble LD_LIBRARY_PATH=/home/uwr/microROS_AUV/install/geometry_msgs/lib:/home/uwr/microROS_AUV/install/std_msgs/lib:/home/uwr/microROS_AUV/install/builtin_interfaces/lib:/home/uwr/microROS_AUV/install/action_msgs/lib:/home/uwr/microROS_AUV/install/unique_identifier_msgs/lib:/home/uwr/microROS_AUV/install/std_srvs/lib:/home/uwr/microROS_AUV/install/statistics_msgs/lib:/home/uwr/microROS_AUV/install/rmw_microxrcedds/lib:/home/uwr/microROS_AUV/install/rosidl_typesupport_microxrcedds_cpp/lib:/home/uwr/microROS_AUV/install/rosidl_typesupport_microxrcedds_c/lib:/home/uwr/microROS_AUV/install/rosgraph_msgs/lib:/home/uwr/microROS_AUV/install/microxrcedds_client/lib:/home/uwr/microROS_AUV/install/microcdr/lib:/home/uwr/microROS_AUV/install/micro_ros_utilities/lib:/home/uwr/microROS_AUV/install/micro_ros_msgs/lib:/home/uwr/microROS_AUV/install/lifecycle_msgs/lib:/home/uwr/microROS_AUV/install/complex_msgs/lib:/home/uwr/microROS_AUV/install/custom_interfaces/lib:/home/uwr/oculus_driver/install/lib:/home/uwr/Desktop/2024_UWR/install/sonar_msgs/lib:/home/uwr/Desktop/2024_UWR/install/oculus_interfaces/lib:/home/uwr/fls_ws/install/oculus_interfaces/lib:/opt/ros/humble/opt/rviz_ogre_vendor/lib:/opt/ros/humble/lib/x86_64-linux-gnu:/opt/ros/humble/lib PYTHONPATH=/home/uwr/microROS_AUV/install/geometry_msgs/local/lib/python3.10/dist-packages:/home/uwr/microROS_AUV/install/std_msgs/local/lib/python3.10/dist-packages:${PYTHONPATH} /usr/bin/cmake /home/uwr/microROS_AUV/src/ros2/common_interfaces/nav_msgs -DBUILD_TESTING=OFF -DBUILD_SHARED_LIBS=ON -DCMAKE_INSTALL_PREFIX=/home/uwr/microROS_AUV/install/nav_msgs
[5.495s] Invoking command in '/home/uwr/microROS_AUV/build/nav_msgs': AMENT_PREFIX_PATH=/home/uwr/microROS_AUV/install/geometry_msgs:/home/uwr/microROS_AUV/install/std_msgs:${AMENT_PREFIX_PATH} CMAKE_PREFIX_PATH=/home/uwr/microROS_AUV/install/geometry_msgs:/home/uwr/microROS_AUV/install/std_msgs:/home/uwr/microROS_AUV/install/builtin_interfaces:/home/uwr/microROS_AUV/install/action_msgs:/home/uwr/microROS_AUV/install/unique_identifier_msgs:/home/uwr/microROS_AUV/install/std_srvs:/home/uwr/microROS_AUV/install/rosidl_typesupport_microxrcedds_test_msg:/home/uwr/microROS_AUV/install/rosidl_typesupport_microxrcedds_cpp_tests:/home/uwr/microROS_AUV/install/rmw_microxrcedds:/home/uwr/microROS_AUV/install/rosidl_typesupport_microxrcedds_cpp:/home/uwr/microROS_AUV/install/rosidl_typesupport_microxrcedds_c_tests:/home/uwr/microROS_AUV/install/rosidl_typesupport_microxrcedds_c:/home/uwr/microROS_AUV/install/rosgraph_msgs:/home/uwr/microROS_AUV/install/microxrcedds_client:/home/uwr/microROS_AUV/install/microcdr:/home/uwr/microROS_AUV/install/micro_ros_utilities:/home/uwr/microROS_AUV/install/micro_ros_msgs:/home/uwr/microROS_AUV/install/lifecycle_msgs:/home/uwr/microROS_AUV/install/complex_msgs:/home/uwr/microROS_AUV/install/micro_ros_setup:/home/uwr/microROS_AUV/install/custom_interfaces:/home/uwr/Desktop/2024_UWR/install/kalman_filter:/home/uwr/Desktop/2024_UWR/install/sonar_msgs:/home/uwr/Desktop/2024_UWR/install/ros2-driver:/home/uwr/Desktop/2024_UWR/install/oculus_interfaces:/home/uwr/Desktop/2024_UWR/install/ntrip:/home/uwr/Desktop/2024_UWR/install/adnav-driver:/home/uwr/fls_ws/install/oculus_interfaces:/home/uwr/microROS_AUV/install/statistics_msgs:/home/uwr/microROS_AUV/install/control_pkg:/home/uwr/Desktop/2024_UWR/install/sonar_subs:/opt/ros/humble LD_LIBRARY_PATH=/home/uwr/microROS_AUV/install/geometry_msgs/lib:/home/uwr/microROS_AUV/install/std_msgs/lib:/home/uwr/microROS_AUV/install/builtin_interfaces/lib:/home/uwr/microROS_AUV/install/action_msgs/lib:/home/uwr/microROS_AUV/install/unique_identifier_msgs/lib:/home/uwr/microROS_AUV/install/std_srvs/lib:/home/uwr/microROS_AUV/install/statistics_msgs/lib:/home/uwr/microROS_AUV/install/rmw_microxrcedds/lib:/home/uwr/microROS_AUV/install/rosidl_typesupport_microxrcedds_cpp/lib:/home/uwr/microROS_AUV/install/rosidl_typesupport_microxrcedds_c/lib:/home/uwr/microROS_AUV/install/rosgraph_msgs/lib:/home/uwr/microROS_AUV/install/microxrcedds_client/lib:/home/uwr/microROS_AUV/install/microcdr/lib:/home/uwr/microROS_AUV/install/micro_ros_utilities/lib:/home/uwr/microROS_AUV/install/micro_ros_msgs/lib:/home/uwr/microROS_AUV/install/lifecycle_msgs/lib:/home/uwr/microROS_AUV/install/complex_msgs/lib:/home/uwr/microROS_AUV/install/custom_interfaces/lib:/home/uwr/oculus_driver/install/lib:/home/uwr/Desktop/2024_UWR/install/sonar_msgs/lib:/home/uwr/Desktop/2024_UWR/install/oculus_interfaces/lib:/home/uwr/fls_ws/install/oculus_interfaces/lib:/opt/ros/humble/opt/rviz_ogre_vendor/lib:/opt/ros/humble/lib/x86_64-linux-gnu:/opt/ros/humble/lib PYTHONPATH=/home/uwr/microROS_AUV/install/geometry_msgs/local/lib/python3.10/dist-packages:/home/uwr/microROS_AUV/install/std_msgs/local/lib/python3.10/dist-packages:${PYTHONPATH} /usr/bin/cmake --build /home/uwr/microROS_AUV/build/nav_msgs -- -j8 -l8
[5.727s] [  1%] [34m[1mGenerating C code for ROS interfaces[0m
[5.789s] [  1%] [34m[1mGenerating C++ code for ROS interfaces[0m
[5.828s] [  1%] Built target ament_cmake_python_copy_nav_msgs
[7.035s] running egg_info
[7.040s] creating nav_msgs.egg-info
[7.041s] writing nav_msgs.egg-info/PKG-INFO
[7.041s] writing dependency_links to nav_msgs.egg-info/dependency_links.txt
[7.042s] writing top-level names to nav_msgs.egg-info/top_level.txt
[7.042s] writing manifest file 'nav_msgs.egg-info/SOURCES.txt'
[7.049s] reading manifest file 'nav_msgs.egg-info/SOURCES.txt'
[7.055s] writing manifest file 'nav_msgs.egg-info/SOURCES.txt'
[7.213s] [  1%] Built target ament_cmake_python_build_nav_msgs_egg
[14.881s] [  2%] [32mBuilding C object CMakeFiles/nav_msgs__rosidl_generator_c.dir/rosidl_generator_c/nav_msgs/msg/detail/goals__functions.c.o[0m
[15.391s] [  3%] [32mBuilding C object CMakeFiles/nav_msgs__rosidl_generator_c.dir/rosidl_generator_c/nav_msgs/srv/detail/get_map__functions.c.o[0m
[15.650s] [  4%] [32mBuilding C object CMakeFiles/nav_msgs__rosidl_generator_c.dir/rosidl_generator_c/nav_msgs/srv/detail/get_plan__functions.c.o[0m
[16.204s] [  5%] [32mBuilding C object CMakeFiles/nav_msgs__rosidl_generator_c.dir/rosidl_generator_c/nav_msgs/srv/detail/load_map__functions.c.o[0m
[16.557s] [  6%] [32mBuilding C object CMakeFiles/nav_msgs__rosidl_generator_c.dir/rosidl_generator_c/nav_msgs/srv/detail/set_map__functions.c.o[0m
[16.978s] [  6%] [32mBuilding C object CMakeFiles/nav_msgs__rosidl_generator_c.dir/rosidl_generator_c/nav_msgs/msg/detail/path__functions.c.o[0m
[17.234s] [  7%] [32mBuilding C object CMakeFiles/nav_msgs__rosidl_generator_c.dir/rosidl_generator_c/nav_msgs/msg/detail/odometry__functions.c.o[0m
[17.645s] [  8%] [32mBuilding C object CMakeFiles/nav_msgs__rosidl_generator_c.dir/rosidl_generator_c/nav_msgs/msg/detail/occupancy_grid__functions.c.o[0m
[18.015s] [  9%] [32mBuilding C object CMakeFiles/nav_msgs__rosidl_generator_c.dir/rosidl_generator_c/nav_msgs/msg/detail/map_meta_data__functions.c.o[0m
[18.314s] [  9%] [32mBuilding C object CMakeFiles/nav_msgs__rosidl_generator_c.dir/rosidl_generator_c/nav_msgs/msg/detail/grid_cells__functions.c.o[0m
[18.473s] [  9%] Built target nav_msgs__cpp
[18.618s] [  9%] [32m[1mLinking C shared library libnav_msgs__rosidl_generator_c.so[0m
[18.984s] [  9%] Built target nav_msgs__rosidl_generator_c
[19.046s] [ 10%] [34m[1mGenerating C++ introspection for ROS interfaces[0m
[25.358s] [ 11%] [32mBuilding CXX object CMakeFiles/nav_msgs__rosidl_typesupport_introspection_cpp.dir/rosidl_typesupport_introspection_cpp/nav_msgs/msg/detail/goals__type_support.cpp.o[0m
[26.737s] [ 11%] [32mBuilding CXX object CMakeFiles/nav_msgs__rosidl_typesupport_introspection_cpp.dir/rosidl_typesupport_introspection_cpp/nav_msgs/msg/detail/grid_cells__type_support.cpp.o[0m
[27.799s] [ 12%] [32mBuilding CXX object CMakeFiles/nav_msgs__rosidl_typesupport_introspection_cpp.dir/rosidl_typesupport_introspection_cpp/nav_msgs/msg/detail/map_meta_data__type_support.cpp.o[0m
[28.667s] [ 13%] [32mBuilding CXX object CMakeFiles/nav_msgs__rosidl_typesupport_introspection_cpp.dir/rosidl_typesupport_introspection_cpp/nav_msgs/msg/detail/occupancy_grid__type_support.cpp.o[0m
[29.492s] [ 14%] [32mBuilding CXX object CMakeFiles/nav_msgs__rosidl_typesupport_introspection_cpp.dir/rosidl_typesupport_introspection_cpp/nav_msgs/msg/detail/odometry__type_support.cpp.o[0m
[30.266s] [ 14%] [32mBuilding CXX object CMakeFiles/nav_msgs__rosidl_typesupport_introspection_cpp.dir/rosidl_typesupport_introspection_cpp/nav_msgs/msg/detail/path__type_support.cpp.o[0m
[31.276s] [ 15%] [32mBuilding CXX object CMakeFiles/nav_msgs__rosidl_typesupport_introspection_cpp.dir/rosidl_typesupport_introspection_cpp/nav_msgs/srv/detail/get_map__type_support.cpp.o[0m
[32.237s] [ 16%] [32mBuilding CXX object CMakeFiles/nav_msgs__rosidl_typesupport_introspection_cpp.dir/rosidl_typesupport_introspection_cpp/nav_msgs/srv/detail/get_plan__type_support.cpp.o[0m
[33.402s] [ 17%] [32mBuilding CXX object CMakeFiles/nav_msgs__rosidl_typesupport_introspection_cpp.dir/rosidl_typesupport_introspection_cpp/nav_msgs/srv/detail/load_map__type_support.cpp.o[0m
[34.252s] [ 18%] [32mBuilding CXX object CMakeFiles/nav_msgs__rosidl_typesupport_introspection_cpp.dir/rosidl_typesupport_introspection_cpp/nav_msgs/srv/detail/set_map__type_support.cpp.o[0m
[35.246s] [ 18%] [32m[1mLinking CXX shared library libnav_msgs__rosidl_typesupport_introspection_cpp.so[0m
[35.405s] [ 18%] Built target nav_msgs__rosidl_typesupport_introspection_cpp
[35.426s] [ 19%] [34m[1mGenerating C type support dispatch for ROS interfaces[0m
[37.368s] [ 19%] [32mBuilding CXX object CMakeFiles/nav_msgs__rosidl_typesupport_c.dir/rosidl_typesupport_c/nav_msgs/msg/goals__type_support.cpp.o[0m
[37.445s] [ 20%] [32mBuilding CXX object CMakeFiles/nav_msgs__rosidl_typesupport_c.dir/rosidl_typesupport_c/nav_msgs/msg/grid_cells__type_support.cpp.o[0m
[37.509s] [ 21%] [32mBuilding CXX object CMakeFiles/nav_msgs__rosidl_typesupport_c.dir/rosidl_typesupport_c/nav_msgs/msg/map_meta_data__type_support.cpp.o[0m
[37.572s] [ 22%] [32mBuilding CXX object CMakeFiles/nav_msgs__rosidl_typesupport_c.dir/rosidl_typesupport_c/nav_msgs/msg/occupancy_grid__type_support.cpp.o[0m
[37.629s] [ 23%] [32mBuilding CXX object CMakeFiles/nav_msgs__rosidl_typesupport_c.dir/rosidl_typesupport_c/nav_msgs/msg/odometry__type_support.cpp.o[0m
[37.688s] [ 23%] [32mBuilding CXX object CMakeFiles/nav_msgs__rosidl_typesupport_c.dir/rosidl_typesupport_c/nav_msgs/msg/path__type_support.cpp.o[0m
[37.745s] [ 24%] [32mBuilding CXX object CMakeFiles/nav_msgs__rosidl_typesupport_c.dir/rosidl_typesupport_c/nav_msgs/srv/get_map__type_support.cpp.o[0m
[37.808s] [ 25%] [32mBuilding CXX object CMakeFiles/nav_msgs__rosidl_typesupport_c.dir/rosidl_typesupport_c/nav_msgs/srv/get_plan__type_support.cpp.o[0m
[37.869s] [ 26%] [32mBuilding CXX object CMakeFiles/nav_msgs__rosidl_typesupport_c.dir/rosidl_typesupport_c/nav_msgs/srv/load_map__type_support.cpp.o[0m
[37.931s] [ 26%] [32mBuilding CXX object CMakeFiles/nav_msgs__rosidl_typesupport_c.dir/rosidl_typesupport_c/nav_msgs/srv/set_map__type_support.cpp.o[0m
[37.995s] [ 27%] [32m[1mLinking CXX shared library libnav_msgs__rosidl_typesupport_c.so[0m
[38.078s] [ 27%] Built target nav_msgs__rosidl_typesupport_c
[38.109s] [ 28%] [34m[1mGenerating C introspection for ROS interfaces[0m
[40.480s] [ 29%] [32mBuilding C object CMakeFiles/nav_msgs__rosidl_typesupport_introspection_c.dir/rosidl_typesupport_introspection_c/nav_msgs/msg/detail/goals__type_support.c.o[0m
[40.546s] [ 29%] [32mBuilding C object CMakeFiles/nav_msgs__rosidl_typesupport_introspection_c.dir/rosidl_typesupport_introspection_c/nav_msgs/msg/detail/map_meta_data__type_support.c.o[0m
[40.608s] [ 30%] [32mBuilding C object CMakeFiles/nav_msgs__rosidl_typesupport_introspection_c.dir/rosidl_typesupport_introspection_c/nav_msgs/msg/detail/occupancy_grid__type_support.c.o[0m
[40.675s] [ 31%] [32mBuilding C object CMakeFiles/nav_msgs__rosidl_typesupport_introspection_c.dir/rosidl_typesupport_introspection_c/nav_msgs/msg/detail/odometry__type_support.c.o[0m
[40.743s] [ 32%] [32mBuilding C object CMakeFiles/nav_msgs__rosidl_typesupport_introspection_c.dir/rosidl_typesupport_introspection_c/nav_msgs/msg/detail/path__type_support.c.o[0m
[40.809s] [ 32%] [32mBuilding C object CMakeFiles/nav_msgs__rosidl_typesupport_introspection_c.dir/rosidl_typesupport_introspection_c/nav_msgs/srv/detail/get_map__type_support.c.o[0m
[40.872s] [ 33%] [32mBuilding C object CMakeFiles/nav_msgs__rosidl_typesupport_introspection_c.dir/rosidl_typesupport_introspection_c/nav_msgs/srv/detail/get_plan__type_support.c.o[0m
[40.939s] [ 34%] [32mBuilding C object CMakeFiles/nav_msgs__rosidl_typesupport_introspection_c.dir/rosidl_typesupport_introspection_c/nav_msgs/srv/detail/load_map__type_support.c.o[0m
[41.005s] [ 35%] [32mBuilding C object CMakeFiles/nav_msgs__rosidl_typesupport_introspection_c.dir/rosidl_typesupport_introspection_c/nav_msgs/srv/detail/set_map__type_support.c.o[0m
[41.072s] [ 36%] [32mBuilding C object CMakeFiles/nav_msgs__rosidl_typesupport_introspection_c.dir/rosidl_typesupport_introspection_c/nav_msgs/msg/detail/grid_cells__type_support.c.o[0m
[41.138s] [ 36%] [32m[1mLinking C shared library libnav_msgs__rosidl_typesupport_introspection_c.so[0m
[41.195s] [ 36%] Built target nav_msgs__rosidl_typesupport_introspection_c
[41.217s] [ 37%] [34m[1mGenerating C type support for eProsima Micro XRCE-DDS[0m
[43.514s] [ 38%] [32mBuilding C object CMakeFiles/nav_msgs__rosidl_typesupport_microxrcedds_c.dir/rosidl_typesupport_microxrcedds_c/nav_msgs/msg/detail/microxrcedds/goals__type_support_c.c.o[0m
[43.601s] [ 39%] [32mBuilding C object CMakeFiles/nav_msgs__rosidl_typesupport_microxrcedds_c.dir/rosidl_typesupport_microxrcedds_c/nav_msgs/msg/detail/microxrcedds/occupancy_grid__type_support_c.c.o[0m
[43.689s] [ 40%] [32mBuilding C object CMakeFiles/nav_msgs__rosidl_typesupport_microxrcedds_c.dir/rosidl_typesupport_microxrcedds_c/nav_msgs/msg/detail/microxrcedds/odometry__type_support_c.c.o[0m
[43.779s] [ 41%] [32mBuilding C object CMakeFiles/nav_msgs__rosidl_typesupport_microxrcedds_c.dir/rosidl_typesupport_microxrcedds_c/nav_msgs/msg/detail/microxrcedds/path__type_support_c.c.o[0m
[43.868s] [ 42%] [32mBuilding C object CMakeFiles/nav_msgs__rosidl_typesupport_microxrcedds_c.dir/rosidl_typesupport_microxrcedds_c/nav_msgs/srv/detail/microxrcedds/get_map__type_support_c.c.o[0m
[43.959s] [ 42%] [32mBuilding C object CMakeFiles/nav_msgs__rosidl_typesupport_microxrcedds_c.dir/rosidl_typesupport_microxrcedds_c/nav_msgs/srv/detail/microxrcedds/get_plan__type_support_c.c.o[0m
[44.059s] [ 43%] [32mBuilding C object CMakeFiles/nav_msgs__rosidl_typesupport_microxrcedds_c.dir/rosidl_typesupport_microxrcedds_c/nav_msgs/srv/detail/microxrcedds/load_map__type_support_c.c.o[0m
[44.144s] [ 44%] [32mBuilding C object CMakeFiles/nav_msgs__rosidl_typesupport_microxrcedds_c.dir/rosidl_typesupport_microxrcedds_c/nav_msgs/srv/detail/microxrcedds/set_map__type_support_c.c.o[0m
[44.240s] [ 44%] [32mBuilding C object CMakeFiles/nav_msgs__rosidl_typesupport_microxrcedds_c.dir/rosidl_typesupport_microxrcedds_c/nav_msgs/msg/detail/microxrcedds/map_meta_data__type_support_c.c.o[0m
[44.326s] [ 45%] [32mBuilding C object CMakeFiles/nav_msgs__rosidl_typesupport_microxrcedds_c.dir/rosidl_typesupport_microxrcedds_c/nav_msgs/msg/detail/microxrcedds/grid_cells__type_support_c.c.o[0m
[44.417s] [ 46%] [32m[1mLinking C shared library libnav_msgs__rosidl_typesupport_microxrcedds_c.so[0m
[44.503s] [ 46%] Built target nav_msgs__rosidl_typesupport_microxrcedds_c
[44.524s] [ 47%] [34m[1mGenerating C type support for eProsima Fast-RTPS[0m
[46.699s] [ 48%] [32mBuilding CXX object CMakeFiles/nav_msgs__rosidl_typesupport_fastrtps_c.dir/rosidl_typesupport_fastrtps_c/nav_msgs/msg/detail/goals__type_support_c.cpp.o[0m
[47.270s] [ 49%] [32mBuilding CXX object CMakeFiles/nav_msgs__rosidl_typesupport_fastrtps_c.dir/rosidl_typesupport_fastrtps_c/nav_msgs/msg/detail/odometry__type_support_c.cpp.o[0m
[47.840s] [ 49%] [32mBuilding CXX object CMakeFiles/nav_msgs__rosidl_typesupport_fastrtps_c.dir/rosidl_typesupport_fastrtps_c/nav_msgs/msg/detail/path__type_support_c.cpp.o[0m
[48.391s] [ 50%] [32mBuilding CXX object CMakeFiles/nav_msgs__rosidl_typesupport_fastrtps_c.dir/rosidl_typesupport_fastrtps_c/nav_msgs/srv/detail/get_map__type_support_c.cpp.o[0m
[48.960s] [ 51%] [32mBuilding CXX object CMakeFiles/nav_msgs__rosidl_typesupport_fastrtps_c.dir/rosidl_typesupport_fastrtps_c/nav_msgs/srv/detail/get_plan__type_support_c.cpp.o[0m
[49.546s] [ 52%] [32mBuilding CXX object CMakeFiles/nav_msgs__rosidl_typesupport_fastrtps_c.dir/rosidl_typesupport_fastrtps_c/nav_msgs/srv/detail/load_map__type_support_c.cpp.o[0m
[50.133s] [ 53%] [32mBuilding CXX object CMakeFiles/nav_msgs__rosidl_typesupport_fastrtps_c.dir/rosidl_typesupport_fastrtps_c/nav_msgs/srv/detail/set_map__type_support_c.cpp.o[0m
[50.708s] [ 54%] [32mBuilding CXX object CMakeFiles/nav_msgs__rosidl_typesupport_fastrtps_c.dir/rosidl_typesupport_fastrtps_c/nav_msgs/msg/detail/occupancy_grid__type_support_c.cpp.o[0m
[51.264s] [ 55%] [32mBuilding CXX object CMakeFiles/nav_msgs__rosidl_typesupport_fastrtps_c.dir/rosidl_typesupport_fastrtps_c/nav_msgs/msg/detail/map_meta_data__type_support_c.cpp.o[0m
[51.819s] [ 55%] [32mBuilding CXX object CMakeFiles/nav_msgs__rosidl_typesupport_fastrtps_c.dir/rosidl_typesupport_fastrtps_c/nav_msgs/msg/detail/grid_cells__type_support_c.cpp.o[0m
[52.386s] [ 55%] [32m[1mLinking CXX shared library libnav_msgs__rosidl_typesupport_fastrtps_c.so[0m
[52.523s] [ 55%] Built target nav_msgs__rosidl_typesupport_fastrtps_c
[52.541s] [ 56%] [34m[1mGenerating C++ type support for eProsima Micro XRCE-DDS[0m
[54.832s] [ 57%] [32mBuilding CXX object CMakeFiles/nav_msgs__rosidl_typesupport_microxrcedds_cpp.dir/rosidl_typesupport_microxrcedds_cpp/nav_msgs/msg/detail/microxrcedds/goals__type_support_cpp.cpp.o[0m
[55.453s] [ 58%] [32mBuilding CXX object CMakeFiles/nav_msgs__rosidl_typesupport_microxrcedds_cpp.dir/rosidl_typesupport_microxrcedds_cpp/nav_msgs/msg/detail/microxrcedds/path__type_support_cpp.cpp.o[0m
[56.026s] [ 58%] [32mBuilding CXX object CMakeFiles/nav_msgs__rosidl_typesupport_microxrcedds_cpp.dir/rosidl_typesupport_microxrcedds_cpp/nav_msgs/srv/detail/microxrcedds/get_map__type_support_cpp.cpp.o[0m
[56.543s] [ 59%] [32mBuilding CXX object CMakeFiles/nav_msgs__rosidl_typesupport_microxrcedds_cpp.dir/rosidl_typesupport_microxrcedds_cpp/nav_msgs/srv/detail/microxrcedds/get_plan__type_support_cpp.cpp.o[0m
[57.068s] [ 61%] [32mBuilding CXX object CMakeFiles/nav_msgs__rosidl_typesupport_microxrcedds_cpp.dir/rosidl_typesupport_microxrcedds_cpp/nav_msgs/msg/detail/microxrcedds/odometry__type_support_cpp.cpp.o[0m
[57.068s] [ 61%] [32mBuilding CXX object CMakeFiles/nav_msgs__rosidl_typesupport_microxrcedds_cpp.dir/rosidl_typesupport_microxrcedds_cpp/nav_msgs/srv/detail/microxrcedds/load_map__type_support_cpp.cpp.o[0m
[57.584s] [ 62%] [32mBuilding CXX object CMakeFiles/nav_msgs__rosidl_typesupport_microxrcedds_cpp.dir/rosidl_typesupport_microxrcedds_cpp/nav_msgs/srv/detail/microxrcedds/set_map__type_support_cpp.cpp.o[0m
[57.612s] [ 63%] [32mBuilding CXX object CMakeFiles/nav_msgs__rosidl_typesupport_microxrcedds_cpp.dir/rosidl_typesupport_microxrcedds_cpp/nav_msgs/msg/detail/microxrcedds/occupancy_grid__type_support_cpp.cpp.o[0m
[58.115s] [ 63%] [32mBuilding CXX object CMakeFiles/nav_msgs__rosidl_typesupport_microxrcedds_cpp.dir/rosidl_typesupport_microxrcedds_cpp/nav_msgs/msg/detail/microxrcedds/map_meta_data__type_support_cpp.cpp.o[0m
[58.115s] [ 64%] [32mBuilding CXX object CMakeFiles/nav_msgs__rosidl_typesupport_microxrcedds_cpp.dir/rosidl_typesupport_microxrcedds_cpp/nav_msgs/msg/detail/microxrcedds/grid_cells__type_support_cpp.cpp.o[0m
[58.722s] [ 65%] [32m[1mLinking CXX shared library libnav_msgs__rosidl_typesupport_microxrcedds_cpp.so[0m
[58.876s] [ 65%] Built target nav_msgs__rosidl_typesupport_microxrcedds_cpp
[58.897s] [ 66%] [34m[1mGenerating C++ type support for eProsima Fast-RTPS[0m
[58.897s] [ 67%] [34m[1mGenerating C++ type support dispatch for ROS interfaces[0m
[60.557s] [ 68%] [32mBuilding CXX object CMakeFiles/nav_msgs__rosidl_typesupport_cpp.dir/rosidl_typesupport_cpp/nav_msgs/msg/map_meta_data__type_support.cpp.o[0m
[60.557s] [ 69%] [32mBuilding CXX object CMakeFiles/nav_msgs__rosidl_typesupport_cpp.dir/rosidl_typesupport_cpp/nav_msgs/msg/grid_cells__type_support.cpp.o[0m
[60.565s] [ 69%] [32mBuilding CXX object CMakeFiles/nav_msgs__rosidl_typesupport_cpp.dir/rosidl_typesupport_cpp/nav_msgs/msg/goals__type_support.cpp.o[0m
[61.080s] [ 70%] [32mBuilding CXX object CMakeFiles/nav_msgs__rosidl_typesupport_cpp.dir/rosidl_typesupport_cpp/nav_msgs/srv/get_map__type_support.cpp.o[0m
[61.199s] [ 70%] [32mBuilding CXX object CMakeFiles/nav_msgs__rosidl_typesupport_fastrtps_cpp.dir/rosidl_typesupport_fastrtps_cpp/nav_msgs/msg/detail/dds_fastrtps/goals__type_support.cpp.o[0m
[61.307s] [ 71%] [32mBuilding CXX object CMakeFiles/nav_msgs__rosidl_typesupport_fastrtps_cpp.dir/rosidl_typesupport_fastrtps_cpp/nav_msgs/msg/detail/dds_fastrtps/grid_cells__type_support.cpp.o[0m
[61.308s] [ 72%] [32mBuilding CXX object CMakeFiles/nav_msgs__rosidl_typesupport_cpp.dir/rosidl_typesupport_cpp/nav_msgs/srv/get_plan__type_support.cpp.o[0m
[61.311s] [ 73%] [32mBuilding CXX object CMakeFiles/nav_msgs__rosidl_typesupport_cpp.dir/rosidl_typesupport_cpp/nav_msgs/msg/path__type_support.cpp.o[0m
[61.320s] [ 74%] [32mBuilding CXX object CMakeFiles/nav_msgs__rosidl_typesupport_cpp.dir/rosidl_typesupport_cpp/nav_msgs/msg/odometry__type_support.cpp.o[0m
[61.322s] [ 74%] [32mBuilding CXX object CMakeFiles/nav_msgs__rosidl_typesupport_fastrtps_cpp.dir/rosidl_typesupport_fastrtps_cpp/nav_msgs/msg/detail/dds_fastrtps/map_meta_data__type_support.cpp.o[0m
[61.901s] [ 75%] [32mBuilding CXX object CMakeFiles/nav_msgs__rosidl_typesupport_fastrtps_cpp.dir/rosidl_typesupport_fastrtps_cpp/nav_msgs/msg/detail/dds_fastrtps/occupancy_grid__type_support.cpp.o[0m
[61.927s] [ 76%] [32mBuilding CXX object CMakeFiles/nav_msgs__rosidl_typesupport_cpp.dir/rosidl_typesupport_cpp/nav_msgs/msg/occupancy_grid__type_support.cpp.o[0m
[62.230s] [ 77%] [32mBuilding CXX object CMakeFiles/nav_msgs__rosidl_typesupport_fastrtps_cpp.dir/rosidl_typesupport_fastrtps_cpp/nav_msgs/msg/detail/dds_fastrtps/odometry__type_support.cpp.o[0m
[62.480s] [ 77%] [32mBuilding CXX object CMakeFiles/nav_msgs__rosidl_typesupport_cpp.dir/rosidl_typesupport_cpp/nav_msgs/srv/load_map__type_support.cpp.o[0m
[62.489s] [ 78%] [32mBuilding CXX object CMakeFiles/nav_msgs__rosidl_typesupport_fastrtps_cpp.dir/rosidl_typesupport_fastrtps_cpp/nav_msgs/srv/detail/dds_fastrtps/get_map__type_support.cpp.o[0m
[62.521s] [ 78%] [32mBuilding CXX object CMakeFiles/nav_msgs__rosidl_typesupport_fastrtps_cpp.dir/rosidl_typesupport_fastrtps_cpp/nav_msgs/msg/detail/dds_fastrtps/path__type_support.cpp.o[0m
[62.536s] [ 79%] [32mBuilding CXX object CMakeFiles/nav_msgs__rosidl_typesupport_cpp.dir/rosidl_typesupport_cpp/nav_msgs/srv/set_map__type_support.cpp.o[0m
[62.626s] [ 80%] [32mBuilding CXX object CMakeFiles/nav_msgs__rosidl_typesupport_fastrtps_cpp.dir/rosidl_typesupport_fastrtps_cpp/nav_msgs/srv/detail/dds_fastrtps/get_plan__type_support.cpp.o[0m
[63.296s] [ 81%] [32mBuilding CXX object CMakeFiles/nav_msgs__rosidl_typesupport_fastrtps_cpp.dir/rosidl_typesupport_fastrtps_cpp/nav_msgs/srv/detail/dds_fastrtps/load_map__type_support.cpp.o[0m
[63.296s] [ 81%] [32mBuilding CXX object CMakeFiles/nav_msgs__rosidl_typesupport_fastrtps_cpp.dir/rosidl_typesupport_fastrtps_cpp/nav_msgs/srv/detail/dds_fastrtps/set_map__type_support.cpp.o[0m
[63.349s] [ 82%] [32m[1mLinking CXX shared library libnav_msgs__rosidl_typesupport_cpp.so[0m
[63.481s] [ 82%] Built target nav_msgs__rosidl_typesupport_cpp
[64.484s] [ 83%] [32m[1mLinking CXX shared library libnav_msgs__rosidl_typesupport_fastrtps_cpp.so[0m
[64.643s] [ 83%] Built target nav_msgs__rosidl_typesupport_fastrtps_cpp
[64.685s] [ 83%] Built target nav_msgs
[64.727s] [ 84%] [34m[1mGenerating Python code for ROS interfaces[0m
[69.943s] [ 84%] Built target nav_msgs__py
[69.985s] [ 85%] [32mBuilding C object CMakeFiles/nav_msgs__rosidl_generator_py.dir/rosidl_generator_py/nav_msgs/msg/_goals_s.c.o[0m
[69.991s] [ 86%] [32mBuilding C object CMakeFiles/nav_msgs__rosidl_generator_py.dir/rosidl_generator_py/nav_msgs/msg/_occupancy_grid_s.c.o[0m
[69.991s] [ 86%] [32mBuilding C object CMakeFiles/nav_msgs__rosidl_generator_py.dir/rosidl_generator_py/nav_msgs/msg/_grid_cells_s.c.o[0m
[69.993s] [ 87%] [32mBuilding C object CMakeFiles/nav_msgs__rosidl_generator_py.dir/rosidl_generator_py/nav_msgs/msg/_map_meta_data_s.c.o[0m
[70.275s] [ 88%] [32mBuilding C object CMakeFiles/nav_msgs__rosidl_generator_py.dir/rosidl_generator_py/nav_msgs/srv/_get_plan_s.c.o[0m
[70.328s] [ 88%] [32mBuilding C object CMakeFiles/nav_msgs__rosidl_generator_py.dir/rosidl_generator_py/nav_msgs/srv/_load_map_s.c.o[0m
[70.354s] [ 89%] [32mBuilding C object CMakeFiles/nav_msgs__rosidl_generator_py.dir/rosidl_generator_py/nav_msgs/srv/_get_map_s.c.o[0m
[70.383s] [ 90%] [32mBuilding C object CMakeFiles/nav_msgs__rosidl_generator_py.dir/rosidl_generator_py/nav_msgs/srv/_set_map_s.c.o[0m
[70.692s] [ 91%] [32mBuilding C object CMakeFiles/nav_msgs__rosidl_generator_py.dir/rosidl_generator_py/nav_msgs/msg/_path_s.c.o[0m
[70.707s] [ 92%] [32mBuilding C object CMakeFiles/nav_msgs__rosidl_generator_py.dir/rosidl_generator_py/nav_msgs/msg/_odometry_s.c.o[0m
[71.005s] [ 93%] [32m[1mLinking C shared library rosidl_generator_py/nav_msgs/libnav_msgs__rosidl_generator_py.so[0m
[71.130s] [ 93%] Built target nav_msgs__rosidl_generator_py
[71.212s] [ 93%] [32mBuilding C object CMakeFiles/nav_msgs__rosidl_typesupport_microxrcedds_c__pyext.dir/rosidl_generator_py/nav_msgs/_nav_msgs_s.ep.rosidl_typesupport_microxrcedds_c.c.o[0m
[71.212s] [ 94%] [32mBuilding C object CMakeFiles/nav_msgs__rosidl_typesupport_introspection_c__pyext.dir/rosidl_generator_py/nav_msgs/_nav_msgs_s.ep.rosidl_typesupport_introspection_c.c.o[0m
[71.215s] [ 95%] [32mBuilding C object CMakeFiles/nav_msgs__rosidl_typesupport_c__pyext.dir/rosidl_generator_py/nav_msgs/_nav_msgs_s.ep.rosidl_typesupport_c.c.o[0m
[71.217s] [ 96%] [32mBuilding C object CMakeFiles/nav_msgs__rosidl_typesupport_fastrtps_c__pyext.dir/rosidl_generator_py/nav_msgs/_nav_msgs_s.ep.rosidl_typesupport_fastrtps_c.c.o[0m
[71.607s] [ 97%] [32m[1mLinking C shared library rosidl_generator_py/nav_msgs/nav_msgs_s__rosidl_typesupport_introspection_c.cpython-310-x86_64-linux-gnu.so[0m
[71.644s] [ 98%] [32m[1mLinking C shared library rosidl_generator_py/nav_msgs/nav_msgs_s__rosidl_typesupport_microxrcedds_c.cpython-310-x86_64-linux-gnu.so[0m
[71.664s] [ 99%] [32m[1mLinking C shared library rosidl_generator_py/nav_msgs/nav_msgs_s__rosidl_typesupport_fastrtps_c.cpython-310-x86_64-linux-gnu.so[0m
[71.664s] [100%] [32m[1mLinking C shared library rosidl_generator_py/nav_msgs/nav_msgs_s__rosidl_typesupport_c.cpython-310-x86_64-linux-gnu.so[0m
[71.745s] [100%] Built target nav_msgs__rosidl_typesupport_introspection_c__pyext
[71.761s] [100%] Built target nav_msgs__rosidl_typesupport_microxrcedds_c__pyext
[71.782s] [100%] Built target nav_msgs__rosidl_typesupport_fastrtps_c__pyext
[71.788s] [100%] Built target nav_msgs__rosidl_typesupport_c__pyext
[71.812s] Invoked command in '/home/uwr/microROS_AUV/build/nav_msgs' returned '0': AMENT_PREFIX_PATH=/home/uwr/microROS_AUV/install/geometry_msgs:/home/uwr/microROS_AUV/install/std_msgs:${AMENT_PREFIX_PATH} CMAKE_PREFIX_PATH=/home/uwr/microROS_AUV/install/geometry_msgs:/home/uwr/microROS_AUV/install/std_msgs:/home/uwr/microROS_AUV/install/builtin_interfaces:/home/uwr/microROS_AUV/install/action_msgs:/home/uwr/microROS_AUV/install/unique_identifier_msgs:/home/uwr/microROS_AUV/install/std_srvs:/home/uwr/microROS_AUV/install/rosidl_typesupport_microxrcedds_test_msg:/home/uwr/microROS_AUV/install/rosidl_typesupport_microxrcedds_cpp_tests:/home/uwr/microROS_AUV/install/rmw_microxrcedds:/home/uwr/microROS_AUV/install/rosidl_typesupport_microxrcedds_cpp:/home/uwr/microROS_AUV/install/rosidl_typesupport_microxrcedds_c_tests:/home/uwr/microROS_AUV/install/rosidl_typesupport_microxrcedds_c:/home/uwr/microROS_AUV/install/rosgraph_msgs:/home/uwr/microROS_AUV/install/microxrcedds_client:/home/uwr/microROS_AUV/install/microcdr:/home/uwr/microROS_AUV/install/micro_ros_utilities:/home/uwr/microROS_AUV/install/micro_ros_msgs:/home/uwr/microROS_AUV/install/lifecycle_msgs:/home/uwr/microROS_AUV/install/complex_msgs:/home/uwr/microROS_AUV/install/micro_ros_setup:/home/uwr/microROS_AUV/install/custom_interfaces:/home/uwr/Desktop/2024_UWR/install/kalman_filter:/home/uwr/Desktop/2024_UWR/install/sonar_msgs:/home/uwr/Desktop/2024_UWR/install/ros2-driver:/home/uwr/Desktop/2024_UWR/install/oculus_interfaces:/home/uwr/Desktop/2024_UWR/install/ntrip:/home/uwr/Desktop/2024_UWR/install/adnav-driver:/home/uwr/fls_ws/install/oculus_interfaces:/home/uwr/microROS_AUV/install/statistics_msgs:/home/uwr/microROS_AUV/install/control_pkg:/home/uwr/Desktop/2024_UWR/install/sonar_subs:/opt/ros/humble LD_LIBRARY_PATH=/home/uwr/microROS_AUV/install/geometry_msgs/lib:/home/uwr/microROS_AUV/install/std_msgs/lib:/home/uwr/microROS_AUV/install/builtin_interfaces/lib:/home/uwr/microROS_AUV/install/action_msgs/lib:/home/uwr/microROS_AUV/install/unique_identifier_msgs/lib:/home/uwr/microROS_AUV/install/std_srvs/lib:/home/uwr/microROS_AUV/install/statistics_msgs/lib:/home/uwr/microROS_AUV/install/rmw_microxrcedds/lib:/home/uwr/microROS_AUV/install/rosidl_typesupport_microxrcedds_cpp/lib:/home/uwr/microROS_AUV/install/rosidl_typesupport_microxrcedds_c/lib:/home/uwr/microROS_AUV/install/rosgraph_msgs/lib:/home/uwr/microROS_AUV/install/microxrcedds_client/lib:/home/uwr/microROS_AUV/install/microcdr/lib:/home/uwr/microROS_AUV/install/micro_ros_utilities/lib:/home/uwr/microROS_AUV/install/micro_ros_msgs/lib:/home/uwr/microROS_AUV/install/lifecycle_msgs/lib:/home/uwr/microROS_AUV/install/complex_msgs/lib:/home/uwr/microROS_AUV/install/custom_interfaces/lib:/home/uwr/oculus_driver/install/lib:/home/uwr/Desktop/2024_UWR/install/sonar_msgs/lib:/home/uwr/Desktop/2024_UWR/install/oculus_interfaces/lib:/home/uwr/fls_ws/install/oculus_interfaces/lib:/opt/ros/humble/opt/rviz_ogre_vendor/lib:/opt/ros/humble/lib/x86_64-linux-gnu:/opt/ros/humble/lib PYTHONPATH=/home/uwr/microROS_AUV/install/geometry_msgs/local/lib/python3.10/dist-packages:/home/uwr/microROS_AUV/install/std_msgs/local/lib/python3.10/dist-packages:${PYTHONPATH} /usr/bin/cmake --build /home/uwr/microROS_AUV/build/nav_msgs -- -j8 -l8
[72.531s] Invoking command in '/home/uwr/microROS_AUV/build/nav_msgs': AMENT_PREFIX_PATH=/home/uwr/microROS_AUV/install/geometry_msgs:/home/uwr/microROS_AUV/install/std_msgs:${AMENT_PREFIX_PATH} CMAKE_PREFIX_PATH=/home/uwr/microROS_AUV/install/geometry_msgs:/home/uwr/microROS_AUV/install/std_msgs:/home/uwr/microROS_AUV/install/builtin_interfaces:/home/uwr/microROS_AUV/install/action_msgs:/home/uwr/microROS_AUV/install/unique_identifier_msgs:/home/uwr/microROS_AUV/install/std_srvs:/home/uwr/microROS_AUV/install/rosidl_typesupport_microxrcedds_test_msg:/home/uwr/microROS_AUV/install/rosidl_typesupport_microxrcedds_cpp_tests:/home/uwr/microROS_AUV/install/rmw_microxrcedds:/home/uwr/microROS_AUV/install/rosidl_typesupport_microxrcedds_cpp:/home/uwr/microROS_AUV/install/rosidl_typesupport_microxrcedds_c_tests:/home/uwr/microROS_AUV/install/rosidl_typesupport_microxrcedds_c:/home/uwr/microROS_AUV/install/rosgraph_msgs:/home/uwr/microROS_AUV/install/microxrcedds_client:/home/uwr/microROS_AUV/install/microcdr:/home/uwr/microROS_AUV/install/micro_ros_utilities:/home/uwr/microROS_AUV/install/micro_ros_msgs:/home/uwr/microROS_AUV/install/lifecycle_msgs:/home/uwr/microROS_AUV/install/complex_msgs:/home/uwr/microROS_AUV/install/micro_ros_setup:/home/uwr/microROS_AUV/install/custom_interfaces:/home/uwr/Desktop/2024_UWR/install/kalman_filter:/home/uwr/Desktop/2024_UWR/install/sonar_msgs:/home/uwr/Desktop/2024_UWR/install/ros2-driver:/home/uwr/Desktop/2024_UWR/install/oculus_interfaces:/home/uwr/Desktop/2024_UWR/install/ntrip:/home/uwr/Desktop/2024_UWR/install/adnav-driver:/home/uwr/fls_ws/install/oculus_interfaces:/home/uwr/microROS_AUV/install/statistics_msgs:/home/uwr/microROS_AUV/install/control_pkg:/home/uwr/Desktop/2024_UWR/install/sonar_subs:/opt/ros/humble LD_LIBRARY_PATH=/home/uwr/microROS_AUV/install/geometry_msgs/lib:/home/uwr/microROS_AUV/install/std_msgs/lib:/home/uwr/microROS_AUV/install/builtin_interfaces/lib:/home/uwr/microROS_AUV/install/action_msgs/lib:/home/uwr/microROS_AUV/install/unique_identifier_msgs/lib:/home/uwr/microROS_AUV/install/std_srvs/lib:/home/uwr/microROS_AUV/install/statistics_msgs/lib:/home/uwr/microROS_AUV/install/rmw_microxrcedds/lib:/home/uwr/microROS_AUV/install/rosidl_typesupport_microxrcedds_cpp/lib:/home/uwr/microROS_AUV/install/rosidl_typesupport_microxrcedds_c/lib:/home/uwr/microROS_AUV/install/rosgraph_msgs/lib:/home/uwr/microROS_AUV/install/microxrcedds_client/lib:/home/uwr/microROS_AUV/install/microcdr/lib:/home/uwr/microROS_AUV/install/micro_ros_utilities/lib:/home/uwr/microROS_AUV/install/micro_ros_msgs/lib:/home/uwr/microROS_AUV/install/lifecycle_msgs/lib:/home/uwr/microROS_AUV/install/complex_msgs/lib:/home/uwr/microROS_AUV/install/custom_interfaces/lib:/home/uwr/oculus_driver/install/lib:/home/uwr/Desktop/2024_UWR/install/sonar_msgs/lib:/home/uwr/Desktop/2024_UWR/install/oculus_interfaces/lib:/home/uwr/fls_ws/install/oculus_interfaces/lib:/opt/ros/humble/opt/rviz_ogre_vendor/lib:/opt/ros/humble/lib/x86_64-linux-gnu:/opt/ros/humble/lib PYTHONPATH=/home/uwr/microROS_AUV/install/geometry_msgs/local/lib/python3.10/dist-packages:/home/uwr/microROS_AUV/install/std_msgs/local/lib/python3.10/dist-packages:${PYTHONPATH} /usr/bin/cmake --install /home/uwr/microROS_AUV/build/nav_msgs
[72.546s] -- Install configuration: ""
[72.546s] -- Installing: /home/uwr/microROS_AUV/install/nav_msgs/share/ament_index/resource_index/rosidl_interfaces/nav_msgs
[72.547s] -- Installing: /home/uwr/microROS_AUV/install/nav_msgs/include/nav_msgs/nav_msgs
[72.547s] -- Installing: /home/uwr/microROS_AUV/install/nav_msgs/include/nav_msgs/nav_msgs/msg
[72.547s] -- Installing: /home/uwr/microROS_AUV/install/nav_msgs/include/nav_msgs/nav_msgs/msg/grid_cells.h
[72.547s] -- Installing: /home/uwr/microROS_AUV/install/nav_msgs/include/nav_msgs/nav_msgs/msg/rosidl_generator_c__visibility_control.h
[72.548s] -- Installing: /home/uwr/microROS_AUV/install/nav_msgs/include/nav_msgs/nav_msgs/msg/odometry.h
[72.548s] -- Installing: /home/uwr/microROS_AUV/install/nav_msgs/include/nav_msgs/nav_msgs/msg/map_meta_data.h
[72.548s] -- Installing: /home/uwr/microROS_AUV/install/nav_msgs/include/nav_msgs/nav_msgs/msg/detail
[72.548s] -- Installing: /home/uwr/microROS_AUV/install/nav_msgs/include/nav_msgs/nav_msgs/msg/detail/goals__functions.h
[72.549s] -- Installing: /home/uwr/microROS_AUV/install/nav_msgs/include/nav_msgs/nav_msgs/msg/detail/occupancy_grid__functions.h
[72.549s] -- Installing: /home/uwr/microROS_AUV/install/nav_msgs/include/nav_msgs/nav_msgs/msg/detail/occupancy_grid__struct.h
[72.549s] -- Installing: /home/uwr/microROS_AUV/install/nav_msgs/include/nav_msgs/nav_msgs/msg/detail/map_meta_data__functions.c
[72.549s] -- Installing: /home/uwr/microROS_AUV/install/nav_msgs/include/nav_msgs/nav_msgs/msg/detail/odometry__functions.h
[72.549s] -- Installing: /home/uwr/microROS_AUV/install/nav_msgs/include/nav_msgs/nav_msgs/msg/detail/odometry__functions.c
[72.550s] -- Installing: /home/uwr/microROS_AUV/install/nav_msgs/include/nav_msgs/nav_msgs/msg/detail/map_meta_data__functions.h
[72.550s] -- Installing: /home/uwr/microROS_AUV/install/nav_msgs/include/nav_msgs/nav_msgs/msg/detail/odometry__type_support.h
[72.550s] -- Installing: /home/uwr/microROS_AUV/install/nav_msgs/include/nav_msgs/nav_msgs/msg/detail/path__type_support.h
[72.550s] -- Installing: /home/uwr/microROS_AUV/install/nav_msgs/include/nav_msgs/nav_msgs/msg/detail/odometry__struct.h
[72.550s] -- Installing: /home/uwr/microROS_AUV/install/nav_msgs/include/nav_msgs/nav_msgs/msg/detail/path__struct.h
[72.551s] -- Installing: /home/uwr/microROS_AUV/install/nav_msgs/include/nav_msgs/nav_msgs/msg/detail/goals__struct.h
[72.551s] -- Installing: /home/uwr/microROS_AUV/install/nav_msgs/include/nav_msgs/nav_msgs/msg/detail/grid_cells__type_support.h
[72.551s] -- Installing: /home/uwr/microROS_AUV/install/nav_msgs/include/nav_msgs/nav_msgs/msg/detail/path__functions.c
[72.551s] -- Installing: /home/uwr/microROS_AUV/install/nav_msgs/include/nav_msgs/nav_msgs/msg/detail/occupancy_grid__functions.c
[72.552s] -- Installing: /home/uwr/microROS_AUV/install/nav_msgs/include/nav_msgs/nav_msgs/msg/detail/grid_cells__functions.c
[72.552s] -- Installing: /home/uwr/microROS_AUV/install/nav_msgs/include/nav_msgs/nav_msgs/msg/detail/path__functions.h
[72.552s] -- Installing: /home/uwr/microROS_AUV/install/nav_msgs/include/nav_msgs/nav_msgs/msg/detail/goals__type_support.h
[72.552s] -- Installing: /home/uwr/microROS_AUV/install/nav_msgs/include/nav_msgs/nav_msgs/msg/detail/occupancy_grid__type_support.h
[72.553s] -- Installing: /home/uwr/microROS_AUV/install/nav_msgs/include/nav_msgs/nav_msgs/msg/detail/map_meta_data__struct.h
[72.553s] -- Installing: /home/uwr/microROS_AUV/install/nav_msgs/include/nav_msgs/nav_msgs/msg/detail/grid_cells__struct.h
[72.553s] -- Installing: /home/uwr/microROS_AUV/install/nav_msgs/include/nav_msgs/nav_msgs/msg/detail/grid_cells__functions.h
[72.553s] -- Installing: /home/uwr/microROS_AUV/install/nav_msgs/include/nav_msgs/nav_msgs/msg/detail/map_meta_data__type_support.h
[72.553s] -- Installing: /home/uwr/microROS_AUV/install/nav_msgs/include/nav_msgs/nav_msgs/msg/detail/goals__functions.c
[72.554s] -- Installing: /home/uwr/microROS_AUV/install/nav_msgs/include/nav_msgs/nav_msgs/msg/goals.h
[72.554s] -- Installing: /home/uwr/microROS_AUV/install/nav_msgs/include/nav_msgs/nav_msgs/msg/path.h
[72.554s] -- Installing: /home/uwr/microROS_AUV/install/nav_msgs/include/nav_msgs/nav_msgs/msg/occupancy_grid.h
[72.554s] -- Installing: /home/uwr/microROS_AUV/install/nav_msgs/include/nav_msgs/nav_msgs/srv
[72.554s] -- Installing: /home/uwr/microROS_AUV/install/nav_msgs/include/nav_msgs/nav_msgs/srv/get_plan.h
[72.555s] -- Installing: /home/uwr/microROS_AUV/install/nav_msgs/include/nav_msgs/nav_msgs/srv/set_map.h
[72.555s] -- Installing: /home/uwr/microROS_AUV/install/nav_msgs/include/nav_msgs/nav_msgs/srv/detail
[72.555s] -- Installing: /home/uwr/microROS_AUV/install/nav_msgs/include/nav_msgs/nav_msgs/srv/detail/set_map__type_support.h
[72.555s] -- Installing: /home/uwr/microROS_AUV/install/nav_msgs/include/nav_msgs/nav_msgs/srv/detail/load_map__functions.c
[72.555s] -- Installing: /home/uwr/microROS_AUV/install/nav_msgs/include/nav_msgs/nav_msgs/srv/detail/load_map__functions.h
[72.556s] -- Installing: /home/uwr/microROS_AUV/install/nav_msgs/include/nav_msgs/nav_msgs/srv/detail/get_plan__struct.h
[72.556s] -- Installing: /home/uwr/microROS_AUV/install/nav_msgs/include/nav_msgs/nav_msgs/srv/detail/get_map__type_support.h
[72.556s] -- Installing: /home/uwr/microROS_AUV/install/nav_msgs/include/nav_msgs/nav_msgs/srv/detail/get_map__functions.h
[72.556s] -- Installing: /home/uwr/microROS_AUV/install/nav_msgs/include/nav_msgs/nav_msgs/srv/detail/set_map__functions.c
[72.557s] -- Installing: /home/uwr/microROS_AUV/install/nav_msgs/include/nav_msgs/nav_msgs/srv/detail/get_map__struct.h
[72.557s] -- Installing: /home/uwr/microROS_AUV/install/nav_msgs/include/nav_msgs/nav_msgs/srv/detail/load_map__type_support.h
[72.557s] -- Installing: /home/uwr/microROS_AUV/install/nav_msgs/include/nav_msgs/nav_msgs/srv/detail/get_map__functions.c
[72.557s] -- Installing: /home/uwr/microROS_AUV/install/nav_msgs/include/nav_msgs/nav_msgs/srv/detail/get_plan__functions.c
[72.557s] -- Installing: /home/uwr/microROS_AUV/install/nav_msgs/include/nav_msgs/nav_msgs/srv/detail/get_plan__functions.h
[72.558s] -- Installing: /home/uwr/microROS_AUV/install/nav_msgs/include/nav_msgs/nav_msgs/srv/detail/load_map__struct.h
[72.558s] -- Installing: /home/uwr/microROS_AUV/install/nav_msgs/include/nav_msgs/nav_msgs/srv/detail/get_plan__type_support.h
[72.558s] -- Installing: /home/uwr/microROS_AUV/install/nav_msgs/include/nav_msgs/nav_msgs/srv/detail/set_map__struct.h
[72.558s] -- Installing: /home/uwr/microROS_AUV/install/nav_msgs/include/nav_msgs/nav_msgs/srv/detail/set_map__functions.h
[72.558s] -- Installing: /home/uwr/microROS_AUV/install/nav_msgs/include/nav_msgs/nav_msgs/srv/get_map.h
[72.559s] -- Installing: /home/uwr/microROS_AUV/install/nav_msgs/include/nav_msgs/nav_msgs/srv/load_map.h
[72.559s] -- Installing: /home/uwr/microROS_AUV/install/nav_msgs/share/nav_msgs/environment/library_path.sh
[72.559s] -- Installing: /home/uwr/microROS_AUV/install/nav_msgs/share/nav_msgs/environment/library_path.dsv
[72.560s] -- Installing: /home/uwr/microROS_AUV/install/nav_msgs/lib/libnav_msgs__rosidl_generator_c.so
[72.560s] -- Set runtime path of "/home/uwr/microROS_AUV/install/nav_msgs/lib/libnav_msgs__rosidl_generator_c.so" to ""
[72.560s] -- Up-to-date: /home/uwr/microROS_AUV/install/nav_msgs/include/nav_msgs/nav_msgs
[72.560s] -- Up-to-date: /home/uwr/microROS_AUV/install/nav_msgs/include/nav_msgs/nav_msgs/msg
[72.560s] -- Up-to-date: /home/uwr/microROS_AUV/install/nav_msgs/include/nav_msgs/nav_msgs/msg/detail
[72.561s] -- Installing: /home/uwr/microROS_AUV/install/nav_msgs/include/nav_msgs/nav_msgs/msg/detail/grid_cells__rosidl_typesupport_fastrtps_c.h
[72.561s] -- Installing: /home/uwr/microROS_AUV/install/nav_msgs/include/nav_msgs/nav_msgs/msg/detail/goals__rosidl_typesupport_fastrtps_c.h
[72.561s] -- Installing: /home/uwr/microROS_AUV/install/nav_msgs/include/nav_msgs/nav_msgs/msg/detail/map_meta_data__rosidl_typesupport_fastrtps_c.h
[72.561s] -- Installing: /home/uwr/microROS_AUV/install/nav_msgs/include/nav_msgs/nav_msgs/msg/detail/occupancy_grid__rosidl_typesupport_fastrtps_c.h
[72.561s] -- Installing: /home/uwr/microROS_AUV/install/nav_msgs/include/nav_msgs/nav_msgs/msg/detail/odometry__rosidl_typesupport_fastrtps_c.h
[72.562s] -- Installing: /home/uwr/microROS_AUV/install/nav_msgs/include/nav_msgs/nav_msgs/msg/detail/path__rosidl_typesupport_fastrtps_c.h
[72.562s] -- Installing: /home/uwr/microROS_AUV/install/nav_msgs/include/nav_msgs/nav_msgs/msg/rosidl_typesupport_fastrtps_c__visibility_control.h
[72.562s] -- Up-to-date: /home/uwr/microROS_AUV/install/nav_msgs/include/nav_msgs/nav_msgs/srv
[72.562s] -- Up-to-date: /home/uwr/microROS_AUV/install/nav_msgs/include/nav_msgs/nav_msgs/srv/detail
[72.562s] -- Installing: /home/uwr/microROS_AUV/install/nav_msgs/include/nav_msgs/nav_msgs/srv/detail/load_map__rosidl_typesupport_fastrtps_c.h
[72.563s] -- Installing: /home/uwr/microROS_AUV/install/nav_msgs/include/nav_msgs/nav_msgs/srv/detail/get_plan__rosidl_typesupport_fastrtps_c.h
[72.563s] -- Installing: /home/uwr/microROS_AUV/install/nav_msgs/include/nav_msgs/nav_msgs/srv/detail/set_map__rosidl_typesupport_fastrtps_c.h
[72.563s] -- Installing: /home/uwr/microROS_AUV/install/nav_msgs/include/nav_msgs/nav_msgs/srv/detail/get_map__rosidl_typesupport_fastrtps_c.h
[72.563s] -- Installing: /home/uwr/microROS_AUV/install/nav_msgs/lib/libnav_msgs__rosidl_typesupport_fastrtps_c.so
[72.563s] -- Set runtime path of "/home/uwr/microROS_AUV/install/nav_msgs/lib/libnav_msgs__rosidl_typesupport_fastrtps_c.so" to ""
[72.564s] -- Up-to-date: /home/uwr/microROS_AUV/install/nav_msgs/include/nav_msgs/nav_msgs
[72.564s] -- Up-to-date: /home/uwr/microROS_AUV/install/nav_msgs/include/nav_msgs/nav_msgs/msg
[72.564s] -- Installing: /home/uwr/microROS_AUV/install/nav_msgs/include/nav_msgs/nav_msgs/msg/goals.hpp
[72.564s] -- Up-to-date: /home/uwr/microROS_AUV/install/nav_msgs/include/nav_msgs/nav_msgs/msg/detail
[72.564s] -- Installing: /home/uwr/microROS_AUV/install/nav_msgs/include/nav_msgs/nav_msgs/msg/detail/goals__struct.hpp
[72.565s] -- Installing: /home/uwr/microROS_AUV/install/nav_msgs/include/nav_msgs/nav_msgs/msg/detail/map_meta_data__builder.hpp
[72.565s] -- Installing: /home/uwr/microROS_AUV/install/nav_msgs/include/nav_msgs/nav_msgs/msg/detail/grid_cells__builder.hpp
[72.565s] -- Installing: /home/uwr/microROS_AUV/install/nav_msgs/include/nav_msgs/nav_msgs/msg/detail/path__traits.hpp
[72.565s] -- Installing: /home/uwr/microROS_AUV/install/nav_msgs/include/nav_msgs/nav_msgs/msg/detail/map_meta_data__traits.hpp
[72.565s] -- Installing: /home/uwr/microROS_AUV/install/nav_msgs/include/nav_msgs/nav_msgs/msg/detail/path__struct.hpp
[72.566s] -- Installing: /home/uwr/microROS_AUV/install/nav_msgs/include/nav_msgs/nav_msgs/msg/detail/odometry__builder.hpp
[72.566s] -- Installing: /home/uwr/microROS_AUV/install/nav_msgs/include/nav_msgs/nav_msgs/msg/detail/odometry__struct.hpp
[72.566s] -- Installing: /home/uwr/microROS_AUV/install/nav_msgs/include/nav_msgs/nav_msgs/msg/detail/grid_cells__traits.hpp
[72.566s] -- Installing: /home/uwr/microROS_AUV/install/nav_msgs/include/nav_msgs/nav_msgs/msg/detail/goals__traits.hpp
[72.567s] -- Installing: /home/uwr/microROS_AUV/install/nav_msgs/include/nav_msgs/nav_msgs/msg/detail/path__builder.hpp
[72.567s] -- Installing: /home/uwr/microROS_AUV/install/nav_msgs/include/nav_msgs/nav_msgs/msg/detail/map_meta_data__struct.hpp
[72.567s] -- Installing: /home/uwr/microROS_AUV/install/nav_msgs/include/nav_msgs/nav_msgs/msg/detail/occupancy_grid__builder.hpp
[72.567s] -- Installing: /home/uwr/microROS_AUV/install/nav_msgs/include/nav_msgs/nav_msgs/msg/detail/occupancy_grid__struct.hpp
[72.567s] -- Installing: /home/uwr/microROS_AUV/install/nav_msgs/include/nav_msgs/nav_msgs/msg/detail/goals__builder.hpp
[72.568s] -- Installing: /home/uwr/microROS_AUV/install/nav_msgs/include/nav_msgs/nav_msgs/msg/detail/occupancy_grid__traits.hpp
[72.568s] -- Installing: /home/uwr/microROS_AUV/install/nav_msgs/include/nav_msgs/nav_msgs/msg/detail/grid_cells__struct.hpp
[72.568s] -- Installing: /home/uwr/microROS_AUV/install/nav_msgs/include/nav_msgs/nav_msgs/msg/detail/odometry__traits.hpp
[72.568s] -- Installing: /home/uwr/microROS_AUV/install/nav_msgs/include/nav_msgs/nav_msgs/msg/map_meta_data.hpp
[72.569s] -- Installing: /home/uwr/microROS_AUV/install/nav_msgs/include/nav_msgs/nav_msgs/msg/occupancy_grid.hpp
[72.569s] -- Installing: /home/uwr/microROS_AUV/install/nav_msgs/include/nav_msgs/nav_msgs/msg/grid_cells.hpp
[72.569s] -- Installing: /home/uwr/microROS_AUV/install/nav_msgs/include/nav_msgs/nav_msgs/msg/odometry.hpp
[72.569s] -- Installing: /home/uwr/microROS_AUV/install/nav_msgs/include/nav_msgs/nav_msgs/msg/path.hpp
[72.570s] -- Up-to-date: /home/uwr/microROS_AUV/install/nav_msgs/include/nav_msgs/nav_msgs/srv
[72.570s] -- Installing: /home/uwr/microROS_AUV/install/nav_msgs/include/nav_msgs/nav_msgs/srv/load_map.hpp
[72.570s] -- Installing: /home/uwr/microROS_AUV/install/nav_msgs/include/nav_msgs/nav_msgs/srv/get_map.hpp
[72.570s] -- Installing: /home/uwr/microROS_AUV/install/nav_msgs/include/nav_msgs/nav_msgs/srv/set_map.hpp
[72.570s] -- Up-to-date: /home/uwr/microROS_AUV/install/nav_msgs/include/nav_msgs/nav_msgs/srv/detail
[72.571s] -- Installing: /home/uwr/microROS_AUV/install/nav_msgs/include/nav_msgs/nav_msgs/srv/detail/get_plan__builder.hpp
[72.571s] -- Installing: /home/uwr/microROS_AUV/install/nav_msgs/include/nav_msgs/nav_msgs/srv/detail/get_map__struct.hpp
[72.571s] -- Installing: /home/uwr/microROS_AUV/install/nav_msgs/include/nav_msgs/nav_msgs/srv/detail/get_plan__traits.hpp
[72.571s] -- Installing: /home/uwr/microROS_AUV/install/nav_msgs/include/nav_msgs/nav_msgs/srv/detail/load_map__builder.hpp
[72.572s] -- Installing: /home/uwr/microROS_AUV/install/nav_msgs/include/nav_msgs/nav_msgs/srv/detail/set_map__struct.hpp
[72.572s] -- Installing: /home/uwr/microROS_AUV/install/nav_msgs/include/nav_msgs/nav_msgs/srv/detail/set_map__traits.hpp
[72.572s] -- Installing: /home/uwr/microROS_AUV/install/nav_msgs/include/nav_msgs/nav_msgs/srv/detail/get_map__traits.hpp
[72.572s] -- Installing: /home/uwr/microROS_AUV/install/nav_msgs/include/nav_msgs/nav_msgs/srv/detail/get_plan__struct.hpp
[72.572s] -- Installing: /home/uwr/microROS_AUV/install/nav_msgs/include/nav_msgs/nav_msgs/srv/detail/load_map__traits.hpp
[72.573s] -- Installing: /home/uwr/microROS_AUV/install/nav_msgs/include/nav_msgs/nav_msgs/srv/detail/get_map__builder.hpp
[72.573s] -- Installing: /home/uwr/microROS_AUV/install/nav_msgs/include/nav_msgs/nav_msgs/srv/detail/load_map__struct.hpp
[72.573s] -- Installing: /home/uwr/microROS_AUV/install/nav_msgs/include/nav_msgs/nav_msgs/srv/detail/set_map__builder.hpp
[72.573s] -- Installing: /home/uwr/microROS_AUV/install/nav_msgs/include/nav_msgs/nav_msgs/srv/get_plan.hpp
[72.573s] -- Up-to-date: /home/uwr/microROS_AUV/install/nav_msgs/include/nav_msgs/nav_msgs
[72.574s] -- Up-to-date: /home/uwr/microROS_AUV/install/nav_msgs/include/nav_msgs/nav_msgs/msg
[72.574s] -- Up-to-date: /home/uwr/microROS_AUV/install/nav_msgs/include/nav_msgs/nav_msgs/msg/detail
[72.574s] -- Installing: /home/uwr/microROS_AUV/install/nav_msgs/include/nav_msgs/nav_msgs/msg/detail/grid_cells__rosidl_typesupport_fastrtps_cpp.hpp
[72.574s] -- Installing: /home/uwr/microROS_AUV/install/nav_msgs/include/nav_msgs/nav_msgs/msg/detail/odometry__rosidl_typesupport_fastrtps_cpp.hpp
[72.575s] -- Installing: /home/uwr/microROS_AUV/install/nav_msgs/include/nav_msgs/nav_msgs/msg/detail/goals__rosidl_typesupport_fastrtps_cpp.hpp
[72.575s] -- Installing: /home/uwr/microROS_AUV/install/nav_msgs/include/nav_msgs/nav_msgs/msg/detail/path__rosidl_typesupport_fastrtps_cpp.hpp
[72.575s] -- Installing: /home/uwr/microROS_AUV/install/nav_msgs/include/nav_msgs/nav_msgs/msg/detail/map_meta_data__rosidl_typesupport_fastrtps_cpp.hpp
[72.575s] -- Installing: /home/uwr/microROS_AUV/install/nav_msgs/include/nav_msgs/nav_msgs/msg/detail/occupancy_grid__rosidl_typesupport_fastrtps_cpp.hpp
[72.575s] -- Installing: /home/uwr/microROS_AUV/install/nav_msgs/include/nav_msgs/nav_msgs/msg/detail/dds_fastrtps
[72.576s] -- Installing: /home/uwr/microROS_AUV/install/nav_msgs/include/nav_msgs/nav_msgs/msg/rosidl_typesupport_fastrtps_cpp__visibility_control.h
[72.576s] -- Up-to-date: /home/uwr/microROS_AUV/install/nav_msgs/include/nav_msgs/nav_msgs/srv
[72.576s] -- Up-to-date: /home/uwr/microROS_AUV/install/nav_msgs/include/nav_msgs/nav_msgs/srv/detail
[72.576s] -- Installing: /home/uwr/microROS_AUV/install/nav_msgs/include/nav_msgs/nav_msgs/srv/detail/load_map__rosidl_typesupport_fastrtps_cpp.hpp
[72.577s] -- Installing: /home/uwr/microROS_AUV/install/nav_msgs/include/nav_msgs/nav_msgs/srv/detail/get_map__rosidl_typesupport_fastrtps_cpp.hpp
[72.577s] -- Installing: /home/uwr/microROS_AUV/install/nav_msgs/include/nav_msgs/nav_msgs/srv/detail/set_map__rosidl_typesupport_fastrtps_cpp.hpp
[72.577s] -- Installing: /home/uwr/microROS_AUV/install/nav_msgs/include/nav_msgs/nav_msgs/srv/detail/get_plan__rosidl_typesupport_fastrtps_cpp.hpp
[72.577s] -- Installing: /home/uwr/microROS_AUV/install/nav_msgs/include/nav_msgs/nav_msgs/srv/detail/dds_fastrtps
[72.577s] -- Installing: /home/uwr/microROS_AUV/install/nav_msgs/lib/libnav_msgs__rosidl_typesupport_fastrtps_cpp.so
[72.578s] -- Set runtime path of "/home/uwr/microROS_AUV/install/nav_msgs/lib/libnav_msgs__rosidl_typesupport_fastrtps_cpp.so" to ""
[72.578s] -- Up-to-date: /home/uwr/microROS_AUV/install/nav_msgs/include/nav_msgs
[72.578s] -- Installing: /home/uwr/microROS_AUV/install/nav_msgs/include/nav_msgs/msg
[72.578s] -- Installing: /home/uwr/microROS_AUV/install/nav_msgs/include/nav_msgs/msg/rosidl_typesupport_microxrcedds_c__visibility_control.h
[72.578s] -- Installing: /home/uwr/microROS_AUV/install/nav_msgs/include/nav_msgs/msg/detail
[72.579s] -- Installing: /home/uwr/microROS_AUV/install/nav_msgs/include/nav_msgs/msg/detail/occupancy_grid__rosidl_typesupport_microxrcedds_c.h
[72.579s] -- Installing: /home/uwr/microROS_AUV/install/nav_msgs/include/nav_msgs/msg/detail/grid_cells__rosidl_typesupport_microxrcedds_c.h
[72.579s] -- Installing: /home/uwr/microROS_AUV/install/nav_msgs/include/nav_msgs/msg/detail/map_meta_data__rosidl_typesupport_microxrcedds_c.h
[72.579s] -- Installing: /home/uwr/microROS_AUV/install/nav_msgs/include/nav_msgs/msg/detail/path__rosidl_typesupport_microxrcedds_c.h
[72.579s] -- Installing: /home/uwr/microROS_AUV/install/nav_msgs/include/nav_msgs/msg/detail/odometry__rosidl_typesupport_microxrcedds_c.h
[72.580s] -- Installing: /home/uwr/microROS_AUV/install/nav_msgs/include/nav_msgs/msg/detail/microxrcedds
[72.580s] -- Installing: /home/uwr/microROS_AUV/install/nav_msgs/include/nav_msgs/msg/detail/goals__rosidl_typesupport_microxrcedds_c.h
[72.580s] -- Installing: /home/uwr/microROS_AUV/install/nav_msgs/include/nav_msgs/srv
[72.580s] -- Installing: /home/uwr/microROS_AUV/install/nav_msgs/include/nav_msgs/srv/detail
[72.580s] -- Installing: /home/uwr/microROS_AUV/install/nav_msgs/include/nav_msgs/srv/detail/get_plan__rosidl_typesupport_microxrcedds_c.h
[72.581s] -- Installing: /home/uwr/microROS_AUV/install/nav_msgs/include/nav_msgs/srv/detail/set_map__rosidl_typesupport_microxrcedds_c.h
[72.581s] -- Installing: /home/uwr/microROS_AUV/install/nav_msgs/include/nav_msgs/srv/detail/get_map__rosidl_typesupport_microxrcedds_c.h
[72.581s] -- Installing: /home/uwr/microROS_AUV/install/nav_msgs/include/nav_msgs/srv/detail/microxrcedds
[72.581s] -- Installing: /home/uwr/microROS_AUV/install/nav_msgs/include/nav_msgs/srv/detail/load_map__rosidl_typesupport_microxrcedds_c.h
[72.581s] -- Installing: /home/uwr/microROS_AUV/install/nav_msgs/lib/libnav_msgs__rosidl_typesupport_microxrcedds_c.so
[72.582s] -- Set runtime path of "/home/uwr/microROS_AUV/install/nav_msgs/lib/libnav_msgs__rosidl_typesupport_microxrcedds_c.so" to ""
[72.582s] -- Up-to-date: /home/uwr/microROS_AUV/install/nav_msgs/include/nav_msgs/nav_msgs
[72.582s] -- Up-to-date: /home/uwr/microROS_AUV/install/nav_msgs/include/nav_msgs/nav_msgs/msg
[72.583s] -- Installing: /home/uwr/microROS_AUV/install/nav_msgs/include/nav_msgs/nav_msgs/msg/rosidl_typesupport_introspection_c__visibility_control.h
[72.583s] -- Up-to-date: /home/uwr/microROS_AUV/install/nav_msgs/include/nav_msgs/nav_msgs/msg/detail
[72.583s] -- Installing: /home/uwr/microROS_AUV/install/nav_msgs/include/nav_msgs/nav_msgs/msg/detail/grid_cells__type_support.c
[72.583s] -- Installing: /home/uwr/microROS_AUV/install/nav_msgs/include/nav_msgs/nav_msgs/msg/detail/grid_cells__rosidl_typesupport_introspection_c.h
[72.583s] -- Installing: /home/uwr/microROS_AUV/install/nav_msgs/include/nav_msgs/nav_msgs/msg/detail/goals__rosidl_typesupport_introspection_c.h
[72.584s] -- Installing: /home/uwr/microROS_AUV/install/nav_msgs/include/nav_msgs/nav_msgs/msg/detail/map_meta_data__rosidl_typesupport_introspection_c.h
[72.584s] -- Installing: /home/uwr/microROS_AUV/install/nav_msgs/include/nav_msgs/nav_msgs/msg/detail/occupancy_grid__rosidl_typesupport_introspection_c.h
[72.584s] -- Installing: /home/uwr/microROS_AUV/install/nav_msgs/include/nav_msgs/nav_msgs/msg/detail/path__type_support.c
[72.584s] -- Installing: /home/uwr/microROS_AUV/install/nav_msgs/include/nav_msgs/nav_msgs/msg/detail/path__rosidl_typesupport_introspection_c.h
[72.584s] -- Installing: /home/uwr/microROS_AUV/install/nav_msgs/include/nav_msgs/nav_msgs/msg/detail/odometry__type_support.c
[72.584s] -- Installing: /home/uwr/microROS_AUV/install/nav_msgs/include/nav_msgs/nav_msgs/msg/detail/goals__type_support.c
[72.585s] -- Installing: /home/uwr/microROS_AUV/install/nav_msgs/include/nav_msgs/nav_msgs/msg/detail/odometry__rosidl_typesupport_introspection_c.h
[72.585s] -- Installing: /home/uwr/microROS_AUV/install/nav_msgs/include/nav_msgs/nav_msgs/msg/detail/occupancy_grid__type_support.c
[72.585s] -- Installing: /home/uwr/microROS_AUV/install/nav_msgs/include/nav_msgs/nav_msgs/msg/detail/map_meta_data__type_support.c
[72.585s] -- Up-to-date: /home/uwr/microROS_AUV/install/nav_msgs/include/nav_msgs/nav_msgs/srv
[72.585s] -- Up-to-date: /home/uwr/microROS_AUV/install/nav_msgs/include/nav_msgs/nav_msgs/srv/detail
[72.586s] -- Installing: /home/uwr/microROS_AUV/install/nav_msgs/include/nav_msgs/nav_msgs/srv/detail/get_map__type_support.c
[72.586s] -- Installing: /home/uwr/microROS_AUV/install/nav_msgs/include/nav_msgs/nav_msgs/srv/detail/get_plan__type_support.c
[72.586s] -- Installing: /home/uwr/microROS_AUV/install/nav_msgs/include/nav_msgs/nav_msgs/srv/detail/load_map__rosidl_typesupport_introspection_c.h
[72.586s] -- Installing: /home/uwr/microROS_AUV/install/nav_msgs/include/nav_msgs/nav_msgs/srv/detail/get_plan__rosidl_typesupport_introspection_c.h
[72.586s] -- Installing: /home/uwr/microROS_AUV/install/nav_msgs/include/nav_msgs/nav_msgs/srv/detail/load_map__type_support.c
[72.586s] -- Installing: /home/uwr/microROS_AUV/install/nav_msgs/include/nav_msgs/nav_msgs/srv/detail/set_map__type_support.c
[72.587s] -- Installing: /home/uwr/microROS_AUV/install/nav_msgs/include/nav_msgs/nav_msgs/srv/detail/set_map__rosidl_typesupport_introspection_c.h
[72.587s] -- Installing: /home/uwr/microROS_AUV/install/nav_msgs/include/nav_msgs/nav_msgs/srv/detail/get_map__rosidl_typesupport_introspection_c.h
[72.587s] -- Installing: /home/uwr/microROS_AUV/install/nav_msgs/lib/libnav_msgs__rosidl_typesupport_introspection_c.so
[72.587s] -- Set runtime path of "/home/uwr/microROS_AUV/install/nav_msgs/lib/libnav_msgs__rosidl_typesupport_introspection_c.so" to ""
[72.588s] -- Installing: /home/uwr/microROS_AUV/install/nav_msgs/lib/libnav_msgs__rosidl_typesupport_c.so
[72.588s] -- Set runtime path of "/home/uwr/microROS_AUV/install/nav_msgs/lib/libnav_msgs__rosidl_typesupport_c.so" to ""
[72.588s] -- Up-to-date: /home/uwr/microROS_AUV/install/nav_msgs/include/nav_msgs
[72.588s] -- Up-to-date: /home/uwr/microROS_AUV/install/nav_msgs/include/nav_msgs/msg
[72.588s] -- Installing: /home/uwr/microROS_AUV/install/nav_msgs/include/nav_msgs/msg/rosidl_typesupport_microxrcedds_cpp__visibility_control.h
[72.588s] -- Up-to-date: /home/uwr/microROS_AUV/install/nav_msgs/include/nav_msgs/msg/detail
[72.589s] -- Installing: /home/uwr/microROS_AUV/install/nav_msgs/include/nav_msgs/msg/detail/path__rosidl_typesupport_microxrcedds_cpp.hpp
[72.589s] -- Installing: /home/uwr/microROS_AUV/install/nav_msgs/include/nav_msgs/msg/detail/goals__rosidl_typesupport_microxrcedds_cpp.hpp
[72.589s] -- Installing: /home/uwr/microROS_AUV/install/nav_msgs/include/nav_msgs/msg/detail/map_meta_data__rosidl_typesupport_microxrcedds_cpp.hpp
[72.589s] -- Installing: /home/uwr/microROS_AUV/install/nav_msgs/include/nav_msgs/msg/detail/grid_cells__rosidl_typesupport_microxrcedds_cpp.hpp
[72.589s] -- Installing: /home/uwr/microROS_AUV/install/nav_msgs/include/nav_msgs/msg/detail/occupancy_grid__rosidl_typesupport_microxrcedds_cpp.hpp
[72.590s] -- Up-to-date: /home/uwr/microROS_AUV/install/nav_msgs/include/nav_msgs/msg/detail/microxrcedds
[72.590s] -- Installing: /home/uwr/microROS_AUV/install/nav_msgs/include/nav_msgs/msg/detail/microxrcedds/odometry__type_support_cpp.cpp
[72.590s] -- Installing: /home/uwr/microROS_AUV/install/nav_msgs/include/nav_msgs/msg/detail/microxrcedds/grid_cells__type_support_cpp.cpp
[72.590s] -- Installing: /home/uwr/microROS_AUV/install/nav_msgs/include/nav_msgs/msg/detail/microxrcedds/map_meta_data__type_support_cpp.cpp
[72.590s] -- Installing: /home/uwr/microROS_AUV/install/nav_msgs/include/nav_msgs/msg/detail/microxrcedds/occupancy_grid__type_support_cpp.cpp
[72.590s] -- Installing: /home/uwr/microROS_AUV/install/nav_msgs/include/nav_msgs/msg/detail/microxrcedds/path__type_support_cpp.cpp
[72.591s] -- Installing: /home/uwr/microROS_AUV/install/nav_msgs/include/nav_msgs/msg/detail/microxrcedds/goals__type_support_cpp.cpp
[72.591s] -- Installing: /home/uwr/microROS_AUV/install/nav_msgs/include/nav_msgs/msg/detail/odometry__rosidl_typesupport_microxrcedds_cpp.hpp
[72.591s] -- Up-to-date: /home/uwr/microROS_AUV/install/nav_msgs/include/nav_msgs/srv
[72.591s] -- Up-to-date: /home/uwr/microROS_AUV/install/nav_msgs/include/nav_msgs/srv/detail
[72.591s] -- Installing: /home/uwr/microROS_AUV/install/nav_msgs/include/nav_msgs/srv/detail/set_map__rosidl_typesupport_microxrcedds_cpp.hpp
[72.592s] -- Installing: /home/uwr/microROS_AUV/install/nav_msgs/include/nav_msgs/srv/detail/load_map__rosidl_typesupport_microxrcedds_cpp.hpp
[72.592s] -- Installing: /home/uwr/microROS_AUV/install/nav_msgs/include/nav_msgs/srv/detail/get_plan__rosidl_typesupport_microxrcedds_cpp.hpp
[72.592s] -- Installing: /home/uwr/microROS_AUV/install/nav_msgs/include/nav_msgs/srv/detail/get_map__rosidl_typesupport_microxrcedds_cpp.hpp
[72.592s] -- Up-to-date: /home/uwr/microROS_AUV/install/nav_msgs/include/nav_msgs/srv/detail/microxrcedds
[72.592s] -- Installing: /home/uwr/microROS_AUV/install/nav_msgs/include/nav_msgs/srv/detail/microxrcedds/load_map__type_support_cpp.cpp
[72.593s] -- Installing: /home/uwr/microROS_AUV/install/nav_msgs/include/nav_msgs/srv/detail/microxrcedds/get_map__type_support_cpp.cpp
[72.593s] -- Installing: /home/uwr/microROS_AUV/install/nav_msgs/include/nav_msgs/srv/detail/microxrcedds/set_map__type_support_cpp.cpp
[72.593s] -- Installing: /home/uwr/microROS_AUV/install/nav_msgs/include/nav_msgs/srv/detail/microxrcedds/get_plan__type_support_cpp.cpp
[72.593s] -- Installing: /home/uwr/microROS_AUV/install/nav_msgs/lib/libnav_msgs__rosidl_typesupport_microxrcedds_cpp.so
[72.593s] -- Set runtime path of "/home/uwr/microROS_AUV/install/nav_msgs/lib/libnav_msgs__rosidl_typesupport_microxrcedds_cpp.so" to ""
[72.593s] -- Up-to-date: /home/uwr/microROS_AUV/install/nav_msgs/include/nav_msgs/nav_msgs
[72.594s] -- Up-to-date: /home/uwr/microROS_AUV/install/nav_msgs/include/nav_msgs/nav_msgs/msg
[72.594s] -- Up-to-date: /home/uwr/microROS_AUV/install/nav_msgs/include/nav_msgs/nav_msgs/msg/detail
[72.594s] -- Installing: /home/uwr/microROS_AUV/install/nav_msgs/include/nav_msgs/nav_msgs/msg/detail/odometry__type_support.cpp
[72.594s] -- Installing: /home/uwr/microROS_AUV/install/nav_msgs/include/nav_msgs/nav_msgs/msg/detail/occupancy_grid__rosidl_typesupport_introspection_cpp.hpp
[72.594s] -- Installing: /home/uwr/microROS_AUV/install/nav_msgs/include/nav_msgs/nav_msgs/msg/detail/path__type_support.cpp
[72.595s] -- Installing: /home/uwr/microROS_AUV/install/nav_msgs/include/nav_msgs/nav_msgs/msg/detail/grid_cells__type_support.cpp
[72.595s] -- Installing: /home/uwr/microROS_AUV/install/nav_msgs/include/nav_msgs/nav_msgs/msg/detail/grid_cells__rosidl_typesupport_introspection_cpp.hpp
[72.595s] -- Installing: /home/uwr/microROS_AUV/install/nav_msgs/include/nav_msgs/nav_msgs/msg/detail/path__rosidl_typesupport_introspection_cpp.hpp
[72.595s] -- Installing: /home/uwr/microROS_AUV/install/nav_msgs/include/nav_msgs/nav_msgs/msg/detail/map_meta_data__rosidl_typesupport_introspection_cpp.hpp
[72.595s] -- Installing: /home/uwr/microROS_AUV/install/nav_msgs/include/nav_msgs/nav_msgs/msg/detail/map_meta_data__type_support.cpp
[72.595s] -- Installing: /home/uwr/microROS_AUV/install/nav_msgs/include/nav_msgs/nav_msgs/msg/detail/goals__rosidl_typesupport_introspection_cpp.hpp
[72.596s] -- Installing: /home/uwr/microROS_AUV/install/nav_msgs/include/nav_msgs/nav_msgs/msg/detail/occupancy_grid__type_support.cpp
[72.596s] -- Installing: /home/uwr/microROS_AUV/install/nav_msgs/include/nav_msgs/nav_msgs/msg/detail/odometry__rosidl_typesupport_introspection_cpp.hpp
[72.596s] -- Installing: /home/uwr/microROS_AUV/install/nav_msgs/include/nav_msgs/nav_msgs/msg/detail/goals__type_support.cpp
[72.596s] -- Up-to-date: /home/uwr/microROS_AUV/install/nav_msgs/include/nav_msgs/nav_msgs/srv
[72.596s] -- Up-to-date: /home/uwr/microROS_AUV/install/nav_msgs/include/nav_msgs/nav_msgs/srv/detail
[72.597s] -- Installing: /home/uwr/microROS_AUV/install/nav_msgs/include/nav_msgs/nav_msgs/srv/detail/set_map__rosidl_typesupport_introspection_cpp.hpp
[72.597s] -- Installing: /home/uwr/microROS_AUV/install/nav_msgs/include/nav_msgs/nav_msgs/srv/detail/get_map__rosidl_typesupport_introspection_cpp.hpp
[72.597s] -- Installing: /home/uwr/microROS_AUV/install/nav_msgs/include/nav_msgs/nav_msgs/srv/detail/set_map__type_support.cpp
[72.597s] -- Installing: /home/uwr/microROS_AUV/install/nav_msgs/include/nav_msgs/nav_msgs/srv/detail/load_map__rosidl_typesupport_introspection_cpp.hpp
[72.597s] -- Installing: /home/uwr/microROS_AUV/install/nav_msgs/include/nav_msgs/nav_msgs/srv/detail/load_map__type_support.cpp
[72.598s] -- Installing: /home/uwr/microROS_AUV/install/nav_msgs/include/nav_msgs/nav_msgs/srv/detail/get_plan__rosidl_typesupport_introspection_cpp.hpp
[72.598s] -- Installing: /home/uwr/microROS_AUV/install/nav_msgs/include/nav_msgs/nav_msgs/srv/detail/get_plan__type_support.cpp
[72.598s] -- Installing: /home/uwr/microROS_AUV/install/nav_msgs/include/nav_msgs/nav_msgs/srv/detail/get_map__type_support.cpp
[72.598s] -- Installing: /home/uwr/microROS_AUV/install/nav_msgs/lib/libnav_msgs__rosidl_typesupport_introspection_cpp.so
[72.598s] -- Set runtime path of "/home/uwr/microROS_AUV/install/nav_msgs/lib/libnav_msgs__rosidl_typesupport_introspection_cpp.so" to ""
[72.598s] -- Installing: /home/uwr/microROS_AUV/install/nav_msgs/lib/libnav_msgs__rosidl_typesupport_cpp.so
[72.599s] -- Set runtime path of "/home/uwr/microROS_AUV/install/nav_msgs/lib/libnav_msgs__rosidl_typesupport_cpp.so" to ""
[72.599s] -- Installing: /home/uwr/microROS_AUV/install/nav_msgs/share/nav_msgs/environment/pythonpath.sh
[72.599s] -- Installing: /home/uwr/microROS_AUV/install/nav_msgs/share/nav_msgs/environment/pythonpath.dsv
[72.599s] -- Installing: /home/uwr/microROS_AUV/install/nav_msgs/local/lib/python3.10/dist-packages/nav_msgs-4.9.0-py3.10.egg-info
[72.600s] -- Installing: /home/uwr/microROS_AUV/install/nav_msgs/local/lib/python3.10/dist-packages/nav_msgs-4.9.0-py3.10.egg-info/top_level.txt
[72.600s] -- Installing: /home/uwr/microROS_AUV/install/nav_msgs/local/lib/python3.10/dist-packages/nav_msgs-4.9.0-py3.10.egg-info/dependency_links.txt
[72.600s] -- Installing: /home/uwr/microROS_AUV/install/nav_msgs/local/lib/python3.10/dist-packages/nav_msgs-4.9.0-py3.10.egg-info/PKG-INFO
[72.600s] -- Installing: /home/uwr/microROS_AUV/install/nav_msgs/local/lib/python3.10/dist-packages/nav_msgs-4.9.0-py3.10.egg-info/SOURCES.txt
[72.600s] -- Installing: /home/uwr/microROS_AUV/install/nav_msgs/local/lib/python3.10/dist-packages/nav_msgs
[72.600s] -- Installing: /home/uwr/microROS_AUV/install/nav_msgs/local/lib/python3.10/dist-packages/nav_msgs/nav_msgs_s__rosidl_typesupport_microxrcedds_c.cpython-310-x86_64-linux-gnu.so
[72.601s] -- Installing: /home/uwr/microROS_AUV/install/nav_msgs/local/lib/python3.10/dist-packages/nav_msgs/nav_msgs_s__rosidl_typesupport_fastrtps_c.cpython-310-x86_64-linux-gnu.so
[72.601s] -- Installing: /home/uwr/microROS_AUV/install/nav_msgs/local/lib/python3.10/dist-packages/nav_msgs/_nav_msgs_s.ep.rosidl_typesupport_microxrcedds_c.c
[72.601s] -- Installing: /home/uwr/microROS_AUV/install/nav_msgs/local/lib/python3.10/dist-packages/nav_msgs/libnav_msgs__rosidl_generator_py.so
[72.601s] -- Installing: /home/uwr/microROS_AUV/install/nav_msgs/local/lib/python3.10/dist-packages/nav_msgs/nav_msgs_s__rosidl_typesupport_c.cpython-310-x86_64-linux-gnu.so
[72.601s] -- Installing: /home/uwr/microROS_AUV/install/nav_msgs/local/lib/python3.10/dist-packages/nav_msgs/msg
[72.601s] -- Installing: /home/uwr/microROS_AUV/install/nav_msgs/local/lib/python3.10/dist-packages/nav_msgs/msg/_occupancy_grid_s.c
[72.602s] -- Installing: /home/uwr/microROS_AUV/install/nav_msgs/local/lib/python3.10/dist-packages/nav_msgs/msg/_path.py
[72.602s] -- Installing: /home/uwr/microROS_AUV/install/nav_msgs/local/lib/python3.10/dist-packages/nav_msgs/msg/_occupancy_grid.py
[72.602s] -- Installing: /home/uwr/microROS_AUV/install/nav_msgs/local/lib/python3.10/dist-packages/nav_msgs/msg/_odometry_s.c
[72.602s] -- Installing: /home/uwr/microROS_AUV/install/nav_msgs/local/lib/python3.10/dist-packages/nav_msgs/msg/_grid_cells_s.c
[72.602s] -- Installing: /home/uwr/microROS_AUV/install/nav_msgs/local/lib/python3.10/dist-packages/nav_msgs/msg/_map_meta_data.py
[72.603s] -- Installing: /home/uwr/microROS_AUV/install/nav_msgs/local/lib/python3.10/dist-packages/nav_msgs/msg/_goals_s.c
[72.603s] -- Installing: /home/uwr/microROS_AUV/install/nav_msgs/local/lib/python3.10/dist-packages/nav_msgs/msg/__init__.py
[72.603s] -- Installing: /home/uwr/microROS_AUV/install/nav_msgs/local/lib/python3.10/dist-packages/nav_msgs/msg/_map_meta_data_s.c
[72.603s] -- Installing: /home/uwr/microROS_AUV/install/nav_msgs/local/lib/python3.10/dist-packages/nav_msgs/msg/_path_s.c
[72.603s] -- Installing: /home/uwr/microROS_AUV/install/nav_msgs/local/lib/python3.10/dist-packages/nav_msgs/msg/_grid_cells.py
[72.604s] -- Installing: /home/uwr/microROS_AUV/install/nav_msgs/local/lib/python3.10/dist-packages/nav_msgs/msg/_odometry.py
[72.604s] -- Installing: /home/uwr/microROS_AUV/install/nav_msgs/local/lib/python3.10/dist-packages/nav_msgs/msg/_goals.py
[72.604s] -- Installing: /home/uwr/microROS_AUV/install/nav_msgs/local/lib/python3.10/dist-packages/nav_msgs/_nav_msgs_s.ep.rosidl_typesupport_c.c
[72.604s] -- Installing: /home/uwr/microROS_AUV/install/nav_msgs/local/lib/python3.10/dist-packages/nav_msgs/_nav_msgs_s.ep.rosidl_typesupport_fastrtps_c.c
[72.604s] -- Installing: /home/uwr/microROS_AUV/install/nav_msgs/local/lib/python3.10/dist-packages/nav_msgs/__init__.py
[72.604s] -- Installing: /home/uwr/microROS_AUV/install/nav_msgs/local/lib/python3.10/dist-packages/nav_msgs/nav_msgs_s__rosidl_typesupport_introspection_c.cpython-310-x86_64-linux-gnu.so
[72.605s] -- Installing: /home/uwr/microROS_AUV/install/nav_msgs/local/lib/python3.10/dist-packages/nav_msgs/_nav_msgs_s.ep.rosidl_typesupport_introspection_c.c
[72.605s] -- Installing: /home/uwr/microROS_AUV/install/nav_msgs/local/lib/python3.10/dist-packages/nav_msgs/srv
[72.605s] -- Installing: /home/uwr/microROS_AUV/install/nav_msgs/local/lib/python3.10/dist-packages/nav_msgs/srv/_get_map_s.c
[72.605s] -- Installing: /home/uwr/microROS_AUV/install/nav_msgs/local/lib/python3.10/dist-packages/nav_msgs/srv/_get_plan.py
[72.605s] -- Installing: /home/uwr/microROS_AUV/install/nav_msgs/local/lib/python3.10/dist-packages/nav_msgs/srv/_set_map.py
[72.605s] -- Installing: /home/uwr/microROS_AUV/install/nav_msgs/local/lib/python3.10/dist-packages/nav_msgs/srv/_get_plan_s.c
[72.606s] -- Installing: /home/uwr/microROS_AUV/install/nav_msgs/local/lib/python3.10/dist-packages/nav_msgs/srv/_load_map_s.c
[72.606s] -- Installing: /home/uwr/microROS_AUV/install/nav_msgs/local/lib/python3.10/dist-packages/nav_msgs/srv/_get_map.py
[72.606s] -- Installing: /home/uwr/microROS_AUV/install/nav_msgs/local/lib/python3.10/dist-packages/nav_msgs/srv/__init__.py
[72.606s] -- Installing: /home/uwr/microROS_AUV/install/nav_msgs/local/lib/python3.10/dist-packages/nav_msgs/srv/_set_map_s.c
[72.606s] -- Installing: /home/uwr/microROS_AUV/install/nav_msgs/local/lib/python3.10/dist-packages/nav_msgs/srv/_load_map.py
[72.709s] Listing '/home/uwr/microROS_AUV/install/nav_msgs/local/lib/python3.10/dist-packages/nav_msgs'...
[72.710s] Compiling '/home/uwr/microROS_AUV/install/nav_msgs/local/lib/python3.10/dist-packages/nav_msgs/__init__.py'...
[72.710s] Listing '/home/uwr/microROS_AUV/install/nav_msgs/local/lib/python3.10/dist-packages/nav_msgs/msg'...
[72.710s] Compiling '/home/uwr/microROS_AUV/install/nav_msgs/local/lib/python3.10/dist-packages/nav_msgs/msg/__init__.py'...
[72.710s] Compiling '/home/uwr/microROS_AUV/install/nav_msgs/local/lib/python3.10/dist-packages/nav_msgs/msg/_goals.py'...
[72.710s] Compiling '/home/uwr/microROS_AUV/install/nav_msgs/local/lib/python3.10/dist-packages/nav_msgs/msg/_grid_cells.py'...
[72.711s] Compiling '/home/uwr/microROS_AUV/install/nav_msgs/local/lib/python3.10/dist-packages/nav_msgs/msg/_map_meta_data.py'...
[72.711s] Compiling '/home/uwr/microROS_AUV/install/nav_msgs/local/lib/python3.10/dist-packages/nav_msgs/msg/_occupancy_grid.py'...
[72.711s] Compiling '/home/uwr/microROS_AUV/install/nav_msgs/local/lib/python3.10/dist-packages/nav_msgs/msg/_odometry.py'...
[72.711s] Compiling '/home/uwr/microROS_AUV/install/nav_msgs/local/lib/python3.10/dist-packages/nav_msgs/msg/_path.py'...
[72.711s] Listing '/home/uwr/microROS_AUV/install/nav_msgs/local/lib/python3.10/dist-packages/nav_msgs/srv'...
[72.711s] Compiling '/home/uwr/microROS_AUV/install/nav_msgs/local/lib/python3.10/dist-packages/nav_msgs/srv/__init__.py'...
[72.712s] Compiling '/home/uwr/microROS_AUV/install/nav_msgs/local/lib/python3.10/dist-packages/nav_msgs/srv/_get_map.py'...
[72.712s] Compiling '/home/uwr/microROS_AUV/install/nav_msgs/local/lib/python3.10/dist-packages/nav_msgs/srv/_get_plan.py'...
[72.712s] Compiling '/home/uwr/microROS_AUV/install/nav_msgs/local/lib/python3.10/dist-packages/nav_msgs/srv/_load_map.py'...
[72.712s] Compiling '/home/uwr/microROS_AUV/install/nav_msgs/local/lib/python3.10/dist-packages/nav_msgs/srv/_set_map.py'...
[72.718s] -- Installing: /home/uwr/microROS_AUV/install/nav_msgs/local/lib/python3.10/dist-packages/nav_msgs/nav_msgs_s__rosidl_typesupport_microxrcedds_c.cpython-310-x86_64-linux-gnu.so
[72.718s] -- Set runtime path of "/home/uwr/microROS_AUV/install/nav_msgs/local/lib/python3.10/dist-packages/nav_msgs/nav_msgs_s__rosidl_typesupport_microxrcedds_c.cpython-310-x86_64-linux-gnu.so" to ""
[72.719s] -- Installing: /home/uwr/microROS_AUV/install/nav_msgs/local/lib/python3.10/dist-packages/nav_msgs/nav_msgs_s__rosidl_typesupport_fastrtps_c.cpython-310-x86_64-linux-gnu.so
[72.719s] -- Set runtime path of "/home/uwr/microROS_AUV/install/nav_msgs/local/lib/python3.10/dist-packages/nav_msgs/nav_msgs_s__rosidl_typesupport_fastrtps_c.cpython-310-x86_64-linux-gnu.so" to ""
[72.720s] -- Installing: /home/uwr/microROS_AUV/install/nav_msgs/local/lib/python3.10/dist-packages/nav_msgs/nav_msgs_s__rosidl_typesupport_introspection_c.cpython-310-x86_64-linux-gnu.so
[72.720s] -- Set runtime path of "/home/uwr/microROS_AUV/install/nav_msgs/local/lib/python3.10/dist-packages/nav_msgs/nav_msgs_s__rosidl_typesupport_introspection_c.cpython-310-x86_64-linux-gnu.so" to ""
[72.721s] -- Installing: /home/uwr/microROS_AUV/install/nav_msgs/local/lib/python3.10/dist-packages/nav_msgs/nav_msgs_s__rosidl_typesupport_c.cpython-310-x86_64-linux-gnu.so
[72.721s] -- Set runtime path of "/home/uwr/microROS_AUV/install/nav_msgs/local/lib/python3.10/dist-packages/nav_msgs/nav_msgs_s__rosidl_typesupport_c.cpython-310-x86_64-linux-gnu.so" to ""
[72.721s] -- Installing: /home/uwr/microROS_AUV/install/nav_msgs/lib/libnav_msgs__rosidl_generator_py.so
[72.722s] -- Set runtime path of "/home/uwr/microROS_AUV/install/nav_msgs/lib/libnav_msgs__rosidl_generator_py.so" to ""
[72.722s] -- Installing: /home/uwr/microROS_AUV/install/nav_msgs/share/nav_msgs/msg/Goals.idl
[72.723s] -- Installing: /home/uwr/microROS_AUV/install/nav_msgs/share/nav_msgs/msg/GridCells.idl
[72.723s] -- Installing: /home/uwr/microROS_AUV/install/nav_msgs/share/nav_msgs/msg/MapMetaData.idl
[72.724s] -- Installing: /home/uwr/microROS_AUV/install/nav_msgs/share/nav_msgs/msg/OccupancyGrid.idl
[72.724s] -- Installing: /home/uwr/microROS_AUV/install/nav_msgs/share/nav_msgs/msg/Odometry.idl
[72.724s] -- Installing: /home/uwr/microROS_AUV/install/nav_msgs/share/nav_msgs/msg/Path.idl
[72.725s] -- Installing: /home/uwr/microROS_AUV/install/nav_msgs/share/nav_msgs/srv/GetMap.idl
[72.725s] -- Installing: /home/uwr/microROS_AUV/install/nav_msgs/share/nav_msgs/srv/GetPlan.idl
[72.726s] -- Installing: /home/uwr/microROS_AUV/install/nav_msgs/share/nav_msgs/srv/LoadMap.idl
[72.726s] -- Installing: /home/uwr/microROS_AUV/install/nav_msgs/share/nav_msgs/srv/SetMap.idl
[72.726s] -- Installing: /home/uwr/microROS_AUV/install/nav_msgs/share/nav_msgs/msg/Goals.msg
[72.727s] -- Installing: /home/uwr/microROS_AUV/install/nav_msgs/share/nav_msgs/msg/GridCells.msg
[72.727s] -- Installing: /home/uwr/microROS_AUV/install/nav_msgs/share/nav_msgs/msg/MapMetaData.msg
[72.727s] -- Installing: /home/uwr/microROS_AUV/install/nav_msgs/share/nav_msgs/msg/OccupancyGrid.msg
[72.727s] -- Installing: /home/uwr/microROS_AUV/install/nav_msgs/share/nav_msgs/msg/Odometry.msg
[72.728s] -- Installing: /home/uwr/microROS_AUV/install/nav_msgs/share/nav_msgs/msg/Path.msg
[72.728s] -- Installing: /home/uwr/microROS_AUV/install/nav_msgs/share/nav_msgs/srv/GetMap.srv
[72.728s] -- Installing: /home/uwr/microROS_AUV/install/nav_msgs/share/nav_msgs/srv/GetMap_Request.msg
[72.728s] -- Installing: /home/uwr/microROS_AUV/install/nav_msgs/share/nav_msgs/srv/GetMap_Response.msg
[72.728s] -- Installing: /home/uwr/microROS_AUV/install/nav_msgs/share/nav_msgs/srv/GetPlan.srv
[72.729s] -- Installing: /home/uwr/microROS_AUV/install/nav_msgs/share/nav_msgs/srv/GetPlan_Request.msg
[72.729s] -- Installing: /home/uwr/microROS_AUV/install/nav_msgs/share/nav_msgs/srv/GetPlan_Response.msg
[72.729s] -- Installing: /home/uwr/microROS_AUV/install/nav_msgs/share/nav_msgs/srv/LoadMap.srv
[72.729s] -- Installing: /home/uwr/microROS_AUV/install/nav_msgs/share/nav_msgs/srv/LoadMap_Request.msg
[72.729s] -- Installing: /home/uwr/microROS_AUV/install/nav_msgs/share/nav_msgs/srv/LoadMap_Response.msg
[72.730s] -- Installing: /home/uwr/microROS_AUV/install/nav_msgs/share/nav_msgs/srv/SetMap.srv
[72.730s] -- Installing: /home/uwr/microROS_AUV/install/nav_msgs/share/nav_msgs/srv/SetMap_Request.msg
[72.730s] -- Installing: /home/uwr/microROS_AUV/install/nav_msgs/share/nav_msgs/srv/SetMap_Response.msg
[72.730s] -- Installing: /home/uwr/microROS_AUV/install/nav_msgs/share/ament_index/resource_index/package_run_dependencies/nav_msgs
[72.731s] -- Installing: /home/uwr/microROS_AUV/install/nav_msgs/share/ament_index/resource_index/parent_prefix_path/nav_msgs
[72.731s] -- Installing: /home/uwr/microROS_AUV/install/nav_msgs/share/nav_msgs/environment/ament_prefix_path.sh
[72.731s] -- Installing: /home/uwr/microROS_AUV/install/nav_msgs/share/nav_msgs/environment/ament_prefix_path.dsv
[72.731s] -- Installing: /home/uwr/microROS_AUV/install/nav_msgs/share/nav_msgs/environment/path.sh
[72.731s] -- Installing: /home/uwr/microROS_AUV/install/nav_msgs/share/nav_msgs/environment/path.dsv
[72.732s] -- Installing: /home/uwr/microROS_AUV/install/nav_msgs/share/nav_msgs/local_setup.bash
[72.732s] -- Installing: /home/uwr/microROS_AUV/install/nav_msgs/share/nav_msgs/local_setup.sh
[72.732s] -- Installing: /home/uwr/microROS_AUV/install/nav_msgs/share/nav_msgs/local_setup.zsh
[72.732s] -- Installing: /home/uwr/microROS_AUV/install/nav_msgs/share/nav_msgs/local_setup.dsv
[72.732s] -- Installing: /home/uwr/microROS_AUV/install/nav_msgs/share/nav_msgs/package.dsv
[72.733s] -- Installing: /home/uwr/microROS_AUV/install/nav_msgs/share/ament_index/resource_index/packages/nav_msgs
[72.733s] -- Installing: /home/uwr/microROS_AUV/install/nav_msgs/share/nav_msgs/cmake/export_nav_msgs__rosidl_generator_cExport.cmake
[72.733s] -- Installing: /home/uwr/microROS_AUV/install/nav_msgs/share/nav_msgs/cmake/export_nav_msgs__rosidl_generator_cExport-noconfig.cmake
[72.733s] -- Installing: /home/uwr/microROS_AUV/install/nav_msgs/share/nav_msgs/cmake/export_nav_msgs__rosidl_typesupport_fastrtps_cExport.cmake
[72.733s] -- Installing: /home/uwr/microROS_AUV/install/nav_msgs/share/nav_msgs/cmake/export_nav_msgs__rosidl_typesupport_fastrtps_cExport-noconfig.cmake
[72.734s] -- Installing: /home/uwr/microROS_AUV/install/nav_msgs/share/nav_msgs/cmake/export_nav_msgs__rosidl_generator_cppExport.cmake
[72.734s] -- Installing: /home/uwr/microROS_AUV/install/nav_msgs/share/nav_msgs/cmake/export_nav_msgs__rosidl_typesupport_fastrtps_cppExport.cmake
[72.734s] -- Installing: /home/uwr/microROS_AUV/install/nav_msgs/share/nav_msgs/cmake/export_nav_msgs__rosidl_typesupport_fastrtps_cppExport-noconfig.cmake
[72.734s] -- Installing: /home/uwr/microROS_AUV/install/nav_msgs/share/nav_msgs/cmake/nav_msgs__rosidl_typesupport_introspection_cExport.cmake
[72.735s] -- Installing: /home/uwr/microROS_AUV/install/nav_msgs/share/nav_msgs/cmake/nav_msgs__rosidl_typesupport_introspection_cExport-noconfig.cmake
[72.735s] -- Installing: /home/uwr/microROS_AUV/install/nav_msgs/share/nav_msgs/cmake/nav_msgs__rosidl_typesupport_cExport.cmake
[72.735s] -- Installing: /home/uwr/microROS_AUV/install/nav_msgs/share/nav_msgs/cmake/nav_msgs__rosidl_typesupport_cExport-noconfig.cmake
[72.735s] -- Installing: /home/uwr/microROS_AUV/install/nav_msgs/share/nav_msgs/cmake/nav_msgs__rosidl_typesupport_introspection_cppExport.cmake
[72.735s] -- Installing: /home/uwr/microROS_AUV/install/nav_msgs/share/nav_msgs/cmake/nav_msgs__rosidl_typesupport_introspection_cppExport-noconfig.cmake
[72.736s] -- Installing: /home/uwr/microROS_AUV/install/nav_msgs/share/nav_msgs/cmake/nav_msgs__rosidl_typesupport_cppExport.cmake
[72.736s] -- Installing: /home/uwr/microROS_AUV/install/nav_msgs/share/nav_msgs/cmake/nav_msgs__rosidl_typesupport_cppExport-noconfig.cmake
[72.736s] -- Installing: /home/uwr/microROS_AUV/install/nav_msgs/share/nav_msgs/cmake/export_nav_msgs__rosidl_generator_pyExport.cmake
[72.736s] -- Installing: /home/uwr/microROS_AUV/install/nav_msgs/share/nav_msgs/cmake/export_nav_msgs__rosidl_generator_pyExport-noconfig.cmake
[72.737s] -- Installing: /home/uwr/microROS_AUV/install/nav_msgs/share/nav_msgs/cmake/rosidl_cmake-extras.cmake
[72.737s] -- Installing: /home/uwr/microROS_AUV/install/nav_msgs/share/nav_msgs/cmake/ament_cmake_export_dependencies-extras.cmake
[72.737s] -- Installing: /home/uwr/microROS_AUV/install/nav_msgs/share/nav_msgs/cmake/ament_cmake_export_include_directories-extras.cmake
[72.737s] -- Installing: /home/uwr/microROS_AUV/install/nav_msgs/share/nav_msgs/cmake/ament_cmake_export_libraries-extras.cmake
[72.738s] -- Installing: /home/uwr/microROS_AUV/install/nav_msgs/share/nav_msgs/cmake/ament_cmake_export_targets-extras.cmake
[72.738s] -- Installing: /home/uwr/microROS_AUV/install/nav_msgs/share/nav_msgs/cmake/rosidl_cmake_export_typesupport_targets-extras.cmake
[72.738s] -- Installing: /home/uwr/microROS_AUV/install/nav_msgs/share/nav_msgs/cmake/rosidl_cmake_export_typesupport_libraries-extras.cmake
[72.738s] -- Installing: /home/uwr/microROS_AUV/install/nav_msgs/share/nav_msgs/cmake/nav_msgsConfig.cmake
[72.738s] -- Installing: /home/uwr/microROS_AUV/install/nav_msgs/share/nav_msgs/cmake/nav_msgsConfig-version.cmake
[72.739s] -- Installing: /home/uwr/microROS_AUV/install/nav_msgs/share/nav_msgs/package.xml
[72.743s] Invoked command in '/home/uwr/microROS_AUV/build/nav_msgs' returned '0': AMENT_PREFIX_PATH=/home/uwr/microROS_AUV/install/geometry_msgs:/home/uwr/microROS_AUV/install/std_msgs:${AMENT_PREFIX_PATH} CMAKE_PREFIX_PATH=/home/uwr/microROS_AUV/install/geometry_msgs:/home/uwr/microROS_AUV/install/std_msgs:/home/uwr/microROS_AUV/install/builtin_interfaces:/home/uwr/microROS_AUV/install/action_msgs:/home/uwr/microROS_AUV/install/unique_identifier_msgs:/home/uwr/microROS_AUV/install/std_srvs:/home/uwr/microROS_AUV/install/rosidl_typesupport_microxrcedds_test_msg:/home/uwr/microROS_AUV/install/rosidl_typesupport_microxrcedds_cpp_tests:/home/uwr/microROS_AUV/install/rmw_microxrcedds:/home/uwr/microROS_AUV/install/rosidl_typesupport_microxrcedds_cpp:/home/uwr/microROS_AUV/install/rosidl_typesupport_microxrcedds_c_tests:/home/uwr/microROS_AUV/install/rosidl_typesupport_microxrcedds_c:/home/uwr/microROS_AUV/install/rosgraph_msgs:/home/uwr/microROS_AUV/install/microxrcedds_client:/home/uwr/microROS_AUV/install/microcdr:/home/uwr/microROS_AUV/install/micro_ros_utilities:/home/uwr/microROS_AUV/install/micro_ros_msgs:/home/uwr/microROS_AUV/install/lifecycle_msgs:/home/uwr/microROS_AUV/install/complex_msgs:/home/uwr/microROS_AUV/install/micro_ros_setup:/home/uwr/microROS_AUV/install/custom_interfaces:/home/uwr/Desktop/2024_UWR/install/kalman_filter:/home/uwr/Desktop/2024_UWR/install/sonar_msgs:/home/uwr/Desktop/2024_UWR/install/ros2-driver:/home/uwr/Desktop/2024_UWR/install/oculus_interfaces:/home/uwr/Desktop/2024_UWR/install/ntrip:/home/uwr/Desktop/2024_UWR/install/adnav-driver:/home/uwr/fls_ws/install/oculus_interfaces:/home/uwr/microROS_AUV/install/statistics_msgs:/home/uwr/microROS_AUV/install/control_pkg:/home/uwr/Desktop/2024_UWR/install/sonar_subs:/opt/ros/humble LD_LIBRARY_PATH=/home/uwr/microROS_AUV/install/geometry_msgs/lib:/home/uwr/microROS_AUV/install/std_msgs/lib:/home/uwr/microROS_AUV/install/builtin_interfaces/lib:/home/uwr/microROS_AUV/install/action_msgs/lib:/home/uwr/microROS_AUV/install/unique_identifier_msgs/lib:/home/uwr/microROS_AUV/install/std_srvs/lib:/home/uwr/microROS_AUV/install/statistics_msgs/lib:/home/uwr/microROS_AUV/install/rmw_microxrcedds/lib:/home/uwr/microROS_AUV/install/rosidl_typesupport_microxrcedds_cpp/lib:/home/uwr/microROS_AUV/install/rosidl_typesupport_microxrcedds_c/lib:/home/uwr/microROS_AUV/install/rosgraph_msgs/lib:/home/uwr/microROS_AUV/install/microxrcedds_client/lib:/home/uwr/microROS_AUV/install/microcdr/lib:/home/uwr/microROS_AUV/install/micro_ros_utilities/lib:/home/uwr/microROS_AUV/install/micro_ros_msgs/lib:/home/uwr/microROS_AUV/install/lifecycle_msgs/lib:/home/uwr/microROS_AUV/install/complex_msgs/lib:/home/uwr/microROS_AUV/install/custom_interfaces/lib:/home/uwr/oculus_driver/install/lib:/home/uwr/Desktop/2024_UWR/install/sonar_msgs/lib:/home/uwr/Desktop/2024_UWR/install/oculus_interfaces/lib:/home/uwr/fls_ws/install/oculus_interfaces/lib:/opt/ros/humble/opt/rviz_ogre_vendor/lib:/opt/ros/humble/lib/x86_64-linux-gnu:/opt/ros/humble/lib PYTHONPATH=/home/uwr/microROS_AUV/install/geometry_msgs/local/lib/python3.10/dist-packages:/home/uwr/microROS_AUV/install/std_msgs/local/lib/python3.10/dist-packages:${PYTHONPATH} /usr/bin/cmake --install /home/uwr/microROS_AUV/build/nav_msgs
