[0.062s] Invoking command in '/home/uwr/microROS_AUV/build/action_msgs': CMAKE_PREFIX_PATH=/home/uwr/microROS_AUV/install/unique_identifier_msgs:/home/uwr/microROS_AUV/install/builtin_interfaces:/home/uwr/microROS_AUV/install/action_msgs:/home/uwr/microROS_AUV/install/std_srvs:/home/uwr/microROS_AUV/install/rosidl_typesupport_microxrcedds_test_msg:/home/uwr/microROS_AUV/install/rosidl_typesupport_microxrcedds_cpp_tests:/home/uwr/microROS_AUV/install/rmw_microxrcedds:/home/uwr/microROS_AUV/install/rosidl_typesupport_microxrcedds_cpp:/home/uwr/microROS_AUV/install/rosidl_typesupport_microxrcedds_c_tests:/home/uwr/microROS_AUV/install/rosidl_typesupport_microxrcedds_c:/home/uwr/microROS_AUV/install/rosgraph_msgs:/home/uwr/microROS_AUV/install/microxrcedds_client:/home/uwr/microROS_AUV/install/microcdr:/home/uwr/microROS_AUV/install/micro_ros_utilities:/home/uwr/microROS_AUV/install/micro_ros_msgs:/home/uwr/microROS_AUV/install/lifecycle_msgs:/home/uwr/microROS_AUV/install/complex_msgs:/home/uwr/microROS_AUV/install/micro_ros_setup:/home/uwr/microROS_AUV/install/custom_interfaces:/home/uwr/Desktop/2024_UWR/install/kalman_filter:/home/uwr/Desktop/2024_UWR/install/sonar_msgs:/home/uwr/Desktop/2024_UWR/install/ros2-driver:/home/uwr/Desktop/2024_UWR/install/oculus_interfaces:/home/uwr/Desktop/2024_UWR/install/ntrip:/home/uwr/Desktop/2024_UWR/install/adnav-driver:/home/uwr/fls_ws/install/oculus_interfaces:/home/uwr/microROS_AUV/install/statistics_msgs:/home/uwr/microROS_AUV/install/control_pkg:/home/uwr/Desktop/2024_UWR/install/sonar_subs:/opt/ros/humble LD_LIBRARY_PATH=/home/uwr/microROS_AUV/install/unique_identifier_msgs/lib:/home/uwr/microROS_AUV/install/builtin_interfaces/lib:/home/uwr/microROS_AUV/install/action_msgs/lib:/home/uwr/microROS_AUV/install/std_srvs/lib:/home/uwr/microROS_AUV/install/statistics_msgs/lib:/home/uwr/microROS_AUV/install/rmw_microxrcedds/lib:/home/uwr/microROS_AUV/install/rosidl_typesupport_microxrcedds_cpp/lib:/home/uwr/microROS_AUV/install/rosidl_typesupport_microxrcedds_c/lib:/home/uwr/microROS_AUV/install/rosgraph_msgs/lib:/home/uwr/microROS_AUV/install/microxrcedds_client/lib:/home/uwr/microROS_AUV/install/microcdr/lib:/home/uwr/microROS_AUV/install/micro_ros_utilities/lib:/home/uwr/microROS_AUV/install/micro_ros_msgs/lib:/home/uwr/microROS_AUV/install/lifecycle_msgs/lib:/home/uwr/microROS_AUV/install/complex_msgs/lib:/home/uwr/microROS_AUV/install/custom_interfaces/lib:/home/uwr/oculus_driver/install/lib:/home/uwr/Desktop/2024_UWR/install/sonar_msgs/lib:/home/uwr/Desktop/2024_UWR/install/oculus_interfaces/lib:/home/uwr/fls_ws/install/oculus_interfaces/lib:/opt/ros/humble/opt/rviz_ogre_vendor/lib:/opt/ros/humble/lib/x86_64-linux-gnu:/opt/ros/humble/lib /usr/bin/cmake --build /home/uwr/microROS_AUV/build/action_msgs -- -j8 -l8
[0.233s] [  1%] Built target action_msgs__cpp
[0.233s] [ 10%] Built target action_msgs__rosidl_generator_c
[0.369s] [ 10%] Built target ament_cmake_python_copy_action_msgs
[0.423s] [ 18%] Built target action_msgs__rosidl_typesupport_microxrcedds_c
[0.454s] [ 27%] Built target action_msgs__rosidl_typesupport_cpp
[0.454s] [ 36%] Built target action_msgs__rosidl_typesupport_introspection_cpp
[0.456s] [ 44%] Built target action_msgs__rosidl_typesupport_microxrcedds_cpp
[0.461s] [ 53%] Built target action_msgs__rosidl_typesupport_fastrtps_cpp
[0.462s] [ 63%] Built target action_msgs__rosidl_typesupport_introspection_c
[0.462s] [ 72%] Built target action_msgs__rosidl_typesupport_fastrtps_c
[0.462s] [ 79%] Built target action_msgs__rosidl_typesupport_c
[0.573s] [ 79%] Built target action_msgs
[0.665s] [ 81%] Built target action_msgs__py
[0.817s] [ 88%] Built target action_msgs__rosidl_generator_py
[1.007s] [ 91%] Built target action_msgs__rosidl_typesupport_microxrcedds_c__pyext
[1.017s] [ 94%] Built target action_msgs__rosidl_typesupport_introspection_c__pyext
[1.028s] [ 97%] Built target action_msgs__rosidl_typesupport_fastrtps_c__pyext
[1.060s] [100%] Built target action_msgs__rosidl_typesupport_c__pyext
[1.794s] running egg_info
[1.802s] writing action_msgs.egg-info/PKG-INFO
[1.802s] writing dependency_links to action_msgs.egg-info/dependency_links.txt
[1.803s] writing top-level names to action_msgs.egg-info/top_level.txt
[1.817s] reading manifest file 'action_msgs.egg-info/SOURCES.txt'
[1.821s] writing manifest file 'action_msgs.egg-info/SOURCES.txt'
[1.930s] [100%] Built target ament_cmake_python_build_action_msgs_egg
[1.962s] Invoked command in '/home/uwr/microROS_AUV/build/action_msgs' returned '0': CMAKE_PREFIX_PATH=/home/uwr/microROS_AUV/install/unique_identifier_msgs:/home/uwr/microROS_AUV/install/builtin_interfaces:/home/uwr/microROS_AUV/install/action_msgs:/home/uwr/microROS_AUV/install/std_srvs:/home/uwr/microROS_AUV/install/rosidl_typesupport_microxrcedds_test_msg:/home/uwr/microROS_AUV/install/rosidl_typesupport_microxrcedds_cpp_tests:/home/uwr/microROS_AUV/install/rmw_microxrcedds:/home/uwr/microROS_AUV/install/rosidl_typesupport_microxrcedds_cpp:/home/uwr/microROS_AUV/install/rosidl_typesupport_microxrcedds_c_tests:/home/uwr/microROS_AUV/install/rosidl_typesupport_microxrcedds_c:/home/uwr/microROS_AUV/install/rosgraph_msgs:/home/uwr/microROS_AUV/install/microxrcedds_client:/home/uwr/microROS_AUV/install/microcdr:/home/uwr/microROS_AUV/install/micro_ros_utilities:/home/uwr/microROS_AUV/install/micro_ros_msgs:/home/uwr/microROS_AUV/install/lifecycle_msgs:/home/uwr/microROS_AUV/install/complex_msgs:/home/uwr/microROS_AUV/install/micro_ros_setup:/home/uwr/microROS_AUV/install/custom_interfaces:/home/uwr/Desktop/2024_UWR/install/kalman_filter:/home/uwr/Desktop/2024_UWR/install/sonar_msgs:/home/uwr/Desktop/2024_UWR/install/ros2-driver:/home/uwr/Desktop/2024_UWR/install/oculus_interfaces:/home/uwr/Desktop/2024_UWR/install/ntrip:/home/uwr/Desktop/2024_UWR/install/adnav-driver:/home/uwr/fls_ws/install/oculus_interfaces:/home/uwr/microROS_AUV/install/statistics_msgs:/home/uwr/microROS_AUV/install/control_pkg:/home/uwr/Desktop/2024_UWR/install/sonar_subs:/opt/ros/humble LD_LIBRARY_PATH=/home/uwr/microROS_AUV/install/unique_identifier_msgs/lib:/home/uwr/microROS_AUV/install/builtin_interfaces/lib:/home/uwr/microROS_AUV/install/action_msgs/lib:/home/uwr/microROS_AUV/install/std_srvs/lib:/home/uwr/microROS_AUV/install/statistics_msgs/lib:/home/uwr/microROS_AUV/install/rmw_microxrcedds/lib:/home/uwr/microROS_AUV/install/rosidl_typesupport_microxrcedds_cpp/lib:/home/uwr/microROS_AUV/install/rosidl_typesupport_microxrcedds_c/lib:/home/uwr/microROS_AUV/install/rosgraph_msgs/lib:/home/uwr/microROS_AUV/install/microxrcedds_client/lib:/home/uwr/microROS_AUV/install/microcdr/lib:/home/uwr/microROS_AUV/install/micro_ros_utilities/lib:/home/uwr/microROS_AUV/install/micro_ros_msgs/lib:/home/uwr/microROS_AUV/install/lifecycle_msgs/lib:/home/uwr/microROS_AUV/install/complex_msgs/lib:/home/uwr/microROS_AUV/install/custom_interfaces/lib:/home/uwr/oculus_driver/install/lib:/home/uwr/Desktop/2024_UWR/install/sonar_msgs/lib:/home/uwr/Desktop/2024_UWR/install/oculus_interfaces/lib:/home/uwr/fls_ws/install/oculus_interfaces/lib:/opt/ros/humble/opt/rviz_ogre_vendor/lib:/opt/ros/humble/lib/x86_64-linux-gnu:/opt/ros/humble/lib /usr/bin/cmake --build /home/uwr/microROS_AUV/build/action_msgs -- -j8 -l8
[2.565s] Invoking command in '/home/uwr/microROS_AUV/build/action_msgs': CMAKE_PREFIX_PATH=/home/uwr/microROS_AUV/install/unique_identifier_msgs:/home/uwr/microROS_AUV/install/builtin_interfaces:/home/uwr/microROS_AUV/install/action_msgs:/home/uwr/microROS_AUV/install/std_srvs:/home/uwr/microROS_AUV/install/rosidl_typesupport_microxrcedds_test_msg:/home/uwr/microROS_AUV/install/rosidl_typesupport_microxrcedds_cpp_tests:/home/uwr/microROS_AUV/install/rmw_microxrcedds:/home/uwr/microROS_AUV/install/rosidl_typesupport_microxrcedds_cpp:/home/uwr/microROS_AUV/install/rosidl_typesupport_microxrcedds_c_tests:/home/uwr/microROS_AUV/install/rosidl_typesupport_microxrcedds_c:/home/uwr/microROS_AUV/install/rosgraph_msgs:/home/uwr/microROS_AUV/install/microxrcedds_client:/home/uwr/microROS_AUV/install/microcdr:/home/uwr/microROS_AUV/install/micro_ros_utilities:/home/uwr/microROS_AUV/install/micro_ros_msgs:/home/uwr/microROS_AUV/install/lifecycle_msgs:/home/uwr/microROS_AUV/install/complex_msgs:/home/uwr/microROS_AUV/install/micro_ros_setup:/home/uwr/microROS_AUV/install/custom_interfaces:/home/uwr/Desktop/2024_UWR/install/kalman_filter:/home/uwr/Desktop/2024_UWR/install/sonar_msgs:/home/uwr/Desktop/2024_UWR/install/ros2-driver:/home/uwr/Desktop/2024_UWR/install/oculus_interfaces:/home/uwr/Desktop/2024_UWR/install/ntrip:/home/uwr/Desktop/2024_UWR/install/adnav-driver:/home/uwr/fls_ws/install/oculus_interfaces:/home/uwr/microROS_AUV/install/statistics_msgs:/home/uwr/microROS_AUV/install/control_pkg:/home/uwr/Desktop/2024_UWR/install/sonar_subs:/opt/ros/humble LD_LIBRARY_PATH=/home/uwr/microROS_AUV/install/unique_identifier_msgs/lib:/home/uwr/microROS_AUV/install/builtin_interfaces/lib:/home/uwr/microROS_AUV/install/action_msgs/lib:/home/uwr/microROS_AUV/install/std_srvs/lib:/home/uwr/microROS_AUV/install/statistics_msgs/lib:/home/uwr/microROS_AUV/install/rmw_microxrcedds/lib:/home/uwr/microROS_AUV/install/rosidl_typesupport_microxrcedds_cpp/lib:/home/uwr/microROS_AUV/install/rosidl_typesupport_microxrcedds_c/lib:/home/uwr/microROS_AUV/install/rosgraph_msgs/lib:/home/uwr/microROS_AUV/install/microxrcedds_client/lib:/home/uwr/microROS_AUV/install/microcdr/lib:/home/uwr/microROS_AUV/install/micro_ros_utilities/lib:/home/uwr/microROS_AUV/install/micro_ros_msgs/lib:/home/uwr/microROS_AUV/install/lifecycle_msgs/lib:/home/uwr/microROS_AUV/install/complex_msgs/lib:/home/uwr/microROS_AUV/install/custom_interfaces/lib:/home/uwr/oculus_driver/install/lib:/home/uwr/Desktop/2024_UWR/install/sonar_msgs/lib:/home/uwr/Desktop/2024_UWR/install/oculus_interfaces/lib:/home/uwr/fls_ws/install/oculus_interfaces/lib:/opt/ros/humble/opt/rviz_ogre_vendor/lib:/opt/ros/humble/lib/x86_64-linux-gnu:/opt/ros/humble/lib /usr/bin/cmake --install /home/uwr/microROS_AUV/build/action_msgs
[2.592s] -- Install configuration: ""
[2.603s] -- Up-to-date: /home/uwr/microROS_AUV/install/action_msgs/share/ament_index/resource_index/rosidl_interfaces/action_msgs
[2.604s] -- Up-to-date: /home/uwr/microROS_AUV/install/action_msgs/include/action_msgs/action_msgs
[2.604s] -- Up-to-date: /home/uwr/microROS_AUV/install/action_msgs/include/action_msgs/action_msgs/msg
[2.605s] -- Up-to-date: /home/uwr/microROS_AUV/install/action_msgs/include/action_msgs/action_msgs/msg/goal_info.h
[2.605s] -- Up-to-date: /home/uwr/microROS_AUV/install/action_msgs/include/action_msgs/action_msgs/msg/goal_status.h
[2.605s] -- Up-to-date: /home/uwr/microROS_AUV/install/action_msgs/include/action_msgs/action_msgs/msg/rosidl_generator_c__visibility_control.h
[2.605s] -- Up-to-date: /home/uwr/microROS_AUV/install/action_msgs/include/action_msgs/action_msgs/msg/detail
[2.605s] -- Up-to-date: /home/uwr/microROS_AUV/install/action_msgs/include/action_msgs/action_msgs/msg/detail/goal_status__functions.h
[2.606s] -- Up-to-date: /home/uwr/microROS_AUV/install/action_msgs/include/action_msgs/action_msgs/msg/detail/goal_info__functions.h
[2.606s] -- Up-to-date: /home/uwr/microROS_AUV/install/action_msgs/include/action_msgs/action_msgs/msg/detail/goal_status__type_support.h
[2.606s] -- Up-to-date: /home/uwr/microROS_AUV/install/action_msgs/include/action_msgs/action_msgs/msg/detail/goal_status_array__functions.c
[2.606s] -- Up-to-date: /home/uwr/microROS_AUV/install/action_msgs/include/action_msgs/action_msgs/msg/detail/goal_info__functions.c
[2.606s] -- Up-to-date: /home/uwr/microROS_AUV/install/action_msgs/include/action_msgs/action_msgs/msg/detail/goal_status_array__type_support.h
[2.606s] -- Up-to-date: /home/uwr/microROS_AUV/install/action_msgs/include/action_msgs/action_msgs/msg/detail/goal_status__struct.h
[2.607s] -- Up-to-date: /home/uwr/microROS_AUV/install/action_msgs/include/action_msgs/action_msgs/msg/detail/goal_status__functions.c
[2.607s] -- Up-to-date: /home/uwr/microROS_AUV/install/action_msgs/include/action_msgs/action_msgs/msg/detail/goal_info__struct.h
[2.607s] -- Up-to-date: /home/uwr/microROS_AUV/install/action_msgs/include/action_msgs/action_msgs/msg/detail/goal_status_array__struct.h
[2.607s] -- Up-to-date: /home/uwr/microROS_AUV/install/action_msgs/include/action_msgs/action_msgs/msg/detail/goal_info__type_support.h
[2.607s] -- Up-to-date: /home/uwr/microROS_AUV/install/action_msgs/include/action_msgs/action_msgs/msg/detail/goal_status_array__functions.h
[2.607s] -- Up-to-date: /home/uwr/microROS_AUV/install/action_msgs/include/action_msgs/action_msgs/msg/goal_status_array.h
[2.611s] -- Up-to-date: /home/uwr/microROS_AUV/install/action_msgs/include/action_msgs/action_msgs/srv
[2.612s] -- Up-to-date: /home/uwr/microROS_AUV/install/action_msgs/include/action_msgs/action_msgs/srv/detail
[2.614s] -- Up-to-date: /home/uwr/microROS_AUV/install/action_msgs/include/action_msgs/action_msgs/srv/detail/cancel_goal__functions.h
[2.614s] -- Up-to-date: /home/uwr/microROS_AUV/install/action_msgs/include/action_msgs/action_msgs/srv/detail/cancel_goal__functions.c
[2.615s] -- Up-to-date: /home/uwr/microROS_AUV/install/action_msgs/include/action_msgs/action_msgs/srv/detail/cancel_goal__struct.h
[2.616s] -- Up-to-date: /home/uwr/microROS_AUV/install/action_msgs/include/action_msgs/action_msgs/srv/detail/cancel_goal__type_support.h
[2.616s] -- Up-to-date: /home/uwr/microROS_AUV/install/action_msgs/include/action_msgs/action_msgs/srv/cancel_goal.h
[2.616s] -- Up-to-date: /home/uwr/microROS_AUV/install/action_msgs/share/action_msgs/environment/library_path.sh
[2.616s] -- Up-to-date: /home/uwr/microROS_AUV/install/action_msgs/share/action_msgs/environment/library_path.dsv
[2.616s] -- Up-to-date: /home/uwr/microROS_AUV/install/action_msgs/lib/libaction_msgs__rosidl_generator_c.so
[2.617s] -- Up-to-date: /home/uwr/microROS_AUV/install/action_msgs/include/action_msgs/action_msgs
[2.617s] -- Up-to-date: /home/uwr/microROS_AUV/install/action_msgs/include/action_msgs/action_msgs/msg
[2.617s] -- Up-to-date: /home/uwr/microROS_AUV/install/action_msgs/include/action_msgs/action_msgs/msg/detail
[2.618s] -- Up-to-date: /home/uwr/microROS_AUV/install/action_msgs/include/action_msgs/action_msgs/msg/detail/goal_status_array__rosidl_typesupport_fastrtps_c.h
[2.618s] -- Up-to-date: /home/uwr/microROS_AUV/install/action_msgs/include/action_msgs/action_msgs/msg/detail/goal_info__rosidl_typesupport_fastrtps_c.h
[2.618s] -- Up-to-date: /home/uwr/microROS_AUV/install/action_msgs/include/action_msgs/action_msgs/msg/detail/goal_status__rosidl_typesupport_fastrtps_c.h
[2.618s] -- Up-to-date: /home/uwr/microROS_AUV/install/action_msgs/include/action_msgs/action_msgs/msg/rosidl_typesupport_fastrtps_c__visibility_control.h
[2.619s] -- Up-to-date: /home/uwr/microROS_AUV/install/action_msgs/include/action_msgs/action_msgs/srv
[2.619s] -- Up-to-date: /home/uwr/microROS_AUV/install/action_msgs/include/action_msgs/action_msgs/srv/detail
[2.619s] -- Up-to-date: /home/uwr/microROS_AUV/install/action_msgs/include/action_msgs/action_msgs/srv/detail/cancel_goal__rosidl_typesupport_fastrtps_c.h
[2.619s] -- Up-to-date: /home/uwr/microROS_AUV/install/action_msgs/lib/libaction_msgs__rosidl_typesupport_fastrtps_c.so
[2.619s] -- Up-to-date: /home/uwr/microROS_AUV/install/action_msgs/include/action_msgs/action_msgs
[2.621s] -- Up-to-date: /home/uwr/microROS_AUV/install/action_msgs/include/action_msgs/action_msgs/msg
[2.624s] -- Up-to-date: /home/uwr/microROS_AUV/install/action_msgs/include/action_msgs/action_msgs/msg/goal_status_array.hpp
[2.625s] -- Up-to-date: /home/uwr/microROS_AUV/install/action_msgs/include/action_msgs/action_msgs/msg/goal_info.hpp
[2.625s] -- Up-to-date: /home/uwr/microROS_AUV/install/action_msgs/include/action_msgs/action_msgs/msg/detail
[2.625s] -- Up-to-date: /home/uwr/microROS_AUV/install/action_msgs/include/action_msgs/action_msgs/msg/detail/goal_status_array__traits.hpp
[2.625s] -- Up-to-date: /home/uwr/microROS_AUV/install/action_msgs/include/action_msgs/action_msgs/msg/detail/goal_status__builder.hpp
[2.626s] -- Up-to-date: /home/uwr/microROS_AUV/install/action_msgs/include/action_msgs/action_msgs/msg/detail/goal_status_array__builder.hpp
[2.626s] -- Up-to-date: /home/uwr/microROS_AUV/install/action_msgs/include/action_msgs/action_msgs/msg/detail/goal_status_array__struct.hpp
[2.627s] -- Up-to-date: /home/uwr/microROS_AUV/install/action_msgs/include/action_msgs/action_msgs/msg/detail/goal_info__struct.hpp
[2.627s] -- Up-to-date: /home/uwr/microROS_AUV/install/action_msgs/include/action_msgs/action_msgs/msg/detail/goal_info__builder.hpp
[2.627s] -- Up-to-date: /home/uwr/microROS_AUV/install/action_msgs/include/action_msgs/action_msgs/msg/detail/goal_status__struct.hpp
[2.628s] -- Up-to-date: /home/uwr/microROS_AUV/install/action_msgs/include/action_msgs/action_msgs/msg/detail/goal_info__traits.hpp
[2.628s] -- Up-to-date: /home/uwr/microROS_AUV/install/action_msgs/include/action_msgs/action_msgs/msg/detail/goal_status__traits.hpp
[2.628s] -- Up-to-date: /home/uwr/microROS_AUV/install/action_msgs/include/action_msgs/action_msgs/msg/goal_status.hpp
[2.628s] -- Up-to-date: /home/uwr/microROS_AUV/install/action_msgs/include/action_msgs/action_msgs/srv
[2.628s] -- Up-to-date: /home/uwr/microROS_AUV/install/action_msgs/include/action_msgs/action_msgs/srv/cancel_goal.hpp
[2.629s] -- Up-to-date: /home/uwr/microROS_AUV/install/action_msgs/include/action_msgs/action_msgs/srv/detail
[2.631s] -- Up-to-date: /home/uwr/microROS_AUV/install/action_msgs/include/action_msgs/action_msgs/srv/detail/cancel_goal__builder.hpp
[2.631s] -- Up-to-date: /home/uwr/microROS_AUV/install/action_msgs/include/action_msgs/action_msgs/srv/detail/cancel_goal__traits.hpp
[2.632s] -- Up-to-date: /home/uwr/microROS_AUV/install/action_msgs/include/action_msgs/action_msgs/srv/detail/cancel_goal__struct.hpp
[2.632s] -- Up-to-date: /home/uwr/microROS_AUV/install/action_msgs/include/action_msgs/action_msgs
[2.637s] -- Up-to-date: /home/uwr/microROS_AUV/install/action_msgs/include/action_msgs/action_msgs/msg
[2.639s] -- Up-to-date: /home/uwr/microROS_AUV/install/action_msgs/include/action_msgs/action_msgs/msg/detail
[2.639s] -- Up-to-date: /home/uwr/microROS_AUV/install/action_msgs/include/action_msgs/action_msgs/msg/detail/goal_status__rosidl_typesupport_fastrtps_cpp.hpp
[2.639s] -- Up-to-date: /home/uwr/microROS_AUV/install/action_msgs/include/action_msgs/action_msgs/msg/detail/goal_info__rosidl_typesupport_fastrtps_cpp.hpp
[2.639s] -- Up-to-date: /home/uwr/microROS_AUV/install/action_msgs/include/action_msgs/action_msgs/msg/detail/goal_status_array__rosidl_typesupport_fastrtps_cpp.hpp
[2.640s] -- Up-to-date: /home/uwr/microROS_AUV/install/action_msgs/include/action_msgs/action_msgs/msg/detail/dds_fastrtps
[2.640s] -- Up-to-date: /home/uwr/microROS_AUV/install/action_msgs/include/action_msgs/action_msgs/msg/rosidl_typesupport_fastrtps_cpp__visibility_control.h
[2.640s] -- Up-to-date: /home/uwr/microROS_AUV/install/action_msgs/include/action_msgs/action_msgs/srv
[2.640s] -- Up-to-date: /home/uwr/microROS_AUV/install/action_msgs/include/action_msgs/action_msgs/srv/detail
[2.643s] -- Up-to-date: /home/uwr/microROS_AUV/install/action_msgs/include/action_msgs/action_msgs/srv/detail/cancel_goal__rosidl_typesupport_fastrtps_cpp.hpp
[2.643s] -- Up-to-date: /home/uwr/microROS_AUV/install/action_msgs/include/action_msgs/action_msgs/srv/detail/dds_fastrtps
[2.644s] -- Up-to-date: /home/uwr/microROS_AUV/install/action_msgs/lib/libaction_msgs__rosidl_typesupport_fastrtps_cpp.so
[2.644s] -- Up-to-date: /home/uwr/microROS_AUV/install/action_msgs/include/action_msgs
[2.644s] -- Up-to-date: /home/uwr/microROS_AUV/install/action_msgs/include/action_msgs/msg
[2.644s] -- Up-to-date: /home/uwr/microROS_AUV/install/action_msgs/include/action_msgs/msg/rosidl_typesupport_microxrcedds_c__visibility_control.h
[2.644s] -- Up-to-date: /home/uwr/microROS_AUV/install/action_msgs/include/action_msgs/msg/detail
[2.645s] -- Up-to-date: /home/uwr/microROS_AUV/install/action_msgs/include/action_msgs/msg/detail/goal_status__rosidl_typesupport_microxrcedds_c.h
[2.645s] -- Up-to-date: /home/uwr/microROS_AUV/install/action_msgs/include/action_msgs/msg/detail/goal_info__rosidl_typesupport_microxrcedds_c.h
[2.645s] -- Up-to-date: /home/uwr/microROS_AUV/install/action_msgs/include/action_msgs/msg/detail/goal_status_array__rosidl_typesupport_microxrcedds_c.h
[2.645s] -- Up-to-date: /home/uwr/microROS_AUV/install/action_msgs/include/action_msgs/msg/detail/microxrcedds
[2.645s] -- Up-to-date: /home/uwr/microROS_AUV/install/action_msgs/include/action_msgs/srv
[2.646s] -- Up-to-date: /home/uwr/microROS_AUV/install/action_msgs/include/action_msgs/srv/detail
[2.646s] -- Up-to-date: /home/uwr/microROS_AUV/install/action_msgs/include/action_msgs/srv/detail/cancel_goal__rosidl_typesupport_microxrcedds_c.h
[2.646s] -- Up-to-date: /home/uwr/microROS_AUV/install/action_msgs/include/action_msgs/srv/detail/microxrcedds
[2.646s] -- Up-to-date: /home/uwr/microROS_AUV/install/action_msgs/lib/libaction_msgs__rosidl_typesupport_microxrcedds_c.so
[2.647s] -- Up-to-date: /home/uwr/microROS_AUV/install/action_msgs/include/action_msgs/action_msgs
[2.657s] -- Up-to-date: /home/uwr/microROS_AUV/install/action_msgs/include/action_msgs/action_msgs/msg
[2.657s] -- Up-to-date: /home/uwr/microROS_AUV/install/action_msgs/include/action_msgs/action_msgs/msg/rosidl_typesupport_introspection_c__visibility_control.h
[2.658s] -- Up-to-date: /home/uwr/microROS_AUV/install/action_msgs/include/action_msgs/action_msgs/msg/detail
[2.658s] -- Up-to-date: /home/uwr/microROS_AUV/install/action_msgs/include/action_msgs/action_msgs/msg/detail/goal_info__rosidl_typesupport_introspection_c.h
[2.658s] -- Up-to-date: /home/uwr/microROS_AUV/install/action_msgs/include/action_msgs/action_msgs/msg/detail/goal_status__type_support.c
[2.658s] -- Up-to-date: /home/uwr/microROS_AUV/install/action_msgs/include/action_msgs/action_msgs/msg/detail/goal_status__rosidl_typesupport_introspection_c.h
[2.658s] -- Up-to-date: /home/uwr/microROS_AUV/install/action_msgs/include/action_msgs/action_msgs/msg/detail/goal_status_array__type_support.c
[2.658s] -- Up-to-date: /home/uwr/microROS_AUV/install/action_msgs/include/action_msgs/action_msgs/msg/detail/goal_info__type_support.c
[2.659s] -- Up-to-date: /home/uwr/microROS_AUV/install/action_msgs/include/action_msgs/action_msgs/msg/detail/goal_status_array__rosidl_typesupport_introspection_c.h
[2.659s] -- Up-to-date: /home/uwr/microROS_AUV/install/action_msgs/include/action_msgs/action_msgs/srv
[2.659s] -- Up-to-date: /home/uwr/microROS_AUV/install/action_msgs/include/action_msgs/action_msgs/srv/detail
[2.659s] -- Up-to-date: /home/uwr/microROS_AUV/install/action_msgs/include/action_msgs/action_msgs/srv/detail/cancel_goal__rosidl_typesupport_introspection_c.h
[2.660s] -- Up-to-date: /home/uwr/microROS_AUV/install/action_msgs/include/action_msgs/action_msgs/srv/detail/cancel_goal__type_support.c
[2.660s] -- Up-to-date: /home/uwr/microROS_AUV/install/action_msgs/lib/libaction_msgs__rosidl_typesupport_introspection_c.so
[2.660s] -- Up-to-date: /home/uwr/microROS_AUV/install/action_msgs/lib/libaction_msgs__rosidl_typesupport_c.so
[2.660s] -- Up-to-date: /home/uwr/microROS_AUV/install/action_msgs/include/action_msgs
[2.660s] -- Up-to-date: /home/uwr/microROS_AUV/install/action_msgs/include/action_msgs/msg
[2.661s] -- Up-to-date: /home/uwr/microROS_AUV/install/action_msgs/include/action_msgs/msg/rosidl_typesupport_microxrcedds_cpp__visibility_control.h
[2.661s] -- Up-to-date: /home/uwr/microROS_AUV/install/action_msgs/include/action_msgs/msg/detail
[2.661s] -- Up-to-date: /home/uwr/microROS_AUV/install/action_msgs/include/action_msgs/msg/detail/goal_status__rosidl_typesupport_microxrcedds_cpp.hpp
[2.661s] -- Up-to-date: /home/uwr/microROS_AUV/install/action_msgs/include/action_msgs/msg/detail/goal_info__rosidl_typesupport_microxrcedds_cpp.hpp
[2.662s] -- Up-to-date: /home/uwr/microROS_AUV/install/action_msgs/include/action_msgs/msg/detail/goal_status_array__rosidl_typesupport_microxrcedds_cpp.hpp
[2.662s] -- Up-to-date: /home/uwr/microROS_AUV/install/action_msgs/include/action_msgs/msg/detail/microxrcedds
[2.662s] -- Up-to-date: /home/uwr/microROS_AUV/install/action_msgs/include/action_msgs/msg/detail/microxrcedds/goal_info__type_support_cpp.cpp
[2.662s] -- Up-to-date: /home/uwr/microROS_AUV/install/action_msgs/include/action_msgs/msg/detail/microxrcedds/goal_status_array__type_support_cpp.cpp
[2.663s] -- Up-to-date: /home/uwr/microROS_AUV/install/action_msgs/include/action_msgs/msg/detail/microxrcedds/goal_status__type_support_cpp.cpp
[2.663s] -- Up-to-date: /home/uwr/microROS_AUV/install/action_msgs/include/action_msgs/srv
[2.663s] -- Up-to-date: /home/uwr/microROS_AUV/install/action_msgs/include/action_msgs/srv/detail
[2.663s] -- Up-to-date: /home/uwr/microROS_AUV/install/action_msgs/include/action_msgs/srv/detail/cancel_goal__rosidl_typesupport_microxrcedds_cpp.hpp
[2.664s] -- Up-to-date: /home/uwr/microROS_AUV/install/action_msgs/include/action_msgs/srv/detail/microxrcedds
[2.664s] -- Up-to-date: /home/uwr/microROS_AUV/install/action_msgs/include/action_msgs/srv/detail/microxrcedds/cancel_goal__type_support_cpp.cpp
[2.664s] -- Up-to-date: /home/uwr/microROS_AUV/install/action_msgs/lib/libaction_msgs__rosidl_typesupport_microxrcedds_cpp.so
[2.664s] -- Up-to-date: /home/uwr/microROS_AUV/install/action_msgs/include/action_msgs/action_msgs
[2.664s] -- Up-to-date: /home/uwr/microROS_AUV/install/action_msgs/include/action_msgs/action_msgs/msg
[2.665s] -- Up-to-date: /home/uwr/microROS_AUV/install/action_msgs/include/action_msgs/action_msgs/msg/detail
[2.665s] -- Up-to-date: /home/uwr/microROS_AUV/install/action_msgs/include/action_msgs/action_msgs/msg/detail/goal_status_array__type_support.cpp
[2.665s] -- Up-to-date: /home/uwr/microROS_AUV/install/action_msgs/include/action_msgs/action_msgs/msg/detail/goal_status_array__rosidl_typesupport_introspection_cpp.hpp
[2.665s] -- Up-to-date: /home/uwr/microROS_AUV/install/action_msgs/include/action_msgs/action_msgs/msg/detail/goal_info__rosidl_typesupport_introspection_cpp.hpp
[2.666s] -- Up-to-date: /home/uwr/microROS_AUV/install/action_msgs/include/action_msgs/action_msgs/msg/detail/goal_info__type_support.cpp
[2.666s] -- Up-to-date: /home/uwr/microROS_AUV/install/action_msgs/include/action_msgs/action_msgs/msg/detail/goal_status__type_support.cpp
[2.667s] -- Up-to-date: /home/uwr/microROS_AUV/install/action_msgs/include/action_msgs/action_msgs/msg/detail/goal_status__rosidl_typesupport_introspection_cpp.hpp
[2.667s] -- Up-to-date: /home/uwr/microROS_AUV/install/action_msgs/include/action_msgs/action_msgs/srv
[2.668s] -- Up-to-date: /home/uwr/microROS_AUV/install/action_msgs/include/action_msgs/action_msgs/srv/detail
[2.668s] -- Up-to-date: /home/uwr/microROS_AUV/install/action_msgs/include/action_msgs/action_msgs/srv/detail/cancel_goal__rosidl_typesupport_introspection_cpp.hpp
[2.668s] -- Up-to-date: /home/uwr/microROS_AUV/install/action_msgs/include/action_msgs/action_msgs/srv/detail/cancel_goal__type_support.cpp
[2.668s] -- Up-to-date: /home/uwr/microROS_AUV/install/action_msgs/lib/libaction_msgs__rosidl_typesupport_introspection_cpp.so
[2.668s] -- Up-to-date: /home/uwr/microROS_AUV/install/action_msgs/lib/libaction_msgs__rosidl_typesupport_cpp.so
[2.668s] -- Up-to-date: /home/uwr/microROS_AUV/install/action_msgs/share/action_msgs/environment/pythonpath.sh
[2.669s] -- Up-to-date: /home/uwr/microROS_AUV/install/action_msgs/share/action_msgs/environment/pythonpath.dsv
[2.669s] -- Up-to-date: /home/uwr/microROS_AUV/install/action_msgs/local/lib/python3.10/dist-packages/action_msgs-1.2.2-py3.10.egg-info
[2.669s] -- Installing: /home/uwr/microROS_AUV/install/action_msgs/local/lib/python3.10/dist-packages/action_msgs-1.2.2-py3.10.egg-info/top_level.txt
[2.670s] -- Installing: /home/uwr/microROS_AUV/install/action_msgs/local/lib/python3.10/dist-packages/action_msgs-1.2.2-py3.10.egg-info/dependency_links.txt
[2.670s] -- Installing: /home/uwr/microROS_AUV/install/action_msgs/local/lib/python3.10/dist-packages/action_msgs-1.2.2-py3.10.egg-info/PKG-INFO
[2.670s] -- Installing: /home/uwr/microROS_AUV/install/action_msgs/local/lib/python3.10/dist-packages/action_msgs-1.2.2-py3.10.egg-info/SOURCES.txt
[2.670s] -- Up-to-date: /home/uwr/microROS_AUV/install/action_msgs/local/lib/python3.10/dist-packages/action_msgs
[2.671s] -- Up-to-date: /home/uwr/microROS_AUV/install/action_msgs/local/lib/python3.10/dist-packages/action_msgs/action_msgs_s__rosidl_typesupport_microxrcedds_c.cpython-310-x86_64-linux-gnu.so
[2.671s] -- Up-to-date: /home/uwr/microROS_AUV/install/action_msgs/local/lib/python3.10/dist-packages/action_msgs/_action_msgs_s.ep.rosidl_typesupport_introspection_c.c
[2.671s] -- Up-to-date: /home/uwr/microROS_AUV/install/action_msgs/local/lib/python3.10/dist-packages/action_msgs/action_msgs_s__rosidl_typesupport_fastrtps_c.cpython-310-x86_64-linux-gnu.so
[2.671s] -- Up-to-date: /home/uwr/microROS_AUV/install/action_msgs/local/lib/python3.10/dist-packages/action_msgs/action_msgs_s__rosidl_typesupport_introspection_c.cpython-310-x86_64-linux-gnu.so
[2.671s] -- Up-to-date: /home/uwr/microROS_AUV/install/action_msgs/local/lib/python3.10/dist-packages/action_msgs/action_msgs_s__rosidl_typesupport_c.cpython-310-x86_64-linux-gnu.so
[2.672s] -- Up-to-date: /home/uwr/microROS_AUV/install/action_msgs/local/lib/python3.10/dist-packages/action_msgs/msg
[2.672s] -- Up-to-date: /home/uwr/microROS_AUV/install/action_msgs/local/lib/python3.10/dist-packages/action_msgs/msg/_goal_status_array_s.c
[2.672s] -- Up-to-date: /home/uwr/microROS_AUV/install/action_msgs/local/lib/python3.10/dist-packages/action_msgs/msg/_goal_info.py
[2.672s] -- Up-to-date: /home/uwr/microROS_AUV/install/action_msgs/local/lib/python3.10/dist-packages/action_msgs/msg/_goal_status_array.py
[2.672s] -- Up-to-date: /home/uwr/microROS_AUV/install/action_msgs/local/lib/python3.10/dist-packages/action_msgs/msg/_goal_info_s.c
[2.672s] -- Up-to-date: /home/uwr/microROS_AUV/install/action_msgs/local/lib/python3.10/dist-packages/action_msgs/msg/_goal_status.py
[2.673s] -- Up-to-date: /home/uwr/microROS_AUV/install/action_msgs/local/lib/python3.10/dist-packages/action_msgs/msg/__init__.py
[2.673s] -- Up-to-date: /home/uwr/microROS_AUV/install/action_msgs/local/lib/python3.10/dist-packages/action_msgs/msg/_goal_status_s.c
[2.673s] -- Up-to-date: /home/uwr/microROS_AUV/install/action_msgs/local/lib/python3.10/dist-packages/action_msgs/_action_msgs_s.ep.rosidl_typesupport_microxrcedds_c.c
[2.674s] -- Up-to-date: /home/uwr/microROS_AUV/install/action_msgs/local/lib/python3.10/dist-packages/action_msgs/__init__.py
[2.674s] -- Up-to-date: /home/uwr/microROS_AUV/install/action_msgs/local/lib/python3.10/dist-packages/action_msgs/_action_msgs_s.ep.rosidl_typesupport_fastrtps_c.c
[2.674s] -- Up-to-date: /home/uwr/microROS_AUV/install/action_msgs/local/lib/python3.10/dist-packages/action_msgs/_action_msgs_s.ep.rosidl_typesupport_c.c
[2.675s] -- Up-to-date: /home/uwr/microROS_AUV/install/action_msgs/local/lib/python3.10/dist-packages/action_msgs/libaction_msgs__rosidl_generator_py.so
[2.675s] -- Up-to-date: /home/uwr/microROS_AUV/install/action_msgs/local/lib/python3.10/dist-packages/action_msgs/srv
[2.675s] -- Up-to-date: /home/uwr/microROS_AUV/install/action_msgs/local/lib/python3.10/dist-packages/action_msgs/srv/_cancel_goal.py
[2.675s] -- Up-to-date: /home/uwr/microROS_AUV/install/action_msgs/local/lib/python3.10/dist-packages/action_msgs/srv/_cancel_goal_s.c
[2.675s] -- Up-to-date: /home/uwr/microROS_AUV/install/action_msgs/local/lib/python3.10/dist-packages/action_msgs/srv/__init__.py
[2.769s] Listing '/home/uwr/microROS_AUV/install/action_msgs/local/lib/python3.10/dist-packages/action_msgs'...
[2.769s] Listing '/home/uwr/microROS_AUV/install/action_msgs/local/lib/python3.10/dist-packages/action_msgs/msg'...
[2.770s] Listing '/home/uwr/microROS_AUV/install/action_msgs/local/lib/python3.10/dist-packages/action_msgs/srv'...
[2.784s] -- Up-to-date: /home/uwr/microROS_AUV/install/action_msgs/local/lib/python3.10/dist-packages/action_msgs/action_msgs_s__rosidl_typesupport_microxrcedds_c.cpython-310-x86_64-linux-gnu.so
[2.784s] -- Up-to-date: /home/uwr/microROS_AUV/install/action_msgs/local/lib/python3.10/dist-packages/action_msgs/action_msgs_s__rosidl_typesupport_fastrtps_c.cpython-310-x86_64-linux-gnu.so
[2.785s] -- Up-to-date: /home/uwr/microROS_AUV/install/action_msgs/local/lib/python3.10/dist-packages/action_msgs/action_msgs_s__rosidl_typesupport_introspection_c.cpython-310-x86_64-linux-gnu.so
[2.793s] -- Up-to-date: /home/uwr/microROS_AUV/install/action_msgs/local/lib/python3.10/dist-packages/action_msgs/action_msgs_s__rosidl_typesupport_c.cpython-310-x86_64-linux-gnu.so
[2.796s] -- Up-to-date: /home/uwr/microROS_AUV/install/action_msgs/lib/libaction_msgs__rosidl_generator_py.so
[2.796s] -- Up-to-date: /home/uwr/microROS_AUV/install/action_msgs/share/action_msgs/msg/GoalInfo.idl
[2.796s] -- Up-to-date: /home/uwr/microROS_AUV/install/action_msgs/share/action_msgs/msg/GoalStatus.idl
[2.797s] -- Up-to-date: /home/uwr/microROS_AUV/install/action_msgs/share/action_msgs/msg/GoalStatusArray.idl
[2.797s] -- Up-to-date: /home/uwr/microROS_AUV/install/action_msgs/share/action_msgs/srv/CancelGoal.idl
[2.797s] -- Up-to-date: /home/uwr/microROS_AUV/install/action_msgs/share/action_msgs/msg/GoalInfo.msg
[2.798s] -- Up-to-date: /home/uwr/microROS_AUV/install/action_msgs/share/action_msgs/msg/GoalStatus.msg
[2.798s] -- Up-to-date: /home/uwr/microROS_AUV/install/action_msgs/share/action_msgs/msg/GoalStatusArray.msg
[2.798s] -- Up-to-date: /home/uwr/microROS_AUV/install/action_msgs/share/action_msgs/srv/CancelGoal.srv
[2.798s] -- Up-to-date: /home/uwr/microROS_AUV/install/action_msgs/share/action_msgs/srv/CancelGoal_Request.msg
[2.798s] -- Up-to-date: /home/uwr/microROS_AUV/install/action_msgs/share/action_msgs/srv/CancelGoal_Response.msg
[2.798s] -- Up-to-date: /home/uwr/microROS_AUV/install/action_msgs/share/ament_index/resource_index/package_run_dependencies/action_msgs
[2.799s] -- Up-to-date: /home/uwr/microROS_AUV/install/action_msgs/share/ament_index/resource_index/parent_prefix_path/action_msgs
[2.799s] -- Up-to-date: /home/uwr/microROS_AUV/install/action_msgs/share/action_msgs/environment/ament_prefix_path.sh
[2.799s] -- Up-to-date: /home/uwr/microROS_AUV/install/action_msgs/share/action_msgs/environment/ament_prefix_path.dsv
[2.799s] -- Up-to-date: /home/uwr/microROS_AUV/install/action_msgs/share/action_msgs/environment/path.sh
[2.800s] -- Up-to-date: /home/uwr/microROS_AUV/install/action_msgs/share/action_msgs/environment/path.dsv
[2.800s] -- Up-to-date: /home/uwr/microROS_AUV/install/action_msgs/share/action_msgs/local_setup.bash
[2.800s] -- Up-to-date: /home/uwr/microROS_AUV/install/action_msgs/share/action_msgs/local_setup.sh
[2.801s] -- Up-to-date: /home/uwr/microROS_AUV/install/action_msgs/share/action_msgs/local_setup.zsh
[2.801s] -- Up-to-date: /home/uwr/microROS_AUV/install/action_msgs/share/action_msgs/local_setup.dsv
[2.801s] -- Installing: /home/uwr/microROS_AUV/install/action_msgs/share/action_msgs/package.dsv
[2.804s] -- Up-to-date: /home/uwr/microROS_AUV/install/action_msgs/share/ament_index/resource_index/packages/action_msgs
[2.806s] -- Up-to-date: /home/uwr/microROS_AUV/install/action_msgs/share/action_msgs/cmake/export_action_msgs__rosidl_generator_cExport.cmake
[2.806s] -- Up-to-date: /home/uwr/microROS_AUV/install/action_msgs/share/action_msgs/cmake/export_action_msgs__rosidl_generator_cExport-noconfig.cmake
[2.810s] -- Up-to-date: /home/uwr/microROS_AUV/install/action_msgs/share/action_msgs/cmake/export_action_msgs__rosidl_typesupport_fastrtps_cExport.cmake
[2.810s] -- Up-to-date: /home/uwr/microROS_AUV/install/action_msgs/share/action_msgs/cmake/export_action_msgs__rosidl_typesupport_fastrtps_cExport-noconfig.cmake
[2.810s] -- Up-to-date: /home/uwr/microROS_AUV/install/action_msgs/share/action_msgs/cmake/export_action_msgs__rosidl_generator_cppExport.cmake
[2.813s] -- Up-to-date: /home/uwr/microROS_AUV/install/action_msgs/share/action_msgs/cmake/export_action_msgs__rosidl_typesupport_fastrtps_cppExport.cmake
[2.814s] -- Up-to-date: /home/uwr/microROS_AUV/install/action_msgs/share/action_msgs/cmake/export_action_msgs__rosidl_typesupport_fastrtps_cppExport-noconfig.cmake
[2.814s] -- Up-to-date: /home/uwr/microROS_AUV/install/action_msgs/share/action_msgs/cmake/action_msgs__rosidl_typesupport_introspection_cExport.cmake
[2.815s] -- Up-to-date: /home/uwr/microROS_AUV/install/action_msgs/share/action_msgs/cmake/action_msgs__rosidl_typesupport_introspection_cExport-noconfig.cmake
[2.815s] -- Up-to-date: /home/uwr/microROS_AUV/install/action_msgs/share/action_msgs/cmake/action_msgs__rosidl_typesupport_cExport.cmake
[2.818s] -- Up-to-date: /home/uwr/microROS_AUV/install/action_msgs/share/action_msgs/cmake/action_msgs__rosidl_typesupport_cExport-noconfig.cmake
[2.818s] -- Up-to-date: /home/uwr/microROS_AUV/install/action_msgs/share/action_msgs/cmake/action_msgs__rosidl_typesupport_introspection_cppExport.cmake
[2.819s] -- Up-to-date: /home/uwr/microROS_AUV/install/action_msgs/share/action_msgs/cmake/action_msgs__rosidl_typesupport_introspection_cppExport-noconfig.cmake
[2.819s] -- Up-to-date: /home/uwr/microROS_AUV/install/action_msgs/share/action_msgs/cmake/action_msgs__rosidl_typesupport_cppExport.cmake
[2.820s] -- Up-to-date: /home/uwr/microROS_AUV/install/action_msgs/share/action_msgs/cmake/action_msgs__rosidl_typesupport_cppExport-noconfig.cmake
[2.821s] -- Up-to-date: /home/uwr/microROS_AUV/install/action_msgs/share/action_msgs/cmake/export_action_msgs__rosidl_generator_pyExport.cmake
[2.821s] -- Up-to-date: /home/uwr/microROS_AUV/install/action_msgs/share/action_msgs/cmake/export_action_msgs__rosidl_generator_pyExport-noconfig.cmake
[2.821s] -- Up-to-date: /home/uwr/microROS_AUV/install/action_msgs/share/action_msgs/cmake/rosidl_cmake-extras.cmake
[2.821s] -- Up-to-date: /home/uwr/microROS_AUV/install/action_msgs/share/action_msgs/cmake/ament_cmake_export_dependencies-extras.cmake
[2.821s] -- Up-to-date: /home/uwr/microROS_AUV/install/action_msgs/share/action_msgs/cmake/ament_cmake_export_include_directories-extras.cmake
[2.821s] -- Up-to-date: /home/uwr/microROS_AUV/install/action_msgs/share/action_msgs/cmake/ament_cmake_export_libraries-extras.cmake
[2.822s] -- Up-to-date: /home/uwr/microROS_AUV/install/action_msgs/share/action_msgs/cmake/ament_cmake_export_targets-extras.cmake
[2.822s] -- Up-to-date: /home/uwr/microROS_AUV/install/action_msgs/share/action_msgs/cmake/rosidl_cmake_export_typesupport_targets-extras.cmake
[2.822s] -- Up-to-date: /home/uwr/microROS_AUV/install/action_msgs/share/action_msgs/cmake/rosidl_cmake_export_typesupport_libraries-extras.cmake
[2.822s] -- Up-to-date: /home/uwr/microROS_AUV/install/action_msgs/share/action_msgs/cmake/action_msgsConfig.cmake
[2.822s] -- Up-to-date: /home/uwr/microROS_AUV/install/action_msgs/share/action_msgs/cmake/action_msgsConfig-version.cmake
[2.823s] -- Up-to-date: /home/uwr/microROS_AUV/install/action_msgs/share/action_msgs/package.xml
[2.823s] Invoked command in '/home/uwr/microROS_AUV/build/action_msgs' returned '0': CMAKE_PREFIX_PATH=/home/uwr/microROS_AUV/install/unique_identifier_msgs:/home/uwr/microROS_AUV/install/builtin_interfaces:/home/uwr/microROS_AUV/install/action_msgs:/home/uwr/microROS_AUV/install/std_srvs:/home/uwr/microROS_AUV/install/rosidl_typesupport_microxrcedds_test_msg:/home/uwr/microROS_AUV/install/rosidl_typesupport_microxrcedds_cpp_tests:/home/uwr/microROS_AUV/install/rmw_microxrcedds:/home/uwr/microROS_AUV/install/rosidl_typesupport_microxrcedds_cpp:/home/uwr/microROS_AUV/install/rosidl_typesupport_microxrcedds_c_tests:/home/uwr/microROS_AUV/install/rosidl_typesupport_microxrcedds_c:/home/uwr/microROS_AUV/install/rosgraph_msgs:/home/uwr/microROS_AUV/install/microxrcedds_client:/home/uwr/microROS_AUV/install/microcdr:/home/uwr/microROS_AUV/install/micro_ros_utilities:/home/uwr/microROS_AUV/install/micro_ros_msgs:/home/uwr/microROS_AUV/install/lifecycle_msgs:/home/uwr/microROS_AUV/install/complex_msgs:/home/uwr/microROS_AUV/install/micro_ros_setup:/home/uwr/microROS_AUV/install/custom_interfaces:/home/uwr/Desktop/2024_UWR/install/kalman_filter:/home/uwr/Desktop/2024_UWR/install/sonar_msgs:/home/uwr/Desktop/2024_UWR/install/ros2-driver:/home/uwr/Desktop/2024_UWR/install/oculus_interfaces:/home/uwr/Desktop/2024_UWR/install/ntrip:/home/uwr/Desktop/2024_UWR/install/adnav-driver:/home/uwr/fls_ws/install/oculus_interfaces:/home/uwr/microROS_AUV/install/statistics_msgs:/home/uwr/microROS_AUV/install/control_pkg:/home/uwr/Desktop/2024_UWR/install/sonar_subs:/opt/ros/humble LD_LIBRARY_PATH=/home/uwr/microROS_AUV/install/unique_identifier_msgs/lib:/home/uwr/microROS_AUV/install/builtin_interfaces/lib:/home/uwr/microROS_AUV/install/action_msgs/lib:/home/uwr/microROS_AUV/install/std_srvs/lib:/home/uwr/microROS_AUV/install/statistics_msgs/lib:/home/uwr/microROS_AUV/install/rmw_microxrcedds/lib:/home/uwr/microROS_AUV/install/rosidl_typesupport_microxrcedds_cpp/lib:/home/uwr/microROS_AUV/install/rosidl_typesupport_microxrcedds_c/lib:/home/uwr/microROS_AUV/install/rosgraph_msgs/lib:/home/uwr/microROS_AUV/install/microxrcedds_client/lib:/home/uwr/microROS_AUV/install/microcdr/lib:/home/uwr/microROS_AUV/install/micro_ros_utilities/lib:/home/uwr/microROS_AUV/install/micro_ros_msgs/lib:/home/uwr/microROS_AUV/install/lifecycle_msgs/lib:/home/uwr/microROS_AUV/install/complex_msgs/lib:/home/uwr/microROS_AUV/install/custom_interfaces/lib:/home/uwr/oculus_driver/install/lib:/home/uwr/Desktop/2024_UWR/install/sonar_msgs/lib:/home/uwr/Desktop/2024_UWR/install/oculus_interfaces/lib:/home/uwr/fls_ws/install/oculus_interfaces/lib:/opt/ros/humble/opt/rviz_ogre_vendor/lib:/opt/ros/humble/lib/x86_64-linux-gnu:/opt/ros/humble/lib /usr/bin/cmake --install /home/uwr/microROS_AUV/build/action_msgs
