[0.082s] Invoking command in '/home/uwr/microROS_AUV/build/unique_identifier_msgs': CMAKE_PREFIX_PATH=${CMAKE_PREFIX_PATH}:/home/uwr/microROS_AUV/install/control_pkg:/home/uwr/Desktop/2024_UWR/install/sonar_subs:/opt/ros/humble /usr/bin/cmake --build /home/uwr/microROS_AUV/build/unique_identifier_msgs -- -j8 -l8
[0.279s] [35m[1mConsolidate compiler generated dependencies of target unique_identifier_msgs__rosidl_generator_c[0m
[0.406s] [  2%] Built target unique_identifier_msgs__cpp
[0.476s] [ 10%] Built target unique_identifier_msgs__rosidl_generator_c
[0.527s] [35m[1mConsolidate compiler generated dependencies of target unique_identifier_msgs__rosidl_typesupport_fastrtps_cpp[0m
[0.542s] [ 10%] Built target ament_cmake_python_copy_unique_identifier_msgs
[0.615s] [ 17%] Built target unique_identifier_msgs__rosidl_typesupport_fastrtps_cpp
[0.635s] [35m[1mConsolidate compiler generated dependencies of target unique_identifier_msgs__rosidl_typesupport_c[0m
[0.641s] [35m[1mConsolidate compiler generated dependencies of target unique_identifier_msgs__rosidl_typesupport_introspection_cpp[0m
[0.657s] [35m[1mConsolidate compiler generated dependencies of target unique_identifier_msgs__rosidl_typesupport_microxrcedds_cpp[0m
[0.670s] [35m[1mConsolidate compiler generated dependencies of target unique_identifier_msgs__rosidl_typesupport_cpp[0m
[0.694s] [35m[1mConsolidate compiler generated dependencies of target unique_identifier_msgs__rosidl_typesupport_fastrtps_c[0m
[0.721s] [35m[1mConsolidate compiler generated dependencies of target unique_identifier_msgs__rosidl_typesupport_introspection_c[0m
[0.772s] [35m[1mConsolidate compiler generated dependencies of target unique_identifier_msgs__rosidl_typesupport_microxrcedds_c[0m
[0.792s] [ 25%] Built target unique_identifier_msgs__rosidl_typesupport_introspection_cpp
[0.817s] [ 33%] Built target unique_identifier_msgs__rosidl_typesupport_microxrcedds_cpp
[0.832s] [ 41%] Built target unique_identifier_msgs__rosidl_typesupport_cpp
[0.863s] [ 48%] Built target unique_identifier_msgs__rosidl_typesupport_c
[0.870s] [ 56%] Built target unique_identifier_msgs__rosidl_typesupport_microxrcedds_c
[0.903s] [ 64%] Built target unique_identifier_msgs__rosidl_typesupport_introspection_c
[0.913s] [ 71%] Built target unique_identifier_msgs__rosidl_typesupport_fastrtps_c
[1.106s] [ 71%] Built target unique_identifier_msgs
[1.248s] [ 74%] Built target unique_identifier_msgs__py
[1.365s] [35m[1mConsolidate compiler generated dependencies of target unique_identifier_msgs__rosidl_generator_py[0m
[1.429s] [ 79%] Built target unique_identifier_msgs__rosidl_generator_py
[1.517s] [35m[1mConsolidate compiler generated dependencies of target unique_identifier_msgs__rosidl_typesupport_fastrtps_c__pyext[0m
[1.517s] [35m[1mConsolidate compiler generated dependencies of target unique_identifier_msgs__rosidl_typesupport_introspection_c__pyext[0m
[1.523s] [35m[1mConsolidate compiler generated dependencies of target unique_identifier_msgs__rosidl_typesupport_c__pyext[0m
[1.553s] [35m[1mConsolidate compiler generated dependencies of target unique_identifier_msgs__rosidl_typesupport_microxrcedds_c__pyext[0m
[1.626s] [ 84%] Built target unique_identifier_msgs__rosidl_typesupport_fastrtps_c__pyext
[1.630s] [ 89%] Built target unique_identifier_msgs__rosidl_typesupport_c__pyext
[1.666s] [ 94%] Built target unique_identifier_msgs__rosidl_typesupport_introspection_c__pyext
[1.713s] [100%] Built target unique_identifier_msgs__rosidl_typesupport_microxrcedds_c__pyext
[2.014s] running egg_info
[2.017s] writing unique_identifier_msgs.egg-info/PKG-INFO
[2.018s] writing dependency_links to unique_identifier_msgs.egg-info/dependency_links.txt
[2.018s] writing top-level names to unique_identifier_msgs.egg-info/top_level.txt
[2.025s] reading manifest file 'unique_identifier_msgs.egg-info/SOURCES.txt'
[2.027s] writing manifest file 'unique_identifier_msgs.egg-info/SOURCES.txt'
[2.091s] [100%] Built target ament_cmake_python_build_unique_identifier_msgs_egg
[2.177s] Invoked command in '/home/uwr/microROS_AUV/build/unique_identifier_msgs' returned '0': CMAKE_PREFIX_PATH=${CMAKE_PREFIX_PATH}:/home/uwr/microROS_AUV/install/control_pkg:/home/uwr/Desktop/2024_UWR/install/sonar_subs:/opt/ros/humble /usr/bin/cmake --build /home/uwr/microROS_AUV/build/unique_identifier_msgs -- -j8 -l8
[2.525s] Invoking command in '/home/uwr/microROS_AUV/build/unique_identifier_msgs': CMAKE_PREFIX_PATH=${CMAKE_PREFIX_PATH}:/home/uwr/microROS_AUV/install/control_pkg:/home/uwr/Desktop/2024_UWR/install/sonar_subs:/opt/ros/humble /usr/bin/cmake --install /home/uwr/microROS_AUV/build/unique_identifier_msgs
[2.621s] -- Install configuration: ""
[2.621s] -- Up-to-date: /home/uwr/microROS_AUV/install/unique_identifier_msgs/share/ament_index/resource_index/rosidl_interfaces/unique_identifier_msgs
[2.621s] -- Up-to-date: /home/uwr/microROS_AUV/install/unique_identifier_msgs/include/unique_identifier_msgs/unique_identifier_msgs
[2.621s] -- Up-to-date: /home/uwr/microROS_AUV/install/unique_identifier_msgs/include/unique_identifier_msgs/unique_identifier_msgs/msg
[2.621s] -- Up-to-date: /home/uwr/microROS_AUV/install/unique_identifier_msgs/include/unique_identifier_msgs/unique_identifier_msgs/msg/rosidl_generator_c__visibility_control.h
[2.622s] -- Up-to-date: /home/uwr/microROS_AUV/install/unique_identifier_msgs/include/unique_identifier_msgs/unique_identifier_msgs/msg/uuid.h
[2.622s] -- Up-to-date: /home/uwr/microROS_AUV/install/unique_identifier_msgs/include/unique_identifier_msgs/unique_identifier_msgs/msg/detail
[2.622s] -- Up-to-date: /home/uwr/microROS_AUV/install/unique_identifier_msgs/include/unique_identifier_msgs/unique_identifier_msgs/msg/detail/uuid__functions.h
[2.639s] -- Up-to-date: /home/uwr/microROS_AUV/install/unique_identifier_msgs/include/unique_identifier_msgs/unique_identifier_msgs/msg/detail/uuid__struct.h
[2.639s] -- Up-to-date: /home/uwr/microROS_AUV/install/unique_identifier_msgs/include/unique_identifier_msgs/unique_identifier_msgs/msg/detail/uuid__functions.c
[2.639s] -- Up-to-date: /home/uwr/microROS_AUV/install/unique_identifier_msgs/include/unique_identifier_msgs/unique_identifier_msgs/msg/detail/uuid__type_support.h
[2.639s] -- Up-to-date: /home/uwr/microROS_AUV/install/unique_identifier_msgs/share/unique_identifier_msgs/environment/library_path.sh
[2.640s] -- Up-to-date: /home/uwr/microROS_AUV/install/unique_identifier_msgs/share/unique_identifier_msgs/environment/library_path.dsv
[2.640s] -- Up-to-date: /home/uwr/microROS_AUV/install/unique_identifier_msgs/lib/libunique_identifier_msgs__rosidl_generator_c.so
[2.640s] -- Up-to-date: /home/uwr/microROS_AUV/install/unique_identifier_msgs/include/unique_identifier_msgs
[2.640s] -- Up-to-date: /home/uwr/microROS_AUV/install/unique_identifier_msgs/include/unique_identifier_msgs/msg
[2.641s] -- Up-to-date: /home/uwr/microROS_AUV/install/unique_identifier_msgs/include/unique_identifier_msgs/msg/rosidl_typesupport_microxrcedds_c__visibility_control.h
[2.641s] -- Up-to-date: /home/uwr/microROS_AUV/install/unique_identifier_msgs/include/unique_identifier_msgs/msg/detail
[2.641s] -- Up-to-date: /home/uwr/microROS_AUV/install/unique_identifier_msgs/include/unique_identifier_msgs/msg/detail/uuid__rosidl_typesupport_microxrcedds_c.h
[2.641s] -- Up-to-date: /home/uwr/microROS_AUV/install/unique_identifier_msgs/include/unique_identifier_msgs/msg/detail/microxrcedds
[2.641s] -- Up-to-date: /home/uwr/microROS_AUV/install/unique_identifier_msgs/lib/libunique_identifier_msgs__rosidl_typesupport_microxrcedds_c.so
[2.642s] -- Up-to-date: /home/uwr/microROS_AUV/install/unique_identifier_msgs/include/unique_identifier_msgs/unique_identifier_msgs
[2.642s] -- Up-to-date: /home/uwr/microROS_AUV/install/unique_identifier_msgs/include/unique_identifier_msgs/unique_identifier_msgs/msg
[2.642s] -- Up-to-date: /home/uwr/microROS_AUV/install/unique_identifier_msgs/include/unique_identifier_msgs/unique_identifier_msgs/msg/detail
[2.644s] -- Up-to-date: /home/uwr/microROS_AUV/install/unique_identifier_msgs/include/unique_identifier_msgs/unique_identifier_msgs/msg/detail/uuid__rosidl_typesupport_fastrtps_c.h
[2.653s] -- Up-to-date: /home/uwr/microROS_AUV/install/unique_identifier_msgs/include/unique_identifier_msgs/unique_identifier_msgs/msg/rosidl_typesupport_fastrtps_c__visibility_control.h
[2.653s] -- Up-to-date: /home/uwr/microROS_AUV/install/unique_identifier_msgs/lib/libunique_identifier_msgs__rosidl_typesupport_fastrtps_c.so
[2.653s] -- Up-to-date: /home/uwr/microROS_AUV/install/unique_identifier_msgs/include/unique_identifier_msgs/unique_identifier_msgs
[2.654s] -- Up-to-date: /home/uwr/microROS_AUV/install/unique_identifier_msgs/include/unique_identifier_msgs/unique_identifier_msgs/msg
[2.654s] -- Up-to-date: /home/uwr/microROS_AUV/install/unique_identifier_msgs/include/unique_identifier_msgs/unique_identifier_msgs/msg/rosidl_typesupport_introspection_c__visibility_control.h
[2.654s] -- Up-to-date: /home/uwr/microROS_AUV/install/unique_identifier_msgs/include/unique_identifier_msgs/unique_identifier_msgs/msg/detail
[2.654s] -- Up-to-date: /home/uwr/microROS_AUV/install/unique_identifier_msgs/include/unique_identifier_msgs/unique_identifier_msgs/msg/detail/uuid__type_support.c
[2.654s] -- Up-to-date: /home/uwr/microROS_AUV/install/unique_identifier_msgs/include/unique_identifier_msgs/unique_identifier_msgs/msg/detail/uuid__rosidl_typesupport_introspection_c.h
[2.655s] -- Up-to-date: /home/uwr/microROS_AUV/install/unique_identifier_msgs/lib/libunique_identifier_msgs__rosidl_typesupport_introspection_c.so
[2.655s] -- Up-to-date: /home/uwr/microROS_AUV/install/unique_identifier_msgs/lib/libunique_identifier_msgs__rosidl_typesupport_c.so
[2.655s] -- Up-to-date: /home/uwr/microROS_AUV/install/unique_identifier_msgs/include/unique_identifier_msgs/unique_identifier_msgs
[2.655s] -- Up-to-date: /home/uwr/microROS_AUV/install/unique_identifier_msgs/include/unique_identifier_msgs/unique_identifier_msgs/msg
[2.659s] -- Up-to-date: /home/uwr/microROS_AUV/install/unique_identifier_msgs/include/unique_identifier_msgs/unique_identifier_msgs/msg/detail
[2.660s] -- Up-to-date: /home/uwr/microROS_AUV/install/unique_identifier_msgs/include/unique_identifier_msgs/unique_identifier_msgs/msg/detail/uuid__traits.hpp
[2.660s] -- Up-to-date: /home/uwr/microROS_AUV/install/unique_identifier_msgs/include/unique_identifier_msgs/unique_identifier_msgs/msg/detail/uuid__struct.hpp
[2.660s] -- Up-to-date: /home/uwr/microROS_AUV/install/unique_identifier_msgs/include/unique_identifier_msgs/unique_identifier_msgs/msg/detail/uuid__builder.hpp
[2.660s] -- Up-to-date: /home/uwr/microROS_AUV/install/unique_identifier_msgs/include/unique_identifier_msgs/unique_identifier_msgs/msg/uuid.hpp
[2.661s] -- Up-to-date: /home/uwr/microROS_AUV/install/unique_identifier_msgs/include/unique_identifier_msgs
[2.661s] -- Up-to-date: /home/uwr/microROS_AUV/install/unique_identifier_msgs/include/unique_identifier_msgs/msg
[2.661s] -- Up-to-date: /home/uwr/microROS_AUV/install/unique_identifier_msgs/include/unique_identifier_msgs/msg/rosidl_typesupport_microxrcedds_cpp__visibility_control.h
[2.661s] -- Up-to-date: /home/uwr/microROS_AUV/install/unique_identifier_msgs/include/unique_identifier_msgs/msg/detail
[2.661s] -- Up-to-date: /home/uwr/microROS_AUV/install/unique_identifier_msgs/include/unique_identifier_msgs/msg/detail/uuid__rosidl_typesupport_microxrcedds_cpp.hpp
[2.662s] -- Up-to-date: /home/uwr/microROS_AUV/install/unique_identifier_msgs/include/unique_identifier_msgs/msg/detail/microxrcedds
[2.662s] -- Up-to-date: /home/uwr/microROS_AUV/install/unique_identifier_msgs/include/unique_identifier_msgs/msg/detail/microxrcedds/uuid__type_support_cpp.cpp
[2.665s] -- Up-to-date: /home/uwr/microROS_AUV/install/unique_identifier_msgs/lib/libunique_identifier_msgs__rosidl_typesupport_microxrcedds_cpp.so
[2.666s] -- Up-to-date: /home/uwr/microROS_AUV/install/unique_identifier_msgs/include/unique_identifier_msgs/unique_identifier_msgs
[2.666s] -- Up-to-date: /home/uwr/microROS_AUV/install/unique_identifier_msgs/include/unique_identifier_msgs/unique_identifier_msgs/msg
[2.666s] -- Up-to-date: /home/uwr/microROS_AUV/install/unique_identifier_msgs/include/unique_identifier_msgs/unique_identifier_msgs/msg/detail
[2.666s] -- Up-to-date: /home/uwr/microROS_AUV/install/unique_identifier_msgs/include/unique_identifier_msgs/unique_identifier_msgs/msg/detail/dds_fastrtps
[2.667s] -- Up-to-date: /home/uwr/microROS_AUV/install/unique_identifier_msgs/include/unique_identifier_msgs/unique_identifier_msgs/msg/detail/uuid__rosidl_typesupport_fastrtps_cpp.hpp
[2.667s] -- Up-to-date: /home/uwr/microROS_AUV/install/unique_identifier_msgs/include/unique_identifier_msgs/unique_identifier_msgs/msg/rosidl_typesupport_fastrtps_cpp__visibility_control.h
[2.667s] -- Up-to-date: /home/uwr/microROS_AUV/install/unique_identifier_msgs/lib/libunique_identifier_msgs__rosidl_typesupport_fastrtps_cpp.so
[2.668s] -- Up-to-date: /home/uwr/microROS_AUV/install/unique_identifier_msgs/include/unique_identifier_msgs/unique_identifier_msgs
[2.669s] -- Up-to-date: /home/uwr/microROS_AUV/install/unique_identifier_msgs/include/unique_identifier_msgs/unique_identifier_msgs/msg
[2.669s] -- Up-to-date: /home/uwr/microROS_AUV/install/unique_identifier_msgs/include/unique_identifier_msgs/unique_identifier_msgs/msg/detail
[2.670s] -- Up-to-date: /home/uwr/microROS_AUV/install/unique_identifier_msgs/include/unique_identifier_msgs/unique_identifier_msgs/msg/detail/uuid__type_support.cpp
[2.670s] -- Up-to-date: /home/uwr/microROS_AUV/install/unique_identifier_msgs/include/unique_identifier_msgs/unique_identifier_msgs/msg/detail/uuid__rosidl_typesupport_introspection_cpp.hpp
[2.671s] -- Up-to-date: /home/uwr/microROS_AUV/install/unique_identifier_msgs/lib/libunique_identifier_msgs__rosidl_typesupport_introspection_cpp.so
[2.671s] -- Up-to-date: /home/uwr/microROS_AUV/install/unique_identifier_msgs/lib/libunique_identifier_msgs__rosidl_typesupport_cpp.so
[2.671s] -- Up-to-date: /home/uwr/microROS_AUV/install/unique_identifier_msgs/share/unique_identifier_msgs/environment/pythonpath.sh
[2.671s] -- Up-to-date: /home/uwr/microROS_AUV/install/unique_identifier_msgs/share/unique_identifier_msgs/environment/pythonpath.dsv
[2.671s] -- Up-to-date: /home/uwr/microROS_AUV/install/unique_identifier_msgs/local/lib/python3.10/dist-packages/unique_identifier_msgs-2.2.1-py3.10.egg-info
[2.672s] -- Installing: /home/uwr/microROS_AUV/install/unique_identifier_msgs/local/lib/python3.10/dist-packages/unique_identifier_msgs-2.2.1-py3.10.egg-info/top_level.txt
[2.672s] -- Installing: /home/uwr/microROS_AUV/install/unique_identifier_msgs/local/lib/python3.10/dist-packages/unique_identifier_msgs-2.2.1-py3.10.egg-info/dependency_links.txt
[2.672s] -- Installing: /home/uwr/microROS_AUV/install/unique_identifier_msgs/local/lib/python3.10/dist-packages/unique_identifier_msgs-2.2.1-py3.10.egg-info/PKG-INFO
[2.672s] -- Installing: /home/uwr/microROS_AUV/install/unique_identifier_msgs/local/lib/python3.10/dist-packages/unique_identifier_msgs-2.2.1-py3.10.egg-info/SOURCES.txt
[2.672s] -- Up-to-date: /home/uwr/microROS_AUV/install/unique_identifier_msgs/local/lib/python3.10/dist-packages/unique_identifier_msgs
[2.673s] -- Up-to-date: /home/uwr/microROS_AUV/install/unique_identifier_msgs/local/lib/python3.10/dist-packages/unique_identifier_msgs/unique_identifier_msgs_s__rosidl_typesupport_introspection_c.cpython-310-x86_64-linux-gnu.so
[2.673s] -- Up-to-date: /home/uwr/microROS_AUV/install/unique_identifier_msgs/local/lib/python3.10/dist-packages/unique_identifier_msgs/unique_identifier_msgs_s__rosidl_typesupport_microxrcedds_c.cpython-310-x86_64-linux-gnu.so
[2.673s] -- Up-to-date: /home/uwr/microROS_AUV/install/unique_identifier_msgs/local/lib/python3.10/dist-packages/unique_identifier_msgs/libunique_identifier_msgs__rosidl_generator_py.so
[2.674s] -- Up-to-date: /home/uwr/microROS_AUV/install/unique_identifier_msgs/local/lib/python3.10/dist-packages/unique_identifier_msgs/unique_identifier_msgs_s__rosidl_typesupport_fastrtps_c.cpython-310-x86_64-linux-gnu.so
[2.674s] -- Up-to-date: /home/uwr/microROS_AUV/install/unique_identifier_msgs/local/lib/python3.10/dist-packages/unique_identifier_msgs/msg
[2.674s] -- Up-to-date: /home/uwr/microROS_AUV/install/unique_identifier_msgs/local/lib/python3.10/dist-packages/unique_identifier_msgs/msg/_uuid.py
[2.674s] -- Up-to-date: /home/uwr/microROS_AUV/install/unique_identifier_msgs/local/lib/python3.10/dist-packages/unique_identifier_msgs/msg/__init__.py
[2.674s] -- Up-to-date: /home/uwr/microROS_AUV/install/unique_identifier_msgs/local/lib/python3.10/dist-packages/unique_identifier_msgs/msg/_uuid_s.c
[2.675s] -- Up-to-date: /home/uwr/microROS_AUV/install/unique_identifier_msgs/local/lib/python3.10/dist-packages/unique_identifier_msgs/_unique_identifier_msgs_s.ep.rosidl_typesupport_c.c
[2.675s] -- Up-to-date: /home/uwr/microROS_AUV/install/unique_identifier_msgs/local/lib/python3.10/dist-packages/unique_identifier_msgs/__init__.py
[2.675s] -- Up-to-date: /home/uwr/microROS_AUV/install/unique_identifier_msgs/local/lib/python3.10/dist-packages/unique_identifier_msgs/_unique_identifier_msgs_s.ep.rosidl_typesupport_introspection_c.c
[2.676s] -- Up-to-date: /home/uwr/microROS_AUV/install/unique_identifier_msgs/local/lib/python3.10/dist-packages/unique_identifier_msgs/_unique_identifier_msgs_s.ep.rosidl_typesupport_microxrcedds_c.c
[2.676s] -- Up-to-date: /home/uwr/microROS_AUV/install/unique_identifier_msgs/local/lib/python3.10/dist-packages/unique_identifier_msgs/unique_identifier_msgs_s__rosidl_typesupport_c.cpython-310-x86_64-linux-gnu.so
[2.676s] -- Up-to-date: /home/uwr/microROS_AUV/install/unique_identifier_msgs/local/lib/python3.10/dist-packages/unique_identifier_msgs/_unique_identifier_msgs_s.ep.rosidl_typesupport_fastrtps_c.c
[2.706s] Listing '/home/uwr/microROS_AUV/install/unique_identifier_msgs/local/lib/python3.10/dist-packages/unique_identifier_msgs'...
[2.706s] Listing '/home/uwr/microROS_AUV/install/unique_identifier_msgs/local/lib/python3.10/dist-packages/unique_identifier_msgs/msg'...
[2.718s] -- Up-to-date: /home/uwr/microROS_AUV/install/unique_identifier_msgs/local/lib/python3.10/dist-packages/unique_identifier_msgs/unique_identifier_msgs_s__rosidl_typesupport_microxrcedds_c.cpython-310-x86_64-linux-gnu.so
[2.721s] -- Up-to-date: /home/uwr/microROS_AUV/install/unique_identifier_msgs/local/lib/python3.10/dist-packages/unique_identifier_msgs/unique_identifier_msgs_s__rosidl_typesupport_fastrtps_c.cpython-310-x86_64-linux-gnu.so
[2.724s] -- Up-to-date: /home/uwr/microROS_AUV/install/unique_identifier_msgs/local/lib/python3.10/dist-packages/unique_identifier_msgs/unique_identifier_msgs_s__rosidl_typesupport_introspection_c.cpython-310-x86_64-linux-gnu.so
[2.725s] -- Up-to-date: /home/uwr/microROS_AUV/install/unique_identifier_msgs/local/lib/python3.10/dist-packages/unique_identifier_msgs/unique_identifier_msgs_s__rosidl_typesupport_c.cpython-310-x86_64-linux-gnu.so
[2.725s] -- Up-to-date: /home/uwr/microROS_AUV/install/unique_identifier_msgs/lib/libunique_identifier_msgs__rosidl_generator_py.so
[2.729s] -- Up-to-date: /home/uwr/microROS_AUV/install/unique_identifier_msgs/share/unique_identifier_msgs/msg/UUID.idl
[2.730s] -- Up-to-date: /home/uwr/microROS_AUV/install/unique_identifier_msgs/share/unique_identifier_msgs/msg/UUID.msg
[2.731s] -- Up-to-date: /home/uwr/microROS_AUV/install/unique_identifier_msgs/share/ament_index/resource_index/package_run_dependencies/unique_identifier_msgs
[2.731s] -- Up-to-date: /home/uwr/microROS_AUV/install/unique_identifier_msgs/share/ament_index/resource_index/parent_prefix_path/unique_identifier_msgs
[2.731s] -- Up-to-date: /home/uwr/microROS_AUV/install/unique_identifier_msgs/share/unique_identifier_msgs/environment/ament_prefix_path.sh
[2.731s] -- Up-to-date: /home/uwr/microROS_AUV/install/unique_identifier_msgs/share/unique_identifier_msgs/environment/ament_prefix_path.dsv
[2.732s] -- Up-to-date: /home/uwr/microROS_AUV/install/unique_identifier_msgs/share/unique_identifier_msgs/environment/path.sh
[2.732s] -- Up-to-date: /home/uwr/microROS_AUV/install/unique_identifier_msgs/share/unique_identifier_msgs/environment/path.dsv
[2.732s] -- Up-to-date: /home/uwr/microROS_AUV/install/unique_identifier_msgs/share/unique_identifier_msgs/local_setup.bash
[2.732s] -- Up-to-date: /home/uwr/microROS_AUV/install/unique_identifier_msgs/share/unique_identifier_msgs/local_setup.sh
[2.733s] -- Up-to-date: /home/uwr/microROS_AUV/install/unique_identifier_msgs/share/unique_identifier_msgs/local_setup.zsh
[2.734s] -- Up-to-date: /home/uwr/microROS_AUV/install/unique_identifier_msgs/share/unique_identifier_msgs/local_setup.dsv
[2.734s] -- Installing: /home/uwr/microROS_AUV/install/unique_identifier_msgs/share/unique_identifier_msgs/package.dsv
[2.734s] -- Up-to-date: /home/uwr/microROS_AUV/install/unique_identifier_msgs/share/ament_index/resource_index/packages/unique_identifier_msgs
[2.734s] -- Up-to-date: /home/uwr/microROS_AUV/install/unique_identifier_msgs/share/unique_identifier_msgs/cmake/export_unique_identifier_msgs__rosidl_generator_cExport.cmake
[2.734s] -- Up-to-date: /home/uwr/microROS_AUV/install/unique_identifier_msgs/share/unique_identifier_msgs/cmake/export_unique_identifier_msgs__rosidl_generator_cExport-noconfig.cmake
[2.735s] -- Up-to-date: /home/uwr/microROS_AUV/install/unique_identifier_msgs/share/unique_identifier_msgs/cmake/export_unique_identifier_msgs__rosidl_typesupport_fastrtps_cExport.cmake
[2.735s] -- Up-to-date: /home/uwr/microROS_AUV/install/unique_identifier_msgs/share/unique_identifier_msgs/cmake/export_unique_identifier_msgs__rosidl_typesupport_fastrtps_cExport-noconfig.cmake
[2.737s] -- Up-to-date: /home/uwr/microROS_AUV/install/unique_identifier_msgs/share/unique_identifier_msgs/cmake/unique_identifier_msgs__rosidl_typesupport_introspection_cExport.cmake
[2.739s] -- Up-to-date: /home/uwr/microROS_AUV/install/unique_identifier_msgs/share/unique_identifier_msgs/cmake/unique_identifier_msgs__rosidl_typesupport_introspection_cExport-noconfig.cmake
[2.740s] -- Up-to-date: /home/uwr/microROS_AUV/install/unique_identifier_msgs/share/unique_identifier_msgs/cmake/unique_identifier_msgs__rosidl_typesupport_cExport.cmake
[2.740s] -- Up-to-date: /home/uwr/microROS_AUV/install/unique_identifier_msgs/share/unique_identifier_msgs/cmake/unique_identifier_msgs__rosidl_typesupport_cExport-noconfig.cmake
[2.740s] -- Up-to-date: /home/uwr/microROS_AUV/install/unique_identifier_msgs/share/unique_identifier_msgs/cmake/export_unique_identifier_msgs__rosidl_generator_cppExport.cmake
[2.742s] -- Up-to-date: /home/uwr/microROS_AUV/install/unique_identifier_msgs/share/unique_identifier_msgs/cmake/export_unique_identifier_msgs__rosidl_typesupport_fastrtps_cppExport.cmake
[2.744s] -- Up-to-date: /home/uwr/microROS_AUV/install/unique_identifier_msgs/share/unique_identifier_msgs/cmake/export_unique_identifier_msgs__rosidl_typesupport_fastrtps_cppExport-noconfig.cmake
[2.744s] -- Up-to-date: /home/uwr/microROS_AUV/install/unique_identifier_msgs/share/unique_identifier_msgs/cmake/unique_identifier_msgs__rosidl_typesupport_introspection_cppExport.cmake
[2.744s] -- Up-to-date: /home/uwr/microROS_AUV/install/unique_identifier_msgs/share/unique_identifier_msgs/cmake/unique_identifier_msgs__rosidl_typesupport_introspection_cppExport-noconfig.cmake
[2.744s] -- Up-to-date: /home/uwr/microROS_AUV/install/unique_identifier_msgs/share/unique_identifier_msgs/cmake/unique_identifier_msgs__rosidl_typesupport_cppExport.cmake
[2.745s] -- Up-to-date: /home/uwr/microROS_AUV/install/unique_identifier_msgs/share/unique_identifier_msgs/cmake/unique_identifier_msgs__rosidl_typesupport_cppExport-noconfig.cmake
[2.745s] -- Up-to-date: /home/uwr/microROS_AUV/install/unique_identifier_msgs/share/unique_identifier_msgs/cmake/export_unique_identifier_msgs__rosidl_generator_pyExport.cmake
[2.745s] -- Up-to-date: /home/uwr/microROS_AUV/install/unique_identifier_msgs/share/unique_identifier_msgs/cmake/export_unique_identifier_msgs__rosidl_generator_pyExport-noconfig.cmake
[2.745s] -- Up-to-date: /home/uwr/microROS_AUV/install/unique_identifier_msgs/share/unique_identifier_msgs/cmake/rosidl_cmake-extras.cmake
[2.745s] -- Up-to-date: /home/uwr/microROS_AUV/install/unique_identifier_msgs/share/unique_identifier_msgs/cmake/ament_cmake_export_include_directories-extras.cmake
[2.746s] -- Up-to-date: /home/uwr/microROS_AUV/install/unique_identifier_msgs/share/unique_identifier_msgs/cmake/ament_cmake_export_libraries-extras.cmake
[2.746s] -- Up-to-date: /home/uwr/microROS_AUV/install/unique_identifier_msgs/share/unique_identifier_msgs/cmake/ament_cmake_export_targets-extras.cmake
[2.748s] -- Up-to-date: /home/uwr/microROS_AUV/install/unique_identifier_msgs/share/unique_identifier_msgs/cmake/rosidl_cmake_export_typesupport_targets-extras.cmake
[2.749s] -- Up-to-date: /home/uwr/microROS_AUV/install/unique_identifier_msgs/share/unique_identifier_msgs/cmake/ament_cmake_export_dependencies-extras.cmake
[2.749s] -- Up-to-date: /home/uwr/microROS_AUV/install/unique_identifier_msgs/share/unique_identifier_msgs/cmake/rosidl_cmake_export_typesupport_libraries-extras.cmake
[2.749s] -- Up-to-date: /home/uwr/microROS_AUV/install/unique_identifier_msgs/share/unique_identifier_msgs/cmake/unique_identifier_msgsConfig.cmake
[2.752s] -- Up-to-date: /home/uwr/microROS_AUV/install/unique_identifier_msgs/share/unique_identifier_msgs/cmake/unique_identifier_msgsConfig-version.cmake
[2.752s] -- Up-to-date: /home/uwr/microROS_AUV/install/unique_identifier_msgs/share/unique_identifier_msgs/package.xml
[2.752s] -- Up-to-date: /home/uwr/microROS_AUV/install/unique_identifier_msgs/share/unique_identifier_msgs/mapping_rules.yaml
[2.784s] Invoked command in '/home/uwr/microROS_AUV/build/unique_identifier_msgs' returned '0': CMAKE_PREFIX_PATH=${CMAKE_PREFIX_PATH}:/home/uwr/microROS_AUV/install/control_pkg:/home/uwr/Desktop/2024_UWR/install/sonar_subs:/opt/ros/humble /usr/bin/cmake --install /home/uwr/microROS_AUV/build/unique_identifier_msgs
