[0.048s] Invoking command in '/home/uwr/microROS_AUV/build/statistics_msgs': AMENT_PREFIX_PATH=/home/uwr/microROS_AUV/install/builtin_interfaces:${AMENT_PREFIX_PATH} CMAKE_PREFIX_PATH=/home/uwr/microROS_AUV/install/builtin_interfaces:/home/uwr/microROS_AUV/install/rosidl_typesupport_microxrcedds_cpp:/home/uwr/microROS_AUV/install/rosidl_typesupport_microxrcedds_c:/home/uwr/microROS_AUV/install/microcdr:/home/uwr/microROS_AUV/install/micro_ros_setup:/home/uwr/microROS_AUV/install/custom_interfaces:/home/uwr/Desktop/2024_UWR/install/kalman_filter:/home/uwr/Desktop/2024_UWR/install/sonar_msgs:/home/uwr/Desktop/2024_UWR/install/ros2-driver:/home/uwr/Desktop/2024_UWR/install/oculus_interfaces:/home/uwr/Desktop/2024_UWR/install/ntrip:/home/uwr/Desktop/2024_UWR/install/adnav-driver:/home/uwr/fls_ws/install/oculus_interfaces:/home/uwr/microROS_AUV/install/control_pkg:/home/uwr/Desktop/2024_UWR/install/sonar_subs:/opt/ros/humble LD_LIBRARY_PATH=/home/uwr/microROS_AUV/install/builtin_interfaces/lib:${LD_LIBRARY_PATH} PYTHONPATH=/home/uwr/microROS_AUV/install/builtin_interfaces/local/lib/python3.10/dist-packages:${PYTHONPATH} /usr/bin/cmake /home/uwr/microROS_AUV/src/ros2/rcl_interfaces/statistics_msgs -DBUILD_TESTING=OFF -DBUILD_SHARED_LIBS=ON -DCMAKE_INSTALL_PREFIX=/home/uwr/microROS_AUV/install/statistics_msgs
[1.703s] -- The C compiler identification is GNU 11.4.0
[1.703s] -- The CXX compiler identification is GNU 11.4.0
[1.703s] -- Detecting C compiler ABI info
[1.708s] -- Detecting C compiler ABI info - done
[1.708s] -- Check for working C compiler: /usr/bin/cc - skipped
[1.708s] -- Detecting C compile features
[1.708s] -- Detecting C compile features - done
[1.709s] -- Detecting CXX compiler ABI info
[1.709s] -- Detecting CXX compiler ABI info - done
[1.709s] -- Check for working CXX compiler: /usr/bin/c++ - skipped
[1.709s] -- Detecting CXX compile features
[1.709s] -- Detecting CXX compile features - done
[1.709s] -- Found ament_cmake: 1.3.10 (/opt/ros/humble/share/ament_cmake/cmake)
[1.710s] -- Found Python3: /usr/bin/python3 (found version "3.10.12") found components: Interpreter 
[1.748s] -- Found builtin_interfaces: 1.2.2 (/home/uwr/microROS_AUV/install/builtin_interfaces/share/builtin_interfaces/cmake)
[1.870s] -- Found rosidl_generator_c: 3.1.5 (/opt/ros/humble/share/rosidl_generator_c/cmake)
[1.891s] -- Found rosidl_adapter: 3.1.5 (/opt/ros/humble/share/rosidl_adapter/cmake)
[1.924s] -- Found rosidl_generator_cpp: 3.1.5 (/opt/ros/humble/share/rosidl_generator_cpp/cmake)
[1.975s] -- Using all available rosidl_typesupport_c: rosidl_typesupport_microxrcedds_c;rosidl_typesupport_fastrtps_c;rosidl_typesupport_introspection_c
[2.059s] -- Using all available rosidl_typesupport_cpp: rosidl_typesupport_microxrcedds_cpp;rosidl_typesupport_fastrtps_cpp;rosidl_typesupport_introspection_cpp
[2.131s] -- Found rosidl_default_generators: 1.2.0 (/opt/ros/humble/share/rosidl_default_generators/cmake)
[3.020s] -- Found ament_cmake_ros: 0.10.0 (/opt/ros/humble/share/ament_cmake_ros/cmake)
[4.244s] -- Using all available rosidl_typesupport_c: rosidl_typesupport_microxrcedds_c;rosidl_typesupport_fastrtps_c;rosidl_typesupport_introspection_c
[4.855s] -- Using all available rosidl_typesupport_cpp: rosidl_typesupport_microxrcedds_cpp;rosidl_typesupport_fastrtps_cpp;rosidl_typesupport_introspection_cpp
[4.926s] -- Found PythonInterp: /usr/bin/python3 (found suitable version "3.10.12", minimum required is "3.6") 
[4.935s] -- Found python_cmake_module: 0.10.0 (/opt/ros/humble/share/python_cmake_module/cmake)
[5.018s] -- Found PythonLibs: /usr/lib/x86_64-linux-gnu/libpython3.10.so (found suitable version "3.10.12", minimum required is "3.5") 
[5.019s] -- Using PYTHON_EXECUTABLE: /usr/bin/python3
[5.019s] -- Using PYTHON_INCLUDE_DIRS: /usr/include/python3.10
[5.020s] -- Using PYTHON_LIBRARIES: /usr/lib/x86_64-linux-gnu/libpython3.10.so
[5.092s] -- Found PythonExtra: .so  
[5.256s] -- Configuring done
[5.389s] -- Generating done
[5.398s] -- Build files have been written to: /home/uwr/microROS_AUV/build/statistics_msgs
[5.420s] Invoked command in '/home/uwr/microROS_AUV/build/statistics_msgs' returned '0': AMENT_PREFIX_PATH=/home/uwr/microROS_AUV/install/builtin_interfaces:${AMENT_PREFIX_PATH} CMAKE_PREFIX_PATH=/home/uwr/microROS_AUV/install/builtin_interfaces:/home/uwr/microROS_AUV/install/rosidl_typesupport_microxrcedds_cpp:/home/uwr/microROS_AUV/install/rosidl_typesupport_microxrcedds_c:/home/uwr/microROS_AUV/install/microcdr:/home/uwr/microROS_AUV/install/micro_ros_setup:/home/uwr/microROS_AUV/install/custom_interfaces:/home/uwr/Desktop/2024_UWR/install/kalman_filter:/home/uwr/Desktop/2024_UWR/install/sonar_msgs:/home/uwr/Desktop/2024_UWR/install/ros2-driver:/home/uwr/Desktop/2024_UWR/install/oculus_interfaces:/home/uwr/Desktop/2024_UWR/install/ntrip:/home/uwr/Desktop/2024_UWR/install/adnav-driver:/home/uwr/fls_ws/install/oculus_interfaces:/home/uwr/microROS_AUV/install/control_pkg:/home/uwr/Desktop/2024_UWR/install/sonar_subs:/opt/ros/humble LD_LIBRARY_PATH=/home/uwr/microROS_AUV/install/builtin_interfaces/lib:${LD_LIBRARY_PATH} PYTHONPATH=/home/uwr/microROS_AUV/install/builtin_interfaces/local/lib/python3.10/dist-packages:${PYTHONPATH} /usr/bin/cmake /home/uwr/microROS_AUV/src/ros2/rcl_interfaces/statistics_msgs -DBUILD_TESTING=OFF -DBUILD_SHARED_LIBS=ON -DCMAKE_INSTALL_PREFIX=/home/uwr/microROS_AUV/install/statistics_msgs
[5.422s] Invoking command in '/home/uwr/microROS_AUV/build/statistics_msgs': AMENT_PREFIX_PATH=/home/uwr/microROS_AUV/install/builtin_interfaces:${AMENT_PREFIX_PATH} CMAKE_PREFIX_PATH=/home/uwr/microROS_AUV/install/builtin_interfaces:/home/uwr/microROS_AUV/install/rosidl_typesupport_microxrcedds_cpp:/home/uwr/microROS_AUV/install/rosidl_typesupport_microxrcedds_c:/home/uwr/microROS_AUV/install/microcdr:/home/uwr/microROS_AUV/install/micro_ros_setup:/home/uwr/microROS_AUV/install/custom_interfaces:/home/uwr/Desktop/2024_UWR/install/kalman_filter:/home/uwr/Desktop/2024_UWR/install/sonar_msgs:/home/uwr/Desktop/2024_UWR/install/ros2-driver:/home/uwr/Desktop/2024_UWR/install/oculus_interfaces:/home/uwr/Desktop/2024_UWR/install/ntrip:/home/uwr/Desktop/2024_UWR/install/adnav-driver:/home/uwr/fls_ws/install/oculus_interfaces:/home/uwr/microROS_AUV/install/control_pkg:/home/uwr/Desktop/2024_UWR/install/sonar_subs:/opt/ros/humble LD_LIBRARY_PATH=/home/uwr/microROS_AUV/install/builtin_interfaces/lib:${LD_LIBRARY_PATH} PYTHONPATH=/home/uwr/microROS_AUV/install/builtin_interfaces/local/lib/python3.10/dist-packages:${PYTHONPATH} /usr/bin/cmake --build /home/uwr/microROS_AUV/build/statistics_msgs -- -j8 -l8
[17.841s] [  1%] [34m[1mGenerating C++ code for ROS interfaces[0m
[17.841s] [  1%] Built target statistics_msgs__cpp
[17.842s] [  1%] Built target ament_cmake_python_copy_statistics_msgs
[17.842s] [  3%] [34m[1mGenerating C++ introspection for ROS interfaces[0m
[17.842s] [  5%] [32mBuilding CXX object CMakeFiles/statistics_msgs__rosidl_typesupport_introspection_cpp.dir/rosidl_typesupport_introspection_cpp/statistics_msgs/msg/detail/metrics_message__type_support.cpp.o[0m
[17.842s] [  6%] [32mBuilding CXX object CMakeFiles/statistics_msgs__rosidl_typesupport_introspection_cpp.dir/rosidl_typesupport_introspection_cpp/statistics_msgs/msg/detail/statistic_data_type__type_support.cpp.o[0m
[17.842s] [  8%] [32mBuilding CXX object CMakeFiles/statistics_msgs__rosidl_typesupport_introspection_cpp.dir/rosidl_typesupport_introspection_cpp/statistics_msgs/msg/detail/statistic_data_point__type_support.cpp.o[0m
[17.843s] [ 10%] [32m[1mLinking CXX shared library libstatistics_msgs__rosidl_typesupport_introspection_cpp.so[0m
[17.843s] [ 10%] Built target statistics_msgs__rosidl_typesupport_introspection_cpp
[17.843s] running egg_info
[17.843s] creating statistics_msgs.egg-info
[17.843s] writing statistics_msgs.egg-info/PKG-INFO
[17.844s] writing dependency_links to statistics_msgs.egg-info/dependency_links.txt
[17.844s] writing top-level names to statistics_msgs.egg-info/top_level.txt
[17.844s] writing manifest file 'statistics_msgs.egg-info/SOURCES.txt'
[17.844s] reading manifest file 'statistics_msgs.egg-info/SOURCES.txt'
[17.844s] writing manifest file 'statistics_msgs.egg-info/SOURCES.txt'
[17.844s] [ 10%] Built target ament_cmake_python_build_statistics_msgs_egg
[17.845s] [ 11%] [34m[1mGenerating C++ type support for eProsima Micro XRCE-DDS[0m
[17.845s] [ 13%] [32mBuilding CXX object CMakeFiles/statistics_msgs__rosidl_typesupport_microxrcedds_cpp.dir/rosidl_typesupport_microxrcedds_cpp/statistics_msgs/msg/detail/microxrcedds/metrics_message__type_support_cpp.cpp.o[0m
[17.845s] [ 15%] [32mBuilding CXX object CMakeFiles/statistics_msgs__rosidl_typesupport_microxrcedds_cpp.dir/rosidl_typesupport_microxrcedds_cpp/statistics_msgs/msg/detail/microxrcedds/statistic_data_type__type_support_cpp.cpp.o[0m
[17.845s] [ 16%] [32mBuilding CXX object CMakeFiles/statistics_msgs__rosidl_typesupport_microxrcedds_cpp.dir/rosidl_typesupport_microxrcedds_cpp/statistics_msgs/msg/detail/microxrcedds/statistic_data_point__type_support_cpp.cpp.o[0m
[17.849s] [ 18%] [32m[1mLinking CXX shared library libstatistics_msgs__rosidl_typesupport_microxrcedds_cpp.so[0m
[17.850s] [ 18%] Built target statistics_msgs__rosidl_typesupport_microxrcedds_cpp
[17.850s] [ 20%] [34m[1mGenerating C++ type support for eProsima Fast-RTPS[0m
[19.228s] [ 22%] [32mBuilding CXX object CMakeFiles/statistics_msgs__rosidl_typesupport_fastrtps_cpp.dir/rosidl_typesupport_fastrtps_cpp/statistics_msgs/msg/detail/dds_fastrtps/metrics_message__type_support.cpp.o[0m
[20.404s] [ 23%] [32mBuilding CXX object CMakeFiles/statistics_msgs__rosidl_typesupport_fastrtps_cpp.dir/rosidl_typesupport_fastrtps_cpp/statistics_msgs/msg/detail/dds_fastrtps/statistic_data_type__type_support.cpp.o[0m
[21.617s] [ 25%] [32mBuilding CXX object CMakeFiles/statistics_msgs__rosidl_typesupport_fastrtps_cpp.dir/rosidl_typesupport_fastrtps_cpp/statistics_msgs/msg/detail/dds_fastrtps/statistic_data_point__type_support.cpp.o[0m
[23.163s] [ 27%] [32m[1mLinking CXX shared library libstatistics_msgs__rosidl_typesupport_fastrtps_cpp.so[0m
[23.469s] [ 27%] Built target statistics_msgs__rosidl_typesupport_fastrtps_cpp
[23.522s] [ 28%] [34m[1mGenerating C++ type support dispatch for ROS interfaces[0m
[23.533s] [ 30%] [34m[1mGenerating C code for ROS interfaces[0m
[25.501s] [ 32%] [32mBuilding CXX object CMakeFiles/statistics_msgs__rosidl_typesupport_cpp.dir/rosidl_typesupport_cpp/statistics_msgs/msg/metrics_message__type_support.cpp.o[0m
[25.507s] [ 33%] [32mBuilding CXX object CMakeFiles/statistics_msgs__rosidl_typesupport_cpp.dir/rosidl_typesupport_cpp/statistics_msgs/msg/statistic_data_point__type_support.cpp.o[0m
[26.478s] [ 35%] [32mBuilding CXX object CMakeFiles/statistics_msgs__rosidl_typesupport_cpp.dir/rosidl_typesupport_cpp/statistics_msgs/msg/statistic_data_type__type_support.cpp.o[0m
[26.924s] [ 37%] [32mBuilding C object CMakeFiles/statistics_msgs__rosidl_generator_c.dir/rosidl_generator_c/statistics_msgs/msg/detail/metrics_message__functions.c.o[0m
[27.065s] [ 38%] [32mBuilding C object CMakeFiles/statistics_msgs__rosidl_generator_c.dir/rosidl_generator_c/statistics_msgs/msg/detail/statistic_data_type__functions.c.o[0m
[27.096s] [ 40%] [32m[1mLinking CXX shared library libstatistics_msgs__rosidl_typesupport_cpp.so[0m
[27.184s] [ 42%] [32mBuilding C object CMakeFiles/statistics_msgs__rosidl_generator_c.dir/rosidl_generator_c/statistics_msgs/msg/detail/statistic_data_point__functions.c.o[0m
[27.190s] [ 42%] Built target statistics_msgs__rosidl_typesupport_cpp
[27.289s] [ 44%] [32m[1mLinking C shared library libstatistics_msgs__rosidl_generator_c.so[0m
[27.390s] [ 44%] Built target statistics_msgs__rosidl_generator_c
[27.415s] [ 45%] [34m[1mGenerating C type support for eProsima Fast-RTPS[0m
[29.003s] [ 47%] [32mBuilding CXX object CMakeFiles/statistics_msgs__rosidl_typesupport_fastrtps_c.dir/rosidl_typesupport_fastrtps_c/statistics_msgs/msg/detail/metrics_message__type_support_c.cpp.o[0m
[29.794s] [ 49%] [32mBuilding CXX object CMakeFiles/statistics_msgs__rosidl_typesupport_fastrtps_c.dir/rosidl_typesupport_fastrtps_c/statistics_msgs/msg/detail/statistic_data_type__type_support_c.cpp.o[0m
[30.769s] [ 50%] [32mBuilding CXX object CMakeFiles/statistics_msgs__rosidl_typesupport_fastrtps_c.dir/rosidl_typesupport_fastrtps_c/statistics_msgs/msg/detail/statistic_data_point__type_support_c.cpp.o[0m
[31.584s] [ 52%] [32m[1mLinking CXX shared library libstatistics_msgs__rosidl_typesupport_fastrtps_c.so[0m
[31.718s] [ 52%] Built target statistics_msgs__rosidl_typesupport_fastrtps_c
[31.735s] [ 54%] [34m[1mGenerating C type support dispatch for ROS interfaces[0m
[32.604s] [ 55%] [32mBuilding CXX object CMakeFiles/statistics_msgs__rosidl_typesupport_c.dir/rosidl_typesupport_c/statistics_msgs/msg/metrics_message__type_support.cpp.o[0m
[32.655s] [ 57%] [32mBuilding CXX object CMakeFiles/statistics_msgs__rosidl_typesupport_c.dir/rosidl_typesupport_c/statistics_msgs/msg/statistic_data_type__type_support.cpp.o[0m
[32.705s] [ 59%] [32mBuilding CXX object CMakeFiles/statistics_msgs__rosidl_typesupport_c.dir/rosidl_typesupport_c/statistics_msgs/msg/statistic_data_point__type_support.cpp.o[0m
[32.755s] [ 61%] [32m[1mLinking CXX shared library libstatistics_msgs__rosidl_typesupport_c.so[0m
[32.825s] [ 61%] Built target statistics_msgs__rosidl_typesupport_c
[32.842s] [ 62%] [34m[1mGenerating C introspection for ROS interfaces[0m
[34.048s] [ 64%] [32mBuilding C object CMakeFiles/statistics_msgs__rosidl_typesupport_introspection_c.dir/rosidl_typesupport_introspection_c/statistics_msgs/msg/detail/metrics_message__type_support.c.o[0m
[34.149s] [ 66%] [32mBuilding C object CMakeFiles/statistics_msgs__rosidl_typesupport_introspection_c.dir/rosidl_typesupport_introspection_c/statistics_msgs/msg/detail/statistic_data_type__type_support.c.o[0m
[34.235s] [ 67%] [32mBuilding C object CMakeFiles/statistics_msgs__rosidl_typesupport_introspection_c.dir/rosidl_typesupport_introspection_c/statistics_msgs/msg/detail/statistic_data_point__type_support.c.o[0m
[34.321s] [ 69%] [32m[1mLinking C shared library libstatistics_msgs__rosidl_typesupport_introspection_c.so[0m
[34.400s] [ 69%] Built target statistics_msgs__rosidl_typesupport_introspection_c
[34.426s] [ 71%] [34m[1mGenerating C type support for eProsima Micro XRCE-DDS[0m
[35.623s] [ 72%] [32mBuilding C object CMakeFiles/statistics_msgs__rosidl_typesupport_microxrcedds_c.dir/rosidl_typesupport_microxrcedds_c/statistics_msgs/msg/detail/microxrcedds/metrics_message__type_support_c.c.o[0m
[35.712s] [ 74%] [32mBuilding C object CMakeFiles/statistics_msgs__rosidl_typesupport_microxrcedds_c.dir/rosidl_typesupport_microxrcedds_c/statistics_msgs/msg/detail/microxrcedds/statistic_data_type__type_support_c.c.o[0m
[35.785s] [ 76%] [32mBuilding C object CMakeFiles/statistics_msgs__rosidl_typesupport_microxrcedds_c.dir/rosidl_typesupport_microxrcedds_c/statistics_msgs/msg/detail/microxrcedds/statistic_data_point__type_support_c.c.o[0m
[35.860s] [ 77%] [32m[1mLinking C shared library libstatistics_msgs__rosidl_typesupport_microxrcedds_c.so[0m
[35.926s] [ 77%] Built target statistics_msgs__rosidl_typesupport_microxrcedds_c
[35.960s] [ 77%] Built target statistics_msgs
[35.995s] [ 79%] [34m[1mGenerating Python code for ROS interfaces[0m
[38.369s] [ 79%] Built target statistics_msgs__py
[38.423s] [ 81%] [32mBuilding C object CMakeFiles/statistics_msgs__rosidl_generator_py.dir/rosidl_generator_py/statistics_msgs/msg/_metrics_message_s.c.o[0m
[38.726s] [ 83%] [32mBuilding C object CMakeFiles/statistics_msgs__rosidl_generator_py.dir/rosidl_generator_py/statistics_msgs/msg/_statistic_data_type_s.c.o[0m
[39.023s] [ 84%] [32mBuilding C object CMakeFiles/statistics_msgs__rosidl_generator_py.dir/rosidl_generator_py/statistics_msgs/msg/_statistic_data_point_s.c.o[0m
[39.207s] [ 86%] [32m[1mLinking C shared library rosidl_generator_py/statistics_msgs/libstatistics_msgs__rosidl_generator_py.so[0m
[39.281s] [ 86%] Built target statistics_msgs__rosidl_generator_py
[39.316s] [ 88%] [32mBuilding C object CMakeFiles/statistics_msgs__rosidl_typesupport_microxrcedds_c__pyext.dir/rosidl_generator_py/statistics_msgs/_statistics_msgs_s.ep.rosidl_typesupport_microxrcedds_c.c.o[0m
[39.508s] [ 89%] [32m[1mLinking C shared library rosidl_generator_py/statistics_msgs/statistics_msgs_s__rosidl_typesupport_microxrcedds_c.cpython-310-x86_64-linux-gnu.so[0m
[39.572s] [ 89%] Built target statistics_msgs__rosidl_typesupport_microxrcedds_c__pyext
[39.614s] [ 91%] [32mBuilding C object CMakeFiles/statistics_msgs__rosidl_typesupport_c__pyext.dir/rosidl_generator_py/statistics_msgs/_statistics_msgs_s.ep.rosidl_typesupport_c.c.o[0m
[39.804s] [ 93%] [32m[1mLinking C shared library rosidl_generator_py/statistics_msgs/statistics_msgs_s__rosidl_typesupport_c.cpython-310-x86_64-linux-gnu.so[0m
[39.866s] [ 93%] Built target statistics_msgs__rosidl_typesupport_c__pyext
[39.901s] [ 94%] [32mBuilding C object CMakeFiles/statistics_msgs__rosidl_typesupport_introspection_c__pyext.dir/rosidl_generator_py/statistics_msgs/_statistics_msgs_s.ep.rosidl_typesupport_introspection_c.c.o[0m
[40.171s] [ 96%] [32m[1mLinking C shared library rosidl_generator_py/statistics_msgs/statistics_msgs_s__rosidl_typesupport_introspection_c.cpython-310-x86_64-linux-gnu.so[0m
[40.242s] [ 96%] Built target statistics_msgs__rosidl_typesupport_introspection_c__pyext
[40.280s] [ 98%] [32mBuilding C object CMakeFiles/statistics_msgs__rosidl_typesupport_fastrtps_c__pyext.dir/rosidl_generator_py/statistics_msgs/_statistics_msgs_s.ep.rosidl_typesupport_fastrtps_c.c.o[0m
[40.497s] [100%] [32m[1mLinking C shared library rosidl_generator_py/statistics_msgs/statistics_msgs_s__rosidl_typesupport_fastrtps_c.cpython-310-x86_64-linux-gnu.so[0m
[40.580s] [100%] Built target statistics_msgs__rosidl_typesupport_fastrtps_c__pyext
[40.612s] Invoked command in '/home/uwr/microROS_AUV/build/statistics_msgs' returned '0': AMENT_PREFIX_PATH=/home/uwr/microROS_AUV/install/builtin_interfaces:${AMENT_PREFIX_PATH} CMAKE_PREFIX_PATH=/home/uwr/microROS_AUV/install/builtin_interfaces:/home/uwr/microROS_AUV/install/rosidl_typesupport_microxrcedds_cpp:/home/uwr/microROS_AUV/install/rosidl_typesupport_microxrcedds_c:/home/uwr/microROS_AUV/install/microcdr:/home/uwr/microROS_AUV/install/micro_ros_setup:/home/uwr/microROS_AUV/install/custom_interfaces:/home/uwr/Desktop/2024_UWR/install/kalman_filter:/home/uwr/Desktop/2024_UWR/install/sonar_msgs:/home/uwr/Desktop/2024_UWR/install/ros2-driver:/home/uwr/Desktop/2024_UWR/install/oculus_interfaces:/home/uwr/Desktop/2024_UWR/install/ntrip:/home/uwr/Desktop/2024_UWR/install/adnav-driver:/home/uwr/fls_ws/install/oculus_interfaces:/home/uwr/microROS_AUV/install/control_pkg:/home/uwr/Desktop/2024_UWR/install/sonar_subs:/opt/ros/humble LD_LIBRARY_PATH=/home/uwr/microROS_AUV/install/builtin_interfaces/lib:${LD_LIBRARY_PATH} PYTHONPATH=/home/uwr/microROS_AUV/install/builtin_interfaces/local/lib/python3.10/dist-packages:${PYTHONPATH} /usr/bin/cmake --build /home/uwr/microROS_AUV/build/statistics_msgs -- -j8 -l8
[40.858s] Invoking command in '/home/uwr/microROS_AUV/build/statistics_msgs': AMENT_PREFIX_PATH=/home/uwr/microROS_AUV/install/builtin_interfaces:${AMENT_PREFIX_PATH} CMAKE_PREFIX_PATH=/home/uwr/microROS_AUV/install/builtin_interfaces:/home/uwr/microROS_AUV/install/rosidl_typesupport_microxrcedds_cpp:/home/uwr/microROS_AUV/install/rosidl_typesupport_microxrcedds_c:/home/uwr/microROS_AUV/install/microcdr:/home/uwr/microROS_AUV/install/micro_ros_setup:/home/uwr/microROS_AUV/install/custom_interfaces:/home/uwr/Desktop/2024_UWR/install/kalman_filter:/home/uwr/Desktop/2024_UWR/install/sonar_msgs:/home/uwr/Desktop/2024_UWR/install/ros2-driver:/home/uwr/Desktop/2024_UWR/install/oculus_interfaces:/home/uwr/Desktop/2024_UWR/install/ntrip:/home/uwr/Desktop/2024_UWR/install/adnav-driver:/home/uwr/fls_ws/install/oculus_interfaces:/home/uwr/microROS_AUV/install/control_pkg:/home/uwr/Desktop/2024_UWR/install/sonar_subs:/opt/ros/humble LD_LIBRARY_PATH=/home/uwr/microROS_AUV/install/builtin_interfaces/lib:${LD_LIBRARY_PATH} PYTHONPATH=/home/uwr/microROS_AUV/install/builtin_interfaces/local/lib/python3.10/dist-packages:${PYTHONPATH} /usr/bin/cmake --install /home/uwr/microROS_AUV/build/statistics_msgs
[40.874s] -- Install configuration: ""
[40.874s] -- Installing: /home/uwr/microROS_AUV/install/statistics_msgs/share/ament_index/resource_index/rosidl_interfaces/statistics_msgs
[40.874s] -- Installing: /home/uwr/microROS_AUV/install/statistics_msgs/include/statistics_msgs/statistics_msgs
[40.875s] -- Installing: /home/uwr/microROS_AUV/install/statistics_msgs/include/statistics_msgs/statistics_msgs/msg
[40.875s] -- Installing: /home/uwr/microROS_AUV/install/statistics_msgs/include/statistics_msgs/statistics_msgs/msg/statistic_data_point.h
[40.875s] -- Installing: /home/uwr/microROS_AUV/install/statistics_msgs/include/statistics_msgs/statistics_msgs/msg/rosidl_generator_c__visibility_control.h
[40.876s] -- Installing: /home/uwr/microROS_AUV/install/statistics_msgs/include/statistics_msgs/statistics_msgs/msg/detail
[40.876s] -- Installing: /home/uwr/microROS_AUV/install/statistics_msgs/include/statistics_msgs/statistics_msgs/msg/detail/metrics_message__type_support.h
[40.876s] -- Installing: /home/uwr/microROS_AUV/install/statistics_msgs/include/statistics_msgs/statistics_msgs/msg/detail/statistic_data_type__functions.c
[40.877s] -- Installing: /home/uwr/microROS_AUV/install/statistics_msgs/include/statistics_msgs/statistics_msgs/msg/detail/statistic_data_type__functions.h
[40.877s] -- Installing: /home/uwr/microROS_AUV/install/statistics_msgs/include/statistics_msgs/statistics_msgs/msg/detail/metrics_message__functions.h
[40.877s] -- Installing: /home/uwr/microROS_AUV/install/statistics_msgs/include/statistics_msgs/statistics_msgs/msg/detail/metrics_message__functions.c
[40.877s] -- Installing: /home/uwr/microROS_AUV/install/statistics_msgs/include/statistics_msgs/statistics_msgs/msg/detail/metrics_message__struct.h
[40.877s] -- Installing: /home/uwr/microROS_AUV/install/statistics_msgs/include/statistics_msgs/statistics_msgs/msg/detail/statistic_data_point__struct.h
[40.878s] -- Installing: /home/uwr/microROS_AUV/install/statistics_msgs/include/statistics_msgs/statistics_msgs/msg/detail/statistic_data_point__functions.h
[40.878s] -- Installing: /home/uwr/microROS_AUV/install/statistics_msgs/include/statistics_msgs/statistics_msgs/msg/detail/statistic_data_point__functions.c
[40.878s] -- Installing: /home/uwr/microROS_AUV/install/statistics_msgs/include/statistics_msgs/statistics_msgs/msg/detail/statistic_data_type__struct.h
[40.878s] -- Installing: /home/uwr/microROS_AUV/install/statistics_msgs/include/statistics_msgs/statistics_msgs/msg/detail/statistic_data_type__type_support.h
[40.878s] -- Installing: /home/uwr/microROS_AUV/install/statistics_msgs/include/statistics_msgs/statistics_msgs/msg/detail/statistic_data_point__type_support.h
[40.879s] -- Installing: /home/uwr/microROS_AUV/install/statistics_msgs/include/statistics_msgs/statistics_msgs/msg/metrics_message.h
[40.879s] -- Installing: /home/uwr/microROS_AUV/install/statistics_msgs/include/statistics_msgs/statistics_msgs/msg/statistic_data_type.h
[40.879s] -- Installing: /home/uwr/microROS_AUV/install/statistics_msgs/share/statistics_msgs/environment/library_path.sh
[40.880s] -- Installing: /home/uwr/microROS_AUV/install/statistics_msgs/share/statistics_msgs/environment/library_path.dsv
[40.880s] -- Installing: /home/uwr/microROS_AUV/install/statistics_msgs/lib/libstatistics_msgs__rosidl_generator_c.so
[40.880s] -- Set runtime path of "/home/uwr/microROS_AUV/install/statistics_msgs/lib/libstatistics_msgs__rosidl_generator_c.so" to ""
[40.881s] -- Up-to-date: /home/uwr/microROS_AUV/install/statistics_msgs/include/statistics_msgs/statistics_msgs
[40.881s] -- Up-to-date: /home/uwr/microROS_AUV/install/statistics_msgs/include/statistics_msgs/statistics_msgs/msg
[40.881s] -- Up-to-date: /home/uwr/microROS_AUV/install/statistics_msgs/include/statistics_msgs/statistics_msgs/msg/detail
[40.882s] -- Installing: /home/uwr/microROS_AUV/install/statistics_msgs/include/statistics_msgs/statistics_msgs/msg/detail/statistic_data_point__rosidl_typesupport_fastrtps_c.h
[40.882s] -- Installing: /home/uwr/microROS_AUV/install/statistics_msgs/include/statistics_msgs/statistics_msgs/msg/detail/statistic_data_type__rosidl_typesupport_fastrtps_c.h
[40.883s] -- Installing: /home/uwr/microROS_AUV/install/statistics_msgs/include/statistics_msgs/statistics_msgs/msg/detail/metrics_message__rosidl_typesupport_fastrtps_c.h
[40.883s] -- Installing: /home/uwr/microROS_AUV/install/statistics_msgs/include/statistics_msgs/statistics_msgs/msg/rosidl_typesupport_fastrtps_c__visibility_control.h
[40.883s] -- Installing: /home/uwr/microROS_AUV/install/statistics_msgs/lib/libstatistics_msgs__rosidl_typesupport_fastrtps_c.so
[40.886s] -- Set runtime path of "/home/uwr/microROS_AUV/install/statistics_msgs/lib/libstatistics_msgs__rosidl_typesupport_fastrtps_c.so" to ""
[40.886s] -- Up-to-date: /home/uwr/microROS_AUV/install/statistics_msgs/include/statistics_msgs/statistics_msgs
[40.886s] -- Up-to-date: /home/uwr/microROS_AUV/install/statistics_msgs/include/statistics_msgs/statistics_msgs/msg
[40.886s] -- Installing: /home/uwr/microROS_AUV/install/statistics_msgs/include/statistics_msgs/statistics_msgs/msg/metrics_message.hpp
[40.887s] -- Up-to-date: /home/uwr/microROS_AUV/install/statistics_msgs/include/statistics_msgs/statistics_msgs/msg/detail
[40.887s] -- Installing: /home/uwr/microROS_AUV/install/statistics_msgs/include/statistics_msgs/statistics_msgs/msg/detail/metrics_message__builder.hpp
[40.887s] -- Installing: /home/uwr/microROS_AUV/install/statistics_msgs/include/statistics_msgs/statistics_msgs/msg/detail/statistic_data_type__builder.hpp
[40.887s] -- Installing: /home/uwr/microROS_AUV/install/statistics_msgs/include/statistics_msgs/statistics_msgs/msg/detail/statistic_data_type__struct.hpp
[40.887s] -- Installing: /home/uwr/microROS_AUV/install/statistics_msgs/include/statistics_msgs/statistics_msgs/msg/detail/statistic_data_point__struct.hpp
[40.888s] -- Installing: /home/uwr/microROS_AUV/install/statistics_msgs/include/statistics_msgs/statistics_msgs/msg/detail/metrics_message__struct.hpp
[40.888s] -- Installing: /home/uwr/microROS_AUV/install/statistics_msgs/include/statistics_msgs/statistics_msgs/msg/detail/metrics_message__traits.hpp
[40.888s] -- Installing: /home/uwr/microROS_AUV/install/statistics_msgs/include/statistics_msgs/statistics_msgs/msg/detail/statistic_data_point__builder.hpp
[40.888s] -- Installing: /home/uwr/microROS_AUV/install/statistics_msgs/include/statistics_msgs/statistics_msgs/msg/detail/statistic_data_point__traits.hpp
[40.888s] -- Installing: /home/uwr/microROS_AUV/install/statistics_msgs/include/statistics_msgs/statistics_msgs/msg/detail/statistic_data_type__traits.hpp
[40.889s] -- Installing: /home/uwr/microROS_AUV/install/statistics_msgs/include/statistics_msgs/statistics_msgs/msg/statistic_data_type.hpp
[40.889s] -- Installing: /home/uwr/microROS_AUV/install/statistics_msgs/include/statistics_msgs/statistics_msgs/msg/statistic_data_point.hpp
[40.890s] -- Up-to-date: /home/uwr/microROS_AUV/install/statistics_msgs/include/statistics_msgs/statistics_msgs
[40.890s] -- Up-to-date: /home/uwr/microROS_AUV/install/statistics_msgs/include/statistics_msgs/statistics_msgs/msg
[40.890s] -- Up-to-date: /home/uwr/microROS_AUV/install/statistics_msgs/include/statistics_msgs/statistics_msgs/msg/detail
[40.891s] -- Installing: /home/uwr/microROS_AUV/install/statistics_msgs/include/statistics_msgs/statistics_msgs/msg/detail/metrics_message__rosidl_typesupport_fastrtps_cpp.hpp
[40.891s] -- Installing: /home/uwr/microROS_AUV/install/statistics_msgs/include/statistics_msgs/statistics_msgs/msg/detail/statistic_data_type__rosidl_typesupport_fastrtps_cpp.hpp
[40.891s] -- Installing: /home/uwr/microROS_AUV/install/statistics_msgs/include/statistics_msgs/statistics_msgs/msg/detail/statistic_data_point__rosidl_typesupport_fastrtps_cpp.hpp
[40.892s] -- Installing: /home/uwr/microROS_AUV/install/statistics_msgs/include/statistics_msgs/statistics_msgs/msg/detail/dds_fastrtps
[40.892s] -- Installing: /home/uwr/microROS_AUV/install/statistics_msgs/include/statistics_msgs/statistics_msgs/msg/rosidl_typesupport_fastrtps_cpp__visibility_control.h
[40.892s] -- Installing: /home/uwr/microROS_AUV/install/statistics_msgs/lib/libstatistics_msgs__rosidl_typesupport_fastrtps_cpp.so
[40.893s] -- Set runtime path of "/home/uwr/microROS_AUV/install/statistics_msgs/lib/libstatistics_msgs__rosidl_typesupport_fastrtps_cpp.so" to ""
[40.893s] -- Up-to-date: /home/uwr/microROS_AUV/install/statistics_msgs/include/statistics_msgs
[40.893s] -- Installing: /home/uwr/microROS_AUV/install/statistics_msgs/include/statistics_msgs/msg
[40.893s] -- Installing: /home/uwr/microROS_AUV/install/statistics_msgs/include/statistics_msgs/msg/rosidl_typesupport_microxrcedds_c__visibility_control.h
[40.894s] -- Installing: /home/uwr/microROS_AUV/install/statistics_msgs/include/statistics_msgs/msg/detail
[40.894s] -- Installing: /home/uwr/microROS_AUV/install/statistics_msgs/include/statistics_msgs/msg/detail/statistic_data_point__rosidl_typesupport_microxrcedds_c.h
[40.894s] -- Installing: /home/uwr/microROS_AUV/install/statistics_msgs/include/statistics_msgs/msg/detail/metrics_message__rosidl_typesupport_microxrcedds_c.h
[40.894s] -- Installing: /home/uwr/microROS_AUV/install/statistics_msgs/include/statistics_msgs/msg/detail/statistic_data_type__rosidl_typesupport_microxrcedds_c.h
[40.895s] -- Installing: /home/uwr/microROS_AUV/install/statistics_msgs/include/statistics_msgs/msg/detail/microxrcedds
[40.895s] -- Installing: /home/uwr/microROS_AUV/install/statistics_msgs/lib/libstatistics_msgs__rosidl_typesupport_microxrcedds_c.so
[40.895s] -- Set runtime path of "/home/uwr/microROS_AUV/install/statistics_msgs/lib/libstatistics_msgs__rosidl_typesupport_microxrcedds_c.so" to ""
[40.895s] -- Up-to-date: /home/uwr/microROS_AUV/install/statistics_msgs/include/statistics_msgs/statistics_msgs
[40.896s] -- Up-to-date: /home/uwr/microROS_AUV/install/statistics_msgs/include/statistics_msgs/statistics_msgs/msg
[40.896s] -- Installing: /home/uwr/microROS_AUV/install/statistics_msgs/include/statistics_msgs/statistics_msgs/msg/rosidl_typesupport_introspection_c__visibility_control.h
[40.896s] -- Up-to-date: /home/uwr/microROS_AUV/install/statistics_msgs/include/statistics_msgs/statistics_msgs/msg/detail
[40.897s] -- Installing: /home/uwr/microROS_AUV/install/statistics_msgs/include/statistics_msgs/statistics_msgs/msg/detail/statistic_data_point__rosidl_typesupport_introspection_c.h
[40.897s] -- Installing: /home/uwr/microROS_AUV/install/statistics_msgs/include/statistics_msgs/statistics_msgs/msg/detail/metrics_message__type_support.c
[40.897s] -- Installing: /home/uwr/microROS_AUV/install/statistics_msgs/include/statistics_msgs/statistics_msgs/msg/detail/statistic_data_point__type_support.c
[40.897s] -- Installing: /home/uwr/microROS_AUV/install/statistics_msgs/include/statistics_msgs/statistics_msgs/msg/detail/statistic_data_type__rosidl_typesupport_introspection_c.h
[40.898s] -- Installing: /home/uwr/microROS_AUV/install/statistics_msgs/include/statistics_msgs/statistics_msgs/msg/detail/metrics_message__rosidl_typesupport_introspection_c.h
[40.898s] -- Installing: /home/uwr/microROS_AUV/install/statistics_msgs/include/statistics_msgs/statistics_msgs/msg/detail/statistic_data_type__type_support.c
[40.898s] -- Installing: /home/uwr/microROS_AUV/install/statistics_msgs/lib/libstatistics_msgs__rosidl_typesupport_introspection_c.so
[40.898s] -- Set runtime path of "/home/uwr/microROS_AUV/install/statistics_msgs/lib/libstatistics_msgs__rosidl_typesupport_introspection_c.so" to ""
[40.899s] -- Installing: /home/uwr/microROS_AUV/install/statistics_msgs/lib/libstatistics_msgs__rosidl_typesupport_c.so
[40.899s] -- Set runtime path of "/home/uwr/microROS_AUV/install/statistics_msgs/lib/libstatistics_msgs__rosidl_typesupport_c.so" to ""
[40.899s] -- Up-to-date: /home/uwr/microROS_AUV/install/statistics_msgs/include/statistics_msgs
[40.899s] -- Up-to-date: /home/uwr/microROS_AUV/install/statistics_msgs/include/statistics_msgs/msg
[40.899s] -- Installing: /home/uwr/microROS_AUV/install/statistics_msgs/include/statistics_msgs/msg/rosidl_typesupport_microxrcedds_cpp__visibility_control.h
[40.899s] -- Up-to-date: /home/uwr/microROS_AUV/install/statistics_msgs/include/statistics_msgs/msg/detail
[40.900s] -- Installing: /home/uwr/microROS_AUV/install/statistics_msgs/include/statistics_msgs/msg/detail/statistic_data_point__rosidl_typesupport_microxrcedds_cpp.hpp
[40.900s] -- Installing: /home/uwr/microROS_AUV/install/statistics_msgs/include/statistics_msgs/msg/detail/metrics_message__rosidl_typesupport_microxrcedds_cpp.hpp
[40.900s] -- Installing: /home/uwr/microROS_AUV/install/statistics_msgs/include/statistics_msgs/msg/detail/statistic_data_type__rosidl_typesupport_microxrcedds_cpp.hpp
[40.900s] -- Up-to-date: /home/uwr/microROS_AUV/install/statistics_msgs/include/statistics_msgs/msg/detail/microxrcedds
[40.900s] -- Installing: /home/uwr/microROS_AUV/install/statistics_msgs/include/statistics_msgs/msg/detail/microxrcedds/metrics_message__type_support_cpp.cpp
[40.900s] -- Installing: /home/uwr/microROS_AUV/install/statistics_msgs/include/statistics_msgs/msg/detail/microxrcedds/statistic_data_type__type_support_cpp.cpp
[40.901s] -- Installing: /home/uwr/microROS_AUV/install/statistics_msgs/include/statistics_msgs/msg/detail/microxrcedds/statistic_data_point__type_support_cpp.cpp
[40.901s] -- Installing: /home/uwr/microROS_AUV/install/statistics_msgs/lib/libstatistics_msgs__rosidl_typesupport_microxrcedds_cpp.so
[40.901s] -- Set runtime path of "/home/uwr/microROS_AUV/install/statistics_msgs/lib/libstatistics_msgs__rosidl_typesupport_microxrcedds_cpp.so" to ""
[40.901s] -- Up-to-date: /home/uwr/microROS_AUV/install/statistics_msgs/include/statistics_msgs/statistics_msgs
[40.901s] -- Up-to-date: /home/uwr/microROS_AUV/install/statistics_msgs/include/statistics_msgs/statistics_msgs/msg
[40.902s] -- Up-to-date: /home/uwr/microROS_AUV/install/statistics_msgs/include/statistics_msgs/statistics_msgs/msg/detail
[40.902s] -- Installing: /home/uwr/microROS_AUV/install/statistics_msgs/include/statistics_msgs/statistics_msgs/msg/detail/statistic_data_point__type_support.cpp
[40.902s] -- Installing: /home/uwr/microROS_AUV/install/statistics_msgs/include/statistics_msgs/statistics_msgs/msg/detail/metrics_message__rosidl_typesupport_introspection_cpp.hpp
[40.902s] -- Installing: /home/uwr/microROS_AUV/install/statistics_msgs/include/statistics_msgs/statistics_msgs/msg/detail/statistic_data_type__type_support.cpp
[40.902s] -- Installing: /home/uwr/microROS_AUV/install/statistics_msgs/include/statistics_msgs/statistics_msgs/msg/detail/statistic_data_point__rosidl_typesupport_introspection_cpp.hpp
[40.902s] -- Installing: /home/uwr/microROS_AUV/install/statistics_msgs/include/statistics_msgs/statistics_msgs/msg/detail/statistic_data_type__rosidl_typesupport_introspection_cpp.hpp
[40.903s] -- Installing: /home/uwr/microROS_AUV/install/statistics_msgs/include/statistics_msgs/statistics_msgs/msg/detail/metrics_message__type_support.cpp
[40.903s] -- Installing: /home/uwr/microROS_AUV/install/statistics_msgs/lib/libstatistics_msgs__rosidl_typesupport_introspection_cpp.so
[40.903s] -- Set runtime path of "/home/uwr/microROS_AUV/install/statistics_msgs/lib/libstatistics_msgs__rosidl_typesupport_introspection_cpp.so" to ""
[40.903s] -- Installing: /home/uwr/microROS_AUV/install/statistics_msgs/lib/libstatistics_msgs__rosidl_typesupport_cpp.so
[40.903s] -- Set runtime path of "/home/uwr/microROS_AUV/install/statistics_msgs/lib/libstatistics_msgs__rosidl_typesupport_cpp.so" to ""
[40.904s] -- Installing: /home/uwr/microROS_AUV/install/statistics_msgs/share/statistics_msgs/environment/pythonpath.sh
[40.904s] -- Installing: /home/uwr/microROS_AUV/install/statistics_msgs/share/statistics_msgs/environment/pythonpath.dsv
[40.904s] -- Installing: /home/uwr/microROS_AUV/install/statistics_msgs/local/lib/python3.10/dist-packages/statistics_msgs-1.2.2-py3.10.egg-info
[40.904s] -- Installing: /home/uwr/microROS_AUV/install/statistics_msgs/local/lib/python3.10/dist-packages/statistics_msgs-1.2.2-py3.10.egg-info/top_level.txt
[40.904s] -- Installing: /home/uwr/microROS_AUV/install/statistics_msgs/local/lib/python3.10/dist-packages/statistics_msgs-1.2.2-py3.10.egg-info/dependency_links.txt
[40.904s] -- Installing: /home/uwr/microROS_AUV/install/statistics_msgs/local/lib/python3.10/dist-packages/statistics_msgs-1.2.2-py3.10.egg-info/PKG-INFO
[40.905s] -- Installing: /home/uwr/microROS_AUV/install/statistics_msgs/local/lib/python3.10/dist-packages/statistics_msgs-1.2.2-py3.10.egg-info/SOURCES.txt
[40.905s] -- Installing: /home/uwr/microROS_AUV/install/statistics_msgs/local/lib/python3.10/dist-packages/statistics_msgs
[40.905s] -- Installing: /home/uwr/microROS_AUV/install/statistics_msgs/local/lib/python3.10/dist-packages/statistics_msgs/statistics_msgs_s__rosidl_typesupport_microxrcedds_c.cpython-310-x86_64-linux-gnu.so
[40.905s] -- Installing: /home/uwr/microROS_AUV/install/statistics_msgs/local/lib/python3.10/dist-packages/statistics_msgs/_statistics_msgs_s.ep.rosidl_typesupport_introspection_c.c
[40.906s] -- Installing: /home/uwr/microROS_AUV/install/statistics_msgs/local/lib/python3.10/dist-packages/statistics_msgs/_statistics_msgs_s.ep.rosidl_typesupport_c.c
[40.906s] -- Installing: /home/uwr/microROS_AUV/install/statistics_msgs/local/lib/python3.10/dist-packages/statistics_msgs/msg
[40.906s] -- Installing: /home/uwr/microROS_AUV/install/statistics_msgs/local/lib/python3.10/dist-packages/statistics_msgs/msg/_metrics_message_s.c
[40.906s] -- Installing: /home/uwr/microROS_AUV/install/statistics_msgs/local/lib/python3.10/dist-packages/statistics_msgs/msg/_statistic_data_type.py
[40.906s] -- Installing: /home/uwr/microROS_AUV/install/statistics_msgs/local/lib/python3.10/dist-packages/statistics_msgs/msg/_statistic_data_point_s.c
[40.907s] -- Installing: /home/uwr/microROS_AUV/install/statistics_msgs/local/lib/python3.10/dist-packages/statistics_msgs/msg/_metrics_message.py
[40.907s] -- Installing: /home/uwr/microROS_AUV/install/statistics_msgs/local/lib/python3.10/dist-packages/statistics_msgs/msg/_statistic_data_type_s.c
[40.907s] -- Installing: /home/uwr/microROS_AUV/install/statistics_msgs/local/lib/python3.10/dist-packages/statistics_msgs/msg/__init__.py
[40.907s] -- Installing: /home/uwr/microROS_AUV/install/statistics_msgs/local/lib/python3.10/dist-packages/statistics_msgs/msg/_statistic_data_point.py
[40.907s] -- Installing: /home/uwr/microROS_AUV/install/statistics_msgs/local/lib/python3.10/dist-packages/statistics_msgs/_statistics_msgs_s.ep.rosidl_typesupport_microxrcedds_c.c
[40.908s] -- Installing: /home/uwr/microROS_AUV/install/statistics_msgs/local/lib/python3.10/dist-packages/statistics_msgs/statistics_msgs_s__rosidl_typesupport_fastrtps_c.cpython-310-x86_64-linux-gnu.so
[40.908s] -- Installing: /home/uwr/microROS_AUV/install/statistics_msgs/local/lib/python3.10/dist-packages/statistics_msgs/_statistics_msgs_s.ep.rosidl_typesupport_fastrtps_c.c
[40.908s] -- Installing: /home/uwr/microROS_AUV/install/statistics_msgs/local/lib/python3.10/dist-packages/statistics_msgs/__init__.py
[40.908s] -- Installing: /home/uwr/microROS_AUV/install/statistics_msgs/local/lib/python3.10/dist-packages/statistics_msgs/libstatistics_msgs__rosidl_generator_py.so
[40.909s] -- Installing: /home/uwr/microROS_AUV/install/statistics_msgs/local/lib/python3.10/dist-packages/statistics_msgs/statistics_msgs_s__rosidl_typesupport_c.cpython-310-x86_64-linux-gnu.so
[40.909s] -- Installing: /home/uwr/microROS_AUV/install/statistics_msgs/local/lib/python3.10/dist-packages/statistics_msgs/statistics_msgs_s__rosidl_typesupport_introspection_c.cpython-310-x86_64-linux-gnu.so
[41.013s] Listing '/home/uwr/microROS_AUV/install/statistics_msgs/local/lib/python3.10/dist-packages/statistics_msgs'...
[41.013s] Compiling '/home/uwr/microROS_AUV/install/statistics_msgs/local/lib/python3.10/dist-packages/statistics_msgs/__init__.py'...
[41.014s] Listing '/home/uwr/microROS_AUV/install/statistics_msgs/local/lib/python3.10/dist-packages/statistics_msgs/msg'...
[41.014s] Compiling '/home/uwr/microROS_AUV/install/statistics_msgs/local/lib/python3.10/dist-packages/statistics_msgs/msg/__init__.py'...
[41.014s] Compiling '/home/uwr/microROS_AUV/install/statistics_msgs/local/lib/python3.10/dist-packages/statistics_msgs/msg/_metrics_message.py'...
[41.014s] Compiling '/home/uwr/microROS_AUV/install/statistics_msgs/local/lib/python3.10/dist-packages/statistics_msgs/msg/_statistic_data_point.py'...
[41.014s] Compiling '/home/uwr/microROS_AUV/install/statistics_msgs/local/lib/python3.10/dist-packages/statistics_msgs/msg/_statistic_data_type.py'...
[41.026s] -- Installing: /home/uwr/microROS_AUV/install/statistics_msgs/local/lib/python3.10/dist-packages/statistics_msgs/statistics_msgs_s__rosidl_typesupport_microxrcedds_c.cpython-310-x86_64-linux-gnu.so
[41.027s] -- Set runtime path of "/home/uwr/microROS_AUV/install/statistics_msgs/local/lib/python3.10/dist-packages/statistics_msgs/statistics_msgs_s__rosidl_typesupport_microxrcedds_c.cpython-310-x86_64-linux-gnu.so" to ""
[41.027s] -- Installing: /home/uwr/microROS_AUV/install/statistics_msgs/local/lib/python3.10/dist-packages/statistics_msgs/statistics_msgs_s__rosidl_typesupport_fastrtps_c.cpython-310-x86_64-linux-gnu.so
[41.028s] -- Set runtime path of "/home/uwr/microROS_AUV/install/statistics_msgs/local/lib/python3.10/dist-packages/statistics_msgs/statistics_msgs_s__rosidl_typesupport_fastrtps_c.cpython-310-x86_64-linux-gnu.so" to ""
[41.028s] -- Installing: /home/uwr/microROS_AUV/install/statistics_msgs/local/lib/python3.10/dist-packages/statistics_msgs/statistics_msgs_s__rosidl_typesupport_introspection_c.cpython-310-x86_64-linux-gnu.so
[41.029s] -- Set runtime path of "/home/uwr/microROS_AUV/install/statistics_msgs/local/lib/python3.10/dist-packages/statistics_msgs/statistics_msgs_s__rosidl_typesupport_introspection_c.cpython-310-x86_64-linux-gnu.so" to ""
[41.030s] -- Installing: /home/uwr/microROS_AUV/install/statistics_msgs/local/lib/python3.10/dist-packages/statistics_msgs/statistics_msgs_s__rosidl_typesupport_c.cpython-310-x86_64-linux-gnu.so
[41.030s] -- Set runtime path of "/home/uwr/microROS_AUV/install/statistics_msgs/local/lib/python3.10/dist-packages/statistics_msgs/statistics_msgs_s__rosidl_typesupport_c.cpython-310-x86_64-linux-gnu.so" to ""
[41.031s] -- Installing: /home/uwr/microROS_AUV/install/statistics_msgs/lib/libstatistics_msgs__rosidl_generator_py.so
[41.031s] -- Set runtime path of "/home/uwr/microROS_AUV/install/statistics_msgs/lib/libstatistics_msgs__rosidl_generator_py.so" to ""
[41.032s] -- Installing: /home/uwr/microROS_AUV/install/statistics_msgs/share/statistics_msgs/msg/MetricsMessage.idl
[41.032s] -- Installing: /home/uwr/microROS_AUV/install/statistics_msgs/share/statistics_msgs/msg/StatisticDataPoint.idl
[41.032s] -- Installing: /home/uwr/microROS_AUV/install/statistics_msgs/share/statistics_msgs/msg/StatisticDataType.idl
[41.033s] -- Installing: /home/uwr/microROS_AUV/install/statistics_msgs/share/statistics_msgs/msg/MetricsMessage.msg
[41.033s] -- Installing: /home/uwr/microROS_AUV/install/statistics_msgs/share/statistics_msgs/msg/StatisticDataPoint.msg
[41.033s] -- Installing: /home/uwr/microROS_AUV/install/statistics_msgs/share/statistics_msgs/msg/StatisticDataType.msg
[41.034s] -- Installing: /home/uwr/microROS_AUV/install/statistics_msgs/share/ament_index/resource_index/package_run_dependencies/statistics_msgs
[41.034s] -- Installing: /home/uwr/microROS_AUV/install/statistics_msgs/share/ament_index/resource_index/parent_prefix_path/statistics_msgs
[41.034s] -- Installing: /home/uwr/microROS_AUV/install/statistics_msgs/share/statistics_msgs/environment/ament_prefix_path.sh
[41.035s] -- Installing: /home/uwr/microROS_AUV/install/statistics_msgs/share/statistics_msgs/environment/ament_prefix_path.dsv
[41.035s] -- Installing: /home/uwr/microROS_AUV/install/statistics_msgs/share/statistics_msgs/environment/path.sh
[41.035s] -- Installing: /home/uwr/microROS_AUV/install/statistics_msgs/share/statistics_msgs/environment/path.dsv
[41.036s] -- Installing: /home/uwr/microROS_AUV/install/statistics_msgs/share/statistics_msgs/local_setup.bash
[41.036s] -- Installing: /home/uwr/microROS_AUV/install/statistics_msgs/share/statistics_msgs/local_setup.sh
[41.036s] -- Installing: /home/uwr/microROS_AUV/install/statistics_msgs/share/statistics_msgs/local_setup.zsh
[41.037s] -- Installing: /home/uwr/microROS_AUV/install/statistics_msgs/share/statistics_msgs/local_setup.dsv
[41.037s] -- Installing: /home/uwr/microROS_AUV/install/statistics_msgs/share/statistics_msgs/package.dsv
[41.037s] -- Installing: /home/uwr/microROS_AUV/install/statistics_msgs/share/ament_index/resource_index/packages/statistics_msgs
[41.038s] -- Installing: /home/uwr/microROS_AUV/install/statistics_msgs/share/statistics_msgs/cmake/export_statistics_msgs__rosidl_generator_cExport.cmake
[41.038s] -- Installing: /home/uwr/microROS_AUV/install/statistics_msgs/share/statistics_msgs/cmake/export_statistics_msgs__rosidl_generator_cExport-noconfig.cmake
[41.039s] -- Installing: /home/uwr/microROS_AUV/install/statistics_msgs/share/statistics_msgs/cmake/export_statistics_msgs__rosidl_typesupport_fastrtps_cExport.cmake
[41.039s] -- Installing: /home/uwr/microROS_AUV/install/statistics_msgs/share/statistics_msgs/cmake/export_statistics_msgs__rosidl_typesupport_fastrtps_cExport-noconfig.cmake
[41.040s] -- Installing: /home/uwr/microROS_AUV/install/statistics_msgs/share/statistics_msgs/cmake/export_statistics_msgs__rosidl_generator_cppExport.cmake
[41.040s] -- Installing: /home/uwr/microROS_AUV/install/statistics_msgs/share/statistics_msgs/cmake/export_statistics_msgs__rosidl_typesupport_fastrtps_cppExport.cmake
[41.040s] -- Installing: /home/uwr/microROS_AUV/install/statistics_msgs/share/statistics_msgs/cmake/export_statistics_msgs__rosidl_typesupport_fastrtps_cppExport-noconfig.cmake
[41.040s] -- Installing: /home/uwr/microROS_AUV/install/statistics_msgs/share/statistics_msgs/cmake/statistics_msgs__rosidl_typesupport_introspection_cExport.cmake
[41.041s] -- Installing: /home/uwr/microROS_AUV/install/statistics_msgs/share/statistics_msgs/cmake/statistics_msgs__rosidl_typesupport_introspection_cExport-noconfig.cmake
[41.041s] -- Installing: /home/uwr/microROS_AUV/install/statistics_msgs/share/statistics_msgs/cmake/statistics_msgs__rosidl_typesupport_cExport.cmake
[41.041s] -- Installing: /home/uwr/microROS_AUV/install/statistics_msgs/share/statistics_msgs/cmake/statistics_msgs__rosidl_typesupport_cExport-noconfig.cmake
[41.042s] -- Installing: /home/uwr/microROS_AUV/install/statistics_msgs/share/statistics_msgs/cmake/statistics_msgs__rosidl_typesupport_introspection_cppExport.cmake
[41.042s] -- Installing: /home/uwr/microROS_AUV/install/statistics_msgs/share/statistics_msgs/cmake/statistics_msgs__rosidl_typesupport_introspection_cppExport-noconfig.cmake
[41.043s] -- Installing: /home/uwr/microROS_AUV/install/statistics_msgs/share/statistics_msgs/cmake/statistics_msgs__rosidl_typesupport_cppExport.cmake
[41.043s] -- Installing: /home/uwr/microROS_AUV/install/statistics_msgs/share/statistics_msgs/cmake/statistics_msgs__rosidl_typesupport_cppExport-noconfig.cmake
[41.043s] -- Installing: /home/uwr/microROS_AUV/install/statistics_msgs/share/statistics_msgs/cmake/export_statistics_msgs__rosidl_generator_pyExport.cmake
[41.044s] -- Installing: /home/uwr/microROS_AUV/install/statistics_msgs/share/statistics_msgs/cmake/export_statistics_msgs__rosidl_generator_pyExport-noconfig.cmake
[41.044s] -- Installing: /home/uwr/microROS_AUV/install/statistics_msgs/share/statistics_msgs/cmake/rosidl_cmake-extras.cmake
[41.044s] -- Installing: /home/uwr/microROS_AUV/install/statistics_msgs/share/statistics_msgs/cmake/ament_cmake_export_dependencies-extras.cmake
[41.045s] -- Installing: /home/uwr/microROS_AUV/install/statistics_msgs/share/statistics_msgs/cmake/ament_cmake_export_include_directories-extras.cmake
[41.045s] -- Installing: /home/uwr/microROS_AUV/install/statistics_msgs/share/statistics_msgs/cmake/ament_cmake_export_libraries-extras.cmake
[41.045s] -- Installing: /home/uwr/microROS_AUV/install/statistics_msgs/share/statistics_msgs/cmake/ament_cmake_export_targets-extras.cmake
[41.046s] -- Installing: /home/uwr/microROS_AUV/install/statistics_msgs/share/statistics_msgs/cmake/rosidl_cmake_export_typesupport_targets-extras.cmake
[41.046s] -- Installing: /home/uwr/microROS_AUV/install/statistics_msgs/share/statistics_msgs/cmake/rosidl_cmake_export_typesupport_libraries-extras.cmake
[41.046s] -- Installing: /home/uwr/microROS_AUV/install/statistics_msgs/share/statistics_msgs/cmake/statistics_msgsConfig.cmake
[41.047s] -- Installing: /home/uwr/microROS_AUV/install/statistics_msgs/share/statistics_msgs/cmake/statistics_msgsConfig-version.cmake
[41.047s] -- Installing: /home/uwr/microROS_AUV/install/statistics_msgs/share/statistics_msgs/package.xml
[41.054s] Invoked command in '/home/uwr/microROS_AUV/build/statistics_msgs' returned '0': AMENT_PREFIX_PATH=/home/uwr/microROS_AUV/install/builtin_interfaces:${AMENT_PREFIX_PATH} CMAKE_PREFIX_PATH=/home/uwr/microROS_AUV/install/builtin_interfaces:/home/uwr/microROS_AUV/install/rosidl_typesupport_microxrcedds_cpp:/home/uwr/microROS_AUV/install/rosidl_typesupport_microxrcedds_c:/home/uwr/microROS_AUV/install/microcdr:/home/uwr/microROS_AUV/install/micro_ros_setup:/home/uwr/microROS_AUV/install/custom_interfaces:/home/uwr/Desktop/2024_UWR/install/kalman_filter:/home/uwr/Desktop/2024_UWR/install/sonar_msgs:/home/uwr/Desktop/2024_UWR/install/ros2-driver:/home/uwr/Desktop/2024_UWR/install/oculus_interfaces:/home/uwr/Desktop/2024_UWR/install/ntrip:/home/uwr/Desktop/2024_UWR/install/adnav-driver:/home/uwr/fls_ws/install/oculus_interfaces:/home/uwr/microROS_AUV/install/control_pkg:/home/uwr/Desktop/2024_UWR/install/sonar_subs:/opt/ros/humble LD_LIBRARY_PATH=/home/uwr/microROS_AUV/install/builtin_interfaces/lib:${LD_LIBRARY_PATH} PYTHONPATH=/home/uwr/microROS_AUV/install/builtin_interfaces/local/lib/python3.10/dist-packages:${PYTHONPATH} /usr/bin/cmake --install /home/uwr/microROS_AUV/build/statistics_msgs
