[0.046s] Invoking command in '/home/uwr/microROS_AUV/build/shape_msgs': AMENT_PREFIX_PATH=/home/uwr/microROS_AUV/install/geometry_msgs:/home/uwr/microROS_AUV/install/std_msgs:${AMENT_PREFIX_PATH} CMAKE_PREFIX_PATH=/home/uwr/microROS_AUV/install/geometry_msgs:/home/uwr/microROS_AUV/install/std_msgs:/home/uwr/microROS_AUV/install/builtin_interfaces:/home/uwr/microROS_AUV/install/action_msgs:/home/uwr/microROS_AUV/install/unique_identifier_msgs:/home/uwr/microROS_AUV/install/std_srvs:/home/uwr/microROS_AUV/install/rosidl_typesupport_microxrcedds_test_msg:/home/uwr/microROS_AUV/install/rosidl_typesupport_microxrcedds_cpp_tests:/home/uwr/microROS_AUV/install/rmw_microxrcedds:/home/uwr/microROS_AUV/install/rosidl_typesupport_microxrcedds_cpp:/home/uwr/microROS_AUV/install/rosidl_typesupport_microxrcedds_c_tests:/home/uwr/microROS_AUV/install/rosidl_typesupport_microxrcedds_c:/home/uwr/microROS_AUV/install/rosgraph_msgs:/home/uwr/microROS_AUV/install/microxrcedds_client:/home/uwr/microROS_AUV/install/microcdr:/home/uwr/microROS_AUV/install/micro_ros_utilities:/home/uwr/microROS_AUV/install/micro_ros_msgs:/home/uwr/microROS_AUV/install/lifecycle_msgs:/home/uwr/microROS_AUV/install/complex_msgs:/home/uwr/microROS_AUV/install/micro_ros_setup:/home/uwr/microROS_AUV/install/custom_interfaces:/home/uwr/Desktop/2024_UWR/install/kalman_filter:/home/uwr/Desktop/2024_UWR/install/sonar_msgs:/home/uwr/Desktop/2024_UWR/install/ros2-driver:/home/uwr/Desktop/2024_UWR/install/oculus_interfaces:/home/uwr/Desktop/2024_UWR/install/ntrip:/home/uwr/Desktop/2024_UWR/install/adnav-driver:/home/uwr/fls_ws/install/oculus_interfaces:/home/uwr/microROS_AUV/install/statistics_msgs:/home/uwr/microROS_AUV/install/control_pkg:/home/uwr/Desktop/2024_UWR/install/sonar_subs:/opt/ros/humble LD_LIBRARY_PATH=/home/uwr/microROS_AUV/install/geometry_msgs/lib:/home/uwr/microROS_AUV/install/std_msgs/lib:/home/uwr/microROS_AUV/install/builtin_interfaces/lib:/home/uwr/microROS_AUV/install/action_msgs/lib:/home/uwr/microROS_AUV/install/unique_identifier_msgs/lib:/home/uwr/microROS_AUV/install/std_srvs/lib:/home/uwr/microROS_AUV/install/statistics_msgs/lib:/home/uwr/microROS_AUV/install/rmw_microxrcedds/lib:/home/uwr/microROS_AUV/install/rosidl_typesupport_microxrcedds_cpp/lib:/home/uwr/microROS_AUV/install/rosidl_typesupport_microxrcedds_c/lib:/home/uwr/microROS_AUV/install/rosgraph_msgs/lib:/home/uwr/microROS_AUV/install/microxrcedds_client/lib:/home/uwr/microROS_AUV/install/microcdr/lib:/home/uwr/microROS_AUV/install/micro_ros_utilities/lib:/home/uwr/microROS_AUV/install/micro_ros_msgs/lib:/home/uwr/microROS_AUV/install/lifecycle_msgs/lib:/home/uwr/microROS_AUV/install/complex_msgs/lib:/home/uwr/microROS_AUV/install/custom_interfaces/lib:/home/uwr/oculus_driver/install/lib:/home/uwr/Desktop/2024_UWR/install/sonar_msgs/lib:/home/uwr/Desktop/2024_UWR/install/oculus_interfaces/lib:/home/uwr/fls_ws/install/oculus_interfaces/lib:/opt/ros/humble/opt/rviz_ogre_vendor/lib:/opt/ros/humble/lib/x86_64-linux-gnu:/opt/ros/humble/lib PYTHONPATH=/home/uwr/microROS_AUV/install/geometry_msgs/local/lib/python3.10/dist-packages:/home/uwr/microROS_AUV/install/std_msgs/local/lib/python3.10/dist-packages:${PYTHONPATH} /usr/bin/cmake /home/uwr/microROS_AUV/src/ros2/common_interfaces/shape_msgs -DBUILD_TESTING=OFF -DBUILD_SHARED_LIBS=ON -DCMAKE_INSTALL_PREFIX=/home/uwr/microROS_AUV/install/shape_msgs
[0.170s] -- The C compiler identification is GNU 11.4.0
[0.284s] -- The CXX compiler identification is GNU 11.4.0
[0.301s] -- Detecting C compiler ABI info
[0.464s] -- Detecting C compiler ABI info - done
[0.481s] -- Check for working C compiler: /usr/bin/cc - skipped
[0.481s] -- Detecting C compile features
[0.482s] -- Detecting C compile features - done
[0.487s] -- Detecting CXX compiler ABI info
[0.653s] -- Detecting CXX compiler ABI info - done
[0.680s] -- Check for working CXX compiler: /usr/bin/c++ - skipped
[0.681s] -- Detecting CXX compile features
[0.682s] -- Detecting CXX compile features - done
[0.693s] -- Found ament_cmake: 1.3.10 (/opt/ros/humble/share/ament_cmake/cmake)
[1.130s] -- Found Python3: /usr/bin/python3 (found version "3.10.12") found components: Interpreter 
[1.446s] -- Found geometry_msgs: 4.9.0 (/home/uwr/microROS_AUV/install/geometry_msgs/share/geometry_msgs/cmake)
[1.589s] -- Found rosidl_generator_c: 3.1.5 (/opt/ros/humble/share/rosidl_generator_c/cmake)
[1.614s] -- Found rosidl_adapter: 3.1.5 (/opt/ros/humble/share/rosidl_adapter/cmake)
[1.649s] -- Found rosidl_generator_cpp: 3.1.5 (/opt/ros/humble/share/rosidl_generator_cpp/cmake)
[1.699s] -- Using all available rosidl_typesupport_c: rosidl_typesupport_microxrcedds_c;rosidl_typesupport_fastrtps_c;rosidl_typesupport_introspection_c
[1.788s] -- Using all available rosidl_typesupport_cpp: rosidl_typesupport_microxrcedds_cpp;rosidl_typesupport_fastrtps_cpp;rosidl_typesupport_introspection_cpp
[1.941s] -- Found rosidl_default_generators: 1.2.0 (/opt/ros/humble/share/rosidl_default_generators/cmake)
[2.809s] -- Found ament_cmake_ros: 0.10.0 (/opt/ros/humble/share/ament_cmake_ros/cmake)
[4.086s] -- Using all available rosidl_typesupport_c: rosidl_typesupport_microxrcedds_c;rosidl_typesupport_fastrtps_c;rosidl_typesupport_introspection_c
[4.698s] -- Using all available rosidl_typesupport_cpp: rosidl_typesupport_microxrcedds_cpp;rosidl_typesupport_fastrtps_cpp;rosidl_typesupport_introspection_cpp
[4.768s] -- Found PythonInterp: /usr/bin/python3 (found suitable version "3.10.12", minimum required is "3.6") 
[4.774s] -- Found python_cmake_module: 0.10.0 (/opt/ros/humble/share/python_cmake_module/cmake)
[4.841s] -- Found PythonLibs: /usr/lib/x86_64-linux-gnu/libpython3.10.so (found suitable version "3.10.12", minimum required is "3.5") 
[4.841s] -- Using PYTHON_EXECUTABLE: /usr/bin/python3
[4.841s] -- Using PYTHON_INCLUDE_DIRS: /usr/include/python3.10
[4.841s] -- Using PYTHON_LIBRARIES: /usr/lib/x86_64-linux-gnu/libpython3.10.so
[4.892s] -- Found PythonExtra: .so  
[5.159s] -- Configuring done
[5.306s] -- Generating done
[5.313s] -- Build files have been written to: /home/uwr/microROS_AUV/build/shape_msgs
[5.333s] Invoked command in '/home/uwr/microROS_AUV/build/shape_msgs' returned '0': AMENT_PREFIX_PATH=/home/uwr/microROS_AUV/install/geometry_msgs:/home/uwr/microROS_AUV/install/std_msgs:${AMENT_PREFIX_PATH} CMAKE_PREFIX_PATH=/home/uwr/microROS_AUV/install/geometry_msgs:/home/uwr/microROS_AUV/install/std_msgs:/home/uwr/microROS_AUV/install/builtin_interfaces:/home/uwr/microROS_AUV/install/action_msgs:/home/uwr/microROS_AUV/install/unique_identifier_msgs:/home/uwr/microROS_AUV/install/std_srvs:/home/uwr/microROS_AUV/install/rosidl_typesupport_microxrcedds_test_msg:/home/uwr/microROS_AUV/install/rosidl_typesupport_microxrcedds_cpp_tests:/home/uwr/microROS_AUV/install/rmw_microxrcedds:/home/uwr/microROS_AUV/install/rosidl_typesupport_microxrcedds_cpp:/home/uwr/microROS_AUV/install/rosidl_typesupport_microxrcedds_c_tests:/home/uwr/microROS_AUV/install/rosidl_typesupport_microxrcedds_c:/home/uwr/microROS_AUV/install/rosgraph_msgs:/home/uwr/microROS_AUV/install/microxrcedds_client:/home/uwr/microROS_AUV/install/microcdr:/home/uwr/microROS_AUV/install/micro_ros_utilities:/home/uwr/microROS_AUV/install/micro_ros_msgs:/home/uwr/microROS_AUV/install/lifecycle_msgs:/home/uwr/microROS_AUV/install/complex_msgs:/home/uwr/microROS_AUV/install/micro_ros_setup:/home/uwr/microROS_AUV/install/custom_interfaces:/home/uwr/Desktop/2024_UWR/install/kalman_filter:/home/uwr/Desktop/2024_UWR/install/sonar_msgs:/home/uwr/Desktop/2024_UWR/install/ros2-driver:/home/uwr/Desktop/2024_UWR/install/oculus_interfaces:/home/uwr/Desktop/2024_UWR/install/ntrip:/home/uwr/Desktop/2024_UWR/install/adnav-driver:/home/uwr/fls_ws/install/oculus_interfaces:/home/uwr/microROS_AUV/install/statistics_msgs:/home/uwr/microROS_AUV/install/control_pkg:/home/uwr/Desktop/2024_UWR/install/sonar_subs:/opt/ros/humble LD_LIBRARY_PATH=/home/uwr/microROS_AUV/install/geometry_msgs/lib:/home/uwr/microROS_AUV/install/std_msgs/lib:/home/uwr/microROS_AUV/install/builtin_interfaces/lib:/home/uwr/microROS_AUV/install/action_msgs/lib:/home/uwr/microROS_AUV/install/unique_identifier_msgs/lib:/home/uwr/microROS_AUV/install/std_srvs/lib:/home/uwr/microROS_AUV/install/statistics_msgs/lib:/home/uwr/microROS_AUV/install/rmw_microxrcedds/lib:/home/uwr/microROS_AUV/install/rosidl_typesupport_microxrcedds_cpp/lib:/home/uwr/microROS_AUV/install/rosidl_typesupport_microxrcedds_c/lib:/home/uwr/microROS_AUV/install/rosgraph_msgs/lib:/home/uwr/microROS_AUV/install/microxrcedds_client/lib:/home/uwr/microROS_AUV/install/microcdr/lib:/home/uwr/microROS_AUV/install/micro_ros_utilities/lib:/home/uwr/microROS_AUV/install/micro_ros_msgs/lib:/home/uwr/microROS_AUV/install/lifecycle_msgs/lib:/home/uwr/microROS_AUV/install/complex_msgs/lib:/home/uwr/microROS_AUV/install/custom_interfaces/lib:/home/uwr/oculus_driver/install/lib:/home/uwr/Desktop/2024_UWR/install/sonar_msgs/lib:/home/uwr/Desktop/2024_UWR/install/oculus_interfaces/lib:/home/uwr/fls_ws/install/oculus_interfaces/lib:/opt/ros/humble/opt/rviz_ogre_vendor/lib:/opt/ros/humble/lib/x86_64-linux-gnu:/opt/ros/humble/lib PYTHONPATH=/home/uwr/microROS_AUV/install/geometry_msgs/local/lib/python3.10/dist-packages:/home/uwr/microROS_AUV/install/std_msgs/local/lib/python3.10/dist-packages:${PYTHONPATH} /usr/bin/cmake /home/uwr/microROS_AUV/src/ros2/common_interfaces/shape_msgs -DBUILD_TESTING=OFF -DBUILD_SHARED_LIBS=ON -DCMAKE_INSTALL_PREFIX=/home/uwr/microROS_AUV/install/shape_msgs
[5.339s] Invoking command in '/home/uwr/microROS_AUV/build/shape_msgs': AMENT_PREFIX_PATH=/home/uwr/microROS_AUV/install/geometry_msgs:/home/uwr/microROS_AUV/install/std_msgs:${AMENT_PREFIX_PATH} CMAKE_PREFIX_PATH=/home/uwr/microROS_AUV/install/geometry_msgs:/home/uwr/microROS_AUV/install/std_msgs:/home/uwr/microROS_AUV/install/builtin_interfaces:/home/uwr/microROS_AUV/install/action_msgs:/home/uwr/microROS_AUV/install/unique_identifier_msgs:/home/uwr/microROS_AUV/install/std_srvs:/home/uwr/microROS_AUV/install/rosidl_typesupport_microxrcedds_test_msg:/home/uwr/microROS_AUV/install/rosidl_typesupport_microxrcedds_cpp_tests:/home/uwr/microROS_AUV/install/rmw_microxrcedds:/home/uwr/microROS_AUV/install/rosidl_typesupport_microxrcedds_cpp:/home/uwr/microROS_AUV/install/rosidl_typesupport_microxrcedds_c_tests:/home/uwr/microROS_AUV/install/rosidl_typesupport_microxrcedds_c:/home/uwr/microROS_AUV/install/rosgraph_msgs:/home/uwr/microROS_AUV/install/microxrcedds_client:/home/uwr/microROS_AUV/install/microcdr:/home/uwr/microROS_AUV/install/micro_ros_utilities:/home/uwr/microROS_AUV/install/micro_ros_msgs:/home/uwr/microROS_AUV/install/lifecycle_msgs:/home/uwr/microROS_AUV/install/complex_msgs:/home/uwr/microROS_AUV/install/micro_ros_setup:/home/uwr/microROS_AUV/install/custom_interfaces:/home/uwr/Desktop/2024_UWR/install/kalman_filter:/home/uwr/Desktop/2024_UWR/install/sonar_msgs:/home/uwr/Desktop/2024_UWR/install/ros2-driver:/home/uwr/Desktop/2024_UWR/install/oculus_interfaces:/home/uwr/Desktop/2024_UWR/install/ntrip:/home/uwr/Desktop/2024_UWR/install/adnav-driver:/home/uwr/fls_ws/install/oculus_interfaces:/home/uwr/microROS_AUV/install/statistics_msgs:/home/uwr/microROS_AUV/install/control_pkg:/home/uwr/Desktop/2024_UWR/install/sonar_subs:/opt/ros/humble LD_LIBRARY_PATH=/home/uwr/microROS_AUV/install/geometry_msgs/lib:/home/uwr/microROS_AUV/install/std_msgs/lib:/home/uwr/microROS_AUV/install/builtin_interfaces/lib:/home/uwr/microROS_AUV/install/action_msgs/lib:/home/uwr/microROS_AUV/install/unique_identifier_msgs/lib:/home/uwr/microROS_AUV/install/std_srvs/lib:/home/uwr/microROS_AUV/install/statistics_msgs/lib:/home/uwr/microROS_AUV/install/rmw_microxrcedds/lib:/home/uwr/microROS_AUV/install/rosidl_typesupport_microxrcedds_cpp/lib:/home/uwr/microROS_AUV/install/rosidl_typesupport_microxrcedds_c/lib:/home/uwr/microROS_AUV/install/rosgraph_msgs/lib:/home/uwr/microROS_AUV/install/microxrcedds_client/lib:/home/uwr/microROS_AUV/install/microcdr/lib:/home/uwr/microROS_AUV/install/micro_ros_utilities/lib:/home/uwr/microROS_AUV/install/micro_ros_msgs/lib:/home/uwr/microROS_AUV/install/lifecycle_msgs/lib:/home/uwr/microROS_AUV/install/complex_msgs/lib:/home/uwr/microROS_AUV/install/custom_interfaces/lib:/home/uwr/oculus_driver/install/lib:/home/uwr/Desktop/2024_UWR/install/sonar_msgs/lib:/home/uwr/Desktop/2024_UWR/install/oculus_interfaces/lib:/home/uwr/fls_ws/install/oculus_interfaces/lib:/opt/ros/humble/opt/rviz_ogre_vendor/lib:/opt/ros/humble/lib/x86_64-linux-gnu:/opt/ros/humble/lib PYTHONPATH=/home/uwr/microROS_AUV/install/geometry_msgs/local/lib/python3.10/dist-packages:/home/uwr/microROS_AUV/install/std_msgs/local/lib/python3.10/dist-packages:${PYTHONPATH} /usr/bin/cmake --build /home/uwr/microROS_AUV/build/shape_msgs -- -j8 -l8
[5.521s] [  1%] [34m[1mGenerating C code for ROS interfaces[0m
[5.552s] [  1%] Built target ament_cmake_python_copy_shape_msgs
[5.564s] [  2%] [34m[1mGenerating C++ code for ROS interfaces[0m
[7.379s] running egg_info
[7.388s] creating shape_msgs.egg-info
[7.389s] writing shape_msgs.egg-info/PKG-INFO
[7.393s] writing dependency_links to shape_msgs.egg-info/dependency_links.txt
[7.393s] writing top-level names to shape_msgs.egg-info/top_level.txt
[7.394s] writing manifest file 'shape_msgs.egg-info/SOURCES.txt'
[7.408s] reading manifest file 'shape_msgs.egg-info/SOURCES.txt'
[7.414s] writing manifest file 'shape_msgs.egg-info/SOURCES.txt'
[7.658s] [  2%] Built target ament_cmake_python_build_shape_msgs_egg
[9.718s] [  2%] Built target shape_msgs__cpp
[9.773s] [  4%] [34m[1mGenerating C++ type support for eProsima Fast-RTPS[0m
[9.789s] [  5%] [34m[1mGenerating C++ type support dispatch for ROS interfaces[0m
[9.803s] [  7%] [34m[1mGenerating C++ introspection for ROS interfaces[0m
[9.807s] [  8%] [34m[1mGenerating C++ type support for eProsima Micro XRCE-DDS[0m
[9.845s] [ 10%] [32mBuilding C object CMakeFiles/shape_msgs__rosidl_generator_c.dir/rosidl_generator_c/shape_msgs/msg/detail/mesh_triangle__functions.c.o[0m
[9.856s] [ 11%] [32mBuilding C object CMakeFiles/shape_msgs__rosidl_generator_c.dir/rosidl_generator_c/shape_msgs/msg/detail/mesh__functions.c.o[0m
[9.862s] [ 13%] [32mBuilding C object CMakeFiles/shape_msgs__rosidl_generator_c.dir/rosidl_generator_c/shape_msgs/msg/detail/solid_primitive__functions.c.o[0m
[9.868s] [ 14%] [32mBuilding C object CMakeFiles/shape_msgs__rosidl_generator_c.dir/rosidl_generator_c/shape_msgs/msg/detail/plane__functions.c.o[0m
[10.316s] [ 15%] [32m[1mLinking C shared library libshape_msgs__rosidl_generator_c.so[0m
[10.480s] [ 15%] Built target shape_msgs__rosidl_generator_c
[10.562s] [ 17%] [34m[1mGenerating C type support for eProsima Fast-RTPS[0m
[10.578s] [ 18%] [34m[1mGenerating C introspection for ROS interfaces[0m
[10.612s] [ 20%] [34m[1mGenerating C type support for eProsima Micro XRCE-DDS[0m
[15.305s] [ 21%] [32mBuilding C object CMakeFiles/shape_msgs__rosidl_typesupport_microxrcedds_c.dir/rosidl_typesupport_microxrcedds_c/shape_msgs/msg/detail/microxrcedds/mesh__type_support_c.c.o[0m
[15.499s] [ 23%] [32mBuilding C object CMakeFiles/shape_msgs__rosidl_typesupport_microxrcedds_c.dir/rosidl_typesupport_microxrcedds_c/shape_msgs/msg/detail/microxrcedds/mesh_triangle__type_support_c.c.o[0m
[15.576s] [ 24%] [32mBuilding CXX object CMakeFiles/shape_msgs__rosidl_typesupport_cpp.dir/rosidl_typesupport_cpp/shape_msgs/msg/mesh__type_support.cpp.o[0m
[15.731s] [ 26%] [32mBuilding C object CMakeFiles/shape_msgs__rosidl_typesupport_microxrcedds_c.dir/rosidl_typesupport_microxrcedds_c/shape_msgs/msg/detail/microxrcedds/plane__type_support_c.c.o[0m
[15.927s] [ 27%] [32mBuilding C object CMakeFiles/shape_msgs__rosidl_typesupport_microxrcedds_c.dir/rosidl_typesupport_microxrcedds_c/shape_msgs/msg/detail/microxrcedds/solid_primitive__type_support_c.c.o[0m
[16.075s] [ 28%] [32mBuilding CXX object CMakeFiles/shape_msgs__rosidl_typesupport_introspection_cpp.dir/rosidl_typesupport_introspection_cpp/shape_msgs/msg/detail/mesh__type_support.cpp.o[0m
[16.160s] [ 30%] [32m[1mLinking C shared library libshape_msgs__rosidl_typesupport_microxrcedds_c.so[0m
[16.420s] [ 30%] Built target shape_msgs__rosidl_typesupport_microxrcedds_c
[16.942s] [ 31%] [32mBuilding CXX object CMakeFiles/shape_msgs__rosidl_typesupport_microxrcedds_cpp.dir/rosidl_typesupport_microxrcedds_cpp/shape_msgs/msg/detail/microxrcedds/mesh__type_support_cpp.cpp.o[0m
[17.078s] [ 33%] [32mBuilding CXX object CMakeFiles/shape_msgs__rosidl_typesupport_fastrtps_cpp.dir/rosidl_typesupport_fastrtps_cpp/shape_msgs/msg/detail/dds_fastrtps/mesh__type_support.cpp.o[0m
[17.632s] [ 34%] [32mBuilding CXX object CMakeFiles/shape_msgs__rosidl_typesupport_cpp.dir/rosidl_typesupport_cpp/shape_msgs/msg/mesh_triangle__type_support.cpp.o[0m
[17.637s] [ 36%] [32mBuilding C object CMakeFiles/shape_msgs__rosidl_typesupport_introspection_c.dir/rosidl_typesupport_introspection_c/shape_msgs/msg/detail/mesh__type_support.c.o[0m
[17.942s] [ 37%] [32mBuilding C object CMakeFiles/shape_msgs__rosidl_typesupport_introspection_c.dir/rosidl_typesupport_introspection_c/shape_msgs/msg/detail/mesh_triangle__type_support.c.o[0m
[18.211s] [ 39%] [32mBuilding C object CMakeFiles/shape_msgs__rosidl_typesupport_introspection_c.dir/rosidl_typesupport_introspection_c/shape_msgs/msg/detail/plane__type_support.c.o[0m
[18.417s] [ 40%] [32mBuilding C object CMakeFiles/shape_msgs__rosidl_typesupport_introspection_c.dir/rosidl_typesupport_introspection_c/shape_msgs/msg/detail/solid_primitive__type_support.c.o[0m
[18.558s] [ 42%] [32mBuilding CXX object CMakeFiles/shape_msgs__rosidl_typesupport_introspection_cpp.dir/rosidl_typesupport_introspection_cpp/shape_msgs/msg/detail/mesh_triangle__type_support.cpp.o[0m
[18.684s] [ 43%] [32m[1mLinking C shared library libshape_msgs__rosidl_typesupport_introspection_c.so[0m
[18.727s] [ 44%] [32mBuilding CXX object CMakeFiles/shape_msgs__rosidl_typesupport_fastrtps_c.dir/rosidl_typesupport_fastrtps_c/shape_msgs/msg/detail/mesh__type_support_c.cpp.o[0m
[18.896s] [ 44%] Built target shape_msgs__rosidl_typesupport_introspection_c
[19.053s] [ 46%] [32mBuilding CXX object CMakeFiles/shape_msgs__rosidl_typesupport_cpp.dir/rosidl_typesupport_cpp/shape_msgs/msg/plane__type_support.cpp.o[0m
[20.174s] [ 47%] [32mBuilding CXX object CMakeFiles/shape_msgs__rosidl_typesupport_fastrtps_cpp.dir/rosidl_typesupport_fastrtps_cpp/shape_msgs/msg/detail/dds_fastrtps/mesh_triangle__type_support.cpp.o[0m
[20.261s] [ 49%] [32mBuilding CXX object CMakeFiles/shape_msgs__rosidl_typesupport_microxrcedds_cpp.dir/rosidl_typesupport_microxrcedds_cpp/shape_msgs/msg/detail/microxrcedds/mesh_triangle__type_support_cpp.cpp.o[0m
[20.580s] [ 50%] [32mBuilding CXX object CMakeFiles/shape_msgs__rosidl_typesupport_introspection_cpp.dir/rosidl_typesupport_introspection_cpp/shape_msgs/msg/detail/plane__type_support.cpp.o[0m
[20.685s] [ 52%] [32mBuilding CXX object CMakeFiles/shape_msgs__rosidl_typesupport_cpp.dir/rosidl_typesupport_cpp/shape_msgs/msg/solid_primitive__type_support.cpp.o[0m
[21.500s] [ 53%] [32mBuilding CXX object CMakeFiles/shape_msgs__rosidl_typesupport_fastrtps_c.dir/rosidl_typesupport_fastrtps_c/shape_msgs/msg/detail/mesh_triangle__type_support_c.cpp.o[0m
[21.510s] [ 55%] [32m[1mLinking CXX shared library libshape_msgs__rosidl_typesupport_cpp.so[0m
[21.675s] [ 55%] Built target shape_msgs__rosidl_typesupport_cpp
[22.206s] [ 56%] [32mBuilding CXX object CMakeFiles/shape_msgs__rosidl_typesupport_microxrcedds_cpp.dir/rosidl_typesupport_microxrcedds_cpp/shape_msgs/msg/detail/microxrcedds/solid_primitive__type_support_cpp.cpp.o[0m
[22.488s] [ 57%] [32mBuilding CXX object CMakeFiles/shape_msgs__rosidl_typesupport_fastrtps_cpp.dir/rosidl_typesupport_fastrtps_cpp/shape_msgs/msg/detail/dds_fastrtps/solid_primitive__type_support.cpp.o[0m
[23.242s] [ 59%] [32mBuilding CXX object CMakeFiles/shape_msgs__rosidl_typesupport_introspection_cpp.dir/rosidl_typesupport_introspection_cpp/shape_msgs/msg/detail/solid_primitive__type_support.cpp.o[0m
[23.482s] [ 60%] [32mBuilding CXX object CMakeFiles/shape_msgs__rosidl_typesupport_fastrtps_c.dir/rosidl_typesupport_fastrtps_c/shape_msgs/msg/detail/plane__type_support_c.cpp.o[0m
[24.003s] [ 62%] [32mBuilding CXX object CMakeFiles/shape_msgs__rosidl_typesupport_microxrcedds_cpp.dir/rosidl_typesupport_microxrcedds_cpp/shape_msgs/msg/detail/microxrcedds/plane__type_support_cpp.cpp.o[0m
[24.280s] [ 63%] [32mBuilding CXX object CMakeFiles/shape_msgs__rosidl_typesupport_fastrtps_cpp.dir/rosidl_typesupport_fastrtps_cpp/shape_msgs/msg/detail/dds_fastrtps/plane__type_support.cpp.o[0m
[24.834s] [ 65%] [32m[1mLinking CXX shared library libshape_msgs__rosidl_typesupport_introspection_cpp.so[0m
[24.834s] [ 66%] [32mBuilding CXX object CMakeFiles/shape_msgs__rosidl_typesupport_fastrtps_c.dir/rosidl_typesupport_fastrtps_c/shape_msgs/msg/detail/solid_primitive__type_support_c.cpp.o[0m
[25.192s] [ 68%] [32m[1mLinking CXX shared library libshape_msgs__rosidl_typesupport_microxrcedds_cpp.so[0m
[25.194s] [ 68%] Built target shape_msgs__rosidl_typesupport_introspection_cpp
[25.454s] [ 69%] [32m[1mLinking CXX shared library libshape_msgs__rosidl_typesupport_fastrtps_cpp.so[0m
[25.608s] [ 69%] Built target shape_msgs__rosidl_typesupport_microxrcedds_cpp
[25.702s] [ 69%] Built target shape_msgs__rosidl_typesupport_fastrtps_cpp
[26.031s] [ 71%] [32m[1mLinking CXX shared library libshape_msgs__rosidl_typesupport_fastrtps_c.so[0m
[26.251s] [ 71%] Built target shape_msgs__rosidl_typesupport_fastrtps_c
[26.276s] [ 72%] [34m[1mGenerating C type support dispatch for ROS interfaces[0m
[27.572s] [ 73%] [32mBuilding CXX object CMakeFiles/shape_msgs__rosidl_typesupport_c.dir/rosidl_typesupport_c/shape_msgs/msg/mesh__type_support.cpp.o[0m
[27.663s] [ 75%] [32mBuilding CXX object CMakeFiles/shape_msgs__rosidl_typesupport_c.dir/rosidl_typesupport_c/shape_msgs/msg/solid_primitive__type_support.cpp.o[0m
[27.750s] [ 76%] [32mBuilding CXX object CMakeFiles/shape_msgs__rosidl_typesupport_c.dir/rosidl_typesupport_c/shape_msgs/msg/plane__type_support.cpp.o[0m
[27.824s] [ 78%] [32mBuilding CXX object CMakeFiles/shape_msgs__rosidl_typesupport_c.dir/rosidl_typesupport_c/shape_msgs/msg/mesh_triangle__type_support.cpp.o[0m
[27.881s] [ 79%] [32m[1mLinking CXX shared library libshape_msgs__rosidl_typesupport_c.so[0m
[27.962s] [ 79%] Built target shape_msgs__rosidl_typesupport_c
[28.019s] [ 79%] Built target shape_msgs
[28.084s] [ 81%] [34m[1mGenerating Python code for ROS interfaces[0m
[31.175s] [ 81%] Built target shape_msgs__py
[31.224s] [ 82%] [32mBuilding C object CMakeFiles/shape_msgs__rosidl_generator_py.dir/rosidl_generator_py/shape_msgs/msg/_mesh_s.c.o[0m
[31.525s] [ 84%] [32mBuilding C object CMakeFiles/shape_msgs__rosidl_generator_py.dir/rosidl_generator_py/shape_msgs/msg/_solid_primitive_s.c.o[0m
[31.771s] [ 85%] [32mBuilding C object CMakeFiles/shape_msgs__rosidl_generator_py.dir/rosidl_generator_py/shape_msgs/msg/_plane_s.c.o[0m
[32.070s] [ 86%] [32mBuilding C object CMakeFiles/shape_msgs__rosidl_generator_py.dir/rosidl_generator_py/shape_msgs/msg/_mesh_triangle_s.c.o[0m
[32.299s] [ 88%] [32m[1mLinking C shared library rosidl_generator_py/shape_msgs/libshape_msgs__rosidl_generator_py.so[0m
[32.380s] [ 88%] Built target shape_msgs__rosidl_generator_py
[32.420s] [ 89%] [32mBuilding C object CMakeFiles/shape_msgs__rosidl_typesupport_microxrcedds_c__pyext.dir/rosidl_generator_py/shape_msgs/_shape_msgs_s.ep.rosidl_typesupport_microxrcedds_c.c.o[0m
[32.627s] [ 91%] [32m[1mLinking C shared library rosidl_generator_py/shape_msgs/shape_msgs_s__rosidl_typesupport_microxrcedds_c.cpython-310-x86_64-linux-gnu.so[0m
[32.710s] [ 91%] Built target shape_msgs__rosidl_typesupport_microxrcedds_c__pyext
[32.755s] [ 92%] [32mBuilding C object CMakeFiles/shape_msgs__rosidl_typesupport_c__pyext.dir/rosidl_generator_py/shape_msgs/_shape_msgs_s.ep.rosidl_typesupport_c.c.o[0m
[33.013s] [ 94%] [32m[1mLinking C shared library rosidl_generator_py/shape_msgs/shape_msgs_s__rosidl_typesupport_c.cpython-310-x86_64-linux-gnu.so[0m
[33.092s] [ 94%] Built target shape_msgs__rosidl_typesupport_c__pyext
[33.139s] [ 95%] [32mBuilding C object CMakeFiles/shape_msgs__rosidl_typesupport_introspection_c__pyext.dir/rosidl_generator_py/shape_msgs/_shape_msgs_s.ep.rosidl_typesupport_introspection_c.c.o[0m
[33.355s] [ 97%] [32m[1mLinking C shared library rosidl_generator_py/shape_msgs/shape_msgs_s__rosidl_typesupport_introspection_c.cpython-310-x86_64-linux-gnu.so[0m
[33.471s] [ 97%] Built target shape_msgs__rosidl_typesupport_introspection_c__pyext
[33.530s] [ 98%] [32mBuilding C object CMakeFiles/shape_msgs__rosidl_typesupport_fastrtps_c__pyext.dir/rosidl_generator_py/shape_msgs/_shape_msgs_s.ep.rosidl_typesupport_fastrtps_c.c.o[0m
[33.838s] [100%] [32m[1mLinking C shared library rosidl_generator_py/shape_msgs/shape_msgs_s__rosidl_typesupport_fastrtps_c.cpython-310-x86_64-linux-gnu.so[0m
[33.933s] [100%] Built target shape_msgs__rosidl_typesupport_fastrtps_c__pyext
[33.964s] Invoked command in '/home/uwr/microROS_AUV/build/shape_msgs' returned '0': AMENT_PREFIX_PATH=/home/uwr/microROS_AUV/install/geometry_msgs:/home/uwr/microROS_AUV/install/std_msgs:${AMENT_PREFIX_PATH} CMAKE_PREFIX_PATH=/home/uwr/microROS_AUV/install/geometry_msgs:/home/uwr/microROS_AUV/install/std_msgs:/home/uwr/microROS_AUV/install/builtin_interfaces:/home/uwr/microROS_AUV/install/action_msgs:/home/uwr/microROS_AUV/install/unique_identifier_msgs:/home/uwr/microROS_AUV/install/std_srvs:/home/uwr/microROS_AUV/install/rosidl_typesupport_microxrcedds_test_msg:/home/uwr/microROS_AUV/install/rosidl_typesupport_microxrcedds_cpp_tests:/home/uwr/microROS_AUV/install/rmw_microxrcedds:/home/uwr/microROS_AUV/install/rosidl_typesupport_microxrcedds_cpp:/home/uwr/microROS_AUV/install/rosidl_typesupport_microxrcedds_c_tests:/home/uwr/microROS_AUV/install/rosidl_typesupport_microxrcedds_c:/home/uwr/microROS_AUV/install/rosgraph_msgs:/home/uwr/microROS_AUV/install/microxrcedds_client:/home/uwr/microROS_AUV/install/microcdr:/home/uwr/microROS_AUV/install/micro_ros_utilities:/home/uwr/microROS_AUV/install/micro_ros_msgs:/home/uwr/microROS_AUV/install/lifecycle_msgs:/home/uwr/microROS_AUV/install/complex_msgs:/home/uwr/microROS_AUV/install/micro_ros_setup:/home/uwr/microROS_AUV/install/custom_interfaces:/home/uwr/Desktop/2024_UWR/install/kalman_filter:/home/uwr/Desktop/2024_UWR/install/sonar_msgs:/home/uwr/Desktop/2024_UWR/install/ros2-driver:/home/uwr/Desktop/2024_UWR/install/oculus_interfaces:/home/uwr/Desktop/2024_UWR/install/ntrip:/home/uwr/Desktop/2024_UWR/install/adnav-driver:/home/uwr/fls_ws/install/oculus_interfaces:/home/uwr/microROS_AUV/install/statistics_msgs:/home/uwr/microROS_AUV/install/control_pkg:/home/uwr/Desktop/2024_UWR/install/sonar_subs:/opt/ros/humble LD_LIBRARY_PATH=/home/uwr/microROS_AUV/install/geometry_msgs/lib:/home/uwr/microROS_AUV/install/std_msgs/lib:/home/uwr/microROS_AUV/install/builtin_interfaces/lib:/home/uwr/microROS_AUV/install/action_msgs/lib:/home/uwr/microROS_AUV/install/unique_identifier_msgs/lib:/home/uwr/microROS_AUV/install/std_srvs/lib:/home/uwr/microROS_AUV/install/statistics_msgs/lib:/home/uwr/microROS_AUV/install/rmw_microxrcedds/lib:/home/uwr/microROS_AUV/install/rosidl_typesupport_microxrcedds_cpp/lib:/home/uwr/microROS_AUV/install/rosidl_typesupport_microxrcedds_c/lib:/home/uwr/microROS_AUV/install/rosgraph_msgs/lib:/home/uwr/microROS_AUV/install/microxrcedds_client/lib:/home/uwr/microROS_AUV/install/microcdr/lib:/home/uwr/microROS_AUV/install/micro_ros_utilities/lib:/home/uwr/microROS_AUV/install/micro_ros_msgs/lib:/home/uwr/microROS_AUV/install/lifecycle_msgs/lib:/home/uwr/microROS_AUV/install/complex_msgs/lib:/home/uwr/microROS_AUV/install/custom_interfaces/lib:/home/uwr/oculus_driver/install/lib:/home/uwr/Desktop/2024_UWR/install/sonar_msgs/lib:/home/uwr/Desktop/2024_UWR/install/oculus_interfaces/lib:/home/uwr/fls_ws/install/oculus_interfaces/lib:/opt/ros/humble/opt/rviz_ogre_vendor/lib:/opt/ros/humble/lib/x86_64-linux-gnu:/opt/ros/humble/lib PYTHONPATH=/home/uwr/microROS_AUV/install/geometry_msgs/local/lib/python3.10/dist-packages:/home/uwr/microROS_AUV/install/std_msgs/local/lib/python3.10/dist-packages:${PYTHONPATH} /usr/bin/cmake --build /home/uwr/microROS_AUV/build/shape_msgs -- -j8 -l8
[34.345s] Invoking command in '/home/uwr/microROS_AUV/build/shape_msgs': AMENT_PREFIX_PATH=/home/uwr/microROS_AUV/install/geometry_msgs:/home/uwr/microROS_AUV/install/std_msgs:${AMENT_PREFIX_PATH} CMAKE_PREFIX_PATH=/home/uwr/microROS_AUV/install/geometry_msgs:/home/uwr/microROS_AUV/install/std_msgs:/home/uwr/microROS_AUV/install/builtin_interfaces:/home/uwr/microROS_AUV/install/action_msgs:/home/uwr/microROS_AUV/install/unique_identifier_msgs:/home/uwr/microROS_AUV/install/std_srvs:/home/uwr/microROS_AUV/install/rosidl_typesupport_microxrcedds_test_msg:/home/uwr/microROS_AUV/install/rosidl_typesupport_microxrcedds_cpp_tests:/home/uwr/microROS_AUV/install/rmw_microxrcedds:/home/uwr/microROS_AUV/install/rosidl_typesupport_microxrcedds_cpp:/home/uwr/microROS_AUV/install/rosidl_typesupport_microxrcedds_c_tests:/home/uwr/microROS_AUV/install/rosidl_typesupport_microxrcedds_c:/home/uwr/microROS_AUV/install/rosgraph_msgs:/home/uwr/microROS_AUV/install/microxrcedds_client:/home/uwr/microROS_AUV/install/microcdr:/home/uwr/microROS_AUV/install/micro_ros_utilities:/home/uwr/microROS_AUV/install/micro_ros_msgs:/home/uwr/microROS_AUV/install/lifecycle_msgs:/home/uwr/microROS_AUV/install/complex_msgs:/home/uwr/microROS_AUV/install/micro_ros_setup:/home/uwr/microROS_AUV/install/custom_interfaces:/home/uwr/Desktop/2024_UWR/install/kalman_filter:/home/uwr/Desktop/2024_UWR/install/sonar_msgs:/home/uwr/Desktop/2024_UWR/install/ros2-driver:/home/uwr/Desktop/2024_UWR/install/oculus_interfaces:/home/uwr/Desktop/2024_UWR/install/ntrip:/home/uwr/Desktop/2024_UWR/install/adnav-driver:/home/uwr/fls_ws/install/oculus_interfaces:/home/uwr/microROS_AUV/install/statistics_msgs:/home/uwr/microROS_AUV/install/control_pkg:/home/uwr/Desktop/2024_UWR/install/sonar_subs:/opt/ros/humble LD_LIBRARY_PATH=/home/uwr/microROS_AUV/install/geometry_msgs/lib:/home/uwr/microROS_AUV/install/std_msgs/lib:/home/uwr/microROS_AUV/install/builtin_interfaces/lib:/home/uwr/microROS_AUV/install/action_msgs/lib:/home/uwr/microROS_AUV/install/unique_identifier_msgs/lib:/home/uwr/microROS_AUV/install/std_srvs/lib:/home/uwr/microROS_AUV/install/statistics_msgs/lib:/home/uwr/microROS_AUV/install/rmw_microxrcedds/lib:/home/uwr/microROS_AUV/install/rosidl_typesupport_microxrcedds_cpp/lib:/home/uwr/microROS_AUV/install/rosidl_typesupport_microxrcedds_c/lib:/home/uwr/microROS_AUV/install/rosgraph_msgs/lib:/home/uwr/microROS_AUV/install/microxrcedds_client/lib:/home/uwr/microROS_AUV/install/microcdr/lib:/home/uwr/microROS_AUV/install/micro_ros_utilities/lib:/home/uwr/microROS_AUV/install/micro_ros_msgs/lib:/home/uwr/microROS_AUV/install/lifecycle_msgs/lib:/home/uwr/microROS_AUV/install/complex_msgs/lib:/home/uwr/microROS_AUV/install/custom_interfaces/lib:/home/uwr/oculus_driver/install/lib:/home/uwr/Desktop/2024_UWR/install/sonar_msgs/lib:/home/uwr/Desktop/2024_UWR/install/oculus_interfaces/lib:/home/uwr/fls_ws/install/oculus_interfaces/lib:/opt/ros/humble/opt/rviz_ogre_vendor/lib:/opt/ros/humble/lib/x86_64-linux-gnu:/opt/ros/humble/lib PYTHONPATH=/home/uwr/microROS_AUV/install/geometry_msgs/local/lib/python3.10/dist-packages:/home/uwr/microROS_AUV/install/std_msgs/local/lib/python3.10/dist-packages:${PYTHONPATH} /usr/bin/cmake --install /home/uwr/microROS_AUV/build/shape_msgs
[34.363s] -- Install configuration: ""
[34.363s] -- Installing: /home/uwr/microROS_AUV/install/shape_msgs/share/ament_index/resource_index/rosidl_interfaces/shape_msgs
[34.364s] -- Installing: /home/uwr/microROS_AUV/install/shape_msgs/include/shape_msgs/shape_msgs
[34.365s] -- Installing: /home/uwr/microROS_AUV/install/shape_msgs/include/shape_msgs/shape_msgs/msg
[34.365s] -- Installing: /home/uwr/microROS_AUV/install/shape_msgs/include/shape_msgs/shape_msgs/msg/plane.h
[34.365s] -- Installing: /home/uwr/microROS_AUV/install/shape_msgs/include/shape_msgs/shape_msgs/msg/rosidl_generator_c__visibility_control.h
[34.365s] -- Installing: /home/uwr/microROS_AUV/install/shape_msgs/include/shape_msgs/shape_msgs/msg/solid_primitive.h
[34.366s] -- Installing: /home/uwr/microROS_AUV/install/shape_msgs/include/shape_msgs/shape_msgs/msg/mesh_triangle.h
[34.366s] -- Installing: /home/uwr/microROS_AUV/install/shape_msgs/include/shape_msgs/shape_msgs/msg/detail
[34.367s] -- Installing: /home/uwr/microROS_AUV/install/shape_msgs/include/shape_msgs/shape_msgs/msg/detail/plane__functions.c
[34.367s] -- Installing: /home/uwr/microROS_AUV/install/shape_msgs/include/shape_msgs/shape_msgs/msg/detail/mesh__functions.c
[34.367s] -- Installing: /home/uwr/microROS_AUV/install/shape_msgs/include/shape_msgs/shape_msgs/msg/detail/mesh__struct.h
[34.368s] -- Installing: /home/uwr/microROS_AUV/install/shape_msgs/include/shape_msgs/shape_msgs/msg/detail/plane__type_support.h
[34.368s] -- Installing: /home/uwr/microROS_AUV/install/shape_msgs/include/shape_msgs/shape_msgs/msg/detail/mesh_triangle__functions.c
[34.368s] -- Installing: /home/uwr/microROS_AUV/install/shape_msgs/include/shape_msgs/shape_msgs/msg/detail/mesh__functions.h
[34.368s] -- Installing: /home/uwr/microROS_AUV/install/shape_msgs/include/shape_msgs/shape_msgs/msg/detail/plane__struct.h
[34.369s] -- Installing: /home/uwr/microROS_AUV/install/shape_msgs/include/shape_msgs/shape_msgs/msg/detail/mesh_triangle__type_support.h
[34.369s] -- Installing: /home/uwr/microROS_AUV/install/shape_msgs/include/shape_msgs/shape_msgs/msg/detail/solid_primitive__struct.h
[34.369s] -- Installing: /home/uwr/microROS_AUV/install/shape_msgs/include/shape_msgs/shape_msgs/msg/detail/solid_primitive__type_support.h
[34.369s] -- Installing: /home/uwr/microROS_AUV/install/shape_msgs/include/shape_msgs/shape_msgs/msg/detail/mesh_triangle__struct.h
[34.369s] -- Installing: /home/uwr/microROS_AUV/install/shape_msgs/include/shape_msgs/shape_msgs/msg/detail/solid_primitive__functions.c
[34.369s] -- Installing: /home/uwr/microROS_AUV/install/shape_msgs/include/shape_msgs/shape_msgs/msg/detail/plane__functions.h
[34.370s] -- Installing: /home/uwr/microROS_AUV/install/shape_msgs/include/shape_msgs/shape_msgs/msg/detail/mesh__type_support.h
[34.370s] -- Installing: /home/uwr/microROS_AUV/install/shape_msgs/include/shape_msgs/shape_msgs/msg/detail/mesh_triangle__functions.h
[34.370s] -- Installing: /home/uwr/microROS_AUV/install/shape_msgs/include/shape_msgs/shape_msgs/msg/detail/solid_primitive__functions.h
[34.370s] -- Installing: /home/uwr/microROS_AUV/install/shape_msgs/include/shape_msgs/shape_msgs/msg/mesh.h
[34.370s] -- Installing: /home/uwr/microROS_AUV/install/shape_msgs/share/shape_msgs/environment/library_path.sh
[34.370s] -- Installing: /home/uwr/microROS_AUV/install/shape_msgs/share/shape_msgs/environment/library_path.dsv
[34.371s] -- Installing: /home/uwr/microROS_AUV/install/shape_msgs/lib/libshape_msgs__rosidl_generator_c.so
[34.371s] -- Set runtime path of "/home/uwr/microROS_AUV/install/shape_msgs/lib/libshape_msgs__rosidl_generator_c.so" to ""
[34.371s] -- Up-to-date: /home/uwr/microROS_AUV/install/shape_msgs/include/shape_msgs/shape_msgs
[34.371s] -- Up-to-date: /home/uwr/microROS_AUV/install/shape_msgs/include/shape_msgs/shape_msgs/msg
[34.372s] -- Up-to-date: /home/uwr/microROS_AUV/install/shape_msgs/include/shape_msgs/shape_msgs/msg/detail
[34.372s] -- Installing: /home/uwr/microROS_AUV/install/shape_msgs/include/shape_msgs/shape_msgs/msg/detail/mesh__rosidl_typesupport_fastrtps_c.h
[34.372s] -- Installing: /home/uwr/microROS_AUV/install/shape_msgs/include/shape_msgs/shape_msgs/msg/detail/solid_primitive__rosidl_typesupport_fastrtps_c.h
[34.372s] -- Installing: /home/uwr/microROS_AUV/install/shape_msgs/include/shape_msgs/shape_msgs/msg/detail/mesh_triangle__rosidl_typesupport_fastrtps_c.h
[34.373s] -- Installing: /home/uwr/microROS_AUV/install/shape_msgs/include/shape_msgs/shape_msgs/msg/detail/plane__rosidl_typesupport_fastrtps_c.h
[34.373s] -- Installing: /home/uwr/microROS_AUV/install/shape_msgs/include/shape_msgs/shape_msgs/msg/rosidl_typesupport_fastrtps_c__visibility_control.h
[34.373s] -- Installing: /home/uwr/microROS_AUV/install/shape_msgs/lib/libshape_msgs__rosidl_typesupport_fastrtps_c.so
[34.374s] -- Set runtime path of "/home/uwr/microROS_AUV/install/shape_msgs/lib/libshape_msgs__rosidl_typesupport_fastrtps_c.so" to ""
[34.375s] -- Up-to-date: /home/uwr/microROS_AUV/install/shape_msgs/include/shape_msgs/shape_msgs
[34.375s] -- Up-to-date: /home/uwr/microROS_AUV/install/shape_msgs/include/shape_msgs/shape_msgs/msg
[34.376s] -- Installing: /home/uwr/microROS_AUV/install/shape_msgs/include/shape_msgs/shape_msgs/msg/mesh_triangle.hpp
[34.376s] -- Installing: /home/uwr/microROS_AUV/install/shape_msgs/include/shape_msgs/shape_msgs/msg/solid_primitive.hpp
[34.376s] -- Up-to-date: /home/uwr/microROS_AUV/install/shape_msgs/include/shape_msgs/shape_msgs/msg/detail
[34.376s] -- Installing: /home/uwr/microROS_AUV/install/shape_msgs/include/shape_msgs/shape_msgs/msg/detail/plane__traits.hpp
[34.376s] -- Installing: /home/uwr/microROS_AUV/install/shape_msgs/include/shape_msgs/shape_msgs/msg/detail/plane__builder.hpp
[34.376s] -- Installing: /home/uwr/microROS_AUV/install/shape_msgs/include/shape_msgs/shape_msgs/msg/detail/mesh_triangle__builder.hpp
[34.377s] -- Installing: /home/uwr/microROS_AUV/install/shape_msgs/include/shape_msgs/shape_msgs/msg/detail/solid_primitive__traits.hpp
[34.377s] -- Installing: /home/uwr/microROS_AUV/install/shape_msgs/include/shape_msgs/shape_msgs/msg/detail/mesh__builder.hpp
[34.377s] -- Installing: /home/uwr/microROS_AUV/install/shape_msgs/include/shape_msgs/shape_msgs/msg/detail/solid_primitive__struct.hpp
[34.377s] -- Installing: /home/uwr/microROS_AUV/install/shape_msgs/include/shape_msgs/shape_msgs/msg/detail/mesh__traits.hpp
[34.377s] -- Installing: /home/uwr/microROS_AUV/install/shape_msgs/include/shape_msgs/shape_msgs/msg/detail/mesh_triangle__struct.hpp
[34.377s] -- Installing: /home/uwr/microROS_AUV/install/shape_msgs/include/shape_msgs/shape_msgs/msg/detail/mesh__struct.hpp
[34.377s] -- Installing: /home/uwr/microROS_AUV/install/shape_msgs/include/shape_msgs/shape_msgs/msg/detail/plane__struct.hpp
[34.378s] -- Installing: /home/uwr/microROS_AUV/install/shape_msgs/include/shape_msgs/shape_msgs/msg/detail/mesh_triangle__traits.hpp
[34.378s] -- Installing: /home/uwr/microROS_AUV/install/shape_msgs/include/shape_msgs/shape_msgs/msg/detail/solid_primitive__builder.hpp
[34.378s] -- Installing: /home/uwr/microROS_AUV/install/shape_msgs/include/shape_msgs/shape_msgs/msg/plane.hpp
[34.378s] -- Installing: /home/uwr/microROS_AUV/install/shape_msgs/include/shape_msgs/shape_msgs/msg/mesh.hpp
[34.378s] -- Up-to-date: /home/uwr/microROS_AUV/install/shape_msgs/include/shape_msgs/shape_msgs
[34.378s] -- Up-to-date: /home/uwr/microROS_AUV/install/shape_msgs/include/shape_msgs/shape_msgs/msg
[34.379s] -- Up-to-date: /home/uwr/microROS_AUV/install/shape_msgs/include/shape_msgs/shape_msgs/msg/detail
[34.379s] -- Installing: /home/uwr/microROS_AUV/install/shape_msgs/include/shape_msgs/shape_msgs/msg/detail/plane__rosidl_typesupport_fastrtps_cpp.hpp
[34.379s] -- Installing: /home/uwr/microROS_AUV/install/shape_msgs/include/shape_msgs/shape_msgs/msg/detail/solid_primitive__rosidl_typesupport_fastrtps_cpp.hpp
[34.379s] -- Installing: /home/uwr/microROS_AUV/install/shape_msgs/include/shape_msgs/shape_msgs/msg/detail/mesh_triangle__rosidl_typesupport_fastrtps_cpp.hpp
[34.379s] -- Installing: /home/uwr/microROS_AUV/install/shape_msgs/include/shape_msgs/shape_msgs/msg/detail/mesh__rosidl_typesupport_fastrtps_cpp.hpp
[34.379s] -- Installing: /home/uwr/microROS_AUV/install/shape_msgs/include/shape_msgs/shape_msgs/msg/detail/dds_fastrtps
[34.379s] -- Installing: /home/uwr/microROS_AUV/install/shape_msgs/include/shape_msgs/shape_msgs/msg/rosidl_typesupport_fastrtps_cpp__visibility_control.h
[34.379s] -- Installing: /home/uwr/microROS_AUV/install/shape_msgs/lib/libshape_msgs__rosidl_typesupport_fastrtps_cpp.so
[34.380s] -- Set runtime path of "/home/uwr/microROS_AUV/install/shape_msgs/lib/libshape_msgs__rosidl_typesupport_fastrtps_cpp.so" to ""
[34.380s] -- Up-to-date: /home/uwr/microROS_AUV/install/shape_msgs/include/shape_msgs
[34.380s] -- Installing: /home/uwr/microROS_AUV/install/shape_msgs/include/shape_msgs/msg
[34.380s] -- Installing: /home/uwr/microROS_AUV/install/shape_msgs/include/shape_msgs/msg/rosidl_typesupport_microxrcedds_c__visibility_control.h
[34.380s] -- Installing: /home/uwr/microROS_AUV/install/shape_msgs/include/shape_msgs/msg/detail
[34.380s] -- Installing: /home/uwr/microROS_AUV/install/shape_msgs/include/shape_msgs/msg/detail/solid_primitive__rosidl_typesupport_microxrcedds_c.h
[34.381s] -- Installing: /home/uwr/microROS_AUV/install/shape_msgs/include/shape_msgs/msg/detail/plane__rosidl_typesupport_microxrcedds_c.h
[34.381s] -- Installing: /home/uwr/microROS_AUV/install/shape_msgs/include/shape_msgs/msg/detail/mesh__rosidl_typesupport_microxrcedds_c.h
[34.381s] -- Installing: /home/uwr/microROS_AUV/install/shape_msgs/include/shape_msgs/msg/detail/mesh_triangle__rosidl_typesupport_microxrcedds_c.h
[34.382s] -- Installing: /home/uwr/microROS_AUV/install/shape_msgs/include/shape_msgs/msg/detail/microxrcedds
[34.382s] -- Installing: /home/uwr/microROS_AUV/install/shape_msgs/lib/libshape_msgs__rosidl_typesupport_microxrcedds_c.so
[34.382s] -- Set runtime path of "/home/uwr/microROS_AUV/install/shape_msgs/lib/libshape_msgs__rosidl_typesupport_microxrcedds_c.so" to ""
[34.382s] -- Up-to-date: /home/uwr/microROS_AUV/install/shape_msgs/include/shape_msgs/shape_msgs
[34.383s] -- Up-to-date: /home/uwr/microROS_AUV/install/shape_msgs/include/shape_msgs/shape_msgs/msg
[34.383s] -- Installing: /home/uwr/microROS_AUV/install/shape_msgs/include/shape_msgs/shape_msgs/msg/rosidl_typesupport_introspection_c__visibility_control.h
[34.383s] -- Up-to-date: /home/uwr/microROS_AUV/install/shape_msgs/include/shape_msgs/shape_msgs/msg/detail
[34.383s] -- Installing: /home/uwr/microROS_AUV/install/shape_msgs/include/shape_msgs/shape_msgs/msg/detail/solid_primitive__type_support.c
[34.383s] -- Installing: /home/uwr/microROS_AUV/install/shape_msgs/include/shape_msgs/shape_msgs/msg/detail/plane__type_support.c
[34.383s] -- Installing: /home/uwr/microROS_AUV/install/shape_msgs/include/shape_msgs/shape_msgs/msg/detail/solid_primitive__rosidl_typesupport_introspection_c.h
[34.384s] -- Installing: /home/uwr/microROS_AUV/install/shape_msgs/include/shape_msgs/shape_msgs/msg/detail/mesh_triangle__type_support.c
[34.384s] -- Installing: /home/uwr/microROS_AUV/install/shape_msgs/include/shape_msgs/shape_msgs/msg/detail/plane__rosidl_typesupport_introspection_c.h
[34.384s] -- Installing: /home/uwr/microROS_AUV/install/shape_msgs/include/shape_msgs/shape_msgs/msg/detail/mesh__type_support.c
[34.384s] -- Installing: /home/uwr/microROS_AUV/install/shape_msgs/include/shape_msgs/shape_msgs/msg/detail/mesh_triangle__rosidl_typesupport_introspection_c.h
[34.384s] -- Installing: /home/uwr/microROS_AUV/install/shape_msgs/include/shape_msgs/shape_msgs/msg/detail/mesh__rosidl_typesupport_introspection_c.h
[34.385s] -- Installing: /home/uwr/microROS_AUV/install/shape_msgs/lib/libshape_msgs__rosidl_typesupport_introspection_c.so
[34.386s] -- Set runtime path of "/home/uwr/microROS_AUV/install/shape_msgs/lib/libshape_msgs__rosidl_typesupport_introspection_c.so" to ""
[34.386s] -- Installing: /home/uwr/microROS_AUV/install/shape_msgs/lib/libshape_msgs__rosidl_typesupport_c.so
[34.386s] -- Set runtime path of "/home/uwr/microROS_AUV/install/shape_msgs/lib/libshape_msgs__rosidl_typesupport_c.so" to ""
[34.387s] -- Up-to-date: /home/uwr/microROS_AUV/install/shape_msgs/include/shape_msgs
[34.387s] -- Up-to-date: /home/uwr/microROS_AUV/install/shape_msgs/include/shape_msgs/msg
[34.387s] -- Installing: /home/uwr/microROS_AUV/install/shape_msgs/include/shape_msgs/msg/rosidl_typesupport_microxrcedds_cpp__visibility_control.h
[34.387s] -- Up-to-date: /home/uwr/microROS_AUV/install/shape_msgs/include/shape_msgs/msg/detail
[34.388s] -- Installing: /home/uwr/microROS_AUV/install/shape_msgs/include/shape_msgs/msg/detail/mesh_triangle__rosidl_typesupport_microxrcedds_cpp.hpp
[34.388s] -- Installing: /home/uwr/microROS_AUV/install/shape_msgs/include/shape_msgs/msg/detail/mesh__rosidl_typesupport_microxrcedds_cpp.hpp
[34.388s] -- Installing: /home/uwr/microROS_AUV/install/shape_msgs/include/shape_msgs/msg/detail/solid_primitive__rosidl_typesupport_microxrcedds_cpp.hpp
[34.388s] -- Installing: /home/uwr/microROS_AUV/install/shape_msgs/include/shape_msgs/msg/detail/plane__rosidl_typesupport_microxrcedds_cpp.hpp
[34.388s] -- Up-to-date: /home/uwr/microROS_AUV/install/shape_msgs/include/shape_msgs/msg/detail/microxrcedds
[34.389s] -- Installing: /home/uwr/microROS_AUV/install/shape_msgs/include/shape_msgs/msg/detail/microxrcedds/solid_primitive__type_support_cpp.cpp
[34.389s] -- Installing: /home/uwr/microROS_AUV/install/shape_msgs/include/shape_msgs/msg/detail/microxrcedds/plane__type_support_cpp.cpp
[34.389s] -- Installing: /home/uwr/microROS_AUV/install/shape_msgs/include/shape_msgs/msg/detail/microxrcedds/mesh__type_support_cpp.cpp
[34.389s] -- Installing: /home/uwr/microROS_AUV/install/shape_msgs/include/shape_msgs/msg/detail/microxrcedds/mesh_triangle__type_support_cpp.cpp
[34.390s] -- Installing: /home/uwr/microROS_AUV/install/shape_msgs/lib/libshape_msgs__rosidl_typesupport_microxrcedds_cpp.so
[34.390s] -- Set runtime path of "/home/uwr/microROS_AUV/install/shape_msgs/lib/libshape_msgs__rosidl_typesupport_microxrcedds_cpp.so" to ""
[34.390s] -- Up-to-date: /home/uwr/microROS_AUV/install/shape_msgs/include/shape_msgs/shape_msgs
[34.390s] -- Up-to-date: /home/uwr/microROS_AUV/install/shape_msgs/include/shape_msgs/shape_msgs/msg
[34.391s] -- Up-to-date: /home/uwr/microROS_AUV/install/shape_msgs/include/shape_msgs/shape_msgs/msg/detail
[34.391s] -- Installing: /home/uwr/microROS_AUV/install/shape_msgs/include/shape_msgs/shape_msgs/msg/detail/mesh_triangle__type_support.cpp
[34.391s] -- Installing: /home/uwr/microROS_AUV/install/shape_msgs/include/shape_msgs/shape_msgs/msg/detail/plane__rosidl_typesupport_introspection_cpp.hpp
[34.391s] -- Installing: /home/uwr/microROS_AUV/install/shape_msgs/include/shape_msgs/shape_msgs/msg/detail/mesh_triangle__rosidl_typesupport_introspection_cpp.hpp
[34.392s] -- Installing: /home/uwr/microROS_AUV/install/shape_msgs/include/shape_msgs/shape_msgs/msg/detail/plane__type_support.cpp
[34.392s] -- Installing: /home/uwr/microROS_AUV/install/shape_msgs/include/shape_msgs/shape_msgs/msg/detail/solid_primitive__type_support.cpp
[34.392s] -- Installing: /home/uwr/microROS_AUV/install/shape_msgs/include/shape_msgs/shape_msgs/msg/detail/mesh__type_support.cpp
[34.392s] -- Installing: /home/uwr/microROS_AUV/install/shape_msgs/include/shape_msgs/shape_msgs/msg/detail/solid_primitive__rosidl_typesupport_introspection_cpp.hpp
[34.392s] -- Installing: /home/uwr/microROS_AUV/install/shape_msgs/include/shape_msgs/shape_msgs/msg/detail/mesh__rosidl_typesupport_introspection_cpp.hpp
[34.393s] -- Installing: /home/uwr/microROS_AUV/install/shape_msgs/lib/libshape_msgs__rosidl_typesupport_introspection_cpp.so
[34.393s] -- Set runtime path of "/home/uwr/microROS_AUV/install/shape_msgs/lib/libshape_msgs__rosidl_typesupport_introspection_cpp.so" to ""
[34.394s] -- Installing: /home/uwr/microROS_AUV/install/shape_msgs/lib/libshape_msgs__rosidl_typesupport_cpp.so
[34.394s] -- Set runtime path of "/home/uwr/microROS_AUV/install/shape_msgs/lib/libshape_msgs__rosidl_typesupport_cpp.so" to ""
[34.394s] -- Installing: /home/uwr/microROS_AUV/install/shape_msgs/share/shape_msgs/environment/pythonpath.sh
[34.395s] -- Installing: /home/uwr/microROS_AUV/install/shape_msgs/share/shape_msgs/environment/pythonpath.dsv
[34.395s] -- Installing: /home/uwr/microROS_AUV/install/shape_msgs/local/lib/python3.10/dist-packages/shape_msgs-4.9.0-py3.10.egg-info
[34.395s] -- Installing: /home/uwr/microROS_AUV/install/shape_msgs/local/lib/python3.10/dist-packages/shape_msgs-4.9.0-py3.10.egg-info/top_level.txt
[34.396s] -- Installing: /home/uwr/microROS_AUV/install/shape_msgs/local/lib/python3.10/dist-packages/shape_msgs-4.9.0-py3.10.egg-info/dependency_links.txt
[34.396s] -- Installing: /home/uwr/microROS_AUV/install/shape_msgs/local/lib/python3.10/dist-packages/shape_msgs-4.9.0-py3.10.egg-info/PKG-INFO
[34.396s] -- Installing: /home/uwr/microROS_AUV/install/shape_msgs/local/lib/python3.10/dist-packages/shape_msgs-4.9.0-py3.10.egg-info/SOURCES.txt
[34.396s] -- Installing: /home/uwr/microROS_AUV/install/shape_msgs/local/lib/python3.10/dist-packages/shape_msgs
[34.397s] -- Installing: /home/uwr/microROS_AUV/install/shape_msgs/local/lib/python3.10/dist-packages/shape_msgs/libshape_msgs__rosidl_generator_py.so
[34.397s] -- Installing: /home/uwr/microROS_AUV/install/shape_msgs/local/lib/python3.10/dist-packages/shape_msgs/shape_msgs_s__rosidl_typesupport_introspection_c.cpython-310-x86_64-linux-gnu.so
[34.397s] -- Installing: /home/uwr/microROS_AUV/install/shape_msgs/local/lib/python3.10/dist-packages/shape_msgs/_shape_msgs_s.ep.rosidl_typesupport_introspection_c.c
[34.397s] -- Installing: /home/uwr/microROS_AUV/install/shape_msgs/local/lib/python3.10/dist-packages/shape_msgs/_shape_msgs_s.ep.rosidl_typesupport_c.c
[34.398s] -- Installing: /home/uwr/microROS_AUV/install/shape_msgs/local/lib/python3.10/dist-packages/shape_msgs/shape_msgs_s__rosidl_typesupport_microxrcedds_c.cpython-310-x86_64-linux-gnu.so
[34.398s] -- Installing: /home/uwr/microROS_AUV/install/shape_msgs/local/lib/python3.10/dist-packages/shape_msgs/_shape_msgs_s.ep.rosidl_typesupport_fastrtps_c.c
[34.398s] -- Installing: /home/uwr/microROS_AUV/install/shape_msgs/local/lib/python3.10/dist-packages/shape_msgs/_shape_msgs_s.ep.rosidl_typesupport_microxrcedds_c.c
[34.399s] -- Installing: /home/uwr/microROS_AUV/install/shape_msgs/local/lib/python3.10/dist-packages/shape_msgs/msg
[34.399s] -- Installing: /home/uwr/microROS_AUV/install/shape_msgs/local/lib/python3.10/dist-packages/shape_msgs/msg/_mesh_triangle_s.c
[34.399s] -- Installing: /home/uwr/microROS_AUV/install/shape_msgs/local/lib/python3.10/dist-packages/shape_msgs/msg/_mesh_s.c
[34.399s] -- Installing: /home/uwr/microROS_AUV/install/shape_msgs/local/lib/python3.10/dist-packages/shape_msgs/msg/_solid_primitive_s.c
[34.400s] -- Installing: /home/uwr/microROS_AUV/install/shape_msgs/local/lib/python3.10/dist-packages/shape_msgs/msg/_plane_s.c
[34.400s] -- Installing: /home/uwr/microROS_AUV/install/shape_msgs/local/lib/python3.10/dist-packages/shape_msgs/msg/_solid_primitive.py
[34.400s] -- Installing: /home/uwr/microROS_AUV/install/shape_msgs/local/lib/python3.10/dist-packages/shape_msgs/msg/_plane.py
[34.400s] -- Installing: /home/uwr/microROS_AUV/install/shape_msgs/local/lib/python3.10/dist-packages/shape_msgs/msg/__init__.py
[34.400s] -- Installing: /home/uwr/microROS_AUV/install/shape_msgs/local/lib/python3.10/dist-packages/shape_msgs/msg/_mesh_triangle.py
[34.401s] -- Installing: /home/uwr/microROS_AUV/install/shape_msgs/local/lib/python3.10/dist-packages/shape_msgs/msg/_mesh.py
[34.401s] -- Installing: /home/uwr/microROS_AUV/install/shape_msgs/local/lib/python3.10/dist-packages/shape_msgs/shape_msgs_s__rosidl_typesupport_c.cpython-310-x86_64-linux-gnu.so
[34.401s] -- Installing: /home/uwr/microROS_AUV/install/shape_msgs/local/lib/python3.10/dist-packages/shape_msgs/__init__.py
[34.401s] -- Installing: /home/uwr/microROS_AUV/install/shape_msgs/local/lib/python3.10/dist-packages/shape_msgs/shape_msgs_s__rosidl_typesupport_fastrtps_c.cpython-310-x86_64-linux-gnu.so
[34.495s] Listing '/home/uwr/microROS_AUV/install/shape_msgs/local/lib/python3.10/dist-packages/shape_msgs'...
[34.496s] Compiling '/home/uwr/microROS_AUV/install/shape_msgs/local/lib/python3.10/dist-packages/shape_msgs/__init__.py'...
[34.496s] Listing '/home/uwr/microROS_AUV/install/shape_msgs/local/lib/python3.10/dist-packages/shape_msgs/msg'...
[34.496s] Compiling '/home/uwr/microROS_AUV/install/shape_msgs/local/lib/python3.10/dist-packages/shape_msgs/msg/__init__.py'...
[34.496s] Compiling '/home/uwr/microROS_AUV/install/shape_msgs/local/lib/python3.10/dist-packages/shape_msgs/msg/_mesh.py'...
[34.496s] Compiling '/home/uwr/microROS_AUV/install/shape_msgs/local/lib/python3.10/dist-packages/shape_msgs/msg/_mesh_triangle.py'...
[34.496s] Compiling '/home/uwr/microROS_AUV/install/shape_msgs/local/lib/python3.10/dist-packages/shape_msgs/msg/_plane.py'...
[34.497s] Compiling '/home/uwr/microROS_AUV/install/shape_msgs/local/lib/python3.10/dist-packages/shape_msgs/msg/_solid_primitive.py'...
[34.504s] -- Installing: /home/uwr/microROS_AUV/install/shape_msgs/local/lib/python3.10/dist-packages/shape_msgs/shape_msgs_s__rosidl_typesupport_microxrcedds_c.cpython-310-x86_64-linux-gnu.so
[34.505s] -- Set runtime path of "/home/uwr/microROS_AUV/install/shape_msgs/local/lib/python3.10/dist-packages/shape_msgs/shape_msgs_s__rosidl_typesupport_microxrcedds_c.cpython-310-x86_64-linux-gnu.so" to ""
[34.505s] -- Installing: /home/uwr/microROS_AUV/install/shape_msgs/local/lib/python3.10/dist-packages/shape_msgs/shape_msgs_s__rosidl_typesupport_fastrtps_c.cpython-310-x86_64-linux-gnu.so
[34.506s] -- Set runtime path of "/home/uwr/microROS_AUV/install/shape_msgs/local/lib/python3.10/dist-packages/shape_msgs/shape_msgs_s__rosidl_typesupport_fastrtps_c.cpython-310-x86_64-linux-gnu.so" to ""
[34.506s] -- Installing: /home/uwr/microROS_AUV/install/shape_msgs/local/lib/python3.10/dist-packages/shape_msgs/shape_msgs_s__rosidl_typesupport_introspection_c.cpython-310-x86_64-linux-gnu.so
[34.506s] -- Set runtime path of "/home/uwr/microROS_AUV/install/shape_msgs/local/lib/python3.10/dist-packages/shape_msgs/shape_msgs_s__rosidl_typesupport_introspection_c.cpython-310-x86_64-linux-gnu.so" to ""
[34.507s] -- Installing: /home/uwr/microROS_AUV/install/shape_msgs/local/lib/python3.10/dist-packages/shape_msgs/shape_msgs_s__rosidl_typesupport_c.cpython-310-x86_64-linux-gnu.so
[34.507s] -- Set runtime path of "/home/uwr/microROS_AUV/install/shape_msgs/local/lib/python3.10/dist-packages/shape_msgs/shape_msgs_s__rosidl_typesupport_c.cpython-310-x86_64-linux-gnu.so" to ""
[34.508s] -- Installing: /home/uwr/microROS_AUV/install/shape_msgs/lib/libshape_msgs__rosidl_generator_py.so
[34.508s] -- Set runtime path of "/home/uwr/microROS_AUV/install/shape_msgs/lib/libshape_msgs__rosidl_generator_py.so" to ""
[34.509s] -- Installing: /home/uwr/microROS_AUV/install/shape_msgs/share/shape_msgs/msg/Mesh.idl
[34.509s] -- Installing: /home/uwr/microROS_AUV/install/shape_msgs/share/shape_msgs/msg/MeshTriangle.idl
[34.509s] -- Installing: /home/uwr/microROS_AUV/install/shape_msgs/share/shape_msgs/msg/Plane.idl
[34.510s] -- Installing: /home/uwr/microROS_AUV/install/shape_msgs/share/shape_msgs/msg/SolidPrimitive.idl
[34.510s] -- Installing: /home/uwr/microROS_AUV/install/shape_msgs/share/shape_msgs/msg/Mesh.msg
[34.510s] -- Installing: /home/uwr/microROS_AUV/install/shape_msgs/share/shape_msgs/msg/MeshTriangle.msg
[34.510s] -- Installing: /home/uwr/microROS_AUV/install/shape_msgs/share/shape_msgs/msg/Plane.msg
[34.510s] -- Installing: /home/uwr/microROS_AUV/install/shape_msgs/share/shape_msgs/msg/SolidPrimitive.msg
[34.511s] -- Installing: /home/uwr/microROS_AUV/install/shape_msgs/share/ament_index/resource_index/package_run_dependencies/shape_msgs
[34.511s] -- Installing: /home/uwr/microROS_AUV/install/shape_msgs/share/ament_index/resource_index/parent_prefix_path/shape_msgs
[34.511s] -- Installing: /home/uwr/microROS_AUV/install/shape_msgs/share/shape_msgs/environment/ament_prefix_path.sh
[34.512s] -- Installing: /home/uwr/microROS_AUV/install/shape_msgs/share/shape_msgs/environment/ament_prefix_path.dsv
[34.512s] -- Installing: /home/uwr/microROS_AUV/install/shape_msgs/share/shape_msgs/environment/path.sh
[34.512s] -- Installing: /home/uwr/microROS_AUV/install/shape_msgs/share/shape_msgs/environment/path.dsv
[34.512s] -- Installing: /home/uwr/microROS_AUV/install/shape_msgs/share/shape_msgs/local_setup.bash
[34.513s] -- Installing: /home/uwr/microROS_AUV/install/shape_msgs/share/shape_msgs/local_setup.sh
[34.513s] -- Installing: /home/uwr/microROS_AUV/install/shape_msgs/share/shape_msgs/local_setup.zsh
[34.514s] -- Installing: /home/uwr/microROS_AUV/install/shape_msgs/share/shape_msgs/local_setup.dsv
[34.514s] -- Installing: /home/uwr/microROS_AUV/install/shape_msgs/share/shape_msgs/package.dsv
[34.514s] -- Installing: /home/uwr/microROS_AUV/install/shape_msgs/share/ament_index/resource_index/packages/shape_msgs
[34.514s] -- Installing: /home/uwr/microROS_AUV/install/shape_msgs/share/shape_msgs/cmake/export_shape_msgs__rosidl_generator_cExport.cmake
[34.515s] -- Installing: /home/uwr/microROS_AUV/install/shape_msgs/share/shape_msgs/cmake/export_shape_msgs__rosidl_generator_cExport-noconfig.cmake
[34.515s] -- Installing: /home/uwr/microROS_AUV/install/shape_msgs/share/shape_msgs/cmake/export_shape_msgs__rosidl_typesupport_fastrtps_cExport.cmake
[34.515s] -- Installing: /home/uwr/microROS_AUV/install/shape_msgs/share/shape_msgs/cmake/export_shape_msgs__rosidl_typesupport_fastrtps_cExport-noconfig.cmake
[34.516s] -- Installing: /home/uwr/microROS_AUV/install/shape_msgs/share/shape_msgs/cmake/export_shape_msgs__rosidl_generator_cppExport.cmake
[34.516s] -- Installing: /home/uwr/microROS_AUV/install/shape_msgs/share/shape_msgs/cmake/export_shape_msgs__rosidl_typesupport_fastrtps_cppExport.cmake
[34.516s] -- Installing: /home/uwr/microROS_AUV/install/shape_msgs/share/shape_msgs/cmake/export_shape_msgs__rosidl_typesupport_fastrtps_cppExport-noconfig.cmake
[34.517s] -- Installing: /home/uwr/microROS_AUV/install/shape_msgs/share/shape_msgs/cmake/shape_msgs__rosidl_typesupport_introspection_cExport.cmake
[34.517s] -- Installing: /home/uwr/microROS_AUV/install/shape_msgs/share/shape_msgs/cmake/shape_msgs__rosidl_typesupport_introspection_cExport-noconfig.cmake
[34.517s] -- Installing: /home/uwr/microROS_AUV/install/shape_msgs/share/shape_msgs/cmake/shape_msgs__rosidl_typesupport_cExport.cmake
[34.517s] -- Installing: /home/uwr/microROS_AUV/install/shape_msgs/share/shape_msgs/cmake/shape_msgs__rosidl_typesupport_cExport-noconfig.cmake
[34.518s] -- Installing: /home/uwr/microROS_AUV/install/shape_msgs/share/shape_msgs/cmake/shape_msgs__rosidl_typesupport_introspection_cppExport.cmake
[34.518s] -- Installing: /home/uwr/microROS_AUV/install/shape_msgs/share/shape_msgs/cmake/shape_msgs__rosidl_typesupport_introspection_cppExport-noconfig.cmake
[34.518s] -- Installing: /home/uwr/microROS_AUV/install/shape_msgs/share/shape_msgs/cmake/shape_msgs__rosidl_typesupport_cppExport.cmake
[34.519s] -- Installing: /home/uwr/microROS_AUV/install/shape_msgs/share/shape_msgs/cmake/shape_msgs__rosidl_typesupport_cppExport-noconfig.cmake
[34.519s] -- Installing: /home/uwr/microROS_AUV/install/shape_msgs/share/shape_msgs/cmake/export_shape_msgs__rosidl_generator_pyExport.cmake
[34.519s] -- Installing: /home/uwr/microROS_AUV/install/shape_msgs/share/shape_msgs/cmake/export_shape_msgs__rosidl_generator_pyExport-noconfig.cmake
[34.520s] -- Installing: /home/uwr/microROS_AUV/install/shape_msgs/share/shape_msgs/cmake/rosidl_cmake-extras.cmake
[34.520s] -- Installing: /home/uwr/microROS_AUV/install/shape_msgs/share/shape_msgs/cmake/ament_cmake_export_dependencies-extras.cmake
[34.520s] -- Installing: /home/uwr/microROS_AUV/install/shape_msgs/share/shape_msgs/cmake/ament_cmake_export_include_directories-extras.cmake
[34.521s] -- Installing: /home/uwr/microROS_AUV/install/shape_msgs/share/shape_msgs/cmake/ament_cmake_export_libraries-extras.cmake
[34.521s] -- Installing: /home/uwr/microROS_AUV/install/shape_msgs/share/shape_msgs/cmake/ament_cmake_export_targets-extras.cmake
[34.521s] -- Installing: /home/uwr/microROS_AUV/install/shape_msgs/share/shape_msgs/cmake/rosidl_cmake_export_typesupport_targets-extras.cmake
[34.521s] -- Installing: /home/uwr/microROS_AUV/install/shape_msgs/share/shape_msgs/cmake/rosidl_cmake_export_typesupport_libraries-extras.cmake
[34.522s] -- Installing: /home/uwr/microROS_AUV/install/shape_msgs/share/shape_msgs/cmake/shape_msgsConfig.cmake
[34.522s] -- Installing: /home/uwr/microROS_AUV/install/shape_msgs/share/shape_msgs/cmake/shape_msgsConfig-version.cmake
[34.522s] -- Installing: /home/uwr/microROS_AUV/install/shape_msgs/share/shape_msgs/package.xml
[34.528s] Invoked command in '/home/uwr/microROS_AUV/build/shape_msgs' returned '0': AMENT_PREFIX_PATH=/home/uwr/microROS_AUV/install/geometry_msgs:/home/uwr/microROS_AUV/install/std_msgs:${AMENT_PREFIX_PATH} CMAKE_PREFIX_PATH=/home/uwr/microROS_AUV/install/geometry_msgs:/home/uwr/microROS_AUV/install/std_msgs:/home/uwr/microROS_AUV/install/builtin_interfaces:/home/uwr/microROS_AUV/install/action_msgs:/home/uwr/microROS_AUV/install/unique_identifier_msgs:/home/uwr/microROS_AUV/install/std_srvs:/home/uwr/microROS_AUV/install/rosidl_typesupport_microxrcedds_test_msg:/home/uwr/microROS_AUV/install/rosidl_typesupport_microxrcedds_cpp_tests:/home/uwr/microROS_AUV/install/rmw_microxrcedds:/home/uwr/microROS_AUV/install/rosidl_typesupport_microxrcedds_cpp:/home/uwr/microROS_AUV/install/rosidl_typesupport_microxrcedds_c_tests:/home/uwr/microROS_AUV/install/rosidl_typesupport_microxrcedds_c:/home/uwr/microROS_AUV/install/rosgraph_msgs:/home/uwr/microROS_AUV/install/microxrcedds_client:/home/uwr/microROS_AUV/install/microcdr:/home/uwr/microROS_AUV/install/micro_ros_utilities:/home/uwr/microROS_AUV/install/micro_ros_msgs:/home/uwr/microROS_AUV/install/lifecycle_msgs:/home/uwr/microROS_AUV/install/complex_msgs:/home/uwr/microROS_AUV/install/micro_ros_setup:/home/uwr/microROS_AUV/install/custom_interfaces:/home/uwr/Desktop/2024_UWR/install/kalman_filter:/home/uwr/Desktop/2024_UWR/install/sonar_msgs:/home/uwr/Desktop/2024_UWR/install/ros2-driver:/home/uwr/Desktop/2024_UWR/install/oculus_interfaces:/home/uwr/Desktop/2024_UWR/install/ntrip:/home/uwr/Desktop/2024_UWR/install/adnav-driver:/home/uwr/fls_ws/install/oculus_interfaces:/home/uwr/microROS_AUV/install/statistics_msgs:/home/uwr/microROS_AUV/install/control_pkg:/home/uwr/Desktop/2024_UWR/install/sonar_subs:/opt/ros/humble LD_LIBRARY_PATH=/home/uwr/microROS_AUV/install/geometry_msgs/lib:/home/uwr/microROS_AUV/install/std_msgs/lib:/home/uwr/microROS_AUV/install/builtin_interfaces/lib:/home/uwr/microROS_AUV/install/action_msgs/lib:/home/uwr/microROS_AUV/install/unique_identifier_msgs/lib:/home/uwr/microROS_AUV/install/std_srvs/lib:/home/uwr/microROS_AUV/install/statistics_msgs/lib:/home/uwr/microROS_AUV/install/rmw_microxrcedds/lib:/home/uwr/microROS_AUV/install/rosidl_typesupport_microxrcedds_cpp/lib:/home/uwr/microROS_AUV/install/rosidl_typesupport_microxrcedds_c/lib:/home/uwr/microROS_AUV/install/rosgraph_msgs/lib:/home/uwr/microROS_AUV/install/microxrcedds_client/lib:/home/uwr/microROS_AUV/install/microcdr/lib:/home/uwr/microROS_AUV/install/micro_ros_utilities/lib:/home/uwr/microROS_AUV/install/micro_ros_msgs/lib:/home/uwr/microROS_AUV/install/lifecycle_msgs/lib:/home/uwr/microROS_AUV/install/complex_msgs/lib:/home/uwr/microROS_AUV/install/custom_interfaces/lib:/home/uwr/oculus_driver/install/lib:/home/uwr/Desktop/2024_UWR/install/sonar_msgs/lib:/home/uwr/Desktop/2024_UWR/install/oculus_interfaces/lib:/home/uwr/fls_ws/install/oculus_interfaces/lib:/opt/ros/humble/opt/rviz_ogre_vendor/lib:/opt/ros/humble/lib/x86_64-linux-gnu:/opt/ros/humble/lib PYTHONPATH=/home/uwr/microROS_AUV/install/geometry_msgs/local/lib/python3.10/dist-packages:/home/uwr/microROS_AUV/install/std_msgs/local/lib/python3.10/dist-packages:${PYTHONPATH} /usr/bin/cmake --install /home/uwr/microROS_AUV/build/shape_msgs
