[35m[1mConsolidate compiler generated dependencies of target lifecycle_msgs__rosidl_generator_c[0m
[ 10%] Built target lifecycle_msgs__rosidl_generator_c
[ 10%] Built target lifecycle_msgs__cpp
[ 10%] Built target ament_cmake_python_copy_lifecycle_msgs
[35m[1mConsolidate compiler generated dependencies of target lifecycle_msgs__rosidl_typesupport_microxrcedds_c[0m
[35m[1mConsolidate compiler generated dependencies of target lifecycle_msgs__rosidl_typesupport_fastrtps_c[0m
[35m[1mConsolidate compiler generated dependencies of target lifecycle_msgs__rosidl_typesupport_c[0m
[35m[1mConsolidate compiler generated dependencies of target lifecycle_msgs__rosidl_typesupport_cpp[0m
[35m[1mConsolidate compiler generated dependencies of target lifecycle_msgs__rosidl_typesupport_microxrcedds_cpp[0m
[35m[1mConsolidate compiler generated dependencies of target lifecycle_msgs__rosidl_typesupport_introspection_cpp[0m
[35m[1mConsolidate compiler generated dependencies of target lifecycle_msgs__rosidl_typesupport_introspection_c[0m
[35m[1mConsolidate compiler generated dependencies of target lifecycle_msgs__rosidl_typesupport_fastrtps_cpp[0m
[ 19%] Built target lifecycle_msgs__rosidl_typesupport_microxrcedds_c
[ 28%] Built target lifecycle_msgs__rosidl_typesupport_c
[ 37%] Built target lifecycle_msgs__rosidl_typesupport_cpp
[ 46%] Built target lifecycle_msgs__rosidl_typesupport_fastrtps_c
[ 67%] Built target lifecycle_msgs__rosidl_typesupport_introspection_c
[ 70%] Built target lifecycle_msgs__rosidl_typesupport_introspection_cpp
[ 73%] Built target lifecycle_msgs__rosidl_typesupport_fastrtps_cpp
[ 83%] Built target lifecycle_msgs__rosidl_typesupport_microxrcedds_cpp
[ 83%] Built target lifecycle_msgs
[ 84%] Built target lifecycle_msgs__py
[35m[1mConsolidate compiler generated dependencies of target lifecycle_msgs__rosidl_generator_py[0m
[ 92%] Built target lifecycle_msgs__rosidl_generator_py
[35m[1mConsolidate compiler generated dependencies of target lifecycle_msgs__rosidl_typesupport_c__pyext[0m
[35m[1mConsolidate compiler generated dependencies of target lifecycle_msgs__rosidl_typesupport_fastrtps_c__pyext[0m
[35m[1mConsolidate compiler generated dependencies of target lifecycle_msgs__rosidl_typesupport_microxrcedds_c__pyext[0m
[35m[1mConsolidate compiler generated dependencies of target lifecycle_msgs__rosidl_typesupport_introspection_c__pyext[0m
[ 94%] Built target lifecycle_msgs__rosidl_typesupport_c__pyext
[ 96%] Built target lifecycle_msgs__rosidl_typesupport_microxrcedds_c__pyext
[ 98%] Built target lifecycle_msgs__rosidl_typesupport_fastrtps_c__pyext
[100%] Built target lifecycle_msgs__rosidl_typesupport_introspection_c__pyext
running egg_info
writing lifecycle_msgs.egg-info/PKG-INFO
writing dependency_links to lifecycle_msgs.egg-info/dependency_links.txt
writing top-level names to lifecycle_msgs.egg-info/top_level.txt
reading manifest file 'lifecycle_msgs.egg-info/SOURCES.txt'
writing manifest file 'lifecycle_msgs.egg-info/SOURCES.txt'
[100%] Built target ament_cmake_python_build_lifecycle_msgs_egg
-- Install configuration: ""
-- Installing: /home/uwr/microROS_AUV/install/lifecycle_msgs/share/ament_index/resource_index/rosidl_interfaces/lifecycle_msgs
-- Installing: /home/uwr/microROS_AUV/install/lifecycle_msgs/include/lifecycle_msgs/lifecycle_msgs
-- Installing: /home/uwr/microROS_AUV/install/lifecycle_msgs/include/lifecycle_msgs/lifecycle_msgs/msg
-- Installing: /home/uwr/microROS_AUV/install/lifecycle_msgs/include/lifecycle_msgs/lifecycle_msgs/msg/rosidl_generator_c__visibility_control.h
-- Installing: /home/uwr/microROS_AUV/install/lifecycle_msgs/include/lifecycle_msgs/lifecycle_msgs/msg/transition_description.h
-- Installing: /home/uwr/microROS_AUV/install/lifecycle_msgs/include/lifecycle_msgs/lifecycle_msgs/msg/transition.h
-- Installing: /home/uwr/microROS_AUV/install/lifecycle_msgs/include/lifecycle_msgs/lifecycle_msgs/msg/detail
-- Installing: /home/uwr/microROS_AUV/install/lifecycle_msgs/include/lifecycle_msgs/lifecycle_msgs/msg/detail/state__functions.h
-- Installing: /home/uwr/microROS_AUV/install/lifecycle_msgs/include/lifecycle_msgs/lifecycle_msgs/msg/detail/transition_description__type_support.h
-- Installing: /home/uwr/microROS_AUV/install/lifecycle_msgs/include/lifecycle_msgs/lifecycle_msgs/msg/detail/transition_event__functions.h
-- Installing: /home/uwr/microROS_AUV/install/lifecycle_msgs/include/lifecycle_msgs/lifecycle_msgs/msg/detail/transition_event__struct.h
-- Installing: /home/uwr/microROS_AUV/install/lifecycle_msgs/include/lifecycle_msgs/lifecycle_msgs/msg/detail/state__type_support.h
-- Installing: /home/uwr/microROS_AUV/install/lifecycle_msgs/include/lifecycle_msgs/lifecycle_msgs/msg/detail/state__struct.h
-- Installing: /home/uwr/microROS_AUV/install/lifecycle_msgs/include/lifecycle_msgs/lifecycle_msgs/msg/detail/transition__functions.c
-- Installing: /home/uwr/microROS_AUV/install/lifecycle_msgs/include/lifecycle_msgs/lifecycle_msgs/msg/detail/transition__functions.h
-- Installing: /home/uwr/microROS_AUV/install/lifecycle_msgs/include/lifecycle_msgs/lifecycle_msgs/msg/detail/transition_event__functions.c
-- Installing: /home/uwr/microROS_AUV/install/lifecycle_msgs/include/lifecycle_msgs/lifecycle_msgs/msg/detail/transition_description__functions.h
-- Installing: /home/uwr/microROS_AUV/install/lifecycle_msgs/include/lifecycle_msgs/lifecycle_msgs/msg/detail/transition_event__type_support.h
-- Installing: /home/uwr/microROS_AUV/install/lifecycle_msgs/include/lifecycle_msgs/lifecycle_msgs/msg/detail/transition__struct.h
-- Installing: /home/uwr/microROS_AUV/install/lifecycle_msgs/include/lifecycle_msgs/lifecycle_msgs/msg/detail/transition_description__struct.h
-- Installing: /home/uwr/microROS_AUV/install/lifecycle_msgs/include/lifecycle_msgs/lifecycle_msgs/msg/detail/transition_description__functions.c
-- Installing: /home/uwr/microROS_AUV/install/lifecycle_msgs/include/lifecycle_msgs/lifecycle_msgs/msg/detail/transition__type_support.h
-- Installing: /home/uwr/microROS_AUV/install/lifecycle_msgs/include/lifecycle_msgs/lifecycle_msgs/msg/detail/state__functions.c
-- Installing: /home/uwr/microROS_AUV/install/lifecycle_msgs/include/lifecycle_msgs/lifecycle_msgs/msg/state.h
-- Installing: /home/uwr/microROS_AUV/install/lifecycle_msgs/include/lifecycle_msgs/lifecycle_msgs/msg/transition_event.h
-- Installing: /home/uwr/microROS_AUV/install/lifecycle_msgs/include/lifecycle_msgs/lifecycle_msgs/srv
-- Installing: /home/uwr/microROS_AUV/install/lifecycle_msgs/include/lifecycle_msgs/lifecycle_msgs/srv/get_available_transitions.h
-- Installing: /home/uwr/microROS_AUV/install/lifecycle_msgs/include/lifecycle_msgs/lifecycle_msgs/srv/get_state.h
-- Installing: /home/uwr/microROS_AUV/install/lifecycle_msgs/include/lifecycle_msgs/lifecycle_msgs/srv/detail
-- Installing: /home/uwr/microROS_AUV/install/lifecycle_msgs/include/lifecycle_msgs/lifecycle_msgs/srv/detail/change_state__functions.h
-- Installing: /home/uwr/microROS_AUV/install/lifecycle_msgs/include/lifecycle_msgs/lifecycle_msgs/srv/detail/get_available_transitions__functions.h
-- Installing: /home/uwr/microROS_AUV/install/lifecycle_msgs/include/lifecycle_msgs/lifecycle_msgs/srv/detail/get_available_transitions__functions.c
-- Installing: /home/uwr/microROS_AUV/install/lifecycle_msgs/include/lifecycle_msgs/lifecycle_msgs/srv/detail/get_available_states__type_support.h
-- Installing: /home/uwr/microROS_AUV/install/lifecycle_msgs/include/lifecycle_msgs/lifecycle_msgs/srv/detail/get_available_transitions__struct.h
-- Installing: /home/uwr/microROS_AUV/install/lifecycle_msgs/include/lifecycle_msgs/lifecycle_msgs/srv/detail/change_state__struct.h
-- Installing: /home/uwr/microROS_AUV/install/lifecycle_msgs/include/lifecycle_msgs/lifecycle_msgs/srv/detail/get_available_states__struct.h
-- Installing: /home/uwr/microROS_AUV/install/lifecycle_msgs/include/lifecycle_msgs/lifecycle_msgs/srv/detail/change_state__type_support.h
-- Installing: /home/uwr/microROS_AUV/install/lifecycle_msgs/include/lifecycle_msgs/lifecycle_msgs/srv/detail/get_available_transitions__type_support.h
-- Installing: /home/uwr/microROS_AUV/install/lifecycle_msgs/include/lifecycle_msgs/lifecycle_msgs/srv/detail/change_state__functions.c
-- Installing: /home/uwr/microROS_AUV/install/lifecycle_msgs/include/lifecycle_msgs/lifecycle_msgs/srv/detail/get_state__functions.c
-- Installing: /home/uwr/microROS_AUV/install/lifecycle_msgs/include/lifecycle_msgs/lifecycle_msgs/srv/detail/get_state__struct.h
-- Installing: /home/uwr/microROS_AUV/install/lifecycle_msgs/include/lifecycle_msgs/lifecycle_msgs/srv/detail/get_state__type_support.h
-- Installing: /home/uwr/microROS_AUV/install/lifecycle_msgs/include/lifecycle_msgs/lifecycle_msgs/srv/detail/get_available_states__functions.c
-- Installing: /home/uwr/microROS_AUV/install/lifecycle_msgs/include/lifecycle_msgs/lifecycle_msgs/srv/detail/get_state__functions.h
-- Installing: /home/uwr/microROS_AUV/install/lifecycle_msgs/include/lifecycle_msgs/lifecycle_msgs/srv/detail/get_available_states__functions.h
-- Installing: /home/uwr/microROS_AUV/install/lifecycle_msgs/include/lifecycle_msgs/lifecycle_msgs/srv/change_state.h
-- Installing: /home/uwr/microROS_AUV/install/lifecycle_msgs/include/lifecycle_msgs/lifecycle_msgs/srv/get_available_states.h
-- Installing: /home/uwr/microROS_AUV/install/lifecycle_msgs/share/lifecycle_msgs/environment/library_path.sh
-- Installing: /home/uwr/microROS_AUV/install/lifecycle_msgs/share/lifecycle_msgs/environment/library_path.dsv
-- Installing: /home/uwr/microROS_AUV/install/lifecycle_msgs/lib/liblifecycle_msgs__rosidl_generator_c.so
-- Set runtime path of "/home/uwr/microROS_AUV/install/lifecycle_msgs/lib/liblifecycle_msgs__rosidl_generator_c.so" to ""
-- Up-to-date: /home/uwr/microROS_AUV/install/lifecycle_msgs/include/lifecycle_msgs
-- Installing: /home/uwr/microROS_AUV/install/lifecycle_msgs/include/lifecycle_msgs/msg
-- Installing: /home/uwr/microROS_AUV/install/lifecycle_msgs/include/lifecycle_msgs/msg/rosidl_typesupport_microxrcedds_c__visibility_control.h
-- Installing: /home/uwr/microROS_AUV/install/lifecycle_msgs/include/lifecycle_msgs/msg/detail
-- Installing: /home/uwr/microROS_AUV/install/lifecycle_msgs/include/lifecycle_msgs/msg/detail/transition_description__rosidl_typesupport_microxrcedds_c.h
-- Installing: /home/uwr/microROS_AUV/install/lifecycle_msgs/include/lifecycle_msgs/msg/detail/transition__rosidl_typesupport_microxrcedds_c.h
-- Installing: /home/uwr/microROS_AUV/install/lifecycle_msgs/include/lifecycle_msgs/msg/detail/transition_event__rosidl_typesupport_microxrcedds_c.h
-- Installing: /home/uwr/microROS_AUV/install/lifecycle_msgs/include/lifecycle_msgs/msg/detail/state__rosidl_typesupport_microxrcedds_c.h
-- Installing: /home/uwr/microROS_AUV/install/lifecycle_msgs/include/lifecycle_msgs/msg/detail/microxrcedds
-- Installing: /home/uwr/microROS_AUV/install/lifecycle_msgs/include/lifecycle_msgs/srv
-- Installing: /home/uwr/microROS_AUV/install/lifecycle_msgs/include/lifecycle_msgs/srv/detail
-- Installing: /home/uwr/microROS_AUV/install/lifecycle_msgs/include/lifecycle_msgs/srv/detail/get_available_states__rosidl_typesupport_microxrcedds_c.h
-- Installing: /home/uwr/microROS_AUV/install/lifecycle_msgs/include/lifecycle_msgs/srv/detail/get_available_transitions__rosidl_typesupport_microxrcedds_c.h
-- Installing: /home/uwr/microROS_AUV/install/lifecycle_msgs/include/lifecycle_msgs/srv/detail/get_state__rosidl_typesupport_microxrcedds_c.h
-- Installing: /home/uwr/microROS_AUV/install/lifecycle_msgs/include/lifecycle_msgs/srv/detail/change_state__rosidl_typesupport_microxrcedds_c.h
-- Installing: /home/uwr/microROS_AUV/install/lifecycle_msgs/include/lifecycle_msgs/srv/detail/microxrcedds
-- Installing: /home/uwr/microROS_AUV/install/lifecycle_msgs/lib/liblifecycle_msgs__rosidl_typesupport_microxrcedds_c.so
-- Set runtime path of "/home/uwr/microROS_AUV/install/lifecycle_msgs/lib/liblifecycle_msgs__rosidl_typesupport_microxrcedds_c.so" to ""
-- Up-to-date: /home/uwr/microROS_AUV/install/lifecycle_msgs/include/lifecycle_msgs/lifecycle_msgs
-- Up-to-date: /home/uwr/microROS_AUV/install/lifecycle_msgs/include/lifecycle_msgs/lifecycle_msgs/msg
-- Up-to-date: /home/uwr/microROS_AUV/install/lifecycle_msgs/include/lifecycle_msgs/lifecycle_msgs/msg/detail
-- Installing: /home/uwr/microROS_AUV/install/lifecycle_msgs/include/lifecycle_msgs/lifecycle_msgs/msg/detail/state__rosidl_typesupport_fastrtps_c.h
-- Installing: /home/uwr/microROS_AUV/install/lifecycle_msgs/include/lifecycle_msgs/lifecycle_msgs/msg/detail/transition_description__rosidl_typesupport_fastrtps_c.h
-- Installing: /home/uwr/microROS_AUV/install/lifecycle_msgs/include/lifecycle_msgs/lifecycle_msgs/msg/detail/transition_event__rosidl_typesupport_fastrtps_c.h
-- Installing: /home/uwr/microROS_AUV/install/lifecycle_msgs/include/lifecycle_msgs/lifecycle_msgs/msg/detail/transition__rosidl_typesupport_fastrtps_c.h
-- Installing: /home/uwr/microROS_AUV/install/lifecycle_msgs/include/lifecycle_msgs/lifecycle_msgs/msg/rosidl_typesupport_fastrtps_c__visibility_control.h
-- Up-to-date: /home/uwr/microROS_AUV/install/lifecycle_msgs/include/lifecycle_msgs/lifecycle_msgs/srv
-- Up-to-date: /home/uwr/microROS_AUV/install/lifecycle_msgs/include/lifecycle_msgs/lifecycle_msgs/srv/detail
-- Installing: /home/uwr/microROS_AUV/install/lifecycle_msgs/include/lifecycle_msgs/lifecycle_msgs/srv/detail/get_available_transitions__rosidl_typesupport_fastrtps_c.h
-- Installing: /home/uwr/microROS_AUV/install/lifecycle_msgs/include/lifecycle_msgs/lifecycle_msgs/srv/detail/get_state__rosidl_typesupport_fastrtps_c.h
-- Installing: /home/uwr/microROS_AUV/install/lifecycle_msgs/include/lifecycle_msgs/lifecycle_msgs/srv/detail/change_state__rosidl_typesupport_fastrtps_c.h
-- Installing: /home/uwr/microROS_AUV/install/lifecycle_msgs/include/lifecycle_msgs/lifecycle_msgs/srv/detail/get_available_states__rosidl_typesupport_fastrtps_c.h
-- Installing: /home/uwr/microROS_AUV/install/lifecycle_msgs/lib/liblifecycle_msgs__rosidl_typesupport_fastrtps_c.so
-- Set runtime path of "/home/uwr/microROS_AUV/install/lifecycle_msgs/lib/liblifecycle_msgs__rosidl_typesupport_fastrtps_c.so" to ""
-- Up-to-date: /home/uwr/microROS_AUV/install/lifecycle_msgs/include/lifecycle_msgs/lifecycle_msgs
-- Up-to-date: /home/uwr/microROS_AUV/install/lifecycle_msgs/include/lifecycle_msgs/lifecycle_msgs/msg
-- Installing: /home/uwr/microROS_AUV/install/lifecycle_msgs/include/lifecycle_msgs/lifecycle_msgs/msg/rosidl_typesupport_introspection_c__visibility_control.h
-- Up-to-date: /home/uwr/microROS_AUV/install/lifecycle_msgs/include/lifecycle_msgs/lifecycle_msgs/msg/detail
-- Installing: /home/uwr/microROS_AUV/install/lifecycle_msgs/include/lifecycle_msgs/lifecycle_msgs/msg/detail/state__type_support.c
-- Installing: /home/uwr/microROS_AUV/install/lifecycle_msgs/include/lifecycle_msgs/lifecycle_msgs/msg/detail/transition__rosidl_typesupport_introspection_c.h
-- Installing: /home/uwr/microROS_AUV/install/lifecycle_msgs/include/lifecycle_msgs/lifecycle_msgs/msg/detail/transition_description__rosidl_typesupport_introspection_c.h
-- Installing: /home/uwr/microROS_AUV/install/lifecycle_msgs/include/lifecycle_msgs/lifecycle_msgs/msg/detail/transition_description__type_support.c
-- Installing: /home/uwr/microROS_AUV/install/lifecycle_msgs/include/lifecycle_msgs/lifecycle_msgs/msg/detail/state__rosidl_typesupport_introspection_c.h
-- Installing: /home/uwr/microROS_AUV/install/lifecycle_msgs/include/lifecycle_msgs/lifecycle_msgs/msg/detail/transition_event__rosidl_typesupport_introspection_c.h
-- Installing: /home/uwr/microROS_AUV/install/lifecycle_msgs/include/lifecycle_msgs/lifecycle_msgs/msg/detail/transition__type_support.c
-- Installing: /home/uwr/microROS_AUV/install/lifecycle_msgs/include/lifecycle_msgs/lifecycle_msgs/msg/detail/transition_event__type_support.c
-- Up-to-date: /home/uwr/microROS_AUV/install/lifecycle_msgs/include/lifecycle_msgs/lifecycle_msgs/srv
-- Up-to-date: /home/uwr/microROS_AUV/install/lifecycle_msgs/include/lifecycle_msgs/lifecycle_msgs/srv/detail
-- Installing: /home/uwr/microROS_AUV/install/lifecycle_msgs/include/lifecycle_msgs/lifecycle_msgs/srv/detail/change_state__type_support.c
-- Installing: /home/uwr/microROS_AUV/install/lifecycle_msgs/include/lifecycle_msgs/lifecycle_msgs/srv/detail/get_state__rosidl_typesupport_introspection_c.h
-- Installing: /home/uwr/microROS_AUV/install/lifecycle_msgs/include/lifecycle_msgs/lifecycle_msgs/srv/detail/get_available_transitions__type_support.c
-- Installing: /home/uwr/microROS_AUV/install/lifecycle_msgs/include/lifecycle_msgs/lifecycle_msgs/srv/detail/get_available_states__rosidl_typesupport_introspection_c.h
-- Installing: /home/uwr/microROS_AUV/install/lifecycle_msgs/include/lifecycle_msgs/lifecycle_msgs/srv/detail/get_available_states__type_support.c
-- Installing: /home/uwr/microROS_AUV/install/lifecycle_msgs/include/lifecycle_msgs/lifecycle_msgs/srv/detail/get_state__type_support.c
-- Installing: /home/uwr/microROS_AUV/install/lifecycle_msgs/include/lifecycle_msgs/lifecycle_msgs/srv/detail/get_available_transitions__rosidl_typesupport_introspection_c.h
-- Installing: /home/uwr/microROS_AUV/install/lifecycle_msgs/include/lifecycle_msgs/lifecycle_msgs/srv/detail/change_state__rosidl_typesupport_introspection_c.h
-- Installing: /home/uwr/microROS_AUV/install/lifecycle_msgs/lib/liblifecycle_msgs__rosidl_typesupport_introspection_c.so
-- Set runtime path of "/home/uwr/microROS_AUV/install/lifecycle_msgs/lib/liblifecycle_msgs__rosidl_typesupport_introspection_c.so" to ""
-- Installing: /home/uwr/microROS_AUV/install/lifecycle_msgs/lib/liblifecycle_msgs__rosidl_typesupport_c.so
-- Set runtime path of "/home/uwr/microROS_AUV/install/lifecycle_msgs/lib/liblifecycle_msgs__rosidl_typesupport_c.so" to ""
-- Up-to-date: /home/uwr/microROS_AUV/install/lifecycle_msgs/include/lifecycle_msgs/lifecycle_msgs
-- Up-to-date: /home/uwr/microROS_AUV/install/lifecycle_msgs/include/lifecycle_msgs/lifecycle_msgs/msg
-- Installing: /home/uwr/microROS_AUV/install/lifecycle_msgs/include/lifecycle_msgs/lifecycle_msgs/msg/state.hpp
-- Up-to-date: /home/uwr/microROS_AUV/install/lifecycle_msgs/include/lifecycle_msgs/lifecycle_msgs/msg/detail
-- Installing: /home/uwr/microROS_AUV/install/lifecycle_msgs/include/lifecycle_msgs/lifecycle_msgs/msg/detail/state__struct.hpp
-- Installing: /home/uwr/microROS_AUV/install/lifecycle_msgs/include/lifecycle_msgs/lifecycle_msgs/msg/detail/state__builder.hpp
-- Installing: /home/uwr/microROS_AUV/install/lifecycle_msgs/include/lifecycle_msgs/lifecycle_msgs/msg/detail/transition_description__traits.hpp
-- Installing: /home/uwr/microROS_AUV/install/lifecycle_msgs/include/lifecycle_msgs/lifecycle_msgs/msg/detail/transition__traits.hpp
-- Installing: /home/uwr/microROS_AUV/install/lifecycle_msgs/include/lifecycle_msgs/lifecycle_msgs/msg/detail/transition_event__traits.hpp
-- Installing: /home/uwr/microROS_AUV/install/lifecycle_msgs/include/lifecycle_msgs/lifecycle_msgs/msg/detail/transition__builder.hpp
-- Installing: /home/uwr/microROS_AUV/install/lifecycle_msgs/include/lifecycle_msgs/lifecycle_msgs/msg/detail/state__traits.hpp
-- Installing: /home/uwr/microROS_AUV/install/lifecycle_msgs/include/lifecycle_msgs/lifecycle_msgs/msg/detail/transition_event__builder.hpp
-- Installing: /home/uwr/microROS_AUV/install/lifecycle_msgs/include/lifecycle_msgs/lifecycle_msgs/msg/detail/transition_description__builder.hpp
-- Installing: /home/uwr/microROS_AUV/install/lifecycle_msgs/include/lifecycle_msgs/lifecycle_msgs/msg/detail/transition_description__struct.hpp
-- Installing: /home/uwr/microROS_AUV/install/lifecycle_msgs/include/lifecycle_msgs/lifecycle_msgs/msg/detail/transition__struct.hpp
-- Installing: /home/uwr/microROS_AUV/install/lifecycle_msgs/include/lifecycle_msgs/lifecycle_msgs/msg/detail/transition_event__struct.hpp
-- Installing: /home/uwr/microROS_AUV/install/lifecycle_msgs/include/lifecycle_msgs/lifecycle_msgs/msg/transition_description.hpp
-- Installing: /home/uwr/microROS_AUV/install/lifecycle_msgs/include/lifecycle_msgs/lifecycle_msgs/msg/transition_event.hpp
-- Installing: /home/uwr/microROS_AUV/install/lifecycle_msgs/include/lifecycle_msgs/lifecycle_msgs/msg/transition.hpp
-- Up-to-date: /home/uwr/microROS_AUV/install/lifecycle_msgs/include/lifecycle_msgs/lifecycle_msgs/srv
-- Installing: /home/uwr/microROS_AUV/install/lifecycle_msgs/include/lifecycle_msgs/lifecycle_msgs/srv/get_state.hpp
-- Up-to-date: /home/uwr/microROS_AUV/install/lifecycle_msgs/include/lifecycle_msgs/lifecycle_msgs/srv/detail
-- Installing: /home/uwr/microROS_AUV/install/lifecycle_msgs/include/lifecycle_msgs/lifecycle_msgs/srv/detail/get_available_transitions__builder.hpp
-- Installing: /home/uwr/microROS_AUV/install/lifecycle_msgs/include/lifecycle_msgs/lifecycle_msgs/srv/detail/get_state__struct.hpp
-- Installing: /home/uwr/microROS_AUV/install/lifecycle_msgs/include/lifecycle_msgs/lifecycle_msgs/srv/detail/get_state__builder.hpp
-- Installing: /home/uwr/microROS_AUV/install/lifecycle_msgs/include/lifecycle_msgs/lifecycle_msgs/srv/detail/get_available_states__struct.hpp
-- Installing: /home/uwr/microROS_AUV/install/lifecycle_msgs/include/lifecycle_msgs/lifecycle_msgs/srv/detail/change_state__traits.hpp
-- Installing: /home/uwr/microROS_AUV/install/lifecycle_msgs/include/lifecycle_msgs/lifecycle_msgs/srv/detail/change_state__builder.hpp
-- Installing: /home/uwr/microROS_AUV/install/lifecycle_msgs/include/lifecycle_msgs/lifecycle_msgs/srv/detail/get_available_transitions__struct.hpp
-- Installing: /home/uwr/microROS_AUV/install/lifecycle_msgs/include/lifecycle_msgs/lifecycle_msgs/srv/detail/get_state__traits.hpp
-- Installing: /home/uwr/microROS_AUV/install/lifecycle_msgs/include/lifecycle_msgs/lifecycle_msgs/srv/detail/get_available_states__traits.hpp
-- Installing: /home/uwr/microROS_AUV/install/lifecycle_msgs/include/lifecycle_msgs/lifecycle_msgs/srv/detail/get_available_transitions__traits.hpp
-- Installing: /home/uwr/microROS_AUV/install/lifecycle_msgs/include/lifecycle_msgs/lifecycle_msgs/srv/detail/get_available_states__builder.hpp
-- Installing: /home/uwr/microROS_AUV/install/lifecycle_msgs/include/lifecycle_msgs/lifecycle_msgs/srv/detail/change_state__struct.hpp
-- Installing: /home/uwr/microROS_AUV/install/lifecycle_msgs/include/lifecycle_msgs/lifecycle_msgs/srv/get_available_states.hpp
-- Installing: /home/uwr/microROS_AUV/install/lifecycle_msgs/include/lifecycle_msgs/lifecycle_msgs/srv/get_available_transitions.hpp
-- Installing: /home/uwr/microROS_AUV/install/lifecycle_msgs/include/lifecycle_msgs/lifecycle_msgs/srv/change_state.hpp
-- Up-to-date: /home/uwr/microROS_AUV/install/lifecycle_msgs/include/lifecycle_msgs
-- Up-to-date: /home/uwr/microROS_AUV/install/lifecycle_msgs/include/lifecycle_msgs/msg
-- Installing: /home/uwr/microROS_AUV/install/lifecycle_msgs/include/lifecycle_msgs/msg/rosidl_typesupport_microxrcedds_cpp__visibility_control.h
-- Up-to-date: /home/uwr/microROS_AUV/install/lifecycle_msgs/include/lifecycle_msgs/msg/detail
-- Installing: /home/uwr/microROS_AUV/install/lifecycle_msgs/include/lifecycle_msgs/msg/detail/transition_description__rosidl_typesupport_microxrcedds_cpp.hpp
-- Installing: /home/uwr/microROS_AUV/install/lifecycle_msgs/include/lifecycle_msgs/msg/detail/transition__rosidl_typesupport_microxrcedds_cpp.hpp
-- Installing: /home/uwr/microROS_AUV/install/lifecycle_msgs/include/lifecycle_msgs/msg/detail/transition_event__rosidl_typesupport_microxrcedds_cpp.hpp
-- Installing: /home/uwr/microROS_AUV/install/lifecycle_msgs/include/lifecycle_msgs/msg/detail/state__rosidl_typesupport_microxrcedds_cpp.hpp
-- Up-to-date: /home/uwr/microROS_AUV/install/lifecycle_msgs/include/lifecycle_msgs/msg/detail/microxrcedds
-- Installing: /home/uwr/microROS_AUV/install/lifecycle_msgs/include/lifecycle_msgs/msg/detail/microxrcedds/state__type_support_cpp.cpp
-- Installing: /home/uwr/microROS_AUV/install/lifecycle_msgs/include/lifecycle_msgs/msg/detail/microxrcedds/transition_event__type_support_cpp.cpp
-- Installing: /home/uwr/microROS_AUV/install/lifecycle_msgs/include/lifecycle_msgs/msg/detail/microxrcedds/transition__type_support_cpp.cpp
-- Installing: /home/uwr/microROS_AUV/install/lifecycle_msgs/include/lifecycle_msgs/msg/detail/microxrcedds/transition_description__type_support_cpp.cpp
-- Up-to-date: /home/uwr/microROS_AUV/install/lifecycle_msgs/include/lifecycle_msgs/srv
-- Up-to-date: /home/uwr/microROS_AUV/install/lifecycle_msgs/include/lifecycle_msgs/srv/detail
-- Installing: /home/uwr/microROS_AUV/install/lifecycle_msgs/include/lifecycle_msgs/srv/detail/get_available_transitions__rosidl_typesupport_microxrcedds_cpp.hpp
-- Installing: /home/uwr/microROS_AUV/install/lifecycle_msgs/include/lifecycle_msgs/srv/detail/get_state__rosidl_typesupport_microxrcedds_cpp.hpp
-- Installing: /home/uwr/microROS_AUV/install/lifecycle_msgs/include/lifecycle_msgs/srv/detail/get_available_states__rosidl_typesupport_microxrcedds_cpp.hpp
-- Installing: /home/uwr/microROS_AUV/install/lifecycle_msgs/include/lifecycle_msgs/srv/detail/change_state__rosidl_typesupport_microxrcedds_cpp.hpp
-- Up-to-date: /home/uwr/microROS_AUV/install/lifecycle_msgs/include/lifecycle_msgs/srv/detail/microxrcedds
-- Installing: /home/uwr/microROS_AUV/install/lifecycle_msgs/include/lifecycle_msgs/srv/detail/microxrcedds/get_state__type_support_cpp.cpp
-- Installing: /home/uwr/microROS_AUV/install/lifecycle_msgs/include/lifecycle_msgs/srv/detail/microxrcedds/get_available_states__type_support_cpp.cpp
-- Installing: /home/uwr/microROS_AUV/install/lifecycle_msgs/include/lifecycle_msgs/srv/detail/microxrcedds/get_available_transitions__type_support_cpp.cpp
-- Installing: /home/uwr/microROS_AUV/install/lifecycle_msgs/include/lifecycle_msgs/srv/detail/microxrcedds/change_state__type_support_cpp.cpp
-- Installing: /home/uwr/microROS_AUV/install/lifecycle_msgs/lib/liblifecycle_msgs__rosidl_typesupport_microxrcedds_cpp.so
-- Set runtime path of "/home/uwr/microROS_AUV/install/lifecycle_msgs/lib/liblifecycle_msgs__rosidl_typesupport_microxrcedds_cpp.so" to ""
-- Up-to-date: /home/uwr/microROS_AUV/install/lifecycle_msgs/include/lifecycle_msgs/lifecycle_msgs
-- Up-to-date: /home/uwr/microROS_AUV/install/lifecycle_msgs/include/lifecycle_msgs/lifecycle_msgs/msg
-- Up-to-date: /home/uwr/microROS_AUV/install/lifecycle_msgs/include/lifecycle_msgs/lifecycle_msgs/msg/detail
-- Installing: /home/uwr/microROS_AUV/install/lifecycle_msgs/include/lifecycle_msgs/lifecycle_msgs/msg/detail/transition_description__rosidl_typesupport_fastrtps_cpp.hpp
-- Installing: /home/uwr/microROS_AUV/install/lifecycle_msgs/include/lifecycle_msgs/lifecycle_msgs/msg/detail/state__rosidl_typesupport_fastrtps_cpp.hpp
-- Installing: /home/uwr/microROS_AUV/install/lifecycle_msgs/include/lifecycle_msgs/lifecycle_msgs/msg/detail/transition_event__rosidl_typesupport_fastrtps_cpp.hpp
-- Installing: /home/uwr/microROS_AUV/install/lifecycle_msgs/include/lifecycle_msgs/lifecycle_msgs/msg/detail/transition__rosidl_typesupport_fastrtps_cpp.hpp
-- Installing: /home/uwr/microROS_AUV/install/lifecycle_msgs/include/lifecycle_msgs/lifecycle_msgs/msg/detail/dds_fastrtps
-- Installing: /home/uwr/microROS_AUV/install/lifecycle_msgs/include/lifecycle_msgs/lifecycle_msgs/msg/rosidl_typesupport_fastrtps_cpp__visibility_control.h
-- Up-to-date: /home/uwr/microROS_AUV/install/lifecycle_msgs/include/lifecycle_msgs/lifecycle_msgs/srv
-- Up-to-date: /home/uwr/microROS_AUV/install/lifecycle_msgs/include/lifecycle_msgs/lifecycle_msgs/srv/detail
-- Installing: /home/uwr/microROS_AUV/install/lifecycle_msgs/include/lifecycle_msgs/lifecycle_msgs/srv/detail/get_available_transitions__rosidl_typesupport_fastrtps_cpp.hpp
-- Installing: /home/uwr/microROS_AUV/install/lifecycle_msgs/include/lifecycle_msgs/lifecycle_msgs/srv/detail/change_state__rosidl_typesupport_fastrtps_cpp.hpp
-- Installing: /home/uwr/microROS_AUV/install/lifecycle_msgs/include/lifecycle_msgs/lifecycle_msgs/srv/detail/get_state__rosidl_typesupport_fastrtps_cpp.hpp
-- Installing: /home/uwr/microROS_AUV/install/lifecycle_msgs/include/lifecycle_msgs/lifecycle_msgs/srv/detail/get_available_states__rosidl_typesupport_fastrtps_cpp.hpp
-- Installing: /home/uwr/microROS_AUV/install/lifecycle_msgs/include/lifecycle_msgs/lifecycle_msgs/srv/detail/dds_fastrtps
-- Installing: /home/uwr/microROS_AUV/install/lifecycle_msgs/lib/liblifecycle_msgs__rosidl_typesupport_fastrtps_cpp.so
-- Set runtime path of "/home/uwr/microROS_AUV/install/lifecycle_msgs/lib/liblifecycle_msgs__rosidl_typesupport_fastrtps_cpp.so" to ""
-- Up-to-date: /home/uwr/microROS_AUV/install/lifecycle_msgs/include/lifecycle_msgs/lifecycle_msgs
-- Up-to-date: /home/uwr/microROS_AUV/install/lifecycle_msgs/include/lifecycle_msgs/lifecycle_msgs/msg
-- Up-to-date: /home/uwr/microROS_AUV/install/lifecycle_msgs/include/lifecycle_msgs/lifecycle_msgs/msg/detail
-- Installing: /home/uwr/microROS_AUV/install/lifecycle_msgs/include/lifecycle_msgs/lifecycle_msgs/msg/detail/transition__type_support.cpp
-- Installing: /home/uwr/microROS_AUV/install/lifecycle_msgs/include/lifecycle_msgs/lifecycle_msgs/msg/detail/transition_event__type_support.cpp
-- Installing: /home/uwr/microROS_AUV/install/lifecycle_msgs/include/lifecycle_msgs/lifecycle_msgs/msg/detail/state__type_support.cpp
-- Installing: /home/uwr/microROS_AUV/install/lifecycle_msgs/include/lifecycle_msgs/lifecycle_msgs/msg/detail/transition__rosidl_typesupport_introspection_cpp.hpp
-- Installing: /home/uwr/microROS_AUV/install/lifecycle_msgs/include/lifecycle_msgs/lifecycle_msgs/msg/detail/state__rosidl_typesupport_introspection_cpp.hpp
-- Installing: /home/uwr/microROS_AUV/install/lifecycle_msgs/include/lifecycle_msgs/lifecycle_msgs/msg/detail/transition_description__type_support.cpp
-- Installing: /home/uwr/microROS_AUV/install/lifecycle_msgs/include/lifecycle_msgs/lifecycle_msgs/msg/detail/transition_event__rosidl_typesupport_introspection_cpp.hpp
-- Installing: /home/uwr/microROS_AUV/install/lifecycle_msgs/include/lifecycle_msgs/lifecycle_msgs/msg/detail/transition_description__rosidl_typesupport_introspection_cpp.hpp
-- Up-to-date: /home/uwr/microROS_AUV/install/lifecycle_msgs/include/lifecycle_msgs/lifecycle_msgs/srv
-- Up-to-date: /home/uwr/microROS_AUV/install/lifecycle_msgs/include/lifecycle_msgs/lifecycle_msgs/srv/detail
-- Installing: /home/uwr/microROS_AUV/install/lifecycle_msgs/include/lifecycle_msgs/lifecycle_msgs/srv/detail/change_state__type_support.cpp
-- Installing: /home/uwr/microROS_AUV/install/lifecycle_msgs/include/lifecycle_msgs/lifecycle_msgs/srv/detail/get_state__type_support.cpp
-- Installing: /home/uwr/microROS_AUV/install/lifecycle_msgs/include/lifecycle_msgs/lifecycle_msgs/srv/detail/change_state__rosidl_typesupport_introspection_cpp.hpp
-- Installing: /home/uwr/microROS_AUV/install/lifecycle_msgs/include/lifecycle_msgs/lifecycle_msgs/srv/detail/get_available_states__rosidl_typesupport_introspection_cpp.hpp
-- Installing: /home/uwr/microROS_AUV/install/lifecycle_msgs/include/lifecycle_msgs/lifecycle_msgs/srv/detail/get_state__rosidl_typesupport_introspection_cpp.hpp
-- Installing: /home/uwr/microROS_AUV/install/lifecycle_msgs/include/lifecycle_msgs/lifecycle_msgs/srv/detail/get_available_transitions__type_support.cpp
-- Installing: /home/uwr/microROS_AUV/install/lifecycle_msgs/include/lifecycle_msgs/lifecycle_msgs/srv/detail/get_available_states__type_support.cpp
-- Installing: /home/uwr/microROS_AUV/install/lifecycle_msgs/include/lifecycle_msgs/lifecycle_msgs/srv/detail/get_available_transitions__rosidl_typesupport_introspection_cpp.hpp
-- Installing: /home/uwr/microROS_AUV/install/lifecycle_msgs/lib/liblifecycle_msgs__rosidl_typesupport_introspection_cpp.so
-- Set runtime path of "/home/uwr/microROS_AUV/install/lifecycle_msgs/lib/liblifecycle_msgs__rosidl_typesupport_introspection_cpp.so" to ""
-- Installing: /home/uwr/microROS_AUV/install/lifecycle_msgs/lib/liblifecycle_msgs__rosidl_typesupport_cpp.so
-- Set runtime path of "/home/uwr/microROS_AUV/install/lifecycle_msgs/lib/liblifecycle_msgs__rosidl_typesupport_cpp.so" to ""
-- Installing: /home/uwr/microROS_AUV/install/lifecycle_msgs/share/lifecycle_msgs/environment/pythonpath.sh
-- Installing: /home/uwr/microROS_AUV/install/lifecycle_msgs/share/lifecycle_msgs/environment/pythonpath.dsv
-- Installing: /home/uwr/microROS_AUV/install/lifecycle_msgs/local/lib/python3.10/dist-packages/lifecycle_msgs-1.2.2-py3.10.egg-info
-- Installing: /home/uwr/microROS_AUV/install/lifecycle_msgs/local/lib/python3.10/dist-packages/lifecycle_msgs-1.2.2-py3.10.egg-info/top_level.txt
-- Installing: /home/uwr/microROS_AUV/install/lifecycle_msgs/local/lib/python3.10/dist-packages/lifecycle_msgs-1.2.2-py3.10.egg-info/dependency_links.txt
-- Installing: /home/uwr/microROS_AUV/install/lifecycle_msgs/local/lib/python3.10/dist-packages/lifecycle_msgs-1.2.2-py3.10.egg-info/PKG-INFO
-- Installing: /home/uwr/microROS_AUV/install/lifecycle_msgs/local/lib/python3.10/dist-packages/lifecycle_msgs-1.2.2-py3.10.egg-info/SOURCES.txt
-- Installing: /home/uwr/microROS_AUV/install/lifecycle_msgs/local/lib/python3.10/dist-packages/lifecycle_msgs
-- Installing: /home/uwr/microROS_AUV/install/lifecycle_msgs/local/lib/python3.10/dist-packages/lifecycle_msgs/lifecycle_msgs_s__rosidl_typesupport_microxrcedds_c.cpython-310-x86_64-linux-gnu.so
-- Installing: /home/uwr/microROS_AUV/install/lifecycle_msgs/local/lib/python3.10/dist-packages/lifecycle_msgs/lifecycle_msgs_s__rosidl_typesupport_fastrtps_c.cpython-310-x86_64-linux-gnu.so
-- Installing: /home/uwr/microROS_AUV/install/lifecycle_msgs/local/lib/python3.10/dist-packages/lifecycle_msgs/_lifecycle_msgs_s.ep.rosidl_typesupport_microxrcedds_c.c
-- Installing: /home/uwr/microROS_AUV/install/lifecycle_msgs/local/lib/python3.10/dist-packages/lifecycle_msgs/liblifecycle_msgs__rosidl_generator_py.so
-- Installing: /home/uwr/microROS_AUV/install/lifecycle_msgs/local/lib/python3.10/dist-packages/lifecycle_msgs/_lifecycle_msgs_s.ep.rosidl_typesupport_introspection_c.c
-- Installing: /home/uwr/microROS_AUV/install/lifecycle_msgs/local/lib/python3.10/dist-packages/lifecycle_msgs/lifecycle_msgs_s__rosidl_typesupport_introspection_c.cpython-310-x86_64-linux-gnu.so
-- Installing: /home/uwr/microROS_AUV/install/lifecycle_msgs/local/lib/python3.10/dist-packages/lifecycle_msgs/_lifecycle_msgs_s.ep.rosidl_typesupport_c.c
-- Installing: /home/uwr/microROS_AUV/install/lifecycle_msgs/local/lib/python3.10/dist-packages/lifecycle_msgs/lifecycle_msgs_s__rosidl_typesupport_c.cpython-310-x86_64-linux-gnu.so
-- Installing: /home/uwr/microROS_AUV/install/lifecycle_msgs/local/lib/python3.10/dist-packages/lifecycle_msgs/_lifecycle_msgs_s.ep.rosidl_typesupport_fastrtps_c.c
-- Installing: /home/uwr/microROS_AUV/install/lifecycle_msgs/local/lib/python3.10/dist-packages/lifecycle_msgs/msg
-- Installing: /home/uwr/microROS_AUV/install/lifecycle_msgs/local/lib/python3.10/dist-packages/lifecycle_msgs/msg/_transition.py
-- Installing: /home/uwr/microROS_AUV/install/lifecycle_msgs/local/lib/python3.10/dist-packages/lifecycle_msgs/msg/_transition_description.py
-- Installing: /home/uwr/microROS_AUV/install/lifecycle_msgs/local/lib/python3.10/dist-packages/lifecycle_msgs/msg/_transition_s.c
-- Installing: /home/uwr/microROS_AUV/install/lifecycle_msgs/local/lib/python3.10/dist-packages/lifecycle_msgs/msg/_state_s.c
-- Installing: /home/uwr/microROS_AUV/install/lifecycle_msgs/local/lib/python3.10/dist-packages/lifecycle_msgs/msg/_state.py
-- Installing: /home/uwr/microROS_AUV/install/lifecycle_msgs/local/lib/python3.10/dist-packages/lifecycle_msgs/msg/_transition_event.py
-- Installing: /home/uwr/microROS_AUV/install/lifecycle_msgs/local/lib/python3.10/dist-packages/lifecycle_msgs/msg/__init__.py
-- Installing: /home/uwr/microROS_AUV/install/lifecycle_msgs/local/lib/python3.10/dist-packages/lifecycle_msgs/msg/_transition_event_s.c
-- Installing: /home/uwr/microROS_AUV/install/lifecycle_msgs/local/lib/python3.10/dist-packages/lifecycle_msgs/msg/_transition_description_s.c
-- Installing: /home/uwr/microROS_AUV/install/lifecycle_msgs/local/lib/python3.10/dist-packages/lifecycle_msgs/__init__.py
-- Installing: /home/uwr/microROS_AUV/install/lifecycle_msgs/local/lib/python3.10/dist-packages/lifecycle_msgs/srv
-- Installing: /home/uwr/microROS_AUV/install/lifecycle_msgs/local/lib/python3.10/dist-packages/lifecycle_msgs/srv/_get_available_states.py
-- Installing: /home/uwr/microROS_AUV/install/lifecycle_msgs/local/lib/python3.10/dist-packages/lifecycle_msgs/srv/_change_state_s.c
-- Installing: /home/uwr/microROS_AUV/install/lifecycle_msgs/local/lib/python3.10/dist-packages/lifecycle_msgs/srv/_get_state.py
-- Installing: /home/uwr/microROS_AUV/install/lifecycle_msgs/local/lib/python3.10/dist-packages/lifecycle_msgs/srv/_change_state.py
-- Installing: /home/uwr/microROS_AUV/install/lifecycle_msgs/local/lib/python3.10/dist-packages/lifecycle_msgs/srv/_get_available_transitions.py
-- Installing: /home/uwr/microROS_AUV/install/lifecycle_msgs/local/lib/python3.10/dist-packages/lifecycle_msgs/srv/_get_available_transitions_s.c
-- Installing: /home/uwr/microROS_AUV/install/lifecycle_msgs/local/lib/python3.10/dist-packages/lifecycle_msgs/srv/__init__.py
-- Installing: /home/uwr/microROS_AUV/install/lifecycle_msgs/local/lib/python3.10/dist-packages/lifecycle_msgs/srv/_get_state_s.c
-- Installing: /home/uwr/microROS_AUV/install/lifecycle_msgs/local/lib/python3.10/dist-packages/lifecycle_msgs/srv/_get_available_states_s.c
Listing '/home/uwr/microROS_AUV/install/lifecycle_msgs/local/lib/python3.10/dist-packages/lifecycle_msgs'...
Compiling '/home/uwr/microROS_AUV/install/lifecycle_msgs/local/lib/python3.10/dist-packages/lifecycle_msgs/__init__.py'...
Listing '/home/uwr/microROS_AUV/install/lifecycle_msgs/local/lib/python3.10/dist-packages/lifecycle_msgs/msg'...
Compiling '/home/uwr/microROS_AUV/install/lifecycle_msgs/local/lib/python3.10/dist-packages/lifecycle_msgs/msg/__init__.py'...
Compiling '/home/uwr/microROS_AUV/install/lifecycle_msgs/local/lib/python3.10/dist-packages/lifecycle_msgs/msg/_state.py'...
Compiling '/home/uwr/microROS_AUV/install/lifecycle_msgs/local/lib/python3.10/dist-packages/lifecycle_msgs/msg/_transition.py'...
Compiling '/home/uwr/microROS_AUV/install/lifecycle_msgs/local/lib/python3.10/dist-packages/lifecycle_msgs/msg/_transition_description.py'...
Compiling '/home/uwr/microROS_AUV/install/lifecycle_msgs/local/lib/python3.10/dist-packages/lifecycle_msgs/msg/_transition_event.py'...
Listing '/home/uwr/microROS_AUV/install/lifecycle_msgs/local/lib/python3.10/dist-packages/lifecycle_msgs/srv'...
Compiling '/home/uwr/microROS_AUV/install/lifecycle_msgs/local/lib/python3.10/dist-packages/lifecycle_msgs/srv/__init__.py'...
Compiling '/home/uwr/microROS_AUV/install/lifecycle_msgs/local/lib/python3.10/dist-packages/lifecycle_msgs/srv/_change_state.py'...
Compiling '/home/uwr/microROS_AUV/install/lifecycle_msgs/local/lib/python3.10/dist-packages/lifecycle_msgs/srv/_get_available_states.py'...
Compiling '/home/uwr/microROS_AUV/install/lifecycle_msgs/local/lib/python3.10/dist-packages/lifecycle_msgs/srv/_get_available_transitions.py'...
Compiling '/home/uwr/microROS_AUV/install/lifecycle_msgs/local/lib/python3.10/dist-packages/lifecycle_msgs/srv/_get_state.py'...
-- Installing: /home/uwr/microROS_AUV/install/lifecycle_msgs/local/lib/python3.10/dist-packages/lifecycle_msgs/lifecycle_msgs_s__rosidl_typesupport_microxrcedds_c.cpython-310-x86_64-linux-gnu.so
-- Set runtime path of "/home/uwr/microROS_AUV/install/lifecycle_msgs/local/lib/python3.10/dist-packages/lifecycle_msgs/lifecycle_msgs_s__rosidl_typesupport_microxrcedds_c.cpython-310-x86_64-linux-gnu.so" to ""
-- Installing: /home/uwr/microROS_AUV/install/lifecycle_msgs/local/lib/python3.10/dist-packages/lifecycle_msgs/lifecycle_msgs_s__rosidl_typesupport_fastrtps_c.cpython-310-x86_64-linux-gnu.so
-- Set runtime path of "/home/uwr/microROS_AUV/install/lifecycle_msgs/local/lib/python3.10/dist-packages/lifecycle_msgs/lifecycle_msgs_s__rosidl_typesupport_fastrtps_c.cpython-310-x86_64-linux-gnu.so" to ""
-- Installing: /home/uwr/microROS_AUV/install/lifecycle_msgs/local/lib/python3.10/dist-packages/lifecycle_msgs/lifecycle_msgs_s__rosidl_typesupport_introspection_c.cpython-310-x86_64-linux-gnu.so
-- Set runtime path of "/home/uwr/microROS_AUV/install/lifecycle_msgs/local/lib/python3.10/dist-packages/lifecycle_msgs/lifecycle_msgs_s__rosidl_typesupport_introspection_c.cpython-310-x86_64-linux-gnu.so" to ""
-- Installing: /home/uwr/microROS_AUV/install/lifecycle_msgs/local/lib/python3.10/dist-packages/lifecycle_msgs/lifecycle_msgs_s__rosidl_typesupport_c.cpython-310-x86_64-linux-gnu.so
-- Set runtime path of "/home/uwr/microROS_AUV/install/lifecycle_msgs/local/lib/python3.10/dist-packages/lifecycle_msgs/lifecycle_msgs_s__rosidl_typesupport_c.cpython-310-x86_64-linux-gnu.so" to ""
-- Installing: /home/uwr/microROS_AUV/install/lifecycle_msgs/lib/liblifecycle_msgs__rosidl_generator_py.so
-- Set runtime path of "/home/uwr/microROS_AUV/install/lifecycle_msgs/lib/liblifecycle_msgs__rosidl_generator_py.so" to ""
-- Installing: /home/uwr/microROS_AUV/install/lifecycle_msgs/share/lifecycle_msgs/msg/State.idl
-- Installing: /home/uwr/microROS_AUV/install/lifecycle_msgs/share/lifecycle_msgs/msg/Transition.idl
-- Installing: /home/uwr/microROS_AUV/install/lifecycle_msgs/share/lifecycle_msgs/msg/TransitionDescription.idl
-- Installing: /home/uwr/microROS_AUV/install/lifecycle_msgs/share/lifecycle_msgs/msg/TransitionEvent.idl
-- Installing: /home/uwr/microROS_AUV/install/lifecycle_msgs/share/lifecycle_msgs/srv/ChangeState.idl
-- Installing: /home/uwr/microROS_AUV/install/lifecycle_msgs/share/lifecycle_msgs/srv/GetAvailableStates.idl
-- Installing: /home/uwr/microROS_AUV/install/lifecycle_msgs/share/lifecycle_msgs/srv/GetAvailableTransitions.idl
-- Installing: /home/uwr/microROS_AUV/install/lifecycle_msgs/share/lifecycle_msgs/srv/GetState.idl
-- Installing: /home/uwr/microROS_AUV/install/lifecycle_msgs/share/lifecycle_msgs/msg/State.msg
-- Installing: /home/uwr/microROS_AUV/install/lifecycle_msgs/share/lifecycle_msgs/msg/Transition.msg
-- Installing: /home/uwr/microROS_AUV/install/lifecycle_msgs/share/lifecycle_msgs/msg/TransitionDescription.msg
-- Installing: /home/uwr/microROS_AUV/install/lifecycle_msgs/share/lifecycle_msgs/msg/TransitionEvent.msg
-- Installing: /home/uwr/microROS_AUV/install/lifecycle_msgs/share/lifecycle_msgs/srv/ChangeState.srv
-- Installing: /home/uwr/microROS_AUV/install/lifecycle_msgs/share/lifecycle_msgs/srv/ChangeState_Request.msg
-- Installing: /home/uwr/microROS_AUV/install/lifecycle_msgs/share/lifecycle_msgs/srv/ChangeState_Response.msg
-- Installing: /home/uwr/microROS_AUV/install/lifecycle_msgs/share/lifecycle_msgs/srv/GetAvailableStates.srv
-- Installing: /home/uwr/microROS_AUV/install/lifecycle_msgs/share/lifecycle_msgs/srv/GetAvailableStates_Request.msg
-- Installing: /home/uwr/microROS_AUV/install/lifecycle_msgs/share/lifecycle_msgs/srv/GetAvailableStates_Response.msg
-- Installing: /home/uwr/microROS_AUV/install/lifecycle_msgs/share/lifecycle_msgs/srv/GetAvailableTransitions.srv
-- Installing: /home/uwr/microROS_AUV/install/lifecycle_msgs/share/lifecycle_msgs/srv/GetAvailableTransitions_Request.msg
-- Installing: /home/uwr/microROS_AUV/install/lifecycle_msgs/share/lifecycle_msgs/srv/GetAvailableTransitions_Response.msg
-- Installing: /home/uwr/microROS_AUV/install/lifecycle_msgs/share/lifecycle_msgs/srv/GetState.srv
-- Installing: /home/uwr/microROS_AUV/install/lifecycle_msgs/share/lifecycle_msgs/srv/GetState_Request.msg
-- Installing: /home/uwr/microROS_AUV/install/lifecycle_msgs/share/lifecycle_msgs/srv/GetState_Response.msg
-- Installing: /home/uwr/microROS_AUV/install/lifecycle_msgs/share/ament_index/resource_index/package_run_dependencies/lifecycle_msgs
-- Installing: /home/uwr/microROS_AUV/install/lifecycle_msgs/share/ament_index/resource_index/parent_prefix_path/lifecycle_msgs
-- Installing: /home/uwr/microROS_AUV/install/lifecycle_msgs/share/lifecycle_msgs/environment/ament_prefix_path.sh
-- Installing: /home/uwr/microROS_AUV/install/lifecycle_msgs/share/lifecycle_msgs/environment/ament_prefix_path.dsv
-- Installing: /home/uwr/microROS_AUV/install/lifecycle_msgs/share/lifecycle_msgs/environment/path.sh
-- Installing: /home/uwr/microROS_AUV/install/lifecycle_msgs/share/lifecycle_msgs/environment/path.dsv
-- Installing: /home/uwr/microROS_AUV/install/lifecycle_msgs/share/lifecycle_msgs/local_setup.bash
-- Installing: /home/uwr/microROS_AUV/install/lifecycle_msgs/share/lifecycle_msgs/local_setup.sh
-- Installing: /home/uwr/microROS_AUV/install/lifecycle_msgs/share/lifecycle_msgs/local_setup.zsh
-- Installing: /home/uwr/microROS_AUV/install/lifecycle_msgs/share/lifecycle_msgs/local_setup.dsv
-- Installing: /home/uwr/microROS_AUV/install/lifecycle_msgs/share/lifecycle_msgs/package.dsv
-- Installing: /home/uwr/microROS_AUV/install/lifecycle_msgs/share/ament_index/resource_index/packages/lifecycle_msgs
-- Installing: /home/uwr/microROS_AUV/install/lifecycle_msgs/share/lifecycle_msgs/cmake/export_lifecycle_msgs__rosidl_generator_cExport.cmake
-- Installing: /home/uwr/microROS_AUV/install/lifecycle_msgs/share/lifecycle_msgs/cmake/export_lifecycle_msgs__rosidl_generator_cExport-noconfig.cmake
-- Installing: /home/uwr/microROS_AUV/install/lifecycle_msgs/share/lifecycle_msgs/cmake/export_lifecycle_msgs__rosidl_typesupport_fastrtps_cExport.cmake
-- Installing: /home/uwr/microROS_AUV/install/lifecycle_msgs/share/lifecycle_msgs/cmake/export_lifecycle_msgs__rosidl_typesupport_fastrtps_cExport-noconfig.cmake
-- Installing: /home/uwr/microROS_AUV/install/lifecycle_msgs/share/lifecycle_msgs/cmake/lifecycle_msgs__rosidl_typesupport_introspection_cExport.cmake
-- Installing: /home/uwr/microROS_AUV/install/lifecycle_msgs/share/lifecycle_msgs/cmake/lifecycle_msgs__rosidl_typesupport_introspection_cExport-noconfig.cmake
-- Installing: /home/uwr/microROS_AUV/install/lifecycle_msgs/share/lifecycle_msgs/cmake/lifecycle_msgs__rosidl_typesupport_cExport.cmake
-- Installing: /home/uwr/microROS_AUV/install/lifecycle_msgs/share/lifecycle_msgs/cmake/lifecycle_msgs__rosidl_typesupport_cExport-noconfig.cmake
-- Installing: /home/uwr/microROS_AUV/install/lifecycle_msgs/share/lifecycle_msgs/cmake/export_lifecycle_msgs__rosidl_generator_cppExport.cmake
-- Installing: /home/uwr/microROS_AUV/install/lifecycle_msgs/share/lifecycle_msgs/cmake/export_lifecycle_msgs__rosidl_typesupport_fastrtps_cppExport.cmake
-- Installing: /home/uwr/microROS_AUV/install/lifecycle_msgs/share/lifecycle_msgs/cmake/export_lifecycle_msgs__rosidl_typesupport_fastrtps_cppExport-noconfig.cmake
-- Installing: /home/uwr/microROS_AUV/install/lifecycle_msgs/share/lifecycle_msgs/cmake/lifecycle_msgs__rosidl_typesupport_introspection_cppExport.cmake
-- Installing: /home/uwr/microROS_AUV/install/lifecycle_msgs/share/lifecycle_msgs/cmake/lifecycle_msgs__rosidl_typesupport_introspection_cppExport-noconfig.cmake
-- Installing: /home/uwr/microROS_AUV/install/lifecycle_msgs/share/lifecycle_msgs/cmake/lifecycle_msgs__rosidl_typesupport_cppExport.cmake
-- Installing: /home/uwr/microROS_AUV/install/lifecycle_msgs/share/lifecycle_msgs/cmake/lifecycle_msgs__rosidl_typesupport_cppExport-noconfig.cmake
-- Installing: /home/uwr/microROS_AUV/install/lifecycle_msgs/share/lifecycle_msgs/cmake/export_lifecycle_msgs__rosidl_generator_pyExport.cmake
-- Installing: /home/uwr/microROS_AUV/install/lifecycle_msgs/share/lifecycle_msgs/cmake/export_lifecycle_msgs__rosidl_generator_pyExport-noconfig.cmake
-- Installing: /home/uwr/microROS_AUV/install/lifecycle_msgs/share/lifecycle_msgs/cmake/rosidl_cmake-extras.cmake
-- Installing: /home/uwr/microROS_AUV/install/lifecycle_msgs/share/lifecycle_msgs/cmake/ament_cmake_export_include_directories-extras.cmake
-- Installing: /home/uwr/microROS_AUV/install/lifecycle_msgs/share/lifecycle_msgs/cmake/ament_cmake_export_libraries-extras.cmake
-- Installing: /home/uwr/microROS_AUV/install/lifecycle_msgs/share/lifecycle_msgs/cmake/ament_cmake_export_targets-extras.cmake
-- Installing: /home/uwr/microROS_AUV/install/lifecycle_msgs/share/lifecycle_msgs/cmake/rosidl_cmake_export_typesupport_targets-extras.cmake
-- Installing: /home/uwr/microROS_AUV/install/lifecycle_msgs/share/lifecycle_msgs/cmake/ament_cmake_export_dependencies-extras.cmake
-- Installing: /home/uwr/microROS_AUV/install/lifecycle_msgs/share/lifecycle_msgs/cmake/rosidl_cmake_export_typesupport_libraries-extras.cmake
-- Installing: /home/uwr/microROS_AUV/install/lifecycle_msgs/share/lifecycle_msgs/cmake/lifecycle_msgsConfig.cmake
-- Installing: /home/uwr/microROS_AUV/install/lifecycle_msgs/share/lifecycle_msgs/cmake/lifecycle_msgsConfig-version.cmake
-- Installing: /home/uwr/microROS_AUV/install/lifecycle_msgs/share/lifecycle_msgs/package.xml
