[0.050s] Invoking command in '/home/uwr/microROS_AUV/build/micro_ros_utilities': CMAKE_PREFIX_PATH=${CMAKE_PREFIX_PATH}:/home/uwr/microROS_AUV/install/control_pkg:/home/uwr/Desktop/2024_UWR/install/sonar_subs:/opt/ros/humble /usr/bin/cmake /home/uwr/microROS_AUV/src/uros/micro_ros_utilities -DBUILD_TESTING=OFF -DBUILD_SHARED_LIBS=ON -DCMAKE_INSTALL_PREFIX=/home/uwr/microROS_AUV/install/micro_ros_utilities
[0.208s] -- The C compiler identification is GNU 11.4.0
[0.372s] -- The CXX compiler identification is GNU 11.4.0
[0.394s] -- Detecting C compiler ABI info
[0.571s] -- Detecting C compiler ABI info - done
[0.591s] -- Check for working C compiler: /usr/bin/cc - skipped
[0.592s] -- Detecting C compile features
[0.596s] -- Detecting C compile features - done
[0.606s] -- Detecting CXX compiler ABI info
[0.809s] -- Detecting CXX compiler ABI info - done
[0.842s] -- Check for working CXX compiler: /usr/bin/c++ - skipped
[0.842s] -- Detecting CXX compile features
[0.842s] -- Detecting CXX compile features - done
[0.849s] -- Found ament_cmake: 1.3.10 (/opt/ros/humble/share/ament_cmake/cmake)
[1.314s] -- Found Python3: /usr/bin/python3 (found version "3.10.12") found components: Interpreter 
[1.564s] -- Found rosidl_typesupport_introspection_c: 3.1.5 (/opt/ros/humble/share/rosidl_typesupport_introspection_c/cmake)
[1.580s] -- Found rosidl_adapter: 3.1.5 (/opt/ros/humble/share/rosidl_adapter/cmake)
[1.848s] -- Configuring done
[1.859s] -- Generating done
[1.861s] -- Build files have been written to: /home/uwr/microROS_AUV/build/micro_ros_utilities
[1.879s] Invoked command in '/home/uwr/microROS_AUV/build/micro_ros_utilities' returned '0': CMAKE_PREFIX_PATH=${CMAKE_PREFIX_PATH}:/home/uwr/microROS_AUV/install/control_pkg:/home/uwr/Desktop/2024_UWR/install/sonar_subs:/opt/ros/humble /usr/bin/cmake /home/uwr/microROS_AUV/src/uros/micro_ros_utilities -DBUILD_TESTING=OFF -DBUILD_SHARED_LIBS=ON -DCMAKE_INSTALL_PREFIX=/home/uwr/microROS_AUV/install/micro_ros_utilities
[1.880s] Invoking command in '/home/uwr/microROS_AUV/build/micro_ros_utilities': CMAKE_PREFIX_PATH=${CMAKE_PREFIX_PATH}:/home/uwr/microROS_AUV/install/control_pkg:/home/uwr/Desktop/2024_UWR/install/sonar_subs:/opt/ros/humble /usr/bin/cmake --build /home/uwr/microROS_AUV/build/micro_ros_utilities -- -j8 -l8
[3.226s] [ 66%] [32mBuilding C object CMakeFiles/micro_ros_utilities.dir/src/string_utilities.c.o[0m
[3.226s] [ 66%] [32mBuilding C object CMakeFiles/micro_ros_utilities.dir/src/type_utilities.c.o[0m
[3.226s] [100%] [32m[1mLinking C shared library libmicro_ros_utilities.so[0m
[3.226s] [100%] Built target micro_ros_utilities
[3.283s] Invoked command in '/home/uwr/microROS_AUV/build/micro_ros_utilities' returned '0': CMAKE_PREFIX_PATH=${CMAKE_PREFIX_PATH}:/home/uwr/microROS_AUV/install/control_pkg:/home/uwr/Desktop/2024_UWR/install/sonar_subs:/opt/ros/humble /usr/bin/cmake --build /home/uwr/microROS_AUV/build/micro_ros_utilities -- -j8 -l8
[3.380s] Invoking command in '/home/uwr/microROS_AUV/build/micro_ros_utilities': CMAKE_PREFIX_PATH=${CMAKE_PREFIX_PATH}:/home/uwr/microROS_AUV/install/control_pkg:/home/uwr/Desktop/2024_UWR/install/sonar_subs:/opt/ros/humble /usr/bin/cmake --install /home/uwr/microROS_AUV/build/micro_ros_utilities
[5.052s] -- Install configuration: ""
[5.052s] -- Installing: /home/uwr/microROS_AUV/install/micro_ros_utilities/include
[5.052s] -- Installing: /home/uwr/microROS_AUV/install/micro_ros_utilities/include/micro_ros_utilities
[5.053s] -- Installing: /home/uwr/microROS_AUV/install/micro_ros_utilities/include/micro_ros_utilities/type_utilities.h
[5.053s] -- Installing: /home/uwr/microROS_AUV/install/micro_ros_utilities/include/micro_ros_utilities/visibility_control.h
[5.053s] -- Installing: /home/uwr/microROS_AUV/install/micro_ros_utilities/include/micro_ros_utilities/string_utilities.h
[5.053s] -- Installing: /home/uwr/microROS_AUV/install/micro_ros_utilities/lib/libmicro_ros_utilities.so
[5.053s] -- Set runtime path of "/home/uwr/microROS_AUV/install/micro_ros_utilities/lib/libmicro_ros_utilities.so" to ""
[5.054s] -- Installing: /home/uwr/microROS_AUV/install/micro_ros_utilities/share/micro_ros_utilities/environment/library_path.sh
[5.054s] -- Installing: /home/uwr/microROS_AUV/install/micro_ros_utilities/share/micro_ros_utilities/environment/library_path.dsv
[5.054s] -- Installing: /home/uwr/microROS_AUV/install/micro_ros_utilities/share/ament_index/resource_index/package_run_dependencies/micro_ros_utilities
[5.054s] -- Installing: /home/uwr/microROS_AUV/install/micro_ros_utilities/share/ament_index/resource_index/parent_prefix_path/micro_ros_utilities
[5.055s] -- Installing: /home/uwr/microROS_AUV/install/micro_ros_utilities/share/micro_ros_utilities/environment/ament_prefix_path.sh
[5.055s] -- Installing: /home/uwr/microROS_AUV/install/micro_ros_utilities/share/micro_ros_utilities/environment/ament_prefix_path.dsv
[5.055s] -- Installing: /home/uwr/microROS_AUV/install/micro_ros_utilities/share/micro_ros_utilities/environment/path.sh
[5.055s] -- Installing: /home/uwr/microROS_AUV/install/micro_ros_utilities/share/micro_ros_utilities/environment/path.dsv
[5.061s] -- Installing: /home/uwr/microROS_AUV/install/micro_ros_utilities/share/micro_ros_utilities/local_setup.bash
[5.062s] -- Installing: /home/uwr/microROS_AUV/install/micro_ros_utilities/share/micro_ros_utilities/local_setup.sh
[5.062s] -- Installing: /home/uwr/microROS_AUV/install/micro_ros_utilities/share/micro_ros_utilities/local_setup.zsh
[5.062s] -- Installing: /home/uwr/microROS_AUV/install/micro_ros_utilities/share/micro_ros_utilities/local_setup.dsv
[5.062s] -- Installing: /home/uwr/microROS_AUV/install/micro_ros_utilities/share/micro_ros_utilities/package.dsv
[5.063s] -- Installing: /home/uwr/microROS_AUV/install/micro_ros_utilities/share/ament_index/resource_index/packages/micro_ros_utilities
[5.063s] -- Installing: /home/uwr/microROS_AUV/install/micro_ros_utilities/share/micro_ros_utilities/cmake/ament_cmake_export_include_directories-extras.cmake
[5.063s] -- Installing: /home/uwr/microROS_AUV/install/micro_ros_utilities/share/micro_ros_utilities/cmake/ament_cmake_export_libraries-extras.cmake
[5.063s] -- Installing: /home/uwr/microROS_AUV/install/micro_ros_utilities/share/micro_ros_utilities/cmake/ament_cmake_export_dependencies-extras.cmake
[5.064s] -- Installing: /home/uwr/microROS_AUV/install/micro_ros_utilities/share/micro_ros_utilities/cmake/micro_ros_utilitiesConfig.cmake
[5.064s] -- Installing: /home/uwr/microROS_AUV/install/micro_ros_utilities/share/micro_ros_utilities/cmake/micro_ros_utilitiesConfig-version.cmake
[5.064s] -- Installing: /home/uwr/microROS_AUV/install/micro_ros_utilities/share/micro_ros_utilities/package.xml
[5.082s] Invoked command in '/home/uwr/microROS_AUV/build/micro_ros_utilities' returned '0': CMAKE_PREFIX_PATH=${CMAKE_PREFIX_PATH}:/home/uwr/microROS_AUV/install/control_pkg:/home/uwr/Desktop/2024_UWR/install/sonar_subs:/opt/ros/humble /usr/bin/cmake --install /home/uwr/microROS_AUV/build/micro_ros_utilities
