[0.103s] Invoking command in '/home/uwr/microROS_AUV/build/action_msgs': CMAKE_PREFIX_PATH=/home/uwr/microROS_AUV/install/unique_identifier_msgs:/home/uwr/microROS_AUV/install/builtin_interfaces:/home/uwr/microROS_AUV/install/action_msgs:/home/uwr/microROS_AUV/install/std_srvs:/home/uwr/microROS_AUV/install/statistics_msgs:/home/uwr/microROS_AUV/install/rosidl_typesupport_microxrcedds_test_msg:/home/uwr/microROS_AUV/install/rosidl_typesupport_microxrcedds_cpp_tests:/home/uwr/microROS_AUV/install/rmw_microxrcedds:/home/uwr/microROS_AUV/install/rosidl_typesupport_microxrcedds_cpp:/home/uwr/microROS_AUV/install/rosidl_typesupport_microxrcedds_c_tests:/home/uwr/microROS_AUV/install/rosidl_typesupport_microxrcedds_c:/home/uwr/microROS_AUV/install/rosgraph_msgs:/home/uwr/microROS_AUV/install/microxrcedds_client:/home/uwr/microROS_AUV/install/microcdr:/home/uwr/microROS_AUV/install/micro_ros_utilities:/home/uwr/microROS_AUV/install/micro_ros_msgs:/home/uwr/microROS_AUV/install/complex_msgs:/home/uwr/microROS_AUV/install/micro_ros_setup:/home/uwr/microROS_AUV/install/custom_interfaces:/home/uwr/Desktop/2024_UWR/install/kalman_filter:/home/uwr/Desktop/2024_UWR/install/sonar_msgs:/home/uwr/Desktop/2024_UWR/install/ros2-driver:/home/uwr/Desktop/2024_UWR/install/oculus_interfaces:/home/uwr/Desktop/2024_UWR/install/ntrip:/home/uwr/Desktop/2024_UWR/install/adnav-driver:/home/uwr/fls_ws/install/oculus_interfaces:/home/uwr/microROS_AUV/install/control_pkg:/home/uwr/Desktop/2024_UWR/install/sonar_subs:/opt/ros/humble LD_LIBRARY_PATH=/home/uwr/microROS_AUV/install/unique_identifier_msgs/lib:/home/uwr/microROS_AUV/install/builtin_interfaces/lib:/home/uwr/microROS_AUV/install/action_msgs/lib:/home/uwr/microROS_AUV/install/std_srvs/lib:/home/uwr/microROS_AUV/install/statistics_msgs/lib:/home/uwr/microROS_AUV/install/rmw_microxrcedds/lib:/home/uwr/microROS_AUV/install/rosidl_typesupport_microxrcedds_cpp/lib:/home/uwr/microROS_AUV/install/rosidl_typesupport_microxrcedds_c/lib:/home/uwr/microROS_AUV/install/rosgraph_msgs/lib:/home/uwr/microROS_AUV/install/microxrcedds_client/lib:/home/uwr/microROS_AUV/install/microcdr/lib:/home/uwr/microROS_AUV/install/micro_ros_utilities/lib:/home/uwr/microROS_AUV/install/micro_ros_msgs/lib:/home/uwr/microROS_AUV/install/complex_msgs/lib:/home/uwr/microROS_AUV/install/custom_interfaces/lib:/home/uwr/oculus_driver/install/lib:/home/uwr/Desktop/2024_UWR/install/sonar_msgs/lib:/home/uwr/Desktop/2024_UWR/install/oculus_interfaces/lib:/home/uwr/fls_ws/install/oculus_interfaces/lib:/opt/ros/humble/opt/rviz_ogre_vendor/lib:/opt/ros/humble/lib/x86_64-linux-gnu:/opt/ros/humble/lib /usr/bin/cmake --build /home/uwr/microROS_AUV/build/action_msgs -- -j8 -l8
[0.259s] [35m[1mConsolidate compiler generated dependencies of target action_msgs__rosidl_generator_c[0m
[0.282s] [  1%] Built target action_msgs__cpp
[0.329s] [ 10%] Built target action_msgs__rosidl_generator_c
[0.437s] [ 10%] Built target ament_cmake_python_copy_action_msgs
[0.437s] [35m[1mConsolidate compiler generated dependencies of target action_msgs__rosidl_typesupport_cpp[0m
[0.488s] [35m[1mConsolidate compiler generated dependencies of target action_msgs__rosidl_typesupport_microxrcedds_cpp[0m
[0.488s] [35m[1mConsolidate compiler generated dependencies of target action_msgs__rosidl_typesupport_fastrtps_cpp[0m
[0.488s] [35m[1mConsolidate compiler generated dependencies of target action_msgs__rosidl_typesupport_introspection_cpp[0m
[0.494s] [35m[1mConsolidate compiler generated dependencies of target action_msgs__rosidl_typesupport_c[0m
[0.500s] [35m[1mConsolidate compiler generated dependencies of target action_msgs__rosidl_typesupport_introspection_c[0m
[0.500s] [35m[1mConsolidate compiler generated dependencies of target action_msgs__rosidl_typesupport_fastrtps_c[0m
[0.500s] [ 18%] Built target action_msgs__rosidl_typesupport_c
[0.501s] [35m[1mConsolidate compiler generated dependencies of target action_msgs__rosidl_typesupport_microxrcedds_c[0m
[0.530s] [ 27%] Built target action_msgs__rosidl_typesupport_cpp
[0.530s] [ 36%] Built target action_msgs__rosidl_typesupport_microxrcedds_cpp
[0.549s] [ 44%] Built target action_msgs__rosidl_typesupport_introspection_cpp
[0.549s] [ 53%] Built target action_msgs__rosidl_typesupport_fastrtps_cpp
[0.550s] [ 62%] Built target action_msgs__rosidl_typesupport_introspection_c
[0.557s] [ 71%] Built target action_msgs__rosidl_typesupport_fastrtps_c
[0.591s] [ 79%] Built target action_msgs__rosidl_typesupport_microxrcedds_c
[0.759s] [ 79%] Built target action_msgs
[0.825s] [ 81%] Built target action_msgs__py
[0.855s] [35m[1mConsolidate compiler generated dependencies of target action_msgs__rosidl_generator_py[0m
[0.898s] [ 88%] Built target action_msgs__rosidl_generator_py
[0.955s] [35m[1mConsolidate compiler generated dependencies of target action_msgs__rosidl_typesupport_microxrcedds_c__pyext[0m
[0.956s] [35m[1mConsolidate compiler generated dependencies of target action_msgs__rosidl_typesupport_introspection_c__pyext[0m
[0.961s] [35m[1mConsolidate compiler generated dependencies of target action_msgs__rosidl_typesupport_fastrtps_c__pyext[0m
[1.019s] [ 91%] Built target action_msgs__rosidl_typesupport_microxrcedds_c__pyext
[1.019s] [35m[1mConsolidate compiler generated dependencies of target action_msgs__rosidl_typesupport_c__pyext[0m
[1.045s] [ 94%] Built target action_msgs__rosidl_typesupport_introspection_c__pyext
[1.056s] [100%] Built target action_msgs__rosidl_typesupport_fastrtps_c__pyext
[1.063s] [100%] Built target action_msgs__rosidl_typesupport_c__pyext
[1.603s] running egg_info
[1.603s] writing action_msgs.egg-info/PKG-INFO
[1.604s] writing dependency_links to action_msgs.egg-info/dependency_links.txt
[1.604s] writing top-level names to action_msgs.egg-info/top_level.txt
[1.614s] reading manifest file 'action_msgs.egg-info/SOURCES.txt'
[1.626s] writing manifest file 'action_msgs.egg-info/SOURCES.txt'
[1.777s] [100%] Built target ament_cmake_python_build_action_msgs_egg
[1.830s] Invoked command in '/home/uwr/microROS_AUV/build/action_msgs' returned '0': CMAKE_PREFIX_PATH=/home/uwr/microROS_AUV/install/unique_identifier_msgs:/home/uwr/microROS_AUV/install/builtin_interfaces:/home/uwr/microROS_AUV/install/action_msgs:/home/uwr/microROS_AUV/install/std_srvs:/home/uwr/microROS_AUV/install/statistics_msgs:/home/uwr/microROS_AUV/install/rosidl_typesupport_microxrcedds_test_msg:/home/uwr/microROS_AUV/install/rosidl_typesupport_microxrcedds_cpp_tests:/home/uwr/microROS_AUV/install/rmw_microxrcedds:/home/uwr/microROS_AUV/install/rosidl_typesupport_microxrcedds_cpp:/home/uwr/microROS_AUV/install/rosidl_typesupport_microxrcedds_c_tests:/home/uwr/microROS_AUV/install/rosidl_typesupport_microxrcedds_c:/home/uwr/microROS_AUV/install/rosgraph_msgs:/home/uwr/microROS_AUV/install/microxrcedds_client:/home/uwr/microROS_AUV/install/microcdr:/home/uwr/microROS_AUV/install/micro_ros_utilities:/home/uwr/microROS_AUV/install/micro_ros_msgs:/home/uwr/microROS_AUV/install/complex_msgs:/home/uwr/microROS_AUV/install/micro_ros_setup:/home/uwr/microROS_AUV/install/custom_interfaces:/home/uwr/Desktop/2024_UWR/install/kalman_filter:/home/uwr/Desktop/2024_UWR/install/sonar_msgs:/home/uwr/Desktop/2024_UWR/install/ros2-driver:/home/uwr/Desktop/2024_UWR/install/oculus_interfaces:/home/uwr/Desktop/2024_UWR/install/ntrip:/home/uwr/Desktop/2024_UWR/install/adnav-driver:/home/uwr/fls_ws/install/oculus_interfaces:/home/uwr/microROS_AUV/install/control_pkg:/home/uwr/Desktop/2024_UWR/install/sonar_subs:/opt/ros/humble LD_LIBRARY_PATH=/home/uwr/microROS_AUV/install/unique_identifier_msgs/lib:/home/uwr/microROS_AUV/install/builtin_interfaces/lib:/home/uwr/microROS_AUV/install/action_msgs/lib:/home/uwr/microROS_AUV/install/std_srvs/lib:/home/uwr/microROS_AUV/install/statistics_msgs/lib:/home/uwr/microROS_AUV/install/rmw_microxrcedds/lib:/home/uwr/microROS_AUV/install/rosidl_typesupport_microxrcedds_cpp/lib:/home/uwr/microROS_AUV/install/rosidl_typesupport_microxrcedds_c/lib:/home/uwr/microROS_AUV/install/rosgraph_msgs/lib:/home/uwr/microROS_AUV/install/microxrcedds_client/lib:/home/uwr/microROS_AUV/install/microcdr/lib:/home/uwr/microROS_AUV/install/micro_ros_utilities/lib:/home/uwr/microROS_AUV/install/micro_ros_msgs/lib:/home/uwr/microROS_AUV/install/complex_msgs/lib:/home/uwr/microROS_AUV/install/custom_interfaces/lib:/home/uwr/oculus_driver/install/lib:/home/uwr/Desktop/2024_UWR/install/sonar_msgs/lib:/home/uwr/Desktop/2024_UWR/install/oculus_interfaces/lib:/home/uwr/fls_ws/install/oculus_interfaces/lib:/opt/ros/humble/opt/rviz_ogre_vendor/lib:/opt/ros/humble/lib/x86_64-linux-gnu:/opt/ros/humble/lib /usr/bin/cmake --build /home/uwr/microROS_AUV/build/action_msgs -- -j8 -l8
[2.994s] Invoking command in '/home/uwr/microROS_AUV/build/action_msgs': CMAKE_PREFIX_PATH=/home/uwr/microROS_AUV/install/unique_identifier_msgs:/home/uwr/microROS_AUV/install/builtin_interfaces:/home/uwr/microROS_AUV/install/action_msgs:/home/uwr/microROS_AUV/install/std_srvs:/home/uwr/microROS_AUV/install/statistics_msgs:/home/uwr/microROS_AUV/install/rosidl_typesupport_microxrcedds_test_msg:/home/uwr/microROS_AUV/install/rosidl_typesupport_microxrcedds_cpp_tests:/home/uwr/microROS_AUV/install/rmw_microxrcedds:/home/uwr/microROS_AUV/install/rosidl_typesupport_microxrcedds_cpp:/home/uwr/microROS_AUV/install/rosidl_typesupport_microxrcedds_c_tests:/home/uwr/microROS_AUV/install/rosidl_typesupport_microxrcedds_c:/home/uwr/microROS_AUV/install/rosgraph_msgs:/home/uwr/microROS_AUV/install/microxrcedds_client:/home/uwr/microROS_AUV/install/microcdr:/home/uwr/microROS_AUV/install/micro_ros_utilities:/home/uwr/microROS_AUV/install/micro_ros_msgs:/home/uwr/microROS_AUV/install/complex_msgs:/home/uwr/microROS_AUV/install/micro_ros_setup:/home/uwr/microROS_AUV/install/custom_interfaces:/home/uwr/Desktop/2024_UWR/install/kalman_filter:/home/uwr/Desktop/2024_UWR/install/sonar_msgs:/home/uwr/Desktop/2024_UWR/install/ros2-driver:/home/uwr/Desktop/2024_UWR/install/oculus_interfaces:/home/uwr/Desktop/2024_UWR/install/ntrip:/home/uwr/Desktop/2024_UWR/install/adnav-driver:/home/uwr/fls_ws/install/oculus_interfaces:/home/uwr/microROS_AUV/install/control_pkg:/home/uwr/Desktop/2024_UWR/install/sonar_subs:/opt/ros/humble LD_LIBRARY_PATH=/home/uwr/microROS_AUV/install/unique_identifier_msgs/lib:/home/uwr/microROS_AUV/install/builtin_interfaces/lib:/home/uwr/microROS_AUV/install/action_msgs/lib:/home/uwr/microROS_AUV/install/std_srvs/lib:/home/uwr/microROS_AUV/install/statistics_msgs/lib:/home/uwr/microROS_AUV/install/rmw_microxrcedds/lib:/home/uwr/microROS_AUV/install/rosidl_typesupport_microxrcedds_cpp/lib:/home/uwr/microROS_AUV/install/rosidl_typesupport_microxrcedds_c/lib:/home/uwr/microROS_AUV/install/rosgraph_msgs/lib:/home/uwr/microROS_AUV/install/microxrcedds_client/lib:/home/uwr/microROS_AUV/install/microcdr/lib:/home/uwr/microROS_AUV/install/micro_ros_utilities/lib:/home/uwr/microROS_AUV/install/micro_ros_msgs/lib:/home/uwr/microROS_AUV/install/complex_msgs/lib:/home/uwr/microROS_AUV/install/custom_interfaces/lib:/home/uwr/oculus_driver/install/lib:/home/uwr/Desktop/2024_UWR/install/sonar_msgs/lib:/home/uwr/Desktop/2024_UWR/install/oculus_interfaces/lib:/home/uwr/fls_ws/install/oculus_interfaces/lib:/opt/ros/humble/opt/rviz_ogre_vendor/lib:/opt/ros/humble/lib/x86_64-linux-gnu:/opt/ros/humble/lib /usr/bin/cmake --install /home/uwr/microROS_AUV/build/action_msgs
[3.034s] -- Install configuration: ""
[3.034s] -- Up-to-date: /home/uwr/microROS_AUV/install/action_msgs/share/ament_index/resource_index/rosidl_interfaces/action_msgs
[3.035s] -- Up-to-date: /home/uwr/microROS_AUV/install/action_msgs/include/action_msgs/action_msgs
[3.035s] -- Up-to-date: /home/uwr/microROS_AUV/install/action_msgs/include/action_msgs/action_msgs/msg
[3.035s] -- Up-to-date: /home/uwr/microROS_AUV/install/action_msgs/include/action_msgs/action_msgs/msg/goal_info.h
[3.035s] -- Up-to-date: /home/uwr/microROS_AUV/install/action_msgs/include/action_msgs/action_msgs/msg/goal_status.h
[3.035s] -- Up-to-date: /home/uwr/microROS_AUV/install/action_msgs/include/action_msgs/action_msgs/msg/rosidl_generator_c__visibility_control.h
[3.042s] -- Up-to-date: /home/uwr/microROS_AUV/install/action_msgs/include/action_msgs/action_msgs/msg/detail
[3.042s] -- Up-to-date: /home/uwr/microROS_AUV/install/action_msgs/include/action_msgs/action_msgs/msg/detail/goal_status__functions.h
[3.042s] -- Up-to-date: /home/uwr/microROS_AUV/install/action_msgs/include/action_msgs/action_msgs/msg/detail/goal_info__functions.h
[3.045s] -- Up-to-date: /home/uwr/microROS_AUV/install/action_msgs/include/action_msgs/action_msgs/msg/detail/goal_status__type_support.h
[3.045s] -- Up-to-date: /home/uwr/microROS_AUV/install/action_msgs/include/action_msgs/action_msgs/msg/detail/goal_status_array__functions.c
[3.045s] -- Up-to-date: /home/uwr/microROS_AUV/install/action_msgs/include/action_msgs/action_msgs/msg/detail/goal_info__functions.c
[3.046s] -- Up-to-date: /home/uwr/microROS_AUV/install/action_msgs/include/action_msgs/action_msgs/msg/detail/goal_status_array__type_support.h
[3.046s] -- Up-to-date: /home/uwr/microROS_AUV/install/action_msgs/include/action_msgs/action_msgs/msg/detail/goal_status__struct.h
[3.046s] -- Up-to-date: /home/uwr/microROS_AUV/install/action_msgs/include/action_msgs/action_msgs/msg/detail/goal_status__functions.c
[3.046s] -- Up-to-date: /home/uwr/microROS_AUV/install/action_msgs/include/action_msgs/action_msgs/msg/detail/goal_info__struct.h
[3.046s] -- Up-to-date: /home/uwr/microROS_AUV/install/action_msgs/include/action_msgs/action_msgs/msg/detail/goal_status_array__struct.h
[3.047s] -- Up-to-date: /home/uwr/microROS_AUV/install/action_msgs/include/action_msgs/action_msgs/msg/detail/goal_info__type_support.h
[3.047s] -- Up-to-date: /home/uwr/microROS_AUV/install/action_msgs/include/action_msgs/action_msgs/msg/detail/goal_status_array__functions.h
[3.051s] -- Up-to-date: /home/uwr/microROS_AUV/install/action_msgs/include/action_msgs/action_msgs/msg/goal_status_array.h
[3.051s] -- Up-to-date: /home/uwr/microROS_AUV/install/action_msgs/include/action_msgs/action_msgs/srv
[3.051s] -- Up-to-date: /home/uwr/microROS_AUV/install/action_msgs/include/action_msgs/action_msgs/srv/detail
[3.052s] -- Up-to-date: /home/uwr/microROS_AUV/install/action_msgs/include/action_msgs/action_msgs/srv/detail/cancel_goal__functions.h
[3.052s] -- Up-to-date: /home/uwr/microROS_AUV/install/action_msgs/include/action_msgs/action_msgs/srv/detail/cancel_goal__functions.c
[3.052s] -- Up-to-date: /home/uwr/microROS_AUV/install/action_msgs/include/action_msgs/action_msgs/srv/detail/cancel_goal__struct.h
[3.052s] -- Up-to-date: /home/uwr/microROS_AUV/install/action_msgs/include/action_msgs/action_msgs/srv/detail/cancel_goal__type_support.h
[3.052s] -- Up-to-date: /home/uwr/microROS_AUV/install/action_msgs/include/action_msgs/action_msgs/srv/cancel_goal.h
[3.057s] -- Up-to-date: /home/uwr/microROS_AUV/install/action_msgs/share/action_msgs/environment/library_path.sh
[3.057s] -- Up-to-date: /home/uwr/microROS_AUV/install/action_msgs/share/action_msgs/environment/library_path.dsv
[3.057s] -- Up-to-date: /home/uwr/microROS_AUV/install/action_msgs/lib/libaction_msgs__rosidl_generator_c.so
[3.058s] -- Up-to-date: /home/uwr/microROS_AUV/install/action_msgs/include/action_msgs/action_msgs
[3.058s] -- Up-to-date: /home/uwr/microROS_AUV/install/action_msgs/include/action_msgs/action_msgs/msg
[3.058s] -- Up-to-date: /home/uwr/microROS_AUV/install/action_msgs/include/action_msgs/action_msgs/msg/detail
[3.058s] -- Up-to-date: /home/uwr/microROS_AUV/install/action_msgs/include/action_msgs/action_msgs/msg/detail/goal_status_array__rosidl_typesupport_fastrtps_c.h
[3.059s] -- Up-to-date: /home/uwr/microROS_AUV/install/action_msgs/include/action_msgs/action_msgs/msg/detail/goal_info__rosidl_typesupport_fastrtps_c.h
[3.059s] -- Up-to-date: /home/uwr/microROS_AUV/install/action_msgs/include/action_msgs/action_msgs/msg/detail/goal_status__rosidl_typesupport_fastrtps_c.h
[3.059s] -- Up-to-date: /home/uwr/microROS_AUV/install/action_msgs/include/action_msgs/action_msgs/msg/rosidl_typesupport_fastrtps_c__visibility_control.h
[3.060s] -- Up-to-date: /home/uwr/microROS_AUV/install/action_msgs/include/action_msgs/action_msgs/srv
[3.061s] -- Up-to-date: /home/uwr/microROS_AUV/install/action_msgs/include/action_msgs/action_msgs/srv/detail
[3.061s] -- Up-to-date: /home/uwr/microROS_AUV/install/action_msgs/include/action_msgs/action_msgs/srv/detail/cancel_goal__rosidl_typesupport_fastrtps_c.h
[3.063s] -- Up-to-date: /home/uwr/microROS_AUV/install/action_msgs/lib/libaction_msgs__rosidl_typesupport_fastrtps_c.so
[3.063s] -- Up-to-date: /home/uwr/microROS_AUV/install/action_msgs/include/action_msgs/action_msgs
[3.063s] -- Up-to-date: /home/uwr/microROS_AUV/install/action_msgs/include/action_msgs/action_msgs/msg
[3.065s] -- Up-to-date: /home/uwr/microROS_AUV/install/action_msgs/include/action_msgs/action_msgs/msg/goal_status_array.hpp
[3.065s] -- Up-to-date: /home/uwr/microROS_AUV/install/action_msgs/include/action_msgs/action_msgs/msg/goal_info.hpp
[3.069s] -- Up-to-date: /home/uwr/microROS_AUV/install/action_msgs/include/action_msgs/action_msgs/msg/detail
[3.069s] -- Up-to-date: /home/uwr/microROS_AUV/install/action_msgs/include/action_msgs/action_msgs/msg/detail/goal_status_array__traits.hpp
[3.070s] -- Up-to-date: /home/uwr/microROS_AUV/install/action_msgs/include/action_msgs/action_msgs/msg/detail/goal_status__builder.hpp
[3.070s] -- Up-to-date: /home/uwr/microROS_AUV/install/action_msgs/include/action_msgs/action_msgs/msg/detail/goal_status_array__builder.hpp
[3.070s] -- Up-to-date: /home/uwr/microROS_AUV/install/action_msgs/include/action_msgs/action_msgs/msg/detail/goal_status_array__struct.hpp
[3.070s] -- Up-to-date: /home/uwr/microROS_AUV/install/action_msgs/include/action_msgs/action_msgs/msg/detail/goal_info__struct.hpp
[3.070s] -- Up-to-date: /home/uwr/microROS_AUV/install/action_msgs/include/action_msgs/action_msgs/msg/detail/goal_info__builder.hpp
[3.072s] -- Up-to-date: /home/uwr/microROS_AUV/install/action_msgs/include/action_msgs/action_msgs/msg/detail/goal_status__struct.hpp
[3.072s] -- Up-to-date: /home/uwr/microROS_AUV/install/action_msgs/include/action_msgs/action_msgs/msg/detail/goal_info__traits.hpp
[3.072s] -- Up-to-date: /home/uwr/microROS_AUV/install/action_msgs/include/action_msgs/action_msgs/msg/detail/goal_status__traits.hpp
[3.072s] -- Up-to-date: /home/uwr/microROS_AUV/install/action_msgs/include/action_msgs/action_msgs/msg/goal_status.hpp
[3.073s] -- Up-to-date: /home/uwr/microROS_AUV/install/action_msgs/include/action_msgs/action_msgs/srv
[3.073s] -- Up-to-date: /home/uwr/microROS_AUV/install/action_msgs/include/action_msgs/action_msgs/srv/cancel_goal.hpp
[3.073s] -- Up-to-date: /home/uwr/microROS_AUV/install/action_msgs/include/action_msgs/action_msgs/srv/detail
[3.073s] -- Up-to-date: /home/uwr/microROS_AUV/install/action_msgs/include/action_msgs/action_msgs/srv/detail/cancel_goal__builder.hpp
[3.074s] -- Up-to-date: /home/uwr/microROS_AUV/install/action_msgs/include/action_msgs/action_msgs/srv/detail/cancel_goal__traits.hpp
[3.074s] -- Up-to-date: /home/uwr/microROS_AUV/install/action_msgs/include/action_msgs/action_msgs/srv/detail/cancel_goal__struct.hpp
[3.074s] -- Up-to-date: /home/uwr/microROS_AUV/install/action_msgs/include/action_msgs/action_msgs
[3.074s] -- Up-to-date: /home/uwr/microROS_AUV/install/action_msgs/include/action_msgs/action_msgs/msg
[3.075s] -- Up-to-date: /home/uwr/microROS_AUV/install/action_msgs/include/action_msgs/action_msgs/msg/detail
[3.075s] -- Up-to-date: /home/uwr/microROS_AUV/install/action_msgs/include/action_msgs/action_msgs/msg/detail/goal_status__rosidl_typesupport_fastrtps_cpp.hpp
[3.075s] -- Up-to-date: /home/uwr/microROS_AUV/install/action_msgs/include/action_msgs/action_msgs/msg/detail/goal_info__rosidl_typesupport_fastrtps_cpp.hpp
[3.075s] -- Up-to-date: /home/uwr/microROS_AUV/install/action_msgs/include/action_msgs/action_msgs/msg/detail/goal_status_array__rosidl_typesupport_fastrtps_cpp.hpp
[3.076s] -- Up-to-date: /home/uwr/microROS_AUV/install/action_msgs/include/action_msgs/action_msgs/msg/detail/dds_fastrtps
[3.076s] -- Up-to-date: /home/uwr/microROS_AUV/install/action_msgs/include/action_msgs/action_msgs/msg/rosidl_typesupport_fastrtps_cpp__visibility_control.h
[3.076s] -- Up-to-date: /home/uwr/microROS_AUV/install/action_msgs/include/action_msgs/action_msgs/srv
[3.076s] -- Up-to-date: /home/uwr/microROS_AUV/install/action_msgs/include/action_msgs/action_msgs/srv/detail
[3.076s] -- Up-to-date: /home/uwr/microROS_AUV/install/action_msgs/include/action_msgs/action_msgs/srv/detail/cancel_goal__rosidl_typesupport_fastrtps_cpp.hpp
[3.076s] -- Up-to-date: /home/uwr/microROS_AUV/install/action_msgs/include/action_msgs/action_msgs/srv/detail/dds_fastrtps
[3.077s] -- Up-to-date: /home/uwr/microROS_AUV/install/action_msgs/lib/libaction_msgs__rosidl_typesupport_fastrtps_cpp.so
[3.077s] -- Up-to-date: /home/uwr/microROS_AUV/install/action_msgs/include/action_msgs
[3.077s] -- Up-to-date: /home/uwr/microROS_AUV/install/action_msgs/include/action_msgs/msg
[3.077s] -- Up-to-date: /home/uwr/microROS_AUV/install/action_msgs/include/action_msgs/msg/rosidl_typesupport_microxrcedds_c__visibility_control.h
[3.080s] -- Up-to-date: /home/uwr/microROS_AUV/install/action_msgs/include/action_msgs/msg/detail
[3.081s] -- Up-to-date: /home/uwr/microROS_AUV/install/action_msgs/include/action_msgs/msg/detail/goal_status__rosidl_typesupport_microxrcedds_c.h
[3.081s] -- Up-to-date: /home/uwr/microROS_AUV/install/action_msgs/include/action_msgs/msg/detail/goal_info__rosidl_typesupport_microxrcedds_c.h
[3.081s] -- Up-to-date: /home/uwr/microROS_AUV/install/action_msgs/include/action_msgs/msg/detail/goal_status_array__rosidl_typesupport_microxrcedds_c.h
[3.081s] -- Up-to-date: /home/uwr/microROS_AUV/install/action_msgs/include/action_msgs/msg/detail/microxrcedds
[3.081s] -- Up-to-date: /home/uwr/microROS_AUV/install/action_msgs/include/action_msgs/srv
[3.081s] -- Up-to-date: /home/uwr/microROS_AUV/install/action_msgs/include/action_msgs/srv/detail
[3.082s] -- Up-to-date: /home/uwr/microROS_AUV/install/action_msgs/include/action_msgs/srv/detail/cancel_goal__rosidl_typesupport_microxrcedds_c.h
[3.083s] -- Up-to-date: /home/uwr/microROS_AUV/install/action_msgs/include/action_msgs/srv/detail/microxrcedds
[3.083s] -- Up-to-date: /home/uwr/microROS_AUV/install/action_msgs/lib/libaction_msgs__rosidl_typesupport_microxrcedds_c.so
[3.083s] -- Up-to-date: /home/uwr/microROS_AUV/install/action_msgs/include/action_msgs/action_msgs
[3.083s] -- Up-to-date: /home/uwr/microROS_AUV/install/action_msgs/include/action_msgs/action_msgs/msg
[3.083s] -- Up-to-date: /home/uwr/microROS_AUV/install/action_msgs/include/action_msgs/action_msgs/msg/rosidl_typesupport_introspection_c__visibility_control.h
[3.084s] -- Up-to-date: /home/uwr/microROS_AUV/install/action_msgs/include/action_msgs/action_msgs/msg/detail
[3.084s] -- Up-to-date: /home/uwr/microROS_AUV/install/action_msgs/include/action_msgs/action_msgs/msg/detail/goal_info__rosidl_typesupport_introspection_c.h
[3.084s] -- Up-to-date: /home/uwr/microROS_AUV/install/action_msgs/include/action_msgs/action_msgs/msg/detail/goal_status__type_support.c
[3.085s] -- Up-to-date: /home/uwr/microROS_AUV/install/action_msgs/include/action_msgs/action_msgs/msg/detail/goal_status__rosidl_typesupport_introspection_c.h
[3.085s] -- Up-to-date: /home/uwr/microROS_AUV/install/action_msgs/include/action_msgs/action_msgs/msg/detail/goal_status_array__type_support.c
[3.087s] -- Up-to-date: /home/uwr/microROS_AUV/install/action_msgs/include/action_msgs/action_msgs/msg/detail/goal_info__type_support.c
[3.090s] -- Up-to-date: /home/uwr/microROS_AUV/install/action_msgs/include/action_msgs/action_msgs/msg/detail/goal_status_array__rosidl_typesupport_introspection_c.h
[3.090s] -- Up-to-date: /home/uwr/microROS_AUV/install/action_msgs/include/action_msgs/action_msgs/srv
[3.091s] -- Up-to-date: /home/uwr/microROS_AUV/install/action_msgs/include/action_msgs/action_msgs/srv/detail
[3.091s] -- Up-to-date: /home/uwr/microROS_AUV/install/action_msgs/include/action_msgs/action_msgs/srv/detail/cancel_goal__rosidl_typesupport_introspection_c.h
[3.091s] -- Up-to-date: /home/uwr/microROS_AUV/install/action_msgs/include/action_msgs/action_msgs/srv/detail/cancel_goal__type_support.c
[3.091s] -- Up-to-date: /home/uwr/microROS_AUV/install/action_msgs/lib/libaction_msgs__rosidl_typesupport_introspection_c.so
[3.091s] -- Up-to-date: /home/uwr/microROS_AUV/install/action_msgs/lib/libaction_msgs__rosidl_typesupport_c.so
[3.092s] -- Up-to-date: /home/uwr/microROS_AUV/install/action_msgs/include/action_msgs
[3.092s] -- Up-to-date: /home/uwr/microROS_AUV/install/action_msgs/include/action_msgs/msg
[3.092s] -- Up-to-date: /home/uwr/microROS_AUV/install/action_msgs/include/action_msgs/msg/rosidl_typesupport_microxrcedds_cpp__visibility_control.h
[3.092s] -- Up-to-date: /home/uwr/microROS_AUV/install/action_msgs/include/action_msgs/msg/detail
[3.092s] -- Up-to-date: /home/uwr/microROS_AUV/install/action_msgs/include/action_msgs/msg/detail/goal_status__rosidl_typesupport_microxrcedds_cpp.hpp
[3.092s] -- Up-to-date: /home/uwr/microROS_AUV/install/action_msgs/include/action_msgs/msg/detail/goal_info__rosidl_typesupport_microxrcedds_cpp.hpp
[3.093s] -- Up-to-date: /home/uwr/microROS_AUV/install/action_msgs/include/action_msgs/msg/detail/goal_status_array__rosidl_typesupport_microxrcedds_cpp.hpp
[3.093s] -- Up-to-date: /home/uwr/microROS_AUV/install/action_msgs/include/action_msgs/msg/detail/microxrcedds
[3.093s] -- Up-to-date: /home/uwr/microROS_AUV/install/action_msgs/include/action_msgs/msg/detail/microxrcedds/goal_info__type_support_cpp.cpp
[3.093s] -- Up-to-date: /home/uwr/microROS_AUV/install/action_msgs/include/action_msgs/msg/detail/microxrcedds/goal_status_array__type_support_cpp.cpp
[3.093s] -- Up-to-date: /home/uwr/microROS_AUV/install/action_msgs/include/action_msgs/msg/detail/microxrcedds/goal_status__type_support_cpp.cpp
[3.094s] -- Up-to-date: /home/uwr/microROS_AUV/install/action_msgs/include/action_msgs/srv
[3.094s] -- Up-to-date: /home/uwr/microROS_AUV/install/action_msgs/include/action_msgs/srv/detail
[3.094s] -- Up-to-date: /home/uwr/microROS_AUV/install/action_msgs/include/action_msgs/srv/detail/cancel_goal__rosidl_typesupport_microxrcedds_cpp.hpp
[3.094s] -- Up-to-date: /home/uwr/microROS_AUV/install/action_msgs/include/action_msgs/srv/detail/microxrcedds
[3.094s] -- Up-to-date: /home/uwr/microROS_AUV/install/action_msgs/include/action_msgs/srv/detail/microxrcedds/cancel_goal__type_support_cpp.cpp
[3.094s] -- Up-to-date: /home/uwr/microROS_AUV/install/action_msgs/lib/libaction_msgs__rosidl_typesupport_microxrcedds_cpp.so
[3.095s] -- Up-to-date: /home/uwr/microROS_AUV/install/action_msgs/include/action_msgs/action_msgs
[3.095s] -- Up-to-date: /home/uwr/microROS_AUV/install/action_msgs/include/action_msgs/action_msgs/msg
[3.095s] -- Up-to-date: /home/uwr/microROS_AUV/install/action_msgs/include/action_msgs/action_msgs/msg/detail
[3.095s] -- Up-to-date: /home/uwr/microROS_AUV/install/action_msgs/include/action_msgs/action_msgs/msg/detail/goal_status_array__type_support.cpp
[3.096s] -- Up-to-date: /home/uwr/microROS_AUV/install/action_msgs/include/action_msgs/action_msgs/msg/detail/goal_status_array__rosidl_typesupport_introspection_cpp.hpp
[3.096s] -- Up-to-date: /home/uwr/microROS_AUV/install/action_msgs/include/action_msgs/action_msgs/msg/detail/goal_info__rosidl_typesupport_introspection_cpp.hpp
[3.096s] -- Up-to-date: /home/uwr/microROS_AUV/install/action_msgs/include/action_msgs/action_msgs/msg/detail/goal_info__type_support.cpp
[3.096s] -- Up-to-date: /home/uwr/microROS_AUV/install/action_msgs/include/action_msgs/action_msgs/msg/detail/goal_status__type_support.cpp
[3.097s] -- Up-to-date: /home/uwr/microROS_AUV/install/action_msgs/include/action_msgs/action_msgs/msg/detail/goal_status__rosidl_typesupport_introspection_cpp.hpp
[3.097s] -- Up-to-date: /home/uwr/microROS_AUV/install/action_msgs/include/action_msgs/action_msgs/srv
[3.097s] -- Up-to-date: /home/uwr/microROS_AUV/install/action_msgs/include/action_msgs/action_msgs/srv/detail
[3.097s] -- Up-to-date: /home/uwr/microROS_AUV/install/action_msgs/include/action_msgs/action_msgs/srv/detail/cancel_goal__rosidl_typesupport_introspection_cpp.hpp
[3.097s] -- Up-to-date: /home/uwr/microROS_AUV/install/action_msgs/include/action_msgs/action_msgs/srv/detail/cancel_goal__type_support.cpp
[3.097s] -- Up-to-date: /home/uwr/microROS_AUV/install/action_msgs/lib/libaction_msgs__rosidl_typesupport_introspection_cpp.so
[3.098s] -- Up-to-date: /home/uwr/microROS_AUV/install/action_msgs/lib/libaction_msgs__rosidl_typesupport_cpp.so
[3.098s] -- Up-to-date: /home/uwr/microROS_AUV/install/action_msgs/share/action_msgs/environment/pythonpath.sh
[3.098s] -- Up-to-date: /home/uwr/microROS_AUV/install/action_msgs/share/action_msgs/environment/pythonpath.dsv
[3.098s] -- Up-to-date: /home/uwr/microROS_AUV/install/action_msgs/local/lib/python3.10/dist-packages/action_msgs-1.2.2-py3.10.egg-info
[3.098s] -- Installing: /home/uwr/microROS_AUV/install/action_msgs/local/lib/python3.10/dist-packages/action_msgs-1.2.2-py3.10.egg-info/top_level.txt
[3.099s] -- Installing: /home/uwr/microROS_AUV/install/action_msgs/local/lib/python3.10/dist-packages/action_msgs-1.2.2-py3.10.egg-info/dependency_links.txt
[3.099s] -- Installing: /home/uwr/microROS_AUV/install/action_msgs/local/lib/python3.10/dist-packages/action_msgs-1.2.2-py3.10.egg-info/PKG-INFO
[3.099s] -- Installing: /home/uwr/microROS_AUV/install/action_msgs/local/lib/python3.10/dist-packages/action_msgs-1.2.2-py3.10.egg-info/SOURCES.txt
[3.102s] -- Up-to-date: /home/uwr/microROS_AUV/install/action_msgs/local/lib/python3.10/dist-packages/action_msgs
[3.103s] -- Up-to-date: /home/uwr/microROS_AUV/install/action_msgs/local/lib/python3.10/dist-packages/action_msgs/action_msgs_s__rosidl_typesupport_microxrcedds_c.cpython-310-x86_64-linux-gnu.so
[3.103s] -- Up-to-date: /home/uwr/microROS_AUV/install/action_msgs/local/lib/python3.10/dist-packages/action_msgs/_action_msgs_s.ep.rosidl_typesupport_introspection_c.c
[3.103s] -- Up-to-date: /home/uwr/microROS_AUV/install/action_msgs/local/lib/python3.10/dist-packages/action_msgs/action_msgs_s__rosidl_typesupport_fastrtps_c.cpython-310-x86_64-linux-gnu.so
[3.103s] -- Up-to-date: /home/uwr/microROS_AUV/install/action_msgs/local/lib/python3.10/dist-packages/action_msgs/action_msgs_s__rosidl_typesupport_introspection_c.cpython-310-x86_64-linux-gnu.so
[3.103s] -- Up-to-date: /home/uwr/microROS_AUV/install/action_msgs/local/lib/python3.10/dist-packages/action_msgs/action_msgs_s__rosidl_typesupport_c.cpython-310-x86_64-linux-gnu.so
[3.111s] -- Up-to-date: /home/uwr/microROS_AUV/install/action_msgs/local/lib/python3.10/dist-packages/action_msgs/msg
[3.111s] -- Up-to-date: /home/uwr/microROS_AUV/install/action_msgs/local/lib/python3.10/dist-packages/action_msgs/msg/_goal_status_array_s.c
[3.112s] -- Up-to-date: /home/uwr/microROS_AUV/install/action_msgs/local/lib/python3.10/dist-packages/action_msgs/msg/_goal_info.py
[3.113s] -- Up-to-date: /home/uwr/microROS_AUV/install/action_msgs/local/lib/python3.10/dist-packages/action_msgs/msg/_goal_status_array.py
[3.113s] -- Up-to-date: /home/uwr/microROS_AUV/install/action_msgs/local/lib/python3.10/dist-packages/action_msgs/msg/_goal_info_s.c
[3.113s] -- Up-to-date: /home/uwr/microROS_AUV/install/action_msgs/local/lib/python3.10/dist-packages/action_msgs/msg/_goal_status.py
[3.113s] -- Up-to-date: /home/uwr/microROS_AUV/install/action_msgs/local/lib/python3.10/dist-packages/action_msgs/msg/__init__.py
[3.114s] -- Up-to-date: /home/uwr/microROS_AUV/install/action_msgs/local/lib/python3.10/dist-packages/action_msgs/msg/_goal_status_s.c
[3.114s] -- Up-to-date: /home/uwr/microROS_AUV/install/action_msgs/local/lib/python3.10/dist-packages/action_msgs/_action_msgs_s.ep.rosidl_typesupport_microxrcedds_c.c
[3.114s] -- Up-to-date: /home/uwr/microROS_AUV/install/action_msgs/local/lib/python3.10/dist-packages/action_msgs/__init__.py
[3.114s] -- Up-to-date: /home/uwr/microROS_AUV/install/action_msgs/local/lib/python3.10/dist-packages/action_msgs/_action_msgs_s.ep.rosidl_typesupport_fastrtps_c.c
[3.114s] -- Up-to-date: /home/uwr/microROS_AUV/install/action_msgs/local/lib/python3.10/dist-packages/action_msgs/_action_msgs_s.ep.rosidl_typesupport_c.c
[3.114s] -- Up-to-date: /home/uwr/microROS_AUV/install/action_msgs/local/lib/python3.10/dist-packages/action_msgs/libaction_msgs__rosidl_generator_py.so
[3.115s] -- Up-to-date: /home/uwr/microROS_AUV/install/action_msgs/local/lib/python3.10/dist-packages/action_msgs/srv
[3.115s] -- Up-to-date: /home/uwr/microROS_AUV/install/action_msgs/local/lib/python3.10/dist-packages/action_msgs/srv/_cancel_goal.py
[3.118s] -- Up-to-date: /home/uwr/microROS_AUV/install/action_msgs/local/lib/python3.10/dist-packages/action_msgs/srv/_cancel_goal_s.c
[3.118s] -- Up-to-date: /home/uwr/microROS_AUV/install/action_msgs/local/lib/python3.10/dist-packages/action_msgs/srv/__init__.py
[3.196s] Listing '/home/uwr/microROS_AUV/install/action_msgs/local/lib/python3.10/dist-packages/action_msgs'...
[3.197s] Listing '/home/uwr/microROS_AUV/install/action_msgs/local/lib/python3.10/dist-packages/action_msgs/msg'...
[3.197s] Listing '/home/uwr/microROS_AUV/install/action_msgs/local/lib/python3.10/dist-packages/action_msgs/srv'...
[3.221s] -- Up-to-date: /home/uwr/microROS_AUV/install/action_msgs/local/lib/python3.10/dist-packages/action_msgs/action_msgs_s__rosidl_typesupport_microxrcedds_c.cpython-310-x86_64-linux-gnu.so
[3.223s] -- Up-to-date: /home/uwr/microROS_AUV/install/action_msgs/local/lib/python3.10/dist-packages/action_msgs/action_msgs_s__rosidl_typesupport_fastrtps_c.cpython-310-x86_64-linux-gnu.so
[3.225s] -- Up-to-date: /home/uwr/microROS_AUV/install/action_msgs/local/lib/python3.10/dist-packages/action_msgs/action_msgs_s__rosidl_typesupport_introspection_c.cpython-310-x86_64-linux-gnu.so
[3.226s] -- Up-to-date: /home/uwr/microROS_AUV/install/action_msgs/local/lib/python3.10/dist-packages/action_msgs/action_msgs_s__rosidl_typesupport_c.cpython-310-x86_64-linux-gnu.so
[3.236s] -- Up-to-date: /home/uwr/microROS_AUV/install/action_msgs/lib/libaction_msgs__rosidl_generator_py.so
[3.236s] -- Up-to-date: /home/uwr/microROS_AUV/install/action_msgs/share/action_msgs/msg/GoalInfo.idl
[3.236s] -- Up-to-date: /home/uwr/microROS_AUV/install/action_msgs/share/action_msgs/msg/GoalStatus.idl
[3.237s] -- Up-to-date: /home/uwr/microROS_AUV/install/action_msgs/share/action_msgs/msg/GoalStatusArray.idl
[3.244s] -- Up-to-date: /home/uwr/microROS_AUV/install/action_msgs/share/action_msgs/srv/CancelGoal.idl
[3.244s] -- Up-to-date: /home/uwr/microROS_AUV/install/action_msgs/share/action_msgs/msg/GoalInfo.msg
[3.244s] -- Up-to-date: /home/uwr/microROS_AUV/install/action_msgs/share/action_msgs/msg/GoalStatus.msg
[3.245s] -- Up-to-date: /home/uwr/microROS_AUV/install/action_msgs/share/action_msgs/msg/GoalStatusArray.msg
[3.245s] -- Up-to-date: /home/uwr/microROS_AUV/install/action_msgs/share/action_msgs/srv/CancelGoal.srv
[3.245s] -- Up-to-date: /home/uwr/microROS_AUV/install/action_msgs/share/action_msgs/srv/CancelGoal_Request.msg
[3.245s] -- Up-to-date: /home/uwr/microROS_AUV/install/action_msgs/share/action_msgs/srv/CancelGoal_Response.msg
[3.245s] -- Up-to-date: /home/uwr/microROS_AUV/install/action_msgs/share/ament_index/resource_index/package_run_dependencies/action_msgs
[3.284s] -- Up-to-date: /home/uwr/microROS_AUV/install/action_msgs/share/ament_index/resource_index/parent_prefix_path/action_msgs
[3.285s] -- Up-to-date: /home/uwr/microROS_AUV/install/action_msgs/share/action_msgs/environment/ament_prefix_path.sh
[3.285s] -- Up-to-date: /home/uwr/microROS_AUV/install/action_msgs/share/action_msgs/environment/ament_prefix_path.dsv
[3.285s] -- Up-to-date: /home/uwr/microROS_AUV/install/action_msgs/share/action_msgs/environment/path.sh
[3.285s] -- Up-to-date: /home/uwr/microROS_AUV/install/action_msgs/share/action_msgs/environment/path.dsv
[3.285s] -- Up-to-date: /home/uwr/microROS_AUV/install/action_msgs/share/action_msgs/local_setup.bash
[3.286s] -- Up-to-date: /home/uwr/microROS_AUV/install/action_msgs/share/action_msgs/local_setup.sh
[3.286s] -- Up-to-date: /home/uwr/microROS_AUV/install/action_msgs/share/action_msgs/local_setup.zsh
[3.286s] -- Up-to-date: /home/uwr/microROS_AUV/install/action_msgs/share/action_msgs/local_setup.dsv
[3.286s] -- Installing: /home/uwr/microROS_AUV/install/action_msgs/share/action_msgs/package.dsv
[3.286s] -- Up-to-date: /home/uwr/microROS_AUV/install/action_msgs/share/ament_index/resource_index/packages/action_msgs
[3.286s] -- Up-to-date: /home/uwr/microROS_AUV/install/action_msgs/share/action_msgs/cmake/export_action_msgs__rosidl_generator_cExport.cmake
[3.287s] -- Up-to-date: /home/uwr/microROS_AUV/install/action_msgs/share/action_msgs/cmake/export_action_msgs__rosidl_generator_cExport-noconfig.cmake
[3.297s] -- Up-to-date: /home/uwr/microROS_AUV/install/action_msgs/share/action_msgs/cmake/export_action_msgs__rosidl_typesupport_fastrtps_cExport.cmake
[3.297s] -- Up-to-date: /home/uwr/microROS_AUV/install/action_msgs/share/action_msgs/cmake/export_action_msgs__rosidl_typesupport_fastrtps_cExport-noconfig.cmake
[3.297s] -- Up-to-date: /home/uwr/microROS_AUV/install/action_msgs/share/action_msgs/cmake/export_action_msgs__rosidl_generator_cppExport.cmake
[3.297s] -- Up-to-date: /home/uwr/microROS_AUV/install/action_msgs/share/action_msgs/cmake/export_action_msgs__rosidl_typesupport_fastrtps_cppExport.cmake
[3.297s] -- Up-to-date: /home/uwr/microROS_AUV/install/action_msgs/share/action_msgs/cmake/export_action_msgs__rosidl_typesupport_fastrtps_cppExport-noconfig.cmake
[3.298s] -- Up-to-date: /home/uwr/microROS_AUV/install/action_msgs/share/action_msgs/cmake/action_msgs__rosidl_typesupport_introspection_cExport.cmake
[3.298s] -- Up-to-date: /home/uwr/microROS_AUV/install/action_msgs/share/action_msgs/cmake/action_msgs__rosidl_typesupport_introspection_cExport-noconfig.cmake
[3.298s] -- Up-to-date: /home/uwr/microROS_AUV/install/action_msgs/share/action_msgs/cmake/action_msgs__rosidl_typesupport_cExport.cmake
[3.298s] -- Up-to-date: /home/uwr/microROS_AUV/install/action_msgs/share/action_msgs/cmake/action_msgs__rosidl_typesupport_cExport-noconfig.cmake
[3.298s] -- Up-to-date: /home/uwr/microROS_AUV/install/action_msgs/share/action_msgs/cmake/action_msgs__rosidl_typesupport_introspection_cppExport.cmake
[3.299s] -- Up-to-date: /home/uwr/microROS_AUV/install/action_msgs/share/action_msgs/cmake/action_msgs__rosidl_typesupport_introspection_cppExport-noconfig.cmake
[3.299s] -- Up-to-date: /home/uwr/microROS_AUV/install/action_msgs/share/action_msgs/cmake/action_msgs__rosidl_typesupport_cppExport.cmake
[3.299s] -- Up-to-date: /home/uwr/microROS_AUV/install/action_msgs/share/action_msgs/cmake/action_msgs__rosidl_typesupport_cppExport-noconfig.cmake
[3.299s] -- Up-to-date: /home/uwr/microROS_AUV/install/action_msgs/share/action_msgs/cmake/export_action_msgs__rosidl_generator_pyExport.cmake
[3.299s] -- Up-to-date: /home/uwr/microROS_AUV/install/action_msgs/share/action_msgs/cmake/export_action_msgs__rosidl_generator_pyExport-noconfig.cmake
[3.303s] -- Up-to-date: /home/uwr/microROS_AUV/install/action_msgs/share/action_msgs/cmake/rosidl_cmake-extras.cmake
[3.304s] -- Up-to-date: /home/uwr/microROS_AUV/install/action_msgs/share/action_msgs/cmake/ament_cmake_export_dependencies-extras.cmake
[3.304s] -- Up-to-date: /home/uwr/microROS_AUV/install/action_msgs/share/action_msgs/cmake/ament_cmake_export_include_directories-extras.cmake
[3.304s] -- Up-to-date: /home/uwr/microROS_AUV/install/action_msgs/share/action_msgs/cmake/ament_cmake_export_libraries-extras.cmake
[3.304s] -- Up-to-date: /home/uwr/microROS_AUV/install/action_msgs/share/action_msgs/cmake/ament_cmake_export_targets-extras.cmake
[3.304s] -- Up-to-date: /home/uwr/microROS_AUV/install/action_msgs/share/action_msgs/cmake/rosidl_cmake_export_typesupport_targets-extras.cmake
[3.305s] -- Up-to-date: /home/uwr/microROS_AUV/install/action_msgs/share/action_msgs/cmake/rosidl_cmake_export_typesupport_libraries-extras.cmake
[3.305s] -- Up-to-date: /home/uwr/microROS_AUV/install/action_msgs/share/action_msgs/cmake/action_msgsConfig.cmake
[3.305s] -- Up-to-date: /home/uwr/microROS_AUV/install/action_msgs/share/action_msgs/cmake/action_msgsConfig-version.cmake
[3.305s] -- Up-to-date: /home/uwr/microROS_AUV/install/action_msgs/share/action_msgs/package.xml
[3.312s] Invoked command in '/home/uwr/microROS_AUV/build/action_msgs' returned '0': CMAKE_PREFIX_PATH=/home/uwr/microROS_AUV/install/unique_identifier_msgs:/home/uwr/microROS_AUV/install/builtin_interfaces:/home/uwr/microROS_AUV/install/action_msgs:/home/uwr/microROS_AUV/install/std_srvs:/home/uwr/microROS_AUV/install/statistics_msgs:/home/uwr/microROS_AUV/install/rosidl_typesupport_microxrcedds_test_msg:/home/uwr/microROS_AUV/install/rosidl_typesupport_microxrcedds_cpp_tests:/home/uwr/microROS_AUV/install/rmw_microxrcedds:/home/uwr/microROS_AUV/install/rosidl_typesupport_microxrcedds_cpp:/home/uwr/microROS_AUV/install/rosidl_typesupport_microxrcedds_c_tests:/home/uwr/microROS_AUV/install/rosidl_typesupport_microxrcedds_c:/home/uwr/microROS_AUV/install/rosgraph_msgs:/home/uwr/microROS_AUV/install/microxrcedds_client:/home/uwr/microROS_AUV/install/microcdr:/home/uwr/microROS_AUV/install/micro_ros_utilities:/home/uwr/microROS_AUV/install/micro_ros_msgs:/home/uwr/microROS_AUV/install/complex_msgs:/home/uwr/microROS_AUV/install/micro_ros_setup:/home/uwr/microROS_AUV/install/custom_interfaces:/home/uwr/Desktop/2024_UWR/install/kalman_filter:/home/uwr/Desktop/2024_UWR/install/sonar_msgs:/home/uwr/Desktop/2024_UWR/install/ros2-driver:/home/uwr/Desktop/2024_UWR/install/oculus_interfaces:/home/uwr/Desktop/2024_UWR/install/ntrip:/home/uwr/Desktop/2024_UWR/install/adnav-driver:/home/uwr/fls_ws/install/oculus_interfaces:/home/uwr/microROS_AUV/install/control_pkg:/home/uwr/Desktop/2024_UWR/install/sonar_subs:/opt/ros/humble LD_LIBRARY_PATH=/home/uwr/microROS_AUV/install/unique_identifier_msgs/lib:/home/uwr/microROS_AUV/install/builtin_interfaces/lib:/home/uwr/microROS_AUV/install/action_msgs/lib:/home/uwr/microROS_AUV/install/std_srvs/lib:/home/uwr/microROS_AUV/install/statistics_msgs/lib:/home/uwr/microROS_AUV/install/rmw_microxrcedds/lib:/home/uwr/microROS_AUV/install/rosidl_typesupport_microxrcedds_cpp/lib:/home/uwr/microROS_AUV/install/rosidl_typesupport_microxrcedds_c/lib:/home/uwr/microROS_AUV/install/rosgraph_msgs/lib:/home/uwr/microROS_AUV/install/microxrcedds_client/lib:/home/uwr/microROS_AUV/install/microcdr/lib:/home/uwr/microROS_AUV/install/micro_ros_utilities/lib:/home/uwr/microROS_AUV/install/micro_ros_msgs/lib:/home/uwr/microROS_AUV/install/complex_msgs/lib:/home/uwr/microROS_AUV/install/custom_interfaces/lib:/home/uwr/oculus_driver/install/lib:/home/uwr/Desktop/2024_UWR/install/sonar_msgs/lib:/home/uwr/Desktop/2024_UWR/install/oculus_interfaces/lib:/home/uwr/fls_ws/install/oculus_interfaces/lib:/opt/ros/humble/opt/rviz_ogre_vendor/lib:/opt/ros/humble/lib/x86_64-linux-gnu:/opt/ros/humble/lib /usr/bin/cmake --install /home/uwr/microROS_AUV/build/action_msgs
