[35m[1mConsolidate compiler generated dependencies of target std_msgs__rosidl_generator_c[0m
[  0%] Built target std_msgs__cpp
[ 10%] Built target std_msgs__rosidl_generator_c
[ 10%] Built target ament_cmake_python_copy_std_msgs
[35m[1mConsolidate compiler generated dependencies of target std_msgs__rosidl_typesupport_introspection_cpp[0m
[35m[1mConsolidate compiler generated dependencies of target std_msgs__rosidl_typesupport_fastrtps_cpp[0m
[35m[1mConsolidate compiler generated dependencies of target std_msgs__rosidl_typesupport_cpp[0m
[35m[1mConsolidate compiler generated dependencies of target std_msgs__rosidl_typesupport_microxrcedds_cpp[0m
[35m[1mConsolidate compiler generated dependencies of target std_msgs__rosidl_typesupport_introspection_c[0m
[35m[1mConsolidate compiler generated dependencies of target std_msgs__rosidl_typesupport_microxrcedds_c[0m
[35m[1mConsolidate compiler generated dependencies of target std_msgs__rosidl_typesupport_fastrtps_c[0m
[35m[1mConsolidate compiler generated dependencies of target std_msgs__rosidl_typesupport_c[0m
[ 19%] Built target std_msgs__rosidl_typesupport_introspection_cpp
[ 29%] Built target std_msgs__rosidl_typesupport_c
[ 39%] Built target std_msgs__rosidl_typesupport_microxrcedds_c
[ 48%] Built target std_msgs__rosidl_typesupport_cpp
[ 58%] Built target std_msgs__rosidl_typesupport_introspection_c
[ 67%] Built target std_msgs__rosidl_typesupport_fastrtps_cpp
[ 77%] Built target std_msgs__rosidl_typesupport_microxrcedds_cpp
[ 87%] Built target std_msgs__rosidl_typesupport_fastrtps_c
[ 87%] Built target std_msgs
[ 87%] Built target std_msgs__py
[35m[1mConsolidate compiler generated dependencies of target std_msgs__rosidl_generator_py[0m
[ 96%] Built target std_msgs__rosidl_generator_py
[35m[1mConsolidate compiler generated dependencies of target std_msgs__rosidl_typesupport_microxrcedds_c__pyext[0m
[35m[1mConsolidate compiler generated dependencies of target std_msgs__rosidl_typesupport_fastrtps_c__pyext[0m
[35m[1mConsolidate compiler generated dependencies of target std_msgs__rosidl_typesupport_c__pyext[0m
[35m[1mConsolidate compiler generated dependencies of target std_msgs__rosidl_typesupport_introspection_c__pyext[0m
[ 97%] Built target std_msgs__rosidl_typesupport_introspection_c__pyext
[ 98%] Built target std_msgs__rosidl_typesupport_c__pyext
[ 99%] Built target std_msgs__rosidl_typesupport_microxrcedds_c__pyext
[100%] Built target std_msgs__rosidl_typesupport_fastrtps_c__pyext
running egg_info
writing std_msgs.egg-info/PKG-INFO
writing dependency_links to std_msgs.egg-info/dependency_links.txt
writing top-level names to std_msgs.egg-info/top_level.txt
reading manifest file 'std_msgs.egg-info/SOURCES.txt'
writing manifest file 'std_msgs.egg-info/SOURCES.txt'
[100%] Built target ament_cmake_python_build_std_msgs_egg
