[0.104s] Invoking command in '/home/uwr/microROS_AUV/build/std_msgs': CMAKE_PREFIX_PATH=/home/uwr/microROS_AUV/install/builtin_interfaces:/home/uwr/microROS_AUV/install/action_msgs:/home/uwr/microROS_AUV/install/unique_identifier_msgs:/home/uwr/microROS_AUV/install/std_srvs:/home/uwr/microROS_AUV/install/statistics_msgs:/home/uwr/microROS_AUV/install/rosidl_typesupport_microxrcedds_test_msg:/home/uwr/microROS_AUV/install/rosidl_typesupport_microxrcedds_cpp_tests:/home/uwr/microROS_AUV/install/rmw_microxrcedds:/home/uwr/microROS_AUV/install/rosidl_typesupport_microxrcedds_cpp:/home/uwr/microROS_AUV/install/rosidl_typesupport_microxrcedds_c_tests:/home/uwr/microROS_AUV/install/rosidl_typesupport_microxrcedds_c:/home/uwr/microROS_AUV/install/rosgraph_msgs:/home/uwr/microROS_AUV/install/microxrcedds_client:/home/uwr/microROS_AUV/install/microcdr:/home/uwr/microROS_AUV/install/micro_ros_utilities:/home/uwr/microROS_AUV/install/micro_ros_msgs:/home/uwr/microROS_AUV/install/complex_msgs:/home/uwr/microROS_AUV/install/micro_ros_setup:/home/uwr/microROS_AUV/install/custom_interfaces:/home/uwr/Desktop/2024_UWR/install/kalman_filter:/home/uwr/Desktop/2024_UWR/install/sonar_msgs:/home/uwr/Desktop/2024_UWR/install/ros2-driver:/home/uwr/Desktop/2024_UWR/install/oculus_interfaces:/home/uwr/Desktop/2024_UWR/install/ntrip:/home/uwr/Desktop/2024_UWR/install/adnav-driver:/home/uwr/fls_ws/install/oculus_interfaces:/home/uwr/microROS_AUV/install/control_pkg:/home/uwr/Desktop/2024_UWR/install/sonar_subs:/opt/ros/humble LD_LIBRARY_PATH=/home/uwr/microROS_AUV/install/builtin_interfaces/lib:/home/uwr/microROS_AUV/install/action_msgs/lib:/home/uwr/microROS_AUV/install/unique_identifier_msgs/lib:/home/uwr/microROS_AUV/install/std_srvs/lib:/home/uwr/microROS_AUV/install/statistics_msgs/lib:/home/uwr/microROS_AUV/install/rmw_microxrcedds/lib:/home/uwr/microROS_AUV/install/rosidl_typesupport_microxrcedds_cpp/lib:/home/uwr/microROS_AUV/install/rosidl_typesupport_microxrcedds_c/lib:/home/uwr/microROS_AUV/install/rosgraph_msgs/lib:/home/uwr/microROS_AUV/install/microxrcedds_client/lib:/home/uwr/microROS_AUV/install/microcdr/lib:/home/uwr/microROS_AUV/install/micro_ros_utilities/lib:/home/uwr/microROS_AUV/install/micro_ros_msgs/lib:/home/uwr/microROS_AUV/install/complex_msgs/lib:/home/uwr/microROS_AUV/install/custom_interfaces/lib:/home/uwr/oculus_driver/install/lib:/home/uwr/Desktop/2024_UWR/install/sonar_msgs/lib:/home/uwr/Desktop/2024_UWR/install/oculus_interfaces/lib:/home/uwr/fls_ws/install/oculus_interfaces/lib:/opt/ros/humble/opt/rviz_ogre_vendor/lib:/opt/ros/humble/lib/x86_64-linux-gnu:/opt/ros/humble/lib /usr/bin/cmake --build /home/uwr/microROS_AUV/build/std_msgs -- -j8 -l8
[0.434s] [35m[1mConsolidate compiler generated dependencies of target std_msgs__rosidl_generator_c[0m
[0.510s] [  0%] Built target std_msgs__cpp
[0.541s] [ 10%] Built target std_msgs__rosidl_generator_c
[0.560s] [ 10%] Built target ament_cmake_python_copy_std_msgs
[0.560s] [35m[1mConsolidate compiler generated dependencies of target std_msgs__rosidl_typesupport_introspection_cpp[0m
[0.602s] [35m[1mConsolidate compiler generated dependencies of target std_msgs__rosidl_typesupport_fastrtps_cpp[0m
[0.602s] [35m[1mConsolidate compiler generated dependencies of target std_msgs__rosidl_typesupport_cpp[0m
[0.602s] [35m[1mConsolidate compiler generated dependencies of target std_msgs__rosidl_typesupport_microxrcedds_cpp[0m
[0.607s] [35m[1mConsolidate compiler generated dependencies of target std_msgs__rosidl_typesupport_introspection_c[0m
[0.620s] [35m[1mConsolidate compiler generated dependencies of target std_msgs__rosidl_typesupport_microxrcedds_c[0m
[0.629s] [35m[1mConsolidate compiler generated dependencies of target std_msgs__rosidl_typesupport_fastrtps_c[0m
[0.629s] [35m[1mConsolidate compiler generated dependencies of target std_msgs__rosidl_typesupport_c[0m
[0.718s] [ 19%] Built target std_msgs__rosidl_typesupport_introspection_cpp
[0.721s] [ 29%] Built target std_msgs__rosidl_typesupport_c
[0.734s] [ 39%] Built target std_msgs__rosidl_typesupport_microxrcedds_c
[0.749s] [ 48%] Built target std_msgs__rosidl_typesupport_cpp
[0.750s] [ 58%] Built target std_msgs__rosidl_typesupport_introspection_c
[0.754s] [ 67%] Built target std_msgs__rosidl_typesupport_fastrtps_cpp
[0.789s] [ 77%] Built target std_msgs__rosidl_typesupport_microxrcedds_cpp
[0.791s] [ 87%] Built target std_msgs__rosidl_typesupport_fastrtps_c
[0.847s] [ 87%] Built target std_msgs
[0.913s] [ 87%] Built target std_msgs__py
[1.030s] [35m[1mConsolidate compiler generated dependencies of target std_msgs__rosidl_generator_py[0m
[1.240s] [ 96%] Built target std_msgs__rosidl_generator_py
[1.373s] [35m[1mConsolidate compiler generated dependencies of target std_msgs__rosidl_typesupport_microxrcedds_c__pyext[0m
[1.415s] [35m[1mConsolidate compiler generated dependencies of target std_msgs__rosidl_typesupport_fastrtps_c__pyext[0m
[1.424s] [35m[1mConsolidate compiler generated dependencies of target std_msgs__rosidl_typesupport_c__pyext[0m
[1.435s] [35m[1mConsolidate compiler generated dependencies of target std_msgs__rosidl_typesupport_introspection_c__pyext[0m
[1.625s] [ 97%] Built target std_msgs__rosidl_typesupport_introspection_c__pyext
[1.637s] [ 98%] Built target std_msgs__rosidl_typesupport_c__pyext
[1.656s] [ 99%] Built target std_msgs__rosidl_typesupport_microxrcedds_c__pyext
[1.656s] [100%] Built target std_msgs__rosidl_typesupport_fastrtps_c__pyext
[2.097s] running egg_info
[2.111s] writing std_msgs.egg-info/PKG-INFO
[2.111s] writing dependency_links to std_msgs.egg-info/dependency_links.txt
[2.111s] writing top-level names to std_msgs.egg-info/top_level.txt
[2.126s] reading manifest file 'std_msgs.egg-info/SOURCES.txt'
[2.131s] writing manifest file 'std_msgs.egg-info/SOURCES.txt'
[2.278s] [100%] Built target ament_cmake_python_build_std_msgs_egg
[2.365s] Invoked command in '/home/uwr/microROS_AUV/build/std_msgs' returned '0': CMAKE_PREFIX_PATH=/home/uwr/microROS_AUV/install/builtin_interfaces:/home/uwr/microROS_AUV/install/action_msgs:/home/uwr/microROS_AUV/install/unique_identifier_msgs:/home/uwr/microROS_AUV/install/std_srvs:/home/uwr/microROS_AUV/install/statistics_msgs:/home/uwr/microROS_AUV/install/rosidl_typesupport_microxrcedds_test_msg:/home/uwr/microROS_AUV/install/rosidl_typesupport_microxrcedds_cpp_tests:/home/uwr/microROS_AUV/install/rmw_microxrcedds:/home/uwr/microROS_AUV/install/rosidl_typesupport_microxrcedds_cpp:/home/uwr/microROS_AUV/install/rosidl_typesupport_microxrcedds_c_tests:/home/uwr/microROS_AUV/install/rosidl_typesupport_microxrcedds_c:/home/uwr/microROS_AUV/install/rosgraph_msgs:/home/uwr/microROS_AUV/install/microxrcedds_client:/home/uwr/microROS_AUV/install/microcdr:/home/uwr/microROS_AUV/install/micro_ros_utilities:/home/uwr/microROS_AUV/install/micro_ros_msgs:/home/uwr/microROS_AUV/install/complex_msgs:/home/uwr/microROS_AUV/install/micro_ros_setup:/home/uwr/microROS_AUV/install/custom_interfaces:/home/uwr/Desktop/2024_UWR/install/kalman_filter:/home/uwr/Desktop/2024_UWR/install/sonar_msgs:/home/uwr/Desktop/2024_UWR/install/ros2-driver:/home/uwr/Desktop/2024_UWR/install/oculus_interfaces:/home/uwr/Desktop/2024_UWR/install/ntrip:/home/uwr/Desktop/2024_UWR/install/adnav-driver:/home/uwr/fls_ws/install/oculus_interfaces:/home/uwr/microROS_AUV/install/control_pkg:/home/uwr/Desktop/2024_UWR/install/sonar_subs:/opt/ros/humble LD_LIBRARY_PATH=/home/uwr/microROS_AUV/install/builtin_interfaces/lib:/home/uwr/microROS_AUV/install/action_msgs/lib:/home/uwr/microROS_AUV/install/unique_identifier_msgs/lib:/home/uwr/microROS_AUV/install/std_srvs/lib:/home/uwr/microROS_AUV/install/statistics_msgs/lib:/home/uwr/microROS_AUV/install/rmw_microxrcedds/lib:/home/uwr/microROS_AUV/install/rosidl_typesupport_microxrcedds_cpp/lib:/home/uwr/microROS_AUV/install/rosidl_typesupport_microxrcedds_c/lib:/home/uwr/microROS_AUV/install/rosgraph_msgs/lib:/home/uwr/microROS_AUV/install/microxrcedds_client/lib:/home/uwr/microROS_AUV/install/microcdr/lib:/home/uwr/microROS_AUV/install/micro_ros_utilities/lib:/home/uwr/microROS_AUV/install/micro_ros_msgs/lib:/home/uwr/microROS_AUV/install/complex_msgs/lib:/home/uwr/microROS_AUV/install/custom_interfaces/lib:/home/uwr/oculus_driver/install/lib:/home/uwr/Desktop/2024_UWR/install/sonar_msgs/lib:/home/uwr/Desktop/2024_UWR/install/oculus_interfaces/lib:/home/uwr/fls_ws/install/oculus_interfaces/lib:/opt/ros/humble/opt/rviz_ogre_vendor/lib:/opt/ros/humble/lib/x86_64-linux-gnu:/opt/ros/humble/lib /usr/bin/cmake --build /home/uwr/microROS_AUV/build/std_msgs -- -j8 -l8
