[0.224s] DEBUG:colcon:Command line arguments: ['/usr/bin/colcon', 'build']
[0.225s] DEBUG:colcon:Parsed command line arguments: Namespace(log_base=None, log_level=None, verb_name='build', build_base='build', install_base='install', merge_install=False, symlink_install=False, test_result_base=None, continue_on_error=False, executor='parallel', parallel_workers=16, event_handlers=None, ignore_user_meta=False, metas=['./colcon.meta'], base_paths=['.'], packages_ignore=None, packages_ignore_regex=None, paths=None, packages_up_to=None, packages_up_to_regex=None, packages_above=None, packages_above_and_dependencies=None, packages_above_depth=None, packages_select_by_dep=None, packages_skip_by_dep=None, packages_skip_up_to=None, packages_select_build_failed=False, packages_skip_build_finished=False, packages_select_test_failures=False, packages_skip_test_passed=False, packages_select=None, packages_skip=None, packages_select_regex=None, packages_skip_regex=None, packages_start=None, packages_end=None, allow_overriding=[], cmake_args=None, cmake_target=None, cmake_target_skip_unavailable=False, cmake_clean_cache=False, cmake_clean_first=False, cmake_force_configure=False, ament_cmake_args=None, catkin_cmake_args=None, catkin_skip_building_tests=False, mixin_files=None, mixin=None, verb_parser=<colcon_mixin.mixin.mixin_argument.MixinArgumentDecorator object at 0x79016a6d1db0>, verb_extension=<colcon_core.verb.build.BuildVerb object at 0x79016a852d40>, main=<bound method BuildVerb.main of <colcon_core.verb.build.BuildVerb object at 0x79016a852d40>>, mixin_verb=('build',))
[0.574s] Level 1:colcon.colcon_core.package_discovery:discover_packages(colcon_meta) check parameters
[0.574s] Level 1:colcon.colcon_core.package_discovery:discover_packages(recursive) check parameters
[0.574s] Level 1:colcon.colcon_core.package_discovery:discover_packages(ignore) check parameters
[0.574s] Level 1:colcon.colcon_core.package_discovery:discover_packages(path) check parameters
[0.574s] Level 1:colcon.colcon_core.package_discovery:discover_packages(colcon_meta) discover
[0.574s] Level 1:colcon.colcon_core.package_discovery:discover_packages(recursive) discover
[0.574s] INFO:colcon.colcon_core.package_discovery:Crawling recursively for packages in '/home/abubakr/microROS_AUV'
[0.574s] Level 1:colcon.colcon_core.package_identification:_identify(.) by extensions ['ignore', 'ignore_ament_install']
[0.575s] Level 1:colcon.colcon_core.package_identification:_identify(.) by extension 'ignore'
[0.575s] Level 1:colcon.colcon_core.package_identification:_identify(.) by extension 'ignore_ament_install'
[0.575s] Level 1:colcon.colcon_core.package_identification:_identify(.) by extensions ['colcon_pkg']
[0.575s] Level 1:colcon.colcon_core.package_identification:_identify(.) by extension 'colcon_pkg'
[0.575s] Level 1:colcon.colcon_core.package_identification:_identify(.) by extensions ['colcon_meta']
[0.575s] Level 1:colcon.colcon_core.package_identification:_identify(.) by extension 'colcon_meta'
[0.575s] Level 1:colcon.colcon_core.package_identification:_identify(.) by extensions ['ros']
[0.575s] Level 1:colcon.colcon_core.package_identification:_identify(.) by extension 'ros'
[0.588s] Level 1:colcon.colcon_core.package_identification:_identify(.) by extensions ['cmake', 'python']
[0.589s] Level 1:colcon.colcon_core.package_identification:_identify(.) by extension 'cmake'
[0.589s] Level 1:colcon.colcon_core.package_identification:_identify(.) by extension 'python'
[0.589s] Level 1:colcon.colcon_core.package_identification:_identify(.) by extensions ['python_setup_py']
[0.589s] Level 1:colcon.colcon_core.package_identification:_identify(.) by extension 'python_setup_py'
[0.589s] Level 1:colcon.colcon_core.package_identification:_identify(build) by extensions ['ignore', 'ignore_ament_install']
[0.589s] Level 1:colcon.colcon_core.package_identification:_identify(build) by extension 'ignore'
[0.589s] Level 1:colcon.colcon_core.package_identification:_identify(build) ignored
[0.589s] Level 1:colcon.colcon_core.package_identification:_identify(install) by extensions ['ignore', 'ignore_ament_install']
[0.589s] Level 1:colcon.colcon_core.package_identification:_identify(install) by extension 'ignore'
[0.589s] Level 1:colcon.colcon_core.package_identification:_identify(install) ignored
[0.589s] Level 1:colcon.colcon_core.package_identification:_identify(log) by extensions ['ignore', 'ignore_ament_install']
[0.589s] Level 1:colcon.colcon_core.package_identification:_identify(log) by extension 'ignore'
[0.589s] Level 1:colcon.colcon_core.package_identification:_identify(log) ignored
[0.589s] Level 1:colcon.colcon_core.package_identification:_identify(microROS_script) by extensions ['ignore', 'ignore_ament_install']
[0.589s] Level 1:colcon.colcon_core.package_identification:_identify(microROS_script) by extension 'ignore'
[0.589s] Level 1:colcon.colcon_core.package_identification:_identify(microROS_script) by extension 'ignore_ament_install'
[0.589s] Level 1:colcon.colcon_core.package_identification:_identify(microROS_script) by extensions ['colcon_pkg']
[0.589s] Level 1:colcon.colcon_core.package_identification:_identify(microROS_script) by extension 'colcon_pkg'
[0.589s] Level 1:colcon.colcon_core.package_identification:_identify(microROS_script) by extensions ['colcon_meta']
[0.589s] Level 1:colcon.colcon_core.package_identification:_identify(microROS_script) by extension 'colcon_meta'
[0.589s] Level 1:colcon.colcon_core.package_identification:_identify(microROS_script) by extensions ['ros']
[0.589s] Level 1:colcon.colcon_core.package_identification:_identify(microROS_script) by extension 'ros'
[0.589s] Level 1:colcon.colcon_core.package_identification:_identify(microROS_script) by extensions ['cmake', 'python']
[0.589s] Level 1:colcon.colcon_core.package_identification:_identify(microROS_script) by extension 'cmake'
[0.589s] Level 1:colcon.colcon_core.package_identification:_identify(microROS_script) by extension 'python'
[0.589s] Level 1:colcon.colcon_core.package_identification:_identify(microROS_script) by extensions ['python_setup_py']
[0.589s] Level 1:colcon.colcon_core.package_identification:_identify(microROS_script) by extension 'python_setup_py'
[0.589s] Level 1:colcon.colcon_core.package_identification:_identify(microROS_script/Other scripts) by extensions ['ignore', 'ignore_ament_install']
[0.589s] Level 1:colcon.colcon_core.package_identification:_identify(microROS_script/Other scripts) by extension 'ignore'
[0.589s] Level 1:colcon.colcon_core.package_identification:_identify(microROS_script/Other scripts) by extension 'ignore_ament_install'
[0.589s] Level 1:colcon.colcon_core.package_identification:_identify(microROS_script/Other scripts) by extensions ['colcon_pkg']
[0.589s] Level 1:colcon.colcon_core.package_identification:_identify(microROS_script/Other scripts) by extension 'colcon_pkg'
[0.589s] Level 1:colcon.colcon_core.package_identification:_identify(microROS_script/Other scripts) by extensions ['colcon_meta']
[0.589s] Level 1:colcon.colcon_core.package_identification:_identify(microROS_script/Other scripts) by extension 'colcon_meta'
[0.589s] Level 1:colcon.colcon_core.package_identification:_identify(microROS_script/Other scripts) by extensions ['ros']
[0.589s] Level 1:colcon.colcon_core.package_identification:_identify(microROS_script/Other scripts) by extension 'ros'
[0.590s] Level 1:colcon.colcon_core.package_identification:_identify(microROS_script/Other scripts) by extensions ['cmake', 'python']
[0.590s] Level 1:colcon.colcon_core.package_identification:_identify(microROS_script/Other scripts) by extension 'cmake'
[0.590s] Level 1:colcon.colcon_core.package_identification:_identify(microROS_script/Other scripts) by extension 'python'
[0.590s] Level 1:colcon.colcon_core.package_identification:_identify(microROS_script/Other scripts) by extensions ['python_setup_py']
[0.590s] Level 1:colcon.colcon_core.package_identification:_identify(microROS_script/Other scripts) by extension 'python_setup_py'
[0.590s] Level 1:colcon.colcon_core.package_identification:_identify(microROS_script/Other scripts/Thruster_controller_2) by extensions ['ignore', 'ignore_ament_install']
[0.590s] Level 1:colcon.colcon_core.package_identification:_identify(microROS_script/Other scripts/Thruster_controller_2) by extension 'ignore'
[0.590s] Level 1:colcon.colcon_core.package_identification:_identify(microROS_script/Other scripts/Thruster_controller_2) by extension 'ignore_ament_install'
[0.590s] Level 1:colcon.colcon_core.package_identification:_identify(microROS_script/Other scripts/Thruster_controller_2) by extensions ['colcon_pkg']
[0.590s] Level 1:colcon.colcon_core.package_identification:_identify(microROS_script/Other scripts/Thruster_controller_2) by extension 'colcon_pkg'
[0.590s] Level 1:colcon.colcon_core.package_identification:_identify(microROS_script/Other scripts/Thruster_controller_2) by extensions ['colcon_meta']
[0.590s] Level 1:colcon.colcon_core.package_identification:_identify(microROS_script/Other scripts/Thruster_controller_2) by extension 'colcon_meta'
[0.590s] Level 1:colcon.colcon_core.package_identification:_identify(microROS_script/Other scripts/Thruster_controller_2) by extensions ['ros']
[0.590s] Level 1:colcon.colcon_core.package_identification:_identify(microROS_script/Other scripts/Thruster_controller_2) by extension 'ros'
[0.590s] Level 1:colcon.colcon_core.package_identification:_identify(microROS_script/Other scripts/Thruster_controller_2) by extensions ['cmake', 'python']
[0.590s] Level 1:colcon.colcon_core.package_identification:_identify(microROS_script/Other scripts/Thruster_controller_2) by extension 'cmake'
[0.590s] Level 1:colcon.colcon_core.package_identification:_identify(microROS_script/Other scripts/Thruster_controller_2) by extension 'python'
[0.590s] Level 1:colcon.colcon_core.package_identification:_identify(microROS_script/Other scripts/Thruster_controller_2) by extensions ['python_setup_py']
[0.590s] Level 1:colcon.colcon_core.package_identification:_identify(microROS_script/Other scripts/Thruster_controller_2) by extension 'python_setup_py'
[0.590s] Level 1:colcon.colcon_core.package_identification:_identify(microROS_script/script_1) by extensions ['ignore', 'ignore_ament_install']
[0.590s] Level 1:colcon.colcon_core.package_identification:_identify(microROS_script/script_1) by extension 'ignore'
[0.590s] Level 1:colcon.colcon_core.package_identification:_identify(microROS_script/script_1) by extension 'ignore_ament_install'
[0.590s] Level 1:colcon.colcon_core.package_identification:_identify(microROS_script/script_1) by extensions ['colcon_pkg']
[0.590s] Level 1:colcon.colcon_core.package_identification:_identify(microROS_script/script_1) by extension 'colcon_pkg'
[0.590s] Level 1:colcon.colcon_core.package_identification:_identify(microROS_script/script_1) by extensions ['colcon_meta']
[0.590s] Level 1:colcon.colcon_core.package_identification:_identify(microROS_script/script_1) by extension 'colcon_meta'
[0.590s] Level 1:colcon.colcon_core.package_identification:_identify(microROS_script/script_1) by extensions ['ros']
[0.590s] Level 1:colcon.colcon_core.package_identification:_identify(microROS_script/script_1) by extension 'ros'
[0.590s] Level 1:colcon.colcon_core.package_identification:_identify(microROS_script/script_1) by extensions ['cmake', 'python']
[0.590s] Level 1:colcon.colcon_core.package_identification:_identify(microROS_script/script_1) by extension 'cmake'
[0.590s] Level 1:colcon.colcon_core.package_identification:_identify(microROS_script/script_1) by extension 'python'
[0.590s] Level 1:colcon.colcon_core.package_identification:_identify(microROS_script/script_1) by extensions ['python_setup_py']
[0.590s] Level 1:colcon.colcon_core.package_identification:_identify(microROS_script/script_1) by extension 'python_setup_py'
[0.590s] Level 1:colcon.colcon_core.package_identification:_identify(microROS_script/script_2) by extensions ['ignore', 'ignore_ament_install']
[0.590s] Level 1:colcon.colcon_core.package_identification:_identify(microROS_script/script_2) by extension 'ignore'
[0.590s] Level 1:colcon.colcon_core.package_identification:_identify(microROS_script/script_2) by extension 'ignore_ament_install'
[0.590s] Level 1:colcon.colcon_core.package_identification:_identify(microROS_script/script_2) by extensions ['colcon_pkg']
[0.590s] Level 1:colcon.colcon_core.package_identification:_identify(microROS_script/script_2) by extension 'colcon_pkg'
[0.590s] Level 1:colcon.colcon_core.package_identification:_identify(microROS_script/script_2) by extensions ['colcon_meta']
[0.590s] Level 1:colcon.colcon_core.package_identification:_identify(microROS_script/script_2) by extension 'colcon_meta'
[0.590s] Level 1:colcon.colcon_core.package_identification:_identify(microROS_script/script_2) by extensions ['ros']
[0.590s] Level 1:colcon.colcon_core.package_identification:_identify(microROS_script/script_2) by extension 'ros'
[0.591s] Level 1:colcon.colcon_core.package_identification:_identify(microROS_script/script_2) by extensions ['cmake', 'python']
[0.591s] Level 1:colcon.colcon_core.package_identification:_identify(microROS_script/script_2) by extension 'cmake'
[0.591s] Level 1:colcon.colcon_core.package_identification:_identify(microROS_script/script_2) by extension 'python'
[0.591s] Level 1:colcon.colcon_core.package_identification:_identify(microROS_script/script_2) by extensions ['python_setup_py']
[0.591s] Level 1:colcon.colcon_core.package_identification:_identify(microROS_script/script_2) by extension 'python_setup_py'
[0.591s] Level 1:colcon.colcon_core.package_identification:_identify(microROS_script/script_3) by extensions ['ignore', 'ignore_ament_install']
[0.591s] Level 1:colcon.colcon_core.package_identification:_identify(microROS_script/script_3) by extension 'ignore'
[0.591s] Level 1:colcon.colcon_core.package_identification:_identify(microROS_script/script_3) by extension 'ignore_ament_install'
[0.591s] Level 1:colcon.colcon_core.package_identification:_identify(microROS_script/script_3) by extensions ['colcon_pkg']
[0.591s] Level 1:colcon.colcon_core.package_identification:_identify(microROS_script/script_3) by extension 'colcon_pkg'
[0.591s] Level 1:colcon.colcon_core.package_identification:_identify(microROS_script/script_3) by extensions ['colcon_meta']
[0.591s] Level 1:colcon.colcon_core.package_identification:_identify(microROS_script/script_3) by extension 'colcon_meta'
[0.591s] Level 1:colcon.colcon_core.package_identification:_identify(microROS_script/script_3) by extensions ['ros']
[0.591s] Level 1:colcon.colcon_core.package_identification:_identify(microROS_script/script_3) by extension 'ros'
[0.591s] Level 1:colcon.colcon_core.package_identification:_identify(microROS_script/script_3) by extensions ['cmake', 'python']
[0.591s] Level 1:colcon.colcon_core.package_identification:_identify(microROS_script/script_3) by extension 'cmake'
[0.591s] Level 1:colcon.colcon_core.package_identification:_identify(microROS_script/script_3) by extension 'python'
[0.591s] Level 1:colcon.colcon_core.package_identification:_identify(microROS_script/script_3) by extensions ['python_setup_py']
[0.591s] Level 1:colcon.colcon_core.package_identification:_identify(microROS_script/script_3) by extension 'python_setup_py'
[0.591s] Level 1:colcon.colcon_core.package_identification:_identify(src) by extensions ['ignore', 'ignore_ament_install']
[0.591s] Level 1:colcon.colcon_core.package_identification:_identify(src) by extension 'ignore'
[0.591s] Level 1:colcon.colcon_core.package_identification:_identify(src) by extension 'ignore_ament_install'
[0.591s] Level 1:colcon.colcon_core.package_identification:_identify(src) by extensions ['colcon_pkg']
[0.591s] Level 1:colcon.colcon_core.package_identification:_identify(src) by extension 'colcon_pkg'
[0.591s] Level 1:colcon.colcon_core.package_identification:_identify(src) by extensions ['colcon_meta']
[0.591s] Level 1:colcon.colcon_core.package_identification:_identify(src) by extension 'colcon_meta'
[0.591s] Level 1:colcon.colcon_core.package_identification:_identify(src) by extensions ['ros']
[0.591s] Level 1:colcon.colcon_core.package_identification:_identify(src) by extension 'ros'
[0.591s] Level 1:colcon.colcon_core.package_identification:_identify(src) by extensions ['cmake', 'python']
[0.591s] Level 1:colcon.colcon_core.package_identification:_identify(src) by extension 'cmake'
[0.591s] Level 1:colcon.colcon_core.package_identification:_identify(src) by extension 'python'
[0.591s] Level 1:colcon.colcon_core.package_identification:_identify(src) by extensions ['python_setup_py']
[0.591s] Level 1:colcon.colcon_core.package_identification:_identify(src) by extension 'python_setup_py'
[0.591s] Level 1:colcon.colcon_core.package_identification:_identify(src/control_pkg) by extensions ['ignore', 'ignore_ament_install']
[0.591s] Level 1:colcon.colcon_core.package_identification:_identify(src/control_pkg) by extension 'ignore'
[0.591s] Level 1:colcon.colcon_core.package_identification:_identify(src/control_pkg) by extension 'ignore_ament_install'
[0.591s] Level 1:colcon.colcon_core.package_identification:_identify(src/control_pkg) by extensions ['colcon_pkg']
[0.591s] Level 1:colcon.colcon_core.package_identification:_identify(src/control_pkg) by extension 'colcon_pkg'
[0.591s] Level 1:colcon.colcon_core.package_identification:_identify(src/control_pkg) by extensions ['colcon_meta']
[0.591s] Level 1:colcon.colcon_core.package_identification:_identify(src/control_pkg) by extension 'colcon_meta'
[0.591s] Level 1:colcon.colcon_core.package_identification:_identify(src/control_pkg) by extensions ['ros']
[0.591s] Level 1:colcon.colcon_core.package_identification:_identify(src/control_pkg) by extension 'ros'
[0.595s] DEBUG:colcon.colcon_core.package_identification:Package 'src/control_pkg' with type 'ros.ament_python' and name 'control_pkg'
[0.595s] Level 1:colcon.colcon_core.package_identification:_identify(src/custom_interfaces) by extensions ['ignore', 'ignore_ament_install']
[0.595s] Level 1:colcon.colcon_core.package_identification:_identify(src/custom_interfaces) by extension 'ignore'
[0.595s] Level 1:colcon.colcon_core.package_identification:_identify(src/custom_interfaces) by extension 'ignore_ament_install'
[0.595s] Level 1:colcon.colcon_core.package_identification:_identify(src/custom_interfaces) by extensions ['colcon_pkg']
[0.595s] Level 1:colcon.colcon_core.package_identification:_identify(src/custom_interfaces) by extension 'colcon_pkg'
[0.595s] Level 1:colcon.colcon_core.package_identification:_identify(src/custom_interfaces) by extensions ['colcon_meta']
[0.595s] Level 1:colcon.colcon_core.package_identification:_identify(src/custom_interfaces) by extension 'colcon_meta'
[0.595s] Level 1:colcon.colcon_core.package_identification:_identify(src/custom_interfaces) by extensions ['ros']
[0.595s] Level 1:colcon.colcon_core.package_identification:_identify(src/custom_interfaces) by extension 'ros'
[0.596s] DEBUG:colcon.colcon_core.package_identification:Package 'src/custom_interfaces' with type 'ros.ament_cmake' and name 'custom_interfaces'
[0.596s] Level 1:colcon.colcon_core.package_identification:_identify(src/src) by extensions ['ignore', 'ignore_ament_install']
[0.596s] Level 1:colcon.colcon_core.package_identification:_identify(src/src) by extension 'ignore'
[0.596s] Level 1:colcon.colcon_core.package_identification:_identify(src/src) by extension 'ignore_ament_install'
[0.596s] Level 1:colcon.colcon_core.package_identification:_identify(src/src) by extensions ['colcon_pkg']
[0.596s] Level 1:colcon.colcon_core.package_identification:_identify(src/src) by extension 'colcon_pkg'
[0.596s] Level 1:colcon.colcon_core.package_identification:_identify(src/src) by extensions ['colcon_meta']
[0.596s] Level 1:colcon.colcon_core.package_identification:_identify(src/src) by extension 'colcon_meta'
[0.596s] Level 1:colcon.colcon_core.package_identification:_identify(src/src) by extensions ['ros']
[0.596s] Level 1:colcon.colcon_core.package_identification:_identify(src/src) by extension 'ros'
[0.596s] Level 1:colcon.colcon_core.package_identification:_identify(src/src) by extensions ['cmake', 'python']
[0.596s] Level 1:colcon.colcon_core.package_identification:_identify(src/src) by extension 'cmake'
[0.596s] Level 1:colcon.colcon_core.package_identification:_identify(src/src) by extension 'python'
[0.596s] Level 1:colcon.colcon_core.package_identification:_identify(src/src) by extensions ['python_setup_py']
[0.596s] Level 1:colcon.colcon_core.package_identification:_identify(src/src) by extension 'python_setup_py'
[0.597s] Level 1:colcon.colcon_core.package_identification:_identify(src/src/uros) by extensions ['ignore', 'ignore_ament_install']
[0.597s] Level 1:colcon.colcon_core.package_identification:_identify(src/src/uros) by extension 'ignore'
[0.597s] Level 1:colcon.colcon_core.package_identification:_identify(src/src/uros) by extension 'ignore_ament_install'
[0.597s] Level 1:colcon.colcon_core.package_identification:_identify(src/src/uros) by extensions ['colcon_pkg']
[0.597s] Level 1:colcon.colcon_core.package_identification:_identify(src/src/uros) by extension 'colcon_pkg'
[0.597s] Level 1:colcon.colcon_core.package_identification:_identify(src/src/uros) by extensions ['colcon_meta']
[0.597s] Level 1:colcon.colcon_core.package_identification:_identify(src/src/uros) by extension 'colcon_meta'
[0.597s] Level 1:colcon.colcon_core.package_identification:_identify(src/src/uros) by extensions ['ros']
[0.597s] Level 1:colcon.colcon_core.package_identification:_identify(src/src/uros) by extension 'ros'
[0.597s] Level 1:colcon.colcon_core.package_identification:_identify(src/src/uros) by extensions ['cmake', 'python']
[0.597s] Level 1:colcon.colcon_core.package_identification:_identify(src/src/uros) by extension 'cmake'
[0.597s] Level 1:colcon.colcon_core.package_identification:_identify(src/src/uros) by extension 'python'
[0.597s] Level 1:colcon.colcon_core.package_identification:_identify(src/src/uros) by extensions ['python_setup_py']
[0.597s] Level 1:colcon.colcon_core.package_identification:_identify(src/src/uros) by extension 'python_setup_py'
[0.597s] Level 1:colcon.colcon_core.package_identification:_identify(src/src/uros/micro-ROS-Agent) by extensions ['ignore', 'ignore_ament_install']
[0.597s] Level 1:colcon.colcon_core.package_identification:_identify(src/src/uros/micro-ROS-Agent) by extension 'ignore'
[0.597s] Level 1:colcon.colcon_core.package_identification:_identify(src/src/uros/micro-ROS-Agent) by extension 'ignore_ament_install'
[0.597s] Level 1:colcon.colcon_core.package_identification:_identify(src/src/uros/micro-ROS-Agent) by extensions ['colcon_pkg']
[0.597s] Level 1:colcon.colcon_core.package_identification:_identify(src/src/uros/micro-ROS-Agent) by extension 'colcon_pkg'
[0.597s] Level 1:colcon.colcon_core.package_identification:_identify(src/src/uros/micro-ROS-Agent) by extensions ['colcon_meta']
[0.597s] Level 1:colcon.colcon_core.package_identification:_identify(src/src/uros/micro-ROS-Agent) by extension 'colcon_meta'
[0.597s] Level 1:colcon.colcon_core.package_identification:_identify(src/src/uros/micro-ROS-Agent) by extensions ['ros']
[0.597s] Level 1:colcon.colcon_core.package_identification:_identify(src/src/uros/micro-ROS-Agent) by extension 'ros'
[0.597s] Level 1:colcon.colcon_core.package_identification:_identify(src/src/uros/micro-ROS-Agent) by extensions ['cmake', 'python']
[0.597s] Level 1:colcon.colcon_core.package_identification:_identify(src/src/uros/micro-ROS-Agent) by extension 'cmake'
[0.597s] Level 1:colcon.colcon_core.package_identification:_identify(src/src/uros/micro-ROS-Agent) by extension 'python'
[0.597s] Level 1:colcon.colcon_core.package_identification:_identify(src/src/uros/micro-ROS-Agent) by extensions ['python_setup_py']
[0.597s] Level 1:colcon.colcon_core.package_identification:_identify(src/src/uros/micro-ROS-Agent) by extension 'python_setup_py'
[0.597s] Level 1:colcon.colcon_core.package_identification:_identify(src/src/uros/micro-ROS-Agent/micro_ros_agent) by extensions ['ignore', 'ignore_ament_install']
[0.597s] Level 1:colcon.colcon_core.package_identification:_identify(src/src/uros/micro-ROS-Agent/micro_ros_agent) by extension 'ignore'
[0.597s] Level 1:colcon.colcon_core.package_identification:_identify(src/src/uros/micro-ROS-Agent/micro_ros_agent) by extension 'ignore_ament_install'
[0.597s] Level 1:colcon.colcon_core.package_identification:_identify(src/src/uros/micro-ROS-Agent/micro_ros_agent) by extensions ['colcon_pkg']
[0.597s] Level 1:colcon.colcon_core.package_identification:_identify(src/src/uros/micro-ROS-Agent/micro_ros_agent) by extension 'colcon_pkg'
[0.597s] Level 1:colcon.colcon_core.package_identification:_identify(src/src/uros/micro-ROS-Agent/micro_ros_agent) by extensions ['colcon_meta']
[0.597s] Level 1:colcon.colcon_core.package_identification:_identify(src/src/uros/micro-ROS-Agent/micro_ros_agent) by extension 'colcon_meta'
[0.597s] Level 1:colcon.colcon_core.package_identification:_identify(src/src/uros/micro-ROS-Agent/micro_ros_agent) by extensions ['ros']
[0.597s] Level 1:colcon.colcon_core.package_identification:_identify(src/src/uros/micro-ROS-Agent/micro_ros_agent) by extension 'ros'
[0.598s] DEBUG:colcon.colcon_core.package_identification:Package 'src/src/uros/micro-ROS-Agent/micro_ros_agent' with type 'ros.ament_cmake' and name 'micro_ros_agent'
[0.598s] Level 1:colcon.colcon_core.package_identification:_identify(src/src/uros/micro-ROS-Agent/snap) by extensions ['ignore', 'ignore_ament_install']
[0.598s] Level 1:colcon.colcon_core.package_identification:_identify(src/src/uros/micro-ROS-Agent/snap) by extension 'ignore'
[0.598s] Level 1:colcon.colcon_core.package_identification:_identify(src/src/uros/micro-ROS-Agent/snap) by extension 'ignore_ament_install'
[0.598s] Level 1:colcon.colcon_core.package_identification:_identify(src/src/uros/micro-ROS-Agent/snap) by extensions ['colcon_pkg']
[0.598s] Level 1:colcon.colcon_core.package_identification:_identify(src/src/uros/micro-ROS-Agent/snap) by extension 'colcon_pkg'
[0.598s] Level 1:colcon.colcon_core.package_identification:_identify(src/src/uros/micro-ROS-Agent/snap) by extensions ['colcon_meta']
[0.598s] Level 1:colcon.colcon_core.package_identification:_identify(src/src/uros/micro-ROS-Agent/snap) by extension 'colcon_meta'
[0.598s] Level 1:colcon.colcon_core.package_identification:_identify(src/src/uros/micro-ROS-Agent/snap) by extensions ['ros']
[0.598s] Level 1:colcon.colcon_core.package_identification:_identify(src/src/uros/micro-ROS-Agent/snap) by extension 'ros'
[0.598s] Level 1:colcon.colcon_core.package_identification:_identify(src/src/uros/micro-ROS-Agent/snap) by extensions ['cmake', 'python']
[0.598s] Level 1:colcon.colcon_core.package_identification:_identify(src/src/uros/micro-ROS-Agent/snap) by extension 'cmake'
[0.598s] Level 1:colcon.colcon_core.package_identification:_identify(src/src/uros/micro-ROS-Agent/snap) by extension 'python'
[0.598s] Level 1:colcon.colcon_core.package_identification:_identify(src/src/uros/micro-ROS-Agent/snap) by extensions ['python_setup_py']
[0.598s] Level 1:colcon.colcon_core.package_identification:_identify(src/src/uros/micro-ROS-Agent/snap) by extension 'python_setup_py'
[0.598s] Level 1:colcon.colcon_core.package_identification:_identify(src/src/uros/micro-ROS-Agent/snap/hooks) by extensions ['ignore', 'ignore_ament_install']
[0.598s] Level 1:colcon.colcon_core.package_identification:_identify(src/src/uros/micro-ROS-Agent/snap/hooks) by extension 'ignore'
[0.598s] Level 1:colcon.colcon_core.package_identification:_identify(src/src/uros/micro-ROS-Agent/snap/hooks) by extension 'ignore_ament_install'
[0.599s] Level 1:colcon.colcon_core.package_identification:_identify(src/src/uros/micro-ROS-Agent/snap/hooks) by extensions ['colcon_pkg']
[0.599s] Level 1:colcon.colcon_core.package_identification:_identify(src/src/uros/micro-ROS-Agent/snap/hooks) by extension 'colcon_pkg'
[0.599s] Level 1:colcon.colcon_core.package_identification:_identify(src/src/uros/micro-ROS-Agent/snap/hooks) by extensions ['colcon_meta']
[0.599s] Level 1:colcon.colcon_core.package_identification:_identify(src/src/uros/micro-ROS-Agent/snap/hooks) by extension 'colcon_meta'
[0.599s] Level 1:colcon.colcon_core.package_identification:_identify(src/src/uros/micro-ROS-Agent/snap/hooks) by extensions ['ros']
[0.599s] Level 1:colcon.colcon_core.package_identification:_identify(src/src/uros/micro-ROS-Agent/snap/hooks) by extension 'ros'
[0.599s] Level 1:colcon.colcon_core.package_identification:_identify(src/src/uros/micro-ROS-Agent/snap/hooks) by extensions ['cmake', 'python']
[0.599s] Level 1:colcon.colcon_core.package_identification:_identify(src/src/uros/micro-ROS-Agent/snap/hooks) by extension 'cmake'
[0.599s] Level 1:colcon.colcon_core.package_identification:_identify(src/src/uros/micro-ROS-Agent/snap/hooks) by extension 'python'
[0.599s] Level 1:colcon.colcon_core.package_identification:_identify(src/src/uros/micro-ROS-Agent/snap/hooks) by extensions ['python_setup_py']
[0.599s] Level 1:colcon.colcon_core.package_identification:_identify(src/src/uros/micro-ROS-Agent/snap/hooks) by extension 'python_setup_py'
[0.599s] Level 1:colcon.colcon_core.package_identification:_identify(src/src/uros/micro-ROS-Agent/snap/local) by extensions ['ignore', 'ignore_ament_install']
[0.599s] Level 1:colcon.colcon_core.package_identification:_identify(src/src/uros/micro-ROS-Agent/snap/local) by extension 'ignore'
[0.599s] Level 1:colcon.colcon_core.package_identification:_identify(src/src/uros/micro-ROS-Agent/snap/local) by extension 'ignore_ament_install'
[0.599s] Level 1:colcon.colcon_core.package_identification:_identify(src/src/uros/micro-ROS-Agent/snap/local) by extensions ['colcon_pkg']
[0.599s] Level 1:colcon.colcon_core.package_identification:_identify(src/src/uros/micro-ROS-Agent/snap/local) by extension 'colcon_pkg'
[0.599s] Level 1:colcon.colcon_core.package_identification:_identify(src/src/uros/micro-ROS-Agent/snap/local) by extensions ['colcon_meta']
[0.599s] Level 1:colcon.colcon_core.package_identification:_identify(src/src/uros/micro-ROS-Agent/snap/local) by extension 'colcon_meta'
[0.599s] Level 1:colcon.colcon_core.package_identification:_identify(src/src/uros/micro-ROS-Agent/snap/local) by extensions ['ros']
[0.599s] Level 1:colcon.colcon_core.package_identification:_identify(src/src/uros/micro-ROS-Agent/snap/local) by extension 'ros'
[0.599s] Level 1:colcon.colcon_core.package_identification:_identify(src/src/uros/micro-ROS-Agent/snap/local) by extensions ['cmake', 'python']
[0.599s] Level 1:colcon.colcon_core.package_identification:_identify(src/src/uros/micro-ROS-Agent/snap/local) by extension 'cmake'
[0.599s] Level 1:colcon.colcon_core.package_identification:_identify(src/src/uros/micro-ROS-Agent/snap/local) by extension 'python'
[0.599s] Level 1:colcon.colcon_core.package_identification:_identify(src/src/uros/micro-ROS-Agent/snap/local) by extensions ['python_setup_py']
[0.599s] Level 1:colcon.colcon_core.package_identification:_identify(src/src/uros/micro-ROS-Agent/snap/local) by extension 'python_setup_py'
[0.599s] Level 1:colcon.colcon_core.package_identification:_identify(src/src/uros/micro_ros_msgs) by extensions ['ignore', 'ignore_ament_install']
[0.599s] Level 1:colcon.colcon_core.package_identification:_identify(src/src/uros/micro_ros_msgs) by extension 'ignore'
[0.599s] Level 1:colcon.colcon_core.package_identification:_identify(src/src/uros/micro_ros_msgs) by extension 'ignore_ament_install'
[0.599s] Level 1:colcon.colcon_core.package_identification:_identify(src/src/uros/micro_ros_msgs) by extensions ['colcon_pkg']
[0.599s] Level 1:colcon.colcon_core.package_identification:_identify(src/src/uros/micro_ros_msgs) by extension 'colcon_pkg'
[0.599s] Level 1:colcon.colcon_core.package_identification:_identify(src/src/uros/micro_ros_msgs) by extensions ['colcon_meta']
[0.599s] Level 1:colcon.colcon_core.package_identification:_identify(src/src/uros/micro_ros_msgs) by extension 'colcon_meta'
[0.599s] Level 1:colcon.colcon_core.package_identification:_identify(src/src/uros/micro_ros_msgs) by extensions ['ros']
[0.599s] Level 1:colcon.colcon_core.package_identification:_identify(src/src/uros/micro_ros_msgs) by extension 'ros'
[0.600s] DEBUG:colcon.colcon_core.package_identification:Package 'src/src/uros/micro_ros_msgs' with type 'ros.ament_cmake' and name 'micro_ros_msgs'
[0.600s] Level 1:colcon.colcon_core.package_discovery:discover_packages(recursive) using defaults
[0.600s] Level 1:colcon.colcon_core.package_discovery:discover_packages(ignore) discover
[0.600s] Level 1:colcon.colcon_core.package_discovery:discover_packages(ignore) using defaults
[0.600s] Level 1:colcon.colcon_core.package_discovery:discover_packages(path) discover
[0.600s] Level 1:colcon.colcon_core.package_discovery:discover_packages(path) using defaults
[0.640s] Level 1:colcon.colcon_core.package_discovery:discover_packages(prefix_path) check parameters
[0.641s] Level 1:colcon.colcon_core.package_discovery:discover_packages(prefix_path) discover
[0.643s] WARNING:colcon.colcon_ros.prefix_path.ament:The path '/home/abubakr/microROS_AUV/install/micro_ros_agent' in the environment variable AMENT_PREFIX_PATH doesn't exist
[0.643s] WARNING:colcon.colcon_ros.prefix_path.ament:The path '/home/abubakr/microROS_AUV/install/micro_ros_msgs' in the environment variable AMENT_PREFIX_PATH doesn't exist
[0.643s] WARNING:colcon.colcon_ros.prefix_path.ament:The path '/home/abubakr/microROS_AUV/install/custom_interfaces' in the environment variable AMENT_PREFIX_PATH doesn't exist
[0.643s] WARNING:colcon.colcon_ros.prefix_path.ament:The path '/home/abubakr/microROS_AUV/install/control_pkg' in the environment variable AMENT_PREFIX_PATH doesn't exist
[0.643s] WARNING:colcon.colcon_ros.prefix_path.catkin:The path '/home/abubakr/microROS_AUV/install/micro_ros_agent' in the environment variable CMAKE_PREFIX_PATH doesn't exist
[0.643s] WARNING:colcon.colcon_ros.prefix_path.catkin:The path '/home/abubakr/microROS_AUV/install/micro_ros_msgs' in the environment variable CMAKE_PREFIX_PATH doesn't exist
[0.643s] WARNING:colcon.colcon_ros.prefix_path.catkin:The path '/home/abubakr/microROS_AUV/install/custom_interfaces' in the environment variable CMAKE_PREFIX_PATH doesn't exist
[0.645s] DEBUG:colcon.colcon_installed_package_information.package_discovery:Found 0 installed packages in /home/abubakr/microROS_AUV/install
[0.646s] DEBUG:colcon.colcon_installed_package_information.package_discovery:Found 272 installed packages in /opt/ros/humble
[0.647s] Level 1:colcon.colcon_core.package_discovery:discover_packages(prefix_path) using defaults
[0.722s] Level 5:colcon.colcon_core.verb:set package 'control_pkg' build argument 'cmake_args' from command line to 'None'
[0.722s] Level 5:colcon.colcon_core.verb:set package 'control_pkg' build argument 'cmake_target' from command line to 'None'
[0.722s] Level 5:colcon.colcon_core.verb:set package 'control_pkg' build argument 'cmake_target_skip_unavailable' from command line to 'False'
[0.722s] Level 5:colcon.colcon_core.verb:set package 'control_pkg' build argument 'cmake_clean_cache' from command line to 'False'
[0.722s] Level 5:colcon.colcon_core.verb:set package 'control_pkg' build argument 'cmake_clean_first' from command line to 'False'
[0.722s] Level 5:colcon.colcon_core.verb:set package 'control_pkg' build argument 'cmake_force_configure' from command line to 'False'
[0.722s] Level 5:colcon.colcon_core.verb:set package 'control_pkg' build argument 'ament_cmake_args' from command line to 'None'
[0.722s] Level 5:colcon.colcon_core.verb:set package 'control_pkg' build argument 'catkin_cmake_args' from command line to 'None'
[0.723s] Level 5:colcon.colcon_core.verb:set package 'control_pkg' build argument 'catkin_skip_building_tests' from command line to 'False'
[0.723s] DEBUG:colcon.colcon_core.verb:Building package 'control_pkg' with the following arguments: {'ament_cmake_args': None, 'build_base': '/home/abubakr/microROS_AUV/build/control_pkg', 'catkin_cmake_args': None, 'catkin_skip_building_tests': False, 'cmake_args': None, 'cmake_clean_cache': False, 'cmake_clean_first': False, 'cmake_force_configure': False, 'cmake_target': None, 'cmake_target_skip_unavailable': False, 'install_base': '/home/abubakr/microROS_AUV/install/control_pkg', 'merge_install': False, 'path': '/home/abubakr/microROS_AUV/src/control_pkg', 'symlink_install': False, 'test_result_base': None}
[0.723s] Level 5:colcon.colcon_core.verb:set package 'custom_interfaces' build argument 'cmake_args' from command line to 'None'
[0.723s] Level 5:colcon.colcon_core.verb:set package 'custom_interfaces' build argument 'cmake_target' from command line to 'None'
[0.723s] Level 5:colcon.colcon_core.verb:set package 'custom_interfaces' build argument 'cmake_target_skip_unavailable' from command line to 'False'
[0.723s] Level 5:colcon.colcon_core.verb:set package 'custom_interfaces' build argument 'cmake_clean_cache' from command line to 'False'
[0.723s] Level 5:colcon.colcon_core.verb:set package 'custom_interfaces' build argument 'cmake_clean_first' from command line to 'False'
[0.723s] Level 5:colcon.colcon_core.verb:set package 'custom_interfaces' build argument 'cmake_force_configure' from command line to 'False'
[0.723s] Level 5:colcon.colcon_core.verb:set package 'custom_interfaces' build argument 'ament_cmake_args' from command line to 'None'
[0.723s] Level 5:colcon.colcon_core.verb:set package 'custom_interfaces' build argument 'catkin_cmake_args' from command line to 'None'
[0.723s] Level 5:colcon.colcon_core.verb:set package 'custom_interfaces' build argument 'catkin_skip_building_tests' from command line to 'False'
[0.723s] DEBUG:colcon.colcon_core.verb:Building package 'custom_interfaces' with the following arguments: {'ament_cmake_args': None, 'build_base': '/home/abubakr/microROS_AUV/build/custom_interfaces', 'catkin_cmake_args': None, 'catkin_skip_building_tests': False, 'cmake_args': None, 'cmake_clean_cache': False, 'cmake_clean_first': False, 'cmake_force_configure': False, 'cmake_target': None, 'cmake_target_skip_unavailable': False, 'install_base': '/home/abubakr/microROS_AUV/install/custom_interfaces', 'merge_install': False, 'path': '/home/abubakr/microROS_AUV/src/custom_interfaces', 'symlink_install': False, 'test_result_base': None}
[0.723s] Level 5:colcon.colcon_core.verb:set package 'micro_ros_msgs' build argument 'cmake_args' from command line to 'None'
[0.723s] Level 5:colcon.colcon_core.verb:set package 'micro_ros_msgs' build argument 'cmake_target' from command line to 'None'
[0.723s] Level 5:colcon.colcon_core.verb:set package 'micro_ros_msgs' build argument 'cmake_target_skip_unavailable' from command line to 'False'
[0.723s] Level 5:colcon.colcon_core.verb:set package 'micro_ros_msgs' build argument 'cmake_clean_cache' from command line to 'False'
[0.723s] Level 5:colcon.colcon_core.verb:set package 'micro_ros_msgs' build argument 'cmake_clean_first' from command line to 'False'
[0.723s] Level 5:colcon.colcon_core.verb:set package 'micro_ros_msgs' build argument 'cmake_force_configure' from command line to 'False'
[0.723s] Level 5:colcon.colcon_core.verb:set package 'micro_ros_msgs' build argument 'ament_cmake_args' from command line to 'None'
[0.723s] Level 5:colcon.colcon_core.verb:set package 'micro_ros_msgs' build argument 'catkin_cmake_args' from command line to 'None'
[0.723s] Level 5:colcon.colcon_core.verb:set package 'micro_ros_msgs' build argument 'catkin_skip_building_tests' from command line to 'False'
[0.723s] DEBUG:colcon.colcon_core.verb:Building package 'micro_ros_msgs' with the following arguments: {'ament_cmake_args': None, 'build_base': '/home/abubakr/microROS_AUV/build/micro_ros_msgs', 'catkin_cmake_args': None, 'catkin_skip_building_tests': False, 'cmake_args': None, 'cmake_clean_cache': False, 'cmake_clean_first': False, 'cmake_force_configure': False, 'cmake_target': None, 'cmake_target_skip_unavailable': False, 'install_base': '/home/abubakr/microROS_AUV/install/micro_ros_msgs', 'merge_install': False, 'path': '/home/abubakr/microROS_AUV/src/src/uros/micro_ros_msgs', 'symlink_install': False, 'test_result_base': None}
[0.723s] Level 5:colcon.colcon_core.verb:set package 'micro_ros_agent' build argument 'cmake_args' from command line to 'None'
[0.723s] Level 5:colcon.colcon_core.verb:set package 'micro_ros_agent' build argument 'cmake_target' from command line to 'None'
[0.723s] Level 5:colcon.colcon_core.verb:set package 'micro_ros_agent' build argument 'cmake_target_skip_unavailable' from command line to 'False'
[0.723s] Level 5:colcon.colcon_core.verb:set package 'micro_ros_agent' build argument 'cmake_clean_cache' from command line to 'False'
[0.723s] Level 5:colcon.colcon_core.verb:set package 'micro_ros_agent' build argument 'cmake_clean_first' from command line to 'False'
[0.723s] Level 5:colcon.colcon_core.verb:set package 'micro_ros_agent' build argument 'cmake_force_configure' from command line to 'False'
[0.723s] Level 5:colcon.colcon_core.verb:set package 'micro_ros_agent' build argument 'ament_cmake_args' from command line to 'None'
[0.723s] Level 5:colcon.colcon_core.verb:set package 'micro_ros_agent' build argument 'catkin_cmake_args' from command line to 'None'
[0.723s] Level 5:colcon.colcon_core.verb:set package 'micro_ros_agent' build argument 'catkin_skip_building_tests' from command line to 'False'
[0.723s] DEBUG:colcon.colcon_core.verb:Building package 'micro_ros_agent' with the following arguments: {'ament_cmake_args': None, 'build_base': '/home/abubakr/microROS_AUV/build/micro_ros_agent', 'catkin_cmake_args': None, 'catkin_skip_building_tests': False, 'cmake_args': None, 'cmake_clean_cache': False, 'cmake_clean_first': False, 'cmake_force_configure': False, 'cmake_target': None, 'cmake_target_skip_unavailable': False, 'install_base': '/home/abubakr/microROS_AUV/install/micro_ros_agent', 'merge_install': False, 'path': '/home/abubakr/microROS_AUV/src/src/uros/micro-ROS-Agent/micro_ros_agent', 'symlink_install': False, 'test_result_base': None}
[0.723s] INFO:colcon.colcon_core.executor:Executing jobs using 'parallel' executor
[0.725s] DEBUG:colcon.colcon_parallel_executor.executor.parallel:run_until_complete
[0.725s] INFO:colcon.colcon_ros.task.ament_cmake.build:Building ROS package in '/home/abubakr/microROS_AUV/src/src/uros/micro_ros_msgs' with build type 'ament_cmake'
[0.725s] INFO:colcon.colcon_cmake.task.cmake.build:Building CMake package in '/home/abubakr/microROS_AUV/src/src/uros/micro_ros_msgs'
[0.732s] INFO:colcon.colcon_core.plugin_system:Skipping extension 'colcon_core.shell.bat': Not used on non-Windows systems
[0.732s] INFO:colcon.colcon_core.shell:Skip shell extension 'powershell' for command environment: Not usable outside of PowerShell
[0.732s] DEBUG:colcon.colcon_core.shell:Skip shell extension 'dsv' for command environment
[0.735s] INFO:colcon.colcon_ros.task.ament_python.build:Building ROS package in '/home/abubakr/microROS_AUV/src/control_pkg' with build type 'ament_python'
[0.735s] Level 1:colcon.colcon_core.shell:create_environment_hook('control_pkg', 'ament_prefix_path')
[0.736s] INFO:colcon.colcon_core.shell:Creating environment hook '/home/abubakr/microROS_AUV/install/control_pkg/share/control_pkg/hook/ament_prefix_path.ps1'
[0.737s] INFO:colcon.colcon_core.shell:Creating environment descriptor '/home/abubakr/microROS_AUV/install/control_pkg/share/control_pkg/hook/ament_prefix_path.dsv'
[0.738s] INFO:colcon.colcon_core.shell:Creating environment hook '/home/abubakr/microROS_AUV/install/control_pkg/share/control_pkg/hook/ament_prefix_path.sh'
[0.738s] INFO:colcon.colcon_core.shell:Skip shell extension 'powershell' for command environment: Not usable outside of PowerShell
[0.738s] DEBUG:colcon.colcon_core.shell:Skip shell extension 'dsv' for command environment
[0.740s] INFO:colcon.colcon_ros.task.ament_cmake.build:Building ROS package in '/home/abubakr/microROS_AUV/src/custom_interfaces' with build type 'ament_cmake'
[0.741s] INFO:colcon.colcon_cmake.task.cmake.build:Building CMake package in '/home/abubakr/microROS_AUV/src/custom_interfaces'
[0.741s] INFO:colcon.colcon_core.shell:Skip shell extension 'powershell' for command environment: Not usable outside of PowerShell
[0.741s] DEBUG:colcon.colcon_core.shell:Skip shell extension 'dsv' for command environment
[0.747s] DEBUG:colcon.colcon_core.event_handler.log_command:Invoking command in '/home/abubakr/microROS_AUV/build/micro_ros_msgs': CMAKE_PREFIX_PATH=${CMAKE_PREFIX_PATH}:/home/abubakr/microROS_AUV/install/control_pkg:/opt/ros/humble /usr/bin/cmake --build /home/abubakr/microROS_AUV/build/micro_ros_msgs -- -j16 -l16
[0.886s] INFO:colcon.colcon_core.task.python.build:Building Python package in '/home/abubakr/microROS_AUV/src/control_pkg'
[0.887s] INFO:colcon.colcon_core.shell:Skip shell extension 'powershell' for command environment: Not usable outside of PowerShell
[0.887s] DEBUG:colcon.colcon_core.shell:Skip shell extension 'dsv' for command environment
[0.895s] DEBUG:colcon.colcon_core.event_handler.log_command:Invoking command in '/home/abubakr/microROS_AUV/build/custom_interfaces': CMAKE_PREFIX_PATH=${CMAKE_PREFIX_PATH}:/home/abubakr/microROS_AUV/install/control_pkg:/opt/ros/humble /usr/bin/cmake --build /home/abubakr/microROS_AUV/build/custom_interfaces -- -j16 -l16
[0.895s] DEBUG:colcon.colcon_core.event_handler.log_command:Invoked command in '/home/abubakr/microROS_AUV/build/micro_ros_msgs' returned '2': CMAKE_PREFIX_PATH=${CMAKE_PREFIX_PATH}:/home/abubakr/microROS_AUV/install/control_pkg:/opt/ros/humble /usr/bin/cmake --build /home/abubakr/microROS_AUV/build/micro_ros_msgs -- -j16 -l16
[0.896s] Level 1:colcon.colcon_core.environment:create_environment_scripts_only(micro_ros_msgs)
[0.903s] Level 1:colcon.colcon_core.environment:checking '/home/abubakr/microROS_AUV/install/micro_ros_msgs' for CMake module files
[0.903s] Level 1:colcon.colcon_core.environment:checking '/home/abubakr/microROS_AUV/install/micro_ros_msgs' for CMake config files
[0.903s] Level 1:colcon.colcon_core.environment:checking '/home/abubakr/microROS_AUV/install/micro_ros_msgs/bin'
[0.904s] Level 1:colcon.colcon_core.environment:checking '/home/abubakr/microROS_AUV/install/micro_ros_msgs/lib/pkgconfig/micro_ros_msgs.pc'
[0.904s] Level 1:colcon.colcon_core.environment:checking '/home/abubakr/microROS_AUV/install/micro_ros_msgs/lib/python3.10/site-packages'
[0.904s] Level 1:colcon.colcon_core.environment:checking '/home/abubakr/microROS_AUV/install/micro_ros_msgs/bin'
[0.904s] INFO:colcon.colcon_core.shell:Creating package script '/home/abubakr/microROS_AUV/install/micro_ros_msgs/share/micro_ros_msgs/package.ps1'
[0.905s] INFO:colcon.colcon_core.shell:Creating package descriptor '/home/abubakr/microROS_AUV/install/micro_ros_msgs/share/micro_ros_msgs/package.dsv'
[0.906s] INFO:colcon.colcon_core.shell:Creating package script '/home/abubakr/microROS_AUV/install/micro_ros_msgs/share/micro_ros_msgs/package.sh'
[0.906s] INFO:colcon.colcon_core.shell:Creating package script '/home/abubakr/microROS_AUV/install/micro_ros_msgs/share/micro_ros_msgs/package.bash'
[0.907s] INFO:colcon.colcon_core.shell:Creating package script '/home/abubakr/microROS_AUV/install/micro_ros_msgs/share/micro_ros_msgs/package.zsh'
[0.908s] Level 1:colcon.colcon_core.environment:create_file_with_runtime_dependencies(/home/abubakr/microROS_AUV/install/micro_ros_msgs/share/colcon-core/packages/micro_ros_msgs)
[1.166s] DEBUG:colcon.colcon_parallel_executor.executor.parallel:closing loop
[1.166s] DEBUG:colcon.colcon_parallel_executor.executor.parallel:loop closed
[1.166s] DEBUG:colcon.colcon_parallel_executor.executor.parallel:run_until_complete finished with '2'
[1.166s] DEBUG:colcon.colcon_core.event_reactor:joining thread
[1.201s] INFO:colcon.colcon_core.plugin_system:Skipping extension 'colcon_notification.desktop_notification.notify_send': Could not find 'notify-send'
[1.201s] INFO:colcon.colcon_core.plugin_system:Skipping extension 'colcon_notification.desktop_notification.terminal_notifier': Not used on non-Darwin systems
[1.201s] INFO:colcon.colcon_core.plugin_system:Skipping extension 'colcon_notification.desktop_notification.win32': Not used on non-Windows systems
[1.202s] INFO:colcon.colcon_notification.desktop_notification:Sending desktop notification using 'notify2'
[1.202s] DEBUG:colcon.colcon_notification.desktop_notification.notify2:Failed to initialize notify2: org.freedesktop.DBus.Error.FileNotFound: Failed to connect to socket /run/user/1000/bus: No such file or directory
[1.202s] DEBUG:colcon.colcon_core.event_reactor:joined thread
[1.202s] INFO:colcon.colcon_core.shell:Creating prefix script '/home/abubakr/microROS_AUV/install/local_setup.ps1'
[1.203s] INFO:colcon.colcon_core.shell:Creating prefix util module '/home/abubakr/microROS_AUV/install/_local_setup_util_ps1.py'
[1.204s] INFO:colcon.colcon_core.shell:Creating prefix chain script '/home/abubakr/microROS_AUV/install/setup.ps1'
[1.205s] INFO:colcon.colcon_core.shell:Creating prefix script '/home/abubakr/microROS_AUV/install/local_setup.sh'
[1.206s] INFO:colcon.colcon_core.shell:Creating prefix util module '/home/abubakr/microROS_AUV/install/_local_setup_util_sh.py'
[1.206s] INFO:colcon.colcon_core.shell:Creating prefix chain script '/home/abubakr/microROS_AUV/install/setup.sh'
[1.207s] INFO:colcon.colcon_core.shell:Creating prefix script '/home/abubakr/microROS_AUV/install/local_setup.bash'
[1.207s] INFO:colcon.colcon_core.shell:Creating prefix chain script '/home/abubakr/microROS_AUV/install/setup.bash'
[1.208s] INFO:colcon.colcon_core.shell:Creating prefix script '/home/abubakr/microROS_AUV/install/local_setup.zsh'
[1.209s] INFO:colcon.colcon_core.shell:Creating prefix chain script '/home/abubakr/microROS_AUV/install/setup.zsh'
