[0.092s] Invoking command in '/home/uwr/microROS_AUV/build/builtin_interfaces': CMAKE_PREFIX_PATH=${CMAKE_PREFIX_PATH}:/home/uwr/microROS_AUV/install/control_pkg:/home/uwr/Desktop/2024_UWR/install/sonar_subs:/opt/ros/humble /usr/bin/cmake --build /home/uwr/microROS_AUV/build/builtin_interfaces -- -j8 -l8
[0.230s] [35m[1mConsolidate compiler generated dependencies of target builtin_interfaces__rosidl_generator_c[0m
[0.306s] [  2%] Built target builtin_interfaces__cpp
[0.328s] [ 10%] Built target builtin_interfaces__rosidl_generator_c
[0.349s] [ 10%] Built target ament_cmake_python_copy_builtin_interfaces
[0.413s] [35m[1mConsolidate compiler generated dependencies of target builtin_interfaces__rosidl_typesupport_microxrcedds_cpp[0m
[0.420s] [35m[1mConsolidate compiler generated dependencies of target builtin_interfaces__rosidl_typesupport_cpp[0m
[0.464s] [35m[1mConsolidate compiler generated dependencies of target builtin_interfaces__rosidl_typesupport_fastrtps_c[0m
[0.473s] [35m[1mConsolidate compiler generated dependencies of target builtin_interfaces__rosidl_typesupport_fastrtps_cpp[0m
[0.493s] [35m[1mConsolidate compiler generated dependencies of target builtin_interfaces__rosidl_typesupport_c[0m
[0.503s] [35m[1mConsolidate compiler generated dependencies of target builtin_interfaces__rosidl_typesupport_microxrcedds_c[0m
[0.539s] [35m[1mConsolidate compiler generated dependencies of target builtin_interfaces__rosidl_typesupport_introspection_c[0m
[0.540s] [35m[1mConsolidate compiler generated dependencies of target builtin_interfaces__rosidl_typesupport_introspection_cpp[0m
[0.540s] [ 18%] Built target builtin_interfaces__rosidl_typesupport_microxrcedds_cpp
[0.656s] [ 26%] Built target builtin_interfaces__rosidl_typesupport_introspection_cpp
[0.670s] [ 34%] Built target builtin_interfaces__rosidl_typesupport_fastrtps_c
[0.692s] [ 44%] Built target builtin_interfaces__rosidl_typesupport_introspection_c
[0.694s] [ 51%] Built target builtin_interfaces__rosidl_typesupport_cpp
[0.701s] [ 59%] Built target builtin_interfaces__rosidl_typesupport_microxrcedds_c
[0.741s] [ 67%] Built target builtin_interfaces__rosidl_typesupport_c
[0.782s] [ 75%] Built target builtin_interfaces__rosidl_typesupport_fastrtps_cpp
[1.038s] [ 75%] Built target builtin_interfaces
[1.195s] [ 77%] Built target builtin_interfaces__py
[1.261s] [35m[1mConsolidate compiler generated dependencies of target builtin_interfaces__rosidl_generator_py[0m
[1.344s] [ 83%] Built target builtin_interfaces__rosidl_generator_py
[1.423s] [35m[1mConsolidate compiler generated dependencies of target builtin_interfaces__rosidl_typesupport_introspection_c__pyext[0m
[1.443s] [35m[1mConsolidate compiler generated dependencies of target builtin_interfaces__rosidl_typesupport_c__pyext[0m
[1.465s] [35m[1mConsolidate compiler generated dependencies of target builtin_interfaces__rosidl_typesupport_fastrtps_c__pyext[0m
[1.495s] [35m[1mConsolidate compiler generated dependencies of target builtin_interfaces__rosidl_typesupport_microxrcedds_c__pyext[0m
[1.502s] [ 87%] Built target builtin_interfaces__rosidl_typesupport_introspection_c__pyext
[1.526s] [ 91%] Built target builtin_interfaces__rosidl_typesupport_c__pyext
[1.610s] [ 95%] Built target builtin_interfaces__rosidl_typesupport_microxrcedds_c__pyext
[1.610s] [100%] Built target builtin_interfaces__rosidl_typesupport_fastrtps_c__pyext
[1.972s] running egg_info
[1.978s] writing builtin_interfaces.egg-info/PKG-INFO
[1.979s] writing dependency_links to builtin_interfaces.egg-info/dependency_links.txt
[1.979s] writing top-level names to builtin_interfaces.egg-info/top_level.txt
[1.986s] reading manifest file 'builtin_interfaces.egg-info/SOURCES.txt'
[1.987s] writing manifest file 'builtin_interfaces.egg-info/SOURCES.txt'
[2.056s] [100%] Built target ament_cmake_python_build_builtin_interfaces_egg
[2.107s] Invoked command in '/home/uwr/microROS_AUV/build/builtin_interfaces' returned '0': CMAKE_PREFIX_PATH=${CMAKE_PREFIX_PATH}:/home/uwr/microROS_AUV/install/control_pkg:/home/uwr/Desktop/2024_UWR/install/sonar_subs:/opt/ros/humble /usr/bin/cmake --build /home/uwr/microROS_AUV/build/builtin_interfaces -- -j8 -l8
[2.546s] Invoking command in '/home/uwr/microROS_AUV/build/builtin_interfaces': CMAKE_PREFIX_PATH=${CMAKE_PREFIX_PATH}:/home/uwr/microROS_AUV/install/control_pkg:/home/uwr/Desktop/2024_UWR/install/sonar_subs:/opt/ros/humble /usr/bin/cmake --install /home/uwr/microROS_AUV/build/builtin_interfaces
[2.571s] -- Install configuration: ""
[2.575s] -- Up-to-date: /home/uwr/microROS_AUV/install/builtin_interfaces/share/ament_index/resource_index/rosidl_interfaces/builtin_interfaces
[2.575s] -- Up-to-date: /home/uwr/microROS_AUV/install/builtin_interfaces/include/builtin_interfaces/builtin_interfaces
[2.575s] -- Up-to-date: /home/uwr/microROS_AUV/install/builtin_interfaces/include/builtin_interfaces/builtin_interfaces/msg
[2.576s] -- Up-to-date: /home/uwr/microROS_AUV/install/builtin_interfaces/include/builtin_interfaces/builtin_interfaces/msg/rosidl_generator_c__visibility_control.h
[2.576s] -- Up-to-date: /home/uwr/microROS_AUV/install/builtin_interfaces/include/builtin_interfaces/builtin_interfaces/msg/detail
[2.576s] -- Up-to-date: /home/uwr/microROS_AUV/install/builtin_interfaces/include/builtin_interfaces/builtin_interfaces/msg/detail/time__functions.h
[2.576s] -- Up-to-date: /home/uwr/microROS_AUV/install/builtin_interfaces/include/builtin_interfaces/builtin_interfaces/msg/detail/time__struct.h
[2.576s] -- Up-to-date: /home/uwr/microROS_AUV/install/builtin_interfaces/include/builtin_interfaces/builtin_interfaces/msg/detail/duration__struct.h
[2.577s] -- Up-to-date: /home/uwr/microROS_AUV/install/builtin_interfaces/include/builtin_interfaces/builtin_interfaces/msg/detail/time__type_support.h
[2.577s] -- Up-to-date: /home/uwr/microROS_AUV/install/builtin_interfaces/include/builtin_interfaces/builtin_interfaces/msg/detail/duration__functions.c
[2.577s] -- Up-to-date: /home/uwr/microROS_AUV/install/builtin_interfaces/include/builtin_interfaces/builtin_interfaces/msg/detail/duration__functions.h
[2.577s] -- Up-to-date: /home/uwr/microROS_AUV/install/builtin_interfaces/include/builtin_interfaces/builtin_interfaces/msg/detail/duration__type_support.h
[2.578s] -- Up-to-date: /home/uwr/microROS_AUV/install/builtin_interfaces/include/builtin_interfaces/builtin_interfaces/msg/detail/time__functions.c
[2.578s] -- Up-to-date: /home/uwr/microROS_AUV/install/builtin_interfaces/include/builtin_interfaces/builtin_interfaces/msg/time.h
[2.578s] -- Up-to-date: /home/uwr/microROS_AUV/install/builtin_interfaces/include/builtin_interfaces/builtin_interfaces/msg/duration.h
[2.578s] -- Up-to-date: /home/uwr/microROS_AUV/install/builtin_interfaces/share/builtin_interfaces/environment/library_path.sh
[2.578s] -- Up-to-date: /home/uwr/microROS_AUV/install/builtin_interfaces/share/builtin_interfaces/environment/library_path.dsv
[2.588s] -- Up-to-date: /home/uwr/microROS_AUV/install/builtin_interfaces/lib/libbuiltin_interfaces__rosidl_generator_c.so
[2.589s] -- Up-to-date: /home/uwr/microROS_AUV/install/builtin_interfaces/include/builtin_interfaces
[2.589s] -- Up-to-date: /home/uwr/microROS_AUV/install/builtin_interfaces/include/builtin_interfaces/msg
[2.589s] -- Up-to-date: /home/uwr/microROS_AUV/install/builtin_interfaces/include/builtin_interfaces/msg/rosidl_typesupport_microxrcedds_c__visibility_control.h
[2.589s] -- Up-to-date: /home/uwr/microROS_AUV/install/builtin_interfaces/include/builtin_interfaces/msg/detail
[2.589s] -- Up-to-date: /home/uwr/microROS_AUV/install/builtin_interfaces/include/builtin_interfaces/msg/detail/time__rosidl_typesupport_microxrcedds_c.h
[2.590s] -- Up-to-date: /home/uwr/microROS_AUV/install/builtin_interfaces/include/builtin_interfaces/msg/detail/duration__rosidl_typesupport_microxrcedds_c.h
[2.590s] -- Up-to-date: /home/uwr/microROS_AUV/install/builtin_interfaces/include/builtin_interfaces/msg/detail/microxrcedds
[2.593s] -- Up-to-date: /home/uwr/microROS_AUV/install/builtin_interfaces/lib/libbuiltin_interfaces__rosidl_typesupport_microxrcedds_c.so
[2.596s] -- Up-to-date: /home/uwr/microROS_AUV/install/builtin_interfaces/include/builtin_interfaces/builtin_interfaces
[2.599s] -- Up-to-date: /home/uwr/microROS_AUV/install/builtin_interfaces/include/builtin_interfaces/builtin_interfaces/msg
[2.600s] -- Up-to-date: /home/uwr/microROS_AUV/install/builtin_interfaces/include/builtin_interfaces/builtin_interfaces/msg/detail
[2.600s] -- Up-to-date: /home/uwr/microROS_AUV/install/builtin_interfaces/include/builtin_interfaces/builtin_interfaces/msg/detail/duration__rosidl_typesupport_fastrtps_c.h
[2.600s] -- Up-to-date: /home/uwr/microROS_AUV/install/builtin_interfaces/include/builtin_interfaces/builtin_interfaces/msg/detail/time__rosidl_typesupport_fastrtps_c.h
[2.600s] -- Up-to-date: /home/uwr/microROS_AUV/install/builtin_interfaces/include/builtin_interfaces/builtin_interfaces/msg/rosidl_typesupport_fastrtps_c__visibility_control.h
[2.606s] -- Up-to-date: /home/uwr/microROS_AUV/install/builtin_interfaces/lib/libbuiltin_interfaces__rosidl_typesupport_fastrtps_c.so
[2.607s] -- Up-to-date: /home/uwr/microROS_AUV/install/builtin_interfaces/include/builtin_interfaces/builtin_interfaces
[2.607s] -- Up-to-date: /home/uwr/microROS_AUV/install/builtin_interfaces/include/builtin_interfaces/builtin_interfaces/msg
[2.607s] -- Up-to-date: /home/uwr/microROS_AUV/install/builtin_interfaces/include/builtin_interfaces/builtin_interfaces/msg/rosidl_typesupport_introspection_c__visibility_control.h
[2.607s] -- Up-to-date: /home/uwr/microROS_AUV/install/builtin_interfaces/include/builtin_interfaces/builtin_interfaces/msg/detail
[2.608s] -- Up-to-date: /home/uwr/microROS_AUV/install/builtin_interfaces/include/builtin_interfaces/builtin_interfaces/msg/detail/duration__type_support.c
[2.609s] -- Up-to-date: /home/uwr/microROS_AUV/install/builtin_interfaces/include/builtin_interfaces/builtin_interfaces/msg/detail/time__rosidl_typesupport_introspection_c.h
[2.610s] -- Up-to-date: /home/uwr/microROS_AUV/install/builtin_interfaces/include/builtin_interfaces/builtin_interfaces/msg/detail/duration__rosidl_typesupport_introspection_c.h
[2.610s] -- Up-to-date: /home/uwr/microROS_AUV/install/builtin_interfaces/include/builtin_interfaces/builtin_interfaces/msg/detail/time__type_support.c
[2.610s] -- Up-to-date: /home/uwr/microROS_AUV/install/builtin_interfaces/lib/libbuiltin_interfaces__rosidl_typesupport_introspection_c.so
[2.610s] -- Up-to-date: /home/uwr/microROS_AUV/install/builtin_interfaces/lib/libbuiltin_interfaces__rosidl_typesupport_c.so
[2.610s] -- Up-to-date: /home/uwr/microROS_AUV/install/builtin_interfaces/include/builtin_interfaces/builtin_interfaces
[2.611s] -- Up-to-date: /home/uwr/microROS_AUV/install/builtin_interfaces/include/builtin_interfaces/builtin_interfaces/msg
[2.611s] -- Up-to-date: /home/uwr/microROS_AUV/install/builtin_interfaces/include/builtin_interfaces/builtin_interfaces/msg/detail
[2.611s] -- Up-to-date: /home/uwr/microROS_AUV/install/builtin_interfaces/include/builtin_interfaces/builtin_interfaces/msg/detail/duration__struct.hpp
[2.611s] -- Up-to-date: /home/uwr/microROS_AUV/install/builtin_interfaces/include/builtin_interfaces/builtin_interfaces/msg/detail/time__traits.hpp
[2.611s] -- Up-to-date: /home/uwr/microROS_AUV/install/builtin_interfaces/include/builtin_interfaces/builtin_interfaces/msg/detail/time__builder.hpp
[2.612s] -- Up-to-date: /home/uwr/microROS_AUV/install/builtin_interfaces/include/builtin_interfaces/builtin_interfaces/msg/detail/duration__builder.hpp
[2.612s] -- Up-to-date: /home/uwr/microROS_AUV/install/builtin_interfaces/include/builtin_interfaces/builtin_interfaces/msg/detail/duration__traits.hpp
[2.612s] -- Up-to-date: /home/uwr/microROS_AUV/install/builtin_interfaces/include/builtin_interfaces/builtin_interfaces/msg/detail/time__struct.hpp
[2.612s] -- Up-to-date: /home/uwr/microROS_AUV/install/builtin_interfaces/include/builtin_interfaces/builtin_interfaces/msg/duration.hpp
[2.612s] -- Up-to-date: /home/uwr/microROS_AUV/install/builtin_interfaces/include/builtin_interfaces/builtin_interfaces/msg/time.hpp
[2.618s] -- Up-to-date: /home/uwr/microROS_AUV/install/builtin_interfaces/include/builtin_interfaces
[2.618s] -- Up-to-date: /home/uwr/microROS_AUV/install/builtin_interfaces/include/builtin_interfaces/msg
[2.618s] -- Up-to-date: /home/uwr/microROS_AUV/install/builtin_interfaces/include/builtin_interfaces/msg/rosidl_typesupport_microxrcedds_cpp__visibility_control.h
[2.618s] -- Up-to-date: /home/uwr/microROS_AUV/install/builtin_interfaces/include/builtin_interfaces/msg/detail
[2.619s] -- Up-to-date: /home/uwr/microROS_AUV/install/builtin_interfaces/include/builtin_interfaces/msg/detail/time__rosidl_typesupport_microxrcedds_cpp.hpp
[2.619s] -- Up-to-date: /home/uwr/microROS_AUV/install/builtin_interfaces/include/builtin_interfaces/msg/detail/duration__rosidl_typesupport_microxrcedds_cpp.hpp
[2.619s] -- Up-to-date: /home/uwr/microROS_AUV/install/builtin_interfaces/include/builtin_interfaces/msg/detail/microxrcedds
[2.619s] -- Up-to-date: /home/uwr/microROS_AUV/install/builtin_interfaces/include/builtin_interfaces/msg/detail/microxrcedds/duration__type_support_cpp.cpp
[2.619s] -- Up-to-date: /home/uwr/microROS_AUV/install/builtin_interfaces/include/builtin_interfaces/msg/detail/microxrcedds/time__type_support_cpp.cpp
[2.620s] -- Up-to-date: /home/uwr/microROS_AUV/install/builtin_interfaces/lib/libbuiltin_interfaces__rosidl_typesupport_microxrcedds_cpp.so
[2.620s] -- Up-to-date: /home/uwr/microROS_AUV/install/builtin_interfaces/include/builtin_interfaces/builtin_interfaces
[2.620s] -- Up-to-date: /home/uwr/microROS_AUV/install/builtin_interfaces/include/builtin_interfaces/builtin_interfaces/msg
[2.620s] -- Up-to-date: /home/uwr/microROS_AUV/install/builtin_interfaces/include/builtin_interfaces/builtin_interfaces/msg/detail
[2.620s] -- Up-to-date: /home/uwr/microROS_AUV/install/builtin_interfaces/include/builtin_interfaces/builtin_interfaces/msg/detail/time__rosidl_typesupport_fastrtps_cpp.hpp
[2.621s] -- Up-to-date: /home/uwr/microROS_AUV/install/builtin_interfaces/include/builtin_interfaces/builtin_interfaces/msg/detail/duration__rosidl_typesupport_fastrtps_cpp.hpp
[2.621s] -- Up-to-date: /home/uwr/microROS_AUV/install/builtin_interfaces/include/builtin_interfaces/builtin_interfaces/msg/detail/dds_fastrtps
[2.621s] -- Up-to-date: /home/uwr/microROS_AUV/install/builtin_interfaces/include/builtin_interfaces/builtin_interfaces/msg/rosidl_typesupport_fastrtps_cpp__visibility_control.h
[2.621s] -- Up-to-date: /home/uwr/microROS_AUV/install/builtin_interfaces/lib/libbuiltin_interfaces__rosidl_typesupport_fastrtps_cpp.so
[2.625s] -- Up-to-date: /home/uwr/microROS_AUV/install/builtin_interfaces/include/builtin_interfaces/builtin_interfaces
[2.625s] -- Up-to-date: /home/uwr/microROS_AUV/install/builtin_interfaces/include/builtin_interfaces/builtin_interfaces/msg
[2.625s] -- Up-to-date: /home/uwr/microROS_AUV/install/builtin_interfaces/include/builtin_interfaces/builtin_interfaces/msg/detail
[2.625s] -- Up-to-date: /home/uwr/microROS_AUV/install/builtin_interfaces/include/builtin_interfaces/builtin_interfaces/msg/detail/time__type_support.cpp
[2.630s] -- Up-to-date: /home/uwr/microROS_AUV/install/builtin_interfaces/include/builtin_interfaces/builtin_interfaces/msg/detail/duration__type_support.cpp
[2.630s] -- Up-to-date: /home/uwr/microROS_AUV/install/builtin_interfaces/include/builtin_interfaces/builtin_interfaces/msg/detail/duration__rosidl_typesupport_introspection_cpp.hpp
[2.631s] -- Up-to-date: /home/uwr/microROS_AUV/install/builtin_interfaces/include/builtin_interfaces/builtin_interfaces/msg/detail/time__rosidl_typesupport_introspection_cpp.hpp
[2.631s] -- Up-to-date: /home/uwr/microROS_AUV/install/builtin_interfaces/lib/libbuiltin_interfaces__rosidl_typesupport_introspection_cpp.so
[2.631s] -- Up-to-date: /home/uwr/microROS_AUV/install/builtin_interfaces/lib/libbuiltin_interfaces__rosidl_typesupport_cpp.so
[2.631s] -- Up-to-date: /home/uwr/microROS_AUV/install/builtin_interfaces/share/builtin_interfaces/environment/pythonpath.sh
[2.631s] -- Up-to-date: /home/uwr/microROS_AUV/install/builtin_interfaces/share/builtin_interfaces/environment/pythonpath.dsv
[2.632s] -- Up-to-date: /home/uwr/microROS_AUV/install/builtin_interfaces/local/lib/python3.10/dist-packages/builtin_interfaces-1.2.2-py3.10.egg-info
[2.632s] -- Installing: /home/uwr/microROS_AUV/install/builtin_interfaces/local/lib/python3.10/dist-packages/builtin_interfaces-1.2.2-py3.10.egg-info/top_level.txt
[2.632s] -- Installing: /home/uwr/microROS_AUV/install/builtin_interfaces/local/lib/python3.10/dist-packages/builtin_interfaces-1.2.2-py3.10.egg-info/dependency_links.txt
[2.632s] -- Installing: /home/uwr/microROS_AUV/install/builtin_interfaces/local/lib/python3.10/dist-packages/builtin_interfaces-1.2.2-py3.10.egg-info/PKG-INFO
[2.635s] -- Installing: /home/uwr/microROS_AUV/install/builtin_interfaces/local/lib/python3.10/dist-packages/builtin_interfaces-1.2.2-py3.10.egg-info/SOURCES.txt
[2.635s] -- Up-to-date: /home/uwr/microROS_AUV/install/builtin_interfaces/local/lib/python3.10/dist-packages/builtin_interfaces
[2.638s] -- Up-to-date: /home/uwr/microROS_AUV/install/builtin_interfaces/local/lib/python3.10/dist-packages/builtin_interfaces/libbuiltin_interfaces__rosidl_generator_py.so
[2.638s] -- Up-to-date: /home/uwr/microROS_AUV/install/builtin_interfaces/local/lib/python3.10/dist-packages/builtin_interfaces/_builtin_interfaces_s.ep.rosidl_typesupport_microxrcedds_c.c
[2.639s] -- Up-to-date: /home/uwr/microROS_AUV/install/builtin_interfaces/local/lib/python3.10/dist-packages/builtin_interfaces/builtin_interfaces_s__rosidl_typesupport_fastrtps_c.cpython-310-x86_64-linux-gnu.so
[2.639s] -- Up-to-date: /home/uwr/microROS_AUV/install/builtin_interfaces/local/lib/python3.10/dist-packages/builtin_interfaces/builtin_interfaces_s__rosidl_typesupport_introspection_c.cpython-310-x86_64-linux-gnu.so
[2.639s] -- Up-to-date: /home/uwr/microROS_AUV/install/builtin_interfaces/local/lib/python3.10/dist-packages/builtin_interfaces/msg
[2.639s] -- Up-to-date: /home/uwr/microROS_AUV/install/builtin_interfaces/local/lib/python3.10/dist-packages/builtin_interfaces/msg/_duration.py
[2.639s] -- Up-to-date: /home/uwr/microROS_AUV/install/builtin_interfaces/local/lib/python3.10/dist-packages/builtin_interfaces/msg/_time.py
[2.640s] -- Up-to-date: /home/uwr/microROS_AUV/install/builtin_interfaces/local/lib/python3.10/dist-packages/builtin_interfaces/msg/_time_s.c
[2.640s] -- Up-to-date: /home/uwr/microROS_AUV/install/builtin_interfaces/local/lib/python3.10/dist-packages/builtin_interfaces/msg/__init__.py
[2.640s] -- Up-to-date: /home/uwr/microROS_AUV/install/builtin_interfaces/local/lib/python3.10/dist-packages/builtin_interfaces/msg/_duration_s.c
[2.640s] -- Up-to-date: /home/uwr/microROS_AUV/install/builtin_interfaces/local/lib/python3.10/dist-packages/builtin_interfaces/_builtin_interfaces_s.ep.rosidl_typesupport_introspection_c.c
[2.640s] -- Up-to-date: /home/uwr/microROS_AUV/install/builtin_interfaces/local/lib/python3.10/dist-packages/builtin_interfaces/builtin_interfaces_s__rosidl_typesupport_c.cpython-310-x86_64-linux-gnu.so
[2.646s] -- Up-to-date: /home/uwr/microROS_AUV/install/builtin_interfaces/local/lib/python3.10/dist-packages/builtin_interfaces/__init__.py
[2.646s] -- Up-to-date: /home/uwr/microROS_AUV/install/builtin_interfaces/local/lib/python3.10/dist-packages/builtin_interfaces/_builtin_interfaces_s.ep.rosidl_typesupport_c.c
[2.646s] -- Up-to-date: /home/uwr/microROS_AUV/install/builtin_interfaces/local/lib/python3.10/dist-packages/builtin_interfaces/_builtin_interfaces_s.ep.rosidl_typesupport_fastrtps_c.c
[2.647s] -- Up-to-date: /home/uwr/microROS_AUV/install/builtin_interfaces/local/lib/python3.10/dist-packages/builtin_interfaces/builtin_interfaces_s__rosidl_typesupport_microxrcedds_c.cpython-310-x86_64-linux-gnu.so
[2.709s] Listing '/home/uwr/microROS_AUV/install/builtin_interfaces/local/lib/python3.10/dist-packages/builtin_interfaces'...
[2.709s] Listing '/home/uwr/microROS_AUV/install/builtin_interfaces/local/lib/python3.10/dist-packages/builtin_interfaces/msg'...
[2.721s] -- Up-to-date: /home/uwr/microROS_AUV/install/builtin_interfaces/local/lib/python3.10/dist-packages/builtin_interfaces/builtin_interfaces_s__rosidl_typesupport_microxrcedds_c.cpython-310-x86_64-linux-gnu.so
[2.721s] -- Up-to-date: /home/uwr/microROS_AUV/install/builtin_interfaces/local/lib/python3.10/dist-packages/builtin_interfaces/builtin_interfaces_s__rosidl_typesupport_fastrtps_c.cpython-310-x86_64-linux-gnu.so
[2.723s] -- Up-to-date: /home/uwr/microROS_AUV/install/builtin_interfaces/local/lib/python3.10/dist-packages/builtin_interfaces/builtin_interfaces_s__rosidl_typesupport_introspection_c.cpython-310-x86_64-linux-gnu.so
[2.725s] -- Up-to-date: /home/uwr/microROS_AUV/install/builtin_interfaces/local/lib/python3.10/dist-packages/builtin_interfaces/builtin_interfaces_s__rosidl_typesupport_c.cpython-310-x86_64-linux-gnu.so
[2.725s] -- Up-to-date: /home/uwr/microROS_AUV/install/builtin_interfaces/lib/libbuiltin_interfaces__rosidl_generator_py.so
[2.726s] -- Up-to-date: /home/uwr/microROS_AUV/install/builtin_interfaces/share/builtin_interfaces/msg/Duration.idl
[2.727s] -- Up-to-date: /home/uwr/microROS_AUV/install/builtin_interfaces/share/builtin_interfaces/msg/Time.idl
[2.728s] -- Up-to-date: /home/uwr/microROS_AUV/install/builtin_interfaces/share/builtin_interfaces/msg/Duration.msg
[2.729s] -- Up-to-date: /home/uwr/microROS_AUV/install/builtin_interfaces/share/builtin_interfaces/msg/Time.msg
[2.730s] -- Up-to-date: /home/uwr/microROS_AUV/install/builtin_interfaces/share/ament_index/resource_index/package_run_dependencies/builtin_interfaces
[2.730s] -- Up-to-date: /home/uwr/microROS_AUV/install/builtin_interfaces/share/ament_index/resource_index/parent_prefix_path/builtin_interfaces
[2.731s] -- Up-to-date: /home/uwr/microROS_AUV/install/builtin_interfaces/share/builtin_interfaces/environment/ament_prefix_path.sh
[2.731s] -- Up-to-date: /home/uwr/microROS_AUV/install/builtin_interfaces/share/builtin_interfaces/environment/ament_prefix_path.dsv
[2.731s] -- Up-to-date: /home/uwr/microROS_AUV/install/builtin_interfaces/share/builtin_interfaces/environment/path.sh
[2.732s] -- Up-to-date: /home/uwr/microROS_AUV/install/builtin_interfaces/share/builtin_interfaces/environment/path.dsv
[2.732s] -- Up-to-date: /home/uwr/microROS_AUV/install/builtin_interfaces/share/builtin_interfaces/local_setup.bash
[2.732s] -- Up-to-date: /home/uwr/microROS_AUV/install/builtin_interfaces/share/builtin_interfaces/local_setup.sh
[2.732s] -- Up-to-date: /home/uwr/microROS_AUV/install/builtin_interfaces/share/builtin_interfaces/local_setup.zsh
[2.732s] -- Up-to-date: /home/uwr/microROS_AUV/install/builtin_interfaces/share/builtin_interfaces/local_setup.dsv
[2.733s] -- Installing: /home/uwr/microROS_AUV/install/builtin_interfaces/share/builtin_interfaces/package.dsv
[2.733s] -- Up-to-date: /home/uwr/microROS_AUV/install/builtin_interfaces/share/ament_index/resource_index/packages/builtin_interfaces
[2.734s] -- Up-to-date: /home/uwr/microROS_AUV/install/builtin_interfaces/share/builtin_interfaces/cmake/export_builtin_interfaces__rosidl_generator_cExport.cmake
[2.734s] -- Up-to-date: /home/uwr/microROS_AUV/install/builtin_interfaces/share/builtin_interfaces/cmake/export_builtin_interfaces__rosidl_generator_cExport-noconfig.cmake
[2.734s] -- Up-to-date: /home/uwr/microROS_AUV/install/builtin_interfaces/share/builtin_interfaces/cmake/export_builtin_interfaces__rosidl_typesupport_fastrtps_cExport.cmake
[2.735s] -- Up-to-date: /home/uwr/microROS_AUV/install/builtin_interfaces/share/builtin_interfaces/cmake/export_builtin_interfaces__rosidl_typesupport_fastrtps_cExport-noconfig.cmake
[2.735s] -- Up-to-date: /home/uwr/microROS_AUV/install/builtin_interfaces/share/builtin_interfaces/cmake/builtin_interfaces__rosidl_typesupport_introspection_cExport.cmake
[2.735s] -- Up-to-date: /home/uwr/microROS_AUV/install/builtin_interfaces/share/builtin_interfaces/cmake/builtin_interfaces__rosidl_typesupport_introspection_cExport-noconfig.cmake
[2.735s] -- Up-to-date: /home/uwr/microROS_AUV/install/builtin_interfaces/share/builtin_interfaces/cmake/builtin_interfaces__rosidl_typesupport_cExport.cmake
[2.736s] -- Up-to-date: /home/uwr/microROS_AUV/install/builtin_interfaces/share/builtin_interfaces/cmake/builtin_interfaces__rosidl_typesupport_cExport-noconfig.cmake
[2.736s] -- Up-to-date: /home/uwr/microROS_AUV/install/builtin_interfaces/share/builtin_interfaces/cmake/export_builtin_interfaces__rosidl_generator_cppExport.cmake
[2.736s] -- Up-to-date: /home/uwr/microROS_AUV/install/builtin_interfaces/share/builtin_interfaces/cmake/export_builtin_interfaces__rosidl_typesupport_fastrtps_cppExport.cmake
[2.737s] -- Up-to-date: /home/uwr/microROS_AUV/install/builtin_interfaces/share/builtin_interfaces/cmake/export_builtin_interfaces__rosidl_typesupport_fastrtps_cppExport-noconfig.cmake
[2.737s] -- Up-to-date: /home/uwr/microROS_AUV/install/builtin_interfaces/share/builtin_interfaces/cmake/builtin_interfaces__rosidl_typesupport_introspection_cppExport.cmake
[2.737s] -- Up-to-date: /home/uwr/microROS_AUV/install/builtin_interfaces/share/builtin_interfaces/cmake/builtin_interfaces__rosidl_typesupport_introspection_cppExport-noconfig.cmake
[2.738s] -- Up-to-date: /home/uwr/microROS_AUV/install/builtin_interfaces/share/builtin_interfaces/cmake/builtin_interfaces__rosidl_typesupport_cppExport.cmake
[2.739s] -- Up-to-date: /home/uwr/microROS_AUV/install/builtin_interfaces/share/builtin_interfaces/cmake/builtin_interfaces__rosidl_typesupport_cppExport-noconfig.cmake
[2.739s] -- Up-to-date: /home/uwr/microROS_AUV/install/builtin_interfaces/share/builtin_interfaces/cmake/export_builtin_interfaces__rosidl_generator_pyExport.cmake
[2.741s] -- Up-to-date: /home/uwr/microROS_AUV/install/builtin_interfaces/share/builtin_interfaces/cmake/export_builtin_interfaces__rosidl_generator_pyExport-noconfig.cmake
[2.741s] -- Up-to-date: /home/uwr/microROS_AUV/install/builtin_interfaces/share/builtin_interfaces/cmake/rosidl_cmake-extras.cmake
[2.742s] -- Up-to-date: /home/uwr/microROS_AUV/install/builtin_interfaces/share/builtin_interfaces/cmake/ament_cmake_export_include_directories-extras.cmake
[2.742s] -- Up-to-date: /home/uwr/microROS_AUV/install/builtin_interfaces/share/builtin_interfaces/cmake/ament_cmake_export_libraries-extras.cmake
[2.742s] -- Up-to-date: /home/uwr/microROS_AUV/install/builtin_interfaces/share/builtin_interfaces/cmake/ament_cmake_export_targets-extras.cmake
[2.743s] -- Up-to-date: /home/uwr/microROS_AUV/install/builtin_interfaces/share/builtin_interfaces/cmake/rosidl_cmake_export_typesupport_targets-extras.cmake
[2.743s] -- Up-to-date: /home/uwr/microROS_AUV/install/builtin_interfaces/share/builtin_interfaces/cmake/ament_cmake_export_dependencies-extras.cmake
[2.744s] -- Up-to-date: /home/uwr/microROS_AUV/install/builtin_interfaces/share/builtin_interfaces/cmake/rosidl_cmake_export_typesupport_libraries-extras.cmake
[2.744s] -- Up-to-date: /home/uwr/microROS_AUV/install/builtin_interfaces/share/builtin_interfaces/cmake/builtin_interfacesConfig.cmake
[2.744s] -- Up-to-date: /home/uwr/microROS_AUV/install/builtin_interfaces/share/builtin_interfaces/cmake/builtin_interfacesConfig-version.cmake
[2.744s] -- Up-to-date: /home/uwr/microROS_AUV/install/builtin_interfaces/share/builtin_interfaces/package.xml
[2.754s] Invoked command in '/home/uwr/microROS_AUV/build/builtin_interfaces' returned '0': CMAKE_PREFIX_PATH=${CMAKE_PREFIX_PATH}:/home/uwr/microROS_AUV/install/control_pkg:/home/uwr/Desktop/2024_UWR/install/sonar_subs:/opt/ros/humble /usr/bin/cmake --install /home/uwr/microROS_AUV/build/builtin_interfaces
