[1.925s] Invoking command in '/home/uwr/microROS_AUV/src/ros2/common_interfaces/sensor_msgs_py': AMENT_PREFIX_PATH=/home/uwr/microROS_AUV/install/sensor_msgs:/home/uwr/microROS_AUV/install/geometry_msgs:/home/uwr/microROS_AUV/install/std_msgs:${AMENT_PREFIX_PATH} CMAKE_PREFIX_PATH=/home/uwr/microROS_AUV/install/sensor_msgs:/home/uwr/microROS_AUV/install/geometry_msgs:/home/uwr/microROS_AUV/install/std_msgs:/home/uwr/microROS_AUV/install/builtin_interfaces:/home/uwr/microROS_AUV/install/action_msgs:/home/uwr/microROS_AUV/install/unique_identifier_msgs:/home/uwr/microROS_AUV/install/std_srvs:/home/uwr/microROS_AUV/install/rosidl_typesupport_microxrcedds_test_msg:/home/uwr/microROS_AUV/install/rosidl_typesupport_microxrcedds_cpp_tests:/home/uwr/microROS_AUV/install/rmw_microxrcedds:/home/uwr/microROS_AUV/install/rosidl_typesupport_microxrcedds_cpp:/home/uwr/microROS_AUV/install/rosidl_typesupport_microxrcedds_c_tests:/home/uwr/microROS_AUV/install/rosidl_typesupport_microxrcedds_c:/home/uwr/microROS_AUV/install/rosgraph_msgs:/home/uwr/microROS_AUV/install/microxrcedds_client:/home/uwr/microROS_AUV/install/microcdr:/home/uwr/microROS_AUV/install/micro_ros_utilities:/home/uwr/microROS_AUV/install/micro_ros_msgs:/home/uwr/microROS_AUV/install/lifecycle_msgs:/home/uwr/microROS_AUV/install/complex_msgs:/home/uwr/microROS_AUV/install/micro_ros_setup:/home/uwr/microROS_AUV/install/custom_interfaces:/home/uwr/Desktop/2024_UWR/install/kalman_filter:/home/uwr/Desktop/2024_UWR/install/sonar_msgs:/home/uwr/Desktop/2024_UWR/install/ros2-driver:/home/uwr/Desktop/2024_UWR/install/oculus_interfaces:/home/uwr/Desktop/2024_UWR/install/ntrip:/home/uwr/Desktop/2024_UWR/install/adnav-driver:/home/uwr/fls_ws/install/oculus_interfaces LD_LIBRARY_PATH=/home/uwr/microROS_AUV/install/sensor_msgs/lib:/home/uwr/microROS_AUV/install/geometry_msgs/lib:/home/uwr/microROS_AUV/install/std_msgs/lib:/home/uwr/microROS_AUV/install/builtin_interfaces/lib:/home/uwr/microROS_AUV/install/action_msgs/lib:/home/uwr/microROS_AUV/install/unique_identifier_msgs/lib:/home/uwr/microROS_AUV/install/std_srvs/lib:/home/uwr/microROS_AUV/install/statistics_msgs/lib:/home/uwr/microROS_AUV/install/rmw_microxrcedds/lib:/home/uwr/microROS_AUV/install/rosidl_typesupport_microxrcedds_cpp/lib:/home/uwr/microROS_AUV/install/rosidl_typesupport_microxrcedds_c/lib:/home/uwr/microROS_AUV/install/rosgraph_msgs/lib:/home/uwr/microROS_AUV/install/microxrcedds_client/lib:/home/uwr/microROS_AUV/install/microcdr/lib:/home/uwr/microROS_AUV/install/micro_ros_utilities/lib:/home/uwr/microROS_AUV/install/micro_ros_msgs/lib:/home/uwr/microROS_AUV/install/lifecycle_msgs/lib:/home/uwr/microROS_AUV/install/complex_msgs/lib:/home/uwr/microROS_AUV/install/custom_interfaces/lib:/home/uwr/oculus_driver/install/lib:/home/uwr/Desktop/2024_UWR/install/sonar_msgs/lib:/home/uwr/Desktop/2024_UWR/install/oculus_interfaces/lib:/home/uwr/fls_ws/install/oculus_interfaces/lib:/opt/ros/humble/opt/rviz_ogre_vendor/lib:/opt/ros/humble/lib/x86_64-linux-gnu:/opt/ros/humble/lib PYTHONPATH=/home/uwr/microROS_AUV/build/sensor_msgs_py/prefix_override:/usr/lib/python3/dist-packages/colcon_core/task/python/colcon_distutils_commands:/home/uwr/microROS_AUV/install/sensor_msgs_py/lib/python3.10/site-packages:/home/uwr/microROS_AUV/install/sensor_msgs/local/lib/python3.10/dist-packages:/home/uwr/microROS_AUV/install/geometry_msgs/local/lib/python3.10/dist-packages:/home/uwr/microROS_AUV/install/std_msgs/local/lib/python3.10/dist-packages:${PYTHONPATH} /usr/bin/python3 -W ignore:setup.py install is deprecated setup.py egg_info --egg-base ../../../../build/sensor_msgs_py build --build-base /home/uwr/microROS_AUV/build/sensor_msgs_py/build install --record /home/uwr/microROS_AUV/build/sensor_msgs_py/install.log --single-version-externally-managed install_data
[2.508s] running egg_info
[2.509s] creating ../../../../build/sensor_msgs_py/sensor_msgs_py.egg-info
[2.509s] writing ../../../../build/sensor_msgs_py/sensor_msgs_py.egg-info/PKG-INFO
[2.510s] writing dependency_links to ../../../../build/sensor_msgs_py/sensor_msgs_py.egg-info/dependency_links.txt
[2.510s] writing requirements to ../../../../build/sensor_msgs_py/sensor_msgs_py.egg-info/requires.txt
[2.510s] writing top-level names to ../../../../build/sensor_msgs_py/sensor_msgs_py.egg-info/top_level.txt
[2.511s] writing manifest file '../../../../build/sensor_msgs_py/sensor_msgs_py.egg-info/SOURCES.txt'
[2.520s] reading manifest file '../../../../build/sensor_msgs_py/sensor_msgs_py.egg-info/SOURCES.txt'
[2.521s] adding license file 'LICENSE'
[2.522s] writing manifest file '../../../../build/sensor_msgs_py/sensor_msgs_py.egg-info/SOURCES.txt'
[2.522s] running build
[2.523s] running build_py
[2.523s] creating /home/uwr/microROS_AUV/build/sensor_msgs_py/build
[2.523s] creating /home/uwr/microROS_AUV/build/sensor_msgs_py/build/lib
[2.523s] creating /home/uwr/microROS_AUV/build/sensor_msgs_py/build/lib/sensor_msgs_py
[2.523s] copying sensor_msgs_py/point_cloud2.py -> /home/uwr/microROS_AUV/build/sensor_msgs_py/build/lib/sensor_msgs_py
[2.524s] copying sensor_msgs_py/__init__.py -> /home/uwr/microROS_AUV/build/sensor_msgs_py/build/lib/sensor_msgs_py
[2.524s] copying sensor_msgs_py/numpy_compat.py -> /home/uwr/microROS_AUV/build/sensor_msgs_py/build/lib/sensor_msgs_py
[2.524s] running install
[2.525s] running install_lib
[2.527s] creating /home/uwr/microROS_AUV/install/sensor_msgs_py/lib/python3.10/site-packages/sensor_msgs_py
[2.527s] copying /home/uwr/microROS_AUV/build/sensor_msgs_py/build/lib/sensor_msgs_py/point_cloud2.py -> /home/uwr/microROS_AUV/install/sensor_msgs_py/lib/python3.10/site-packages/sensor_msgs_py
[2.527s] copying /home/uwr/microROS_AUV/build/sensor_msgs_py/build/lib/sensor_msgs_py/__init__.py -> /home/uwr/microROS_AUV/install/sensor_msgs_py/lib/python3.10/site-packages/sensor_msgs_py
[2.528s] copying /home/uwr/microROS_AUV/build/sensor_msgs_py/build/lib/sensor_msgs_py/numpy_compat.py -> /home/uwr/microROS_AUV/install/sensor_msgs_py/lib/python3.10/site-packages/sensor_msgs_py
[2.528s] byte-compiling /home/uwr/microROS_AUV/install/sensor_msgs_py/lib/python3.10/site-packages/sensor_msgs_py/point_cloud2.py to point_cloud2.cpython-310.pyc
[2.532s] byte-compiling /home/uwr/microROS_AUV/install/sensor_msgs_py/lib/python3.10/site-packages/sensor_msgs_py/__init__.py to __init__.cpython-310.pyc
[2.533s] byte-compiling /home/uwr/microROS_AUV/install/sensor_msgs_py/lib/python3.10/site-packages/sensor_msgs_py/numpy_compat.py to numpy_compat.cpython-310.pyc
[2.535s] running install_data
[2.535s] creating /home/uwr/microROS_AUV/install/sensor_msgs_py/share/ament_index
[2.535s] creating /home/uwr/microROS_AUV/install/sensor_msgs_py/share/ament_index/resource_index
[2.535s] creating /home/uwr/microROS_AUV/install/sensor_msgs_py/share/ament_index/resource_index/packages
[2.536s] copying resource/sensor_msgs_py -> /home/uwr/microROS_AUV/install/sensor_msgs_py/share/ament_index/resource_index/packages
[2.536s] copying package.xml -> /home/uwr/microROS_AUV/install/sensor_msgs_py/share/sensor_msgs_py
[2.536s] running install_egg_info
[2.541s] Copying ../../../../build/sensor_msgs_py/sensor_msgs_py.egg-info to /home/uwr/microROS_AUV/install/sensor_msgs_py/lib/python3.10/site-packages/sensor_msgs_py-4.9.0-py3.10.egg-info
[2.543s] running install_scripts
[2.592s] writing list of installed files to '/home/uwr/microROS_AUV/build/sensor_msgs_py/install.log'
[2.641s] Invoked command in '/home/uwr/microROS_AUV/src/ros2/common_interfaces/sensor_msgs_py' returned '0': AMENT_PREFIX_PATH=/home/uwr/microROS_AUV/install/sensor_msgs:/home/uwr/microROS_AUV/install/geometry_msgs:/home/uwr/microROS_AUV/install/std_msgs:${AMENT_PREFIX_PATH} CMAKE_PREFIX_PATH=/home/uwr/microROS_AUV/install/sensor_msgs:/home/uwr/microROS_AUV/install/geometry_msgs:/home/uwr/microROS_AUV/install/std_msgs:/home/uwr/microROS_AUV/install/builtin_interfaces:/home/uwr/microROS_AUV/install/action_msgs:/home/uwr/microROS_AUV/install/unique_identifier_msgs:/home/uwr/microROS_AUV/install/std_srvs:/home/uwr/microROS_AUV/install/rosidl_typesupport_microxrcedds_test_msg:/home/uwr/microROS_AUV/install/rosidl_typesupport_microxrcedds_cpp_tests:/home/uwr/microROS_AUV/install/rmw_microxrcedds:/home/uwr/microROS_AUV/install/rosidl_typesupport_microxrcedds_cpp:/home/uwr/microROS_AUV/install/rosidl_typesupport_microxrcedds_c_tests:/home/uwr/microROS_AUV/install/rosidl_typesupport_microxrcedds_c:/home/uwr/microROS_AUV/install/rosgraph_msgs:/home/uwr/microROS_AUV/install/microxrcedds_client:/home/uwr/microROS_AUV/install/microcdr:/home/uwr/microROS_AUV/install/micro_ros_utilities:/home/uwr/microROS_AUV/install/micro_ros_msgs:/home/uwr/microROS_AUV/install/lifecycle_msgs:/home/uwr/microROS_AUV/install/complex_msgs:/home/uwr/microROS_AUV/install/micro_ros_setup:/home/uwr/microROS_AUV/install/custom_interfaces:/home/uwr/Desktop/2024_UWR/install/kalman_filter:/home/uwr/Desktop/2024_UWR/install/sonar_msgs:/home/uwr/Desktop/2024_UWR/install/ros2-driver:/home/uwr/Desktop/2024_UWR/install/oculus_interfaces:/home/uwr/Desktop/2024_UWR/install/ntrip:/home/uwr/Desktop/2024_UWR/install/adnav-driver:/home/uwr/fls_ws/install/oculus_interfaces LD_LIBRARY_PATH=/home/uwr/microROS_AUV/install/sensor_msgs/lib:/home/uwr/microROS_AUV/install/geometry_msgs/lib:/home/uwr/microROS_AUV/install/std_msgs/lib:/home/uwr/microROS_AUV/install/builtin_interfaces/lib:/home/uwr/microROS_AUV/install/action_msgs/lib:/home/uwr/microROS_AUV/install/unique_identifier_msgs/lib:/home/uwr/microROS_AUV/install/std_srvs/lib:/home/uwr/microROS_AUV/install/statistics_msgs/lib:/home/uwr/microROS_AUV/install/rmw_microxrcedds/lib:/home/uwr/microROS_AUV/install/rosidl_typesupport_microxrcedds_cpp/lib:/home/uwr/microROS_AUV/install/rosidl_typesupport_microxrcedds_c/lib:/home/uwr/microROS_AUV/install/rosgraph_msgs/lib:/home/uwr/microROS_AUV/install/microxrcedds_client/lib:/home/uwr/microROS_AUV/install/microcdr/lib:/home/uwr/microROS_AUV/install/micro_ros_utilities/lib:/home/uwr/microROS_AUV/install/micro_ros_msgs/lib:/home/uwr/microROS_AUV/install/lifecycle_msgs/lib:/home/uwr/microROS_AUV/install/complex_msgs/lib:/home/uwr/microROS_AUV/install/custom_interfaces/lib:/home/uwr/oculus_driver/install/lib:/home/uwr/Desktop/2024_UWR/install/sonar_msgs/lib:/home/uwr/Desktop/2024_UWR/install/oculus_interfaces/lib:/home/uwr/fls_ws/install/oculus_interfaces/lib:/opt/ros/humble/opt/rviz_ogre_vendor/lib:/opt/ros/humble/lib/x86_64-linux-gnu:/opt/ros/humble/lib PYTHONPATH=/home/uwr/microROS_AUV/build/sensor_msgs_py/prefix_override:/usr/lib/python3/dist-packages/colcon_core/task/python/colcon_distutils_commands:/home/uwr/microROS_AUV/install/sensor_msgs_py/lib/python3.10/site-packages:/home/uwr/microROS_AUV/install/sensor_msgs/local/lib/python3.10/dist-packages:/home/uwr/microROS_AUV/install/geometry_msgs/local/lib/python3.10/dist-packages:/home/uwr/microROS_AUV/install/std_msgs/local/lib/python3.10/dist-packages:${PYTHONPATH} /usr/bin/python3 -W ignore:setup.py install is deprecated setup.py egg_info --egg-base ../../../../build/sensor_msgs_py build --build-base /home/uwr/microROS_AUV/build/sensor_msgs_py/build install --record /home/uwr/microROS_AUV/build/sensor_msgs_py/install.log --single-version-externally-managed install_data
