[0.492s] Invoking command in '/home/abubakr/microROS_AUV/build/custom_interfaces': CMAKE_PREFIX_PATH=/opt/ros/humble /usr/bin/cmake /home/abubakr/microROS_AUV/src/custom_interfaces -DCMAKE_INSTALL_PREFIX=/home/abubakr/microROS_AUV/install/custom_interfaces
[0.759s] -- The C compiler identification is GNU 11.4.0
[1.865s] -- The CXX compiler identification is GNU 11.4.0
[2.691s] -- Detecting C compiler ABI info
[2.984s] -- Detecting C compiler ABI info - done
[2.998s] -- Check for working C compiler: /usr/bin/cc - skipped
[2.999s] -- Detecting C compile features
[2.999s] -- Detecting C compile features - done
[3.004s] -- Detecting CXX compiler ABI info
[3.319s] -- Detecting CXX compiler ABI info - done
[3.332s] -- Check for working CXX compiler: /usr/bin/c++ - skipped
[3.333s] -- Detecting CXX compile features
[3.334s] -- Detecting CXX compile features - done
[3.337s] -- Found ament_cmake: 1.3.12 (/opt/ros/humble/share/ament_cmake/cmake)
[3.580s] -- Found Python3: /usr/bin/python3 (found version "3.10.12") found components: Interpreter 
[3.789s] -- Found rosidl_default_generators: 1.2.0 (/opt/ros/humble/share/rosidl_default_generators/cmake)
[3.801s] -- Using all available rosidl_typesupport_c: rosidl_typesupport_fastrtps_c;rosidl_typesupport_introspection_c
[3.819s] -- Found rosidl_adapter: 3.1.7 (/opt/ros/humble/share/rosidl_adapter/cmake)
[4.076s] -- Using all available rosidl_typesupport_cpp: rosidl_typesupport_fastrtps_cpp;rosidl_typesupport_introspection_cpp
[4.170s] -- Found ament_lint_auto: 0.12.14 (/opt/ros/humble/share/ament_lint_auto/cmake)
[4.656s] -- Found ament_cmake_ros: 0.10.0 (/opt/ros/humble/share/ament_cmake_ros/cmake)
[4.970s] -- Using all available rosidl_typesupport_c: rosidl_typesupport_fastrtps_c;rosidl_typesupport_introspection_c
[5.371s] -- Using all available rosidl_typesupport_cpp: rosidl_typesupport_fastrtps_cpp;rosidl_typesupport_introspection_cpp
[5.550s] -- Found PythonInterp: /usr/bin/python3 (found suitable version "3.10.12", minimum required is "3.6") 
[5.555s] -- Found python_cmake_module: 0.10.0 (/opt/ros/humble/share/python_cmake_module/cmake)
[5.972s] -- Found PythonLibs: /usr/lib/x86_64-linux-gnu/libpython3.10.so (found suitable version "3.10.12", minimum required is "3.5") 
[5.973s] -- Using PYTHON_EXECUTABLE: /usr/bin/python3
[5.973s] -- Using PYTHON_INCLUDE_DIRS: /usr/include/python3.10
[5.973s] -- Using PYTHON_LIBRARIES: /usr/lib/x86_64-linux-gnu/libpython3.10.so
[6.011s] -- Found PythonExtra: .so  
[6.129s] -- Added test 'lint_cmake' to check CMake code style
[6.134s] -- Added test 'xmllint' to check XML markup files
[6.154s] -- Configuring done
[6.222s] -- Generating done
[6.239s] -- Build files have been written to: /home/abubakr/microROS_AUV/build/custom_interfaces
[6.257s] Invoked command in '/home/abubakr/microROS_AUV/build/custom_interfaces' returned '0': CMAKE_PREFIX_PATH=/opt/ros/humble /usr/bin/cmake /home/abubakr/microROS_AUV/src/custom_interfaces -DCMAKE_INSTALL_PREFIX=/home/abubakr/microROS_AUV/install/custom_interfaces
[6.261s] Invoking command in '/home/abubakr/microROS_AUV/build/custom_interfaces': CMAKE_PREFIX_PATH=/opt/ros/humble /usr/bin/cmake --build /home/abubakr/microROS_AUV/build/custom_interfaces -- -j16 -l16
[6.328s] [  2%] [34m[1mGenerating C code for ROS interfaces[0m
[6.349s] [  5%] [34m[1mGenerating C++ code for ROS interfaces[0m
[6.370s] [  5%] Built target ament_cmake_python_copy_custom_interfaces
[6.825s] running egg_info
[6.827s] creating custom_interfaces.egg-info
[6.829s] writing custom_interfaces.egg-info/PKG-INFO
[6.831s] writing dependency_links to custom_interfaces.egg-info/dependency_links.txt
[6.831s] writing top-level names to custom_interfaces.egg-info/top_level.txt
[6.832s] writing manifest file 'custom_interfaces.egg-info/SOURCES.txt'
[6.838s] reading manifest file 'custom_interfaces.egg-info/SOURCES.txt'
[6.840s] writing manifest file 'custom_interfaces.egg-info/SOURCES.txt'
[6.902s] [  5%] Built target ament_cmake_python_build_custom_interfaces_egg
[6.946s] [  5%] Built target custom_interfaces__cpp
[6.955s] [  7%] [32mBuilding C object CMakeFiles/custom_interfaces__rosidl_generator_c.dir/rosidl_generator_c/custom_interfaces/msg/detail/thrusters_states__functions.c.o[0m
[6.956s] [ 10%] [32mBuilding C object CMakeFiles/custom_interfaces__rosidl_generator_c.dir/rosidl_generator_c/custom_interfaces/srv/detail/variable_activate__functions.c.o[0m
[6.962s] [ 12%] [34m[1mGenerating C++ type support dispatch for ROS interfaces[0m
[6.964s] [ 15%] [34m[1mGenerating C++ type support for eProsima Fast-RTPS[0m
[6.964s] [ 17%] [34m[1mGenerating C++ introspection for ROS interfaces[0m
[7.135s] [ 20%] [32m[1mLinking C shared library libcustom_interfaces__rosidl_generator_c.so[0m
[7.403s] [ 20%] Built target custom_interfaces__rosidl_generator_c
[7.419s] [ 23%] [34m[1mGenerating C type support for eProsima Fast-RTPS[0m
[7.423s] [ 25%] [34m[1mGenerating C introspection for ROS interfaces[0m
[7.424s] [ 28%] [34m[1mGenerating C type support dispatch for ROS interfaces[0m
[7.446s] [ 30%] [32mBuilding CXX object CMakeFiles/custom_interfaces__rosidl_typesupport_cpp.dir/rosidl_typesupport_cpp/custom_interfaces/msg/thrusters_states__type_support.cpp.o[0m
[7.446s] [ 33%] [32mBuilding CXX object CMakeFiles/custom_interfaces__rosidl_typesupport_cpp.dir/rosidl_typesupport_cpp/custom_interfaces/srv/variable_activate__type_support.cpp.o[0m
[7.545s] [ 35%] [32mBuilding CXX object CMakeFiles/custom_interfaces__rosidl_typesupport_introspection_cpp.dir/rosidl_typesupport_introspection_cpp/custom_interfaces/srv/detail/variable_activate__type_support.cpp.o[0m
[7.554s] [ 38%] [32mBuilding CXX object CMakeFiles/custom_interfaces__rosidl_typesupport_introspection_cpp.dir/rosidl_typesupport_introspection_cpp/custom_interfaces/msg/detail/thrusters_states__type_support.cpp.o[0m
[7.580s] [ 41%] [32mBuilding CXX object CMakeFiles/custom_interfaces__rosidl_typesupport_fastrtps_cpp.dir/rosidl_typesupport_fastrtps_cpp/custom_interfaces/msg/detail/dds_fastrtps/thrusters_states__type_support.cpp.o[0m
[7.581s] [ 43%] [32mBuilding CXX object CMakeFiles/custom_interfaces__rosidl_typesupport_fastrtps_cpp.dir/rosidl_typesupport_fastrtps_cpp/custom_interfaces/srv/detail/dds_fastrtps/variable_activate__type_support.cpp.o[0m
[8.262s] [ 46%] [32mBuilding CXX object CMakeFiles/custom_interfaces__rosidl_typesupport_c.dir/rosidl_typesupport_c/custom_interfaces/msg/thrusters_states__type_support.cpp.o[0m
[8.276s] [ 48%] [32mBuilding CXX object CMakeFiles/custom_interfaces__rosidl_typesupport_c.dir/rosidl_typesupport_c/custom_interfaces/srv/variable_activate__type_support.cpp.o[0m
[8.422s] [ 51%] [32m[1mLinking CXX shared library libcustom_interfaces__rosidl_typesupport_c.so[0m
[8.468s] [ 53%] [32mBuilding C object CMakeFiles/custom_interfaces__rosidl_typesupport_introspection_c.dir/rosidl_typesupport_introspection_c/custom_interfaces/msg/detail/thrusters_states__type_support.c.o[0m
[8.480s] [ 56%] [32mBuilding C object CMakeFiles/custom_interfaces__rosidl_typesupport_introspection_c.dir/rosidl_typesupport_introspection_c/custom_interfaces/srv/detail/variable_activate__type_support.c.o[0m
[8.578s] [ 58%] [32mBuilding CXX object CMakeFiles/custom_interfaces__rosidl_typesupport_fastrtps_c.dir/rosidl_typesupport_fastrtps_c/custom_interfaces/msg/detail/thrusters_states__type_support_c.cpp.o[0m
[8.596s] [ 61%] [32mBuilding CXX object CMakeFiles/custom_interfaces__rosidl_typesupport_fastrtps_c.dir/rosidl_typesupport_fastrtps_c/custom_interfaces/srv/detail/variable_activate__type_support_c.cpp.o[0m
[8.629s] [ 64%] [32m[1mLinking C shared library libcustom_interfaces__rosidl_typesupport_introspection_c.so[0m
[8.810s] [ 66%] [32m[1mLinking CXX shared library libcustom_interfaces__rosidl_typesupport_cpp.so[0m
[9.056s] [ 66%] Built target custom_interfaces__rosidl_typesupport_c
[9.230s] [ 66%] Built target custom_interfaces__rosidl_typesupport_introspection_c
[9.287s] [ 69%] [32m[1mLinking CXX shared library libcustom_interfaces__rosidl_typesupport_introspection_cpp.so[0m
[9.379s] [ 71%] [32m[1mLinking CXX shared library libcustom_interfaces__rosidl_typesupport_fastrtps_cpp.so[0m
[9.413s] [ 71%] Built target custom_interfaces__rosidl_typesupport_cpp
[9.602s] [ 74%] [32m[1mLinking CXX shared library libcustom_interfaces__rosidl_typesupport_fastrtps_c.so[0m
[9.620s] [ 74%] Built target custom_interfaces__rosidl_typesupport_fastrtps_cpp
[9.621s] [ 74%] Built target custom_interfaces__rosidl_typesupport_introspection_cpp
[9.871s] [ 74%] Built target custom_interfaces__rosidl_typesupport_fastrtps_c
[9.906s] [ 74%] Built target custom_interfaces
[9.938s] [ 76%] [34m[1mGenerating Python code for ROS interfaces[0m
[10.574s] [ 76%] Built target custom_interfaces__py
[10.608s] [ 79%] [32mBuilding C object CMakeFiles/custom_interfaces__rosidl_generator_py.dir/rosidl_generator_py/custom_interfaces/msg/_thrusters_states_s.c.o[0m
[10.608s] [ 82%] [32mBuilding C object CMakeFiles/custom_interfaces__rosidl_generator_py.dir/rosidl_generator_py/custom_interfaces/srv/_variable_activate_s.c.o[0m
[10.889s] [ 84%] [32m[1mLinking C shared library rosidl_generator_py/custom_interfaces/libcustom_interfaces__rosidl_generator_py.so[0m
[11.056s] [ 84%] Built target custom_interfaces__rosidl_generator_py
[11.094s] [ 89%] [32mBuilding C object CMakeFiles/custom_interfaces__rosidl_typesupport_introspection_c__pyext.dir/rosidl_generator_py/custom_interfaces/_custom_interfaces_s.ep.rosidl_typesupport_introspection_c.c.o[0m
[11.095s] [ 92%] [32mBuilding C object CMakeFiles/custom_interfaces__rosidl_typesupport_c__pyext.dir/rosidl_generator_py/custom_interfaces/_custom_interfaces_s.ep.rosidl_typesupport_c.c.o[0m
[11.095s] [ 89%] [32mBuilding C object CMakeFiles/custom_interfaces__rosidl_typesupport_fastrtps_c__pyext.dir/rosidl_generator_py/custom_interfaces/_custom_interfaces_s.ep.rosidl_typesupport_fastrtps_c.c.o[0m
[11.267s] [ 94%] [32m[1mLinking C shared library rosidl_generator_py/custom_interfaces/custom_interfaces_s__rosidl_typesupport_fastrtps_c.cpython-310-x86_64-linux-gnu.so[0m
[11.268s] [ 97%] [32m[1mLinking C shared library rosidl_generator_py/custom_interfaces/custom_interfaces_s__rosidl_typesupport_c.cpython-310-x86_64-linux-gnu.so[0m
[11.271s] [100%] [32m[1mLinking C shared library rosidl_generator_py/custom_interfaces/custom_interfaces_s__rosidl_typesupport_introspection_c.cpython-310-x86_64-linux-gnu.so[0m
[11.447s] [100%] Built target custom_interfaces__rosidl_typesupport_introspection_c__pyext
[11.448s] [100%] Built target custom_interfaces__rosidl_typesupport_c__pyext
[11.448s] [100%] Built target custom_interfaces__rosidl_typesupport_fastrtps_c__pyext
[11.468s] Invoked command in '/home/abubakr/microROS_AUV/build/custom_interfaces' returned '0': CMAKE_PREFIX_PATH=/opt/ros/humble /usr/bin/cmake --build /home/abubakr/microROS_AUV/build/custom_interfaces -- -j16 -l16
[11.485s] Invoking command in '/home/abubakr/microROS_AUV/build/custom_interfaces': CMAKE_PREFIX_PATH=/opt/ros/humble /usr/bin/cmake --install /home/abubakr/microROS_AUV/build/custom_interfaces
[11.497s] -- Install configuration: ""
[11.499s] -- Installing: /home/abubakr/microROS_AUV/install/custom_interfaces/share/ament_index/resource_index/rosidl_interfaces/custom_interfaces
[11.499s] -- Installing: /home/abubakr/microROS_AUV/install/custom_interfaces/include/custom_interfaces/custom_interfaces
[11.500s] -- Installing: /home/abubakr/microROS_AUV/install/custom_interfaces/include/custom_interfaces/custom_interfaces/srv
[11.500s] -- Installing: /home/abubakr/microROS_AUV/install/custom_interfaces/include/custom_interfaces/custom_interfaces/srv/variable_activate.h
[11.501s] -- Installing: /home/abubakr/microROS_AUV/install/custom_interfaces/include/custom_interfaces/custom_interfaces/srv/detail
[11.501s] -- Installing: /home/abubakr/microROS_AUV/install/custom_interfaces/include/custom_interfaces/custom_interfaces/srv/detail/variable_activate__type_support.h
[11.502s] -- Installing: /home/abubakr/microROS_AUV/install/custom_interfaces/include/custom_interfaces/custom_interfaces/srv/detail/variable_activate__functions.h
[11.502s] -- Installing: /home/abubakr/microROS_AUV/install/custom_interfaces/include/custom_interfaces/custom_interfaces/srv/detail/variable_activate__struct.h
[11.502s] -- Installing: /home/abubakr/microROS_AUV/install/custom_interfaces/include/custom_interfaces/custom_interfaces/srv/detail/variable_activate__functions.c
[11.503s] -- Installing: /home/abubakr/microROS_AUV/install/custom_interfaces/include/custom_interfaces/custom_interfaces/msg
[11.503s] -- Installing: /home/abubakr/microROS_AUV/install/custom_interfaces/include/custom_interfaces/custom_interfaces/msg/rosidl_generator_c__visibility_control.h
[11.504s] -- Installing: /home/abubakr/microROS_AUV/install/custom_interfaces/include/custom_interfaces/custom_interfaces/msg/detail
[11.504s] -- Installing: /home/abubakr/microROS_AUV/install/custom_interfaces/include/custom_interfaces/custom_interfaces/msg/detail/thrusters_states__type_support.h
[11.504s] -- Installing: /home/abubakr/microROS_AUV/install/custom_interfaces/include/custom_interfaces/custom_interfaces/msg/detail/thrusters_states__struct.h
[11.504s] -- Installing: /home/abubakr/microROS_AUV/install/custom_interfaces/include/custom_interfaces/custom_interfaces/msg/detail/thrusters_states__functions.h
[11.505s] -- Installing: /home/abubakr/microROS_AUV/install/custom_interfaces/include/custom_interfaces/custom_interfaces/msg/detail/thrusters_states__functions.c
[11.505s] -- Installing: /home/abubakr/microROS_AUV/install/custom_interfaces/include/custom_interfaces/custom_interfaces/msg/thrusters_states.h
[11.506s] -- Installing: /home/abubakr/microROS_AUV/install/custom_interfaces/share/custom_interfaces/environment/library_path.sh
[11.507s] -- Installing: /home/abubakr/microROS_AUV/install/custom_interfaces/share/custom_interfaces/environment/library_path.dsv
[11.508s] -- Installing: /home/abubakr/microROS_AUV/install/custom_interfaces/lib/libcustom_interfaces__rosidl_generator_c.so
[11.509s] -- Set runtime path of "/home/abubakr/microROS_AUV/install/custom_interfaces/lib/libcustom_interfaces__rosidl_generator_c.so" to ""
[11.510s] -- Up-to-date: /home/abubakr/microROS_AUV/install/custom_interfaces/include/custom_interfaces/custom_interfaces
[11.510s] -- Up-to-date: /home/abubakr/microROS_AUV/install/custom_interfaces/include/custom_interfaces/custom_interfaces/srv
[11.512s] -- Up-to-date: /home/abubakr/microROS_AUV/install/custom_interfaces/include/custom_interfaces/custom_interfaces/srv/detail
[11.512s] -- Installing: /home/abubakr/microROS_AUV/install/custom_interfaces/include/custom_interfaces/custom_interfaces/srv/detail/variable_activate__rosidl_typesupport_fastrtps_c.h
[11.513s] -- Up-to-date: /home/abubakr/microROS_AUV/install/custom_interfaces/include/custom_interfaces/custom_interfaces/msg
[11.513s] -- Installing: /home/abubakr/microROS_AUV/install/custom_interfaces/include/custom_interfaces/custom_interfaces/msg/rosidl_typesupport_fastrtps_c__visibility_control.h
[11.514s] -- Up-to-date: /home/abubakr/microROS_AUV/install/custom_interfaces/include/custom_interfaces/custom_interfaces/msg/detail
[11.514s] -- Installing: /home/abubakr/microROS_AUV/install/custom_interfaces/include/custom_interfaces/custom_interfaces/msg/detail/thrusters_states__rosidl_typesupport_fastrtps_c.h
[11.517s] -- Installing: /home/abubakr/microROS_AUV/install/custom_interfaces/lib/libcustom_interfaces__rosidl_typesupport_fastrtps_c.so
[11.519s] -- Set runtime path of "/home/abubakr/microROS_AUV/install/custom_interfaces/lib/libcustom_interfaces__rosidl_typesupport_fastrtps_c.so" to ""
[11.519s] -- Up-to-date: /home/abubakr/microROS_AUV/install/custom_interfaces/include/custom_interfaces/custom_interfaces
[11.519s] -- Up-to-date: /home/abubakr/microROS_AUV/install/custom_interfaces/include/custom_interfaces/custom_interfaces/srv
[11.520s] -- Up-to-date: /home/abubakr/microROS_AUV/install/custom_interfaces/include/custom_interfaces/custom_interfaces/srv/detail
[11.520s] -- Installing: /home/abubakr/microROS_AUV/install/custom_interfaces/include/custom_interfaces/custom_interfaces/srv/detail/variable_activate__type_support.c
[11.526s] -- Installing: /home/abubakr/microROS_AUV/install/custom_interfaces/include/custom_interfaces/custom_interfaces/srv/detail/variable_activate__rosidl_typesupport_introspection_c.h
[11.526s] -- Up-to-date: /home/abubakr/microROS_AUV/install/custom_interfaces/include/custom_interfaces/custom_interfaces/msg
[11.527s] -- Up-to-date: /home/abubakr/microROS_AUV/install/custom_interfaces/include/custom_interfaces/custom_interfaces/msg/detail
[11.527s] -- Installing: /home/abubakr/microROS_AUV/install/custom_interfaces/include/custom_interfaces/custom_interfaces/msg/detail/thrusters_states__rosidl_typesupport_introspection_c.h
[11.527s] -- Installing: /home/abubakr/microROS_AUV/install/custom_interfaces/include/custom_interfaces/custom_interfaces/msg/detail/thrusters_states__type_support.c
[11.528s] -- Installing: /home/abubakr/microROS_AUV/install/custom_interfaces/include/custom_interfaces/custom_interfaces/msg/rosidl_typesupport_introspection_c__visibility_control.h
[11.529s] -- Installing: /home/abubakr/microROS_AUV/install/custom_interfaces/lib/libcustom_interfaces__rosidl_typesupport_introspection_c.so
[11.529s] -- Set runtime path of "/home/abubakr/microROS_AUV/install/custom_interfaces/lib/libcustom_interfaces__rosidl_typesupport_introspection_c.so" to ""
[11.530s] -- Installing: /home/abubakr/microROS_AUV/install/custom_interfaces/lib/libcustom_interfaces__rosidl_typesupport_c.so
[11.531s] -- Set runtime path of "/home/abubakr/microROS_AUV/install/custom_interfaces/lib/libcustom_interfaces__rosidl_typesupport_c.so" to ""
[11.531s] -- Up-to-date: /home/abubakr/microROS_AUV/install/custom_interfaces/include/custom_interfaces/custom_interfaces
[11.532s] -- Up-to-date: /home/abubakr/microROS_AUV/install/custom_interfaces/include/custom_interfaces/custom_interfaces/srv
[11.543s] -- Up-to-date: /home/abubakr/microROS_AUV/install/custom_interfaces/include/custom_interfaces/custom_interfaces/srv/detail
[11.543s] -- Installing: /home/abubakr/microROS_AUV/install/custom_interfaces/include/custom_interfaces/custom_interfaces/srv/detail/variable_activate__builder.hpp
[11.543s] -- Installing: /home/abubakr/microROS_AUV/install/custom_interfaces/include/custom_interfaces/custom_interfaces/srv/detail/variable_activate__type_support.hpp
[11.544s] -- Installing: /home/abubakr/microROS_AUV/install/custom_interfaces/include/custom_interfaces/custom_interfaces/srv/detail/variable_activate__traits.hpp
[11.544s] -- Installing: /home/abubakr/microROS_AUV/install/custom_interfaces/include/custom_interfaces/custom_interfaces/srv/detail/variable_activate__struct.hpp
[11.545s] -- Installing: /home/abubakr/microROS_AUV/install/custom_interfaces/include/custom_interfaces/custom_interfaces/srv/variable_activate.hpp
[11.546s] -- Up-to-date: /home/abubakr/microROS_AUV/install/custom_interfaces/include/custom_interfaces/custom_interfaces/msg
[11.546s] -- Installing: /home/abubakr/microROS_AUV/install/custom_interfaces/include/custom_interfaces/custom_interfaces/msg/thrusters_states.hpp
[11.547s] -- Up-to-date: /home/abubakr/microROS_AUV/install/custom_interfaces/include/custom_interfaces/custom_interfaces/msg/detail
[11.547s] -- Installing: /home/abubakr/microROS_AUV/install/custom_interfaces/include/custom_interfaces/custom_interfaces/msg/detail/thrusters_states__struct.hpp
[11.548s] -- Installing: /home/abubakr/microROS_AUV/install/custom_interfaces/include/custom_interfaces/custom_interfaces/msg/detail/thrusters_states__traits.hpp
[11.548s] -- Installing: /home/abubakr/microROS_AUV/install/custom_interfaces/include/custom_interfaces/custom_interfaces/msg/detail/thrusters_states__builder.hpp
[11.548s] -- Installing: /home/abubakr/microROS_AUV/install/custom_interfaces/include/custom_interfaces/custom_interfaces/msg/detail/thrusters_states__type_support.hpp
[11.549s] -- Installing: /home/abubakr/microROS_AUV/install/custom_interfaces/include/custom_interfaces/custom_interfaces/msg/rosidl_generator_cpp__visibility_control.hpp
[11.550s] -- Up-to-date: /home/abubakr/microROS_AUV/install/custom_interfaces/include/custom_interfaces/custom_interfaces
[11.550s] -- Up-to-date: /home/abubakr/microROS_AUV/install/custom_interfaces/include/custom_interfaces/custom_interfaces/srv
[11.551s] -- Up-to-date: /home/abubakr/microROS_AUV/install/custom_interfaces/include/custom_interfaces/custom_interfaces/srv/detail
[11.551s] -- Installing: /home/abubakr/microROS_AUV/install/custom_interfaces/include/custom_interfaces/custom_interfaces/srv/detail/dds_fastrtps
[11.551s] -- Installing: /home/abubakr/microROS_AUV/install/custom_interfaces/include/custom_interfaces/custom_interfaces/srv/detail/variable_activate__rosidl_typesupport_fastrtps_cpp.hpp
[11.551s] -- Up-to-date: /home/abubakr/microROS_AUV/install/custom_interfaces/include/custom_interfaces/custom_interfaces/msg
[11.551s] -- Up-to-date: /home/abubakr/microROS_AUV/install/custom_interfaces/include/custom_interfaces/custom_interfaces/msg/detail
[11.551s] -- Installing: /home/abubakr/microROS_AUV/install/custom_interfaces/include/custom_interfaces/custom_interfaces/msg/detail/thrusters_states__rosidl_typesupport_fastrtps_cpp.hpp
[11.551s] -- Installing: /home/abubakr/microROS_AUV/install/custom_interfaces/include/custom_interfaces/custom_interfaces/msg/detail/dds_fastrtps
[11.552s] -- Installing: /home/abubakr/microROS_AUV/install/custom_interfaces/include/custom_interfaces/custom_interfaces/msg/rosidl_typesupport_fastrtps_cpp__visibility_control.h
[11.552s] -- Installing: /home/abubakr/microROS_AUV/install/custom_interfaces/lib/libcustom_interfaces__rosidl_typesupport_fastrtps_cpp.so
[11.552s] -- Set runtime path of "/home/abubakr/microROS_AUV/install/custom_interfaces/lib/libcustom_interfaces__rosidl_typesupport_fastrtps_cpp.so" to ""
[11.552s] -- Up-to-date: /home/abubakr/microROS_AUV/install/custom_interfaces/include/custom_interfaces/custom_interfaces
[11.552s] -- Up-to-date: /home/abubakr/microROS_AUV/install/custom_interfaces/include/custom_interfaces/custom_interfaces/srv
[11.552s] -- Up-to-date: /home/abubakr/microROS_AUV/install/custom_interfaces/include/custom_interfaces/custom_interfaces/srv/detail
[11.552s] -- Installing: /home/abubakr/microROS_AUV/install/custom_interfaces/include/custom_interfaces/custom_interfaces/srv/detail/variable_activate__rosidl_typesupport_introspection_cpp.hpp
[11.553s] -- Installing: /home/abubakr/microROS_AUV/install/custom_interfaces/include/custom_interfaces/custom_interfaces/srv/detail/variable_activate__type_support.cpp
[11.553s] -- Up-to-date: /home/abubakr/microROS_AUV/install/custom_interfaces/include/custom_interfaces/custom_interfaces/msg
[11.553s] -- Up-to-date: /home/abubakr/microROS_AUV/install/custom_interfaces/include/custom_interfaces/custom_interfaces/msg/detail
[11.553s] -- Installing: /home/abubakr/microROS_AUV/install/custom_interfaces/include/custom_interfaces/custom_interfaces/msg/detail/thrusters_states__rosidl_typesupport_introspection_cpp.hpp
[11.555s] -- Installing: /home/abubakr/microROS_AUV/install/custom_interfaces/include/custom_interfaces/custom_interfaces/msg/detail/thrusters_states__type_support.cpp
[11.555s] -- Installing: /home/abubakr/microROS_AUV/install/custom_interfaces/lib/libcustom_interfaces__rosidl_typesupport_introspection_cpp.so
[11.555s] -- Set runtime path of "/home/abubakr/microROS_AUV/install/custom_interfaces/lib/libcustom_interfaces__rosidl_typesupport_introspection_cpp.so" to ""
[11.555s] -- Installing: /home/abubakr/microROS_AUV/install/custom_interfaces/lib/libcustom_interfaces__rosidl_typesupport_cpp.so
[11.555s] -- Set runtime path of "/home/abubakr/microROS_AUV/install/custom_interfaces/lib/libcustom_interfaces__rosidl_typesupport_cpp.so" to ""
[11.555s] -- Installing: /home/abubakr/microROS_AUV/install/custom_interfaces/share/custom_interfaces/environment/pythonpath.sh
[11.555s] -- Installing: /home/abubakr/microROS_AUV/install/custom_interfaces/share/custom_interfaces/environment/pythonpath.dsv
[11.555s] -- Installing: /home/abubakr/microROS_AUV/install/custom_interfaces/local/lib/python3.10/dist-packages/custom_interfaces-0.0.0-py3.10.egg-info
[11.556s] -- Installing: /home/abubakr/microROS_AUV/install/custom_interfaces/local/lib/python3.10/dist-packages/custom_interfaces-0.0.0-py3.10.egg-info/top_level.txt
[11.556s] -- Installing: /home/abubakr/microROS_AUV/install/custom_interfaces/local/lib/python3.10/dist-packages/custom_interfaces-0.0.0-py3.10.egg-info/PKG-INFO
[11.556s] -- Installing: /home/abubakr/microROS_AUV/install/custom_interfaces/local/lib/python3.10/dist-packages/custom_interfaces-0.0.0-py3.10.egg-info/SOURCES.txt
[11.556s] -- Installing: /home/abubakr/microROS_AUV/install/custom_interfaces/local/lib/python3.10/dist-packages/custom_interfaces-0.0.0-py3.10.egg-info/dependency_links.txt
[11.556s] -- Installing: /home/abubakr/microROS_AUV/install/custom_interfaces/local/lib/python3.10/dist-packages/custom_interfaces
[11.557s] -- Installing: /home/abubakr/microROS_AUV/install/custom_interfaces/local/lib/python3.10/dist-packages/custom_interfaces/custom_interfaces_s__rosidl_typesupport_fastrtps_c.cpython-310-x86_64-linux-gnu.so
[11.559s] -- Installing: /home/abubakr/microROS_AUV/install/custom_interfaces/local/lib/python3.10/dist-packages/custom_interfaces/srv
[11.559s] -- Installing: /home/abubakr/microROS_AUV/install/custom_interfaces/local/lib/python3.10/dist-packages/custom_interfaces/srv/__init__.py
[11.559s] -- Installing: /home/abubakr/microROS_AUV/install/custom_interfaces/local/lib/python3.10/dist-packages/custom_interfaces/srv/_variable_activate.py
[11.559s] -- Installing: /home/abubakr/microROS_AUV/install/custom_interfaces/local/lib/python3.10/dist-packages/custom_interfaces/srv/_variable_activate_s.c
[11.559s] -- Installing: /home/abubakr/microROS_AUV/install/custom_interfaces/local/lib/python3.10/dist-packages/custom_interfaces/msg
[11.559s] -- Installing: /home/abubakr/microROS_AUV/install/custom_interfaces/local/lib/python3.10/dist-packages/custom_interfaces/msg/_thrusters_states_s.c
[11.559s] -- Installing: /home/abubakr/microROS_AUV/install/custom_interfaces/local/lib/python3.10/dist-packages/custom_interfaces/msg/__init__.py
[11.559s] -- Installing: /home/abubakr/microROS_AUV/install/custom_interfaces/local/lib/python3.10/dist-packages/custom_interfaces/msg/_thrusters_states.py
[11.559s] -- Installing: /home/abubakr/microROS_AUV/install/custom_interfaces/local/lib/python3.10/dist-packages/custom_interfaces/custom_interfaces_s__rosidl_typesupport_introspection_c.cpython-310-x86_64-linux-gnu.so
[11.560s] -- Installing: /home/abubakr/microROS_AUV/install/custom_interfaces/local/lib/python3.10/dist-packages/custom_interfaces/_custom_interfaces_s.ep.rosidl_typesupport_fastrtps_c.c
[11.560s] -- Installing: /home/abubakr/microROS_AUV/install/custom_interfaces/local/lib/python3.10/dist-packages/custom_interfaces/libcustom_interfaces__rosidl_generator_py.so
[11.560s] -- Installing: /home/abubakr/microROS_AUV/install/custom_interfaces/local/lib/python3.10/dist-packages/custom_interfaces/__init__.py
[11.560s] -- Installing: /home/abubakr/microROS_AUV/install/custom_interfaces/local/lib/python3.10/dist-packages/custom_interfaces/_custom_interfaces_s.ep.rosidl_typesupport_introspection_c.c
[11.560s] -- Installing: /home/abubakr/microROS_AUV/install/custom_interfaces/local/lib/python3.10/dist-packages/custom_interfaces/_custom_interfaces_s.ep.rosidl_typesupport_c.c
[11.560s] -- Installing: /home/abubakr/microROS_AUV/install/custom_interfaces/local/lib/python3.10/dist-packages/custom_interfaces/custom_interfaces_s__rosidl_typesupport_c.cpython-310-x86_64-linux-gnu.so
[11.600s] Listing '/home/abubakr/microROS_AUV/install/custom_interfaces/local/lib/python3.10/dist-packages/custom_interfaces'...
[11.600s] Compiling '/home/abubakr/microROS_AUV/install/custom_interfaces/local/lib/python3.10/dist-packages/custom_interfaces/__init__.py'...
[11.600s] Listing '/home/abubakr/microROS_AUV/install/custom_interfaces/local/lib/python3.10/dist-packages/custom_interfaces/msg'...
[11.600s] Compiling '/home/abubakr/microROS_AUV/install/custom_interfaces/local/lib/python3.10/dist-packages/custom_interfaces/msg/__init__.py'...
[11.600s] Compiling '/home/abubakr/microROS_AUV/install/custom_interfaces/local/lib/python3.10/dist-packages/custom_interfaces/msg/_thrusters_states.py'...
[11.600s] Listing '/home/abubakr/microROS_AUV/install/custom_interfaces/local/lib/python3.10/dist-packages/custom_interfaces/srv'...
[11.600s] Compiling '/home/abubakr/microROS_AUV/install/custom_interfaces/local/lib/python3.10/dist-packages/custom_interfaces/srv/__init__.py'...
[11.600s] Compiling '/home/abubakr/microROS_AUV/install/custom_interfaces/local/lib/python3.10/dist-packages/custom_interfaces/srv/_variable_activate.py'...
[11.609s] -- Installing: /home/abubakr/microROS_AUV/install/custom_interfaces/local/lib/python3.10/dist-packages/custom_interfaces/custom_interfaces_s__rosidl_typesupport_fastrtps_c.cpython-310-x86_64-linux-gnu.so
[11.609s] -- Set runtime path of "/home/abubakr/microROS_AUV/install/custom_interfaces/local/lib/python3.10/dist-packages/custom_interfaces/custom_interfaces_s__rosidl_typesupport_fastrtps_c.cpython-310-x86_64-linux-gnu.so" to ""
[11.610s] -- Installing: /home/abubakr/microROS_AUV/install/custom_interfaces/local/lib/python3.10/dist-packages/custom_interfaces/custom_interfaces_s__rosidl_typesupport_introspection_c.cpython-310-x86_64-linux-gnu.so
[11.611s] -- Set runtime path of "/home/abubakr/microROS_AUV/install/custom_interfaces/local/lib/python3.10/dist-packages/custom_interfaces/custom_interfaces_s__rosidl_typesupport_introspection_c.cpython-310-x86_64-linux-gnu.so" to ""
[11.611s] -- Installing: /home/abubakr/microROS_AUV/install/custom_interfaces/local/lib/python3.10/dist-packages/custom_interfaces/custom_interfaces_s__rosidl_typesupport_c.cpython-310-x86_64-linux-gnu.so
[11.612s] -- Set runtime path of "/home/abubakr/microROS_AUV/install/custom_interfaces/local/lib/python3.10/dist-packages/custom_interfaces/custom_interfaces_s__rosidl_typesupport_c.cpython-310-x86_64-linux-gnu.so" to ""
[11.612s] -- Installing: /home/abubakr/microROS_AUV/install/custom_interfaces/lib/libcustom_interfaces__rosidl_generator_py.so
[11.612s] -- Set runtime path of "/home/abubakr/microROS_AUV/install/custom_interfaces/lib/libcustom_interfaces__rosidl_generator_py.so" to ""
[11.612s] -- Installing: /home/abubakr/microROS_AUV/install/custom_interfaces/share/custom_interfaces/msg/ThrustersStates.idl
[11.613s] -- Installing: /home/abubakr/microROS_AUV/install/custom_interfaces/share/custom_interfaces/srv/VariableActivate.idl
[11.613s] -- Installing: /home/abubakr/microROS_AUV/install/custom_interfaces/share/custom_interfaces/msg/ThrustersStates.msg
[11.613s] -- Installing: /home/abubakr/microROS_AUV/install/custom_interfaces/share/custom_interfaces/srv/VariableActivate.srv
[11.614s] -- Installing: /home/abubakr/microROS_AUV/install/custom_interfaces/share/custom_interfaces/srv/VariableActivate_Request.msg
[11.614s] -- Installing: /home/abubakr/microROS_AUV/install/custom_interfaces/share/custom_interfaces/srv/VariableActivate_Response.msg
[11.615s] -- Installing: /home/abubakr/microROS_AUV/install/custom_interfaces/share/ament_index/resource_index/package_run_dependencies/custom_interfaces
[11.616s] -- Installing: /home/abubakr/microROS_AUV/install/custom_interfaces/share/ament_index/resource_index/parent_prefix_path/custom_interfaces
[11.616s] -- Installing: /home/abubakr/microROS_AUV/install/custom_interfaces/share/custom_interfaces/environment/ament_prefix_path.sh
[11.616s] -- Installing: /home/abubakr/microROS_AUV/install/custom_interfaces/share/custom_interfaces/environment/ament_prefix_path.dsv
[11.616s] -- Installing: /home/abubakr/microROS_AUV/install/custom_interfaces/share/custom_interfaces/environment/path.sh
[11.617s] -- Installing: /home/abubakr/microROS_AUV/install/custom_interfaces/share/custom_interfaces/environment/path.dsv
[11.617s] -- Installing: /home/abubakr/microROS_AUV/install/custom_interfaces/share/custom_interfaces/local_setup.bash
[11.618s] -- Installing: /home/abubakr/microROS_AUV/install/custom_interfaces/share/custom_interfaces/local_setup.sh
[11.618s] -- Installing: /home/abubakr/microROS_AUV/install/custom_interfaces/share/custom_interfaces/local_setup.zsh
[11.618s] -- Installing: /home/abubakr/microROS_AUV/install/custom_interfaces/share/custom_interfaces/local_setup.dsv
[11.618s] -- Installing: /home/abubakr/microROS_AUV/install/custom_interfaces/share/custom_interfaces/package.dsv
[11.619s] -- Installing: /home/abubakr/microROS_AUV/install/custom_interfaces/share/ament_index/resource_index/packages/custom_interfaces
[11.621s] -- Installing: /home/abubakr/microROS_AUV/install/custom_interfaces/share/custom_interfaces/cmake/export_custom_interfaces__rosidl_generator_cExport.cmake
[11.622s] -- Installing: /home/abubakr/microROS_AUV/install/custom_interfaces/share/custom_interfaces/cmake/export_custom_interfaces__rosidl_generator_cExport-noconfig.cmake
[11.623s] -- Installing: /home/abubakr/microROS_AUV/install/custom_interfaces/share/custom_interfaces/cmake/export_custom_interfaces__rosidl_typesupport_fastrtps_cExport.cmake
[11.623s] -- Installing: /home/abubakr/microROS_AUV/install/custom_interfaces/share/custom_interfaces/cmake/export_custom_interfaces__rosidl_typesupport_fastrtps_cExport-noconfig.cmake
[11.626s] -- Installing: /home/abubakr/microROS_AUV/install/custom_interfaces/share/custom_interfaces/cmake/custom_interfaces__rosidl_typesupport_introspection_cExport.cmake
[11.626s] -- Installing: /home/abubakr/microROS_AUV/install/custom_interfaces/share/custom_interfaces/cmake/custom_interfaces__rosidl_typesupport_introspection_cExport-noconfig.cmake
[11.627s] -- Installing: /home/abubakr/microROS_AUV/install/custom_interfaces/share/custom_interfaces/cmake/custom_interfaces__rosidl_typesupport_cExport.cmake
[11.627s] -- Installing: /home/abubakr/microROS_AUV/install/custom_interfaces/share/custom_interfaces/cmake/custom_interfaces__rosidl_typesupport_cExport-noconfig.cmake
[11.628s] -- Installing: /home/abubakr/microROS_AUV/install/custom_interfaces/share/custom_interfaces/cmake/export_custom_interfaces__rosidl_generator_cppExport.cmake
[11.628s] -- Installing: /home/abubakr/microROS_AUV/install/custom_interfaces/share/custom_interfaces/cmake/export_custom_interfaces__rosidl_typesupport_fastrtps_cppExport.cmake
[11.633s] -- Installing: /home/abubakr/microROS_AUV/install/custom_interfaces/share/custom_interfaces/cmake/export_custom_interfaces__rosidl_typesupport_fastrtps_cppExport-noconfig.cmake
[11.634s] -- Installing: /home/abubakr/microROS_AUV/install/custom_interfaces/share/custom_interfaces/cmake/custom_interfaces__rosidl_typesupport_introspection_cppExport.cmake
[11.635s] -- Installing: /home/abubakr/microROS_AUV/install/custom_interfaces/share/custom_interfaces/cmake/custom_interfaces__rosidl_typesupport_introspection_cppExport-noconfig.cmake
[11.635s] -- Installing: /home/abubakr/microROS_AUV/install/custom_interfaces/share/custom_interfaces/cmake/custom_interfaces__rosidl_typesupport_cppExport.cmake
[11.635s] -- Installing: /home/abubakr/microROS_AUV/install/custom_interfaces/share/custom_interfaces/cmake/custom_interfaces__rosidl_typesupport_cppExport-noconfig.cmake
[11.636s] -- Installing: /home/abubakr/microROS_AUV/install/custom_interfaces/share/custom_interfaces/cmake/export_custom_interfaces__rosidl_generator_pyExport.cmake
[11.636s] -- Installing: /home/abubakr/microROS_AUV/install/custom_interfaces/share/custom_interfaces/cmake/export_custom_interfaces__rosidl_generator_pyExport-noconfig.cmake
[11.636s] -- Installing: /home/abubakr/microROS_AUV/install/custom_interfaces/share/custom_interfaces/cmake/rosidl_cmake-extras.cmake
[11.638s] -- Installing: /home/abubakr/microROS_AUV/install/custom_interfaces/share/custom_interfaces/cmake/ament_cmake_export_include_directories-extras.cmake
[11.638s] -- Installing: /home/abubakr/microROS_AUV/install/custom_interfaces/share/custom_interfaces/cmake/ament_cmake_export_libraries-extras.cmake
[11.640s] -- Installing: /home/abubakr/microROS_AUV/install/custom_interfaces/share/custom_interfaces/cmake/ament_cmake_export_targets-extras.cmake
[11.641s] -- Installing: /home/abubakr/microROS_AUV/install/custom_interfaces/share/custom_interfaces/cmake/rosidl_cmake_export_typesupport_targets-extras.cmake
[11.642s] -- Installing: /home/abubakr/microROS_AUV/install/custom_interfaces/share/custom_interfaces/cmake/ament_cmake_export_dependencies-extras.cmake
[11.643s] -- Installing: /home/abubakr/microROS_AUV/install/custom_interfaces/share/custom_interfaces/cmake/rosidl_cmake_export_typesupport_libraries-extras.cmake
[11.644s] -- Installing: /home/abubakr/microROS_AUV/install/custom_interfaces/share/custom_interfaces/cmake/custom_interfacesConfig.cmake
[11.645s] -- Installing: /home/abubakr/microROS_AUV/install/custom_interfaces/share/custom_interfaces/cmake/custom_interfacesConfig-version.cmake
[11.646s] -- Installing: /home/abubakr/microROS_AUV/install/custom_interfaces/share/custom_interfaces/package.xml
[11.660s] Invoked command in '/home/abubakr/microROS_AUV/build/custom_interfaces' returned '0': CMAKE_PREFIX_PATH=/opt/ros/humble /usr/bin/cmake --install /home/abubakr/microROS_AUV/build/custom_interfaces
