[0.026s] Invoking command in '/home/uwr/microROS_AUV/build/builtin_interfaces': CMAKE_PREFIX_PATH=${CMAKE_PREFIX_PATH}:/home/uwr/microROS_AUV/install/control_pkg:/home/uwr/Desktop/2024_UWR/install/sonar_subs:/opt/ros/humble /usr/bin/cmake /home/uwr/microROS_AUV/src/ros2/rcl_interfaces/builtin_interfaces -DUAGENT_BUILD_EXECUTABLE=OFF -DUAGENT_P2P_PROFILE=OFF --no-warn-unused-cli -DCMAKE_INSTALL_PREFIX=/home/uwr/microROS_AUV/install/builtin_interfaces
[0.036s] Not searching for unused variables given on the command line.
[0.045s] -- Found ament_cmake: 1.3.10 (/opt/ros/humble/share/ament_cmake/cmake)
[0.253s] -- Found rosidl_default_generators: 1.2.0 (/opt/ros/humble/share/rosidl_default_generators/cmake)
[0.258s] -- Using all available rosidl_typesupport_c: rosidl_typesupport_fastrtps_c;rosidl_typesupport_introspection_c
[0.263s] -- Found rosidl_adapter: 3.1.5 (/opt/ros/humble/share/rosidl_adapter/cmake)
[0.308s] -- Using all available rosidl_typesupport_cpp: rosidl_typesupport_fastrtps_cpp;rosidl_typesupport_introspection_cpp
[0.768s] -- Found ament_cmake_ros: 0.10.0 (/opt/ros/humble/share/ament_cmake_ros/cmake)
[1.066s] -- Using all available rosidl_typesupport_c: rosidl_typesupport_fastrtps_c;rosidl_typesupport_introspection_c
[1.455s] -- Using all available rosidl_typesupport_cpp: rosidl_typesupport_fastrtps_cpp;rosidl_typesupport_introspection_cpp
[1.493s] -- Found python_cmake_module: 0.10.0 (/opt/ros/humble/share/python_cmake_module/cmake)
[1.533s] -- Using PYTHON_EXECUTABLE: /usr/bin/python3
[1.533s] -- Using PYTHON_INCLUDE_DIRS: /usr/include/python3.10
[1.533s] -- Using PYTHON_LIBRARIES: /usr/lib/x86_64-linux-gnu/libpython3.10.so
[1.576s] -- Configuring done
[1.626s] -- Generating done
[1.630s] -- Build files have been written to: /home/uwr/microROS_AUV/build/builtin_interfaces
[1.637s] Invoked command in '/home/uwr/microROS_AUV/build/builtin_interfaces' returned '0': CMAKE_PREFIX_PATH=${CMAKE_PREFIX_PATH}:/home/uwr/microROS_AUV/install/control_pkg:/home/uwr/Desktop/2024_UWR/install/sonar_subs:/opt/ros/humble /usr/bin/cmake /home/uwr/microROS_AUV/src/ros2/rcl_interfaces/builtin_interfaces -DUAGENT_BUILD_EXECUTABLE=OFF -DUAGENT_P2P_PROFILE=OFF --no-warn-unused-cli -DCMAKE_INSTALL_PREFIX=/home/uwr/microROS_AUV/install/builtin_interfaces
[1.640s] Invoking command in '/home/uwr/microROS_AUV/build/builtin_interfaces': CMAKE_PREFIX_PATH=${CMAKE_PREFIX_PATH}:/home/uwr/microROS_AUV/install/control_pkg:/home/uwr/Desktop/2024_UWR/install/sonar_subs:/opt/ros/humble /usr/bin/cmake --build /home/uwr/microROS_AUV/build/builtin_interfaces -- -j8 -l8
[1.702s] [35m[1mConsolidate compiler generated dependencies of target builtin_interfaces__rosidl_generator_c[0m
[1.721s] [  2%] Built target builtin_interfaces__cpp
[1.723s] [ 12%] Built target builtin_interfaces__rosidl_generator_c
[1.750s] [ 15%] [34m[1mGenerating C++ type support dispatch for ROS interfaces[0m
[1.752s] [ 15%] Built target ament_cmake_python_copy_builtin_interfaces
[1.754s] [35m[1mConsolidate compiler generated dependencies of target builtin_interfaces__rosidl_typesupport_fastrtps_c[0m
[1.760s] [35m[1mConsolidate compiler generated dependencies of target builtin_interfaces__rosidl_typesupport_fastrtps_cpp[0m
[1.760s] [35m[1mConsolidate compiler generated dependencies of target builtin_interfaces__rosidl_typesupport_introspection_cpp[0m
[1.765s] [ 17%] [34m[1mGenerating C type support dispatch for ROS interfaces[0m
[1.771s] [35m[1mConsolidate compiler generated dependencies of target builtin_interfaces__rosidl_typesupport_introspection_c[0m
[1.803s] [ 28%] Built target builtin_interfaces__rosidl_typesupport_fastrtps_c
[1.803s] [ 38%] Built target builtin_interfaces__rosidl_typesupport_introspection_cpp
[1.827s] [ 48%] Built target builtin_interfaces__rosidl_typesupport_introspection_c
[1.839s] [ 58%] Built target builtin_interfaces__rosidl_typesupport_fastrtps_cpp
[2.384s] [35m[1mConsolidate compiler generated dependencies of target builtin_interfaces__rosidl_typesupport_cpp[0m
[2.392s] [35m[1mConsolidate compiler generated dependencies of target builtin_interfaces__rosidl_typesupport_c[0m
[2.411s] [ 61%] [32mBuilding CXX object CMakeFiles/builtin_interfaces__rosidl_typesupport_cpp.dir/rosidl_typesupport_cpp/builtin_interfaces/msg/duration__type_support.cpp.o[0m
[2.411s] [ 64%] [32mBuilding CXX object CMakeFiles/builtin_interfaces__rosidl_typesupport_cpp.dir/rosidl_typesupport_cpp/builtin_interfaces/msg/time__type_support.cpp.o[0m
[2.418s] [ 66%] [32mBuilding CXX object CMakeFiles/builtin_interfaces__rosidl_typesupport_c.dir/rosidl_typesupport_c/builtin_interfaces/msg/duration__type_support.cpp.o[0m
[2.418s] [ 69%] [32mBuilding CXX object CMakeFiles/builtin_interfaces__rosidl_typesupport_c.dir/rosidl_typesupport_c/builtin_interfaces/msg/time__type_support.cpp.o[0m
[2.495s] [ 71%] [32m[1mLinking CXX shared library libbuiltin_interfaces__rosidl_typesupport_c.so[0m
[2.587s] running egg_info
[2.590s] writing builtin_interfaces.egg-info/PKG-INFO
[2.590s] writing dependency_links to builtin_interfaces.egg-info/dependency_links.txt
[2.591s] writing top-level names to builtin_interfaces.egg-info/top_level.txt
[2.597s] reading manifest file 'builtin_interfaces.egg-info/SOURCES.txt'
[2.599s] writing manifest file 'builtin_interfaces.egg-info/SOURCES.txt'
[2.606s] [ 71%] Built target builtin_interfaces__rosidl_typesupport_c
[2.675s] [ 71%] Built target ament_cmake_python_build_builtin_interfaces_egg
[3.037s] [ 74%] [32m[1mLinking CXX shared library libbuiltin_interfaces__rosidl_typesupport_cpp.so[0m
[3.104s] [ 74%] Built target builtin_interfaces__rosidl_typesupport_cpp
[3.135s] [ 74%] Built target builtin_interfaces
[3.168s] [ 76%] Built target builtin_interfaces__py
[3.186s] [35m[1mConsolidate compiler generated dependencies of target builtin_interfaces__rosidl_generator_py[0m
[3.206s] [ 79%] [32m[1mLinking C shared library rosidl_generator_py/builtin_interfaces/libbuiltin_interfaces__rosidl_generator_py.so[0m
[3.267s] [ 84%] Built target builtin_interfaces__rosidl_generator_py
[3.283s] [35m[1mConsolidate compiler generated dependencies of target builtin_interfaces__rosidl_typesupport_introspection_c__pyext[0m
[3.284s] [35m[1mConsolidate compiler generated dependencies of target builtin_interfaces__rosidl_typesupport_c__pyext[0m
[3.284s] [35m[1mConsolidate compiler generated dependencies of target builtin_interfaces__rosidl_typesupport_fastrtps_c__pyext[0m
[3.302s] [ 92%] [32m[1mLinking C shared library rosidl_generator_py/builtin_interfaces/builtin_interfaces_s__rosidl_typesupport_introspection_c.cpython-310-x86_64-linux-gnu.so[0m
[3.302s] [ 92%] [32m[1mLinking C shared library rosidl_generator_py/builtin_interfaces/builtin_interfaces_s__rosidl_typesupport_c.cpython-310-x86_64-linux-gnu.so[0m
[3.303s] [ 92%] [32m[1mLinking C shared library rosidl_generator_py/builtin_interfaces/builtin_interfaces_s__rosidl_typesupport_fastrtps_c.cpython-310-x86_64-linux-gnu.so[0m
[3.355s] [ 97%] Built target builtin_interfaces__rosidl_typesupport_c__pyext
[3.355s] [ 97%] Built target builtin_interfaces__rosidl_typesupport_introspection_c__pyext
[3.358s] [100%] Built target builtin_interfaces__rosidl_typesupport_fastrtps_c__pyext
[3.377s] Invoked command in '/home/uwr/microROS_AUV/build/builtin_interfaces' returned '0': CMAKE_PREFIX_PATH=${CMAKE_PREFIX_PATH}:/home/uwr/microROS_AUV/install/control_pkg:/home/uwr/Desktop/2024_UWR/install/sonar_subs:/opt/ros/humble /usr/bin/cmake --build /home/uwr/microROS_AUV/build/builtin_interfaces -- -j8 -l8
[3.506s] Invoking command in '/home/uwr/microROS_AUV/build/builtin_interfaces': CMAKE_PREFIX_PATH=${CMAKE_PREFIX_PATH}:/home/uwr/microROS_AUV/install/control_pkg:/home/uwr/Desktop/2024_UWR/install/sonar_subs:/opt/ros/humble /usr/bin/cmake --install /home/uwr/microROS_AUV/build/builtin_interfaces
[3.517s] -- Install configuration: ""
[3.518s] -- Up-to-date: /home/uwr/microROS_AUV/install/builtin_interfaces/share/ament_index/resource_index/rosidl_interfaces/builtin_interfaces
[3.518s] -- Up-to-date: /home/uwr/microROS_AUV/install/builtin_interfaces/include/builtin_interfaces/builtin_interfaces
[3.518s] -- Up-to-date: /home/uwr/microROS_AUV/install/builtin_interfaces/include/builtin_interfaces/builtin_interfaces/msg
[3.518s] -- Up-to-date: /home/uwr/microROS_AUV/install/builtin_interfaces/include/builtin_interfaces/builtin_interfaces/msg/rosidl_generator_c__visibility_control.h
[3.518s] -- Up-to-date: /home/uwr/microROS_AUV/install/builtin_interfaces/include/builtin_interfaces/builtin_interfaces/msg/detail
[3.518s] -- Up-to-date: /home/uwr/microROS_AUV/install/builtin_interfaces/include/builtin_interfaces/builtin_interfaces/msg/detail/time__functions.h
[3.518s] -- Up-to-date: /home/uwr/microROS_AUV/install/builtin_interfaces/include/builtin_interfaces/builtin_interfaces/msg/detail/time__struct.h
[3.519s] -- Up-to-date: /home/uwr/microROS_AUV/install/builtin_interfaces/include/builtin_interfaces/builtin_interfaces/msg/detail/duration__struct.h
[3.519s] -- Up-to-date: /home/uwr/microROS_AUV/install/builtin_interfaces/include/builtin_interfaces/builtin_interfaces/msg/detail/time__type_support.h
[3.519s] -- Up-to-date: /home/uwr/microROS_AUV/install/builtin_interfaces/include/builtin_interfaces/builtin_interfaces/msg/detail/duration__functions.c
[3.519s] -- Up-to-date: /home/uwr/microROS_AUV/install/builtin_interfaces/include/builtin_interfaces/builtin_interfaces/msg/detail/duration__functions.h
[3.519s] -- Up-to-date: /home/uwr/microROS_AUV/install/builtin_interfaces/include/builtin_interfaces/builtin_interfaces/msg/detail/duration__type_support.h
[3.519s] -- Up-to-date: /home/uwr/microROS_AUV/install/builtin_interfaces/include/builtin_interfaces/builtin_interfaces/msg/detail/time__functions.c
[3.519s] -- Up-to-date: /home/uwr/microROS_AUV/install/builtin_interfaces/include/builtin_interfaces/builtin_interfaces/msg/time.h
[3.519s] -- Up-to-date: /home/uwr/microROS_AUV/install/builtin_interfaces/include/builtin_interfaces/builtin_interfaces/msg/duration.h
[3.519s] -- Up-to-date: /home/uwr/microROS_AUV/install/builtin_interfaces/share/builtin_interfaces/environment/library_path.sh
[3.520s] -- Installing: /home/uwr/microROS_AUV/install/builtin_interfaces/share/builtin_interfaces/environment/library_path.dsv
[3.520s] -- Up-to-date: /home/uwr/microROS_AUV/install/builtin_interfaces/lib/libbuiltin_interfaces__rosidl_generator_c.so
[3.520s] -- Up-to-date: /home/uwr/microROS_AUV/install/builtin_interfaces/include/builtin_interfaces/builtin_interfaces
[3.520s] -- Up-to-date: /home/uwr/microROS_AUV/install/builtin_interfaces/include/builtin_interfaces/builtin_interfaces/msg
[3.520s] -- Up-to-date: /home/uwr/microROS_AUV/install/builtin_interfaces/include/builtin_interfaces/builtin_interfaces/msg/detail
[3.520s] -- Up-to-date: /home/uwr/microROS_AUV/install/builtin_interfaces/include/builtin_interfaces/builtin_interfaces/msg/detail/duration__rosidl_typesupport_fastrtps_c.h
[3.520s] -- Up-to-date: /home/uwr/microROS_AUV/install/builtin_interfaces/include/builtin_interfaces/builtin_interfaces/msg/detail/time__rosidl_typesupport_fastrtps_c.h
[3.520s] -- Up-to-date: /home/uwr/microROS_AUV/install/builtin_interfaces/include/builtin_interfaces/builtin_interfaces/msg/rosidl_typesupport_fastrtps_c__visibility_control.h
[3.521s] -- Up-to-date: /home/uwr/microROS_AUV/install/builtin_interfaces/lib/libbuiltin_interfaces__rosidl_typesupport_fastrtps_c.so
[3.521s] -- Up-to-date: /home/uwr/microROS_AUV/install/builtin_interfaces/include/builtin_interfaces/builtin_interfaces
[3.521s] -- Up-to-date: /home/uwr/microROS_AUV/install/builtin_interfaces/include/builtin_interfaces/builtin_interfaces/msg
[3.521s] -- Up-to-date: /home/uwr/microROS_AUV/install/builtin_interfaces/include/builtin_interfaces/builtin_interfaces/msg/rosidl_typesupport_introspection_c__visibility_control.h
[3.521s] -- Up-to-date: /home/uwr/microROS_AUV/install/builtin_interfaces/include/builtin_interfaces/builtin_interfaces/msg/detail
[3.521s] -- Up-to-date: /home/uwr/microROS_AUV/install/builtin_interfaces/include/builtin_interfaces/builtin_interfaces/msg/detail/duration__type_support.c
[3.521s] -- Up-to-date: /home/uwr/microROS_AUV/install/builtin_interfaces/include/builtin_interfaces/builtin_interfaces/msg/detail/time__rosidl_typesupport_introspection_c.h
[3.521s] -- Up-to-date: /home/uwr/microROS_AUV/install/builtin_interfaces/include/builtin_interfaces/builtin_interfaces/msg/detail/duration__rosidl_typesupport_introspection_c.h
[3.521s] -- Up-to-date: /home/uwr/microROS_AUV/install/builtin_interfaces/include/builtin_interfaces/builtin_interfaces/msg/detail/time__type_support.c
[3.522s] -- Up-to-date: /home/uwr/microROS_AUV/install/builtin_interfaces/lib/libbuiltin_interfaces__rosidl_typesupport_introspection_c.so
[3.522s] -- Installing: /home/uwr/microROS_AUV/install/builtin_interfaces/lib/libbuiltin_interfaces__rosidl_typesupport_c.so
[3.522s] -- Set runtime path of "/home/uwr/microROS_AUV/install/builtin_interfaces/lib/libbuiltin_interfaces__rosidl_typesupport_c.so" to ""
[3.522s] -- Up-to-date: /home/uwr/microROS_AUV/install/builtin_interfaces/include/builtin_interfaces/builtin_interfaces
[3.522s] -- Up-to-date: /home/uwr/microROS_AUV/install/builtin_interfaces/include/builtin_interfaces/builtin_interfaces/msg
[3.522s] -- Up-to-date: /home/uwr/microROS_AUV/install/builtin_interfaces/include/builtin_interfaces/builtin_interfaces/msg/detail
[3.522s] -- Up-to-date: /home/uwr/microROS_AUV/install/builtin_interfaces/include/builtin_interfaces/builtin_interfaces/msg/detail/duration__struct.hpp
[3.522s] -- Up-to-date: /home/uwr/microROS_AUV/install/builtin_interfaces/include/builtin_interfaces/builtin_interfaces/msg/detail/time__traits.hpp
[3.522s] -- Up-to-date: /home/uwr/microROS_AUV/install/builtin_interfaces/include/builtin_interfaces/builtin_interfaces/msg/detail/time__builder.hpp
[3.523s] -- Up-to-date: /home/uwr/microROS_AUV/install/builtin_interfaces/include/builtin_interfaces/builtin_interfaces/msg/detail/duration__builder.hpp
[3.523s] -- Up-to-date: /home/uwr/microROS_AUV/install/builtin_interfaces/include/builtin_interfaces/builtin_interfaces/msg/detail/duration__traits.hpp
[3.523s] -- Up-to-date: /home/uwr/microROS_AUV/install/builtin_interfaces/include/builtin_interfaces/builtin_interfaces/msg/detail/time__struct.hpp
[3.523s] -- Up-to-date: /home/uwr/microROS_AUV/install/builtin_interfaces/include/builtin_interfaces/builtin_interfaces/msg/duration.hpp
[3.523s] -- Up-to-date: /home/uwr/microROS_AUV/install/builtin_interfaces/include/builtin_interfaces/builtin_interfaces/msg/time.hpp
[3.523s] -- Up-to-date: /home/uwr/microROS_AUV/install/builtin_interfaces/include/builtin_interfaces/builtin_interfaces
[3.523s] -- Up-to-date: /home/uwr/microROS_AUV/install/builtin_interfaces/include/builtin_interfaces/builtin_interfaces/msg
[3.523s] -- Up-to-date: /home/uwr/microROS_AUV/install/builtin_interfaces/include/builtin_interfaces/builtin_interfaces/msg/detail
[3.524s] -- Up-to-date: /home/uwr/microROS_AUV/install/builtin_interfaces/include/builtin_interfaces/builtin_interfaces/msg/detail/time__rosidl_typesupport_fastrtps_cpp.hpp
[3.524s] -- Up-to-date: /home/uwr/microROS_AUV/install/builtin_interfaces/include/builtin_interfaces/builtin_interfaces/msg/detail/duration__rosidl_typesupport_fastrtps_cpp.hpp
[3.524s] -- Up-to-date: /home/uwr/microROS_AUV/install/builtin_interfaces/include/builtin_interfaces/builtin_interfaces/msg/detail/dds_fastrtps
[3.524s] -- Up-to-date: /home/uwr/microROS_AUV/install/builtin_interfaces/include/builtin_interfaces/builtin_interfaces/msg/rosidl_typesupport_fastrtps_cpp__visibility_control.h
[3.524s] -- Up-to-date: /home/uwr/microROS_AUV/install/builtin_interfaces/lib/libbuiltin_interfaces__rosidl_typesupport_fastrtps_cpp.so
[3.524s] -- Up-to-date: /home/uwr/microROS_AUV/install/builtin_interfaces/include/builtin_interfaces/builtin_interfaces
[3.524s] -- Up-to-date: /home/uwr/microROS_AUV/install/builtin_interfaces/include/builtin_interfaces/builtin_interfaces/msg
[3.524s] -- Up-to-date: /home/uwr/microROS_AUV/install/builtin_interfaces/include/builtin_interfaces/builtin_interfaces/msg/detail
[3.524s] -- Up-to-date: /home/uwr/microROS_AUV/install/builtin_interfaces/include/builtin_interfaces/builtin_interfaces/msg/detail/time__type_support.cpp
[3.524s] -- Up-to-date: /home/uwr/microROS_AUV/install/builtin_interfaces/include/builtin_interfaces/builtin_interfaces/msg/detail/duration__type_support.cpp
[3.525s] -- Up-to-date: /home/uwr/microROS_AUV/install/builtin_interfaces/include/builtin_interfaces/builtin_interfaces/msg/detail/duration__rosidl_typesupport_introspection_cpp.hpp
[3.525s] -- Up-to-date: /home/uwr/microROS_AUV/install/builtin_interfaces/include/builtin_interfaces/builtin_interfaces/msg/detail/time__rosidl_typesupport_introspection_cpp.hpp
[3.525s] -- Up-to-date: /home/uwr/microROS_AUV/install/builtin_interfaces/lib/libbuiltin_interfaces__rosidl_typesupport_introspection_cpp.so
[3.525s] -- Installing: /home/uwr/microROS_AUV/install/builtin_interfaces/lib/libbuiltin_interfaces__rosidl_typesupport_cpp.so
[3.525s] -- Set runtime path of "/home/uwr/microROS_AUV/install/builtin_interfaces/lib/libbuiltin_interfaces__rosidl_typesupport_cpp.so" to ""
[3.525s] -- Up-to-date: /home/uwr/microROS_AUV/install/builtin_interfaces/share/builtin_interfaces/environment/pythonpath.sh
[3.525s] -- Installing: /home/uwr/microROS_AUV/install/builtin_interfaces/share/builtin_interfaces/environment/pythonpath.dsv
[3.526s] -- Up-to-date: /home/uwr/microROS_AUV/install/builtin_interfaces/local/lib/python3.10/dist-packages/builtin_interfaces-1.2.2-py3.10.egg-info
[3.526s] -- Installing: /home/uwr/microROS_AUV/install/builtin_interfaces/local/lib/python3.10/dist-packages/builtin_interfaces-1.2.2-py3.10.egg-info/top_level.txt
[3.526s] -- Installing: /home/uwr/microROS_AUV/install/builtin_interfaces/local/lib/python3.10/dist-packages/builtin_interfaces-1.2.2-py3.10.egg-info/dependency_links.txt
[3.526s] -- Installing: /home/uwr/microROS_AUV/install/builtin_interfaces/local/lib/python3.10/dist-packages/builtin_interfaces-1.2.2-py3.10.egg-info/PKG-INFO
[3.526s] -- Installing: /home/uwr/microROS_AUV/install/builtin_interfaces/local/lib/python3.10/dist-packages/builtin_interfaces-1.2.2-py3.10.egg-info/SOURCES.txt
[3.526s] -- Up-to-date: /home/uwr/microROS_AUV/install/builtin_interfaces/local/lib/python3.10/dist-packages/builtin_interfaces
[3.526s] -- Installing: /home/uwr/microROS_AUV/install/builtin_interfaces/local/lib/python3.10/dist-packages/builtin_interfaces/libbuiltin_interfaces__rosidl_generator_py.so
[3.526s] -- Up-to-date: /home/uwr/microROS_AUV/install/builtin_interfaces/local/lib/python3.10/dist-packages/builtin_interfaces/_builtin_interfaces_s.ep.rosidl_typesupport_microxrcedds_c.c
[3.527s] -- Installing: /home/uwr/microROS_AUV/install/builtin_interfaces/local/lib/python3.10/dist-packages/builtin_interfaces/builtin_interfaces_s__rosidl_typesupport_fastrtps_c.cpython-310-x86_64-linux-gnu.so
[3.527s] -- Installing: /home/uwr/microROS_AUV/install/builtin_interfaces/local/lib/python3.10/dist-packages/builtin_interfaces/builtin_interfaces_s__rosidl_typesupport_introspection_c.cpython-310-x86_64-linux-gnu.so
[3.527s] -- Up-to-date: /home/uwr/microROS_AUV/install/builtin_interfaces/local/lib/python3.10/dist-packages/builtin_interfaces/msg
[3.527s] -- Up-to-date: /home/uwr/microROS_AUV/install/builtin_interfaces/local/lib/python3.10/dist-packages/builtin_interfaces/msg/_duration.py
[3.527s] -- Up-to-date: /home/uwr/microROS_AUV/install/builtin_interfaces/local/lib/python3.10/dist-packages/builtin_interfaces/msg/_time.py
[3.527s] -- Up-to-date: /home/uwr/microROS_AUV/install/builtin_interfaces/local/lib/python3.10/dist-packages/builtin_interfaces/msg/_time_s.c
[3.527s] -- Up-to-date: /home/uwr/microROS_AUV/install/builtin_interfaces/local/lib/python3.10/dist-packages/builtin_interfaces/msg/__init__.py
[3.527s] -- Up-to-date: /home/uwr/microROS_AUV/install/builtin_interfaces/local/lib/python3.10/dist-packages/builtin_interfaces/msg/_duration_s.c
[3.527s] -- Up-to-date: /home/uwr/microROS_AUV/install/builtin_interfaces/local/lib/python3.10/dist-packages/builtin_interfaces/_builtin_interfaces_s.ep.rosidl_typesupport_introspection_c.c
[3.528s] -- Installing: /home/uwr/microROS_AUV/install/builtin_interfaces/local/lib/python3.10/dist-packages/builtin_interfaces/builtin_interfaces_s__rosidl_typesupport_c.cpython-310-x86_64-linux-gnu.so
[3.528s] -- Installing: /home/uwr/microROS_AUV/install/builtin_interfaces/local/lib/python3.10/dist-packages/builtin_interfaces/__init__.py
[3.528s] -- Up-to-date: /home/uwr/microROS_AUV/install/builtin_interfaces/local/lib/python3.10/dist-packages/builtin_interfaces/_builtin_interfaces_s.ep.rosidl_typesupport_c.c
[3.528s] -- Up-to-date: /home/uwr/microROS_AUV/install/builtin_interfaces/local/lib/python3.10/dist-packages/builtin_interfaces/_builtin_interfaces_s.ep.rosidl_typesupport_fastrtps_c.c
[3.528s] -- Up-to-date: /home/uwr/microROS_AUV/install/builtin_interfaces/local/lib/python3.10/dist-packages/builtin_interfaces/builtin_interfaces_s__rosidl_typesupport_microxrcedds_c.cpython-310-x86_64-linux-gnu.so
[3.591s] Listing '/home/uwr/microROS_AUV/install/builtin_interfaces/local/lib/python3.10/dist-packages/builtin_interfaces'...
[3.591s] Compiling '/home/uwr/microROS_AUV/install/builtin_interfaces/local/lib/python3.10/dist-packages/builtin_interfaces/__init__.py'...
[3.591s] Listing '/home/uwr/microROS_AUV/install/builtin_interfaces/local/lib/python3.10/dist-packages/builtin_interfaces/msg'...
[3.600s] -- Installing: /home/uwr/microROS_AUV/install/builtin_interfaces/local/lib/python3.10/dist-packages/builtin_interfaces/builtin_interfaces_s__rosidl_typesupport_fastrtps_c.cpython-310-x86_64-linux-gnu.so
[3.600s] -- Set runtime path of "/home/uwr/microROS_AUV/install/builtin_interfaces/local/lib/python3.10/dist-packages/builtin_interfaces/builtin_interfaces_s__rosidl_typesupport_fastrtps_c.cpython-310-x86_64-linux-gnu.so" to ""
[3.600s] -- Installing: /home/uwr/microROS_AUV/install/builtin_interfaces/local/lib/python3.10/dist-packages/builtin_interfaces/builtin_interfaces_s__rosidl_typesupport_introspection_c.cpython-310-x86_64-linux-gnu.so
[3.601s] -- Set runtime path of "/home/uwr/microROS_AUV/install/builtin_interfaces/local/lib/python3.10/dist-packages/builtin_interfaces/builtin_interfaces_s__rosidl_typesupport_introspection_c.cpython-310-x86_64-linux-gnu.so" to ""
[3.601s] -- Installing: /home/uwr/microROS_AUV/install/builtin_interfaces/local/lib/python3.10/dist-packages/builtin_interfaces/builtin_interfaces_s__rosidl_typesupport_c.cpython-310-x86_64-linux-gnu.so
[3.601s] -- Set runtime path of "/home/uwr/microROS_AUV/install/builtin_interfaces/local/lib/python3.10/dist-packages/builtin_interfaces/builtin_interfaces_s__rosidl_typesupport_c.cpython-310-x86_64-linux-gnu.so" to ""
[3.602s] -- Installing: /home/uwr/microROS_AUV/install/builtin_interfaces/lib/libbuiltin_interfaces__rosidl_generator_py.so
[3.602s] -- Set runtime path of "/home/uwr/microROS_AUV/install/builtin_interfaces/lib/libbuiltin_interfaces__rosidl_generator_py.so" to ""
[3.603s] -- Up-to-date: /home/uwr/microROS_AUV/install/builtin_interfaces/share/builtin_interfaces/msg/Duration.idl
[3.603s] -- Up-to-date: /home/uwr/microROS_AUV/install/builtin_interfaces/share/builtin_interfaces/msg/Time.idl
[3.603s] -- Up-to-date: /home/uwr/microROS_AUV/install/builtin_interfaces/share/builtin_interfaces/msg/Duration.msg
[3.603s] -- Up-to-date: /home/uwr/microROS_AUV/install/builtin_interfaces/share/builtin_interfaces/msg/Time.msg
[3.604s] -- Up-to-date: /home/uwr/microROS_AUV/install/builtin_interfaces/share/ament_index/resource_index/package_run_dependencies/builtin_interfaces
[3.604s] -- Installing: /home/uwr/microROS_AUV/install/builtin_interfaces/share/ament_index/resource_index/parent_prefix_path/builtin_interfaces
[3.604s] -- Up-to-date: /home/uwr/microROS_AUV/install/builtin_interfaces/share/builtin_interfaces/environment/ament_prefix_path.sh
[3.604s] -- Installing: /home/uwr/microROS_AUV/install/builtin_interfaces/share/builtin_interfaces/environment/ament_prefix_path.dsv
[3.605s] -- Up-to-date: /home/uwr/microROS_AUV/install/builtin_interfaces/share/builtin_interfaces/environment/path.sh
[3.605s] -- Installing: /home/uwr/microROS_AUV/install/builtin_interfaces/share/builtin_interfaces/environment/path.dsv
[3.605s] -- Up-to-date: /home/uwr/microROS_AUV/install/builtin_interfaces/share/builtin_interfaces/local_setup.bash
[3.605s] -- Up-to-date: /home/uwr/microROS_AUV/install/builtin_interfaces/share/builtin_interfaces/local_setup.sh
[3.606s] -- Up-to-date: /home/uwr/microROS_AUV/install/builtin_interfaces/share/builtin_interfaces/local_setup.zsh
[3.606s] -- Installing: /home/uwr/microROS_AUV/install/builtin_interfaces/share/builtin_interfaces/local_setup.dsv
[3.606s] -- Installing: /home/uwr/microROS_AUV/install/builtin_interfaces/share/builtin_interfaces/package.dsv
[3.606s] -- Up-to-date: /home/uwr/microROS_AUV/install/builtin_interfaces/share/ament_index/resource_index/packages/builtin_interfaces
[3.606s] -- Up-to-date: /home/uwr/microROS_AUV/install/builtin_interfaces/share/builtin_interfaces/cmake/export_builtin_interfaces__rosidl_generator_cExport.cmake
[3.606s] -- Up-to-date: /home/uwr/microROS_AUV/install/builtin_interfaces/share/builtin_interfaces/cmake/export_builtin_interfaces__rosidl_generator_cExport-noconfig.cmake
[3.607s] -- Up-to-date: /home/uwr/microROS_AUV/install/builtin_interfaces/share/builtin_interfaces/cmake/export_builtin_interfaces__rosidl_typesupport_fastrtps_cExport.cmake
[3.607s] -- Up-to-date: /home/uwr/microROS_AUV/install/builtin_interfaces/share/builtin_interfaces/cmake/export_builtin_interfaces__rosidl_typesupport_fastrtps_cExport-noconfig.cmake
[3.607s] -- Up-to-date: /home/uwr/microROS_AUV/install/builtin_interfaces/share/builtin_interfaces/cmake/builtin_interfaces__rosidl_typesupport_introspection_cExport.cmake
[3.607s] -- Up-to-date: /home/uwr/microROS_AUV/install/builtin_interfaces/share/builtin_interfaces/cmake/builtin_interfaces__rosidl_typesupport_introspection_cExport-noconfig.cmake
[3.607s] -- Up-to-date: /home/uwr/microROS_AUV/install/builtin_interfaces/share/builtin_interfaces/cmake/builtin_interfaces__rosidl_typesupport_cExport.cmake
[3.607s] -- Up-to-date: /home/uwr/microROS_AUV/install/builtin_interfaces/share/builtin_interfaces/cmake/builtin_interfaces__rosidl_typesupport_cExport-noconfig.cmake
[3.607s] -- Up-to-date: /home/uwr/microROS_AUV/install/builtin_interfaces/share/builtin_interfaces/cmake/export_builtin_interfaces__rosidl_generator_cppExport.cmake
[3.608s] -- Up-to-date: /home/uwr/microROS_AUV/install/builtin_interfaces/share/builtin_interfaces/cmake/export_builtin_interfaces__rosidl_typesupport_fastrtps_cppExport.cmake
[3.608s] -- Up-to-date: /home/uwr/microROS_AUV/install/builtin_interfaces/share/builtin_interfaces/cmake/export_builtin_interfaces__rosidl_typesupport_fastrtps_cppExport-noconfig.cmake
[3.608s] -- Up-to-date: /home/uwr/microROS_AUV/install/builtin_interfaces/share/builtin_interfaces/cmake/builtin_interfaces__rosidl_typesupport_introspection_cppExport.cmake
[3.608s] -- Up-to-date: /home/uwr/microROS_AUV/install/builtin_interfaces/share/builtin_interfaces/cmake/builtin_interfaces__rosidl_typesupport_introspection_cppExport-noconfig.cmake
[3.608s] -- Up-to-date: /home/uwr/microROS_AUV/install/builtin_interfaces/share/builtin_interfaces/cmake/builtin_interfaces__rosidl_typesupport_cppExport.cmake
[3.608s] -- Up-to-date: /home/uwr/microROS_AUV/install/builtin_interfaces/share/builtin_interfaces/cmake/builtin_interfaces__rosidl_typesupport_cppExport-noconfig.cmake
[3.609s] -- Up-to-date: /home/uwr/microROS_AUV/install/builtin_interfaces/share/builtin_interfaces/cmake/export_builtin_interfaces__rosidl_generator_pyExport.cmake
[3.609s] -- Up-to-date: /home/uwr/microROS_AUV/install/builtin_interfaces/share/builtin_interfaces/cmake/export_builtin_interfaces__rosidl_generator_pyExport-noconfig.cmake
[3.609s] -- Up-to-date: /home/uwr/microROS_AUV/install/builtin_interfaces/share/builtin_interfaces/cmake/rosidl_cmake-extras.cmake
[3.609s] -- Installing: /home/uwr/microROS_AUV/install/builtin_interfaces/share/builtin_interfaces/cmake/ament_cmake_export_include_directories-extras.cmake
[3.609s] -- Up-to-date: /home/uwr/microROS_AUV/install/builtin_interfaces/share/builtin_interfaces/cmake/ament_cmake_export_libraries-extras.cmake
[3.609s] -- Up-to-date: /home/uwr/microROS_AUV/install/builtin_interfaces/share/builtin_interfaces/cmake/ament_cmake_export_targets-extras.cmake
[3.609s] -- Up-to-date: /home/uwr/microROS_AUV/install/builtin_interfaces/share/builtin_interfaces/cmake/rosidl_cmake_export_typesupport_targets-extras.cmake
[3.609s] -- Up-to-date: /home/uwr/microROS_AUV/install/builtin_interfaces/share/builtin_interfaces/cmake/ament_cmake_export_dependencies-extras.cmake
[3.610s] -- Installing: /home/uwr/microROS_AUV/install/builtin_interfaces/share/builtin_interfaces/cmake/rosidl_cmake_export_typesupport_libraries-extras.cmake
[3.610s] -- Up-to-date: /home/uwr/microROS_AUV/install/builtin_interfaces/share/builtin_interfaces/cmake/builtin_interfacesConfig.cmake
[3.610s] -- Up-to-date: /home/uwr/microROS_AUV/install/builtin_interfaces/share/builtin_interfaces/cmake/builtin_interfacesConfig-version.cmake
[3.610s] -- Up-to-date: /home/uwr/microROS_AUV/install/builtin_interfaces/share/builtin_interfaces/package.xml
[3.612s] Invoked command in '/home/uwr/microROS_AUV/build/builtin_interfaces' returned '0': CMAKE_PREFIX_PATH=${CMAKE_PREFIX_PATH}:/home/uwr/microROS_AUV/install/control_pkg:/home/uwr/Desktop/2024_UWR/install/sonar_subs:/opt/ros/humble /usr/bin/cmake --install /home/uwr/microROS_AUV/build/builtin_interfaces
