[0.217s] Invoking command in '/home/saab/Desktop/microROS_AUV/build/custom_interfaces': CMAKE_PREFIX_PATH=${CMAKE_PREFIX_PATH}:/home/saab/Desktop/2024_UWR/install/sonar_subs:/opt/ros/humble /usr/bin/cmake /home/saab/Desktop/microROS_AUV/src/custom_interfaces -DCMAKE_INSTALL_PREFIX=/home/saab/Desktop/microROS_AUV/install/custom_interfaces
[0.228s] -- Found ament_cmake: 1.3.12 (/opt/ros/humble/share/ament_cmake/cmake)
[0.317s] -- Override CMake install command with custom implementation using symlinks instead of copying resources
[0.323s] -- Found rosidl_default_generators: 1.2.0 (/opt/ros/humble/share/rosidl_default_generators/cmake)
[0.326s] -- Using all available rosidl_typesupport_c: rosidl_typesupport_fastrtps_c;rosidl_typesupport_introspection_c
[0.328s] -- Found rosidl_adapter: 3.1.7 (/opt/ros/humble/share/rosidl_adapter/cmake)
[0.349s] -- Using all available rosidl_typesupport_cpp: rosidl_typesupport_fastrtps_cpp;rosidl_typesupport_introspection_cpp
[0.365s] -- Found ament_lint_auto: 0.12.14 (/opt/ros/humble/share/ament_lint_auto/cmake)
[0.561s] -- Found ament_cmake_ros: 0.10.0 (/opt/ros/humble/share/ament_cmake_ros/cmake)
[0.721s] -- Using all available rosidl_typesupport_c: rosidl_typesupport_fastrtps_c;rosidl_typesupport_introspection_c
[0.914s] -- Using all available rosidl_typesupport_cpp: rosidl_typesupport_fastrtps_cpp;rosidl_typesupport_introspection_cpp
[0.932s] -- Found python_cmake_module: 0.10.0 (/opt/ros/humble/share/python_cmake_module/cmake)
[0.952s] -- Using PYTHON_EXECUTABLE: /usr/bin/python3
[0.952s] -- Using PYTHON_INCLUDE_DIRS: /usr/include/python3.10
[0.952s] -- Using PYTHON_LIBRARIES: /usr/lib/x86_64-linux-gnu/libpython3.10.so
[0.969s] -- Added test 'lint_cmake' to check CMake code style
[0.969s] -- Added test 'xmllint' to check XML markup files
[0.977s] -- Configuring done
[1.024s] -- Generating done
[1.031s] -- Build files have been written to: /home/saab/Desktop/microROS_AUV/build/custom_interfaces
[1.037s] Invoked command in '/home/saab/Desktop/microROS_AUV/build/custom_interfaces' returned '0': CMAKE_PREFIX_PATH=${CMAKE_PREFIX_PATH}:/home/saab/Desktop/2024_UWR/install/sonar_subs:/opt/ros/humble /usr/bin/cmake /home/saab/Desktop/microROS_AUV/src/custom_interfaces -DCMAKE_INSTALL_PREFIX=/home/saab/Desktop/microROS_AUV/install/custom_interfaces
[1.038s] Invoking command in '/home/saab/Desktop/microROS_AUV/build/custom_interfaces': CMAKE_PREFIX_PATH=${CMAKE_PREFIX_PATH}:/home/saab/Desktop/2024_UWR/install/sonar_subs:/opt/ros/humble /usr/bin/cmake --build /home/saab/Desktop/microROS_AUV/build/custom_interfaces -- -j24 -l24
[1.069s] [35m[1mConsolidate compiler generated dependencies of target custom_interfaces__rosidl_generator_c[0m
[1.076s] [  2%] Built target custom_interfaces__cpp
[1.077s] [ 12%] Built target custom_interfaces__rosidl_generator_c
[1.083s] [ 12%] Built target ament_cmake_python_symlink_custom_interfaces
[1.085s] [35m[1mConsolidate compiler generated dependencies of target custom_interfaces__rosidl_typesupport_cpp[0m
[1.085s] [35m[1mConsolidate compiler generated dependencies of target custom_interfaces__rosidl_typesupport_introspection_cpp[0m
[1.085s] [35m[1mConsolidate compiler generated dependencies of target custom_interfaces__rosidl_typesupport_c[0m
[1.085s] [35m[1mConsolidate compiler generated dependencies of target custom_interfaces__rosidl_typesupport_introspection_c[0m
[1.085s] [35m[1mConsolidate compiler generated dependencies of target custom_interfaces__rosidl_typesupport_fastrtps_c[0m
[1.087s] [35m[1mConsolidate compiler generated dependencies of target custom_interfaces__rosidl_typesupport_fastrtps_cpp[0m
[1.093s] [ 23%] Built target custom_interfaces__rosidl_typesupport_c
[1.093s] [ 33%] Built target custom_interfaces__rosidl_typesupport_introspection_c
[1.095s] [ 53%] Built target custom_interfaces__rosidl_typesupport_cpp
[1.095s] [ 53%] Built target custom_interfaces__rosidl_typesupport_fastrtps_c
[1.095s] [ 64%] Built target custom_interfaces__rosidl_typesupport_introspection_cpp
[1.097s] [ 74%] Built target custom_interfaces__rosidl_typesupport_fastrtps_cpp
[1.111s] [ 74%] Built target custom_interfaces
[1.125s] [ 76%] Built target custom_interfaces__py
[1.133s] [35m[1mConsolidate compiler generated dependencies of target custom_interfaces__rosidl_generator_py[0m
[1.143s] [ 84%] Built target custom_interfaces__rosidl_generator_py
[1.151s] [35m[1mConsolidate compiler generated dependencies of target custom_interfaces__rosidl_typesupport_fastrtps_c__pyext[0m
[1.151s] [35m[1mConsolidate compiler generated dependencies of target custom_interfaces__rosidl_typesupport_introspection_c__pyext[0m
[1.151s] [35m[1mConsolidate compiler generated dependencies of target custom_interfaces__rosidl_typesupport_c__pyext[0m
[1.160s] [ 94%] Built target custom_interfaces__rosidl_typesupport_fastrtps_c__pyext
[1.160s] [ 94%] Built target custom_interfaces__rosidl_typesupport_c__pyext
[1.160s] [100%] Built target custom_interfaces__rosidl_typesupport_introspection_c__pyext
[1.272s] running egg_info
[1.272s] writing custom_interfaces.egg-info/PKG-INFO
[1.273s] writing dependency_links to custom_interfaces.egg-info/dependency_links.txt
[1.273s] writing top-level names to custom_interfaces.egg-info/top_level.txt
[1.277s] reading manifest file 'custom_interfaces.egg-info/SOURCES.txt'
[1.278s] writing manifest file 'custom_interfaces.egg-info/SOURCES.txt'
[1.296s] [100%] Built target ament_cmake_python_build_custom_interfaces_egg
[1.308s] Invoked command in '/home/saab/Desktop/microROS_AUV/build/custom_interfaces' returned '0': CMAKE_PREFIX_PATH=${CMAKE_PREFIX_PATH}:/home/saab/Desktop/2024_UWR/install/sonar_subs:/opt/ros/humble /usr/bin/cmake --build /home/saab/Desktop/microROS_AUV/build/custom_interfaces -- -j24 -l24
[1.310s] Invoking command in '/home/saab/Desktop/microROS_AUV/build/custom_interfaces': CMAKE_PREFIX_PATH=${CMAKE_PREFIX_PATH}:/home/saab/Desktop/2024_UWR/install/sonar_subs:/opt/ros/humble /usr/bin/cmake --install /home/saab/Desktop/microROS_AUV/build/custom_interfaces
[1.317s] -- Install configuration: ""
[1.318s] -- Execute custom install script
[1.319s] -- Up-to-date symlink: /home/saab/Desktop/microROS_AUV/install/custom_interfaces/share/ament_index/resource_index/rosidl_interfaces/custom_interfaces
[1.321s] -- Up-to-date symlink: /home/saab/Desktop/microROS_AUV/install/custom_interfaces/include/custom_interfaces/custom_interfaces/msg/detail/thrusters_states__functions.h
[1.321s] -- Up-to-date symlink: /home/saab/Desktop/microROS_AUV/install/custom_interfaces/include/custom_interfaces/custom_interfaces/msg/detail/thrusters_states__struct.h
[1.321s] -- Up-to-date symlink: /home/saab/Desktop/microROS_AUV/install/custom_interfaces/include/custom_interfaces/custom_interfaces/msg/detail/thrusters_states__type_support.h
[1.322s] -- Up-to-date symlink: /home/saab/Desktop/microROS_AUV/install/custom_interfaces/include/custom_interfaces/custom_interfaces/msg/rosidl_generator_c__visibility_control.h
[1.322s] -- Up-to-date symlink: /home/saab/Desktop/microROS_AUV/install/custom_interfaces/include/custom_interfaces/custom_interfaces/msg/thrusters_states.h
[1.323s] -- Up-to-date symlink: /home/saab/Desktop/microROS_AUV/install/custom_interfaces/include/custom_interfaces/custom_interfaces/srv/detail/variable_activate__functions.h
[1.323s] -- Up-to-date symlink: /home/saab/Desktop/microROS_AUV/install/custom_interfaces/include/custom_interfaces/custom_interfaces/srv/detail/variable_activate__struct.h
[1.323s] -- Up-to-date symlink: /home/saab/Desktop/microROS_AUV/install/custom_interfaces/include/custom_interfaces/custom_interfaces/srv/detail/variable_activate__type_support.h
[1.324s] -- Up-to-date symlink: /home/saab/Desktop/microROS_AUV/install/custom_interfaces/include/custom_interfaces/custom_interfaces/srv/variable_activate.h
[1.324s] -- Up-to-date symlink: /home/saab/Desktop/microROS_AUV/install/custom_interfaces/share/custom_interfaces/environment/library_path.sh
[1.325s] -- Up-to-date symlink: /home/saab/Desktop/microROS_AUV/install/custom_interfaces/share/custom_interfaces/environment/library_path.dsv
[1.325s] -- Up-to-date symlink: /home/saab/Desktop/microROS_AUV/install/custom_interfaces/include/custom_interfaces/custom_interfaces/msg/detail/thrusters_states__rosidl_typesupport_fastrtps_c.h
[1.326s] -- Up-to-date symlink: /home/saab/Desktop/microROS_AUV/install/custom_interfaces/include/custom_interfaces/custom_interfaces/msg/rosidl_typesupport_fastrtps_c__visibility_control.h
[1.326s] -- Up-to-date symlink: /home/saab/Desktop/microROS_AUV/install/custom_interfaces/include/custom_interfaces/custom_interfaces/srv/detail/variable_activate__rosidl_typesupport_fastrtps_c.h
[1.327s] -- Up-to-date symlink: /home/saab/Desktop/microROS_AUV/install/custom_interfaces/include/custom_interfaces/custom_interfaces/msg/detail/thrusters_states__rosidl_typesupport_introspection_c.h
[1.327s] -- Up-to-date symlink: /home/saab/Desktop/microROS_AUV/install/custom_interfaces/include/custom_interfaces/custom_interfaces/msg/rosidl_typesupport_introspection_c__visibility_control.h
[1.327s] -- Up-to-date symlink: /home/saab/Desktop/microROS_AUV/install/custom_interfaces/include/custom_interfaces/custom_interfaces/srv/detail/variable_activate__rosidl_typesupport_introspection_c.h
[1.328s] -- Up-to-date symlink: /home/saab/Desktop/microROS_AUV/install/custom_interfaces/include/custom_interfaces/custom_interfaces/msg/detail/thrusters_states__builder.hpp
[1.328s] -- Up-to-date symlink: /home/saab/Desktop/microROS_AUV/install/custom_interfaces/include/custom_interfaces/custom_interfaces/msg/detail/thrusters_states__struct.hpp
[1.328s] -- Up-to-date symlink: /home/saab/Desktop/microROS_AUV/install/custom_interfaces/include/custom_interfaces/custom_interfaces/msg/detail/thrusters_states__traits.hpp
[1.329s] -- Up-to-date symlink: /home/saab/Desktop/microROS_AUV/install/custom_interfaces/include/custom_interfaces/custom_interfaces/msg/detail/thrusters_states__type_support.hpp
[1.329s] -- Up-to-date symlink: /home/saab/Desktop/microROS_AUV/install/custom_interfaces/include/custom_interfaces/custom_interfaces/msg/rosidl_generator_cpp__visibility_control.hpp
[1.329s] -- Up-to-date symlink: /home/saab/Desktop/microROS_AUV/install/custom_interfaces/include/custom_interfaces/custom_interfaces/msg/thrusters_states.hpp
[1.330s] -- Up-to-date symlink: /home/saab/Desktop/microROS_AUV/install/custom_interfaces/include/custom_interfaces/custom_interfaces/srv/detail/variable_activate__builder.hpp
[1.330s] -- Up-to-date symlink: /home/saab/Desktop/microROS_AUV/install/custom_interfaces/include/custom_interfaces/custom_interfaces/srv/detail/variable_activate__struct.hpp
[1.330s] -- Up-to-date symlink: /home/saab/Desktop/microROS_AUV/install/custom_interfaces/include/custom_interfaces/custom_interfaces/srv/detail/variable_activate__traits.hpp
[1.331s] -- Up-to-date symlink: /home/saab/Desktop/microROS_AUV/install/custom_interfaces/include/custom_interfaces/custom_interfaces/srv/detail/variable_activate__type_support.hpp
[1.331s] -- Up-to-date symlink: /home/saab/Desktop/microROS_AUV/install/custom_interfaces/include/custom_interfaces/custom_interfaces/srv/variable_activate.hpp
[1.331s] -- Up-to-date symlink: /home/saab/Desktop/microROS_AUV/install/custom_interfaces/include/custom_interfaces/custom_interfaces/msg/detail/thrusters_states__rosidl_typesupport_fastrtps_cpp.hpp
[1.332s] -- Up-to-date symlink: /home/saab/Desktop/microROS_AUV/install/custom_interfaces/include/custom_interfaces/custom_interfaces/msg/rosidl_typesupport_fastrtps_cpp__visibility_control.h
[1.332s] -- Up-to-date symlink: /home/saab/Desktop/microROS_AUV/install/custom_interfaces/include/custom_interfaces/custom_interfaces/srv/detail/variable_activate__rosidl_typesupport_fastrtps_cpp.hpp
[1.332s] -- Up-to-date symlink: /home/saab/Desktop/microROS_AUV/install/custom_interfaces/include/custom_interfaces/custom_interfaces/msg/detail/thrusters_states__rosidl_typesupport_introspection_cpp.hpp
[1.332s] -- Up-to-date symlink: /home/saab/Desktop/microROS_AUV/install/custom_interfaces/include/custom_interfaces/custom_interfaces/srv/detail/variable_activate__rosidl_typesupport_introspection_cpp.hpp
[1.333s] -- Up-to-date symlink: /home/saab/Desktop/microROS_AUV/install/custom_interfaces/share/custom_interfaces/environment/pythonpath.sh
[1.333s] -- Up-to-date symlink: /home/saab/Desktop/microROS_AUV/install/custom_interfaces/share/custom_interfaces/environment/pythonpath.dsv
[1.335s] -- Up-to-date symlink: /home/saab/Desktop/microROS_AUV/install/custom_interfaces/local/lib/python3.10/dist-packages/custom_interfaces-0.0.0-py3.10.egg-info/PKG-INFO
[1.335s] -- Up-to-date symlink: /home/saab/Desktop/microROS_AUV/install/custom_interfaces/local/lib/python3.10/dist-packages/custom_interfaces-0.0.0-py3.10.egg-info/SOURCES.txt
[1.335s] -- Up-to-date symlink: /home/saab/Desktop/microROS_AUV/install/custom_interfaces/local/lib/python3.10/dist-packages/custom_interfaces-0.0.0-py3.10.egg-info/dependency_links.txt
[1.335s] -- Up-to-date symlink: /home/saab/Desktop/microROS_AUV/install/custom_interfaces/local/lib/python3.10/dist-packages/custom_interfaces-0.0.0-py3.10.egg-info/top_level.txt
[1.336s] -- Up-to-date symlink: /home/saab/Desktop/microROS_AUV/install/custom_interfaces/local/lib/python3.10/dist-packages/custom_interfaces/__init__.py
[1.336s] -- Up-to-date symlink: /home/saab/Desktop/microROS_AUV/install/custom_interfaces/local/lib/python3.10/dist-packages/custom_interfaces/_custom_interfaces_s.ep.rosidl_typesupport_c.c
[1.336s] -- Up-to-date symlink: /home/saab/Desktop/microROS_AUV/install/custom_interfaces/local/lib/python3.10/dist-packages/custom_interfaces/_custom_interfaces_s.ep.rosidl_typesupport_fastrtps_c.c
[1.336s] -- Up-to-date symlink: /home/saab/Desktop/microROS_AUV/install/custom_interfaces/local/lib/python3.10/dist-packages/custom_interfaces/_custom_interfaces_s.ep.rosidl_typesupport_introspection_c.c
[1.336s] -- Up-to-date symlink: /home/saab/Desktop/microROS_AUV/install/custom_interfaces/local/lib/python3.10/dist-packages/custom_interfaces/custom_interfaces_s__rosidl_typesupport_c.cpython-310-x86_64-linux-gnu.so
[1.337s] -- Up-to-date symlink: /home/saab/Desktop/microROS_AUV/install/custom_interfaces/local/lib/python3.10/dist-packages/custom_interfaces/custom_interfaces_s__rosidl_typesupport_fastrtps_c.cpython-310-x86_64-linux-gnu.so
[1.337s] -- Up-to-date symlink: /home/saab/Desktop/microROS_AUV/install/custom_interfaces/local/lib/python3.10/dist-packages/custom_interfaces/custom_interfaces_s__rosidl_typesupport_introspection_c.cpython-310-x86_64-linux-gnu.so
[1.337s] -- Up-to-date symlink: /home/saab/Desktop/microROS_AUV/install/custom_interfaces/local/lib/python3.10/dist-packages/custom_interfaces/libcustom_interfaces__rosidl_generator_py.so
[1.337s] -- Up-to-date symlink: /home/saab/Desktop/microROS_AUV/install/custom_interfaces/local/lib/python3.10/dist-packages/custom_interfaces/msg/__init__.py
[1.337s] -- Up-to-date symlink: /home/saab/Desktop/microROS_AUV/install/custom_interfaces/local/lib/python3.10/dist-packages/custom_interfaces/msg/_thrusters_states.py
[1.337s] -- Up-to-date symlink: /home/saab/Desktop/microROS_AUV/install/custom_interfaces/local/lib/python3.10/dist-packages/custom_interfaces/msg/_thrusters_states_s.c
[1.337s] -- Up-to-date symlink: /home/saab/Desktop/microROS_AUV/install/custom_interfaces/local/lib/python3.10/dist-packages/custom_interfaces/srv/__init__.py
[1.337s] -- Up-to-date symlink: /home/saab/Desktop/microROS_AUV/install/custom_interfaces/local/lib/python3.10/dist-packages/custom_interfaces/srv/_variable_activate.py
[1.338s] -- Up-to-date symlink: /home/saab/Desktop/microROS_AUV/install/custom_interfaces/local/lib/python3.10/dist-packages/custom_interfaces/srv/_variable_activate_s.c
[1.338s] -- Up-to-date symlink: /home/saab/Desktop/microROS_AUV/install/custom_interfaces/local/lib/python3.10/dist-packages/custom_interfaces/custom_interfaces_s__rosidl_typesupport_fastrtps_c.cpython-310-x86_64-linux-gnu.so
[1.338s] -- Up-to-date symlink: /home/saab/Desktop/microROS_AUV/install/custom_interfaces/local/lib/python3.10/dist-packages/custom_interfaces/custom_interfaces_s__rosidl_typesupport_introspection_c.cpython-310-x86_64-linux-gnu.so
[1.338s] -- Up-to-date symlink: /home/saab/Desktop/microROS_AUV/install/custom_interfaces/local/lib/python3.10/dist-packages/custom_interfaces/custom_interfaces_s__rosidl_typesupport_c.cpython-310-x86_64-linux-gnu.so
[1.338s] -- Up-to-date symlink: /home/saab/Desktop/microROS_AUV/install/custom_interfaces/share/custom_interfaces/msg/ThrustersStates.idl
[1.339s] -- Up-to-date symlink: /home/saab/Desktop/microROS_AUV/install/custom_interfaces/share/custom_interfaces/srv/VariableActivate.idl
[1.339s] -- Up-to-date symlink: /home/saab/Desktop/microROS_AUV/install/custom_interfaces/share/custom_interfaces/msg/ThrustersStates.msg
[1.339s] -- Up-to-date symlink: /home/saab/Desktop/microROS_AUV/install/custom_interfaces/share/custom_interfaces/srv/VariableActivate.srv
[1.340s] -- Up-to-date symlink: /home/saab/Desktop/microROS_AUV/install/custom_interfaces/share/custom_interfaces/srv/VariableActivate_Request.msg
[1.340s] -- Up-to-date symlink: /home/saab/Desktop/microROS_AUV/install/custom_interfaces/share/custom_interfaces/srv/VariableActivate_Response.msg
[1.341s] -- Up-to-date symlink: /home/saab/Desktop/microROS_AUV/install/custom_interfaces/share/ament_index/resource_index/package_run_dependencies/custom_interfaces
[1.341s] -- Up-to-date symlink: /home/saab/Desktop/microROS_AUV/install/custom_interfaces/share/ament_index/resource_index/parent_prefix_path/custom_interfaces
[1.341s] -- Up-to-date symlink: /home/saab/Desktop/microROS_AUV/install/custom_interfaces/share/custom_interfaces/environment/ament_prefix_path.sh
[1.342s] -- Up-to-date symlink: /home/saab/Desktop/microROS_AUV/install/custom_interfaces/share/custom_interfaces/environment/ament_prefix_path.dsv
[1.342s] -- Up-to-date symlink: /home/saab/Desktop/microROS_AUV/install/custom_interfaces/share/custom_interfaces/environment/path.sh
[1.343s] -- Up-to-date symlink: /home/saab/Desktop/microROS_AUV/install/custom_interfaces/share/custom_interfaces/environment/path.dsv
[1.343s] -- Up-to-date symlink: /home/saab/Desktop/microROS_AUV/install/custom_interfaces/share/custom_interfaces/local_setup.bash
[1.343s] -- Up-to-date symlink: /home/saab/Desktop/microROS_AUV/install/custom_interfaces/share/custom_interfaces/local_setup.sh
[1.344s] -- Up-to-date symlink: /home/saab/Desktop/microROS_AUV/install/custom_interfaces/share/custom_interfaces/local_setup.zsh
[1.344s] -- Up-to-date symlink: /home/saab/Desktop/microROS_AUV/install/custom_interfaces/share/custom_interfaces/local_setup.dsv
[1.344s] -- Symlinking: /home/saab/Desktop/microROS_AUV/install/custom_interfaces/share/custom_interfaces/package.dsv
[1.352s] -- Up-to-date symlink: /home/saab/Desktop/microROS_AUV/install/custom_interfaces/share/ament_index/resource_index/packages/custom_interfaces
[1.352s] -- Up-to-date symlink: /home/saab/Desktop/microROS_AUV/install/custom_interfaces/share/custom_interfaces/cmake/rosidl_cmake-extras.cmake
[1.353s] -- Up-to-date symlink: /home/saab/Desktop/microROS_AUV/install/custom_interfaces/share/custom_interfaces/cmake/ament_cmake_export_include_directories-extras.cmake
[1.353s] -- Up-to-date symlink: /home/saab/Desktop/microROS_AUV/install/custom_interfaces/share/custom_interfaces/cmake/ament_cmake_export_libraries-extras.cmake
[1.353s] -- Up-to-date symlink: /home/saab/Desktop/microROS_AUV/install/custom_interfaces/share/custom_interfaces/cmake/ament_cmake_export_targets-extras.cmake
[1.354s] -- Up-to-date symlink: /home/saab/Desktop/microROS_AUV/install/custom_interfaces/share/custom_interfaces/cmake/rosidl_cmake_export_typesupport_targets-extras.cmake
[1.354s] -- Up-to-date symlink: /home/saab/Desktop/microROS_AUV/install/custom_interfaces/share/custom_interfaces/cmake/ament_cmake_export_dependencies-extras.cmake
[1.355s] -- Up-to-date symlink: /home/saab/Desktop/microROS_AUV/install/custom_interfaces/share/custom_interfaces/cmake/rosidl_cmake_export_typesupport_libraries-extras.cmake
[1.355s] -- Up-to-date symlink: /home/saab/Desktop/microROS_AUV/install/custom_interfaces/share/custom_interfaces/cmake/custom_interfacesConfig.cmake
[1.355s] -- Up-to-date symlink: /home/saab/Desktop/microROS_AUV/install/custom_interfaces/share/custom_interfaces/cmake/custom_interfacesConfig-version.cmake
[1.355s] -- Up-to-date symlink: /home/saab/Desktop/microROS_AUV/install/custom_interfaces/share/custom_interfaces/package.xml
[1.356s] -- Up-to-date: /home/saab/Desktop/microROS_AUV/install/custom_interfaces/lib/libcustom_interfaces__rosidl_generator_c.so
[1.356s] -- Up-to-date: /home/saab/Desktop/microROS_AUV/install/custom_interfaces/lib/libcustom_interfaces__rosidl_typesupport_fastrtps_c.so
[1.357s] -- Up-to-date: /home/saab/Desktop/microROS_AUV/install/custom_interfaces/lib/libcustom_interfaces__rosidl_typesupport_introspection_c.so
[1.357s] -- Up-to-date: /home/saab/Desktop/microROS_AUV/install/custom_interfaces/lib/libcustom_interfaces__rosidl_typesupport_c.so
[1.358s] -- Up-to-date: /home/saab/Desktop/microROS_AUV/install/custom_interfaces/lib/libcustom_interfaces__rosidl_typesupport_fastrtps_cpp.so
[1.359s] -- Up-to-date: /home/saab/Desktop/microROS_AUV/install/custom_interfaces/lib/libcustom_interfaces__rosidl_typesupport_introspection_cpp.so
[1.359s] -- Up-to-date: /home/saab/Desktop/microROS_AUV/install/custom_interfaces/lib/libcustom_interfaces__rosidl_typesupport_cpp.so
[1.391s] Listing '/home/saab/Desktop/microROS_AUV/install/custom_interfaces/local/lib/python3.10/dist-packages/custom_interfaces'...
[1.391s] Compiling '/home/saab/Desktop/microROS_AUV/install/custom_interfaces/local/lib/python3.10/dist-packages/custom_interfaces/__init__.py'...
[1.391s] Listing '/home/saab/Desktop/microROS_AUV/install/custom_interfaces/local/lib/python3.10/dist-packages/custom_interfaces/msg'...
[1.391s] Listing '/home/saab/Desktop/microROS_AUV/install/custom_interfaces/local/lib/python3.10/dist-packages/custom_interfaces/srv'...
[1.394s] -- Up-to-date: /home/saab/Desktop/microROS_AUV/install/custom_interfaces/lib/libcustom_interfaces__rosidl_generator_py.so
[1.395s] -- Up-to-date: /home/saab/Desktop/microROS_AUV/install/custom_interfaces/share/custom_interfaces/cmake/export_custom_interfaces__rosidl_generator_cExport.cmake
[1.395s] -- Up-to-date: /home/saab/Desktop/microROS_AUV/install/custom_interfaces/share/custom_interfaces/cmake/export_custom_interfaces__rosidl_generator_cExport-noconfig.cmake
[1.395s] -- Up-to-date: /home/saab/Desktop/microROS_AUV/install/custom_interfaces/share/custom_interfaces/cmake/export_custom_interfaces__rosidl_typesupport_fastrtps_cExport.cmake
[1.395s] -- Up-to-date: /home/saab/Desktop/microROS_AUV/install/custom_interfaces/share/custom_interfaces/cmake/export_custom_interfaces__rosidl_typesupport_fastrtps_cExport-noconfig.cmake
[1.396s] -- Up-to-date: /home/saab/Desktop/microROS_AUV/install/custom_interfaces/share/custom_interfaces/cmake/custom_interfaces__rosidl_typesupport_introspection_cExport.cmake
[1.396s] -- Up-to-date: /home/saab/Desktop/microROS_AUV/install/custom_interfaces/share/custom_interfaces/cmake/custom_interfaces__rosidl_typesupport_introspection_cExport-noconfig.cmake
[1.396s] -- Up-to-date: /home/saab/Desktop/microROS_AUV/install/custom_interfaces/share/custom_interfaces/cmake/custom_interfaces__rosidl_typesupport_cExport.cmake
[1.396s] -- Up-to-date: /home/saab/Desktop/microROS_AUV/install/custom_interfaces/share/custom_interfaces/cmake/custom_interfaces__rosidl_typesupport_cExport-noconfig.cmake
[1.396s] -- Up-to-date: /home/saab/Desktop/microROS_AUV/install/custom_interfaces/share/custom_interfaces/cmake/export_custom_interfaces__rosidl_generator_cppExport.cmake
[1.397s] -- Up-to-date: /home/saab/Desktop/microROS_AUV/install/custom_interfaces/share/custom_interfaces/cmake/export_custom_interfaces__rosidl_typesupport_fastrtps_cppExport.cmake
[1.397s] -- Up-to-date: /home/saab/Desktop/microROS_AUV/install/custom_interfaces/share/custom_interfaces/cmake/export_custom_interfaces__rosidl_typesupport_fastrtps_cppExport-noconfig.cmake
[1.397s] -- Up-to-date: /home/saab/Desktop/microROS_AUV/install/custom_interfaces/share/custom_interfaces/cmake/custom_interfaces__rosidl_typesupport_introspection_cppExport.cmake
[1.397s] -- Up-to-date: /home/saab/Desktop/microROS_AUV/install/custom_interfaces/share/custom_interfaces/cmake/custom_interfaces__rosidl_typesupport_introspection_cppExport-noconfig.cmake
[1.397s] -- Up-to-date: /home/saab/Desktop/microROS_AUV/install/custom_interfaces/share/custom_interfaces/cmake/custom_interfaces__rosidl_typesupport_cppExport.cmake
[1.397s] -- Up-to-date: /home/saab/Desktop/microROS_AUV/install/custom_interfaces/share/custom_interfaces/cmake/custom_interfaces__rosidl_typesupport_cppExport-noconfig.cmake
[1.397s] -- Up-to-date: /home/saab/Desktop/microROS_AUV/install/custom_interfaces/share/custom_interfaces/cmake/export_custom_interfaces__rosidl_generator_pyExport.cmake
[1.397s] -- Up-to-date: /home/saab/Desktop/microROS_AUV/install/custom_interfaces/share/custom_interfaces/cmake/export_custom_interfaces__rosidl_generator_pyExport-noconfig.cmake
[1.399s] Invoked command in '/home/saab/Desktop/microROS_AUV/build/custom_interfaces' returned '0': CMAKE_PREFIX_PATH=${CMAKE_PREFIX_PATH}:/home/saab/Desktop/2024_UWR/install/sonar_subs:/opt/ros/humble /usr/bin/cmake --install /home/saab/Desktop/microROS_AUV/build/custom_interfaces
