[0.071s] Invoking command in '/home/uwr/microROS_AUV/build/micro_ros_msgs': CMAKE_PREFIX_PATH=${CMAKE_PREFIX_PATH}:/home/uwr/microROS_AUV/install/statistics_msgs:/home/uwr/microROS_AUV/install/control_pkg:/home/uwr/Desktop/2024_UWR/install/sonar_subs:/opt/ros/humble /usr/bin/cmake --build /home/uwr/microROS_AUV/build/micro_ros_msgs -- -j8 -l8
[0.290s] [  8%] Built target micro_ros_msgs__rosidl_generator_c
[0.305s] [ 10%] Built target micro_ros_msgs__cpp
[0.435s] [ 10%] Built target ament_cmake_python_copy_micro_ros_msgs
[0.509s] [ 18%] Built target micro_ros_msgs__rosidl_typesupport_microxrcedds_c
[0.528s] [ 27%] Built target micro_ros_msgs__rosidl_typesupport_fastrtps_c
[0.602s] [ 35%] Built target micro_ros_msgs__rosidl_typesupport_microxrcedds_cpp
[0.641s] [ 44%] Built target micro_ros_msgs__rosidl_typesupport_introspection_c
[0.691s] [ 52%] Built target micro_ros_msgs__rosidl_typesupport_fastrtps_cpp
[0.697s] [ 61%] Built target micro_ros_msgs__rosidl_typesupport_c
[0.726s] [ 69%] Built target micro_ros_msgs__rosidl_typesupport_introspection_cpp
[0.756s] [ 77%] Built target micro_ros_msgs__rosidl_typesupport_cpp
[0.908s] [ 77%] Built target micro_ros_msgs
[1.039s] [ 79%] Built target micro_ros_msgs__py
[1.182s] [ 86%] Built target micro_ros_msgs__rosidl_generator_py
[1.380s] [ 89%] Built target micro_ros_msgs__rosidl_typesupport_fastrtps_c__pyext
[1.397s] [ 93%] Built target micro_ros_msgs__rosidl_typesupport_microxrcedds_c__pyext
[1.406s] [ 96%] Built target micro_ros_msgs__rosidl_typesupport_c__pyext
[1.407s] [100%] Built target micro_ros_msgs__rosidl_typesupport_introspection_c__pyext
[1.803s] running egg_info
[1.806s] writing micro_ros_msgs.egg-info/PKG-INFO
[1.806s] writing dependency_links to micro_ros_msgs.egg-info/dependency_links.txt
[1.806s] writing top-level names to micro_ros_msgs.egg-info/top_level.txt
[1.812s] reading manifest file 'micro_ros_msgs.egg-info/SOURCES.txt'
[1.813s] writing manifest file 'micro_ros_msgs.egg-info/SOURCES.txt'
[1.872s] [100%] Built target ament_cmake_python_build_micro_ros_msgs_egg
[1.947s] Invoked command in '/home/uwr/microROS_AUV/build/micro_ros_msgs' returned '0': CMAKE_PREFIX_PATH=${CMAKE_PREFIX_PATH}:/home/uwr/microROS_AUV/install/statistics_msgs:/home/uwr/microROS_AUV/install/control_pkg:/home/uwr/Desktop/2024_UWR/install/sonar_subs:/opt/ros/humble /usr/bin/cmake --build /home/uwr/microROS_AUV/build/micro_ros_msgs -- -j8 -l8
[2.379s] Invoking command in '/home/uwr/microROS_AUV/build/micro_ros_msgs': CMAKE_PREFIX_PATH=${CMAKE_PREFIX_PATH}:/home/uwr/microROS_AUV/install/statistics_msgs:/home/uwr/microROS_AUV/install/control_pkg:/home/uwr/Desktop/2024_UWR/install/sonar_subs:/opt/ros/humble /usr/bin/cmake --install /home/uwr/microROS_AUV/build/micro_ros_msgs
[2.422s] -- Install configuration: ""
[2.422s] -- Up-to-date: /home/uwr/microROS_AUV/install/micro_ros_msgs/share/ament_index/resource_index/rosidl_interfaces/micro_ros_msgs
[2.423s] -- Up-to-date: /home/uwr/microROS_AUV/install/micro_ros_msgs/include/micro_ros_msgs/micro_ros_msgs
[2.427s] -- Up-to-date: /home/uwr/microROS_AUV/install/micro_ros_msgs/include/micro_ros_msgs/micro_ros_msgs/msg
[2.427s] -- Up-to-date: /home/uwr/microROS_AUV/install/micro_ros_msgs/include/micro_ros_msgs/micro_ros_msgs/msg/rosidl_generator_c__visibility_control.h
[2.428s] -- Up-to-date: /home/uwr/microROS_AUV/install/micro_ros_msgs/include/micro_ros_msgs/micro_ros_msgs/msg/node.h
[2.428s] -- Up-to-date: /home/uwr/microROS_AUV/install/micro_ros_msgs/include/micro_ros_msgs/micro_ros_msgs/msg/detail
[2.428s] -- Up-to-date: /home/uwr/microROS_AUV/install/micro_ros_msgs/include/micro_ros_msgs/micro_ros_msgs/msg/detail/entity__functions.h
[2.428s] -- Up-to-date: /home/uwr/microROS_AUV/install/micro_ros_msgs/include/micro_ros_msgs/micro_ros_msgs/msg/detail/graph__struct.h
[2.428s] -- Up-to-date: /home/uwr/microROS_AUV/install/micro_ros_msgs/include/micro_ros_msgs/micro_ros_msgs/msg/detail/graph__functions.c
[2.429s] -- Up-to-date: /home/uwr/microROS_AUV/install/micro_ros_msgs/include/micro_ros_msgs/micro_ros_msgs/msg/detail/node__functions.h
[2.429s] -- Up-to-date: /home/uwr/microROS_AUV/install/micro_ros_msgs/include/micro_ros_msgs/micro_ros_msgs/msg/detail/graph__functions.h
[2.429s] -- Up-to-date: /home/uwr/microROS_AUV/install/micro_ros_msgs/include/micro_ros_msgs/micro_ros_msgs/msg/detail/entity__type_support.h
[2.429s] -- Up-to-date: /home/uwr/microROS_AUV/install/micro_ros_msgs/include/micro_ros_msgs/micro_ros_msgs/msg/detail/graph__type_support.h
[2.429s] -- Up-to-date: /home/uwr/microROS_AUV/install/micro_ros_msgs/include/micro_ros_msgs/micro_ros_msgs/msg/detail/node__functions.c
[2.430s] -- Up-to-date: /home/uwr/microROS_AUV/install/micro_ros_msgs/include/micro_ros_msgs/micro_ros_msgs/msg/detail/entity__functions.c
[2.430s] -- Up-to-date: /home/uwr/microROS_AUV/install/micro_ros_msgs/include/micro_ros_msgs/micro_ros_msgs/msg/detail/entity__struct.h
[2.430s] -- Up-to-date: /home/uwr/microROS_AUV/install/micro_ros_msgs/include/micro_ros_msgs/micro_ros_msgs/msg/detail/node__type_support.h
[2.430s] -- Up-to-date: /home/uwr/microROS_AUV/install/micro_ros_msgs/include/micro_ros_msgs/micro_ros_msgs/msg/detail/node__struct.h
[2.430s] -- Up-to-date: /home/uwr/microROS_AUV/install/micro_ros_msgs/include/micro_ros_msgs/micro_ros_msgs/msg/entity.h
[2.430s] -- Up-to-date: /home/uwr/microROS_AUV/install/micro_ros_msgs/include/micro_ros_msgs/micro_ros_msgs/msg/graph.h
[2.431s] -- Up-to-date: /home/uwr/microROS_AUV/install/micro_ros_msgs/share/micro_ros_msgs/environment/library_path.sh
[2.435s] -- Up-to-date: /home/uwr/microROS_AUV/install/micro_ros_msgs/share/micro_ros_msgs/environment/library_path.dsv
[2.435s] -- Up-to-date: /home/uwr/microROS_AUV/install/micro_ros_msgs/lib/libmicro_ros_msgs__rosidl_generator_c.so
[2.436s] -- Up-to-date: /home/uwr/microROS_AUV/install/micro_ros_msgs/include/micro_ros_msgs
[2.436s] -- Up-to-date: /home/uwr/microROS_AUV/install/micro_ros_msgs/include/micro_ros_msgs/msg
[2.436s] -- Up-to-date: /home/uwr/microROS_AUV/install/micro_ros_msgs/include/micro_ros_msgs/msg/rosidl_typesupport_microxrcedds_c__visibility_control.h
[2.436s] -- Up-to-date: /home/uwr/microROS_AUV/install/micro_ros_msgs/include/micro_ros_msgs/msg/detail
[2.439s] -- Up-to-date: /home/uwr/microROS_AUV/install/micro_ros_msgs/include/micro_ros_msgs/msg/detail/node__rosidl_typesupport_microxrcedds_c.h
[2.441s] -- Up-to-date: /home/uwr/microROS_AUV/install/micro_ros_msgs/include/micro_ros_msgs/msg/detail/graph__rosidl_typesupport_microxrcedds_c.h
[2.441s] -- Up-to-date: /home/uwr/microROS_AUV/install/micro_ros_msgs/include/micro_ros_msgs/msg/detail/entity__rosidl_typesupport_microxrcedds_c.h
[2.441s] -- Up-to-date: /home/uwr/microROS_AUV/install/micro_ros_msgs/include/micro_ros_msgs/msg/detail/microxrcedds
[2.444s] -- Up-to-date: /home/uwr/microROS_AUV/install/micro_ros_msgs/lib/libmicro_ros_msgs__rosidl_typesupport_microxrcedds_c.so
[2.444s] -- Up-to-date: /home/uwr/microROS_AUV/install/micro_ros_msgs/include/micro_ros_msgs/micro_ros_msgs
[2.445s] -- Up-to-date: /home/uwr/microROS_AUV/install/micro_ros_msgs/include/micro_ros_msgs/micro_ros_msgs/msg
[2.445s] -- Up-to-date: /home/uwr/microROS_AUV/install/micro_ros_msgs/include/micro_ros_msgs/micro_ros_msgs/msg/detail
[2.445s] -- Up-to-date: /home/uwr/microROS_AUV/install/micro_ros_msgs/include/micro_ros_msgs/micro_ros_msgs/msg/detail/entity__rosidl_typesupport_fastrtps_c.h
[2.445s] -- Up-to-date: /home/uwr/microROS_AUV/install/micro_ros_msgs/include/micro_ros_msgs/micro_ros_msgs/msg/detail/graph__rosidl_typesupport_fastrtps_c.h
[2.445s] -- Up-to-date: /home/uwr/microROS_AUV/install/micro_ros_msgs/include/micro_ros_msgs/micro_ros_msgs/msg/detail/node__rosidl_typesupport_fastrtps_c.h
[2.446s] -- Up-to-date: /home/uwr/microROS_AUV/install/micro_ros_msgs/include/micro_ros_msgs/micro_ros_msgs/msg/rosidl_typesupport_fastrtps_c__visibility_control.h
[2.446s] -- Up-to-date: /home/uwr/microROS_AUV/install/micro_ros_msgs/lib/libmicro_ros_msgs__rosidl_typesupport_fastrtps_c.so
[2.449s] -- Up-to-date: /home/uwr/microROS_AUV/install/micro_ros_msgs/include/micro_ros_msgs/micro_ros_msgs
[2.449s] -- Up-to-date: /home/uwr/microROS_AUV/install/micro_ros_msgs/include/micro_ros_msgs/micro_ros_msgs/msg
[2.449s] -- Up-to-date: /home/uwr/microROS_AUV/install/micro_ros_msgs/include/micro_ros_msgs/micro_ros_msgs/msg/rosidl_typesupport_introspection_c__visibility_control.h
[2.450s] -- Up-to-date: /home/uwr/microROS_AUV/install/micro_ros_msgs/include/micro_ros_msgs/micro_ros_msgs/msg/detail
[2.451s] -- Up-to-date: /home/uwr/microROS_AUV/install/micro_ros_msgs/include/micro_ros_msgs/micro_ros_msgs/msg/detail/entity__type_support.c
[2.452s] -- Up-to-date: /home/uwr/microROS_AUV/install/micro_ros_msgs/include/micro_ros_msgs/micro_ros_msgs/msg/detail/entity__rosidl_typesupport_introspection_c.h
[2.452s] -- Up-to-date: /home/uwr/microROS_AUV/install/micro_ros_msgs/include/micro_ros_msgs/micro_ros_msgs/msg/detail/graph__type_support.c
[2.452s] -- Up-to-date: /home/uwr/microROS_AUV/install/micro_ros_msgs/include/micro_ros_msgs/micro_ros_msgs/msg/detail/node__rosidl_typesupport_introspection_c.h
[2.452s] -- Up-to-date: /home/uwr/microROS_AUV/install/micro_ros_msgs/include/micro_ros_msgs/micro_ros_msgs/msg/detail/graph__rosidl_typesupport_introspection_c.h
[2.452s] -- Up-to-date: /home/uwr/microROS_AUV/install/micro_ros_msgs/include/micro_ros_msgs/micro_ros_msgs/msg/detail/node__type_support.c
[2.453s] -- Up-to-date: /home/uwr/microROS_AUV/install/micro_ros_msgs/lib/libmicro_ros_msgs__rosidl_typesupport_introspection_c.so
[2.453s] -- Up-to-date: /home/uwr/microROS_AUV/install/micro_ros_msgs/lib/libmicro_ros_msgs__rosidl_typesupport_c.so
[2.453s] -- Up-to-date: /home/uwr/microROS_AUV/install/micro_ros_msgs/include/micro_ros_msgs/micro_ros_msgs
[2.453s] -- Up-to-date: /home/uwr/microROS_AUV/install/micro_ros_msgs/include/micro_ros_msgs/micro_ros_msgs/msg
[2.454s] -- Up-to-date: /home/uwr/microROS_AUV/install/micro_ros_msgs/include/micro_ros_msgs/micro_ros_msgs/msg/detail
[2.454s] -- Up-to-date: /home/uwr/microROS_AUV/install/micro_ros_msgs/include/micro_ros_msgs/micro_ros_msgs/msg/detail/entity__struct.hpp
[2.454s] -- Up-to-date: /home/uwr/microROS_AUV/install/micro_ros_msgs/include/micro_ros_msgs/micro_ros_msgs/msg/detail/graph__struct.hpp
[2.454s] -- Up-to-date: /home/uwr/microROS_AUV/install/micro_ros_msgs/include/micro_ros_msgs/micro_ros_msgs/msg/detail/node__struct.hpp
[2.455s] -- Up-to-date: /home/uwr/microROS_AUV/install/micro_ros_msgs/include/micro_ros_msgs/micro_ros_msgs/msg/detail/entity__builder.hpp
[2.455s] -- Up-to-date: /home/uwr/microROS_AUV/install/micro_ros_msgs/include/micro_ros_msgs/micro_ros_msgs/msg/detail/node__builder.hpp
[2.455s] -- Up-to-date: /home/uwr/microROS_AUV/install/micro_ros_msgs/include/micro_ros_msgs/micro_ros_msgs/msg/detail/graph__traits.hpp
[2.455s] -- Up-to-date: /home/uwr/microROS_AUV/install/micro_ros_msgs/include/micro_ros_msgs/micro_ros_msgs/msg/detail/node__traits.hpp
[2.455s] -- Up-to-date: /home/uwr/microROS_AUV/install/micro_ros_msgs/include/micro_ros_msgs/micro_ros_msgs/msg/detail/entity__traits.hpp
[2.455s] -- Up-to-date: /home/uwr/microROS_AUV/install/micro_ros_msgs/include/micro_ros_msgs/micro_ros_msgs/msg/detail/graph__builder.hpp
[2.456s] -- Up-to-date: /home/uwr/microROS_AUV/install/micro_ros_msgs/include/micro_ros_msgs/micro_ros_msgs/msg/entity.hpp
[2.456s] -- Up-to-date: /home/uwr/microROS_AUV/install/micro_ros_msgs/include/micro_ros_msgs/micro_ros_msgs/msg/graph.hpp
[2.456s] -- Up-to-date: /home/uwr/microROS_AUV/install/micro_ros_msgs/include/micro_ros_msgs/micro_ros_msgs/msg/node.hpp
[2.456s] -- Up-to-date: /home/uwr/microROS_AUV/install/micro_ros_msgs/include/micro_ros_msgs
[2.456s] -- Up-to-date: /home/uwr/microROS_AUV/install/micro_ros_msgs/include/micro_ros_msgs/msg
[2.456s] -- Up-to-date: /home/uwr/microROS_AUV/install/micro_ros_msgs/include/micro_ros_msgs/msg/rosidl_typesupport_microxrcedds_cpp__visibility_control.h
[2.457s] -- Up-to-date: /home/uwr/microROS_AUV/install/micro_ros_msgs/include/micro_ros_msgs/msg/detail
[2.457s] -- Up-to-date: /home/uwr/microROS_AUV/install/micro_ros_msgs/include/micro_ros_msgs/msg/detail/graph__rosidl_typesupport_microxrcedds_cpp.hpp
[2.457s] -- Up-to-date: /home/uwr/microROS_AUV/install/micro_ros_msgs/include/micro_ros_msgs/msg/detail/node__rosidl_typesupport_microxrcedds_cpp.hpp
[2.457s] -- Up-to-date: /home/uwr/microROS_AUV/install/micro_ros_msgs/include/micro_ros_msgs/msg/detail/entity__rosidl_typesupport_microxrcedds_cpp.hpp
[2.458s] -- Up-to-date: /home/uwr/microROS_AUV/install/micro_ros_msgs/include/micro_ros_msgs/msg/detail/microxrcedds
[2.458s] -- Up-to-date: /home/uwr/microROS_AUV/install/micro_ros_msgs/include/micro_ros_msgs/msg/detail/microxrcedds/graph__type_support_cpp.cpp
[2.458s] -- Up-to-date: /home/uwr/microROS_AUV/install/micro_ros_msgs/include/micro_ros_msgs/msg/detail/microxrcedds/node__type_support_cpp.cpp
[2.458s] -- Up-to-date: /home/uwr/microROS_AUV/install/micro_ros_msgs/include/micro_ros_msgs/msg/detail/microxrcedds/entity__type_support_cpp.cpp
[2.459s] -- Up-to-date: /home/uwr/microROS_AUV/install/micro_ros_msgs/lib/libmicro_ros_msgs__rosidl_typesupport_microxrcedds_cpp.so
[2.460s] -- Up-to-date: /home/uwr/microROS_AUV/install/micro_ros_msgs/include/micro_ros_msgs/micro_ros_msgs
[2.460s] -- Up-to-date: /home/uwr/microROS_AUV/install/micro_ros_msgs/include/micro_ros_msgs/micro_ros_msgs/msg
[2.460s] -- Up-to-date: /home/uwr/microROS_AUV/install/micro_ros_msgs/include/micro_ros_msgs/micro_ros_msgs/msg/detail
[2.460s] -- Up-to-date: /home/uwr/microROS_AUV/install/micro_ros_msgs/include/micro_ros_msgs/micro_ros_msgs/msg/detail/node__rosidl_typesupport_fastrtps_cpp.hpp
[2.461s] -- Up-to-date: /home/uwr/microROS_AUV/install/micro_ros_msgs/include/micro_ros_msgs/micro_ros_msgs/msg/detail/entity__rosidl_typesupport_fastrtps_cpp.hpp
[2.461s] -- Up-to-date: /home/uwr/microROS_AUV/install/micro_ros_msgs/include/micro_ros_msgs/micro_ros_msgs/msg/detail/dds_fastrtps
[2.461s] -- Up-to-date: /home/uwr/microROS_AUV/install/micro_ros_msgs/include/micro_ros_msgs/micro_ros_msgs/msg/detail/graph__rosidl_typesupport_fastrtps_cpp.hpp
[2.461s] -- Up-to-date: /home/uwr/microROS_AUV/install/micro_ros_msgs/include/micro_ros_msgs/micro_ros_msgs/msg/rosidl_typesupport_fastrtps_cpp__visibility_control.h
[2.462s] -- Up-to-date: /home/uwr/microROS_AUV/install/micro_ros_msgs/lib/libmicro_ros_msgs__rosidl_typesupport_fastrtps_cpp.so
[2.462s] -- Up-to-date: /home/uwr/microROS_AUV/install/micro_ros_msgs/include/micro_ros_msgs/micro_ros_msgs
[2.462s] -- Up-to-date: /home/uwr/microROS_AUV/install/micro_ros_msgs/include/micro_ros_msgs/micro_ros_msgs/msg
[2.462s] -- Up-to-date: /home/uwr/microROS_AUV/install/micro_ros_msgs/include/micro_ros_msgs/micro_ros_msgs/msg/detail
[2.463s] -- Up-to-date: /home/uwr/microROS_AUV/install/micro_ros_msgs/include/micro_ros_msgs/micro_ros_msgs/msg/detail/node__rosidl_typesupport_introspection_cpp.hpp
[2.463s] -- Up-to-date: /home/uwr/microROS_AUV/install/micro_ros_msgs/include/micro_ros_msgs/micro_ros_msgs/msg/detail/entity__rosidl_typesupport_introspection_cpp.hpp
[2.463s] -- Up-to-date: /home/uwr/microROS_AUV/install/micro_ros_msgs/include/micro_ros_msgs/micro_ros_msgs/msg/detail/graph__type_support.cpp
[2.463s] -- Up-to-date: /home/uwr/microROS_AUV/install/micro_ros_msgs/include/micro_ros_msgs/micro_ros_msgs/msg/detail/node__type_support.cpp
[2.463s] -- Up-to-date: /home/uwr/microROS_AUV/install/micro_ros_msgs/include/micro_ros_msgs/micro_ros_msgs/msg/detail/graph__rosidl_typesupport_introspection_cpp.hpp
[2.464s] -- Up-to-date: /home/uwr/microROS_AUV/install/micro_ros_msgs/include/micro_ros_msgs/micro_ros_msgs/msg/detail/entity__type_support.cpp
[2.464s] -- Up-to-date: /home/uwr/microROS_AUV/install/micro_ros_msgs/lib/libmicro_ros_msgs__rosidl_typesupport_introspection_cpp.so
[2.464s] -- Up-to-date: /home/uwr/microROS_AUV/install/micro_ros_msgs/lib/libmicro_ros_msgs__rosidl_typesupport_cpp.so
[2.464s] -- Up-to-date: /home/uwr/microROS_AUV/install/micro_ros_msgs/share/micro_ros_msgs/environment/pythonpath.sh
[2.464s] -- Up-to-date: /home/uwr/microROS_AUV/install/micro_ros_msgs/share/micro_ros_msgs/environment/pythonpath.dsv
[2.464s] -- Up-to-date: /home/uwr/microROS_AUV/install/micro_ros_msgs/local/lib/python3.10/dist-packages/micro_ros_msgs-3.0.1-py3.10.egg-info
[2.465s] -- Installing: /home/uwr/microROS_AUV/install/micro_ros_msgs/local/lib/python3.10/dist-packages/micro_ros_msgs-3.0.1-py3.10.egg-info/top_level.txt
[2.465s] -- Installing: /home/uwr/microROS_AUV/install/micro_ros_msgs/local/lib/python3.10/dist-packages/micro_ros_msgs-3.0.1-py3.10.egg-info/dependency_links.txt
[2.465s] -- Installing: /home/uwr/microROS_AUV/install/micro_ros_msgs/local/lib/python3.10/dist-packages/micro_ros_msgs-3.0.1-py3.10.egg-info/PKG-INFO
[2.465s] -- Installing: /home/uwr/microROS_AUV/install/micro_ros_msgs/local/lib/python3.10/dist-packages/micro_ros_msgs-3.0.1-py3.10.egg-info/SOURCES.txt
[2.466s] -- Up-to-date: /home/uwr/microROS_AUV/install/micro_ros_msgs/local/lib/python3.10/dist-packages/micro_ros_msgs
[2.466s] -- Up-to-date: /home/uwr/microROS_AUV/install/micro_ros_msgs/local/lib/python3.10/dist-packages/micro_ros_msgs/_micro_ros_msgs_s.ep.rosidl_typesupport_introspection_c.c
[2.466s] -- Up-to-date: /home/uwr/microROS_AUV/install/micro_ros_msgs/local/lib/python3.10/dist-packages/micro_ros_msgs/_micro_ros_msgs_s.ep.rosidl_typesupport_c.c
[2.466s] -- Up-to-date: /home/uwr/microROS_AUV/install/micro_ros_msgs/local/lib/python3.10/dist-packages/micro_ros_msgs/micro_ros_msgs_s__rosidl_typesupport_fastrtps_c.cpython-310-x86_64-linux-gnu.so
[2.466s] -- Up-to-date: /home/uwr/microROS_AUV/install/micro_ros_msgs/local/lib/python3.10/dist-packages/micro_ros_msgs/_micro_ros_msgs_s.ep.rosidl_typesupport_fastrtps_c.c
[2.466s] -- Up-to-date: /home/uwr/microROS_AUV/install/micro_ros_msgs/local/lib/python3.10/dist-packages/micro_ros_msgs/msg
[2.467s] -- Up-to-date: /home/uwr/microROS_AUV/install/micro_ros_msgs/local/lib/python3.10/dist-packages/micro_ros_msgs/msg/_graph.py
[2.467s] -- Up-to-date: /home/uwr/microROS_AUV/install/micro_ros_msgs/local/lib/python3.10/dist-packages/micro_ros_msgs/msg/_graph_s.c
[2.467s] -- Up-to-date: /home/uwr/microROS_AUV/install/micro_ros_msgs/local/lib/python3.10/dist-packages/micro_ros_msgs/msg/_node.py
[2.467s] -- Up-to-date: /home/uwr/microROS_AUV/install/micro_ros_msgs/local/lib/python3.10/dist-packages/micro_ros_msgs/msg/_node_s.c
[2.467s] -- Up-to-date: /home/uwr/microROS_AUV/install/micro_ros_msgs/local/lib/python3.10/dist-packages/micro_ros_msgs/msg/_entity.py
[2.468s] -- Up-to-date: /home/uwr/microROS_AUV/install/micro_ros_msgs/local/lib/python3.10/dist-packages/micro_ros_msgs/msg/_entity_s.c
[2.469s] -- Up-to-date: /home/uwr/microROS_AUV/install/micro_ros_msgs/local/lib/python3.10/dist-packages/micro_ros_msgs/msg/__init__.py
[2.469s] -- Up-to-date: /home/uwr/microROS_AUV/install/micro_ros_msgs/local/lib/python3.10/dist-packages/micro_ros_msgs/micro_ros_msgs_s__rosidl_typesupport_c.cpython-310-x86_64-linux-gnu.so
[2.470s] -- Up-to-date: /home/uwr/microROS_AUV/install/micro_ros_msgs/local/lib/python3.10/dist-packages/micro_ros_msgs/__init__.py
[2.470s] -- Up-to-date: /home/uwr/microROS_AUV/install/micro_ros_msgs/local/lib/python3.10/dist-packages/micro_ros_msgs/micro_ros_msgs_s__rosidl_typesupport_microxrcedds_c.cpython-310-x86_64-linux-gnu.so
[2.470s] -- Up-to-date: /home/uwr/microROS_AUV/install/micro_ros_msgs/local/lib/python3.10/dist-packages/micro_ros_msgs/_micro_ros_msgs_s.ep.rosidl_typesupport_microxrcedds_c.c
[2.470s] -- Up-to-date: /home/uwr/microROS_AUV/install/micro_ros_msgs/local/lib/python3.10/dist-packages/micro_ros_msgs/micro_ros_msgs_s__rosidl_typesupport_introspection_c.cpython-310-x86_64-linux-gnu.so
[2.470s] -- Up-to-date: /home/uwr/microROS_AUV/install/micro_ros_msgs/local/lib/python3.10/dist-packages/micro_ros_msgs/libmicro_ros_msgs__rosidl_generator_py.so
[2.554s] Listing '/home/uwr/microROS_AUV/install/micro_ros_msgs/local/lib/python3.10/dist-packages/micro_ros_msgs'...
[2.554s] Listing '/home/uwr/microROS_AUV/install/micro_ros_msgs/local/lib/python3.10/dist-packages/micro_ros_msgs/msg'...
[2.569s] -- Up-to-date: /home/uwr/microROS_AUV/install/micro_ros_msgs/local/lib/python3.10/dist-packages/micro_ros_msgs/micro_ros_msgs_s__rosidl_typesupport_microxrcedds_c.cpython-310-x86_64-linux-gnu.so
[2.570s] -- Up-to-date: /home/uwr/microROS_AUV/install/micro_ros_msgs/local/lib/python3.10/dist-packages/micro_ros_msgs/micro_ros_msgs_s__rosidl_typesupport_fastrtps_c.cpython-310-x86_64-linux-gnu.so
[2.571s] -- Up-to-date: /home/uwr/microROS_AUV/install/micro_ros_msgs/local/lib/python3.10/dist-packages/micro_ros_msgs/micro_ros_msgs_s__rosidl_typesupport_introspection_c.cpython-310-x86_64-linux-gnu.so
[2.574s] -- Up-to-date: /home/uwr/microROS_AUV/install/micro_ros_msgs/local/lib/python3.10/dist-packages/micro_ros_msgs/micro_ros_msgs_s__rosidl_typesupport_c.cpython-310-x86_64-linux-gnu.so
[2.574s] -- Up-to-date: /home/uwr/microROS_AUV/install/micro_ros_msgs/lib/libmicro_ros_msgs__rosidl_generator_py.so
[2.574s] -- Up-to-date: /home/uwr/microROS_AUV/install/micro_ros_msgs/share/micro_ros_msgs/msg/Graph.idl
[2.575s] -- Up-to-date: /home/uwr/microROS_AUV/install/micro_ros_msgs/share/micro_ros_msgs/msg/Node.idl
[2.575s] -- Up-to-date: /home/uwr/microROS_AUV/install/micro_ros_msgs/share/micro_ros_msgs/msg/Entity.idl
[2.575s] -- Up-to-date: /home/uwr/microROS_AUV/install/micro_ros_msgs/share/micro_ros_msgs/msg/Graph.msg
[2.575s] -- Up-to-date: /home/uwr/microROS_AUV/install/micro_ros_msgs/share/micro_ros_msgs/msg/Node.msg
[2.575s] -- Up-to-date: /home/uwr/microROS_AUV/install/micro_ros_msgs/share/micro_ros_msgs/msg/Entity.msg
[2.576s] -- Up-to-date: /home/uwr/microROS_AUV/install/micro_ros_msgs/share/ament_index/resource_index/package_run_dependencies/micro_ros_msgs
[2.576s] -- Up-to-date: /home/uwr/microROS_AUV/install/micro_ros_msgs/share/ament_index/resource_index/parent_prefix_path/micro_ros_msgs
[2.576s] -- Up-to-date: /home/uwr/microROS_AUV/install/micro_ros_msgs/share/micro_ros_msgs/environment/ament_prefix_path.sh
[2.576s] -- Up-to-date: /home/uwr/microROS_AUV/install/micro_ros_msgs/share/micro_ros_msgs/environment/ament_prefix_path.dsv
[2.576s] -- Up-to-date: /home/uwr/microROS_AUV/install/micro_ros_msgs/share/micro_ros_msgs/environment/path.sh
[2.577s] -- Up-to-date: /home/uwr/microROS_AUV/install/micro_ros_msgs/share/micro_ros_msgs/environment/path.dsv
[2.577s] -- Up-to-date: /home/uwr/microROS_AUV/install/micro_ros_msgs/share/micro_ros_msgs/local_setup.bash
[2.577s] -- Up-to-date: /home/uwr/microROS_AUV/install/micro_ros_msgs/share/micro_ros_msgs/local_setup.sh
[2.577s] -- Up-to-date: /home/uwr/microROS_AUV/install/micro_ros_msgs/share/micro_ros_msgs/local_setup.zsh
[2.577s] -- Up-to-date: /home/uwr/microROS_AUV/install/micro_ros_msgs/share/micro_ros_msgs/local_setup.dsv
[2.577s] -- Installing: /home/uwr/microROS_AUV/install/micro_ros_msgs/share/micro_ros_msgs/package.dsv
[2.578s] -- Up-to-date: /home/uwr/microROS_AUV/install/micro_ros_msgs/share/ament_index/resource_index/packages/micro_ros_msgs
[2.585s] -- Up-to-date: /home/uwr/microROS_AUV/install/micro_ros_msgs/share/micro_ros_msgs/cmake/export_micro_ros_msgs__rosidl_generator_cExport.cmake
[2.585s] -- Up-to-date: /home/uwr/microROS_AUV/install/micro_ros_msgs/share/micro_ros_msgs/cmake/export_micro_ros_msgs__rosidl_generator_cExport-noconfig.cmake
[2.585s] -- Up-to-date: /home/uwr/microROS_AUV/install/micro_ros_msgs/share/micro_ros_msgs/cmake/export_micro_ros_msgs__rosidl_typesupport_fastrtps_cExport.cmake
[2.589s] -- Up-to-date: /home/uwr/microROS_AUV/install/micro_ros_msgs/share/micro_ros_msgs/cmake/export_micro_ros_msgs__rosidl_typesupport_fastrtps_cExport-noconfig.cmake
[2.589s] -- Up-to-date: /home/uwr/microROS_AUV/install/micro_ros_msgs/share/micro_ros_msgs/cmake/micro_ros_msgs__rosidl_typesupport_introspection_cExport.cmake
[2.589s] -- Up-to-date: /home/uwr/microROS_AUV/install/micro_ros_msgs/share/micro_ros_msgs/cmake/micro_ros_msgs__rosidl_typesupport_introspection_cExport-noconfig.cmake
[2.589s] -- Up-to-date: /home/uwr/microROS_AUV/install/micro_ros_msgs/share/micro_ros_msgs/cmake/micro_ros_msgs__rosidl_typesupport_cExport.cmake
[2.589s] -- Up-to-date: /home/uwr/microROS_AUV/install/micro_ros_msgs/share/micro_ros_msgs/cmake/micro_ros_msgs__rosidl_typesupport_cExport-noconfig.cmake
[2.590s] -- Up-to-date: /home/uwr/microROS_AUV/install/micro_ros_msgs/share/micro_ros_msgs/cmake/export_micro_ros_msgs__rosidl_generator_cppExport.cmake
[2.591s] -- Up-to-date: /home/uwr/microROS_AUV/install/micro_ros_msgs/share/micro_ros_msgs/cmake/export_micro_ros_msgs__rosidl_typesupport_fastrtps_cppExport.cmake
[2.591s] -- Up-to-date: /home/uwr/microROS_AUV/install/micro_ros_msgs/share/micro_ros_msgs/cmake/export_micro_ros_msgs__rosidl_typesupport_fastrtps_cppExport-noconfig.cmake
[2.592s] -- Up-to-date: /home/uwr/microROS_AUV/install/micro_ros_msgs/share/micro_ros_msgs/cmake/micro_ros_msgs__rosidl_typesupport_introspection_cppExport.cmake
[2.592s] -- Up-to-date: /home/uwr/microROS_AUV/install/micro_ros_msgs/share/micro_ros_msgs/cmake/micro_ros_msgs__rosidl_typesupport_introspection_cppExport-noconfig.cmake
[2.592s] -- Up-to-date: /home/uwr/microROS_AUV/install/micro_ros_msgs/share/micro_ros_msgs/cmake/micro_ros_msgs__rosidl_typesupport_cppExport.cmake
[2.593s] -- Up-to-date: /home/uwr/microROS_AUV/install/micro_ros_msgs/share/micro_ros_msgs/cmake/micro_ros_msgs__rosidl_typesupport_cppExport-noconfig.cmake
[2.593s] -- Up-to-date: /home/uwr/microROS_AUV/install/micro_ros_msgs/share/micro_ros_msgs/cmake/export_micro_ros_msgs__rosidl_generator_pyExport.cmake
[2.593s] -- Up-to-date: /home/uwr/microROS_AUV/install/micro_ros_msgs/share/micro_ros_msgs/cmake/export_micro_ros_msgs__rosidl_generator_pyExport-noconfig.cmake
[2.593s] -- Up-to-date: /home/uwr/microROS_AUV/install/micro_ros_msgs/share/micro_ros_msgs/cmake/rosidl_cmake-extras.cmake
[2.593s] -- Up-to-date: /home/uwr/microROS_AUV/install/micro_ros_msgs/share/micro_ros_msgs/cmake/ament_cmake_export_include_directories-extras.cmake
[2.594s] -- Up-to-date: /home/uwr/microROS_AUV/install/micro_ros_msgs/share/micro_ros_msgs/cmake/ament_cmake_export_libraries-extras.cmake
[2.594s] -- Up-to-date: /home/uwr/microROS_AUV/install/micro_ros_msgs/share/micro_ros_msgs/cmake/ament_cmake_export_targets-extras.cmake
[2.594s] -- Up-to-date: /home/uwr/microROS_AUV/install/micro_ros_msgs/share/micro_ros_msgs/cmake/rosidl_cmake_export_typesupport_targets-extras.cmake
[2.594s] -- Up-to-date: /home/uwr/microROS_AUV/install/micro_ros_msgs/share/micro_ros_msgs/cmake/ament_cmake_export_dependencies-extras.cmake
[2.595s] -- Up-to-date: /home/uwr/microROS_AUV/install/micro_ros_msgs/share/micro_ros_msgs/cmake/rosidl_cmake_export_typesupport_libraries-extras.cmake
[2.595s] -- Up-to-date: /home/uwr/microROS_AUV/install/micro_ros_msgs/share/micro_ros_msgs/cmake/micro_ros_msgsConfig.cmake
[2.595s] -- Up-to-date: /home/uwr/microROS_AUV/install/micro_ros_msgs/share/micro_ros_msgs/cmake/micro_ros_msgsConfig-version.cmake
[2.595s] -- Up-to-date: /home/uwr/microROS_AUV/install/micro_ros_msgs/share/micro_ros_msgs/package.xml
[2.616s] Invoked command in '/home/uwr/microROS_AUV/build/micro_ros_msgs' returned '0': CMAKE_PREFIX_PATH=${CMAKE_PREFIX_PATH}:/home/uwr/microROS_AUV/install/statistics_msgs:/home/uwr/microROS_AUV/install/control_pkg:/home/uwr/Desktop/2024_UWR/install/sonar_subs:/opt/ros/humble /usr/bin/cmake --install /home/uwr/microROS_AUV/build/micro_ros_msgs
