[0.239s] Invoking command in '/home/uwr/microROS_AUV/build/rcl_interfaces': CMAKE_PREFIX_PATH=/home/uwr/microROS_AUV/install/builtin_interfaces:/home/uwr/microROS_AUV/install/action_msgs:/home/uwr/microROS_AUV/install/unique_identifier_msgs:/home/uwr/microROS_AUV/install/std_srvs:/home/uwr/microROS_AUV/install/rosidl_typesupport_microxrcedds_test_msg:/home/uwr/microROS_AUV/install/rosidl_typesupport_microxrcedds_cpp_tests:/home/uwr/microROS_AUV/install/rmw_microxrcedds:/home/uwr/microROS_AUV/install/rosidl_typesupport_microxrcedds_cpp:/home/uwr/microROS_AUV/install/rosidl_typesupport_microxrcedds_c_tests:/home/uwr/microROS_AUV/install/rosidl_typesupport_microxrcedds_c:/home/uwr/microROS_AUV/install/rosgraph_msgs:/home/uwr/microROS_AUV/install/microxrcedds_client:/home/uwr/microROS_AUV/install/microcdr:/home/uwr/microROS_AUV/install/micro_ros_utilities:/home/uwr/microROS_AUV/install/micro_ros_msgs:/home/uwr/microROS_AUV/install/lifecycle_msgs:/home/uwr/microROS_AUV/install/complex_msgs:/home/uwr/microROS_AUV/install/micro_ros_setup:/home/uwr/microROS_AUV/install/custom_interfaces:/home/uwr/Desktop/2024_UWR/install/kalman_filter:/home/uwr/Desktop/2024_UWR/install/sonar_msgs:/home/uwr/Desktop/2024_UWR/install/ros2-driver:/home/uwr/Desktop/2024_UWR/install/oculus_interfaces:/home/uwr/Desktop/2024_UWR/install/ntrip:/home/uwr/Desktop/2024_UWR/install/adnav-driver:/home/uwr/fls_ws/install/oculus_interfaces:/home/uwr/microROS_AUV/install/statistics_msgs:/home/uwr/microROS_AUV/install/control_pkg:/home/uwr/Desktop/2024_UWR/install/sonar_subs:/opt/ros/humble LD_LIBRARY_PATH=/home/uwr/microROS_AUV/install/builtin_interfaces/lib:/home/uwr/microROS_AUV/install/action_msgs/lib:/home/uwr/microROS_AUV/install/unique_identifier_msgs/lib:/home/uwr/microROS_AUV/install/std_srvs/lib:/home/uwr/microROS_AUV/install/statistics_msgs/lib:/home/uwr/microROS_AUV/install/rmw_microxrcedds/lib:/home/uwr/microROS_AUV/install/rosidl_typesupport_microxrcedds_cpp/lib:/home/uwr/microROS_AUV/install/rosidl_typesupport_microxrcedds_c/lib:/home/uwr/microROS_AUV/install/rosgraph_msgs/lib:/home/uwr/microROS_AUV/install/microxrcedds_client/lib:/home/uwr/microROS_AUV/install/microcdr/lib:/home/uwr/microROS_AUV/install/micro_ros_utilities/lib:/home/uwr/microROS_AUV/install/micro_ros_msgs/lib:/home/uwr/microROS_AUV/install/lifecycle_msgs/lib:/home/uwr/microROS_AUV/install/complex_msgs/lib:/home/uwr/microROS_AUV/install/custom_interfaces/lib:/home/uwr/oculus_driver/install/lib:/home/uwr/Desktop/2024_UWR/install/sonar_msgs/lib:/home/uwr/Desktop/2024_UWR/install/oculus_interfaces/lib:/home/uwr/fls_ws/install/oculus_interfaces/lib:/opt/ros/humble/opt/rviz_ogre_vendor/lib:/opt/ros/humble/lib/x86_64-linux-gnu:/opt/ros/humble/lib /usr/bin/cmake --build /home/uwr/microROS_AUV/build/rcl_interfaces -- -j8 -l8
[0.478s] [  0%] Built target rcl_interfaces__cpp
[0.553s] [  9%] Built target rcl_interfaces__rosidl_generator_c
[0.601s] [  9%] Built target ament_cmake_python_copy_rcl_interfaces
[0.762s] [ 19%] Built target rcl_interfaces__rosidl_typesupport_introspection_c
[0.763s] [ 29%] Built target rcl_interfaces__rosidl_typesupport_microxrcedds_cpp
[0.785s] [ 38%] Built target rcl_interfaces__rosidl_typesupport_introspection_cpp
[0.801s] [ 48%] Built target rcl_interfaces__rosidl_typesupport_c
[0.804s] [ 58%] Built target rcl_interfaces__rosidl_typesupport_microxrcedds_c
[0.812s] [ 67%] Built target rcl_interfaces__rosidl_typesupport_cpp
[0.814s] [ 76%] Built target rcl_interfaces__rosidl_typesupport_fastrtps_cpp
[0.842s] [ 86%] Built target rcl_interfaces__rosidl_typesupport_fastrtps_c
[0.946s] [ 86%] Built target rcl_interfaces
[1.089s] [ 87%] Built target rcl_interfaces__py
[1.293s] [ 96%] Built target rcl_interfaces__rosidl_generator_py
[1.425s] [ 97%] Built target rcl_interfaces__rosidl_typesupport_c__pyext
[1.446s] [ 98%] Built target rcl_interfaces__rosidl_typesupport_microxrcedds_c__pyext
[1.448s] [ 99%] Built target rcl_interfaces__rosidl_typesupport_fastrtps_c__pyext
[1.454s] [100%] Built target rcl_interfaces__rosidl_typesupport_introspection_c__pyext
[1.955s] running egg_info
[1.960s] writing rcl_interfaces.egg-info/PKG-INFO
[1.963s] writing dependency_links to rcl_interfaces.egg-info/dependency_links.txt
[1.963s] writing top-level names to rcl_interfaces.egg-info/top_level.txt
[1.970s] reading manifest file 'rcl_interfaces.egg-info/SOURCES.txt'
[1.974s] writing manifest file 'rcl_interfaces.egg-info/SOURCES.txt'
[2.060s] [100%] Built target ament_cmake_python_build_rcl_interfaces_egg
[2.104s] Invoked command in '/home/uwr/microROS_AUV/build/rcl_interfaces' returned '0': CMAKE_PREFIX_PATH=/home/uwr/microROS_AUV/install/builtin_interfaces:/home/uwr/microROS_AUV/install/action_msgs:/home/uwr/microROS_AUV/install/unique_identifier_msgs:/home/uwr/microROS_AUV/install/std_srvs:/home/uwr/microROS_AUV/install/rosidl_typesupport_microxrcedds_test_msg:/home/uwr/microROS_AUV/install/rosidl_typesupport_microxrcedds_cpp_tests:/home/uwr/microROS_AUV/install/rmw_microxrcedds:/home/uwr/microROS_AUV/install/rosidl_typesupport_microxrcedds_cpp:/home/uwr/microROS_AUV/install/rosidl_typesupport_microxrcedds_c_tests:/home/uwr/microROS_AUV/install/rosidl_typesupport_microxrcedds_c:/home/uwr/microROS_AUV/install/rosgraph_msgs:/home/uwr/microROS_AUV/install/microxrcedds_client:/home/uwr/microROS_AUV/install/microcdr:/home/uwr/microROS_AUV/install/micro_ros_utilities:/home/uwr/microROS_AUV/install/micro_ros_msgs:/home/uwr/microROS_AUV/install/lifecycle_msgs:/home/uwr/microROS_AUV/install/complex_msgs:/home/uwr/microROS_AUV/install/micro_ros_setup:/home/uwr/microROS_AUV/install/custom_interfaces:/home/uwr/Desktop/2024_UWR/install/kalman_filter:/home/uwr/Desktop/2024_UWR/install/sonar_msgs:/home/uwr/Desktop/2024_UWR/install/ros2-driver:/home/uwr/Desktop/2024_UWR/install/oculus_interfaces:/home/uwr/Desktop/2024_UWR/install/ntrip:/home/uwr/Desktop/2024_UWR/install/adnav-driver:/home/uwr/fls_ws/install/oculus_interfaces:/home/uwr/microROS_AUV/install/statistics_msgs:/home/uwr/microROS_AUV/install/control_pkg:/home/uwr/Desktop/2024_UWR/install/sonar_subs:/opt/ros/humble LD_LIBRARY_PATH=/home/uwr/microROS_AUV/install/builtin_interfaces/lib:/home/uwr/microROS_AUV/install/action_msgs/lib:/home/uwr/microROS_AUV/install/unique_identifier_msgs/lib:/home/uwr/microROS_AUV/install/std_srvs/lib:/home/uwr/microROS_AUV/install/statistics_msgs/lib:/home/uwr/microROS_AUV/install/rmw_microxrcedds/lib:/home/uwr/microROS_AUV/install/rosidl_typesupport_microxrcedds_cpp/lib:/home/uwr/microROS_AUV/install/rosidl_typesupport_microxrcedds_c/lib:/home/uwr/microROS_AUV/install/rosgraph_msgs/lib:/home/uwr/microROS_AUV/install/microxrcedds_client/lib:/home/uwr/microROS_AUV/install/microcdr/lib:/home/uwr/microROS_AUV/install/micro_ros_utilities/lib:/home/uwr/microROS_AUV/install/micro_ros_msgs/lib:/home/uwr/microROS_AUV/install/lifecycle_msgs/lib:/home/uwr/microROS_AUV/install/complex_msgs/lib:/home/uwr/microROS_AUV/install/custom_interfaces/lib:/home/uwr/oculus_driver/install/lib:/home/uwr/Desktop/2024_UWR/install/sonar_msgs/lib:/home/uwr/Desktop/2024_UWR/install/oculus_interfaces/lib:/home/uwr/fls_ws/install/oculus_interfaces/lib:/opt/ros/humble/opt/rviz_ogre_vendor/lib:/opt/ros/humble/lib/x86_64-linux-gnu:/opt/ros/humble/lib /usr/bin/cmake --build /home/uwr/microROS_AUV/build/rcl_interfaces -- -j8 -l8
[3.804s] Invoking command in '/home/uwr/microROS_AUV/build/rcl_interfaces': CMAKE_PREFIX_PATH=/home/uwr/microROS_AUV/install/builtin_interfaces:/home/uwr/microROS_AUV/install/action_msgs:/home/uwr/microROS_AUV/install/unique_identifier_msgs:/home/uwr/microROS_AUV/install/std_srvs:/home/uwr/microROS_AUV/install/rosidl_typesupport_microxrcedds_test_msg:/home/uwr/microROS_AUV/install/rosidl_typesupport_microxrcedds_cpp_tests:/home/uwr/microROS_AUV/install/rmw_microxrcedds:/home/uwr/microROS_AUV/install/rosidl_typesupport_microxrcedds_cpp:/home/uwr/microROS_AUV/install/rosidl_typesupport_microxrcedds_c_tests:/home/uwr/microROS_AUV/install/rosidl_typesupport_microxrcedds_c:/home/uwr/microROS_AUV/install/rosgraph_msgs:/home/uwr/microROS_AUV/install/microxrcedds_client:/home/uwr/microROS_AUV/install/microcdr:/home/uwr/microROS_AUV/install/micro_ros_utilities:/home/uwr/microROS_AUV/install/micro_ros_msgs:/home/uwr/microROS_AUV/install/lifecycle_msgs:/home/uwr/microROS_AUV/install/complex_msgs:/home/uwr/microROS_AUV/install/micro_ros_setup:/home/uwr/microROS_AUV/install/custom_interfaces:/home/uwr/Desktop/2024_UWR/install/kalman_filter:/home/uwr/Desktop/2024_UWR/install/sonar_msgs:/home/uwr/Desktop/2024_UWR/install/ros2-driver:/home/uwr/Desktop/2024_UWR/install/oculus_interfaces:/home/uwr/Desktop/2024_UWR/install/ntrip:/home/uwr/Desktop/2024_UWR/install/adnav-driver:/home/uwr/fls_ws/install/oculus_interfaces:/home/uwr/microROS_AUV/install/statistics_msgs:/home/uwr/microROS_AUV/install/control_pkg:/home/uwr/Desktop/2024_UWR/install/sonar_subs:/opt/ros/humble LD_LIBRARY_PATH=/home/uwr/microROS_AUV/install/builtin_interfaces/lib:/home/uwr/microROS_AUV/install/action_msgs/lib:/home/uwr/microROS_AUV/install/unique_identifier_msgs/lib:/home/uwr/microROS_AUV/install/std_srvs/lib:/home/uwr/microROS_AUV/install/statistics_msgs/lib:/home/uwr/microROS_AUV/install/rmw_microxrcedds/lib:/home/uwr/microROS_AUV/install/rosidl_typesupport_microxrcedds_cpp/lib:/home/uwr/microROS_AUV/install/rosidl_typesupport_microxrcedds_c/lib:/home/uwr/microROS_AUV/install/rosgraph_msgs/lib:/home/uwr/microROS_AUV/install/microxrcedds_client/lib:/home/uwr/microROS_AUV/install/microcdr/lib:/home/uwr/microROS_AUV/install/micro_ros_utilities/lib:/home/uwr/microROS_AUV/install/micro_ros_msgs/lib:/home/uwr/microROS_AUV/install/lifecycle_msgs/lib:/home/uwr/microROS_AUV/install/complex_msgs/lib:/home/uwr/microROS_AUV/install/custom_interfaces/lib:/home/uwr/oculus_driver/install/lib:/home/uwr/Desktop/2024_UWR/install/sonar_msgs/lib:/home/uwr/Desktop/2024_UWR/install/oculus_interfaces/lib:/home/uwr/fls_ws/install/oculus_interfaces/lib:/opt/ros/humble/opt/rviz_ogre_vendor/lib:/opt/ros/humble/lib/x86_64-linux-gnu:/opt/ros/humble/lib /usr/bin/cmake --install /home/uwr/microROS_AUV/build/rcl_interfaces
[3.842s] -- Install configuration: ""
[3.843s] -- Up-to-date: /home/uwr/microROS_AUV/install/rcl_interfaces/share/ament_index/resource_index/rosidl_interfaces/rcl_interfaces
[3.843s] -- Up-to-date: /home/uwr/microROS_AUV/install/rcl_interfaces/include/rcl_interfaces/rcl_interfaces
[3.843s] -- Up-to-date: /home/uwr/microROS_AUV/install/rcl_interfaces/include/rcl_interfaces/rcl_interfaces/msg
[3.843s] -- Up-to-date: /home/uwr/microROS_AUV/install/rcl_interfaces/include/rcl_interfaces/rcl_interfaces/msg/parameter_descriptor.h
[3.844s] -- Up-to-date: /home/uwr/microROS_AUV/install/rcl_interfaces/include/rcl_interfaces/rcl_interfaces/msg/log.h
[3.844s] -- Up-to-date: /home/uwr/microROS_AUV/install/rcl_interfaces/include/rcl_interfaces/rcl_interfaces/msg/rosidl_generator_c__visibility_control.h
[3.844s] -- Up-to-date: /home/uwr/microROS_AUV/install/rcl_interfaces/include/rcl_interfaces/rcl_interfaces/msg/integer_range.h
[3.845s] -- Up-to-date: /home/uwr/microROS_AUV/install/rcl_interfaces/include/rcl_interfaces/rcl_interfaces/msg/set_parameters_result.h
[3.846s] -- Up-to-date: /home/uwr/microROS_AUV/install/rcl_interfaces/include/rcl_interfaces/rcl_interfaces/msg/list_parameters_result.h
[3.846s] -- Up-to-date: /home/uwr/microROS_AUV/install/rcl_interfaces/include/rcl_interfaces/rcl_interfaces/msg/parameter_event_descriptors.h
[3.846s] -- Up-to-date: /home/uwr/microROS_AUV/install/rcl_interfaces/include/rcl_interfaces/rcl_interfaces/msg/detail
[3.846s] -- Up-to-date: /home/uwr/microROS_AUV/install/rcl_interfaces/include/rcl_interfaces/rcl_interfaces/msg/detail/set_parameters_result__functions.c
[3.846s] -- Up-to-date: /home/uwr/microROS_AUV/install/rcl_interfaces/include/rcl_interfaces/rcl_interfaces/msg/detail/parameter_type__struct.h
[3.847s] -- Up-to-date: /home/uwr/microROS_AUV/install/rcl_interfaces/include/rcl_interfaces/rcl_interfaces/msg/detail/list_parameters_result__type_support.h
[3.847s] -- Up-to-date: /home/uwr/microROS_AUV/install/rcl_interfaces/include/rcl_interfaces/rcl_interfaces/msg/detail/parameter_event__functions.h
[3.847s] -- Up-to-date: /home/uwr/microROS_AUV/install/rcl_interfaces/include/rcl_interfaces/rcl_interfaces/msg/detail/parameter_value__functions.c
[3.847s] -- Up-to-date: /home/uwr/microROS_AUV/install/rcl_interfaces/include/rcl_interfaces/rcl_interfaces/msg/detail/list_parameters_result__functions.h
[3.847s] -- Up-to-date: /home/uwr/microROS_AUV/install/rcl_interfaces/include/rcl_interfaces/rcl_interfaces/msg/detail/list_parameters_result__functions.c
[3.847s] -- Up-to-date: /home/uwr/microROS_AUV/install/rcl_interfaces/include/rcl_interfaces/rcl_interfaces/msg/detail/parameter_event_descriptors__functions.h
[3.848s] -- Up-to-date: /home/uwr/microROS_AUV/install/rcl_interfaces/include/rcl_interfaces/rcl_interfaces/msg/detail/floating_point_range__struct.h
[3.848s] -- Up-to-date: /home/uwr/microROS_AUV/install/rcl_interfaces/include/rcl_interfaces/rcl_interfaces/msg/detail/set_parameters_result__type_support.h
[3.848s] -- Up-to-date: /home/uwr/microROS_AUV/install/rcl_interfaces/include/rcl_interfaces/rcl_interfaces/msg/detail/log__functions.h
[3.848s] -- Up-to-date: /home/uwr/microROS_AUV/install/rcl_interfaces/include/rcl_interfaces/rcl_interfaces/msg/detail/list_parameters_result__struct.h
[3.848s] -- Up-to-date: /home/uwr/microROS_AUV/install/rcl_interfaces/include/rcl_interfaces/rcl_interfaces/msg/detail/floating_point_range__functions.c
[3.849s] -- Up-to-date: /home/uwr/microROS_AUV/install/rcl_interfaces/include/rcl_interfaces/rcl_interfaces/msg/detail/parameter_descriptor__struct.h
[3.852s] -- Up-to-date: /home/uwr/microROS_AUV/install/rcl_interfaces/include/rcl_interfaces/rcl_interfaces/msg/detail/integer_range__type_support.h
[3.854s] -- Up-to-date: /home/uwr/microROS_AUV/install/rcl_interfaces/include/rcl_interfaces/rcl_interfaces/msg/detail/parameter_event_descriptors__struct.h
[3.854s] -- Up-to-date: /home/uwr/microROS_AUV/install/rcl_interfaces/include/rcl_interfaces/rcl_interfaces/msg/detail/parameter_event_descriptors__functions.c
[3.854s] -- Up-to-date: /home/uwr/microROS_AUV/install/rcl_interfaces/include/rcl_interfaces/rcl_interfaces/msg/detail/log__struct.h
[3.854s] -- Up-to-date: /home/uwr/microROS_AUV/install/rcl_interfaces/include/rcl_interfaces/rcl_interfaces/msg/detail/parameter_event_descriptors__type_support.h
[3.855s] -- Up-to-date: /home/uwr/microROS_AUV/install/rcl_interfaces/include/rcl_interfaces/rcl_interfaces/msg/detail/floating_point_range__type_support.h
[3.855s] -- Up-to-date: /home/uwr/microROS_AUV/install/rcl_interfaces/include/rcl_interfaces/rcl_interfaces/msg/detail/parameter__type_support.h
[3.855s] -- Up-to-date: /home/uwr/microROS_AUV/install/rcl_interfaces/include/rcl_interfaces/rcl_interfaces/msg/detail/log__functions.c
[3.856s] -- Up-to-date: /home/uwr/microROS_AUV/install/rcl_interfaces/include/rcl_interfaces/rcl_interfaces/msg/detail/floating_point_range__functions.h
[3.856s] -- Up-to-date: /home/uwr/microROS_AUV/install/rcl_interfaces/include/rcl_interfaces/rcl_interfaces/msg/detail/integer_range__functions.h
[3.856s] -- Up-to-date: /home/uwr/microROS_AUV/install/rcl_interfaces/include/rcl_interfaces/rcl_interfaces/msg/detail/set_parameters_result__struct.h
[3.856s] -- Up-to-date: /home/uwr/microROS_AUV/install/rcl_interfaces/include/rcl_interfaces/rcl_interfaces/msg/detail/integer_range__functions.c
[3.857s] -- Up-to-date: /home/uwr/microROS_AUV/install/rcl_interfaces/include/rcl_interfaces/rcl_interfaces/msg/detail/parameter_event__type_support.h
[3.857s] -- Up-to-date: /home/uwr/microROS_AUV/install/rcl_interfaces/include/rcl_interfaces/rcl_interfaces/msg/detail/parameter_value__struct.h
[3.857s] -- Up-to-date: /home/uwr/microROS_AUV/install/rcl_interfaces/include/rcl_interfaces/rcl_interfaces/msg/detail/parameter_type__functions.h
[3.857s] -- Up-to-date: /home/uwr/microROS_AUV/install/rcl_interfaces/include/rcl_interfaces/rcl_interfaces/msg/detail/parameter_type__type_support.h
[3.858s] -- Up-to-date: /home/uwr/microROS_AUV/install/rcl_interfaces/include/rcl_interfaces/rcl_interfaces/msg/detail/parameter_descriptor__functions.h
[3.858s] -- Up-to-date: /home/uwr/microROS_AUV/install/rcl_interfaces/include/rcl_interfaces/rcl_interfaces/msg/detail/parameter_descriptor__functions.c
[3.859s] -- Up-to-date: /home/uwr/microROS_AUV/install/rcl_interfaces/include/rcl_interfaces/rcl_interfaces/msg/detail/parameter_event__struct.h
[3.859s] -- Up-to-date: /home/uwr/microROS_AUV/install/rcl_interfaces/include/rcl_interfaces/rcl_interfaces/msg/detail/parameter_value__type_support.h
[3.859s] -- Up-to-date: /home/uwr/microROS_AUV/install/rcl_interfaces/include/rcl_interfaces/rcl_interfaces/msg/detail/parameter_value__functions.h
[3.860s] -- Up-to-date: /home/uwr/microROS_AUV/install/rcl_interfaces/include/rcl_interfaces/rcl_interfaces/msg/detail/parameter_type__functions.c
[3.860s] -- Up-to-date: /home/uwr/microROS_AUV/install/rcl_interfaces/include/rcl_interfaces/rcl_interfaces/msg/detail/set_parameters_result__functions.h
[3.860s] -- Up-to-date: /home/uwr/microROS_AUV/install/rcl_interfaces/include/rcl_interfaces/rcl_interfaces/msg/detail/integer_range__struct.h
[3.860s] -- Up-to-date: /home/uwr/microROS_AUV/install/rcl_interfaces/include/rcl_interfaces/rcl_interfaces/msg/detail/log__type_support.h
[3.860s] -- Up-to-date: /home/uwr/microROS_AUV/install/rcl_interfaces/include/rcl_interfaces/rcl_interfaces/msg/detail/parameter_descriptor__type_support.h
[3.861s] -- Up-to-date: /home/uwr/microROS_AUV/install/rcl_interfaces/include/rcl_interfaces/rcl_interfaces/msg/detail/parameter__functions.c
[3.861s] -- Up-to-date: /home/uwr/microROS_AUV/install/rcl_interfaces/include/rcl_interfaces/rcl_interfaces/msg/detail/parameter_event__functions.c
[3.861s] -- Up-to-date: /home/uwr/microROS_AUV/install/rcl_interfaces/include/rcl_interfaces/rcl_interfaces/msg/detail/parameter__functions.h
[3.861s] -- Up-to-date: /home/uwr/microROS_AUV/install/rcl_interfaces/include/rcl_interfaces/rcl_interfaces/msg/detail/parameter__struct.h
[3.862s] -- Up-to-date: /home/uwr/microROS_AUV/install/rcl_interfaces/include/rcl_interfaces/rcl_interfaces/msg/parameter_value.h
[3.862s] -- Up-to-date: /home/uwr/microROS_AUV/install/rcl_interfaces/include/rcl_interfaces/rcl_interfaces/msg/floating_point_range.h
[3.862s] -- Up-to-date: /home/uwr/microROS_AUV/install/rcl_interfaces/include/rcl_interfaces/rcl_interfaces/msg/parameter_type.h
[3.862s] -- Up-to-date: /home/uwr/microROS_AUV/install/rcl_interfaces/include/rcl_interfaces/rcl_interfaces/msg/parameter_event.h
[3.862s] -- Up-to-date: /home/uwr/microROS_AUV/install/rcl_interfaces/include/rcl_interfaces/rcl_interfaces/msg/parameter.h
[3.863s] -- Up-to-date: /home/uwr/microROS_AUV/install/rcl_interfaces/include/rcl_interfaces/rcl_interfaces/srv
[3.863s] -- Up-to-date: /home/uwr/microROS_AUV/install/rcl_interfaces/include/rcl_interfaces/rcl_interfaces/srv/list_parameters.h
[3.863s] -- Up-to-date: /home/uwr/microROS_AUV/install/rcl_interfaces/include/rcl_interfaces/rcl_interfaces/srv/describe_parameters.h
[3.863s] -- Up-to-date: /home/uwr/microROS_AUV/install/rcl_interfaces/include/rcl_interfaces/rcl_interfaces/srv/detail
[3.863s] -- Up-to-date: /home/uwr/microROS_AUV/install/rcl_interfaces/include/rcl_interfaces/rcl_interfaces/srv/detail/list_parameters__functions.h
[3.863s] -- Up-to-date: /home/uwr/microROS_AUV/install/rcl_interfaces/include/rcl_interfaces/rcl_interfaces/srv/detail/set_parameters__functions.c
[3.864s] -- Up-to-date: /home/uwr/microROS_AUV/install/rcl_interfaces/include/rcl_interfaces/rcl_interfaces/srv/detail/set_parameters_atomically__struct.h
[3.864s] -- Up-to-date: /home/uwr/microROS_AUV/install/rcl_interfaces/include/rcl_interfaces/rcl_interfaces/srv/detail/list_parameters__struct.h
[3.864s] -- Up-to-date: /home/uwr/microROS_AUV/install/rcl_interfaces/include/rcl_interfaces/rcl_interfaces/srv/detail/describe_parameters__functions.c
[3.864s] -- Up-to-date: /home/uwr/microROS_AUV/install/rcl_interfaces/include/rcl_interfaces/rcl_interfaces/srv/detail/set_parameters_atomically__functions.c
[3.865s] -- Up-to-date: /home/uwr/microROS_AUV/install/rcl_interfaces/include/rcl_interfaces/rcl_interfaces/srv/detail/set_parameters_atomically__functions.h
[3.865s] -- Up-to-date: /home/uwr/microROS_AUV/install/rcl_interfaces/include/rcl_interfaces/rcl_interfaces/srv/detail/set_parameters__struct.h
[3.866s] -- Up-to-date: /home/uwr/microROS_AUV/install/rcl_interfaces/include/rcl_interfaces/rcl_interfaces/srv/detail/set_parameters__type_support.h
[3.866s] -- Up-to-date: /home/uwr/microROS_AUV/install/rcl_interfaces/include/rcl_interfaces/rcl_interfaces/srv/detail/get_parameters__struct.h
[3.866s] -- Up-to-date: /home/uwr/microROS_AUV/install/rcl_interfaces/include/rcl_interfaces/rcl_interfaces/srv/detail/get_parameter_types__functions.h
[3.866s] -- Up-to-date: /home/uwr/microROS_AUV/install/rcl_interfaces/include/rcl_interfaces/rcl_interfaces/srv/detail/set_parameters__functions.h
[3.866s] -- Up-to-date: /home/uwr/microROS_AUV/install/rcl_interfaces/include/rcl_interfaces/rcl_interfaces/srv/detail/get_parameters__functions.c
[3.867s] -- Up-to-date: /home/uwr/microROS_AUV/install/rcl_interfaces/include/rcl_interfaces/rcl_interfaces/srv/detail/describe_parameters__functions.h
[3.867s] -- Up-to-date: /home/uwr/microROS_AUV/install/rcl_interfaces/include/rcl_interfaces/rcl_interfaces/srv/detail/list_parameters__functions.c
[3.867s] -- Up-to-date: /home/uwr/microROS_AUV/install/rcl_interfaces/include/rcl_interfaces/rcl_interfaces/srv/detail/list_parameters__type_support.h
[3.867s] -- Up-to-date: /home/uwr/microROS_AUV/install/rcl_interfaces/include/rcl_interfaces/rcl_interfaces/srv/detail/get_parameters__functions.h
[3.867s] -- Up-to-date: /home/uwr/microROS_AUV/install/rcl_interfaces/include/rcl_interfaces/rcl_interfaces/srv/detail/describe_parameters__type_support.h
[3.868s] -- Up-to-date: /home/uwr/microROS_AUV/install/rcl_interfaces/include/rcl_interfaces/rcl_interfaces/srv/detail/get_parameter_types__struct.h
[3.868s] -- Up-to-date: /home/uwr/microROS_AUV/install/rcl_interfaces/include/rcl_interfaces/rcl_interfaces/srv/detail/get_parameters__type_support.h
[3.868s] -- Up-to-date: /home/uwr/microROS_AUV/install/rcl_interfaces/include/rcl_interfaces/rcl_interfaces/srv/detail/get_parameter_types__functions.c
[3.868s] -- Up-to-date: /home/uwr/microROS_AUV/install/rcl_interfaces/include/rcl_interfaces/rcl_interfaces/srv/detail/set_parameters_atomically__type_support.h
[3.868s] -- Up-to-date: /home/uwr/microROS_AUV/install/rcl_interfaces/include/rcl_interfaces/rcl_interfaces/srv/detail/describe_parameters__struct.h
[3.869s] -- Up-to-date: /home/uwr/microROS_AUV/install/rcl_interfaces/include/rcl_interfaces/rcl_interfaces/srv/detail/get_parameter_types__type_support.h
[3.869s] -- Up-to-date: /home/uwr/microROS_AUV/install/rcl_interfaces/include/rcl_interfaces/rcl_interfaces/srv/get_parameter_types.h
[3.869s] -- Up-to-date: /home/uwr/microROS_AUV/install/rcl_interfaces/include/rcl_interfaces/rcl_interfaces/srv/get_parameters.h
[3.869s] -- Up-to-date: /home/uwr/microROS_AUV/install/rcl_interfaces/include/rcl_interfaces/rcl_interfaces/srv/set_parameters.h
[3.869s] -- Up-to-date: /home/uwr/microROS_AUV/install/rcl_interfaces/include/rcl_interfaces/rcl_interfaces/srv/set_parameters_atomically.h
[3.869s] -- Up-to-date: /home/uwr/microROS_AUV/install/rcl_interfaces/share/rcl_interfaces/environment/library_path.sh
[3.870s] -- Up-to-date: /home/uwr/microROS_AUV/install/rcl_interfaces/share/rcl_interfaces/environment/library_path.dsv
[3.870s] -- Up-to-date: /home/uwr/microROS_AUV/install/rcl_interfaces/lib/librcl_interfaces__rosidl_generator_c.so
[3.870s] -- Up-to-date: /home/uwr/microROS_AUV/install/rcl_interfaces/include/rcl_interfaces
[3.870s] -- Up-to-date: /home/uwr/microROS_AUV/install/rcl_interfaces/include/rcl_interfaces/msg
[3.871s] -- Up-to-date: /home/uwr/microROS_AUV/install/rcl_interfaces/include/rcl_interfaces/msg/rosidl_typesupport_microxrcedds_c__visibility_control.h
[3.871s] -- Up-to-date: /home/uwr/microROS_AUV/install/rcl_interfaces/include/rcl_interfaces/msg/detail
[3.872s] -- Up-to-date: /home/uwr/microROS_AUV/install/rcl_interfaces/include/rcl_interfaces/msg/detail/parameter_event__rosidl_typesupport_microxrcedds_c.h
[3.872s] -- Up-to-date: /home/uwr/microROS_AUV/install/rcl_interfaces/include/rcl_interfaces/msg/detail/parameter_descriptor__rosidl_typesupport_microxrcedds_c.h
[3.872s] -- Up-to-date: /home/uwr/microROS_AUV/install/rcl_interfaces/include/rcl_interfaces/msg/detail/parameter_value__rosidl_typesupport_microxrcedds_c.h
[3.872s] -- Up-to-date: /home/uwr/microROS_AUV/install/rcl_interfaces/include/rcl_interfaces/msg/detail/set_parameters_result__rosidl_typesupport_microxrcedds_c.h
[3.872s] -- Up-to-date: /home/uwr/microROS_AUV/install/rcl_interfaces/include/rcl_interfaces/msg/detail/parameter_event_descriptors__rosidl_typesupport_microxrcedds_c.h
[3.873s] -- Up-to-date: /home/uwr/microROS_AUV/install/rcl_interfaces/include/rcl_interfaces/msg/detail/parameter_type__rosidl_typesupport_microxrcedds_c.h
[3.873s] -- Up-to-date: /home/uwr/microROS_AUV/install/rcl_interfaces/include/rcl_interfaces/msg/detail/integer_range__rosidl_typesupport_microxrcedds_c.h
[3.873s] -- Up-to-date: /home/uwr/microROS_AUV/install/rcl_interfaces/include/rcl_interfaces/msg/detail/list_parameters_result__rosidl_typesupport_microxrcedds_c.h
[3.873s] -- Up-to-date: /home/uwr/microROS_AUV/install/rcl_interfaces/include/rcl_interfaces/msg/detail/log__rosidl_typesupport_microxrcedds_c.h
[3.873s] -- Up-to-date: /home/uwr/microROS_AUV/install/rcl_interfaces/include/rcl_interfaces/msg/detail/parameter__rosidl_typesupport_microxrcedds_c.h
[3.874s] -- Up-to-date: /home/uwr/microROS_AUV/install/rcl_interfaces/include/rcl_interfaces/msg/detail/floating_point_range__rosidl_typesupport_microxrcedds_c.h
[3.874s] -- Up-to-date: /home/uwr/microROS_AUV/install/rcl_interfaces/include/rcl_interfaces/msg/detail/microxrcedds
[3.874s] -- Up-to-date: /home/uwr/microROS_AUV/install/rcl_interfaces/include/rcl_interfaces/srv
[3.874s] -- Up-to-date: /home/uwr/microROS_AUV/install/rcl_interfaces/include/rcl_interfaces/srv/detail
[3.874s] -- Up-to-date: /home/uwr/microROS_AUV/install/rcl_interfaces/include/rcl_interfaces/srv/detail/set_parameters__rosidl_typesupport_microxrcedds_c.h
[3.874s] -- Up-to-date: /home/uwr/microROS_AUV/install/rcl_interfaces/include/rcl_interfaces/srv/detail/list_parameters__rosidl_typesupport_microxrcedds_c.h
[3.875s] -- Up-to-date: /home/uwr/microROS_AUV/install/rcl_interfaces/include/rcl_interfaces/srv/detail/set_parameters_atomically__rosidl_typesupport_microxrcedds_c.h
[3.875s] -- Up-to-date: /home/uwr/microROS_AUV/install/rcl_interfaces/include/rcl_interfaces/srv/detail/describe_parameters__rosidl_typesupport_microxrcedds_c.h
[3.875s] -- Up-to-date: /home/uwr/microROS_AUV/install/rcl_interfaces/include/rcl_interfaces/srv/detail/get_parameter_types__rosidl_typesupport_microxrcedds_c.h
[3.875s] -- Up-to-date: /home/uwr/microROS_AUV/install/rcl_interfaces/include/rcl_interfaces/srv/detail/get_parameters__rosidl_typesupport_microxrcedds_c.h
[3.876s] -- Up-to-date: /home/uwr/microROS_AUV/install/rcl_interfaces/include/rcl_interfaces/srv/detail/microxrcedds
[3.876s] -- Up-to-date: /home/uwr/microROS_AUV/install/rcl_interfaces/lib/librcl_interfaces__rosidl_typesupport_microxrcedds_c.so
[3.876s] -- Up-to-date: /home/uwr/microROS_AUV/install/rcl_interfaces/include/rcl_interfaces/rcl_interfaces
[3.876s] -- Up-to-date: /home/uwr/microROS_AUV/install/rcl_interfaces/include/rcl_interfaces/rcl_interfaces/msg
[3.876s] -- Up-to-date: /home/uwr/microROS_AUV/install/rcl_interfaces/include/rcl_interfaces/rcl_interfaces/msg/detail
[3.877s] -- Up-to-date: /home/uwr/microROS_AUV/install/rcl_interfaces/include/rcl_interfaces/rcl_interfaces/msg/detail/parameter_event__rosidl_typesupport_fastrtps_c.h
[3.877s] -- Up-to-date: /home/uwr/microROS_AUV/install/rcl_interfaces/include/rcl_interfaces/rcl_interfaces/msg/detail/parameter_descriptor__rosidl_typesupport_fastrtps_c.h
[3.877s] -- Up-to-date: /home/uwr/microROS_AUV/install/rcl_interfaces/include/rcl_interfaces/rcl_interfaces/msg/detail/log__rosidl_typesupport_fastrtps_c.h
[3.877s] -- Up-to-date: /home/uwr/microROS_AUV/install/rcl_interfaces/include/rcl_interfaces/rcl_interfaces/msg/detail/floating_point_range__rosidl_typesupport_fastrtps_c.h
[3.877s] -- Up-to-date: /home/uwr/microROS_AUV/install/rcl_interfaces/include/rcl_interfaces/rcl_interfaces/msg/detail/set_parameters_result__rosidl_typesupport_fastrtps_c.h
[3.878s] -- Up-to-date: /home/uwr/microROS_AUV/install/rcl_interfaces/include/rcl_interfaces/rcl_interfaces/msg/detail/list_parameters_result__rosidl_typesupport_fastrtps_c.h
[3.878s] -- Up-to-date: /home/uwr/microROS_AUV/install/rcl_interfaces/include/rcl_interfaces/rcl_interfaces/msg/detail/parameter__rosidl_typesupport_fastrtps_c.h
[3.878s] -- Up-to-date: /home/uwr/microROS_AUV/install/rcl_interfaces/include/rcl_interfaces/rcl_interfaces/msg/detail/integer_range__rosidl_typesupport_fastrtps_c.h
[3.879s] -- Up-to-date: /home/uwr/microROS_AUV/install/rcl_interfaces/include/rcl_interfaces/rcl_interfaces/msg/detail/parameter_type__rosidl_typesupport_fastrtps_c.h
[3.879s] -- Up-to-date: /home/uwr/microROS_AUV/install/rcl_interfaces/include/rcl_interfaces/rcl_interfaces/msg/detail/parameter_value__rosidl_typesupport_fastrtps_c.h
[3.879s] -- Up-to-date: /home/uwr/microROS_AUV/install/rcl_interfaces/include/rcl_interfaces/rcl_interfaces/msg/detail/parameter_event_descriptors__rosidl_typesupport_fastrtps_c.h
[3.879s] -- Up-to-date: /home/uwr/microROS_AUV/install/rcl_interfaces/include/rcl_interfaces/rcl_interfaces/msg/rosidl_typesupport_fastrtps_c__visibility_control.h
[3.880s] -- Up-to-date: /home/uwr/microROS_AUV/install/rcl_interfaces/include/rcl_interfaces/rcl_interfaces/srv
[3.880s] -- Up-to-date: /home/uwr/microROS_AUV/install/rcl_interfaces/include/rcl_interfaces/rcl_interfaces/srv/detail
[3.880s] -- Up-to-date: /home/uwr/microROS_AUV/install/rcl_interfaces/include/rcl_interfaces/rcl_interfaces/srv/detail/set_parameters__rosidl_typesupport_fastrtps_c.h
[3.880s] -- Up-to-date: /home/uwr/microROS_AUV/install/rcl_interfaces/include/rcl_interfaces/rcl_interfaces/srv/detail/get_parameters__rosidl_typesupport_fastrtps_c.h
[3.880s] -- Up-to-date: /home/uwr/microROS_AUV/install/rcl_interfaces/include/rcl_interfaces/rcl_interfaces/srv/detail/set_parameters_atomically__rosidl_typesupport_fastrtps_c.h
[3.881s] -- Up-to-date: /home/uwr/microROS_AUV/install/rcl_interfaces/include/rcl_interfaces/rcl_interfaces/srv/detail/list_parameters__rosidl_typesupport_fastrtps_c.h
[3.881s] -- Up-to-date: /home/uwr/microROS_AUV/install/rcl_interfaces/include/rcl_interfaces/rcl_interfaces/srv/detail/get_parameter_types__rosidl_typesupport_fastrtps_c.h
[3.881s] -- Up-to-date: /home/uwr/microROS_AUV/install/rcl_interfaces/include/rcl_interfaces/rcl_interfaces/srv/detail/describe_parameters__rosidl_typesupport_fastrtps_c.h
[3.881s] -- Up-to-date: /home/uwr/microROS_AUV/install/rcl_interfaces/lib/librcl_interfaces__rosidl_typesupport_fastrtps_c.so
[3.881s] -- Up-to-date: /home/uwr/microROS_AUV/install/rcl_interfaces/include/rcl_interfaces/rcl_interfaces
[3.882s] -- Up-to-date: /home/uwr/microROS_AUV/install/rcl_interfaces/include/rcl_interfaces/rcl_interfaces/msg
[3.882s] -- Up-to-date: /home/uwr/microROS_AUV/install/rcl_interfaces/include/rcl_interfaces/rcl_interfaces/msg/rosidl_typesupport_introspection_c__visibility_control.h
[3.882s] -- Up-to-date: /home/uwr/microROS_AUV/install/rcl_interfaces/include/rcl_interfaces/rcl_interfaces/msg/detail
[3.882s] -- Up-to-date: /home/uwr/microROS_AUV/install/rcl_interfaces/include/rcl_interfaces/rcl_interfaces/msg/detail/list_parameters_result__rosidl_typesupport_introspection_c.h
[3.882s] -- Up-to-date: /home/uwr/microROS_AUV/install/rcl_interfaces/include/rcl_interfaces/rcl_interfaces/msg/detail/parameter__rosidl_typesupport_introspection_c.h
[3.883s] -- Up-to-date: /home/uwr/microROS_AUV/install/rcl_interfaces/include/rcl_interfaces/rcl_interfaces/msg/detail/floating_point_range__rosidl_typesupport_introspection_c.h
[3.883s] -- Up-to-date: /home/uwr/microROS_AUV/install/rcl_interfaces/include/rcl_interfaces/rcl_interfaces/msg/detail/list_parameters_result__type_support.c
[3.883s] -- Up-to-date: /home/uwr/microROS_AUV/install/rcl_interfaces/include/rcl_interfaces/rcl_interfaces/msg/detail/parameter_event_descriptors__type_support.c
[3.883s] -- Up-to-date: /home/uwr/microROS_AUV/install/rcl_interfaces/include/rcl_interfaces/rcl_interfaces/msg/detail/parameter__type_support.c
[3.883s] -- Up-to-date: /home/uwr/microROS_AUV/install/rcl_interfaces/include/rcl_interfaces/rcl_interfaces/msg/detail/floating_point_range__type_support.c
[3.884s] -- Up-to-date: /home/uwr/microROS_AUV/install/rcl_interfaces/include/rcl_interfaces/rcl_interfaces/msg/detail/log__type_support.c
[3.884s] -- Up-to-date: /home/uwr/microROS_AUV/install/rcl_interfaces/include/rcl_interfaces/rcl_interfaces/msg/detail/parameter_descriptor__rosidl_typesupport_introspection_c.h
[3.884s] -- Up-to-date: /home/uwr/microROS_AUV/install/rcl_interfaces/include/rcl_interfaces/rcl_interfaces/msg/detail/parameter_value__rosidl_typesupport_introspection_c.h
[3.884s] -- Up-to-date: /home/uwr/microROS_AUV/install/rcl_interfaces/include/rcl_interfaces/rcl_interfaces/msg/detail/parameter_type__type_support.c
[3.884s] -- Up-to-date: /home/uwr/microROS_AUV/install/rcl_interfaces/include/rcl_interfaces/rcl_interfaces/msg/detail/parameter_type__rosidl_typesupport_introspection_c.h
[3.885s] -- Up-to-date: /home/uwr/microROS_AUV/install/rcl_interfaces/include/rcl_interfaces/rcl_interfaces/msg/detail/integer_range__type_support.c
[3.885s] -- Up-to-date: /home/uwr/microROS_AUV/install/rcl_interfaces/include/rcl_interfaces/rcl_interfaces/msg/detail/parameter_event__type_support.c
[3.885s] -- Up-to-date: /home/uwr/microROS_AUV/install/rcl_interfaces/include/rcl_interfaces/rcl_interfaces/msg/detail/set_parameters_result__rosidl_typesupport_introspection_c.h
[3.885s] -- Up-to-date: /home/uwr/microROS_AUV/install/rcl_interfaces/include/rcl_interfaces/rcl_interfaces/msg/detail/parameter_event__rosidl_typesupport_introspection_c.h
[3.886s] -- Up-to-date: /home/uwr/microROS_AUV/install/rcl_interfaces/include/rcl_interfaces/rcl_interfaces/msg/detail/integer_range__rosidl_typesupport_introspection_c.h
[3.886s] -- Up-to-date: /home/uwr/microROS_AUV/install/rcl_interfaces/include/rcl_interfaces/rcl_interfaces/msg/detail/set_parameters_result__type_support.c
[3.886s] -- Up-to-date: /home/uwr/microROS_AUV/install/rcl_interfaces/include/rcl_interfaces/rcl_interfaces/msg/detail/log__rosidl_typesupport_introspection_c.h
[3.886s] -- Up-to-date: /home/uwr/microROS_AUV/install/rcl_interfaces/include/rcl_interfaces/rcl_interfaces/msg/detail/parameter_event_descriptors__rosidl_typesupport_introspection_c.h
[3.886s] -- Up-to-date: /home/uwr/microROS_AUV/install/rcl_interfaces/include/rcl_interfaces/rcl_interfaces/msg/detail/parameter_value__type_support.c
[3.887s] -- Up-to-date: /home/uwr/microROS_AUV/install/rcl_interfaces/include/rcl_interfaces/rcl_interfaces/msg/detail/parameter_descriptor__type_support.c
[3.887s] -- Up-to-date: /home/uwr/microROS_AUV/install/rcl_interfaces/include/rcl_interfaces/rcl_interfaces/srv
[3.887s] -- Up-to-date: /home/uwr/microROS_AUV/install/rcl_interfaces/include/rcl_interfaces/rcl_interfaces/srv/detail
[3.887s] -- Up-to-date: /home/uwr/microROS_AUV/install/rcl_interfaces/include/rcl_interfaces/rcl_interfaces/srv/detail/set_parameters_atomically__rosidl_typesupport_introspection_c.h
[3.887s] -- Up-to-date: /home/uwr/microROS_AUV/install/rcl_interfaces/include/rcl_interfaces/rcl_interfaces/srv/detail/describe_parameters__rosidl_typesupport_introspection_c.h
[3.888s] -- Up-to-date: /home/uwr/microROS_AUV/install/rcl_interfaces/include/rcl_interfaces/rcl_interfaces/srv/detail/list_parameters__rosidl_typesupport_introspection_c.h
[3.888s] -- Up-to-date: /home/uwr/microROS_AUV/install/rcl_interfaces/include/rcl_interfaces/rcl_interfaces/srv/detail/get_parameters__rosidl_typesupport_introspection_c.h
[3.888s] -- Up-to-date: /home/uwr/microROS_AUV/install/rcl_interfaces/include/rcl_interfaces/rcl_interfaces/srv/detail/get_parameters__type_support.c
[3.888s] -- Up-to-date: /home/uwr/microROS_AUV/install/rcl_interfaces/include/rcl_interfaces/rcl_interfaces/srv/detail/set_parameters_atomically__type_support.c
[3.888s] -- Up-to-date: /home/uwr/microROS_AUV/install/rcl_interfaces/include/rcl_interfaces/rcl_interfaces/srv/detail/get_parameter_types__type_support.c
[3.889s] -- Up-to-date: /home/uwr/microROS_AUV/install/rcl_interfaces/include/rcl_interfaces/rcl_interfaces/srv/detail/set_parameters__rosidl_typesupport_introspection_c.h
[3.889s] -- Up-to-date: /home/uwr/microROS_AUV/install/rcl_interfaces/include/rcl_interfaces/rcl_interfaces/srv/detail/describe_parameters__type_support.c
[3.889s] -- Up-to-date: /home/uwr/microROS_AUV/install/rcl_interfaces/include/rcl_interfaces/rcl_interfaces/srv/detail/get_parameter_types__rosidl_typesupport_introspection_c.h
[3.889s] -- Up-to-date: /home/uwr/microROS_AUV/install/rcl_interfaces/include/rcl_interfaces/rcl_interfaces/srv/detail/list_parameters__type_support.c
[3.889s] -- Up-to-date: /home/uwr/microROS_AUV/install/rcl_interfaces/include/rcl_interfaces/rcl_interfaces/srv/detail/set_parameters__type_support.c
[3.890s] -- Up-to-date: /home/uwr/microROS_AUV/install/rcl_interfaces/lib/librcl_interfaces__rosidl_typesupport_introspection_c.so
[3.890s] -- Up-to-date: /home/uwr/microROS_AUV/install/rcl_interfaces/lib/librcl_interfaces__rosidl_typesupport_c.so
[3.890s] -- Up-to-date: /home/uwr/microROS_AUV/install/rcl_interfaces/include/rcl_interfaces/rcl_interfaces
[3.891s] -- Up-to-date: /home/uwr/microROS_AUV/install/rcl_interfaces/include/rcl_interfaces/rcl_interfaces/msg
[3.891s] -- Up-to-date: /home/uwr/microROS_AUV/install/rcl_interfaces/include/rcl_interfaces/rcl_interfaces/msg/parameter_event_descriptors.hpp
[3.891s] -- Up-to-date: /home/uwr/microROS_AUV/install/rcl_interfaces/include/rcl_interfaces/rcl_interfaces/msg/parameter.hpp
[3.891s] -- Up-to-date: /home/uwr/microROS_AUV/install/rcl_interfaces/include/rcl_interfaces/rcl_interfaces/msg/parameter_type.hpp
[3.892s] -- Up-to-date: /home/uwr/microROS_AUV/install/rcl_interfaces/include/rcl_interfaces/rcl_interfaces/msg/integer_range.hpp
[3.892s] -- Up-to-date: /home/uwr/microROS_AUV/install/rcl_interfaces/include/rcl_interfaces/rcl_interfaces/msg/detail
[3.892s] -- Up-to-date: /home/uwr/microROS_AUV/install/rcl_interfaces/include/rcl_interfaces/rcl_interfaces/msg/detail/log__builder.hpp
[3.892s] -- Up-to-date: /home/uwr/microROS_AUV/install/rcl_interfaces/include/rcl_interfaces/rcl_interfaces/msg/detail/set_parameters_result__builder.hpp
[3.892s] -- Up-to-date: /home/uwr/microROS_AUV/install/rcl_interfaces/include/rcl_interfaces/rcl_interfaces/msg/detail/parameter__struct.hpp
[3.893s] -- Up-to-date: /home/uwr/microROS_AUV/install/rcl_interfaces/include/rcl_interfaces/rcl_interfaces/msg/detail/parameter_descriptor__struct.hpp
[3.893s] -- Up-to-date: /home/uwr/microROS_AUV/install/rcl_interfaces/include/rcl_interfaces/rcl_interfaces/msg/detail/list_parameters_result__builder.hpp
[3.893s] -- Up-to-date: /home/uwr/microROS_AUV/install/rcl_interfaces/include/rcl_interfaces/rcl_interfaces/msg/detail/parameter_event_descriptors__builder.hpp
[3.893s] -- Up-to-date: /home/uwr/microROS_AUV/install/rcl_interfaces/include/rcl_interfaces/rcl_interfaces/msg/detail/floating_point_range__builder.hpp
[3.893s] -- Up-to-date: /home/uwr/microROS_AUV/install/rcl_interfaces/include/rcl_interfaces/rcl_interfaces/msg/detail/log__struct.hpp
[3.894s] -- Up-to-date: /home/uwr/microROS_AUV/install/rcl_interfaces/include/rcl_interfaces/rcl_interfaces/msg/detail/parameter_descriptor__traits.hpp
[3.894s] -- Up-to-date: /home/uwr/microROS_AUV/install/rcl_interfaces/include/rcl_interfaces/rcl_interfaces/msg/detail/floating_point_range__struct.hpp
[3.894s] -- Up-to-date: /home/uwr/microROS_AUV/install/rcl_interfaces/include/rcl_interfaces/rcl_interfaces/msg/detail/log__traits.hpp
[3.894s] -- Up-to-date: /home/uwr/microROS_AUV/install/rcl_interfaces/include/rcl_interfaces/rcl_interfaces/msg/detail/parameter_event__traits.hpp
[3.894s] -- Up-to-date: /home/uwr/microROS_AUV/install/rcl_interfaces/include/rcl_interfaces/rcl_interfaces/msg/detail/set_parameters_result__traits.hpp
[3.895s] -- Up-to-date: /home/uwr/microROS_AUV/install/rcl_interfaces/include/rcl_interfaces/rcl_interfaces/msg/detail/integer_range__traits.hpp
[3.895s] -- Up-to-date: /home/uwr/microROS_AUV/install/rcl_interfaces/include/rcl_interfaces/rcl_interfaces/msg/detail/parameter_type__builder.hpp
[3.895s] -- Up-to-date: /home/uwr/microROS_AUV/install/rcl_interfaces/include/rcl_interfaces/rcl_interfaces/msg/detail/parameter_descriptor__builder.hpp
[3.895s] -- Up-to-date: /home/uwr/microROS_AUV/install/rcl_interfaces/include/rcl_interfaces/rcl_interfaces/msg/detail/parameter__traits.hpp
[3.895s] -- Up-to-date: /home/uwr/microROS_AUV/install/rcl_interfaces/include/rcl_interfaces/rcl_interfaces/msg/detail/parameter_type__traits.hpp
[3.896s] -- Up-to-date: /home/uwr/microROS_AUV/install/rcl_interfaces/include/rcl_interfaces/rcl_interfaces/msg/detail/list_parameters_result__struct.hpp
[3.896s] -- Up-to-date: /home/uwr/microROS_AUV/install/rcl_interfaces/include/rcl_interfaces/rcl_interfaces/msg/detail/parameter_type__struct.hpp
[3.896s] -- Up-to-date: /home/uwr/microROS_AUV/install/rcl_interfaces/include/rcl_interfaces/rcl_interfaces/msg/detail/list_parameters_result__traits.hpp
[3.896s] -- Up-to-date: /home/uwr/microROS_AUV/install/rcl_interfaces/include/rcl_interfaces/rcl_interfaces/msg/detail/parameter__builder.hpp
[3.897s] -- Up-to-date: /home/uwr/microROS_AUV/install/rcl_interfaces/include/rcl_interfaces/rcl_interfaces/msg/detail/integer_range__builder.hpp
[3.897s] -- Up-to-date: /home/uwr/microROS_AUV/install/rcl_interfaces/include/rcl_interfaces/rcl_interfaces/msg/detail/parameter_event__struct.hpp
[3.897s] -- Up-to-date: /home/uwr/microROS_AUV/install/rcl_interfaces/include/rcl_interfaces/rcl_interfaces/msg/detail/set_parameters_result__struct.hpp
[3.897s] -- Up-to-date: /home/uwr/microROS_AUV/install/rcl_interfaces/include/rcl_interfaces/rcl_interfaces/msg/detail/parameter_value__traits.hpp
[3.898s] -- Up-to-date: /home/uwr/microROS_AUV/install/rcl_interfaces/include/rcl_interfaces/rcl_interfaces/msg/detail/parameter_event_descriptors__traits.hpp
[3.898s] -- Up-to-date: /home/uwr/microROS_AUV/install/rcl_interfaces/include/rcl_interfaces/rcl_interfaces/msg/detail/integer_range__struct.hpp
[3.898s] -- Up-to-date: /home/uwr/microROS_AUV/install/rcl_interfaces/include/rcl_interfaces/rcl_interfaces/msg/detail/parameter_value__struct.hpp
[3.898s] -- Up-to-date: /home/uwr/microROS_AUV/install/rcl_interfaces/include/rcl_interfaces/rcl_interfaces/msg/detail/parameter_event__builder.hpp
[3.898s] -- Up-to-date: /home/uwr/microROS_AUV/install/rcl_interfaces/include/rcl_interfaces/rcl_interfaces/msg/detail/parameter_value__builder.hpp
[3.899s] -- Up-to-date: /home/uwr/microROS_AUV/install/rcl_interfaces/include/rcl_interfaces/rcl_interfaces/msg/detail/parameter_event_descriptors__struct.hpp
[3.899s] -- Up-to-date: /home/uwr/microROS_AUV/install/rcl_interfaces/include/rcl_interfaces/rcl_interfaces/msg/detail/floating_point_range__traits.hpp
[3.899s] -- Up-to-date: /home/uwr/microROS_AUV/install/rcl_interfaces/include/rcl_interfaces/rcl_interfaces/msg/parameter_event.hpp
[3.899s] -- Up-to-date: /home/uwr/microROS_AUV/install/rcl_interfaces/include/rcl_interfaces/rcl_interfaces/msg/log.hpp
[3.900s] -- Up-to-date: /home/uwr/microROS_AUV/install/rcl_interfaces/include/rcl_interfaces/rcl_interfaces/msg/parameter_value.hpp
[3.900s] -- Up-to-date: /home/uwr/microROS_AUV/install/rcl_interfaces/include/rcl_interfaces/rcl_interfaces/msg/set_parameters_result.hpp
[3.900s] -- Up-to-date: /home/uwr/microROS_AUV/install/rcl_interfaces/include/rcl_interfaces/rcl_interfaces/msg/parameter_descriptor.hpp
[3.900s] -- Up-to-date: /home/uwr/microROS_AUV/install/rcl_interfaces/include/rcl_interfaces/rcl_interfaces/msg/list_parameters_result.hpp
[3.900s] -- Up-to-date: /home/uwr/microROS_AUV/install/rcl_interfaces/include/rcl_interfaces/rcl_interfaces/msg/floating_point_range.hpp
[3.901s] -- Up-to-date: /home/uwr/microROS_AUV/install/rcl_interfaces/include/rcl_interfaces/rcl_interfaces/srv
[3.901s] -- Up-to-date: /home/uwr/microROS_AUV/install/rcl_interfaces/include/rcl_interfaces/rcl_interfaces/srv/get_parameters.hpp
[3.901s] -- Up-to-date: /home/uwr/microROS_AUV/install/rcl_interfaces/include/rcl_interfaces/rcl_interfaces/srv/get_parameter_types.hpp
[3.901s] -- Up-to-date: /home/uwr/microROS_AUV/install/rcl_interfaces/include/rcl_interfaces/rcl_interfaces/srv/describe_parameters.hpp
[3.902s] -- Up-to-date: /home/uwr/microROS_AUV/install/rcl_interfaces/include/rcl_interfaces/rcl_interfaces/srv/detail
[3.902s] -- Up-to-date: /home/uwr/microROS_AUV/install/rcl_interfaces/include/rcl_interfaces/rcl_interfaces/srv/detail/list_parameters__traits.hpp
[3.902s] -- Up-to-date: /home/uwr/microROS_AUV/install/rcl_interfaces/include/rcl_interfaces/rcl_interfaces/srv/detail/set_parameters_atomically__builder.hpp
[3.902s] -- Up-to-date: /home/uwr/microROS_AUV/install/rcl_interfaces/include/rcl_interfaces/rcl_interfaces/srv/detail/list_parameters__builder.hpp
[3.902s] -- Up-to-date: /home/uwr/microROS_AUV/install/rcl_interfaces/include/rcl_interfaces/rcl_interfaces/srv/detail/get_parameters__builder.hpp
[3.903s] -- Up-to-date: /home/uwr/microROS_AUV/install/rcl_interfaces/include/rcl_interfaces/rcl_interfaces/srv/detail/set_parameters_atomically__traits.hpp
[3.903s] -- Up-to-date: /home/uwr/microROS_AUV/install/rcl_interfaces/include/rcl_interfaces/rcl_interfaces/srv/detail/describe_parameters__builder.hpp
[3.903s] -- Up-to-date: /home/uwr/microROS_AUV/install/rcl_interfaces/include/rcl_interfaces/rcl_interfaces/srv/detail/get_parameter_types__builder.hpp
[3.903s] -- Up-to-date: /home/uwr/microROS_AUV/install/rcl_interfaces/include/rcl_interfaces/rcl_interfaces/srv/detail/get_parameter_types__struct.hpp
[3.904s] -- Up-to-date: /home/uwr/microROS_AUV/install/rcl_interfaces/include/rcl_interfaces/rcl_interfaces/srv/detail/set_parameters__traits.hpp
[3.904s] -- Up-to-date: /home/uwr/microROS_AUV/install/rcl_interfaces/include/rcl_interfaces/rcl_interfaces/srv/detail/get_parameter_types__traits.hpp
[3.904s] -- Up-to-date: /home/uwr/microROS_AUV/install/rcl_interfaces/include/rcl_interfaces/rcl_interfaces/srv/detail/describe_parameters__traits.hpp
[3.904s] -- Up-to-date: /home/uwr/microROS_AUV/install/rcl_interfaces/include/rcl_interfaces/rcl_interfaces/srv/detail/get_parameters__struct.hpp
[3.904s] -- Up-to-date: /home/uwr/microROS_AUV/install/rcl_interfaces/include/rcl_interfaces/rcl_interfaces/srv/detail/get_parameters__traits.hpp
[3.905s] -- Up-to-date: /home/uwr/microROS_AUV/install/rcl_interfaces/include/rcl_interfaces/rcl_interfaces/srv/detail/set_parameters__struct.hpp
[3.905s] -- Up-to-date: /home/uwr/microROS_AUV/install/rcl_interfaces/include/rcl_interfaces/rcl_interfaces/srv/detail/list_parameters__struct.hpp
[3.905s] -- Up-to-date: /home/uwr/microROS_AUV/install/rcl_interfaces/include/rcl_interfaces/rcl_interfaces/srv/detail/describe_parameters__struct.hpp
[3.905s] -- Up-to-date: /home/uwr/microROS_AUV/install/rcl_interfaces/include/rcl_interfaces/rcl_interfaces/srv/detail/set_parameters_atomically__struct.hpp
[3.906s] -- Up-to-date: /home/uwr/microROS_AUV/install/rcl_interfaces/include/rcl_interfaces/rcl_interfaces/srv/detail/set_parameters__builder.hpp
[3.906s] -- Up-to-date: /home/uwr/microROS_AUV/install/rcl_interfaces/include/rcl_interfaces/rcl_interfaces/srv/set_parameters.hpp
[3.907s] -- Up-to-date: /home/uwr/microROS_AUV/install/rcl_interfaces/include/rcl_interfaces/rcl_interfaces/srv/list_parameters.hpp
[3.907s] -- Up-to-date: /home/uwr/microROS_AUV/install/rcl_interfaces/include/rcl_interfaces/rcl_interfaces/srv/set_parameters_atomically.hpp
[3.907s] -- Up-to-date: /home/uwr/microROS_AUV/install/rcl_interfaces/include/rcl_interfaces
[3.907s] -- Up-to-date: /home/uwr/microROS_AUV/install/rcl_interfaces/include/rcl_interfaces/msg
[3.908s] -- Up-to-date: /home/uwr/microROS_AUV/install/rcl_interfaces/include/rcl_interfaces/msg/rosidl_typesupport_microxrcedds_cpp__visibility_control.h
[3.908s] -- Up-to-date: /home/uwr/microROS_AUV/install/rcl_interfaces/include/rcl_interfaces/msg/detail
[3.908s] -- Up-to-date: /home/uwr/microROS_AUV/install/rcl_interfaces/include/rcl_interfaces/msg/detail/parameter_descriptor__rosidl_typesupport_microxrcedds_cpp.hpp
[3.908s] -- Up-to-date: /home/uwr/microROS_AUV/install/rcl_interfaces/include/rcl_interfaces/msg/detail/list_parameters_result__rosidl_typesupport_microxrcedds_cpp.hpp
[3.909s] -- Up-to-date: /home/uwr/microROS_AUV/install/rcl_interfaces/include/rcl_interfaces/msg/detail/parameter_event__rosidl_typesupport_microxrcedds_cpp.hpp
[3.909s] -- Up-to-date: /home/uwr/microROS_AUV/install/rcl_interfaces/include/rcl_interfaces/msg/detail/floating_point_range__rosidl_typesupport_microxrcedds_cpp.hpp
[3.909s] -- Up-to-date: /home/uwr/microROS_AUV/install/rcl_interfaces/include/rcl_interfaces/msg/detail/set_parameters_result__rosidl_typesupport_microxrcedds_cpp.hpp
[3.909s] -- Up-to-date: /home/uwr/microROS_AUV/install/rcl_interfaces/include/rcl_interfaces/msg/detail/parameter_value__rosidl_typesupport_microxrcedds_cpp.hpp
[3.909s] -- Up-to-date: /home/uwr/microROS_AUV/install/rcl_interfaces/include/rcl_interfaces/msg/detail/parameter_event_descriptors__rosidl_typesupport_microxrcedds_cpp.hpp
[3.910s] -- Up-to-date: /home/uwr/microROS_AUV/install/rcl_interfaces/include/rcl_interfaces/msg/detail/integer_range__rosidl_typesupport_microxrcedds_cpp.hpp
[3.910s] -- Up-to-date: /home/uwr/microROS_AUV/install/rcl_interfaces/include/rcl_interfaces/msg/detail/parameter_type__rosidl_typesupport_microxrcedds_cpp.hpp
[3.910s] -- Up-to-date: /home/uwr/microROS_AUV/install/rcl_interfaces/include/rcl_interfaces/msg/detail/log__rosidl_typesupport_microxrcedds_cpp.hpp
[3.910s] -- Up-to-date: /home/uwr/microROS_AUV/install/rcl_interfaces/include/rcl_interfaces/msg/detail/parameter__rosidl_typesupport_microxrcedds_cpp.hpp
[3.910s] -- Up-to-date: /home/uwr/microROS_AUV/install/rcl_interfaces/include/rcl_interfaces/msg/detail/microxrcedds
[3.911s] -- Up-to-date: /home/uwr/microROS_AUV/install/rcl_interfaces/include/rcl_interfaces/msg/detail/microxrcedds/parameter_descriptor__type_support_cpp.cpp
[3.911s] -- Up-to-date: /home/uwr/microROS_AUV/install/rcl_interfaces/include/rcl_interfaces/msg/detail/microxrcedds/floating_point_range__type_support_cpp.cpp
[3.911s] -- Up-to-date: /home/uwr/microROS_AUV/install/rcl_interfaces/include/rcl_interfaces/msg/detail/microxrcedds/parameter_type__type_support_cpp.cpp
[3.911s] -- Up-to-date: /home/uwr/microROS_AUV/install/rcl_interfaces/include/rcl_interfaces/msg/detail/microxrcedds/set_parameters_result__type_support_cpp.cpp
[3.911s] -- Up-to-date: /home/uwr/microROS_AUV/install/rcl_interfaces/include/rcl_interfaces/msg/detail/microxrcedds/list_parameters_result__type_support_cpp.cpp
[3.912s] -- Up-to-date: /home/uwr/microROS_AUV/install/rcl_interfaces/include/rcl_interfaces/msg/detail/microxrcedds/parameter_event__type_support_cpp.cpp
[3.912s] -- Up-to-date: /home/uwr/microROS_AUV/install/rcl_interfaces/include/rcl_interfaces/msg/detail/microxrcedds/integer_range__type_support_cpp.cpp
[3.912s] -- Up-to-date: /home/uwr/microROS_AUV/install/rcl_interfaces/include/rcl_interfaces/msg/detail/microxrcedds/parameter_event_descriptors__type_support_cpp.cpp
[3.912s] -- Up-to-date: /home/uwr/microROS_AUV/install/rcl_interfaces/include/rcl_interfaces/msg/detail/microxrcedds/parameter_value__type_support_cpp.cpp
[3.912s] -- Up-to-date: /home/uwr/microROS_AUV/install/rcl_interfaces/include/rcl_interfaces/msg/detail/microxrcedds/parameter__type_support_cpp.cpp
[3.912s] -- Up-to-date: /home/uwr/microROS_AUV/install/rcl_interfaces/include/rcl_interfaces/msg/detail/microxrcedds/log__type_support_cpp.cpp
[3.913s] -- Up-to-date: /home/uwr/microROS_AUV/install/rcl_interfaces/include/rcl_interfaces/srv
[3.914s] -- Up-to-date: /home/uwr/microROS_AUV/install/rcl_interfaces/include/rcl_interfaces/srv/detail
[3.914s] -- Up-to-date: /home/uwr/microROS_AUV/install/rcl_interfaces/include/rcl_interfaces/srv/detail/describe_parameters__rosidl_typesupport_microxrcedds_cpp.hpp
[3.914s] -- Up-to-date: /home/uwr/microROS_AUV/install/rcl_interfaces/include/rcl_interfaces/srv/detail/set_parameters__rosidl_typesupport_microxrcedds_cpp.hpp
[3.914s] -- Up-to-date: /home/uwr/microROS_AUV/install/rcl_interfaces/include/rcl_interfaces/srv/detail/get_parameter_types__rosidl_typesupport_microxrcedds_cpp.hpp
[3.914s] -- Up-to-date: /home/uwr/microROS_AUV/install/rcl_interfaces/include/rcl_interfaces/srv/detail/set_parameters_atomically__rosidl_typesupport_microxrcedds_cpp.hpp
[3.914s] -- Up-to-date: /home/uwr/microROS_AUV/install/rcl_interfaces/include/rcl_interfaces/srv/detail/list_parameters__rosidl_typesupport_microxrcedds_cpp.hpp
[3.915s] -- Up-to-date: /home/uwr/microROS_AUV/install/rcl_interfaces/include/rcl_interfaces/srv/detail/get_parameters__rosidl_typesupport_microxrcedds_cpp.hpp
[3.915s] -- Up-to-date: /home/uwr/microROS_AUV/install/rcl_interfaces/include/rcl_interfaces/srv/detail/microxrcedds
[3.915s] -- Up-to-date: /home/uwr/microROS_AUV/install/rcl_interfaces/include/rcl_interfaces/srv/detail/microxrcedds/describe_parameters__type_support_cpp.cpp
[3.915s] -- Up-to-date: /home/uwr/microROS_AUV/install/rcl_interfaces/include/rcl_interfaces/srv/detail/microxrcedds/set_parameters_atomically__type_support_cpp.cpp
[3.916s] -- Up-to-date: /home/uwr/microROS_AUV/install/rcl_interfaces/include/rcl_interfaces/srv/detail/microxrcedds/get_parameters__type_support_cpp.cpp
[3.916s] -- Up-to-date: /home/uwr/microROS_AUV/install/rcl_interfaces/include/rcl_interfaces/srv/detail/microxrcedds/get_parameter_types__type_support_cpp.cpp
[3.916s] -- Up-to-date: /home/uwr/microROS_AUV/install/rcl_interfaces/include/rcl_interfaces/srv/detail/microxrcedds/list_parameters__type_support_cpp.cpp
[3.916s] -- Up-to-date: /home/uwr/microROS_AUV/install/rcl_interfaces/include/rcl_interfaces/srv/detail/microxrcedds/set_parameters__type_support_cpp.cpp
[3.916s] -- Up-to-date: /home/uwr/microROS_AUV/install/rcl_interfaces/lib/librcl_interfaces__rosidl_typesupport_microxrcedds_cpp.so
[3.917s] -- Up-to-date: /home/uwr/microROS_AUV/install/rcl_interfaces/include/rcl_interfaces/rcl_interfaces
[3.917s] -- Up-to-date: /home/uwr/microROS_AUV/install/rcl_interfaces/include/rcl_interfaces/rcl_interfaces/msg
[3.917s] -- Up-to-date: /home/uwr/microROS_AUV/install/rcl_interfaces/include/rcl_interfaces/rcl_interfaces/msg/detail
[3.917s] -- Up-to-date: /home/uwr/microROS_AUV/install/rcl_interfaces/include/rcl_interfaces/rcl_interfaces/msg/detail/parameter_event__rosidl_typesupport_fastrtps_cpp.hpp
[3.917s] -- Up-to-date: /home/uwr/microROS_AUV/install/rcl_interfaces/include/rcl_interfaces/rcl_interfaces/msg/detail/log__rosidl_typesupport_fastrtps_cpp.hpp
[3.917s] -- Up-to-date: /home/uwr/microROS_AUV/install/rcl_interfaces/include/rcl_interfaces/rcl_interfaces/msg/detail/parameter_descriptor__rosidl_typesupport_fastrtps_cpp.hpp
[3.918s] -- Up-to-date: /home/uwr/microROS_AUV/install/rcl_interfaces/include/rcl_interfaces/rcl_interfaces/msg/detail/floating_point_range__rosidl_typesupport_fastrtps_cpp.hpp
[3.918s] -- Up-to-date: /home/uwr/microROS_AUV/install/rcl_interfaces/include/rcl_interfaces/rcl_interfaces/msg/detail/parameter_event_descriptors__rosidl_typesupport_fastrtps_cpp.hpp
[3.918s] -- Up-to-date: /home/uwr/microROS_AUV/install/rcl_interfaces/include/rcl_interfaces/rcl_interfaces/msg/detail/parameter_value__rosidl_typesupport_fastrtps_cpp.hpp
[3.918s] -- Up-to-date: /home/uwr/microROS_AUV/install/rcl_interfaces/include/rcl_interfaces/rcl_interfaces/msg/detail/list_parameters_result__rosidl_typesupport_fastrtps_cpp.hpp
[3.918s] -- Up-to-date: /home/uwr/microROS_AUV/install/rcl_interfaces/include/rcl_interfaces/rcl_interfaces/msg/detail/parameter_type__rosidl_typesupport_fastrtps_cpp.hpp
[3.918s] -- Up-to-date: /home/uwr/microROS_AUV/install/rcl_interfaces/include/rcl_interfaces/rcl_interfaces/msg/detail/integer_range__rosidl_typesupport_fastrtps_cpp.hpp
[3.919s] -- Up-to-date: /home/uwr/microROS_AUV/install/rcl_interfaces/include/rcl_interfaces/rcl_interfaces/msg/detail/set_parameters_result__rosidl_typesupport_fastrtps_cpp.hpp
[3.919s] -- Up-to-date: /home/uwr/microROS_AUV/install/rcl_interfaces/include/rcl_interfaces/rcl_interfaces/msg/detail/dds_fastrtps
[3.919s] -- Up-to-date: /home/uwr/microROS_AUV/install/rcl_interfaces/include/rcl_interfaces/rcl_interfaces/msg/detail/parameter__rosidl_typesupport_fastrtps_cpp.hpp
[3.919s] -- Up-to-date: /home/uwr/microROS_AUV/install/rcl_interfaces/include/rcl_interfaces/rcl_interfaces/msg/rosidl_typesupport_fastrtps_cpp__visibility_control.h
[3.920s] -- Up-to-date: /home/uwr/microROS_AUV/install/rcl_interfaces/include/rcl_interfaces/rcl_interfaces/srv
[3.920s] -- Up-to-date: /home/uwr/microROS_AUV/install/rcl_interfaces/include/rcl_interfaces/rcl_interfaces/srv/detail
[3.920s] -- Up-to-date: /home/uwr/microROS_AUV/install/rcl_interfaces/include/rcl_interfaces/rcl_interfaces/srv/detail/set_parameters__rosidl_typesupport_fastrtps_cpp.hpp
[3.920s] -- Up-to-date: /home/uwr/microROS_AUV/install/rcl_interfaces/include/rcl_interfaces/rcl_interfaces/srv/detail/list_parameters__rosidl_typesupport_fastrtps_cpp.hpp
[3.921s] -- Up-to-date: /home/uwr/microROS_AUV/install/rcl_interfaces/include/rcl_interfaces/rcl_interfaces/srv/detail/get_parameters__rosidl_typesupport_fastrtps_cpp.hpp
[3.921s] -- Up-to-date: /home/uwr/microROS_AUV/install/rcl_interfaces/include/rcl_interfaces/rcl_interfaces/srv/detail/get_parameter_types__rosidl_typesupport_fastrtps_cpp.hpp
[3.921s] -- Up-to-date: /home/uwr/microROS_AUV/install/rcl_interfaces/include/rcl_interfaces/rcl_interfaces/srv/detail/set_parameters_atomically__rosidl_typesupport_fastrtps_cpp.hpp
[3.921s] -- Up-to-date: /home/uwr/microROS_AUV/install/rcl_interfaces/include/rcl_interfaces/rcl_interfaces/srv/detail/describe_parameters__rosidl_typesupport_fastrtps_cpp.hpp
[3.921s] -- Up-to-date: /home/uwr/microROS_AUV/install/rcl_interfaces/include/rcl_interfaces/rcl_interfaces/srv/detail/dds_fastrtps
[3.921s] -- Up-to-date: /home/uwr/microROS_AUV/install/rcl_interfaces/lib/librcl_interfaces__rosidl_typesupport_fastrtps_cpp.so
[3.922s] -- Up-to-date: /home/uwr/microROS_AUV/install/rcl_interfaces/include/rcl_interfaces/rcl_interfaces
[3.922s] -- Up-to-date: /home/uwr/microROS_AUV/install/rcl_interfaces/include/rcl_interfaces/rcl_interfaces/msg
[3.922s] -- Up-to-date: /home/uwr/microROS_AUV/install/rcl_interfaces/include/rcl_interfaces/rcl_interfaces/msg/detail
[3.922s] -- Up-to-date: /home/uwr/microROS_AUV/install/rcl_interfaces/include/rcl_interfaces/rcl_interfaces/msg/detail/parameter_type__rosidl_typesupport_introspection_cpp.hpp
[3.922s] -- Up-to-date: /home/uwr/microROS_AUV/install/rcl_interfaces/include/rcl_interfaces/rcl_interfaces/msg/detail/parameter_value__type_support.cpp
[3.922s] -- Up-to-date: /home/uwr/microROS_AUV/install/rcl_interfaces/include/rcl_interfaces/rcl_interfaces/msg/detail/set_parameters_result__rosidl_typesupport_introspection_cpp.hpp
[3.922s] -- Up-to-date: /home/uwr/microROS_AUV/install/rcl_interfaces/include/rcl_interfaces/rcl_interfaces/msg/detail/floating_point_range__type_support.cpp
[3.923s] -- Up-to-date: /home/uwr/microROS_AUV/install/rcl_interfaces/include/rcl_interfaces/rcl_interfaces/msg/detail/list_parameters_result__type_support.cpp
[3.923s] -- Up-to-date: /home/uwr/microROS_AUV/install/rcl_interfaces/include/rcl_interfaces/rcl_interfaces/msg/detail/parameter_descriptor__rosidl_typesupport_introspection_cpp.hpp
[3.923s] -- Up-to-date: /home/uwr/microROS_AUV/install/rcl_interfaces/include/rcl_interfaces/rcl_interfaces/msg/detail/parameter_event__rosidl_typesupport_introspection_cpp.hpp
[3.923s] -- Up-to-date: /home/uwr/microROS_AUV/install/rcl_interfaces/include/rcl_interfaces/rcl_interfaces/msg/detail/parameter_value__rosidl_typesupport_introspection_cpp.hpp
[3.923s] -- Up-to-date: /home/uwr/microROS_AUV/install/rcl_interfaces/include/rcl_interfaces/rcl_interfaces/msg/detail/parameter_descriptor__type_support.cpp
[3.923s] -- Up-to-date: /home/uwr/microROS_AUV/install/rcl_interfaces/include/rcl_interfaces/rcl_interfaces/msg/detail/set_parameters_result__type_support.cpp
[3.924s] -- Up-to-date: /home/uwr/microROS_AUV/install/rcl_interfaces/include/rcl_interfaces/rcl_interfaces/msg/detail/parameter__type_support.cpp
[3.924s] -- Up-to-date: /home/uwr/microROS_AUV/install/rcl_interfaces/include/rcl_interfaces/rcl_interfaces/msg/detail/parameter_event__type_support.cpp
[3.924s] -- Up-to-date: /home/uwr/microROS_AUV/install/rcl_interfaces/include/rcl_interfaces/rcl_interfaces/msg/detail/list_parameters_result__rosidl_typesupport_introspection_cpp.hpp
[3.924s] -- Up-to-date: /home/uwr/microROS_AUV/install/rcl_interfaces/include/rcl_interfaces/rcl_interfaces/msg/detail/integer_range__rosidl_typesupport_introspection_cpp.hpp
[3.924s] -- Up-to-date: /home/uwr/microROS_AUV/install/rcl_interfaces/include/rcl_interfaces/rcl_interfaces/msg/detail/log__type_support.cpp
[3.925s] -- Up-to-date: /home/uwr/microROS_AUV/install/rcl_interfaces/include/rcl_interfaces/rcl_interfaces/msg/detail/parameter_event_descriptors__type_support.cpp
[3.925s] -- Up-to-date: /home/uwr/microROS_AUV/install/rcl_interfaces/include/rcl_interfaces/rcl_interfaces/msg/detail/parameter_event_descriptors__rosidl_typesupport_introspection_cpp.hpp
[3.925s] -- Up-to-date: /home/uwr/microROS_AUV/install/rcl_interfaces/include/rcl_interfaces/rcl_interfaces/msg/detail/floating_point_range__rosidl_typesupport_introspection_cpp.hpp
[3.925s] -- Up-to-date: /home/uwr/microROS_AUV/install/rcl_interfaces/include/rcl_interfaces/rcl_interfaces/msg/detail/parameter_type__type_support.cpp
[3.925s] -- Up-to-date: /home/uwr/microROS_AUV/install/rcl_interfaces/include/rcl_interfaces/rcl_interfaces/msg/detail/integer_range__type_support.cpp
[3.925s] -- Up-to-date: /home/uwr/microROS_AUV/install/rcl_interfaces/include/rcl_interfaces/rcl_interfaces/msg/detail/log__rosidl_typesupport_introspection_cpp.hpp
[3.926s] -- Up-to-date: /home/uwr/microROS_AUV/install/rcl_interfaces/include/rcl_interfaces/rcl_interfaces/msg/detail/parameter__rosidl_typesupport_introspection_cpp.hpp
[3.926s] -- Up-to-date: /home/uwr/microROS_AUV/install/rcl_interfaces/include/rcl_interfaces/rcl_interfaces/srv
[3.926s] -- Up-to-date: /home/uwr/microROS_AUV/install/rcl_interfaces/include/rcl_interfaces/rcl_interfaces/srv/detail
[3.926s] -- Up-to-date: /home/uwr/microROS_AUV/install/rcl_interfaces/include/rcl_interfaces/rcl_interfaces/srv/detail/describe_parameters__type_support.cpp
[3.926s] -- Up-to-date: /home/uwr/microROS_AUV/install/rcl_interfaces/include/rcl_interfaces/rcl_interfaces/srv/detail/get_parameters__type_support.cpp
[3.927s] -- Up-to-date: /home/uwr/microROS_AUV/install/rcl_interfaces/include/rcl_interfaces/rcl_interfaces/srv/detail/get_parameter_types__rosidl_typesupport_introspection_cpp.hpp
[3.927s] -- Up-to-date: /home/uwr/microROS_AUV/install/rcl_interfaces/include/rcl_interfaces/rcl_interfaces/srv/detail/get_parameters__rosidl_typesupport_introspection_cpp.hpp
[3.927s] -- Up-to-date: /home/uwr/microROS_AUV/install/rcl_interfaces/include/rcl_interfaces/rcl_interfaces/srv/detail/get_parameter_types__type_support.cpp
[3.927s] -- Up-to-date: /home/uwr/microROS_AUV/install/rcl_interfaces/include/rcl_interfaces/rcl_interfaces/srv/detail/set_parameters_atomically__rosidl_typesupport_introspection_cpp.hpp
[3.927s] -- Up-to-date: /home/uwr/microROS_AUV/install/rcl_interfaces/include/rcl_interfaces/rcl_interfaces/srv/detail/set_parameters__type_support.cpp
[3.928s] -- Up-to-date: /home/uwr/microROS_AUV/install/rcl_interfaces/include/rcl_interfaces/rcl_interfaces/srv/detail/set_parameters__rosidl_typesupport_introspection_cpp.hpp
[3.928s] -- Up-to-date: /home/uwr/microROS_AUV/install/rcl_interfaces/include/rcl_interfaces/rcl_interfaces/srv/detail/list_parameters__type_support.cpp
[3.928s] -- Up-to-date: /home/uwr/microROS_AUV/install/rcl_interfaces/include/rcl_interfaces/rcl_interfaces/srv/detail/list_parameters__rosidl_typesupport_introspection_cpp.hpp
[3.928s] -- Up-to-date: /home/uwr/microROS_AUV/install/rcl_interfaces/include/rcl_interfaces/rcl_interfaces/srv/detail/describe_parameters__rosidl_typesupport_introspection_cpp.hpp
[3.928s] -- Up-to-date: /home/uwr/microROS_AUV/install/rcl_interfaces/include/rcl_interfaces/rcl_interfaces/srv/detail/set_parameters_atomically__type_support.cpp
[3.928s] -- Up-to-date: /home/uwr/microROS_AUV/install/rcl_interfaces/lib/librcl_interfaces__rosidl_typesupport_introspection_cpp.so
[3.929s] -- Up-to-date: /home/uwr/microROS_AUV/install/rcl_interfaces/lib/librcl_interfaces__rosidl_typesupport_cpp.so
[3.929s] -- Up-to-date: /home/uwr/microROS_AUV/install/rcl_interfaces/share/rcl_interfaces/environment/pythonpath.sh
[3.929s] -- Up-to-date: /home/uwr/microROS_AUV/install/rcl_interfaces/share/rcl_interfaces/environment/pythonpath.dsv
[3.929s] -- Up-to-date: /home/uwr/microROS_AUV/install/rcl_interfaces/local/lib/python3.10/dist-packages/rcl_interfaces-1.2.2-py3.10.egg-info
[3.930s] -- Installing: /home/uwr/microROS_AUV/install/rcl_interfaces/local/lib/python3.10/dist-packages/rcl_interfaces-1.2.2-py3.10.egg-info/top_level.txt
[3.930s] -- Installing: /home/uwr/microROS_AUV/install/rcl_interfaces/local/lib/python3.10/dist-packages/rcl_interfaces-1.2.2-py3.10.egg-info/dependency_links.txt
[3.930s] -- Installing: /home/uwr/microROS_AUV/install/rcl_interfaces/local/lib/python3.10/dist-packages/rcl_interfaces-1.2.2-py3.10.egg-info/PKG-INFO
[3.930s] -- Installing: /home/uwr/microROS_AUV/install/rcl_interfaces/local/lib/python3.10/dist-packages/rcl_interfaces-1.2.2-py3.10.egg-info/SOURCES.txt
[3.930s] -- Up-to-date: /home/uwr/microROS_AUV/install/rcl_interfaces/local/lib/python3.10/dist-packages/rcl_interfaces
[3.931s] -- Up-to-date: /home/uwr/microROS_AUV/install/rcl_interfaces/local/lib/python3.10/dist-packages/rcl_interfaces/_rcl_interfaces_s.ep.rosidl_typesupport_fastrtps_c.c
[3.931s] -- Up-to-date: /home/uwr/microROS_AUV/install/rcl_interfaces/local/lib/python3.10/dist-packages/rcl_interfaces/_rcl_interfaces_s.ep.rosidl_typesupport_microxrcedds_c.c
[3.931s] -- Up-to-date: /home/uwr/microROS_AUV/install/rcl_interfaces/local/lib/python3.10/dist-packages/rcl_interfaces/rcl_interfaces_s__rosidl_typesupport_microxrcedds_c.cpython-310-x86_64-linux-gnu.so
[3.931s] -- Up-to-date: /home/uwr/microROS_AUV/install/rcl_interfaces/local/lib/python3.10/dist-packages/rcl_interfaces/librcl_interfaces__rosidl_generator_py.so
[3.931s] -- Up-to-date: /home/uwr/microROS_AUV/install/rcl_interfaces/local/lib/python3.10/dist-packages/rcl_interfaces/_rcl_interfaces_s.ep.rosidl_typesupport_c.c
[3.932s] -- Up-to-date: /home/uwr/microROS_AUV/install/rcl_interfaces/local/lib/python3.10/dist-packages/rcl_interfaces/msg
[3.932s] -- Up-to-date: /home/uwr/microROS_AUV/install/rcl_interfaces/local/lib/python3.10/dist-packages/rcl_interfaces/msg/_parameter_type_s.c
[3.932s] -- Up-to-date: /home/uwr/microROS_AUV/install/rcl_interfaces/local/lib/python3.10/dist-packages/rcl_interfaces/msg/_set_parameters_result.py
[3.933s] -- Up-to-date: /home/uwr/microROS_AUV/install/rcl_interfaces/local/lib/python3.10/dist-packages/rcl_interfaces/msg/_parameter_value.py
[3.933s] -- Up-to-date: /home/uwr/microROS_AUV/install/rcl_interfaces/local/lib/python3.10/dist-packages/rcl_interfaces/msg/_parameter_descriptor.py
[3.934s] -- Up-to-date: /home/uwr/microROS_AUV/install/rcl_interfaces/local/lib/python3.10/dist-packages/rcl_interfaces/msg/_list_parameters_result.py
[3.934s] -- Up-to-date: /home/uwr/microROS_AUV/install/rcl_interfaces/local/lib/python3.10/dist-packages/rcl_interfaces/msg/_log.py
[3.934s] -- Up-to-date: /home/uwr/microROS_AUV/install/rcl_interfaces/local/lib/python3.10/dist-packages/rcl_interfaces/msg/_parameter_type.py
[3.937s] -- Up-to-date: /home/uwr/microROS_AUV/install/rcl_interfaces/local/lib/python3.10/dist-packages/rcl_interfaces/msg/_parameter.py
[3.941s] -- Up-to-date: /home/uwr/microROS_AUV/install/rcl_interfaces/local/lib/python3.10/dist-packages/rcl_interfaces/msg/_parameter_event_descriptors.py
[3.941s] -- Up-to-date: /home/uwr/microROS_AUV/install/rcl_interfaces/local/lib/python3.10/dist-packages/rcl_interfaces/msg/_parameter_descriptor_s.c
[3.941s] -- Up-to-date: /home/uwr/microROS_AUV/install/rcl_interfaces/local/lib/python3.10/dist-packages/rcl_interfaces/msg/_parameter_value_s.c
[3.942s] -- Up-to-date: /home/uwr/microROS_AUV/install/rcl_interfaces/local/lib/python3.10/dist-packages/rcl_interfaces/msg/_parameter_event_descriptors_s.c
[3.942s] -- Up-to-date: /home/uwr/microROS_AUV/install/rcl_interfaces/local/lib/python3.10/dist-packages/rcl_interfaces/msg/_parameter_event_s.c
[3.942s] -- Up-to-date: /home/uwr/microROS_AUV/install/rcl_interfaces/local/lib/python3.10/dist-packages/rcl_interfaces/msg/_set_parameters_result_s.c
[3.942s] -- Up-to-date: /home/uwr/microROS_AUV/install/rcl_interfaces/local/lib/python3.10/dist-packages/rcl_interfaces/msg/_list_parameters_result_s.c
[3.942s] -- Up-to-date: /home/uwr/microROS_AUV/install/rcl_interfaces/local/lib/python3.10/dist-packages/rcl_interfaces/msg/_integer_range_s.c
[3.943s] -- Up-to-date: /home/uwr/microROS_AUV/install/rcl_interfaces/local/lib/python3.10/dist-packages/rcl_interfaces/msg/__init__.py
[3.943s] -- Up-to-date: /home/uwr/microROS_AUV/install/rcl_interfaces/local/lib/python3.10/dist-packages/rcl_interfaces/msg/_floating_point_range_s.c
[3.944s] -- Up-to-date: /home/uwr/microROS_AUV/install/rcl_interfaces/local/lib/python3.10/dist-packages/rcl_interfaces/msg/_integer_range.py
[3.944s] -- Up-to-date: /home/uwr/microROS_AUV/install/rcl_interfaces/local/lib/python3.10/dist-packages/rcl_interfaces/msg/_parameter_event.py
[3.944s] -- Up-to-date: /home/uwr/microROS_AUV/install/rcl_interfaces/local/lib/python3.10/dist-packages/rcl_interfaces/msg/_floating_point_range.py
[3.946s] -- Up-to-date: /home/uwr/microROS_AUV/install/rcl_interfaces/local/lib/python3.10/dist-packages/rcl_interfaces/msg/_parameter_s.c
[3.946s] -- Up-to-date: /home/uwr/microROS_AUV/install/rcl_interfaces/local/lib/python3.10/dist-packages/rcl_interfaces/msg/_log_s.c
[3.947s] -- Up-to-date: /home/uwr/microROS_AUV/install/rcl_interfaces/local/lib/python3.10/dist-packages/rcl_interfaces/rcl_interfaces_s__rosidl_typesupport_c.cpython-310-x86_64-linux-gnu.so
[3.947s] -- Up-to-date: /home/uwr/microROS_AUV/install/rcl_interfaces/local/lib/python3.10/dist-packages/rcl_interfaces/__init__.py
[3.947s] -- Up-to-date: /home/uwr/microROS_AUV/install/rcl_interfaces/local/lib/python3.10/dist-packages/rcl_interfaces/rcl_interfaces_s__rosidl_typesupport_introspection_c.cpython-310-x86_64-linux-gnu.so
[3.947s] -- Up-to-date: /home/uwr/microROS_AUV/install/rcl_interfaces/local/lib/python3.10/dist-packages/rcl_interfaces/_rcl_interfaces_s.ep.rosidl_typesupport_introspection_c.c
[3.947s] -- Up-to-date: /home/uwr/microROS_AUV/install/rcl_interfaces/local/lib/python3.10/dist-packages/rcl_interfaces/rcl_interfaces_s__rosidl_typesupport_fastrtps_c.cpython-310-x86_64-linux-gnu.so
[3.947s] -- Up-to-date: /home/uwr/microROS_AUV/install/rcl_interfaces/local/lib/python3.10/dist-packages/rcl_interfaces/srv
[3.948s] -- Up-to-date: /home/uwr/microROS_AUV/install/rcl_interfaces/local/lib/python3.10/dist-packages/rcl_interfaces/srv/_describe_parameters_s.c
[3.948s] -- Up-to-date: /home/uwr/microROS_AUV/install/rcl_interfaces/local/lib/python3.10/dist-packages/rcl_interfaces/srv/_set_parameters_s.c
[3.948s] -- Up-to-date: /home/uwr/microROS_AUV/install/rcl_interfaces/local/lib/python3.10/dist-packages/rcl_interfaces/srv/_get_parameter_types.py
[3.948s] -- Up-to-date: /home/uwr/microROS_AUV/install/rcl_interfaces/local/lib/python3.10/dist-packages/rcl_interfaces/srv/_set_parameters_atomically_s.c
[3.948s] -- Up-to-date: /home/uwr/microROS_AUV/install/rcl_interfaces/local/lib/python3.10/dist-packages/rcl_interfaces/srv/_set_parameters_atomically.py
[3.949s] -- Up-to-date: /home/uwr/microROS_AUV/install/rcl_interfaces/local/lib/python3.10/dist-packages/rcl_interfaces/srv/_get_parameter_types_s.c
[3.949s] -- Up-to-date: /home/uwr/microROS_AUV/install/rcl_interfaces/local/lib/python3.10/dist-packages/rcl_interfaces/srv/_list_parameters_s.c
[3.949s] -- Up-to-date: /home/uwr/microROS_AUV/install/rcl_interfaces/local/lib/python3.10/dist-packages/rcl_interfaces/srv/_set_parameters.py
[3.949s] -- Up-to-date: /home/uwr/microROS_AUV/install/rcl_interfaces/local/lib/python3.10/dist-packages/rcl_interfaces/srv/__init__.py
[3.953s] -- Up-to-date: /home/uwr/microROS_AUV/install/rcl_interfaces/local/lib/python3.10/dist-packages/rcl_interfaces/srv/_describe_parameters.py
[3.953s] -- Up-to-date: /home/uwr/microROS_AUV/install/rcl_interfaces/local/lib/python3.10/dist-packages/rcl_interfaces/srv/_get_parameters.py
[3.953s] -- Up-to-date: /home/uwr/microROS_AUV/install/rcl_interfaces/local/lib/python3.10/dist-packages/rcl_interfaces/srv/_list_parameters.py
[3.954s] -- Up-to-date: /home/uwr/microROS_AUV/install/rcl_interfaces/local/lib/python3.10/dist-packages/rcl_interfaces/srv/_get_parameters_s.c
[4.003s] Listing '/home/uwr/microROS_AUV/install/rcl_interfaces/local/lib/python3.10/dist-packages/rcl_interfaces'...
[4.004s] Listing '/home/uwr/microROS_AUV/install/rcl_interfaces/local/lib/python3.10/dist-packages/rcl_interfaces/msg'...
[4.004s] Listing '/home/uwr/microROS_AUV/install/rcl_interfaces/local/lib/python3.10/dist-packages/rcl_interfaces/srv'...
[4.017s] -- Up-to-date: /home/uwr/microROS_AUV/install/rcl_interfaces/local/lib/python3.10/dist-packages/rcl_interfaces/rcl_interfaces_s__rosidl_typesupport_microxrcedds_c.cpython-310-x86_64-linux-gnu.so
[4.019s] -- Up-to-date: /home/uwr/microROS_AUV/install/rcl_interfaces/local/lib/python3.10/dist-packages/rcl_interfaces/rcl_interfaces_s__rosidl_typesupport_fastrtps_c.cpython-310-x86_64-linux-gnu.so
[4.020s] -- Up-to-date: /home/uwr/microROS_AUV/install/rcl_interfaces/local/lib/python3.10/dist-packages/rcl_interfaces/rcl_interfaces_s__rosidl_typesupport_introspection_c.cpython-310-x86_64-linux-gnu.so
[4.021s] -- Up-to-date: /home/uwr/microROS_AUV/install/rcl_interfaces/local/lib/python3.10/dist-packages/rcl_interfaces/rcl_interfaces_s__rosidl_typesupport_c.cpython-310-x86_64-linux-gnu.so
[4.024s] -- Up-to-date: /home/uwr/microROS_AUV/install/rcl_interfaces/lib/librcl_interfaces__rosidl_generator_py.so
[4.024s] -- Up-to-date: /home/uwr/microROS_AUV/install/rcl_interfaces/share/rcl_interfaces/msg/FloatingPointRange.idl
[4.038s] -- Up-to-date: /home/uwr/microROS_AUV/install/rcl_interfaces/share/rcl_interfaces/msg/IntegerRange.idl
[4.038s] -- Up-to-date: /home/uwr/microROS_AUV/install/rcl_interfaces/share/rcl_interfaces/msg/ListParametersResult.idl
[4.039s] -- Up-to-date: /home/uwr/microROS_AUV/install/rcl_interfaces/share/rcl_interfaces/msg/Log.idl
[4.039s] -- Up-to-date: /home/uwr/microROS_AUV/install/rcl_interfaces/share/rcl_interfaces/msg/ParameterDescriptor.idl
[4.039s] -- Up-to-date: /home/uwr/microROS_AUV/install/rcl_interfaces/share/rcl_interfaces/msg/ParameterEventDescriptors.idl
[4.040s] -- Up-to-date: /home/uwr/microROS_AUV/install/rcl_interfaces/share/rcl_interfaces/msg/ParameterEvent.idl
[4.040s] -- Up-to-date: /home/uwr/microROS_AUV/install/rcl_interfaces/share/rcl_interfaces/msg/Parameter.idl
[4.041s] -- Up-to-date: /home/uwr/microROS_AUV/install/rcl_interfaces/share/rcl_interfaces/msg/ParameterType.idl
[4.041s] -- Up-to-date: /home/uwr/microROS_AUV/install/rcl_interfaces/share/rcl_interfaces/msg/ParameterValue.idl
[4.041s] -- Up-to-date: /home/uwr/microROS_AUV/install/rcl_interfaces/share/rcl_interfaces/msg/SetParametersResult.idl
[4.042s] -- Up-to-date: /home/uwr/microROS_AUV/install/rcl_interfaces/share/rcl_interfaces/srv/DescribeParameters.idl
[4.042s] -- Up-to-date: /home/uwr/microROS_AUV/install/rcl_interfaces/share/rcl_interfaces/srv/GetParameters.idl
[4.042s] -- Up-to-date: /home/uwr/microROS_AUV/install/rcl_interfaces/share/rcl_interfaces/srv/GetParameterTypes.idl
[4.042s] -- Up-to-date: /home/uwr/microROS_AUV/install/rcl_interfaces/share/rcl_interfaces/srv/ListParameters.idl
[4.043s] -- Up-to-date: /home/uwr/microROS_AUV/install/rcl_interfaces/share/rcl_interfaces/srv/SetParametersAtomically.idl
[4.043s] -- Up-to-date: /home/uwr/microROS_AUV/install/rcl_interfaces/share/rcl_interfaces/srv/SetParameters.idl
[4.044s] -- Up-to-date: /home/uwr/microROS_AUV/install/rcl_interfaces/share/rcl_interfaces/msg/FloatingPointRange.msg
[4.044s] -- Up-to-date: /home/uwr/microROS_AUV/install/rcl_interfaces/share/rcl_interfaces/msg/IntegerRange.msg
[4.044s] -- Up-to-date: /home/uwr/microROS_AUV/install/rcl_interfaces/share/rcl_interfaces/msg/ListParametersResult.msg
[4.044s] -- Up-to-date: /home/uwr/microROS_AUV/install/rcl_interfaces/share/rcl_interfaces/msg/Log.msg
[4.045s] -- Up-to-date: /home/uwr/microROS_AUV/install/rcl_interfaces/share/rcl_interfaces/msg/ParameterDescriptor.msg
[4.045s] -- Up-to-date: /home/uwr/microROS_AUV/install/rcl_interfaces/share/rcl_interfaces/msg/ParameterEventDescriptors.msg
[4.045s] -- Up-to-date: /home/uwr/microROS_AUV/install/rcl_interfaces/share/rcl_interfaces/msg/ParameterEvent.msg
[4.046s] -- Up-to-date: /home/uwr/microROS_AUV/install/rcl_interfaces/share/rcl_interfaces/msg/Parameter.msg
[4.046s] -- Up-to-date: /home/uwr/microROS_AUV/install/rcl_interfaces/share/rcl_interfaces/msg/ParameterType.msg
[4.046s] -- Up-to-date: /home/uwr/microROS_AUV/install/rcl_interfaces/share/rcl_interfaces/msg/ParameterValue.msg
[4.046s] -- Up-to-date: /home/uwr/microROS_AUV/install/rcl_interfaces/share/rcl_interfaces/msg/SetParametersResult.msg
[4.046s] -- Up-to-date: /home/uwr/microROS_AUV/install/rcl_interfaces/share/rcl_interfaces/srv/DescribeParameters.srv
[4.047s] -- Up-to-date: /home/uwr/microROS_AUV/install/rcl_interfaces/share/rcl_interfaces/srv/DescribeParameters_Request.msg
[4.047s] -- Up-to-date: /home/uwr/microROS_AUV/install/rcl_interfaces/share/rcl_interfaces/srv/DescribeParameters_Response.msg
[4.047s] -- Up-to-date: /home/uwr/microROS_AUV/install/rcl_interfaces/share/rcl_interfaces/srv/GetParameters.srv
[4.047s] -- Up-to-date: /home/uwr/microROS_AUV/install/rcl_interfaces/share/rcl_interfaces/srv/GetParameters_Request.msg
[4.048s] -- Up-to-date: /home/uwr/microROS_AUV/install/rcl_interfaces/share/rcl_interfaces/srv/GetParameters_Response.msg
[4.049s] -- Up-to-date: /home/uwr/microROS_AUV/install/rcl_interfaces/share/rcl_interfaces/srv/GetParameterTypes.srv
[4.049s] -- Up-to-date: /home/uwr/microROS_AUV/install/rcl_interfaces/share/rcl_interfaces/srv/GetParameterTypes_Request.msg
[4.049s] -- Up-to-date: /home/uwr/microROS_AUV/install/rcl_interfaces/share/rcl_interfaces/srv/GetParameterTypes_Response.msg
[4.049s] -- Up-to-date: /home/uwr/microROS_AUV/install/rcl_interfaces/share/rcl_interfaces/srv/ListParameters.srv
[4.050s] -- Up-to-date: /home/uwr/microROS_AUV/install/rcl_interfaces/share/rcl_interfaces/srv/ListParameters_Request.msg
[4.050s] -- Up-to-date: /home/uwr/microROS_AUV/install/rcl_interfaces/share/rcl_interfaces/srv/ListParameters_Response.msg
[4.050s] -- Up-to-date: /home/uwr/microROS_AUV/install/rcl_interfaces/share/rcl_interfaces/srv/SetParametersAtomically.srv
[4.050s] -- Up-to-date: /home/uwr/microROS_AUV/install/rcl_interfaces/share/rcl_interfaces/srv/SetParametersAtomically_Request.msg
[4.051s] -- Up-to-date: /home/uwr/microROS_AUV/install/rcl_interfaces/share/rcl_interfaces/srv/SetParametersAtomically_Response.msg
[4.051s] -- Up-to-date: /home/uwr/microROS_AUV/install/rcl_interfaces/share/rcl_interfaces/srv/SetParameters.srv
[4.051s] -- Up-to-date: /home/uwr/microROS_AUV/install/rcl_interfaces/share/rcl_interfaces/srv/SetParameters_Request.msg
[4.051s] -- Up-to-date: /home/uwr/microROS_AUV/install/rcl_interfaces/share/rcl_interfaces/srv/SetParameters_Response.msg
[4.051s] -- Up-to-date: /home/uwr/microROS_AUV/install/rcl_interfaces/share/rcl_interfaces/mapping_rules.yaml
[4.052s] -- Up-to-date: /home/uwr/microROS_AUV/install/rcl_interfaces/share/ament_index/resource_index/package_run_dependencies/rcl_interfaces
[4.052s] -- Up-to-date: /home/uwr/microROS_AUV/install/rcl_interfaces/share/ament_index/resource_index/parent_prefix_path/rcl_interfaces
[4.052s] -- Up-to-date: /home/uwr/microROS_AUV/install/rcl_interfaces/share/rcl_interfaces/environment/ament_prefix_path.sh
[4.052s] -- Up-to-date: /home/uwr/microROS_AUV/install/rcl_interfaces/share/rcl_interfaces/environment/ament_prefix_path.dsv
[4.052s] -- Up-to-date: /home/uwr/microROS_AUV/install/rcl_interfaces/share/rcl_interfaces/environment/path.sh
[4.053s] -- Up-to-date: /home/uwr/microROS_AUV/install/rcl_interfaces/share/rcl_interfaces/environment/path.dsv
[4.053s] -- Up-to-date: /home/uwr/microROS_AUV/install/rcl_interfaces/share/rcl_interfaces/local_setup.bash
[4.053s] -- Up-to-date: /home/uwr/microROS_AUV/install/rcl_interfaces/share/rcl_interfaces/local_setup.sh
[4.054s] -- Up-to-date: /home/uwr/microROS_AUV/install/rcl_interfaces/share/rcl_interfaces/local_setup.zsh
[4.054s] -- Up-to-date: /home/uwr/microROS_AUV/install/rcl_interfaces/share/rcl_interfaces/local_setup.dsv
[4.054s] -- Up-to-date: /home/uwr/microROS_AUV/install/rcl_interfaces/share/rcl_interfaces/package.dsv
[4.055s] -- Up-to-date: /home/uwr/microROS_AUV/install/rcl_interfaces/share/ament_index/resource_index/packages/rcl_interfaces
[4.055s] -- Up-to-date: /home/uwr/microROS_AUV/install/rcl_interfaces/share/rcl_interfaces/cmake/export_rcl_interfaces__rosidl_generator_cExport.cmake
[4.055s] -- Up-to-date: /home/uwr/microROS_AUV/install/rcl_interfaces/share/rcl_interfaces/cmake/export_rcl_interfaces__rosidl_generator_cExport-noconfig.cmake
[4.056s] -- Up-to-date: /home/uwr/microROS_AUV/install/rcl_interfaces/share/rcl_interfaces/cmake/export_rcl_interfaces__rosidl_typesupport_fastrtps_cExport.cmake
[4.056s] -- Up-to-date: /home/uwr/microROS_AUV/install/rcl_interfaces/share/rcl_interfaces/cmake/export_rcl_interfaces__rosidl_typesupport_fastrtps_cExport-noconfig.cmake
[4.056s] -- Up-to-date: /home/uwr/microROS_AUV/install/rcl_interfaces/share/rcl_interfaces/cmake/rcl_interfaces__rosidl_typesupport_introspection_cExport.cmake
[4.057s] -- Up-to-date: /home/uwr/microROS_AUV/install/rcl_interfaces/share/rcl_interfaces/cmake/rcl_interfaces__rosidl_typesupport_introspection_cExport-noconfig.cmake
[4.058s] -- Up-to-date: /home/uwr/microROS_AUV/install/rcl_interfaces/share/rcl_interfaces/cmake/rcl_interfaces__rosidl_typesupport_cExport.cmake
[4.059s] -- Up-to-date: /home/uwr/microROS_AUV/install/rcl_interfaces/share/rcl_interfaces/cmake/rcl_interfaces__rosidl_typesupport_cExport-noconfig.cmake
[4.059s] -- Up-to-date: /home/uwr/microROS_AUV/install/rcl_interfaces/share/rcl_interfaces/cmake/export_rcl_interfaces__rosidl_generator_cppExport.cmake
[4.059s] -- Up-to-date: /home/uwr/microROS_AUV/install/rcl_interfaces/share/rcl_interfaces/cmake/export_rcl_interfaces__rosidl_typesupport_fastrtps_cppExport.cmake
[4.060s] -- Up-to-date: /home/uwr/microROS_AUV/install/rcl_interfaces/share/rcl_interfaces/cmake/export_rcl_interfaces__rosidl_typesupport_fastrtps_cppExport-noconfig.cmake
[4.060s] -- Up-to-date: /home/uwr/microROS_AUV/install/rcl_interfaces/share/rcl_interfaces/cmake/rcl_interfaces__rosidl_typesupport_introspection_cppExport.cmake
[4.060s] -- Up-to-date: /home/uwr/microROS_AUV/install/rcl_interfaces/share/rcl_interfaces/cmake/rcl_interfaces__rosidl_typesupport_introspection_cppExport-noconfig.cmake
[4.060s] -- Up-to-date: /home/uwr/microROS_AUV/install/rcl_interfaces/share/rcl_interfaces/cmake/rcl_interfaces__rosidl_typesupport_cppExport.cmake
[4.060s] -- Up-to-date: /home/uwr/microROS_AUV/install/rcl_interfaces/share/rcl_interfaces/cmake/rcl_interfaces__rosidl_typesupport_cppExport-noconfig.cmake
[4.061s] -- Up-to-date: /home/uwr/microROS_AUV/install/rcl_interfaces/share/rcl_interfaces/cmake/export_rcl_interfaces__rosidl_generator_pyExport.cmake
[4.061s] -- Up-to-date: /home/uwr/microROS_AUV/install/rcl_interfaces/share/rcl_interfaces/cmake/export_rcl_interfaces__rosidl_generator_pyExport-noconfig.cmake
[4.061s] -- Up-to-date: /home/uwr/microROS_AUV/install/rcl_interfaces/share/rcl_interfaces/cmake/rosidl_cmake-extras.cmake
[4.061s] -- Up-to-date: /home/uwr/microROS_AUV/install/rcl_interfaces/share/rcl_interfaces/cmake/ament_cmake_export_dependencies-extras.cmake
[4.061s] -- Up-to-date: /home/uwr/microROS_AUV/install/rcl_interfaces/share/rcl_interfaces/cmake/ament_cmake_export_include_directories-extras.cmake
[4.061s] -- Up-to-date: /home/uwr/microROS_AUV/install/rcl_interfaces/share/rcl_interfaces/cmake/ament_cmake_export_libraries-extras.cmake
[4.061s] -- Up-to-date: /home/uwr/microROS_AUV/install/rcl_interfaces/share/rcl_interfaces/cmake/ament_cmake_export_targets-extras.cmake
[4.061s] -- Up-to-date: /home/uwr/microROS_AUV/install/rcl_interfaces/share/rcl_interfaces/cmake/rosidl_cmake_export_typesupport_targets-extras.cmake
[4.062s] -- Up-to-date: /home/uwr/microROS_AUV/install/rcl_interfaces/share/rcl_interfaces/cmake/rosidl_cmake_export_typesupport_libraries-extras.cmake
[4.062s] -- Up-to-date: /home/uwr/microROS_AUV/install/rcl_interfaces/share/rcl_interfaces/cmake/rcl_interfacesConfig.cmake
[4.062s] -- Up-to-date: /home/uwr/microROS_AUV/install/rcl_interfaces/share/rcl_interfaces/cmake/rcl_interfacesConfig-version.cmake
[4.062s] -- Up-to-date: /home/uwr/microROS_AUV/install/rcl_interfaces/share/rcl_interfaces/package.xml
[4.062s] Invoked command in '/home/uwr/microROS_AUV/build/rcl_interfaces' returned '0': CMAKE_PREFIX_PATH=/home/uwr/microROS_AUV/install/builtin_interfaces:/home/uwr/microROS_AUV/install/action_msgs:/home/uwr/microROS_AUV/install/unique_identifier_msgs:/home/uwr/microROS_AUV/install/std_srvs:/home/uwr/microROS_AUV/install/rosidl_typesupport_microxrcedds_test_msg:/home/uwr/microROS_AUV/install/rosidl_typesupport_microxrcedds_cpp_tests:/home/uwr/microROS_AUV/install/rmw_microxrcedds:/home/uwr/microROS_AUV/install/rosidl_typesupport_microxrcedds_cpp:/home/uwr/microROS_AUV/install/rosidl_typesupport_microxrcedds_c_tests:/home/uwr/microROS_AUV/install/rosidl_typesupport_microxrcedds_c:/home/uwr/microROS_AUV/install/rosgraph_msgs:/home/uwr/microROS_AUV/install/microxrcedds_client:/home/uwr/microROS_AUV/install/microcdr:/home/uwr/microROS_AUV/install/micro_ros_utilities:/home/uwr/microROS_AUV/install/micro_ros_msgs:/home/uwr/microROS_AUV/install/lifecycle_msgs:/home/uwr/microROS_AUV/install/complex_msgs:/home/uwr/microROS_AUV/install/micro_ros_setup:/home/uwr/microROS_AUV/install/custom_interfaces:/home/uwr/Desktop/2024_UWR/install/kalman_filter:/home/uwr/Desktop/2024_UWR/install/sonar_msgs:/home/uwr/Desktop/2024_UWR/install/ros2-driver:/home/uwr/Desktop/2024_UWR/install/oculus_interfaces:/home/uwr/Desktop/2024_UWR/install/ntrip:/home/uwr/Desktop/2024_UWR/install/adnav-driver:/home/uwr/fls_ws/install/oculus_interfaces:/home/uwr/microROS_AUV/install/statistics_msgs:/home/uwr/microROS_AUV/install/control_pkg:/home/uwr/Desktop/2024_UWR/install/sonar_subs:/opt/ros/humble LD_LIBRARY_PATH=/home/uwr/microROS_AUV/install/builtin_interfaces/lib:/home/uwr/microROS_AUV/install/action_msgs/lib:/home/uwr/microROS_AUV/install/unique_identifier_msgs/lib:/home/uwr/microROS_AUV/install/std_srvs/lib:/home/uwr/microROS_AUV/install/statistics_msgs/lib:/home/uwr/microROS_AUV/install/rmw_microxrcedds/lib:/home/uwr/microROS_AUV/install/rosidl_typesupport_microxrcedds_cpp/lib:/home/uwr/microROS_AUV/install/rosidl_typesupport_microxrcedds_c/lib:/home/uwr/microROS_AUV/install/rosgraph_msgs/lib:/home/uwr/microROS_AUV/install/microxrcedds_client/lib:/home/uwr/microROS_AUV/install/microcdr/lib:/home/uwr/microROS_AUV/install/micro_ros_utilities/lib:/home/uwr/microROS_AUV/install/micro_ros_msgs/lib:/home/uwr/microROS_AUV/install/lifecycle_msgs/lib:/home/uwr/microROS_AUV/install/complex_msgs/lib:/home/uwr/microROS_AUV/install/custom_interfaces/lib:/home/uwr/oculus_driver/install/lib:/home/uwr/Desktop/2024_UWR/install/sonar_msgs/lib:/home/uwr/Desktop/2024_UWR/install/oculus_interfaces/lib:/home/uwr/fls_ws/install/oculus_interfaces/lib:/opt/ros/humble/opt/rviz_ogre_vendor/lib:/opt/ros/humble/lib/x86_64-linux-gnu:/opt/ros/humble/lib /usr/bin/cmake --install /home/uwr/microROS_AUV/build/rcl_interfaces
