[0.044s] Invoking command in '/home/uwr/microROS_AUV/build/microxrcedds_client': CMAKE_PREFIX_PATH=/home/uwr/microROS_AUV/install/microcdr:/home/uwr/microROS_AUV/install/action_msgs:/home/uwr/microROS_AUV/install/unique_identifier_msgs:/home/uwr/microROS_AUV/install/std_srvs:/home/uwr/microROS_AUV/install/rosidl_typesupport_microxrcedds_test_msg:/home/uwr/microROS_AUV/install/rosidl_typesupport_microxrcedds_cpp_tests:/home/uwr/microROS_AUV/install/rmw_microxrcedds:/home/uwr/microROS_AUV/install/rosidl_typesupport_microxrcedds_cpp:/home/uwr/microROS_AUV/install/rosidl_typesupport_microxrcedds_c_tests:/home/uwr/microROS_AUV/install/rosidl_typesupport_microxrcedds_c:/home/uwr/microROS_AUV/install/rosgraph_msgs:/home/uwr/microROS_AUV/install/microxrcedds_client:/home/uwr/microROS_AUV/install/micro_ros_utilities:/home/uwr/microROS_AUV/install/micro_ros_msgs:/home/uwr/microROS_AUV/install/lifecycle_msgs:/home/uwr/microROS_AUV/install/complex_msgs:/home/uwr/microROS_AUV/install/builtin_interfaces:/home/uwr/microROS_AUV/install/micro_ros_setup:/home/uwr/microROS_AUV/install/custom_interfaces:/home/uwr/Desktop/2024_UWR/install/kalman_filter:/home/uwr/Desktop/2024_UWR/install/sonar_msgs:/home/uwr/Desktop/2024_UWR/install/ros2-driver:/home/uwr/Desktop/2024_UWR/install/oculus_interfaces:/home/uwr/Desktop/2024_UWR/install/ntrip:/home/uwr/Desktop/2024_UWR/install/adnav-driver:/home/uwr/fls_ws/install/oculus_interfaces LD_LIBRARY_PATH=/home/uwr/microROS_AUV/install/microcdr/lib:/home/uwr/microROS_AUV/install/action_msgs/lib:/home/uwr/microROS_AUV/install/unique_identifier_msgs/lib:/home/uwr/microROS_AUV/install/std_srvs/lib:/home/uwr/microROS_AUV/install/statistics_msgs/lib:/home/uwr/microROS_AUV/install/rmw_microxrcedds/lib:/home/uwr/microROS_AUV/install/rosidl_typesupport_microxrcedds_cpp/lib:/home/uwr/microROS_AUV/install/rosidl_typesupport_microxrcedds_c/lib:/home/uwr/microROS_AUV/install/rosgraph_msgs/lib:/home/uwr/microROS_AUV/install/microxrcedds_client/lib:/home/uwr/microROS_AUV/install/micro_ros_utilities/lib:/home/uwr/microROS_AUV/install/micro_ros_msgs/lib:/home/uwr/microROS_AUV/install/lifecycle_msgs/lib:/home/uwr/microROS_AUV/install/complex_msgs/lib:/home/uwr/microROS_AUV/install/builtin_interfaces/lib:/home/uwr/microROS_AUV/install/custom_interfaces/lib:/home/uwr/oculus_driver/install/lib:/home/uwr/Desktop/2024_UWR/install/sonar_msgs/lib:/home/uwr/Desktop/2024_UWR/install/oculus_interfaces/lib:/home/uwr/fls_ws/install/oculus_interfaces/lib:/opt/ros/humble/opt/rviz_ogre_vendor/lib:/opt/ros/humble/lib/x86_64-linux-gnu:/opt/ros/humble/lib /usr/bin/cmake --build /home/uwr/microROS_AUV/build/microxrcedds_client -- -j8 -l8
[0.232s] [100%] Built target microxrcedds_client
[0.265s] Invoked command in '/home/uwr/microROS_AUV/build/microxrcedds_client' returned '0': CMAKE_PREFIX_PATH=/home/uwr/microROS_AUV/install/microcdr:/home/uwr/microROS_AUV/install/action_msgs:/home/uwr/microROS_AUV/install/unique_identifier_msgs:/home/uwr/microROS_AUV/install/std_srvs:/home/uwr/microROS_AUV/install/rosidl_typesupport_microxrcedds_test_msg:/home/uwr/microROS_AUV/install/rosidl_typesupport_microxrcedds_cpp_tests:/home/uwr/microROS_AUV/install/rmw_microxrcedds:/home/uwr/microROS_AUV/install/rosidl_typesupport_microxrcedds_cpp:/home/uwr/microROS_AUV/install/rosidl_typesupport_microxrcedds_c_tests:/home/uwr/microROS_AUV/install/rosidl_typesupport_microxrcedds_c:/home/uwr/microROS_AUV/install/rosgraph_msgs:/home/uwr/microROS_AUV/install/microxrcedds_client:/home/uwr/microROS_AUV/install/micro_ros_utilities:/home/uwr/microROS_AUV/install/micro_ros_msgs:/home/uwr/microROS_AUV/install/lifecycle_msgs:/home/uwr/microROS_AUV/install/complex_msgs:/home/uwr/microROS_AUV/install/builtin_interfaces:/home/uwr/microROS_AUV/install/micro_ros_setup:/home/uwr/microROS_AUV/install/custom_interfaces:/home/uwr/Desktop/2024_UWR/install/kalman_filter:/home/uwr/Desktop/2024_UWR/install/sonar_msgs:/home/uwr/Desktop/2024_UWR/install/ros2-driver:/home/uwr/Desktop/2024_UWR/install/oculus_interfaces:/home/uwr/Desktop/2024_UWR/install/ntrip:/home/uwr/Desktop/2024_UWR/install/adnav-driver:/home/uwr/fls_ws/install/oculus_interfaces LD_LIBRARY_PATH=/home/uwr/microROS_AUV/install/microcdr/lib:/home/uwr/microROS_AUV/install/action_msgs/lib:/home/uwr/microROS_AUV/install/unique_identifier_msgs/lib:/home/uwr/microROS_AUV/install/std_srvs/lib:/home/uwr/microROS_AUV/install/statistics_msgs/lib:/home/uwr/microROS_AUV/install/rmw_microxrcedds/lib:/home/uwr/microROS_AUV/install/rosidl_typesupport_microxrcedds_cpp/lib:/home/uwr/microROS_AUV/install/rosidl_typesupport_microxrcedds_c/lib:/home/uwr/microROS_AUV/install/rosgraph_msgs/lib:/home/uwr/microROS_AUV/install/microxrcedds_client/lib:/home/uwr/microROS_AUV/install/micro_ros_utilities/lib:/home/uwr/microROS_AUV/install/micro_ros_msgs/lib:/home/uwr/microROS_AUV/install/lifecycle_msgs/lib:/home/uwr/microROS_AUV/install/complex_msgs/lib:/home/uwr/microROS_AUV/install/builtin_interfaces/lib:/home/uwr/microROS_AUV/install/custom_interfaces/lib:/home/uwr/oculus_driver/install/lib:/home/uwr/Desktop/2024_UWR/install/sonar_msgs/lib:/home/uwr/Desktop/2024_UWR/install/oculus_interfaces/lib:/home/uwr/fls_ws/install/oculus_interfaces/lib:/opt/ros/humble/opt/rviz_ogre_vendor/lib:/opt/ros/humble/lib/x86_64-linux-gnu:/opt/ros/humble/lib /usr/bin/cmake --build /home/uwr/microROS_AUV/build/microxrcedds_client -- -j8 -l8
[0.613s] Invoking command in '/home/uwr/microROS_AUV/build/microxrcedds_client': CMAKE_PREFIX_PATH=/home/uwr/microROS_AUV/install/microcdr:/home/uwr/microROS_AUV/install/action_msgs:/home/uwr/microROS_AUV/install/unique_identifier_msgs:/home/uwr/microROS_AUV/install/std_srvs:/home/uwr/microROS_AUV/install/rosidl_typesupport_microxrcedds_test_msg:/home/uwr/microROS_AUV/install/rosidl_typesupport_microxrcedds_cpp_tests:/home/uwr/microROS_AUV/install/rmw_microxrcedds:/home/uwr/microROS_AUV/install/rosidl_typesupport_microxrcedds_cpp:/home/uwr/microROS_AUV/install/rosidl_typesupport_microxrcedds_c_tests:/home/uwr/microROS_AUV/install/rosidl_typesupport_microxrcedds_c:/home/uwr/microROS_AUV/install/rosgraph_msgs:/home/uwr/microROS_AUV/install/microxrcedds_client:/home/uwr/microROS_AUV/install/micro_ros_utilities:/home/uwr/microROS_AUV/install/micro_ros_msgs:/home/uwr/microROS_AUV/install/lifecycle_msgs:/home/uwr/microROS_AUV/install/complex_msgs:/home/uwr/microROS_AUV/install/builtin_interfaces:/home/uwr/microROS_AUV/install/micro_ros_setup:/home/uwr/microROS_AUV/install/custom_interfaces:/home/uwr/Desktop/2024_UWR/install/kalman_filter:/home/uwr/Desktop/2024_UWR/install/sonar_msgs:/home/uwr/Desktop/2024_UWR/install/ros2-driver:/home/uwr/Desktop/2024_UWR/install/oculus_interfaces:/home/uwr/Desktop/2024_UWR/install/ntrip:/home/uwr/Desktop/2024_UWR/install/adnav-driver:/home/uwr/fls_ws/install/oculus_interfaces LD_LIBRARY_PATH=/home/uwr/microROS_AUV/install/microcdr/lib:/home/uwr/microROS_AUV/install/action_msgs/lib:/home/uwr/microROS_AUV/install/unique_identifier_msgs/lib:/home/uwr/microROS_AUV/install/std_srvs/lib:/home/uwr/microROS_AUV/install/statistics_msgs/lib:/home/uwr/microROS_AUV/install/rmw_microxrcedds/lib:/home/uwr/microROS_AUV/install/rosidl_typesupport_microxrcedds_cpp/lib:/home/uwr/microROS_AUV/install/rosidl_typesupport_microxrcedds_c/lib:/home/uwr/microROS_AUV/install/rosgraph_msgs/lib:/home/uwr/microROS_AUV/install/microxrcedds_client/lib:/home/uwr/microROS_AUV/install/micro_ros_utilities/lib:/home/uwr/microROS_AUV/install/micro_ros_msgs/lib:/home/uwr/microROS_AUV/install/lifecycle_msgs/lib:/home/uwr/microROS_AUV/install/complex_msgs/lib:/home/uwr/microROS_AUV/install/builtin_interfaces/lib:/home/uwr/microROS_AUV/install/custom_interfaces/lib:/home/uwr/oculus_driver/install/lib:/home/uwr/Desktop/2024_UWR/install/sonar_msgs/lib:/home/uwr/Desktop/2024_UWR/install/oculus_interfaces/lib:/home/uwr/fls_ws/install/oculus_interfaces/lib:/opt/ros/humble/opt/rviz_ogre_vendor/lib:/opt/ros/humble/lib/x86_64-linux-gnu:/opt/ros/humble/lib /usr/bin/cmake --install /home/uwr/microROS_AUV/build/microxrcedds_client
[0.639s] -- Install configuration: "Release"
[0.649s] -- Up-to-date: /home/uwr/microROS_AUV/install/microxrcedds_client/lib/libmicroxrcedds_client.so.2.4.2
[0.649s] -- Up-to-date: /home/uwr/microROS_AUV/install/microxrcedds_client/lib/libmicroxrcedds_client.so.2.4
[0.649s] -- Up-to-date: /home/uwr/microROS_AUV/install/microxrcedds_client/lib/libmicroxrcedds_client.so
[0.649s] -- Up-to-date: /home/uwr/microROS_AUV/install/microxrcedds_client/include/uxr/client
[0.650s] -- Up-to-date: /home/uwr/microROS_AUV/install/microxrcedds_client/include/uxr/client/visibility.h
[0.650s] -- Up-to-date: /home/uwr/microROS_AUV/install/microxrcedds_client/include/uxr/client/defines.h
[0.650s] -- Up-to-date: /home/uwr/microROS_AUV/install/microxrcedds_client/include/uxr/client/client.h
[0.650s] -- Up-to-date: /home/uwr/microROS_AUV/install/microxrcedds_client/include/uxr/client/util
[0.650s] -- Up-to-date: /home/uwr/microROS_AUV/install/microxrcedds_client/include/uxr/client/util/time.h
[0.651s] -- Up-to-date: /home/uwr/microROS_AUV/install/microxrcedds_client/include/uxr/client/util/ping.h
[0.651s] -- Up-to-date: /home/uwr/microROS_AUV/install/microxrcedds_client/include/uxr/client/core
[0.651s] -- Up-to-date: /home/uwr/microROS_AUV/install/microxrcedds_client/include/uxr/client/core/communication
[0.659s] -- Up-to-date: /home/uwr/microROS_AUV/install/microxrcedds_client/include/uxr/client/core/communication/communication.h
[0.659s] -- Up-to-date: /home/uwr/microROS_AUV/install/microxrcedds_client/include/uxr/client/core/type
[0.660s] -- Up-to-date: /home/uwr/microROS_AUV/install/microxrcedds_client/include/uxr/client/core/type/xrce_types.h
[0.660s] -- Up-to-date: /home/uwr/microROS_AUV/install/microxrcedds_client/include/uxr/client/core/session
[0.660s] -- Up-to-date: /home/uwr/microROS_AUV/install/microxrcedds_client/include/uxr/client/core/session/common_create_entities.h
[0.661s] -- Up-to-date: /home/uwr/microROS_AUV/install/microxrcedds_client/include/uxr/client/core/session/create_entities_bin.h
[0.661s] -- Up-to-date: /home/uwr/microROS_AUV/install/microxrcedds_client/include/uxr/client/core/session/write_access.h
[0.661s] -- Up-to-date: /home/uwr/microROS_AUV/install/microxrcedds_client/include/uxr/client/core/session/time_sync.h
[0.661s] -- Up-to-date: /home/uwr/microROS_AUV/install/microxrcedds_client/include/uxr/client/core/session/stream
[0.666s] -- Up-to-date: /home/uwr/microROS_AUV/install/microxrcedds_client/include/uxr/client/core/session/stream/seq_num.h
[0.666s] -- Up-to-date: /home/uwr/microROS_AUV/install/microxrcedds_client/include/uxr/client/core/session/stream/input_best_effort_stream.h
[0.666s] -- Up-to-date: /home/uwr/microROS_AUV/install/microxrcedds_client/include/uxr/client/core/session/stream/stream_id.h
[0.667s] -- Up-to-date: /home/uwr/microROS_AUV/install/microxrcedds_client/include/uxr/client/core/session/stream/stream_storage.h
[0.667s] -- Up-to-date: /home/uwr/microROS_AUV/install/microxrcedds_client/include/uxr/client/core/session/stream/output_reliable_stream.h
[0.667s] -- Up-to-date: /home/uwr/microROS_AUV/install/microxrcedds_client/include/uxr/client/core/session/stream/reliable_stream.h
[0.667s] -- Up-to-date: /home/uwr/microROS_AUV/install/microxrcedds_client/include/uxr/client/core/session/stream/input_reliable_stream.h
[0.667s] -- Up-to-date: /home/uwr/microROS_AUV/install/microxrcedds_client/include/uxr/client/core/session/stream/output_best_effort_stream.h
[0.668s] -- Up-to-date: /home/uwr/microROS_AUV/install/microxrcedds_client/include/uxr/client/core/session/create_entities_ref.h
[0.668s] -- Up-to-date: /home/uwr/microROS_AUV/install/microxrcedds_client/include/uxr/client/core/session/create_entities_xml.h
[0.668s] -- Up-to-date: /home/uwr/microROS_AUV/install/microxrcedds_client/include/uxr/client/core/session/session.h
[0.668s] -- Up-to-date: /home/uwr/microROS_AUV/install/microxrcedds_client/include/uxr/client/core/session/read_access.h
[0.668s] -- Up-to-date: /home/uwr/microROS_AUV/install/microxrcedds_client/include/uxr/client/core/session/object_id.h
[0.669s] -- Up-to-date: /home/uwr/microROS_AUV/install/microxrcedds_client/include/uxr/client/core/session/session_info.h
[0.669s] -- Up-to-date: /home/uwr/microROS_AUV/install/microxrcedds_client/include/uxr/client/transport.h
[0.669s] -- Up-to-date: /home/uwr/microROS_AUV/install/microxrcedds_client/include/uxr/client/profile
[0.669s] -- Up-to-date: /home/uwr/microROS_AUV/install/microxrcedds_client/include/uxr/client/profile/multithread
[0.671s] -- Up-to-date: /home/uwr/microROS_AUV/install/microxrcedds_client/include/uxr/client/profile/multithread/multithread.h
[0.671s] -- Up-to-date: /home/uwr/microROS_AUV/install/microxrcedds_client/include/uxr/client/profile/discovery
[0.680s] -- Up-to-date: /home/uwr/microROS_AUV/install/microxrcedds_client/include/uxr/client/profile/discovery/discovery.h
[0.682s] -- Up-to-date: /home/uwr/microROS_AUV/install/microxrcedds_client/include/uxr/client/profile/transport
[0.691s] -- Up-to-date: /home/uwr/microROS_AUV/install/microxrcedds_client/include/uxr/client/profile/transport/stream_framing
[0.691s] -- Up-to-date: /home/uwr/microROS_AUV/install/microxrcedds_client/include/uxr/client/profile/transport/stream_framing/stream_framing_protocol.h
[0.691s] -- Up-to-date: /home/uwr/microROS_AUV/install/microxrcedds_client/include/uxr/client/profile/transport/serial
[0.692s] -- Up-to-date: /home/uwr/microROS_AUV/install/microxrcedds_client/include/uxr/client/profile/transport/serial/serial_transport.h
[0.692s] -- Up-to-date: /home/uwr/microROS_AUV/install/microxrcedds_client/include/uxr/client/profile/transport/serial/serial_transport_rtems_bsd_net.h
[0.692s] -- Up-to-date: /home/uwr/microROS_AUV/install/microxrcedds_client/include/uxr/client/profile/transport/serial/serial_transport_posix.h
[0.692s] -- Up-to-date: /home/uwr/microROS_AUV/install/microxrcedds_client/include/uxr/client/profile/transport/serial/serial_transport_platform.h
[0.692s] -- Up-to-date: /home/uwr/microROS_AUV/install/microxrcedds_client/include/uxr/client/profile/transport/ip
[0.692s] -- Up-to-date: /home/uwr/microROS_AUV/install/microxrcedds_client/include/uxr/client/profile/transport/ip/udp
[0.693s] -- Up-to-date: /home/uwr/microROS_AUV/install/microxrcedds_client/include/uxr/client/profile/transport/ip/udp/udp_transport_posix.h
[0.693s] -- Up-to-date: /home/uwr/microROS_AUV/install/microxrcedds_client/include/uxr/client/profile/transport/ip/udp/udp_transport_windows.h
[0.693s] -- Up-to-date: /home/uwr/microROS_AUV/install/microxrcedds_client/include/uxr/client/profile/transport/ip/udp/udp_transport_posix_nopoll.h
[0.693s] -- Up-to-date: /home/uwr/microROS_AUV/install/microxrcedds_client/include/uxr/client/profile/transport/ip/udp/udp_transport_freertos_plus_tcp.h
[0.693s] -- Up-to-date: /home/uwr/microROS_AUV/install/microxrcedds_client/include/uxr/client/profile/transport/ip/udp/udp_transport_rtems_bsd_net.h
[0.694s] -- Up-to-date: /home/uwr/microROS_AUV/install/microxrcedds_client/include/uxr/client/profile/transport/ip/udp/udp_transport.h
[0.694s] -- Up-to-date: /home/uwr/microROS_AUV/install/microxrcedds_client/include/uxr/client/profile/transport/ip/ip.h
[0.694s] -- Up-to-date: /home/uwr/microROS_AUV/install/microxrcedds_client/include/uxr/client/profile/transport/ip/tcp
[0.695s] -- Up-to-date: /home/uwr/microROS_AUV/install/microxrcedds_client/include/uxr/client/profile/transport/ip/tcp/tcp_transport_posix_nopoll.h
[0.695s] -- Up-to-date: /home/uwr/microROS_AUV/install/microxrcedds_client/include/uxr/client/profile/transport/ip/tcp/tcp_transport.h
[0.695s] -- Up-to-date: /home/uwr/microROS_AUV/install/microxrcedds_client/include/uxr/client/profile/transport/ip/tcp/tcp_transport_rtems_bsd_net.h
[0.695s] -- Up-to-date: /home/uwr/microROS_AUV/install/microxrcedds_client/include/uxr/client/profile/transport/ip/tcp/tcp_transport_posix.h
[0.696s] -- Up-to-date: /home/uwr/microROS_AUV/install/microxrcedds_client/include/uxr/client/profile/transport/ip/tcp/tcp_transport_freertos_plus_tcp.h
[0.696s] -- Up-to-date: /home/uwr/microROS_AUV/install/microxrcedds_client/include/uxr/client/profile/transport/ip/tcp/tcp_transport_windows.h
[0.696s] -- Up-to-date: /home/uwr/microROS_AUV/install/microxrcedds_client/include/uxr/client/profile/transport/can
[0.699s] -- Up-to-date: /home/uwr/microROS_AUV/install/microxrcedds_client/include/uxr/client/profile/transport/can/can_transport_posix.h
[0.699s] -- Up-to-date: /home/uwr/microROS_AUV/install/microxrcedds_client/include/uxr/client/profile/transport/can/can_transport.h
[0.699s] -- Up-to-date: /home/uwr/microROS_AUV/install/microxrcedds_client/include/uxr/client/profile/transport/custom
[0.699s] -- Up-to-date: /home/uwr/microROS_AUV/install/microxrcedds_client/include/uxr/client/profile/transport/custom/custom_transport.h
[0.700s] -- Up-to-date: /home/uwr/microROS_AUV/install/microxrcedds_client/include/uxr/client/config.h
[0.700s] -- Up-to-date: /home/uwr/microROS_AUV/install/microxrcedds_client/share/microxrcedds_client/cmake/microxrcedds_clientTargets.cmake
[0.701s] -- Up-to-date: /home/uwr/microROS_AUV/install/microxrcedds_client/share/microxrcedds_client/cmake/microxrcedds_clientTargets-release.cmake
[0.701s] -- Up-to-date: /home/uwr/microROS_AUV/install/microxrcedds_client/share/microxrcedds_client/cmake/microxrcedds_clientConfig.cmake
[0.701s] -- Up-to-date: /home/uwr/microROS_AUV/install/microxrcedds_client/share/microxrcedds_client/cmake/microxrcedds_clientConfigVersion.cmake
[0.712s] Invoked command in '/home/uwr/microROS_AUV/build/microxrcedds_client' returned '0': CMAKE_PREFIX_PATH=/home/uwr/microROS_AUV/install/microcdr:/home/uwr/microROS_AUV/install/action_msgs:/home/uwr/microROS_AUV/install/unique_identifier_msgs:/home/uwr/microROS_AUV/install/std_srvs:/home/uwr/microROS_AUV/install/rosidl_typesupport_microxrcedds_test_msg:/home/uwr/microROS_AUV/install/rosidl_typesupport_microxrcedds_cpp_tests:/home/uwr/microROS_AUV/install/rmw_microxrcedds:/home/uwr/microROS_AUV/install/rosidl_typesupport_microxrcedds_cpp:/home/uwr/microROS_AUV/install/rosidl_typesupport_microxrcedds_c_tests:/home/uwr/microROS_AUV/install/rosidl_typesupport_microxrcedds_c:/home/uwr/microROS_AUV/install/rosgraph_msgs:/home/uwr/microROS_AUV/install/microxrcedds_client:/home/uwr/microROS_AUV/install/micro_ros_utilities:/home/uwr/microROS_AUV/install/micro_ros_msgs:/home/uwr/microROS_AUV/install/lifecycle_msgs:/home/uwr/microROS_AUV/install/complex_msgs:/home/uwr/microROS_AUV/install/builtin_interfaces:/home/uwr/microROS_AUV/install/micro_ros_setup:/home/uwr/microROS_AUV/install/custom_interfaces:/home/uwr/Desktop/2024_UWR/install/kalman_filter:/home/uwr/Desktop/2024_UWR/install/sonar_msgs:/home/uwr/Desktop/2024_UWR/install/ros2-driver:/home/uwr/Desktop/2024_UWR/install/oculus_interfaces:/home/uwr/Desktop/2024_UWR/install/ntrip:/home/uwr/Desktop/2024_UWR/install/adnav-driver:/home/uwr/fls_ws/install/oculus_interfaces LD_LIBRARY_PATH=/home/uwr/microROS_AUV/install/microcdr/lib:/home/uwr/microROS_AUV/install/action_msgs/lib:/home/uwr/microROS_AUV/install/unique_identifier_msgs/lib:/home/uwr/microROS_AUV/install/std_srvs/lib:/home/uwr/microROS_AUV/install/statistics_msgs/lib:/home/uwr/microROS_AUV/install/rmw_microxrcedds/lib:/home/uwr/microROS_AUV/install/rosidl_typesupport_microxrcedds_cpp/lib:/home/uwr/microROS_AUV/install/rosidl_typesupport_microxrcedds_c/lib:/home/uwr/microROS_AUV/install/rosgraph_msgs/lib:/home/uwr/microROS_AUV/install/microxrcedds_client/lib:/home/uwr/microROS_AUV/install/micro_ros_utilities/lib:/home/uwr/microROS_AUV/install/micro_ros_msgs/lib:/home/uwr/microROS_AUV/install/lifecycle_msgs/lib:/home/uwr/microROS_AUV/install/complex_msgs/lib:/home/uwr/microROS_AUV/install/builtin_interfaces/lib:/home/uwr/microROS_AUV/install/custom_interfaces/lib:/home/uwr/oculus_driver/install/lib:/home/uwr/Desktop/2024_UWR/install/sonar_msgs/lib:/home/uwr/Desktop/2024_UWR/install/oculus_interfaces/lib:/home/uwr/fls_ws/install/oculus_interfaces/lib:/opt/ros/humble/opt/rviz_ogre_vendor/lib:/opt/ros/humble/lib/x86_64-linux-gnu:/opt/ros/humble/lib /usr/bin/cmake --install /home/uwr/microROS_AUV/build/microxrcedds_client
