[0.052s] Invoking command in '/home/uwr/microROS_AUV/build/complex_msgs': AMENT_PREFIX_PATH=/home/uwr/microROS_AUV/install/builtin_interfaces:${AMENT_PREFIX_PATH} CMAKE_PREFIX_PATH=/home/uwr/microROS_AUV/install/builtin_interfaces:/home/uwr/microROS_AUV/install/rosidl_typesupport_microxrcedds_cpp:/home/uwr/microROS_AUV/install/rosidl_typesupport_microxrcedds_c:/home/uwr/microROS_AUV/install/microcdr:/home/uwr/microROS_AUV/install/micro_ros_setup:/home/uwr/microROS_AUV/install/custom_interfaces:/home/uwr/Desktop/2024_UWR/install/kalman_filter:/home/uwr/Desktop/2024_UWR/install/sonar_msgs:/home/uwr/Desktop/2024_UWR/install/ros2-driver:/home/uwr/Desktop/2024_UWR/install/oculus_interfaces:/home/uwr/Desktop/2024_UWR/install/ntrip:/home/uwr/Desktop/2024_UWR/install/adnav-driver:/home/uwr/fls_ws/install/oculus_interfaces:/home/uwr/microROS_AUV/install/control_pkg:/home/uwr/Desktop/2024_UWR/install/sonar_subs:/opt/ros/humble LD_LIBRARY_PATH=/home/uwr/microROS_AUV/install/builtin_interfaces/lib:${LD_LIBRARY_PATH} PYTHONPATH=/home/uwr/microROS_AUV/install/builtin_interfaces/local/lib/python3.10/dist-packages:${PYTHONPATH} /usr/bin/cmake /home/uwr/microROS_AUV/src/uros/micro-ROS-demos/messages/complex_msg -DBUILD_TESTING=OFF -DBUILD_SHARED_LIBS=ON -DCMAKE_INSTALL_PREFIX=/home/uwr/microROS_AUV/install/complex_msgs
[2.111s] -- The C compiler identification is GNU 11.4.0
[2.111s] -- The CXX compiler identification is GNU 11.4.0
[2.111s] -- Detecting C compiler ABI info
[2.111s] -- Detecting C compiler ABI info - done
[2.112s] -- Check for working C compiler: /usr/bin/cc - skipped
[2.112s] -- Detecting C compile features
[2.112s] -- Detecting C compile features - done
[2.112s] -- Detecting CXX compiler ABI info
[2.112s] -- Detecting CXX compiler ABI info - done
[2.113s] -- Check for working CXX compiler: /usr/bin/c++ - skipped
[2.113s] -- Detecting CXX compile features
[2.113s] -- Detecting CXX compile features - done
[2.113s] -- Found ament_cmake: 1.3.10 (/opt/ros/humble/share/ament_cmake/cmake)
[2.113s] -- Found Python3: /usr/bin/python3 (found version "3.10.12") found components: Interpreter 
[2.114s] -- Found builtin_interfaces: 1.2.2 (/home/uwr/microROS_AUV/install/builtin_interfaces/share/builtin_interfaces/cmake)
[2.114s] -- Found rosidl_generator_c: 3.1.5 (/opt/ros/humble/share/rosidl_generator_c/cmake)
[2.114s] -- Found rosidl_adapter: 3.1.5 (/opt/ros/humble/share/rosidl_adapter/cmake)
[2.117s] -- Found rosidl_generator_cpp: 3.1.5 (/opt/ros/humble/share/rosidl_generator_cpp/cmake)
[2.117s] -- Using all available rosidl_typesupport_c: rosidl_typesupport_microxrcedds_c;rosidl_typesupport_fastrtps_c;rosidl_typesupport_introspection_c
[2.118s] -- Using all available rosidl_typesupport_cpp: rosidl_typesupport_microxrcedds_cpp;rosidl_typesupport_fastrtps_cpp;rosidl_typesupport_introspection_cpp
[2.118s] -- Found rosidl_default_generators: 1.2.0 (/opt/ros/humble/share/rosidl_default_generators/cmake)
[2.950s] -- Found ament_cmake_ros: 0.10.0 (/opt/ros/humble/share/ament_cmake_ros/cmake)
[4.030s] -- Using all available rosidl_typesupport_c: rosidl_typesupport_microxrcedds_c;rosidl_typesupport_fastrtps_c;rosidl_typesupport_introspection_c
[4.561s] -- Using all available rosidl_typesupport_cpp: rosidl_typesupport_microxrcedds_cpp;rosidl_typesupport_fastrtps_cpp;rosidl_typesupport_introspection_cpp
[4.633s] -- Found PythonInterp: /usr/bin/python3 (found suitable version "3.10.12", minimum required is "3.6") 
[4.636s] -- Found python_cmake_module: 0.10.0 (/opt/ros/humble/share/python_cmake_module/cmake)
[4.706s] -- Found PythonLibs: /usr/lib/x86_64-linux-gnu/libpython3.10.so (found suitable version "3.10.12", minimum required is "3.5") 
[4.706s] -- Using PYTHON_EXECUTABLE: /usr/bin/python3
[4.706s] -- Using PYTHON_INCLUDE_DIRS: /usr/include/python3.10
[4.706s] -- Using PYTHON_LIBRARIES: /usr/lib/x86_64-linux-gnu/libpython3.10.so
[4.769s] -- Found PythonExtra: .so  
[4.904s] -- Configuring done
[4.984s] -- Generating done
[4.988s] -- Build files have been written to: /home/uwr/microROS_AUV/build/complex_msgs
[5.004s] Invoked command in '/home/uwr/microROS_AUV/build/complex_msgs' returned '0': AMENT_PREFIX_PATH=/home/uwr/microROS_AUV/install/builtin_interfaces:${AMENT_PREFIX_PATH} CMAKE_PREFIX_PATH=/home/uwr/microROS_AUV/install/builtin_interfaces:/home/uwr/microROS_AUV/install/rosidl_typesupport_microxrcedds_cpp:/home/uwr/microROS_AUV/install/rosidl_typesupport_microxrcedds_c:/home/uwr/microROS_AUV/install/microcdr:/home/uwr/microROS_AUV/install/micro_ros_setup:/home/uwr/microROS_AUV/install/custom_interfaces:/home/uwr/Desktop/2024_UWR/install/kalman_filter:/home/uwr/Desktop/2024_UWR/install/sonar_msgs:/home/uwr/Desktop/2024_UWR/install/ros2-driver:/home/uwr/Desktop/2024_UWR/install/oculus_interfaces:/home/uwr/Desktop/2024_UWR/install/ntrip:/home/uwr/Desktop/2024_UWR/install/adnav-driver:/home/uwr/fls_ws/install/oculus_interfaces:/home/uwr/microROS_AUV/install/control_pkg:/home/uwr/Desktop/2024_UWR/install/sonar_subs:/opt/ros/humble LD_LIBRARY_PATH=/home/uwr/microROS_AUV/install/builtin_interfaces/lib:${LD_LIBRARY_PATH} PYTHONPATH=/home/uwr/microROS_AUV/install/builtin_interfaces/local/lib/python3.10/dist-packages:${PYTHONPATH} /usr/bin/cmake /home/uwr/microROS_AUV/src/uros/micro-ROS-demos/messages/complex_msg -DBUILD_TESTING=OFF -DBUILD_SHARED_LIBS=ON -DCMAKE_INSTALL_PREFIX=/home/uwr/microROS_AUV/install/complex_msgs
[5.005s] Invoking command in '/home/uwr/microROS_AUV/build/complex_msgs': AMENT_PREFIX_PATH=/home/uwr/microROS_AUV/install/builtin_interfaces:${AMENT_PREFIX_PATH} CMAKE_PREFIX_PATH=/home/uwr/microROS_AUV/install/builtin_interfaces:/home/uwr/microROS_AUV/install/rosidl_typesupport_microxrcedds_cpp:/home/uwr/microROS_AUV/install/rosidl_typesupport_microxrcedds_c:/home/uwr/microROS_AUV/install/microcdr:/home/uwr/microROS_AUV/install/micro_ros_setup:/home/uwr/microROS_AUV/install/custom_interfaces:/home/uwr/Desktop/2024_UWR/install/kalman_filter:/home/uwr/Desktop/2024_UWR/install/sonar_msgs:/home/uwr/Desktop/2024_UWR/install/ros2-driver:/home/uwr/Desktop/2024_UWR/install/oculus_interfaces:/home/uwr/Desktop/2024_UWR/install/ntrip:/home/uwr/Desktop/2024_UWR/install/adnav-driver:/home/uwr/fls_ws/install/oculus_interfaces:/home/uwr/microROS_AUV/install/control_pkg:/home/uwr/Desktop/2024_UWR/install/sonar_subs:/opt/ros/humble LD_LIBRARY_PATH=/home/uwr/microROS_AUV/install/builtin_interfaces/lib:${LD_LIBRARY_PATH} PYTHONPATH=/home/uwr/microROS_AUV/install/builtin_interfaces/local/lib/python3.10/dist-packages:${PYTHONPATH} /usr/bin/cmake --build /home/uwr/microROS_AUV/build/complex_msgs -- -j8 -l8
[5.155s] [  2%] [34m[1mGenerating C code for ROS interfaces[0m
[6.384s] [  4%] [32mBuilding C object CMakeFiles/complex_msgs__rosidl_generator_c.dir/rosidl_generator_c/complex_msgs/msg/detail/multi_string_test__functions.c.o[0m
[6.518s] [  6%] [32mBuilding C object CMakeFiles/complex_msgs__rosidl_generator_c.dir/rosidl_generator_c/complex_msgs/msg/detail/nested_msg_test__functions.c.o[0m
[6.656s] [  8%] [32m[1mLinking C shared library libcomplex_msgs__rosidl_generator_c.so[0m
[6.765s] [  8%] Built target complex_msgs__rosidl_generator_c
[6.840s] [  8%] Built target ament_cmake_python_copy_complex_msgs
[6.865s] [ 10%] [34m[1mGenerating C type support for eProsima Fast-RTPS[0m
[7.936s] [ 12%] [32mBuilding CXX object CMakeFiles/complex_msgs__rosidl_typesupport_fastrtps_c.dir/rosidl_typesupport_fastrtps_c/complex_msgs/msg/detail/multi_string_test__type_support_c.cpp.o[0m
[8.933s] [ 14%] [32mBuilding CXX object CMakeFiles/complex_msgs__rosidl_typesupport_fastrtps_c.dir/rosidl_typesupport_fastrtps_c/complex_msgs/msg/detail/nested_msg_test__type_support_c.cpp.o[0m
[9.978s] [ 16%] [32m[1mLinking CXX shared library libcomplex_msgs__rosidl_typesupport_fastrtps_c.so[0m
[10.181s] [ 16%] Built target complex_msgs__rosidl_typesupport_fastrtps_c
[11.073s] running egg_info
[11.077s] creating complex_msgs.egg-info
[11.078s] writing complex_msgs.egg-info/PKG-INFO
[11.078s] writing dependency_links to complex_msgs.egg-info/dependency_links.txt
[11.079s] writing top-level names to complex_msgs.egg-info/top_level.txt
[11.082s] writing manifest file 'complex_msgs.egg-info/SOURCES.txt'
[11.086s] reading manifest file 'complex_msgs.egg-info/SOURCES.txt'
[11.087s] writing manifest file 'complex_msgs.egg-info/SOURCES.txt'
[11.154s] [ 16%] Built target ament_cmake_python_build_complex_msgs_egg
[11.181s] [ 18%] [34m[1mGenerating C type support dispatch for ROS interfaces[0m
[12.056s] [ 20%] [32mBuilding CXX object CMakeFiles/complex_msgs__rosidl_typesupport_c.dir/rosidl_typesupport_c/complex_msgs/msg/multi_string_test__type_support.cpp.o[0m
[12.136s] [ 22%] [32mBuilding CXX object CMakeFiles/complex_msgs__rosidl_typesupport_c.dir/rosidl_typesupport_c/complex_msgs/msg/nested_msg_test__type_support.cpp.o[0m
[12.217s] [ 24%] [32m[1mLinking CXX shared library libcomplex_msgs__rosidl_typesupport_c.so[0m
[12.325s] [ 24%] Built target complex_msgs__rosidl_typesupport_c
[12.352s] [ 26%] [34m[1mGenerating C introspection for ROS interfaces[0m
[13.385s] [ 28%] [32mBuilding C object CMakeFiles/complex_msgs__rosidl_typesupport_introspection_c.dir/rosidl_typesupport_introspection_c/complex_msgs/msg/detail/multi_string_test__type_support.c.o[0m
[13.480s] [ 30%] [32mBuilding C object CMakeFiles/complex_msgs__rosidl_typesupport_introspection_c.dir/rosidl_typesupport_introspection_c/complex_msgs/msg/detail/nested_msg_test__type_support.c.o[0m
[13.572s] [ 32%] [32m[1mLinking C shared library libcomplex_msgs__rosidl_typesupport_introspection_c.so[0m
[13.654s] [ 32%] Built target complex_msgs__rosidl_typesupport_introspection_c
[13.680s] [ 34%] [34m[1mGenerating C type support for eProsima Micro XRCE-DDS[0m
[14.751s] [ 36%] [32mBuilding C object CMakeFiles/complex_msgs__rosidl_typesupport_microxrcedds_c.dir/rosidl_typesupport_microxrcedds_c/complex_msgs/msg/detail/microxrcedds/multi_string_test__type_support_c.c.o[0m
[14.883s] [ 38%] [32mBuilding C object CMakeFiles/complex_msgs__rosidl_typesupport_microxrcedds_c.dir/rosidl_typesupport_microxrcedds_c/complex_msgs/msg/detail/microxrcedds/nested_msg_test__type_support_c.c.o[0m
[14.988s] [ 40%] [32m[1mLinking C shared library libcomplex_msgs__rosidl_typesupport_microxrcedds_c.so[0m
[15.107s] [ 40%] Built target complex_msgs__rosidl_typesupport_microxrcedds_c
[15.158s] [ 42%] [34m[1mGenerating C++ code for ROS interfaces[0m
[16.351s] [ 42%] Built target complex_msgs__cpp
[16.376s] [ 44%] [34m[1mGenerating C++ type support for eProsima Micro XRCE-DDS[0m
[17.425s] [ 46%] [32mBuilding CXX object CMakeFiles/complex_msgs__rosidl_typesupport_microxrcedds_cpp.dir/rosidl_typesupport_microxrcedds_cpp/complex_msgs/msg/detail/microxrcedds/multi_string_test__type_support_cpp.cpp.o[0m
[18.282s] [ 48%] [32mBuilding CXX object CMakeFiles/complex_msgs__rosidl_typesupport_microxrcedds_cpp.dir/rosidl_typesupport_microxrcedds_cpp/complex_msgs/msg/detail/microxrcedds/nested_msg_test__type_support_cpp.cpp.o[0m
[19.085s] [ 51%] [32m[1mLinking CXX shared library libcomplex_msgs__rosidl_typesupport_microxrcedds_cpp.so[0m
[19.266s] [ 51%] Built target complex_msgs__rosidl_typesupport_microxrcedds_cpp
[19.291s] [ 53%] [34m[1mGenerating C++ type support for eProsima Fast-RTPS[0m
[19.950s] [ 55%] [32mBuilding CXX object CMakeFiles/complex_msgs__rosidl_typesupport_fastrtps_cpp.dir/rosidl_typesupport_fastrtps_cpp/complex_msgs/msg/detail/dds_fastrtps/multi_string_test__type_support.cpp.o[0m
[20.901s] [ 57%] [32mBuilding CXX object CMakeFiles/complex_msgs__rosidl_typesupport_fastrtps_cpp.dir/rosidl_typesupport_fastrtps_cpp/complex_msgs/msg/detail/dds_fastrtps/nested_msg_test__type_support.cpp.o[0m
[21.995s] [ 59%] [32m[1mLinking CXX shared library libcomplex_msgs__rosidl_typesupport_fastrtps_cpp.so[0m
[22.174s] [ 59%] Built target complex_msgs__rosidl_typesupport_fastrtps_cpp
[22.198s] [ 61%] [34m[1mGenerating C++ type support dispatch for ROS interfaces[0m
[22.841s] [ 63%] [32mBuilding CXX object CMakeFiles/complex_msgs__rosidl_typesupport_cpp.dir/rosidl_typesupport_cpp/complex_msgs/msg/multi_string_test__type_support.cpp.o[0m
[23.583s] [ 65%] [32mBuilding CXX object CMakeFiles/complex_msgs__rosidl_typesupport_cpp.dir/rosidl_typesupport_cpp/complex_msgs/msg/nested_msg_test__type_support.cpp.o[0m
[24.203s] [ 67%] [32m[1mLinking CXX shared library libcomplex_msgs__rosidl_typesupport_cpp.so[0m
[24.274s] [ 67%] Built target complex_msgs__rosidl_typesupport_cpp
[24.291s] [ 69%] [34m[1mGenerating C++ introspection for ROS interfaces[0m
[25.175s] [ 71%] [32mBuilding CXX object CMakeFiles/complex_msgs__rosidl_typesupport_introspection_cpp.dir/rosidl_typesupport_introspection_cpp/complex_msgs/msg/detail/multi_string_test__type_support.cpp.o[0m
[26.245s] [ 73%] [32mBuilding CXX object CMakeFiles/complex_msgs__rosidl_typesupport_introspection_cpp.dir/rosidl_typesupport_introspection_cpp/complex_msgs/msg/detail/nested_msg_test__type_support.cpp.o[0m
[27.389s] [ 75%] [32m[1mLinking CXX shared library libcomplex_msgs__rosidl_typesupport_introspection_cpp.so[0m
[27.708s] [ 75%] Built target complex_msgs__rosidl_typesupport_introspection_cpp
[27.819s] [ 75%] Built target complex_msgs
[27.907s] [ 77%] [34m[1mGenerating Python code for ROS interfaces[0m
[30.203s] [ 77%] Built target complex_msgs__py
[30.307s] [ 79%] [32mBuilding C object CMakeFiles/complex_msgs__rosidl_generator_py.dir/rosidl_generator_py/complex_msgs/msg/_multi_string_test_s.c.o[0m
[30.319s] [ 81%] [32mBuilding C object CMakeFiles/complex_msgs__rosidl_generator_py.dir/rosidl_generator_py/complex_msgs/msg/_nested_msg_test_s.c.o[0m
[30.932s] [ 83%] [32m[1mLinking C shared library rosidl_generator_py/complex_msgs/libcomplex_msgs__rosidl_generator_py.so[0m
[31.099s] [ 83%] Built target complex_msgs__rosidl_generator_py
[31.199s] [ 85%] [32mBuilding C object CMakeFiles/complex_msgs__rosidl_typesupport_microxrcedds_c__pyext.dir/rosidl_generator_py/complex_msgs/_complex_msgs_s.ep.rosidl_typesupport_microxrcedds_c.c.o[0m
[31.202s] [ 87%] [32mBuilding C object CMakeFiles/complex_msgs__rosidl_typesupport_fastrtps_c__pyext.dir/rosidl_generator_py/complex_msgs/_complex_msgs_s.ep.rosidl_typesupport_fastrtps_c.c.o[0m
[31.561s] [ 89%] [32m[1mLinking C shared library rosidl_generator_py/complex_msgs/complex_msgs_s__rosidl_typesupport_fastrtps_c.cpython-310-x86_64-linux-gnu.so[0m
[31.706s] [ 91%] [32m[1mLinking C shared library rosidl_generator_py/complex_msgs/complex_msgs_s__rosidl_typesupport_microxrcedds_c.cpython-310-x86_64-linux-gnu.so[0m
[31.751s] [ 91%] Built target complex_msgs__rosidl_typesupport_fastrtps_c__pyext
[31.904s] [ 91%] Built target complex_msgs__rosidl_typesupport_microxrcedds_c__pyext
[31.964s] [ 93%] [32mBuilding C object CMakeFiles/complex_msgs__rosidl_typesupport_c__pyext.dir/rosidl_generator_py/complex_msgs/_complex_msgs_s.ep.rosidl_typesupport_c.c.o[0m
[32.260s] [ 95%] [32m[1mLinking C shared library rosidl_generator_py/complex_msgs/complex_msgs_s__rosidl_typesupport_c.cpython-310-x86_64-linux-gnu.so[0m
[32.354s] [ 95%] Built target complex_msgs__rosidl_typesupport_c__pyext
[32.406s] [ 97%] [32mBuilding C object CMakeFiles/complex_msgs__rosidl_typesupport_introspection_c__pyext.dir/rosidl_generator_py/complex_msgs/_complex_msgs_s.ep.rosidl_typesupport_introspection_c.c.o[0m
[32.703s] [100%] [32m[1mLinking C shared library rosidl_generator_py/complex_msgs/complex_msgs_s__rosidl_typesupport_introspection_c.cpython-310-x86_64-linux-gnu.so[0m
[32.795s] [100%] Built target complex_msgs__rosidl_typesupport_introspection_c__pyext
[32.826s] Invoked command in '/home/uwr/microROS_AUV/build/complex_msgs' returned '0': AMENT_PREFIX_PATH=/home/uwr/microROS_AUV/install/builtin_interfaces:${AMENT_PREFIX_PATH} CMAKE_PREFIX_PATH=/home/uwr/microROS_AUV/install/builtin_interfaces:/home/uwr/microROS_AUV/install/rosidl_typesupport_microxrcedds_cpp:/home/uwr/microROS_AUV/install/rosidl_typesupport_microxrcedds_c:/home/uwr/microROS_AUV/install/microcdr:/home/uwr/microROS_AUV/install/micro_ros_setup:/home/uwr/microROS_AUV/install/custom_interfaces:/home/uwr/Desktop/2024_UWR/install/kalman_filter:/home/uwr/Desktop/2024_UWR/install/sonar_msgs:/home/uwr/Desktop/2024_UWR/install/ros2-driver:/home/uwr/Desktop/2024_UWR/install/oculus_interfaces:/home/uwr/Desktop/2024_UWR/install/ntrip:/home/uwr/Desktop/2024_UWR/install/adnav-driver:/home/uwr/fls_ws/install/oculus_interfaces:/home/uwr/microROS_AUV/install/control_pkg:/home/uwr/Desktop/2024_UWR/install/sonar_subs:/opt/ros/humble LD_LIBRARY_PATH=/home/uwr/microROS_AUV/install/builtin_interfaces/lib:${LD_LIBRARY_PATH} PYTHONPATH=/home/uwr/microROS_AUV/install/builtin_interfaces/local/lib/python3.10/dist-packages:${PYTHONPATH} /usr/bin/cmake --build /home/uwr/microROS_AUV/build/complex_msgs -- -j8 -l8
[33.099s] Invoking command in '/home/uwr/microROS_AUV/build/complex_msgs': AMENT_PREFIX_PATH=/home/uwr/microROS_AUV/install/builtin_interfaces:${AMENT_PREFIX_PATH} CMAKE_PREFIX_PATH=/home/uwr/microROS_AUV/install/builtin_interfaces:/home/uwr/microROS_AUV/install/rosidl_typesupport_microxrcedds_cpp:/home/uwr/microROS_AUV/install/rosidl_typesupport_microxrcedds_c:/home/uwr/microROS_AUV/install/microcdr:/home/uwr/microROS_AUV/install/micro_ros_setup:/home/uwr/microROS_AUV/install/custom_interfaces:/home/uwr/Desktop/2024_UWR/install/kalman_filter:/home/uwr/Desktop/2024_UWR/install/sonar_msgs:/home/uwr/Desktop/2024_UWR/install/ros2-driver:/home/uwr/Desktop/2024_UWR/install/oculus_interfaces:/home/uwr/Desktop/2024_UWR/install/ntrip:/home/uwr/Desktop/2024_UWR/install/adnav-driver:/home/uwr/fls_ws/install/oculus_interfaces:/home/uwr/microROS_AUV/install/control_pkg:/home/uwr/Desktop/2024_UWR/install/sonar_subs:/opt/ros/humble LD_LIBRARY_PATH=/home/uwr/microROS_AUV/install/builtin_interfaces/lib:${LD_LIBRARY_PATH} PYTHONPATH=/home/uwr/microROS_AUV/install/builtin_interfaces/local/lib/python3.10/dist-packages:${PYTHONPATH} /usr/bin/cmake --install /home/uwr/microROS_AUV/build/complex_msgs
[33.119s] -- Install configuration: ""
[33.119s] -- Installing: /home/uwr/microROS_AUV/install/complex_msgs/share/ament_index/resource_index/rosidl_interfaces/complex_msgs
[33.120s] -- Installing: /home/uwr/microROS_AUV/install/complex_msgs/include/complex_msgs/complex_msgs
[33.120s] -- Installing: /home/uwr/microROS_AUV/install/complex_msgs/include/complex_msgs/complex_msgs/msg
[33.121s] -- Installing: /home/uwr/microROS_AUV/install/complex_msgs/include/complex_msgs/complex_msgs/msg/rosidl_generator_c__visibility_control.h
[33.121s] -- Installing: /home/uwr/microROS_AUV/install/complex_msgs/include/complex_msgs/complex_msgs/msg/detail
[33.121s] -- Installing: /home/uwr/microROS_AUV/install/complex_msgs/include/complex_msgs/complex_msgs/msg/detail/nested_msg_test__struct.h
[33.121s] -- Installing: /home/uwr/microROS_AUV/install/complex_msgs/include/complex_msgs/complex_msgs/msg/detail/multi_string_test__functions.h
[33.122s] -- Installing: /home/uwr/microROS_AUV/install/complex_msgs/include/complex_msgs/complex_msgs/msg/detail/nested_msg_test__type_support.h
[33.122s] -- Installing: /home/uwr/microROS_AUV/install/complex_msgs/include/complex_msgs/complex_msgs/msg/detail/multi_string_test__functions.c
[33.122s] -- Installing: /home/uwr/microROS_AUV/install/complex_msgs/include/complex_msgs/complex_msgs/msg/detail/nested_msg_test__functions.c
[33.123s] -- Installing: /home/uwr/microROS_AUV/install/complex_msgs/include/complex_msgs/complex_msgs/msg/detail/nested_msg_test__functions.h
[33.123s] -- Installing: /home/uwr/microROS_AUV/install/complex_msgs/include/complex_msgs/complex_msgs/msg/detail/multi_string_test__struct.h
[33.123s] -- Installing: /home/uwr/microROS_AUV/install/complex_msgs/include/complex_msgs/complex_msgs/msg/detail/multi_string_test__type_support.h
[33.123s] -- Installing: /home/uwr/microROS_AUV/install/complex_msgs/include/complex_msgs/complex_msgs/msg/nested_msg_test.h
[33.124s] -- Installing: /home/uwr/microROS_AUV/install/complex_msgs/include/complex_msgs/complex_msgs/msg/multi_string_test.h
[33.124s] -- Installing: /home/uwr/microROS_AUV/install/complex_msgs/share/complex_msgs/environment/library_path.sh
[33.124s] -- Installing: /home/uwr/microROS_AUV/install/complex_msgs/share/complex_msgs/environment/library_path.dsv
[33.125s] -- Installing: /home/uwr/microROS_AUV/install/complex_msgs/lib/libcomplex_msgs__rosidl_generator_c.so
[33.125s] -- Set runtime path of "/home/uwr/microROS_AUV/install/complex_msgs/lib/libcomplex_msgs__rosidl_generator_c.so" to ""
[33.125s] -- Up-to-date: /home/uwr/microROS_AUV/install/complex_msgs/include/complex_msgs/complex_msgs
[33.126s] -- Up-to-date: /home/uwr/microROS_AUV/install/complex_msgs/include/complex_msgs/complex_msgs/msg
[33.126s] -- Up-to-date: /home/uwr/microROS_AUV/install/complex_msgs/include/complex_msgs/complex_msgs/msg/detail
[33.126s] -- Installing: /home/uwr/microROS_AUV/install/complex_msgs/include/complex_msgs/complex_msgs/msg/detail/multi_string_test__rosidl_typesupport_fastrtps_c.h
[33.128s] -- Installing: /home/uwr/microROS_AUV/install/complex_msgs/include/complex_msgs/complex_msgs/msg/detail/nested_msg_test__rosidl_typesupport_fastrtps_c.h
[33.129s] -- Installing: /home/uwr/microROS_AUV/install/complex_msgs/include/complex_msgs/complex_msgs/msg/rosidl_typesupport_fastrtps_c__visibility_control.h
[33.129s] -- Installing: /home/uwr/microROS_AUV/install/complex_msgs/lib/libcomplex_msgs__rosidl_typesupport_fastrtps_c.so
[33.129s] -- Set runtime path of "/home/uwr/microROS_AUV/install/complex_msgs/lib/libcomplex_msgs__rosidl_typesupport_fastrtps_c.so" to ""
[33.130s] -- Up-to-date: /home/uwr/microROS_AUV/install/complex_msgs/include/complex_msgs/complex_msgs
[33.130s] -- Up-to-date: /home/uwr/microROS_AUV/install/complex_msgs/include/complex_msgs/complex_msgs/msg
[33.130s] -- Installing: /home/uwr/microROS_AUV/install/complex_msgs/include/complex_msgs/complex_msgs/msg/nested_msg_test.hpp
[33.131s] -- Up-to-date: /home/uwr/microROS_AUV/install/complex_msgs/include/complex_msgs/complex_msgs/msg/detail
[33.131s] -- Installing: /home/uwr/microROS_AUV/install/complex_msgs/include/complex_msgs/complex_msgs/msg/detail/nested_msg_test__builder.hpp
[33.131s] -- Installing: /home/uwr/microROS_AUV/install/complex_msgs/include/complex_msgs/complex_msgs/msg/detail/nested_msg_test__struct.hpp
[33.132s] -- Installing: /home/uwr/microROS_AUV/install/complex_msgs/include/complex_msgs/complex_msgs/msg/detail/nested_msg_test__traits.hpp
[33.132s] -- Installing: /home/uwr/microROS_AUV/install/complex_msgs/include/complex_msgs/complex_msgs/msg/detail/multi_string_test__builder.hpp
[33.132s] -- Installing: /home/uwr/microROS_AUV/install/complex_msgs/include/complex_msgs/complex_msgs/msg/detail/multi_string_test__traits.hpp
[33.132s] -- Installing: /home/uwr/microROS_AUV/install/complex_msgs/include/complex_msgs/complex_msgs/msg/detail/multi_string_test__struct.hpp
[33.132s] -- Installing: /home/uwr/microROS_AUV/install/complex_msgs/include/complex_msgs/complex_msgs/msg/multi_string_test.hpp
[33.133s] -- Up-to-date: /home/uwr/microROS_AUV/install/complex_msgs/include/complex_msgs/complex_msgs
[33.133s] -- Up-to-date: /home/uwr/microROS_AUV/install/complex_msgs/include/complex_msgs/complex_msgs/msg
[33.134s] -- Up-to-date: /home/uwr/microROS_AUV/install/complex_msgs/include/complex_msgs/complex_msgs/msg/detail
[33.134s] -- Installing: /home/uwr/microROS_AUV/install/complex_msgs/include/complex_msgs/complex_msgs/msg/detail/multi_string_test__rosidl_typesupport_fastrtps_cpp.hpp
[33.134s] -- Installing: /home/uwr/microROS_AUV/install/complex_msgs/include/complex_msgs/complex_msgs/msg/detail/nested_msg_test__rosidl_typesupport_fastrtps_cpp.hpp
[33.134s] -- Installing: /home/uwr/microROS_AUV/install/complex_msgs/include/complex_msgs/complex_msgs/msg/detail/dds_fastrtps
[33.134s] -- Installing: /home/uwr/microROS_AUV/install/complex_msgs/include/complex_msgs/complex_msgs/msg/rosidl_typesupport_fastrtps_cpp__visibility_control.h
[33.135s] -- Installing: /home/uwr/microROS_AUV/install/complex_msgs/lib/libcomplex_msgs__rosidl_typesupport_fastrtps_cpp.so
[33.135s] -- Set runtime path of "/home/uwr/microROS_AUV/install/complex_msgs/lib/libcomplex_msgs__rosidl_typesupport_fastrtps_cpp.so" to ""
[33.136s] -- Up-to-date: /home/uwr/microROS_AUV/install/complex_msgs/include/complex_msgs
[33.136s] -- Installing: /home/uwr/microROS_AUV/install/complex_msgs/include/complex_msgs/msg
[33.136s] -- Installing: /home/uwr/microROS_AUV/install/complex_msgs/include/complex_msgs/msg/rosidl_typesupport_microxrcedds_c__visibility_control.h
[33.136s] -- Installing: /home/uwr/microROS_AUV/install/complex_msgs/include/complex_msgs/msg/detail
[33.136s] -- Installing: /home/uwr/microROS_AUV/install/complex_msgs/include/complex_msgs/msg/detail/nested_msg_test__rosidl_typesupport_microxrcedds_c.h
[33.136s] -- Installing: /home/uwr/microROS_AUV/install/complex_msgs/include/complex_msgs/msg/detail/microxrcedds
[33.137s] -- Installing: /home/uwr/microROS_AUV/install/complex_msgs/include/complex_msgs/msg/detail/multi_string_test__rosidl_typesupport_microxrcedds_c.h
[33.137s] -- Installing: /home/uwr/microROS_AUV/install/complex_msgs/lib/libcomplex_msgs__rosidl_typesupport_microxrcedds_c.so
[33.137s] -- Set runtime path of "/home/uwr/microROS_AUV/install/complex_msgs/lib/libcomplex_msgs__rosidl_typesupport_microxrcedds_c.so" to ""
[33.137s] -- Up-to-date: /home/uwr/microROS_AUV/install/complex_msgs/include/complex_msgs/complex_msgs
[33.137s] -- Up-to-date: /home/uwr/microROS_AUV/install/complex_msgs/include/complex_msgs/complex_msgs/msg
[33.138s] -- Installing: /home/uwr/microROS_AUV/install/complex_msgs/include/complex_msgs/complex_msgs/msg/rosidl_typesupport_introspection_c__visibility_control.h
[33.138s] -- Up-to-date: /home/uwr/microROS_AUV/install/complex_msgs/include/complex_msgs/complex_msgs/msg/detail
[33.138s] -- Installing: /home/uwr/microROS_AUV/install/complex_msgs/include/complex_msgs/complex_msgs/msg/detail/multi_string_test__type_support.c
[33.138s] -- Installing: /home/uwr/microROS_AUV/install/complex_msgs/include/complex_msgs/complex_msgs/msg/detail/nested_msg_test__type_support.c
[33.138s] -- Installing: /home/uwr/microROS_AUV/install/complex_msgs/include/complex_msgs/complex_msgs/msg/detail/multi_string_test__rosidl_typesupport_introspection_c.h
[33.139s] -- Installing: /home/uwr/microROS_AUV/install/complex_msgs/include/complex_msgs/complex_msgs/msg/detail/nested_msg_test__rosidl_typesupport_introspection_c.h
[33.139s] -- Installing: /home/uwr/microROS_AUV/install/complex_msgs/lib/libcomplex_msgs__rosidl_typesupport_introspection_c.so
[33.139s] -- Set runtime path of "/home/uwr/microROS_AUV/install/complex_msgs/lib/libcomplex_msgs__rosidl_typesupport_introspection_c.so" to ""
[33.140s] -- Installing: /home/uwr/microROS_AUV/install/complex_msgs/lib/libcomplex_msgs__rosidl_typesupport_c.so
[33.140s] -- Set runtime path of "/home/uwr/microROS_AUV/install/complex_msgs/lib/libcomplex_msgs__rosidl_typesupport_c.so" to ""
[33.140s] -- Up-to-date: /home/uwr/microROS_AUV/install/complex_msgs/include/complex_msgs
[33.140s] -- Up-to-date: /home/uwr/microROS_AUV/install/complex_msgs/include/complex_msgs/msg
[33.141s] -- Installing: /home/uwr/microROS_AUV/install/complex_msgs/include/complex_msgs/msg/rosidl_typesupport_microxrcedds_cpp__visibility_control.h
[33.141s] -- Up-to-date: /home/uwr/microROS_AUV/install/complex_msgs/include/complex_msgs/msg/detail
[33.141s] -- Installing: /home/uwr/microROS_AUV/install/complex_msgs/include/complex_msgs/msg/detail/multi_string_test__rosidl_typesupport_microxrcedds_cpp.hpp
[33.141s] -- Installing: /home/uwr/microROS_AUV/install/complex_msgs/include/complex_msgs/msg/detail/nested_msg_test__rosidl_typesupport_microxrcedds_cpp.hpp
[33.142s] -- Up-to-date: /home/uwr/microROS_AUV/install/complex_msgs/include/complex_msgs/msg/detail/microxrcedds
[33.142s] -- Installing: /home/uwr/microROS_AUV/install/complex_msgs/include/complex_msgs/msg/detail/microxrcedds/multi_string_test__type_support_cpp.cpp
[33.142s] -- Installing: /home/uwr/microROS_AUV/install/complex_msgs/include/complex_msgs/msg/detail/microxrcedds/nested_msg_test__type_support_cpp.cpp
[33.142s] -- Installing: /home/uwr/microROS_AUV/install/complex_msgs/lib/libcomplex_msgs__rosidl_typesupport_microxrcedds_cpp.so
[33.143s] -- Set runtime path of "/home/uwr/microROS_AUV/install/complex_msgs/lib/libcomplex_msgs__rosidl_typesupport_microxrcedds_cpp.so" to ""
[33.143s] -- Up-to-date: /home/uwr/microROS_AUV/install/complex_msgs/include/complex_msgs/complex_msgs
[33.143s] -- Up-to-date: /home/uwr/microROS_AUV/install/complex_msgs/include/complex_msgs/complex_msgs/msg
[33.143s] -- Up-to-date: /home/uwr/microROS_AUV/install/complex_msgs/include/complex_msgs/complex_msgs/msg/detail
[33.144s] -- Installing: /home/uwr/microROS_AUV/install/complex_msgs/include/complex_msgs/complex_msgs/msg/detail/multi_string_test__rosidl_typesupport_introspection_cpp.hpp
[33.144s] -- Installing: /home/uwr/microROS_AUV/install/complex_msgs/include/complex_msgs/complex_msgs/msg/detail/nested_msg_test__type_support.cpp
[33.144s] -- Installing: /home/uwr/microROS_AUV/install/complex_msgs/include/complex_msgs/complex_msgs/msg/detail/multi_string_test__type_support.cpp
[33.144s] -- Installing: /home/uwr/microROS_AUV/install/complex_msgs/include/complex_msgs/complex_msgs/msg/detail/nested_msg_test__rosidl_typesupport_introspection_cpp.hpp
[33.144s] -- Installing: /home/uwr/microROS_AUV/install/complex_msgs/lib/libcomplex_msgs__rosidl_typesupport_introspection_cpp.so
[33.145s] -- Set runtime path of "/home/uwr/microROS_AUV/install/complex_msgs/lib/libcomplex_msgs__rosidl_typesupport_introspection_cpp.so" to ""
[33.145s] -- Installing: /home/uwr/microROS_AUV/install/complex_msgs/lib/libcomplex_msgs__rosidl_typesupport_cpp.so
[33.146s] -- Set runtime path of "/home/uwr/microROS_AUV/install/complex_msgs/lib/libcomplex_msgs__rosidl_typesupport_cpp.so" to ""
[33.146s] -- Installing: /home/uwr/microROS_AUV/install/complex_msgs/share/complex_msgs/environment/pythonpath.sh
[33.147s] -- Installing: /home/uwr/microROS_AUV/install/complex_msgs/share/complex_msgs/environment/pythonpath.dsv
[33.147s] -- Installing: /home/uwr/microROS_AUV/install/complex_msgs/local/lib/python3.10/dist-packages/complex_msgs-3.0.2-py3.10.egg-info
[33.147s] -- Installing: /home/uwr/microROS_AUV/install/complex_msgs/local/lib/python3.10/dist-packages/complex_msgs-3.0.2-py3.10.egg-info/top_level.txt
[33.152s] -- Installing: /home/uwr/microROS_AUV/install/complex_msgs/local/lib/python3.10/dist-packages/complex_msgs-3.0.2-py3.10.egg-info/dependency_links.txt
[33.152s] -- Installing: /home/uwr/microROS_AUV/install/complex_msgs/local/lib/python3.10/dist-packages/complex_msgs-3.0.2-py3.10.egg-info/PKG-INFO
[33.152s] -- Installing: /home/uwr/microROS_AUV/install/complex_msgs/local/lib/python3.10/dist-packages/complex_msgs-3.0.2-py3.10.egg-info/SOURCES.txt
[33.152s] -- Installing: /home/uwr/microROS_AUV/install/complex_msgs/local/lib/python3.10/dist-packages/complex_msgs
[33.152s] -- Installing: /home/uwr/microROS_AUV/install/complex_msgs/local/lib/python3.10/dist-packages/complex_msgs/complex_msgs_s__rosidl_typesupport_microxrcedds_c.cpython-310-x86_64-linux-gnu.so
[33.153s] -- Installing: /home/uwr/microROS_AUV/install/complex_msgs/local/lib/python3.10/dist-packages/complex_msgs/_complex_msgs_s.ep.rosidl_typesupport_introspection_c.c
[33.153s] -- Installing: /home/uwr/microROS_AUV/install/complex_msgs/local/lib/python3.10/dist-packages/complex_msgs/_complex_msgs_s.ep.rosidl_typesupport_fastrtps_c.c
[33.153s] -- Installing: /home/uwr/microROS_AUV/install/complex_msgs/local/lib/python3.10/dist-packages/complex_msgs/libcomplex_msgs__rosidl_generator_py.so
[33.153s] -- Installing: /home/uwr/microROS_AUV/install/complex_msgs/local/lib/python3.10/dist-packages/complex_msgs/complex_msgs_s__rosidl_typesupport_fastrtps_c.cpython-310-x86_64-linux-gnu.so
[33.153s] -- Installing: /home/uwr/microROS_AUV/install/complex_msgs/local/lib/python3.10/dist-packages/complex_msgs/_complex_msgs_s.ep.rosidl_typesupport_c.c
[33.154s] -- Installing: /home/uwr/microROS_AUV/install/complex_msgs/local/lib/python3.10/dist-packages/complex_msgs/_complex_msgs_s.ep.rosidl_typesupport_microxrcedds_c.c
[33.154s] -- Installing: /home/uwr/microROS_AUV/install/complex_msgs/local/lib/python3.10/dist-packages/complex_msgs/complex_msgs_s__rosidl_typesupport_c.cpython-310-x86_64-linux-gnu.so
[33.154s] -- Installing: /home/uwr/microROS_AUV/install/complex_msgs/local/lib/python3.10/dist-packages/complex_msgs/msg
[33.154s] -- Installing: /home/uwr/microROS_AUV/install/complex_msgs/local/lib/python3.10/dist-packages/complex_msgs/msg/_nested_msg_test.py
[33.154s] -- Installing: /home/uwr/microROS_AUV/install/complex_msgs/local/lib/python3.10/dist-packages/complex_msgs/msg/_multi_string_test.py
[33.163s] -- Installing: /home/uwr/microROS_AUV/install/complex_msgs/local/lib/python3.10/dist-packages/complex_msgs/msg/_nested_msg_test_s.c
[33.164s] -- Installing: /home/uwr/microROS_AUV/install/complex_msgs/local/lib/python3.10/dist-packages/complex_msgs/msg/_multi_string_test_s.c
[33.164s] -- Installing: /home/uwr/microROS_AUV/install/complex_msgs/local/lib/python3.10/dist-packages/complex_msgs/msg/__init__.py
[33.164s] -- Installing: /home/uwr/microROS_AUV/install/complex_msgs/local/lib/python3.10/dist-packages/complex_msgs/complex_msgs_s__rosidl_typesupport_introspection_c.cpython-310-x86_64-linux-gnu.so
[33.164s] -- Installing: /home/uwr/microROS_AUV/install/complex_msgs/local/lib/python3.10/dist-packages/complex_msgs/__init__.py
[33.271s] Listing '/home/uwr/microROS_AUV/install/complex_msgs/local/lib/python3.10/dist-packages/complex_msgs'...
[33.271s] Compiling '/home/uwr/microROS_AUV/install/complex_msgs/local/lib/python3.10/dist-packages/complex_msgs/__init__.py'...
[33.272s] Listing '/home/uwr/microROS_AUV/install/complex_msgs/local/lib/python3.10/dist-packages/complex_msgs/msg'...
[33.272s] Compiling '/home/uwr/microROS_AUV/install/complex_msgs/local/lib/python3.10/dist-packages/complex_msgs/msg/__init__.py'...
[33.272s] Compiling '/home/uwr/microROS_AUV/install/complex_msgs/local/lib/python3.10/dist-packages/complex_msgs/msg/_multi_string_test.py'...
[33.272s] Compiling '/home/uwr/microROS_AUV/install/complex_msgs/local/lib/python3.10/dist-packages/complex_msgs/msg/_nested_msg_test.py'...
[33.284s] -- Installing: /home/uwr/microROS_AUV/install/complex_msgs/local/lib/python3.10/dist-packages/complex_msgs/complex_msgs_s__rosidl_typesupport_microxrcedds_c.cpython-310-x86_64-linux-gnu.so
[33.285s] -- Set runtime path of "/home/uwr/microROS_AUV/install/complex_msgs/local/lib/python3.10/dist-packages/complex_msgs/complex_msgs_s__rosidl_typesupport_microxrcedds_c.cpython-310-x86_64-linux-gnu.so" to ""
[33.286s] -- Installing: /home/uwr/microROS_AUV/install/complex_msgs/local/lib/python3.10/dist-packages/complex_msgs/complex_msgs_s__rosidl_typesupport_fastrtps_c.cpython-310-x86_64-linux-gnu.so
[33.287s] -- Set runtime path of "/home/uwr/microROS_AUV/install/complex_msgs/local/lib/python3.10/dist-packages/complex_msgs/complex_msgs_s__rosidl_typesupport_fastrtps_c.cpython-310-x86_64-linux-gnu.so" to ""
[33.287s] -- Installing: /home/uwr/microROS_AUV/install/complex_msgs/local/lib/python3.10/dist-packages/complex_msgs/complex_msgs_s__rosidl_typesupport_introspection_c.cpython-310-x86_64-linux-gnu.so
[33.287s] -- Set runtime path of "/home/uwr/microROS_AUV/install/complex_msgs/local/lib/python3.10/dist-packages/complex_msgs/complex_msgs_s__rosidl_typesupport_introspection_c.cpython-310-x86_64-linux-gnu.so" to ""
[33.288s] -- Installing: /home/uwr/microROS_AUV/install/complex_msgs/local/lib/python3.10/dist-packages/complex_msgs/complex_msgs_s__rosidl_typesupport_c.cpython-310-x86_64-linux-gnu.so
[33.292s] -- Set runtime path of "/home/uwr/microROS_AUV/install/complex_msgs/local/lib/python3.10/dist-packages/complex_msgs/complex_msgs_s__rosidl_typesupport_c.cpython-310-x86_64-linux-gnu.so" to ""
[33.292s] -- Installing: /home/uwr/microROS_AUV/install/complex_msgs/lib/libcomplex_msgs__rosidl_generator_py.so
[33.292s] -- Set runtime path of "/home/uwr/microROS_AUV/install/complex_msgs/lib/libcomplex_msgs__rosidl_generator_py.so" to ""
[33.292s] -- Installing: /home/uwr/microROS_AUV/install/complex_msgs/share/complex_msgs/msg/MultiStringTest.idl
[33.293s] -- Installing: /home/uwr/microROS_AUV/install/complex_msgs/share/complex_msgs/msg/NestedMsgTest.idl
[33.293s] -- Installing: /home/uwr/microROS_AUV/install/complex_msgs/share/complex_msgs/msg/MultiStringTest.msg
[33.293s] -- Installing: /home/uwr/microROS_AUV/install/complex_msgs/share/complex_msgs/msg/NestedMsgTest.msg
[33.293s] -- Installing: /home/uwr/microROS_AUV/install/complex_msgs/share/ament_index/resource_index/package_run_dependencies/complex_msgs
[33.294s] -- Installing: /home/uwr/microROS_AUV/install/complex_msgs/share/ament_index/resource_index/parent_prefix_path/complex_msgs
[33.294s] -- Installing: /home/uwr/microROS_AUV/install/complex_msgs/share/complex_msgs/environment/ament_prefix_path.sh
[33.294s] -- Installing: /home/uwr/microROS_AUV/install/complex_msgs/share/complex_msgs/environment/ament_prefix_path.dsv
[33.295s] -- Installing: /home/uwr/microROS_AUV/install/complex_msgs/share/complex_msgs/environment/path.sh
[33.295s] -- Installing: /home/uwr/microROS_AUV/install/complex_msgs/share/complex_msgs/environment/path.dsv
[33.295s] -- Installing: /home/uwr/microROS_AUV/install/complex_msgs/share/complex_msgs/local_setup.bash
[33.295s] -- Installing: /home/uwr/microROS_AUV/install/complex_msgs/share/complex_msgs/local_setup.sh
[33.295s] -- Installing: /home/uwr/microROS_AUV/install/complex_msgs/share/complex_msgs/local_setup.zsh
[33.296s] -- Installing: /home/uwr/microROS_AUV/install/complex_msgs/share/complex_msgs/local_setup.dsv
[33.298s] -- Installing: /home/uwr/microROS_AUV/install/complex_msgs/share/complex_msgs/package.dsv
[33.300s] -- Installing: /home/uwr/microROS_AUV/install/complex_msgs/share/ament_index/resource_index/packages/complex_msgs
[33.300s] -- Installing: /home/uwr/microROS_AUV/install/complex_msgs/share/complex_msgs/cmake/export_complex_msgs__rosidl_generator_cExport.cmake
[33.300s] -- Installing: /home/uwr/microROS_AUV/install/complex_msgs/share/complex_msgs/cmake/export_complex_msgs__rosidl_generator_cExport-noconfig.cmake
[33.301s] -- Installing: /home/uwr/microROS_AUV/install/complex_msgs/share/complex_msgs/cmake/export_complex_msgs__rosidl_typesupport_fastrtps_cExport.cmake
[33.301s] -- Installing: /home/uwr/microROS_AUV/install/complex_msgs/share/complex_msgs/cmake/export_complex_msgs__rosidl_typesupport_fastrtps_cExport-noconfig.cmake
[33.301s] -- Installing: /home/uwr/microROS_AUV/install/complex_msgs/share/complex_msgs/cmake/export_complex_msgs__rosidl_generator_cppExport.cmake
[33.301s] -- Installing: /home/uwr/microROS_AUV/install/complex_msgs/share/complex_msgs/cmake/export_complex_msgs__rosidl_typesupport_fastrtps_cppExport.cmake
[33.302s] -- Installing: /home/uwr/microROS_AUV/install/complex_msgs/share/complex_msgs/cmake/export_complex_msgs__rosidl_typesupport_fastrtps_cppExport-noconfig.cmake
[33.302s] -- Installing: /home/uwr/microROS_AUV/install/complex_msgs/share/complex_msgs/cmake/complex_msgs__rosidl_typesupport_introspection_cExport.cmake
[33.302s] -- Installing: /home/uwr/microROS_AUV/install/complex_msgs/share/complex_msgs/cmake/complex_msgs__rosidl_typesupport_introspection_cExport-noconfig.cmake
[33.302s] -- Installing: /home/uwr/microROS_AUV/install/complex_msgs/share/complex_msgs/cmake/complex_msgs__rosidl_typesupport_cExport.cmake
[33.303s] -- Installing: /home/uwr/microROS_AUV/install/complex_msgs/share/complex_msgs/cmake/complex_msgs__rosidl_typesupport_cExport-noconfig.cmake
[33.303s] -- Installing: /home/uwr/microROS_AUV/install/complex_msgs/share/complex_msgs/cmake/complex_msgs__rosidl_typesupport_introspection_cppExport.cmake
[33.303s] -- Installing: /home/uwr/microROS_AUV/install/complex_msgs/share/complex_msgs/cmake/complex_msgs__rosidl_typesupport_introspection_cppExport-noconfig.cmake
[33.303s] -- Installing: /home/uwr/microROS_AUV/install/complex_msgs/share/complex_msgs/cmake/complex_msgs__rosidl_typesupport_cppExport.cmake
[33.303s] -- Installing: /home/uwr/microROS_AUV/install/complex_msgs/share/complex_msgs/cmake/complex_msgs__rosidl_typesupport_cppExport-noconfig.cmake
[33.304s] -- Installing: /home/uwr/microROS_AUV/install/complex_msgs/share/complex_msgs/cmake/export_complex_msgs__rosidl_generator_pyExport.cmake
[33.304s] -- Installing: /home/uwr/microROS_AUV/install/complex_msgs/share/complex_msgs/cmake/export_complex_msgs__rosidl_generator_pyExport-noconfig.cmake
[33.304s] -- Installing: /home/uwr/microROS_AUV/install/complex_msgs/share/complex_msgs/cmake/rosidl_cmake-extras.cmake
[33.304s] -- Installing: /home/uwr/microROS_AUV/install/complex_msgs/share/complex_msgs/cmake/ament_cmake_export_dependencies-extras.cmake
[33.304s] -- Installing: /home/uwr/microROS_AUV/install/complex_msgs/share/complex_msgs/cmake/ament_cmake_export_include_directories-extras.cmake
[33.305s] -- Installing: /home/uwr/microROS_AUV/install/complex_msgs/share/complex_msgs/cmake/ament_cmake_export_libraries-extras.cmake
[33.305s] -- Installing: /home/uwr/microROS_AUV/install/complex_msgs/share/complex_msgs/cmake/ament_cmake_export_targets-extras.cmake
[33.305s] -- Installing: /home/uwr/microROS_AUV/install/complex_msgs/share/complex_msgs/cmake/rosidl_cmake_export_typesupport_targets-extras.cmake
[33.305s] -- Installing: /home/uwr/microROS_AUV/install/complex_msgs/share/complex_msgs/cmake/rosidl_cmake_export_typesupport_libraries-extras.cmake
[33.306s] -- Installing: /home/uwr/microROS_AUV/install/complex_msgs/share/complex_msgs/cmake/complex_msgsConfig.cmake
[33.306s] -- Installing: /home/uwr/microROS_AUV/install/complex_msgs/share/complex_msgs/cmake/complex_msgsConfig-version.cmake
[33.306s] -- Installing: /home/uwr/microROS_AUV/install/complex_msgs/share/complex_msgs/package.xml
[33.310s] Invoked command in '/home/uwr/microROS_AUV/build/complex_msgs' returned '0': AMENT_PREFIX_PATH=/home/uwr/microROS_AUV/install/builtin_interfaces:${AMENT_PREFIX_PATH} CMAKE_PREFIX_PATH=/home/uwr/microROS_AUV/install/builtin_interfaces:/home/uwr/microROS_AUV/install/rosidl_typesupport_microxrcedds_cpp:/home/uwr/microROS_AUV/install/rosidl_typesupport_microxrcedds_c:/home/uwr/microROS_AUV/install/microcdr:/home/uwr/microROS_AUV/install/micro_ros_setup:/home/uwr/microROS_AUV/install/custom_interfaces:/home/uwr/Desktop/2024_UWR/install/kalman_filter:/home/uwr/Desktop/2024_UWR/install/sonar_msgs:/home/uwr/Desktop/2024_UWR/install/ros2-driver:/home/uwr/Desktop/2024_UWR/install/oculus_interfaces:/home/uwr/Desktop/2024_UWR/install/ntrip:/home/uwr/Desktop/2024_UWR/install/adnav-driver:/home/uwr/fls_ws/install/oculus_interfaces:/home/uwr/microROS_AUV/install/control_pkg:/home/uwr/Desktop/2024_UWR/install/sonar_subs:/opt/ros/humble LD_LIBRARY_PATH=/home/uwr/microROS_AUV/install/builtin_interfaces/lib:${LD_LIBRARY_PATH} PYTHONPATH=/home/uwr/microROS_AUV/install/builtin_interfaces/local/lib/python3.10/dist-packages:${PYTHONPATH} /usr/bin/cmake --install /home/uwr/microROS_AUV/build/complex_msgs
