[0.074s] Invoking command in '/home/uwr/microROS_AUV/build/std_srvs': CMAKE_PREFIX_PATH=${CMAKE_PREFIX_PATH}:/home/uwr/microROS_AUV/install/statistics_msgs:/home/uwr/microROS_AUV/install/control_pkg:/home/uwr/Desktop/2024_UWR/install/sonar_subs:/opt/ros/humble /usr/bin/cmake --build /home/uwr/microROS_AUV/build/std_srvs -- -j8 -l8
[0.437s] [  1%] Built target std_srvs__cpp
[0.567s] [ 10%] Built target std_srvs__rosidl_generator_c
[0.597s] [ 10%] Built target ament_cmake_python_copy_std_srvs
[0.729s] [ 18%] Built target std_srvs__rosidl_typesupport_microxrcedds_cpp
[0.729s] [ 27%] Built target std_srvs__rosidl_typesupport_introspection_cpp
[0.729s] [ 35%] Built target std_srvs__rosidl_typesupport_cpp
[0.808s] [ 44%] Built target std_srvs__rosidl_typesupport_fastrtps_cpp
[0.834s] [ 52%] Built target std_srvs__rosidl_typesupport_introspection_c
[0.850s] [ 61%] Built target std_srvs__rosidl_typesupport_fastrtps_c
[0.850s] [ 69%] Built target std_srvs__rosidl_typesupport_c
[0.855s] [ 77%] Built target std_srvs__rosidl_typesupport_microxrcedds_c
[0.975s] [ 77%] Built target std_srvs
[1.089s] [ 79%] Built target std_srvs__py
[1.293s] [ 86%] Built target std_srvs__rosidl_generator_py
[1.444s] [ 89%] Built target std_srvs__rosidl_typesupport_introspection_c__pyext
[1.469s] [ 93%] Built target std_srvs__rosidl_typesupport_fastrtps_c__pyext
[1.471s] [ 96%] Built target std_srvs__rosidl_typesupport_microxrcedds_c__pyext
[1.506s] [100%] Built target std_srvs__rosidl_typesupport_c__pyext
[2.039s] running egg_info
[2.049s] writing std_srvs.egg-info/PKG-INFO
[2.049s] writing dependency_links to std_srvs.egg-info/dependency_links.txt
[2.049s] writing top-level names to std_srvs.egg-info/top_level.txt
[2.055s] reading manifest file 'std_srvs.egg-info/SOURCES.txt'
[2.057s] writing manifest file 'std_srvs.egg-info/SOURCES.txt'
[2.131s] [100%] Built target ament_cmake_python_build_std_srvs_egg
[2.163s] Invoked command in '/home/uwr/microROS_AUV/build/std_srvs' returned '0': CMAKE_PREFIX_PATH=${CMAKE_PREFIX_PATH}:/home/uwr/microROS_AUV/install/statistics_msgs:/home/uwr/microROS_AUV/install/control_pkg:/home/uwr/Desktop/2024_UWR/install/sonar_subs:/opt/ros/humble /usr/bin/cmake --build /home/uwr/microROS_AUV/build/std_srvs -- -j8 -l8
[2.611s] Invoking command in '/home/uwr/microROS_AUV/build/std_srvs': CMAKE_PREFIX_PATH=${CMAKE_PREFIX_PATH}:/home/uwr/microROS_AUV/install/statistics_msgs:/home/uwr/microROS_AUV/install/control_pkg:/home/uwr/Desktop/2024_UWR/install/sonar_subs:/opt/ros/humble /usr/bin/cmake --install /home/uwr/microROS_AUV/build/std_srvs
[2.641s] -- Install configuration: ""
[2.644s] -- Up-to-date: /home/uwr/microROS_AUV/install/std_srvs/share/ament_index/resource_index/rosidl_interfaces/std_srvs
[2.644s] -- Up-to-date: /home/uwr/microROS_AUV/install/std_srvs/include/std_srvs/std_srvs
[2.645s] -- Up-to-date: /home/uwr/microROS_AUV/install/std_srvs/include/std_srvs/std_srvs/msg
[2.645s] -- Up-to-date: /home/uwr/microROS_AUV/install/std_srvs/include/std_srvs/std_srvs/msg/rosidl_generator_c__visibility_control.h
[2.645s] -- Up-to-date: /home/uwr/microROS_AUV/install/std_srvs/include/std_srvs/std_srvs/srv
[2.645s] -- Up-to-date: /home/uwr/microROS_AUV/install/std_srvs/include/std_srvs/std_srvs/srv/empty.h
[2.645s] -- Up-to-date: /home/uwr/microROS_AUV/install/std_srvs/include/std_srvs/std_srvs/srv/detail
[2.646s] -- Up-to-date: /home/uwr/microROS_AUV/install/std_srvs/include/std_srvs/std_srvs/srv/detail/empty__struct.h
[2.647s] -- Up-to-date: /home/uwr/microROS_AUV/install/std_srvs/include/std_srvs/std_srvs/srv/detail/set_bool__type_support.h
[2.647s] -- Up-to-date: /home/uwr/microROS_AUV/install/std_srvs/include/std_srvs/std_srvs/srv/detail/empty__functions.h
[2.647s] -- Up-to-date: /home/uwr/microROS_AUV/install/std_srvs/include/std_srvs/std_srvs/srv/detail/trigger__functions.h
[2.647s] -- Up-to-date: /home/uwr/microROS_AUV/install/std_srvs/include/std_srvs/std_srvs/srv/detail/set_bool__functions.h
[2.648s] -- Up-to-date: /home/uwr/microROS_AUV/install/std_srvs/include/std_srvs/std_srvs/srv/detail/trigger__struct.h
[2.648s] -- Up-to-date: /home/uwr/microROS_AUV/install/std_srvs/include/std_srvs/std_srvs/srv/detail/set_bool__struct.h
[2.648s] -- Up-to-date: /home/uwr/microROS_AUV/install/std_srvs/include/std_srvs/std_srvs/srv/detail/set_bool__functions.c
[2.648s] -- Up-to-date: /home/uwr/microROS_AUV/install/std_srvs/include/std_srvs/std_srvs/srv/detail/trigger__functions.c
[2.649s] -- Up-to-date: /home/uwr/microROS_AUV/install/std_srvs/include/std_srvs/std_srvs/srv/detail/empty__functions.c
[2.649s] -- Up-to-date: /home/uwr/microROS_AUV/install/std_srvs/include/std_srvs/std_srvs/srv/detail/empty__type_support.h
[2.649s] -- Up-to-date: /home/uwr/microROS_AUV/install/std_srvs/include/std_srvs/std_srvs/srv/detail/trigger__type_support.h
[2.651s] -- Up-to-date: /home/uwr/microROS_AUV/install/std_srvs/include/std_srvs/std_srvs/srv/trigger.h
[2.651s] -- Up-to-date: /home/uwr/microROS_AUV/install/std_srvs/include/std_srvs/std_srvs/srv/set_bool.h
[2.651s] -- Up-to-date: /home/uwr/microROS_AUV/install/std_srvs/share/std_srvs/environment/library_path.sh
[2.652s] -- Up-to-date: /home/uwr/microROS_AUV/install/std_srvs/share/std_srvs/environment/library_path.dsv
[2.652s] -- Up-to-date: /home/uwr/microROS_AUV/install/std_srvs/lib/libstd_srvs__rosidl_generator_c.so
[2.652s] -- Up-to-date: /home/uwr/microROS_AUV/install/std_srvs/include/std_srvs
[2.653s] -- Up-to-date: /home/uwr/microROS_AUV/install/std_srvs/include/std_srvs/msg
[2.653s] -- Up-to-date: /home/uwr/microROS_AUV/install/std_srvs/include/std_srvs/msg/rosidl_typesupport_microxrcedds_c__visibility_control.h
[2.653s] -- Up-to-date: /home/uwr/microROS_AUV/install/std_srvs/include/std_srvs/srv
[2.654s] -- Up-to-date: /home/uwr/microROS_AUV/install/std_srvs/include/std_srvs/srv/detail
[2.655s] -- Up-to-date: /home/uwr/microROS_AUV/install/std_srvs/include/std_srvs/srv/detail/set_bool__rosidl_typesupport_microxrcedds_c.h
[2.655s] -- Up-to-date: /home/uwr/microROS_AUV/install/std_srvs/include/std_srvs/srv/detail/empty__rosidl_typesupport_microxrcedds_c.h
[2.655s] -- Up-to-date: /home/uwr/microROS_AUV/install/std_srvs/include/std_srvs/srv/detail/trigger__rosidl_typesupport_microxrcedds_c.h
[2.657s] -- Up-to-date: /home/uwr/microROS_AUV/install/std_srvs/include/std_srvs/srv/detail/microxrcedds
[2.659s] -- Up-to-date: /home/uwr/microROS_AUV/install/std_srvs/lib/libstd_srvs__rosidl_typesupport_microxrcedds_c.so
[2.663s] -- Up-to-date: /home/uwr/microROS_AUV/install/std_srvs/include/std_srvs/std_srvs
[2.664s] -- Up-to-date: /home/uwr/microROS_AUV/install/std_srvs/include/std_srvs/std_srvs/msg
[2.664s] -- Up-to-date: /home/uwr/microROS_AUV/install/std_srvs/include/std_srvs/std_srvs/msg/rosidl_typesupport_fastrtps_c__visibility_control.h
[2.664s] -- Up-to-date: /home/uwr/microROS_AUV/install/std_srvs/include/std_srvs/std_srvs/srv
[2.665s] -- Up-to-date: /home/uwr/microROS_AUV/install/std_srvs/include/std_srvs/std_srvs/srv/detail
[2.665s] -- Up-to-date: /home/uwr/microROS_AUV/install/std_srvs/include/std_srvs/std_srvs/srv/detail/set_bool__rosidl_typesupport_fastrtps_c.h
[2.666s] -- Up-to-date: /home/uwr/microROS_AUV/install/std_srvs/include/std_srvs/std_srvs/srv/detail/trigger__rosidl_typesupport_fastrtps_c.h
[2.666s] -- Up-to-date: /home/uwr/microROS_AUV/install/std_srvs/include/std_srvs/std_srvs/srv/detail/empty__rosidl_typesupport_fastrtps_c.h
[2.667s] -- Up-to-date: /home/uwr/microROS_AUV/install/std_srvs/lib/libstd_srvs__rosidl_typesupport_fastrtps_c.so
[2.667s] -- Up-to-date: /home/uwr/microROS_AUV/install/std_srvs/include/std_srvs/std_srvs
[2.668s] -- Up-to-date: /home/uwr/microROS_AUV/install/std_srvs/include/std_srvs/std_srvs/msg
[2.672s] -- Up-to-date: /home/uwr/microROS_AUV/install/std_srvs/include/std_srvs/std_srvs/msg/rosidl_typesupport_introspection_c__visibility_control.h
[2.673s] -- Up-to-date: /home/uwr/microROS_AUV/install/std_srvs/include/std_srvs/std_srvs/srv
[2.676s] -- Up-to-date: /home/uwr/microROS_AUV/install/std_srvs/include/std_srvs/std_srvs/srv/detail
[2.676s] -- Up-to-date: /home/uwr/microROS_AUV/install/std_srvs/include/std_srvs/std_srvs/srv/detail/empty__rosidl_typesupport_introspection_c.h
[2.677s] -- Up-to-date: /home/uwr/microROS_AUV/install/std_srvs/include/std_srvs/std_srvs/srv/detail/trigger__type_support.c
[2.677s] -- Up-to-date: /home/uwr/microROS_AUV/install/std_srvs/include/std_srvs/std_srvs/srv/detail/empty__type_support.c
[2.677s] -- Up-to-date: /home/uwr/microROS_AUV/install/std_srvs/include/std_srvs/std_srvs/srv/detail/set_bool__rosidl_typesupport_introspection_c.h
[2.678s] -- Up-to-date: /home/uwr/microROS_AUV/install/std_srvs/include/std_srvs/std_srvs/srv/detail/set_bool__type_support.c
[2.678s] -- Up-to-date: /home/uwr/microROS_AUV/install/std_srvs/include/std_srvs/std_srvs/srv/detail/trigger__rosidl_typesupport_introspection_c.h
[2.678s] -- Up-to-date: /home/uwr/microROS_AUV/install/std_srvs/lib/libstd_srvs__rosidl_typesupport_introspection_c.so
[2.680s] -- Up-to-date: /home/uwr/microROS_AUV/install/std_srvs/lib/libstd_srvs__rosidl_typesupport_c.so
[2.680s] -- Up-to-date: /home/uwr/microROS_AUV/install/std_srvs/include/std_srvs/std_srvs
[2.680s] -- Up-to-date: /home/uwr/microROS_AUV/install/std_srvs/include/std_srvs/std_srvs/srv
[2.682s] -- Up-to-date: /home/uwr/microROS_AUV/install/std_srvs/include/std_srvs/std_srvs/srv/set_bool.hpp
[2.682s] -- Up-to-date: /home/uwr/microROS_AUV/install/std_srvs/include/std_srvs/std_srvs/srv/detail
[2.682s] -- Up-to-date: /home/uwr/microROS_AUV/install/std_srvs/include/std_srvs/std_srvs/srv/detail/trigger__builder.hpp
[2.683s] -- Up-to-date: /home/uwr/microROS_AUV/install/std_srvs/include/std_srvs/std_srvs/srv/detail/set_bool__builder.hpp
[2.683s] -- Up-to-date: /home/uwr/microROS_AUV/install/std_srvs/include/std_srvs/std_srvs/srv/detail/trigger__traits.hpp
[2.683s] -- Up-to-date: /home/uwr/microROS_AUV/install/std_srvs/include/std_srvs/std_srvs/srv/detail/set_bool__struct.hpp
[2.683s] -- Up-to-date: /home/uwr/microROS_AUV/install/std_srvs/include/std_srvs/std_srvs/srv/detail/trigger__struct.hpp
[2.683s] -- Up-to-date: /home/uwr/microROS_AUV/install/std_srvs/include/std_srvs/std_srvs/srv/detail/empty__builder.hpp
[2.684s] -- Up-to-date: /home/uwr/microROS_AUV/install/std_srvs/include/std_srvs/std_srvs/srv/detail/empty__traits.hpp
[2.684s] -- Up-to-date: /home/uwr/microROS_AUV/install/std_srvs/include/std_srvs/std_srvs/srv/detail/empty__struct.hpp
[2.684s] -- Up-to-date: /home/uwr/microROS_AUV/install/std_srvs/include/std_srvs/std_srvs/srv/detail/set_bool__traits.hpp
[2.684s] -- Up-to-date: /home/uwr/microROS_AUV/install/std_srvs/include/std_srvs/std_srvs/srv/empty.hpp
[2.684s] -- Up-to-date: /home/uwr/microROS_AUV/install/std_srvs/include/std_srvs/std_srvs/srv/trigger.hpp
[2.685s] -- Up-to-date: /home/uwr/microROS_AUV/install/std_srvs/include/std_srvs
[2.685s] -- Up-to-date: /home/uwr/microROS_AUV/install/std_srvs/include/std_srvs/msg
[2.689s] -- Up-to-date: /home/uwr/microROS_AUV/install/std_srvs/include/std_srvs/msg/rosidl_typesupport_microxrcedds_cpp__visibility_control.h
[2.702s] -- Up-to-date: /home/uwr/microROS_AUV/install/std_srvs/include/std_srvs/srv
[2.706s] -- Up-to-date: /home/uwr/microROS_AUV/install/std_srvs/include/std_srvs/srv/detail
[2.707s] -- Up-to-date: /home/uwr/microROS_AUV/install/std_srvs/include/std_srvs/srv/detail/trigger__rosidl_typesupport_microxrcedds_cpp.hpp
[2.707s] -- Up-to-date: /home/uwr/microROS_AUV/install/std_srvs/include/std_srvs/srv/detail/set_bool__rosidl_typesupport_microxrcedds_cpp.hpp
[2.707s] -- Up-to-date: /home/uwr/microROS_AUV/install/std_srvs/include/std_srvs/srv/detail/empty__rosidl_typesupport_microxrcedds_cpp.hpp
[2.707s] -- Up-to-date: /home/uwr/microROS_AUV/install/std_srvs/include/std_srvs/srv/detail/microxrcedds
[2.708s] -- Up-to-date: /home/uwr/microROS_AUV/install/std_srvs/include/std_srvs/srv/detail/microxrcedds/empty__type_support_cpp.cpp
[2.708s] -- Up-to-date: /home/uwr/microROS_AUV/install/std_srvs/include/std_srvs/srv/detail/microxrcedds/trigger__type_support_cpp.cpp
[2.708s] -- Up-to-date: /home/uwr/microROS_AUV/install/std_srvs/include/std_srvs/srv/detail/microxrcedds/set_bool__type_support_cpp.cpp
[2.708s] -- Up-to-date: /home/uwr/microROS_AUV/install/std_srvs/lib/libstd_srvs__rosidl_typesupport_microxrcedds_cpp.so
[2.708s] -- Up-to-date: /home/uwr/microROS_AUV/install/std_srvs/include/std_srvs/std_srvs
[2.708s] -- Up-to-date: /home/uwr/microROS_AUV/install/std_srvs/include/std_srvs/std_srvs/msg
[2.709s] -- Up-to-date: /home/uwr/microROS_AUV/install/std_srvs/include/std_srvs/std_srvs/msg/rosidl_typesupport_fastrtps_cpp__visibility_control.h
[2.709s] -- Up-to-date: /home/uwr/microROS_AUV/install/std_srvs/include/std_srvs/std_srvs/srv
[2.709s] -- Up-to-date: /home/uwr/microROS_AUV/install/std_srvs/include/std_srvs/std_srvs/srv/detail
[2.709s] -- Up-to-date: /home/uwr/microROS_AUV/install/std_srvs/include/std_srvs/std_srvs/srv/detail/trigger__rosidl_typesupport_fastrtps_cpp.hpp
[2.710s] -- Up-to-date: /home/uwr/microROS_AUV/install/std_srvs/include/std_srvs/std_srvs/srv/detail/set_bool__rosidl_typesupport_fastrtps_cpp.hpp
[2.710s] -- Up-to-date: /home/uwr/microROS_AUV/install/std_srvs/include/std_srvs/std_srvs/srv/detail/empty__rosidl_typesupport_fastrtps_cpp.hpp
[2.710s] -- Up-to-date: /home/uwr/microROS_AUV/install/std_srvs/include/std_srvs/std_srvs/srv/detail/dds_fastrtps
[2.715s] -- Up-to-date: /home/uwr/microROS_AUV/install/std_srvs/lib/libstd_srvs__rosidl_typesupport_fastrtps_cpp.so
[2.715s] -- Up-to-date: /home/uwr/microROS_AUV/install/std_srvs/include/std_srvs/std_srvs
[2.716s] -- Up-to-date: /home/uwr/microROS_AUV/install/std_srvs/include/std_srvs/std_srvs/srv
[2.716s] -- Up-to-date: /home/uwr/microROS_AUV/install/std_srvs/include/std_srvs/std_srvs/srv/detail
[2.716s] -- Up-to-date: /home/uwr/microROS_AUV/install/std_srvs/include/std_srvs/std_srvs/srv/detail/trigger__rosidl_typesupport_introspection_cpp.hpp
[2.716s] -- Up-to-date: /home/uwr/microROS_AUV/install/std_srvs/include/std_srvs/std_srvs/srv/detail/empty__rosidl_typesupport_introspection_cpp.hpp
[2.716s] -- Up-to-date: /home/uwr/microROS_AUV/install/std_srvs/include/std_srvs/std_srvs/srv/detail/set_bool__rosidl_typesupport_introspection_cpp.hpp
[2.717s] -- Up-to-date: /home/uwr/microROS_AUV/install/std_srvs/include/std_srvs/std_srvs/srv/detail/empty__type_support.cpp
[2.717s] -- Up-to-date: /home/uwr/microROS_AUV/install/std_srvs/include/std_srvs/std_srvs/srv/detail/trigger__type_support.cpp
[2.717s] -- Up-to-date: /home/uwr/microROS_AUV/install/std_srvs/include/std_srvs/std_srvs/srv/detail/set_bool__type_support.cpp
[2.719s] -- Up-to-date: /home/uwr/microROS_AUV/install/std_srvs/lib/libstd_srvs__rosidl_typesupport_introspection_cpp.so
[2.721s] -- Up-to-date: /home/uwr/microROS_AUV/install/std_srvs/lib/libstd_srvs__rosidl_typesupport_cpp.so
[2.721s] -- Up-to-date: /home/uwr/microROS_AUV/install/std_srvs/share/std_srvs/environment/pythonpath.sh
[2.721s] -- Up-to-date: /home/uwr/microROS_AUV/install/std_srvs/share/std_srvs/environment/pythonpath.dsv
[2.721s] -- Up-to-date: /home/uwr/microROS_AUV/install/std_srvs/local/lib/python3.10/dist-packages/std_srvs-4.9.0-py3.10.egg-info
[2.722s] -- Installing: /home/uwr/microROS_AUV/install/std_srvs/local/lib/python3.10/dist-packages/std_srvs-4.9.0-py3.10.egg-info/top_level.txt
[2.724s] -- Installing: /home/uwr/microROS_AUV/install/std_srvs/local/lib/python3.10/dist-packages/std_srvs-4.9.0-py3.10.egg-info/dependency_links.txt
[2.724s] -- Installing: /home/uwr/microROS_AUV/install/std_srvs/local/lib/python3.10/dist-packages/std_srvs-4.9.0-py3.10.egg-info/PKG-INFO
[2.724s] -- Installing: /home/uwr/microROS_AUV/install/std_srvs/local/lib/python3.10/dist-packages/std_srvs-4.9.0-py3.10.egg-info/SOURCES.txt
[2.724s] -- Up-to-date: /home/uwr/microROS_AUV/install/std_srvs/local/lib/python3.10/dist-packages/std_srvs
[2.725s] -- Up-to-date: /home/uwr/microROS_AUV/install/std_srvs/local/lib/python3.10/dist-packages/std_srvs/_std_srvs_s.ep.rosidl_typesupport_c.c
[2.725s] -- Up-to-date: /home/uwr/microROS_AUV/install/std_srvs/local/lib/python3.10/dist-packages/std_srvs/std_srvs_s__rosidl_typesupport_microxrcedds_c.cpython-310-x86_64-linux-gnu.so
[2.725s] -- Up-to-date: /home/uwr/microROS_AUV/install/std_srvs/local/lib/python3.10/dist-packages/std_srvs/std_srvs_s__rosidl_typesupport_fastrtps_c.cpython-310-x86_64-linux-gnu.so
[2.725s] -- Up-to-date: /home/uwr/microROS_AUV/install/std_srvs/local/lib/python3.10/dist-packages/std_srvs/std_srvs_s__rosidl_typesupport_c.cpython-310-x86_64-linux-gnu.so
[2.726s] -- Up-to-date: /home/uwr/microROS_AUV/install/std_srvs/local/lib/python3.10/dist-packages/std_srvs/_std_srvs_s.ep.rosidl_typesupport_microxrcedds_c.c
[2.726s] -- Up-to-date: /home/uwr/microROS_AUV/install/std_srvs/local/lib/python3.10/dist-packages/std_srvs/_std_srvs_s.ep.rosidl_typesupport_introspection_c.c
[2.726s] -- Up-to-date: /home/uwr/microROS_AUV/install/std_srvs/local/lib/python3.10/dist-packages/std_srvs/_std_srvs_s.ep.rosidl_typesupport_fastrtps_c.c
[2.726s] -- Up-to-date: /home/uwr/microROS_AUV/install/std_srvs/local/lib/python3.10/dist-packages/std_srvs/__init__.py
[2.727s] -- Up-to-date: /home/uwr/microROS_AUV/install/std_srvs/local/lib/python3.10/dist-packages/std_srvs/libstd_srvs__rosidl_generator_py.so
[2.727s] -- Up-to-date: /home/uwr/microROS_AUV/install/std_srvs/local/lib/python3.10/dist-packages/std_srvs/std_srvs_s__rosidl_typesupport_introspection_c.cpython-310-x86_64-linux-gnu.so
[2.727s] -- Up-to-date: /home/uwr/microROS_AUV/install/std_srvs/local/lib/python3.10/dist-packages/std_srvs/srv
[2.727s] -- Up-to-date: /home/uwr/microROS_AUV/install/std_srvs/local/lib/python3.10/dist-packages/std_srvs/srv/_set_bool_s.c
[2.728s] -- Up-to-date: /home/uwr/microROS_AUV/install/std_srvs/local/lib/python3.10/dist-packages/std_srvs/srv/_trigger_s.c
[2.728s] -- Up-to-date: /home/uwr/microROS_AUV/install/std_srvs/local/lib/python3.10/dist-packages/std_srvs/srv/_empty_s.c
[2.728s] -- Up-to-date: /home/uwr/microROS_AUV/install/std_srvs/local/lib/python3.10/dist-packages/std_srvs/srv/_empty.py
[2.729s] -- Up-to-date: /home/uwr/microROS_AUV/install/std_srvs/local/lib/python3.10/dist-packages/std_srvs/srv/_set_bool.py
[2.729s] -- Up-to-date: /home/uwr/microROS_AUV/install/std_srvs/local/lib/python3.10/dist-packages/std_srvs/srv/__init__.py
[2.729s] -- Up-to-date: /home/uwr/microROS_AUV/install/std_srvs/local/lib/python3.10/dist-packages/std_srvs/srv/_trigger.py
[2.786s] Listing '/home/uwr/microROS_AUV/install/std_srvs/local/lib/python3.10/dist-packages/std_srvs'...
[2.787s] Listing '/home/uwr/microROS_AUV/install/std_srvs/local/lib/python3.10/dist-packages/std_srvs/srv'...
[2.796s] -- Up-to-date: /home/uwr/microROS_AUV/install/std_srvs/local/lib/python3.10/dist-packages/std_srvs/std_srvs_s__rosidl_typesupport_microxrcedds_c.cpython-310-x86_64-linux-gnu.so
[2.796s] -- Up-to-date: /home/uwr/microROS_AUV/install/std_srvs/local/lib/python3.10/dist-packages/std_srvs/std_srvs_s__rosidl_typesupport_fastrtps_c.cpython-310-x86_64-linux-gnu.so
[2.799s] -- Up-to-date: /home/uwr/microROS_AUV/install/std_srvs/local/lib/python3.10/dist-packages/std_srvs/std_srvs_s__rosidl_typesupport_introspection_c.cpython-310-x86_64-linux-gnu.so
[2.799s] -- Up-to-date: /home/uwr/microROS_AUV/install/std_srvs/local/lib/python3.10/dist-packages/std_srvs/std_srvs_s__rosidl_typesupport_c.cpython-310-x86_64-linux-gnu.so
[2.799s] -- Up-to-date: /home/uwr/microROS_AUV/install/std_srvs/lib/libstd_srvs__rosidl_generator_py.so
[2.804s] -- Up-to-date: /home/uwr/microROS_AUV/install/std_srvs/share/std_srvs/srv/Empty.idl
[2.804s] -- Up-to-date: /home/uwr/microROS_AUV/install/std_srvs/share/std_srvs/srv/SetBool.idl
[2.804s] -- Up-to-date: /home/uwr/microROS_AUV/install/std_srvs/share/std_srvs/srv/Trigger.idl
[2.804s] -- Up-to-date: /home/uwr/microROS_AUV/install/std_srvs/share/std_srvs/srv/Empty.srv
[2.805s] -- Up-to-date: /home/uwr/microROS_AUV/install/std_srvs/share/std_srvs/srv/Empty_Request.msg
[2.805s] -- Up-to-date: /home/uwr/microROS_AUV/install/std_srvs/share/std_srvs/srv/Empty_Response.msg
[2.805s] -- Up-to-date: /home/uwr/microROS_AUV/install/std_srvs/share/std_srvs/srv/SetBool.srv
[2.805s] -- Up-to-date: /home/uwr/microROS_AUV/install/std_srvs/share/std_srvs/srv/SetBool_Request.msg
[2.805s] -- Up-to-date: /home/uwr/microROS_AUV/install/std_srvs/share/std_srvs/srv/SetBool_Response.msg
[2.805s] -- Up-to-date: /home/uwr/microROS_AUV/install/std_srvs/share/std_srvs/srv/Trigger.srv
[2.806s] -- Up-to-date: /home/uwr/microROS_AUV/install/std_srvs/share/std_srvs/srv/Trigger_Request.msg
[2.806s] -- Up-to-date: /home/uwr/microROS_AUV/install/std_srvs/share/std_srvs/srv/Trigger_Response.msg
[2.806s] -- Up-to-date: /home/uwr/microROS_AUV/install/std_srvs/share/ament_index/resource_index/package_run_dependencies/std_srvs
[2.806s] -- Up-to-date: /home/uwr/microROS_AUV/install/std_srvs/share/ament_index/resource_index/parent_prefix_path/std_srvs
[2.810s] -- Up-to-date: /home/uwr/microROS_AUV/install/std_srvs/share/std_srvs/environment/ament_prefix_path.sh
[2.810s] -- Up-to-date: /home/uwr/microROS_AUV/install/std_srvs/share/std_srvs/environment/ament_prefix_path.dsv
[2.810s] -- Up-to-date: /home/uwr/microROS_AUV/install/std_srvs/share/std_srvs/environment/path.sh
[2.811s] -- Up-to-date: /home/uwr/microROS_AUV/install/std_srvs/share/std_srvs/environment/path.dsv
[2.811s] -- Up-to-date: /home/uwr/microROS_AUV/install/std_srvs/share/std_srvs/local_setup.bash
[2.811s] -- Up-to-date: /home/uwr/microROS_AUV/install/std_srvs/share/std_srvs/local_setup.sh
[2.812s] -- Up-to-date: /home/uwr/microROS_AUV/install/std_srvs/share/std_srvs/local_setup.zsh
[2.812s] -- Up-to-date: /home/uwr/microROS_AUV/install/std_srvs/share/std_srvs/local_setup.dsv
[2.812s] -- Installing: /home/uwr/microROS_AUV/install/std_srvs/share/std_srvs/package.dsv
[2.812s] -- Up-to-date: /home/uwr/microROS_AUV/install/std_srvs/share/ament_index/resource_index/packages/std_srvs
[2.812s] -- Up-to-date: /home/uwr/microROS_AUV/install/std_srvs/share/std_srvs/cmake/export_std_srvs__rosidl_generator_cExport.cmake
[2.813s] -- Up-to-date: /home/uwr/microROS_AUV/install/std_srvs/share/std_srvs/cmake/export_std_srvs__rosidl_generator_cExport-noconfig.cmake
[2.813s] -- Up-to-date: /home/uwr/microROS_AUV/install/std_srvs/share/std_srvs/cmake/export_std_srvs__rosidl_typesupport_fastrtps_cExport.cmake
[2.813s] -- Up-to-date: /home/uwr/microROS_AUV/install/std_srvs/share/std_srvs/cmake/export_std_srvs__rosidl_typesupport_fastrtps_cExport-noconfig.cmake
[2.814s] -- Up-to-date: /home/uwr/microROS_AUV/install/std_srvs/share/std_srvs/cmake/std_srvs__rosidl_typesupport_introspection_cExport.cmake
[2.814s] -- Up-to-date: /home/uwr/microROS_AUV/install/std_srvs/share/std_srvs/cmake/std_srvs__rosidl_typesupport_introspection_cExport-noconfig.cmake
[2.814s] -- Up-to-date: /home/uwr/microROS_AUV/install/std_srvs/share/std_srvs/cmake/std_srvs__rosidl_typesupport_cExport.cmake
[2.814s] -- Up-to-date: /home/uwr/microROS_AUV/install/std_srvs/share/std_srvs/cmake/std_srvs__rosidl_typesupport_cExport-noconfig.cmake
[2.814s] -- Up-to-date: /home/uwr/microROS_AUV/install/std_srvs/share/std_srvs/cmake/export_std_srvs__rosidl_generator_cppExport.cmake
[2.815s] -- Up-to-date: /home/uwr/microROS_AUV/install/std_srvs/share/std_srvs/cmake/export_std_srvs__rosidl_typesupport_fastrtps_cppExport.cmake
[2.815s] -- Up-to-date: /home/uwr/microROS_AUV/install/std_srvs/share/std_srvs/cmake/export_std_srvs__rosidl_typesupport_fastrtps_cppExport-noconfig.cmake
[2.816s] -- Up-to-date: /home/uwr/microROS_AUV/install/std_srvs/share/std_srvs/cmake/std_srvs__rosidl_typesupport_introspection_cppExport.cmake
[2.816s] -- Up-to-date: /home/uwr/microROS_AUV/install/std_srvs/share/std_srvs/cmake/std_srvs__rosidl_typesupport_introspection_cppExport-noconfig.cmake
[2.816s] -- Up-to-date: /home/uwr/microROS_AUV/install/std_srvs/share/std_srvs/cmake/std_srvs__rosidl_typesupport_cppExport.cmake
[2.816s] -- Up-to-date: /home/uwr/microROS_AUV/install/std_srvs/share/std_srvs/cmake/std_srvs__rosidl_typesupport_cppExport-noconfig.cmake
[2.817s] -- Up-to-date: /home/uwr/microROS_AUV/install/std_srvs/share/std_srvs/cmake/export_std_srvs__rosidl_generator_pyExport.cmake
[2.817s] -- Up-to-date: /home/uwr/microROS_AUV/install/std_srvs/share/std_srvs/cmake/export_std_srvs__rosidl_generator_pyExport-noconfig.cmake
[2.817s] -- Up-to-date: /home/uwr/microROS_AUV/install/std_srvs/share/std_srvs/cmake/rosidl_cmake-extras.cmake
[2.817s] -- Up-to-date: /home/uwr/microROS_AUV/install/std_srvs/share/std_srvs/cmake/ament_cmake_export_include_directories-extras.cmake
[2.818s] -- Up-to-date: /home/uwr/microROS_AUV/install/std_srvs/share/std_srvs/cmake/ament_cmake_export_libraries-extras.cmake
[2.819s] -- Up-to-date: /home/uwr/microROS_AUV/install/std_srvs/share/std_srvs/cmake/ament_cmake_export_targets-extras.cmake
[2.819s] -- Up-to-date: /home/uwr/microROS_AUV/install/std_srvs/share/std_srvs/cmake/rosidl_cmake_export_typesupport_targets-extras.cmake
[2.819s] -- Up-to-date: /home/uwr/microROS_AUV/install/std_srvs/share/std_srvs/cmake/ament_cmake_export_dependencies-extras.cmake
[2.819s] -- Up-to-date: /home/uwr/microROS_AUV/install/std_srvs/share/std_srvs/cmake/rosidl_cmake_export_typesupport_libraries-extras.cmake
[2.820s] -- Up-to-date: /home/uwr/microROS_AUV/install/std_srvs/share/std_srvs/cmake/std_srvsConfig.cmake
[2.820s] -- Up-to-date: /home/uwr/microROS_AUV/install/std_srvs/share/std_srvs/cmake/std_srvsConfig-version.cmake
[2.820s] -- Up-to-date: /home/uwr/microROS_AUV/install/std_srvs/share/std_srvs/package.xml
[2.889s] Invoked command in '/home/uwr/microROS_AUV/build/std_srvs' returned '0': CMAKE_PREFIX_PATH=${CMAKE_PREFIX_PATH}:/home/uwr/microROS_AUV/install/statistics_msgs:/home/uwr/microROS_AUV/install/control_pkg:/home/uwr/Desktop/2024_UWR/install/sonar_subs:/opt/ros/humble /usr/bin/cmake --install /home/uwr/microROS_AUV/build/std_srvs
